18:16:08 INFO  LibraryIdentifier         : Process app: com.github.muellerma.coffee_14.apk
18:16:08 INFO  LibraryIdentifier         : = Manifest Parser =
18:16:08 INFO  LibraryIdentifier         :         Package name: com.github.muellerma.coffee
18:16:08 INFO  LibraryIdentifier         :         Version code: 14
18:16:08 INFO  LibraryIdentifier         :        minSdkVersion: 21
18:16:08 INFO  LibraryIdentifier         :     targetSdkVersion: 30
18:16:08 INFO  LibraryIdentifier         :         SharedUserId:  - none -
18:16:08 INFO  LibraryIdentifier         :     Library dependencies:  - none -
18:16:08 INFO  LibraryIdentifier         : 
18:16:08 INFO  LibraryIdentifier         : Found 402 unique libraries in 12405 library profiles
18:16:09 INFO  LibraryIdentifier         : Generated class hierarchy (in 511 ms)
18:16:09 INFO  WalaUtils                 : 
18:16:09 INFO  WalaUtils                 : = ClassHierarchy Stats =
18:16:09 INFO  WalaUtils                 :     # of classes: 1537
18:16:09 INFO  WalaUtils                 :     # thereof inner classes: 883
18:16:09 INFO  WalaUtils                 :     # thereof public classes: 675
18:16:09 INFO  WalaUtils                 :         Activity : 6
18:16:09 INFO  WalaUtils                 :         Application : 1
18:16:09 INFO  WalaUtils                 :         AsyncTask : 0
18:16:09 INFO  WalaUtils                 :         BroadcastReceiver : 3
18:16:09 INFO  WalaUtils                 :         ContentProvider : 0
18:16:09 INFO  WalaUtils                 :         Fragment : 1
18:16:09 INFO  WalaUtils                 :         Handler : 1
18:16:09 INFO  WalaUtils                 :         LayoutContainer : 56
18:16:09 INFO  WalaUtils                 :         Plain : 1429
18:16:09 INFO  WalaUtils                 :         Runnable : 0
18:16:09 INFO  WalaUtils                 :         Service : 4
18:16:09 INFO  WalaUtils                 :         Thread : 1
18:16:09 INFO  WalaUtils                 :         View : 35
18:16:09 INFO  WalaUtils                 :     # methods: 12173
18:16:09 INFO  WalaUtils                 :         # of publicly accessible methods: 7505
18:16:09 INFO  WalaUtils                 :         # of non-accessible methods: 4668
18:16:09 INFO  WalaUtils                 : 
18:16:09 INFO  Profile                   : = PackageTree =
18:16:09 INFO  PackageTree               : Root Package: androidx
18:16:09 INFO  PackageTree               : └── Root
18:16:09 INFO  PackageTree               :     ├── androidx
18:16:09 INFO  PackageTree               :     │   ├── fragment
18:16:09 INFO  PackageTree               :     │   │   └── app (118)
18:16:09 INFO  PackageTree               :     │   ├── core
18:16:09 INFO  PackageTree               :     │   │   ├── content (9)
18:16:09 INFO  PackageTree               :     │   │   │   ├── res (20)
18:16:09 INFO  PackageTree               :     │   │   │   └── pm (7)
18:16:09 INFO  PackageTree               :     │   │   ├── view (65)
18:16:09 INFO  PackageTree               :     │   │   │   ├── accessibility (20)
18:16:09 INFO  PackageTree               :     │   │   │   └── inputmethod (10)
18:16:09 INFO  PackageTree               :     │   │   ├── app (26)
18:16:09 INFO  PackageTree               :     │   │   ├── provider (22)
18:16:09 INFO  PackageTree               :     │   │   ├── graphics (17)
18:16:09 INFO  PackageTree               :     │   │   │   └── drawable (8)
18:16:09 INFO  PackageTree               :     │   │   ├── widget (23)
18:16:09 INFO  PackageTree               :     │   │   ├── util (8)
18:16:09 INFO  PackageTree               :     │   │   ├── internal
18:16:09 INFO  PackageTree               :     │   │   │   └── view (3)
18:16:09 INFO  PackageTree               :     │   │   ├── text (16)
18:16:09 INFO  PackageTree               :     │   │   ├── net (1)
18:16:09 INFO  PackageTree               :     │   │   ├── math (1)
18:16:09 INFO  PackageTree               :     │   │   └── os (4)
18:16:09 INFO  PackageTree               :     │   ├── constraintlayout
18:16:09 INFO  PackageTree               :     │   │   ├── solver (16)
18:16:09 INFO  PackageTree               :     │   │   │   └── widgets (14)
18:16:09 INFO  PackageTree               :     │   │   │       └── analyzer (17)
18:16:09 INFO  PackageTree               :     │   │   ├── widget (23)
18:16:09 INFO  PackageTree               :     │   │   └── motion
18:16:09 INFO  PackageTree               :     │   │       ├── widget (1)
18:16:09 INFO  PackageTree               :     │   │       └── utils (1)
18:16:09 INFO  PackageTree               :     │   ├── appcompat
18:16:09 INFO  PackageTree               :     │   │   ├── widget (168)
18:16:09 INFO  PackageTree               :     │   │   ├── graphics
18:16:09 INFO  PackageTree               :     │   │   │   └── drawable (15)
18:16:09 INFO  PackageTree               :     │   │   ├── app (65)
18:16:09 INFO  PackageTree               :     │   │   ├── view (14)
18:16:09 INFO  PackageTree               :     │   │   │   └── menu (43)
18:16:09 INFO  PackageTree               :     │   │   └── content
18:16:09 INFO  PackageTree               :     │   │       └── res (2)
18:16:09 INFO  PackageTree               :     │   ├── recyclerview
18:16:09 INFO  PackageTree               :     │   │   └── widget (109)
18:16:09 INFO  PackageTree               :     │   ├── transition (73)
18:16:09 INFO  PackageTree               :     │   ├── cursoradapter
18:16:09 INFO  PackageTree               :     │   │   └── widget (6)
18:16:09 INFO  PackageTree               :     │   ├── activity (16)
18:16:09 INFO  PackageTree               :     │   │   ├── result (10)
18:16:09 INFO  PackageTree               :     │   │   │   └── contract (3)
18:16:09 INFO  PackageTree               :     │   │   └── contextaware (2)
18:16:09 INFO  PackageTree               :     │   ├── coordinatorlayout
18:16:09 INFO  PackageTree               :     │   │   └── widget (13)
18:16:09 INFO  PackageTree               :     │   ├── savedstate (9)
18:16:09 INFO  PackageTree               :     │   ├── arch
18:16:09 INFO  PackageTree               :     │   │   └── core
18:16:09 INFO  PackageTree               :     │   │       ├── executor (6)
18:16:09 INFO  PackageTree               :     │   │       └── internal (8)
18:16:09 INFO  PackageTree               :     │   ├── vectordrawable
18:16:09 INFO  PackageTree               :     │   │   └── graphics
18:16:09 INFO  PackageTree               :     │   │       └── drawable (20)
18:16:09 INFO  PackageTree               :     │   ├── loader
18:16:09 INFO  PackageTree               :     │   │   ├── app (5)
18:16:09 INFO  PackageTree               :     │   │   └── content (1)
18:16:09 INFO  PackageTree               :     │   ├── customview
18:16:09 INFO  PackageTree               :     │   │   ├── widget (12)
18:16:09 INFO  PackageTree               :     │   │   └── view (3)
18:16:09 INFO  PackageTree               :     │   ├── cardview
18:16:09 INFO  PackageTree               :     │   │   └── widget (11)
18:16:09 INFO  PackageTree               :     │   ├── annotation (1)
18:16:09 INFO  PackageTree               :     │   ├── lifecycle (44)
18:16:09 INFO  PackageTree               :     │   ├── versionedparcelable (6)
18:16:09 INFO  PackageTree               :     │   ├── collection (15)
18:16:09 INFO  PackageTree               :     │   ├── viewpager2
18:16:09 INFO  PackageTree               :     │   │   └── adapter (3)
18:16:09 INFO  PackageTree               :     │   ├── viewbinding (1)
18:16:09 INFO  PackageTree               :     │   ├── interpolator
18:16:09 INFO  PackageTree               :     │   │   └── view
18:16:09 INFO  PackageTree               :     │   │       └── animation (4)
18:16:09 INFO  PackageTree               :     │   └── tracing (2)
18:16:09 INFO  PackageTree               :     ├── com
18:16:09 INFO  PackageTree               :     │   ├── google
18:16:09 INFO  PackageTree               :     │   │   └── android
18:16:09 INFO  PackageTree               :     │   │       └── material
18:16:09 INFO  PackageTree               :     │   │           ├── textfield (49)
18:16:09 INFO  PackageTree               :     │   │           ├── appbar (19)
18:16:09 INFO  PackageTree               :     │   │           ├── datepicker (49)
18:16:09 INFO  PackageTree               :     │   │           ├── behavior (7)
18:16:09 INFO  PackageTree               :     │   │           ├── transformation (15)
18:16:09 INFO  PackageTree               :     │   │           ├── timepicker (23)
18:16:09 INFO  PackageTree               :     │   │           ├── shape (29)
18:16:09 INFO  PackageTree               :     │   │           ├── internal (31)
18:16:09 INFO  PackageTree               :     │   │           ├── floatingactionbutton (30)
18:16:09 INFO  PackageTree               :     │   │           ├── button (13)
18:16:09 INFO  PackageTree               :     │   │           ├── dialog (1)
18:16:09 INFO  PackageTree               :     │   │           ├── bottomappbar (14)
18:16:09 INFO  PackageTree               :     │   │           ├── card (2)
18:16:09 INFO  PackageTree               :     │   │           ├── chip (11)
18:16:09 INFO  PackageTree               :     │   │           ├── bottomsheet (11)
18:16:09 INFO  PackageTree               :     │   │           ├── elevation (1)
18:16:09 INFO  PackageTree               :     │   │           ├── shadow (2)
18:16:09 INFO  PackageTree               :     │   │           ├── resources (9)
18:16:09 INFO  PackageTree               :     │   │           ├── animation (11)
18:16:09 INFO  PackageTree               :     │   │           ├── theme (1)
18:16:09 INFO  PackageTree               :     │   │           │   └── overlay (1)
18:16:09 INFO  PackageTree               :     │   │           ├── circularreveal (9)
18:16:09 INFO  PackageTree               :     │   │           │   └── cardview (1)
18:16:09 INFO  PackageTree               :     │   │           ├── snackbar (12)
18:16:09 INFO  PackageTree               :     │   │           ├── math (1)
18:16:09 INFO  PackageTree               :     │   │           ├── ripple (3)
18:16:09 INFO  PackageTree               :     │   │           ├── stateful (2)
18:16:09 INFO  PackageTree               :     │   │           ├── drawable (1)
18:16:09 INFO  PackageTree               :     │   │           ├── expandable (1)
18:16:09 INFO  PackageTree               :     │   │           ├── radiobutton (1)
18:16:09 INFO  PackageTree               :     │   │           ├── textview (1)
18:16:09 INFO  PackageTree               :     │   │           ├── canvas (1)
18:16:09 INFO  PackageTree               :     │   │           ├── color (1)
18:16:09 INFO  PackageTree               :     │   │           └── checkbox (1)
18:16:09 INFO  PackageTree               :     │   └── github
18:16:09 INFO  PackageTree               :     │       └── muellerma
18:16:09 INFO  PackageTree               :     │           └── coffee (14)
18:16:09 INFO  PackageTree               :     │               └── databinding (2)
18:16:09 INFO  PackageTree               :     ├── kotlin (2)
18:16:09 INFO  PackageTree               :     │   ├── collections (11)
18:16:09 INFO  PackageTree               :     │   └── jvm
18:16:09 INFO  PackageTree               :     │       └── internal (2)
18:16:09 INFO  PackageTree               :     └── android
18:16:09 INFO  PackageTree               :         └── support
18:16:09 INFO  PackageTree               :             └── v4
18:16:09 INFO  PackageTree               :                 ├── graphics
18:16:09 INFO  PackageTree               :                 │   └── drawable (1)
18:16:09 INFO  PackageTree               :                 └── app (1)
18:16:09 INFO  Profile                   : 
18:16:09 INFO  AppProfile                : - generated app package tree (in 34 ms)
18:16:09 INFO  AppProfile                : 
18:16:09 DEBUG HashTree                  : Generate hash tree..
18:16:09 DEBUG HashTree                  :     - generated 94 package hashes.
18:16:09 DEBUG HashTree                  :     - generated 1506 clazz hashes.
18:16:09 DEBUG HashTree                  :     - generated 12173 method hashes.
18:16:09 DEBUG HashTree                  :     => Library Hash: bbea3b7e27f3ab342c5ca5f45412f1c3
18:16:09 INFO  AppProfile                : - generated app hash trees (in 427 ms)
18:16:09 INFO  AppProfile                : 
18:16:09 INFO  LibraryIdentifier         : = Scan for library root packages (heuristic) =
18:16:09 INFO  LibraryIdentifier         :     - Found lib root package androidx.annotation  (androidx.annotation::annotation)
18:16:09 INFO  LibraryIdentifier         :     - Found lib root package androidx.appcompat  (androidx.appcompat::appcompat)
18:16:09 INFO  LibraryIdentifier         :     - Found lib root package androidx.arch.core  (androidx.arch.core::core-common)
18:16:09 INFO  LibraryIdentifier         :     - Found lib root package androidx.arch.core.executor  (androidx.arch.core::core-runtime)
18:16:09 INFO  LibraryIdentifier         :     - Found lib root package androidx.cardview.widget  (androidx.cardview::cardview)
18:16:09 INFO  LibraryIdentifier         :     - Found lib root package androidx.collection  (androidx.collection::collection)
18:16:09 INFO  LibraryIdentifier         :     - Found lib root package androidx.collection  (androidx.collection::collection-ktx)
18:16:09 INFO  LibraryIdentifier         :     - Found lib root package androidx.constraintlayout.widget  (androidx.constraintlayout::constraintlayout)
18:16:09 INFO  LibraryIdentifier         :     - Found lib root package androidx.constraintlayout.solver  (androidx.constraintlayout::constraintlayout-solver)
18:16:09 INFO  LibraryIdentifier         :     - Found lib root package androidx.coordinatorlayout.widget  (androidx.coordinatorlayout::coordinatorlayout)
18:16:09 INFO  LibraryIdentifier         :     - Found lib root package androidx.core  (androidx.core::core)
18:16:09 INFO  LibraryIdentifier         :     - Found lib root package androidx  (androidx.core::core-ktx)
18:16:09 INFO  LibraryIdentifier         :     - Found lib root package androidx.cursoradapter.widget  (androidx.cursoradapter::cursoradapter)
18:16:09 INFO  LibraryIdentifier         :     - Found lib root package androidx.customview  (androidx.customview::customview)
18:16:09 INFO  LibraryIdentifier         :     - Found lib root package androidx.fragment.app  (androidx.fragment::fragment)
18:16:09 INFO  LibraryIdentifier         :     - Found lib root package androidx.fragment.app  (androidx.fragment::fragment-ktx)
18:16:09 INFO  LibraryIdentifier         :     - Found lib root package androidx.interpolator.view.animation  (androidx.interpolator::interpolator)
18:16:09 INFO  LibraryIdentifier         :     - Found lib root package androidx.lifecycle  (androidx.lifecycle::lifecycle-common)
18:16:09 INFO  LibraryIdentifier         :     - Found lib root package androidx.lifecycle  (androidx.lifecycle::lifecycle-common-java8)
18:16:09 INFO  LibraryIdentifier         :     - Found lib root package androidx.lifecycle  (androidx.lifecycle::lifecycle-compiler)
18:16:09 INFO  LibraryIdentifier         :     - Found lib root package androidx.lifecycle  (androidx.lifecycle::lifecycle-extensions)
18:16:09 INFO  LibraryIdentifier         :     - Found lib root package androidx.lifecycle  (androidx.lifecycle::lifecycle-livedata)
18:16:09 INFO  LibraryIdentifier         :     - Found lib root package androidx.lifecycle  (androidx.lifecycle::lifecycle-livedata-core)
18:16:09 INFO  LibraryIdentifier         :     - Found lib root package androidx.lifecycle  (androidx.lifecycle::lifecycle-process)
18:16:09 INFO  LibraryIdentifier         :     - Found lib root package androidx.lifecycle  (androidx.lifecycle::lifecycle-reactivestreams)
18:16:09 INFO  LibraryIdentifier         :     - Found lib root package androidx.lifecycle  (androidx.lifecycle::lifecycle-reactivestreams-ktx)
18:16:09 INFO  LibraryIdentifier         :     - Found lib root package androidx.lifecycle  (androidx.lifecycle::lifecycle-runtime)
18:16:09 INFO  LibraryIdentifier         :     - Found lib root package androidx.lifecycle  (androidx.lifecycle::lifecycle-service)
18:16:09 INFO  LibraryIdentifier         :     - Found lib root package androidx.lifecycle  (androidx.lifecycle::lifecycle-viewmodel)
18:16:09 INFO  LibraryIdentifier         :     - Found lib root package androidx.lifecycle  (androidx.lifecycle::lifecycle-viewmodel-ktx)
18:16:09 INFO  LibraryIdentifier         :     - Found lib root package androidx.loader  (androidx.loader::loader)
18:16:09 INFO  LibraryIdentifier         :     - Found lib root package androidx.recyclerview.widget  (androidx.recyclerview::recyclerview)
18:16:09 INFO  LibraryIdentifier         :     - Found lib root package androidx.transition  (androidx.transition::transition)
18:16:09 INFO  LibraryIdentifier         :     - Found lib root package androidx.vectordrawable.graphics.drawable  (androidx.vectordrawable::vectordrawable)
18:16:09 INFO  LibraryIdentifier         :     - Found lib root package androidx.vectordrawable.graphics.drawable  (androidx.vectordrawable::vectordrawable-animated)
18:16:09 INFO  LibraryIdentifier         :     - Found lib root package androidx.versionedparcelable  (androidx.versionedparcelable::versionedparcelable)
18:16:09 INFO  LibraryIdentifier         :     - Found lib root package android.support.v4  (com.android.support::customview)
18:16:09 INFO  LibraryIdentifier         :     - Found lib root package android.support.v4  (com.android.support::loader)
18:16:09 INFO  LibraryIdentifier         :     - Found lib root package android.support.v4  (com.android.support::support-compat)
18:16:09 INFO  LibraryIdentifier         :     - Found lib root package android.support.v4  (com.android.support::support-core-ui)
18:16:09 INFO  LibraryIdentifier         :     - Found lib root package android.support.v4  (com.android.support::support-core-utils)
18:16:09 INFO  LibraryIdentifier         :     - Found lib root package android.support.v4.app  (com.android.support::support-fragment)
18:16:09 INFO  LibraryIdentifier         :     - Found lib root package android.support.v4  (com.android.support::support-v4)
18:16:09 INFO  LibraryIdentifier         :     - Found lib root package androidx.versionedparcelable  (com.android.support::versionedparcelable)
18:16:09 INFO  LibraryIdentifier         :     - Found lib root package com.google.android.material  (com.google.android.material::material)
18:16:09 INFO  LibraryIdentifier         : 
18:16:09 INFO  LibraryIdentifier         : = Match profiles =
18:16:32 INFO  LibraryIdentifier         :     >> profile matching done (22 sec, 212 ms)
18:16:32 INFO  LibraryIdentifier         : 
18:16:32 INFO  LibraryIdentifier         : == Report ==
18:16:32 INFO  LibraryIdentifier         : - Full library matches:
18:16:32 INFO  ProfileMatch              :                 name: com.android.support::interpolator
18:16:32 INFO  ProfileMatch              :             category: Android
18:16:32 INFO  ProfileMatch              :              version: 28.0.0
18:16:32 INFO  ProfileMatch              :         release-date:  --
18:16:32 INFO  ProfileMatch              :     lib root package: "android.support.v4.view.animation"  (in app: "androidx.interpolator.view.animation")
18:16:32 INFO  ProfileMatch              : 
18:16:32 INFO  ProfileMatch              :                 name: androidx.interpolator::interpolator
18:16:32 INFO  ProfileMatch              :             category: Android
18:16:32 INFO  ProfileMatch              :              version: 1.0.0
18:16:32 INFO  ProfileMatch              :         release-date:  --
18:16:32 INFO  ProfileMatch              :     lib root package: "androidx.interpolator.view.animation"
18:16:32 INFO  ProfileMatch              : 
18:16:32 INFO  ProfileMatch              :                 name: Facebook
18:16:32 INFO  ProfileMatch              :             category: SocialMedia
18:16:32 INFO  ProfileMatch              :              version: 4.27.0  [OLD VERSION]
18:16:32 INFO  ProfileMatch              :         release-date: 26.09.2017
18:16:32 INFO  ProfileMatch              :     lib root package: "com.facebook.all"  (in app: "androidx.constraintlayout.solver")
18:16:32 INFO  ProfileMatch              : 
18:16:32 INFO  ProfileMatch              :                 name: Facebook
18:16:32 INFO  ProfileMatch              :             category: SocialMedia
18:16:32 INFO  ProfileMatch              :              version: 4.28.0  [OLD VERSION]
18:16:32 INFO  ProfileMatch              :         release-date: 07.11.2017
18:16:32 INFO  ProfileMatch              :     lib root package: "com.facebook.all"  (in app: "androidx.constraintlayout.solver")
18:16:32 INFO  ProfileMatch              : 
18:16:32 INFO  ProfileMatch              :                 name: Facebook
18:16:32 INFO  ProfileMatch              :             category: SocialMedia
18:16:32 INFO  ProfileMatch              :              version: 4.29.0  [OLD VERSION]
18:16:32 INFO  ProfileMatch              :         release-date: 05.12.2017
18:16:32 INFO  ProfileMatch              :     lib root package: "com.facebook.all"  (in app: "androidx.constraintlayout.solver")
18:16:32 INFO  ProfileMatch              : 
18:16:32 INFO  ProfileMatch              :                 name: Facebook
18:16:32 INFO  ProfileMatch              :             category: SocialMedia
18:16:32 INFO  ProfileMatch              :              version: 4.30.0  [OLD VERSION]
18:16:32 INFO  ProfileMatch              :         release-date: 24.01.2018
18:16:32 INFO  ProfileMatch              :     lib root package: "com.facebook.all"  (in app: "androidx.constraintlayout.solver")
18:16:32 INFO  ProfileMatch              : 
18:16:32 INFO  ProfileMatch              :                 name: Facebook
18:16:32 INFO  ProfileMatch              :             category: SocialMedia
18:16:32 INFO  ProfileMatch              :              version: 4.31.0  [OLD VERSION]
18:16:32 INFO  ProfileMatch              :         release-date: 28.02.2018
18:16:32 INFO  ProfileMatch              :     lib root package: "com.facebook.all"  (in app: "androidx.constraintlayout.solver")
18:16:32 INFO  ProfileMatch              : 
18:16:32 INFO  ProfileMatch              :                 name: Facebook
18:16:32 INFO  ProfileMatch              :             category: SocialMedia
18:16:32 INFO  ProfileMatch              :              version: 4.32.0  [OLD VERSION]
18:16:32 INFO  ProfileMatch              :         release-date: 11.04.2018
18:16:32 INFO  ProfileMatch              :     lib root package: "com.facebook.all"  (in app: "androidx.constraintlayout.solver")
18:16:32 INFO  ProfileMatch              : 
18:16:32 INFO  ProfileMatch              :                 name: Facebook
18:16:32 INFO  ProfileMatch              :             category: SocialMedia
18:16:32 INFO  ProfileMatch              :              version: 4.33.0  [OLD VERSION]
18:16:32 INFO  ProfileMatch              :         release-date: 01.05.2018
18:16:32 INFO  ProfileMatch              :     lib root package: "com.facebook.all"  (in app: "androidx.constraintlayout.solver")
18:16:32 INFO  ProfileMatch              : 
18:16:32 INFO  ProfileMatch              :                 name: Facebook
18:16:32 INFO  ProfileMatch              :             category: SocialMedia
18:16:32 INFO  ProfileMatch              :              version: 4.34.0  [OLD VERSION]
18:16:32 INFO  ProfileMatch              :         release-date: 19.06.2018
18:16:32 INFO  ProfileMatch              :     lib root package: "com.facebook.all"  (in app: "androidx.constraintlayout.solver")
18:16:32 INFO  ProfileMatch              : 
18:16:32 INFO  ProfileMatch              :                 name: Facebook
18:16:32 INFO  ProfileMatch              :             category: SocialMedia
18:16:32 INFO  ProfileMatch              :              version: 4.35.0  [OLD VERSION]
18:16:32 INFO  ProfileMatch              :         release-date: 26.07.2018
18:16:32 INFO  ProfileMatch              :     lib root package: "com.facebook.all"  (in app: "androidx.constraintlayout.solver")
18:16:32 INFO  ProfileMatch              : 
18:16:32 INFO  ProfileMatch              :                 name: Facebook
18:16:32 INFO  ProfileMatch              :             category: SocialMedia
18:16:32 INFO  ProfileMatch              :              version: 4.36.0  [OLD VERSION]
18:16:32 INFO  ProfileMatch              :         release-date: 29.08.2018
18:16:32 INFO  ProfileMatch              :     lib root package: "com.facebook.all"  (in app: "androidx.constraintlayout.solver")
18:16:32 INFO  ProfileMatch              : 
18:16:32 INFO  ProfileMatch              :                 name: Facebook
18:16:32 INFO  ProfileMatch              :             category: SocialMedia
18:16:32 INFO  ProfileMatch              :              version: 4.36.1  [OLD VERSION]
18:16:32 INFO  ProfileMatch              :         release-date: 15.09.2018
18:16:32 INFO  ProfileMatch              :     lib root package: "com.facebook.all"  (in app: "androidx.constraintlayout.solver")
18:16:32 INFO  ProfileMatch              : 
18:16:32 INFO  ProfileMatch              :                 name: Facebook
18:16:32 INFO  ProfileMatch              :             category: SocialMedia
18:16:32 INFO  ProfileMatch              :              version: 4.37.0  [OLD VERSION]
18:16:32 INFO  ProfileMatch              :         release-date: 27.09.2018
18:16:32 INFO  ProfileMatch              :     lib root package: "com.facebook.all"  (in app: "androidx.constraintlayout.solver")
18:16:32 INFO  ProfileMatch              : 
18:16:32 INFO  ProfileMatch              :                 name: Facebook
18:16:32 INFO  ProfileMatch              :             category: SocialMedia
18:16:32 INFO  ProfileMatch              :              version: 4.38.0  [OLD VERSION]
18:16:32 INFO  ProfileMatch              :         release-date: 23.10.2018
18:16:32 INFO  ProfileMatch              :     lib root package: "com.facebook.all"  (in app: "androidx.constraintlayout.solver")
18:16:32 INFO  ProfileMatch              : 
18:16:32 INFO  ProfileMatch              :                 name: Facebook
18:16:32 INFO  ProfileMatch              :             category: SocialMedia
18:16:32 INFO  ProfileMatch              :              version: 4.38.1  [OLD VERSION]
18:16:32 INFO  ProfileMatch              :         release-date: 31.10.2018
18:16:32 INFO  ProfileMatch              :     lib root package: "com.facebook.all"  (in app: "androidx.constraintlayout.solver")
18:16:32 INFO  ProfileMatch              : 
18:16:32 INFO  ProfileMatch              :                 name: Facebook
18:16:32 INFO  ProfileMatch              :             category: SocialMedia
18:16:32 INFO  ProfileMatch              :              version: 4.39.0  [OLD VERSION]
18:16:32 INFO  ProfileMatch              :         release-date: 05.12.2018
18:16:32 INFO  ProfileMatch              :     lib root package: "com.facebook.all"  (in app: "androidx.constraintlayout.solver")
18:16:32 INFO  ProfileMatch              : 
18:16:32 INFO  ProfileMatch              :                 name: Facebook
18:16:32 INFO  ProfileMatch              :             category: SocialMedia
18:16:32 INFO  ProfileMatch              :              version: 4.40.0  [OLD VERSION]
18:16:32 INFO  ProfileMatch              :         release-date: 22.01.2019
18:16:32 INFO  ProfileMatch              :     lib root package: "com.facebook.all"  (in app: "androidx.constraintlayout.solver")
18:16:32 INFO  ProfileMatch              : 
18:16:32 INFO  ProfileMatch              :                 name: Facebook
18:16:32 INFO  ProfileMatch              :             category: SocialMedia
18:16:32 INFO  ProfileMatch              :              version: 4.41.0  [OLD VERSION]
18:16:32 INFO  ProfileMatch              :         release-date: 08.03.2019
18:16:32 INFO  ProfileMatch              :     lib root package: "com.facebook.all"  (in app: "androidx.constraintlayout.solver")
18:16:32 INFO  ProfileMatch              : 
18:16:32 INFO  ProfileMatch              :                 name: Facebook
18:16:32 INFO  ProfileMatch              :             category: SocialMedia
18:16:32 INFO  ProfileMatch              :              version: 4.42.0  [OLD VERSION]
18:16:32 INFO  ProfileMatch              :         release-date: 08.04.2019
18:16:32 INFO  ProfileMatch              :     lib root package: "com.facebook.all"  (in app: "androidx.constraintlayout.solver")
18:16:32 INFO  ProfileMatch              : 
18:16:32 INFO  ProfileMatch              :                 name: Facebook
18:16:32 INFO  ProfileMatch              :             category: SocialMedia
18:16:32 INFO  ProfileMatch              :              version: 5.0.0  [OLD VERSION]
18:16:32 INFO  ProfileMatch              :         release-date: 30.04.2019
18:16:32 INFO  ProfileMatch              :     lib root package: "com.facebook.all"  (in app: "androidx.constraintlayout.solver")
18:16:32 INFO  ProfileMatch              : 
18:16:32 INFO  ProfileMatch              :                 name: Facebook
18:16:32 INFO  ProfileMatch              :             category: SocialMedia
18:16:32 INFO  ProfileMatch              :              version: 5.0.1  [OLD VERSION]
18:16:32 INFO  ProfileMatch              :         release-date: 17.05.2019
18:16:32 INFO  ProfileMatch              :     lib root package: "com.facebook.all"  (in app: "androidx.constraintlayout.solver")
18:16:32 INFO  ProfileMatch              : 
18:16:32 INFO  ProfileMatch              :                 name: Facebook
18:16:32 INFO  ProfileMatch              :             category: SocialMedia
18:16:32 INFO  ProfileMatch              :              version: 5.0.2  [OLD VERSION]
18:16:32 INFO  ProfileMatch              :         release-date: 09.06.2019
18:16:32 INFO  ProfileMatch              :     lib root package: "com.facebook.all"  (in app: "androidx.constraintlayout.solver")
18:16:32 INFO  ProfileMatch              : 
18:16:32 INFO  ProfileMatch              :                 name: Facebook
18:16:32 INFO  ProfileMatch              :             category: SocialMedia
18:16:32 INFO  ProfileMatch              :              version: 5.0.3  [OLD VERSION]
18:16:32 INFO  ProfileMatch              :         release-date: 14.06.2019
18:16:32 INFO  ProfileMatch              :     lib root package: "com.facebook.all"  (in app: "androidx.constraintlayout.solver")
18:16:32 INFO  ProfileMatch              : 
18:16:32 INFO  ProfileMatch              :                 name: Facebook
18:16:32 INFO  ProfileMatch              :             category: SocialMedia
18:16:32 INFO  ProfileMatch              :              version: 5.1.0  [OLD VERSION]
18:16:32 INFO  ProfileMatch              :         release-date: 21.06.2019
18:16:32 INFO  ProfileMatch              :     lib root package: "com.facebook.all"  (in app: "androidx.constraintlayout.solver")
18:16:32 INFO  ProfileMatch              : 
18:16:32 INFO  ProfileMatch              :                 name: Facebook
18:16:32 INFO  ProfileMatch              :             category: SocialMedia
18:16:32 INFO  ProfileMatch              :              version: 5.1.1  [OLD VERSION]
18:16:32 INFO  ProfileMatch              :         release-date: 02.07.2019
18:16:32 INFO  ProfileMatch              :     lib root package: "com.facebook.all"  (in app: "androidx.constraintlayout.solver")
18:16:32 INFO  ProfileMatch              : 
18:16:32 INFO  ProfileMatch              :                 name: Facebook
18:16:32 INFO  ProfileMatch              :             category: SocialMedia
18:16:32 INFO  ProfileMatch              :              version: 5.2.0  [OLD VERSION]
18:16:32 INFO  ProfileMatch              :         release-date: 29.07.2019
18:16:32 INFO  ProfileMatch              :     lib root package: "com.facebook.all"  (in app: "androidx.constraintlayout.solver")
18:16:32 INFO  ProfileMatch              : 
18:16:32 INFO  ProfileMatch              :                 name: Facebook
18:16:32 INFO  ProfileMatch              :             category: SocialMedia
18:16:32 INFO  ProfileMatch              :              version: 5.4.0  [OLD VERSION]
18:16:32 INFO  ProfileMatch              :         release-date: 16.08.2019
18:16:32 INFO  ProfileMatch              :     lib root package: "com.facebook.all"  (in app: "androidx.constraintlayout.solver")
18:16:32 INFO  ProfileMatch              : 
18:16:32 INFO  ProfileMatch              :                 name: Facebook
18:16:32 INFO  ProfileMatch              :             category: SocialMedia
18:16:32 INFO  ProfileMatch              :              version: 5.5.0  [OLD VERSION]
18:16:32 INFO  ProfileMatch              :         release-date: 31.08.2019
18:16:32 INFO  ProfileMatch              :     lib root package: "com.facebook.all"  (in app: "androidx.constraintlayout.solver")
18:16:32 INFO  ProfileMatch              : 
18:16:32 INFO  ProfileMatch              :                 name: Facebook
18:16:32 INFO  ProfileMatch              :             category: SocialMedia
18:16:32 INFO  ProfileMatch              :              version: 5.5.1  [OLD VERSION]
18:16:32 INFO  ProfileMatch              :         release-date: 06.09.2019
18:16:32 INFO  ProfileMatch              :     lib root package: "com.facebook.all"  (in app: "androidx.constraintlayout.solver")
18:16:32 INFO  ProfileMatch              : 
18:16:32 INFO  ProfileMatch              :                 name: Facebook
18:16:32 INFO  ProfileMatch              :             category: SocialMedia
18:16:32 INFO  ProfileMatch              :              version: 5.5.2  [OLD VERSION]
18:16:32 INFO  ProfileMatch              :         release-date: 05.10.2019
18:16:32 INFO  ProfileMatch              :     lib root package: "com.facebook.all"  (in app: "androidx.constraintlayout.solver")
18:16:32 INFO  ProfileMatch              : 
18:16:32 INFO  ProfileMatch              :                 name: Facebook
18:16:32 INFO  ProfileMatch              :             category: SocialMedia
18:16:32 INFO  ProfileMatch              :              version: 5.8.0  [OLD VERSION]
18:16:32 INFO  ProfileMatch              :         release-date: 08.10.2019
18:16:32 INFO  ProfileMatch              :     lib root package: "com.facebook.all"  (in app: "androidx.constraintlayout.solver")
18:16:32 INFO  ProfileMatch              : 
18:16:32 INFO  ProfileMatch              :                 name: Facebook
18:16:32 INFO  ProfileMatch              :             category: SocialMedia
18:16:32 INFO  ProfileMatch              :              version: 5.9.0  [OLD VERSION]
18:16:32 INFO  ProfileMatch              :         release-date: 29.10.2019
18:16:32 INFO  ProfileMatch              :     lib root package: "com.facebook.all"  (in app: "androidx.constraintlayout.solver")
18:16:32 INFO  ProfileMatch              : 
18:16:32 INFO  ProfileMatch              :                 name: Facebook
18:16:32 INFO  ProfileMatch              :             category: SocialMedia
18:16:32 INFO  ProfileMatch              :              version: 5.11.0  [OLD VERSION]
18:16:32 INFO  ProfileMatch              :         release-date: 15.11.2019
18:16:32 INFO  ProfileMatch              :     lib root package: "com.facebook.all"  (in app: "androidx.constraintlayout.solver")
18:16:32 INFO  ProfileMatch              : 
18:16:32 INFO  ProfileMatch              :                 name: Facebook
18:16:32 INFO  ProfileMatch              :             category: SocialMedia
18:16:32 INFO  ProfileMatch              :              version: 5.11.1  [OLD VERSION]
18:16:32 INFO  ProfileMatch              :         release-date: 21.11.2019
18:16:32 INFO  ProfileMatch              :     lib root package: "com.facebook.all"  (in app: "androidx.constraintlayout.solver")
18:16:32 INFO  ProfileMatch              : 
18:16:32 INFO  ProfileMatch              :                 name: Facebook
18:16:32 INFO  ProfileMatch              :             category: SocialMedia
18:16:32 INFO  ProfileMatch              :              version: 5.11.2  [OLD VERSION]
18:16:32 INFO  ProfileMatch              :         release-date: 22.11.2019
18:16:32 INFO  ProfileMatch              :     lib root package: "com.facebook.all"  (in app: "androidx.constraintlayout.solver")
18:16:32 INFO  ProfileMatch              : 
18:16:32 INFO  ProfileMatch              :                 name: Facebook
18:16:32 INFO  ProfileMatch              :             category: SocialMedia
18:16:32 INFO  ProfileMatch              :              version: 5.12.0  [OLD VERSION]
18:16:32 INFO  ProfileMatch              :         release-date: 04.12.2019
18:16:32 INFO  ProfileMatch              :     lib root package: "com.facebook.all"  (in app: "androidx.constraintlayout.solver")
18:16:32 INFO  ProfileMatch              : 
18:16:32 INFO  ProfileMatch              :                 name: Facebook
18:16:32 INFO  ProfileMatch              :             category: SocialMedia
18:16:32 INFO  ProfileMatch              :              version: 5.12.1  [OLD VERSION]
18:16:32 INFO  ProfileMatch              :         release-date: 09.12.2019
18:16:32 INFO  ProfileMatch              :     lib root package: "com.facebook.all"  (in app: "androidx.constraintlayout.solver")
18:16:32 INFO  ProfileMatch              : 
18:16:32 INFO  ProfileMatch              :                 name: Facebook
18:16:32 INFO  ProfileMatch              :             category: SocialMedia
18:16:32 INFO  ProfileMatch              :              version: 5.13.0  [OLD VERSION]
18:16:32 INFO  ProfileMatch              :         release-date: 12.12.2019
18:16:32 INFO  ProfileMatch              :     lib root package: "com.facebook.all"  (in app: "androidx.constraintlayout.solver")
18:16:32 INFO  ProfileMatch              : 
18:16:32 INFO  ProfileMatch              :                 name: Facebook
18:16:32 INFO  ProfileMatch              :             category: SocialMedia
18:16:32 INFO  ProfileMatch              :              version: 5.15.0  [OLD VERSION]
18:16:32 INFO  ProfileMatch              :         release-date: 21.01.2020
18:16:32 INFO  ProfileMatch              :     lib root package: "com.facebook.all"  (in app: "androidx.constraintlayout.solver")
18:16:32 INFO  ProfileMatch              : 
18:16:32 INFO  ProfileMatch              :                 name: Facebook
18:16:32 INFO  ProfileMatch              :             category: SocialMedia
18:16:32 INFO  ProfileMatch              :              version: 5.15.1  [OLD VERSION]
18:16:32 INFO  ProfileMatch              :         release-date: 29.01.2020
18:16:32 INFO  ProfileMatch              :     lib root package: "com.facebook.all"  (in app: "androidx.constraintlayout.solver")
18:16:32 INFO  ProfileMatch              : 
18:16:32 INFO  ProfileMatch              :                 name: Facebook
18:16:32 INFO  ProfileMatch              :             category: SocialMedia
18:16:32 INFO  ProfileMatch              :              version: 5.15.2  [OLD VERSION]
18:16:32 INFO  ProfileMatch              :         release-date: 03.02.2020
18:16:32 INFO  ProfileMatch              :     lib root package: "com.facebook.all"  (in app: "androidx.constraintlayout.solver")
18:16:32 INFO  ProfileMatch              : 
18:16:32 INFO  ProfileMatch              :                 name: Facebook
18:16:32 INFO  ProfileMatch              :             category: SocialMedia
18:16:32 INFO  ProfileMatch              :              version: 5.15.3  [OLD VERSION]
18:16:32 INFO  ProfileMatch              :         release-date: 03.02.2020
18:16:32 INFO  ProfileMatch              :     lib root package: "com.facebook.all"  (in app: "androidx.constraintlayout.solver")
18:16:32 INFO  ProfileMatch              : 
18:16:32 INFO  ProfileMatch              :                 name: Facebook
18:16:32 INFO  ProfileMatch              :             category: SocialMedia
18:16:32 INFO  ProfileMatch              :              version: 6.0.0  [OLD VERSION]
18:16:32 INFO  ProfileMatch              :         release-date: 03.02.2020
18:16:32 INFO  ProfileMatch              :     lib root package: "com.facebook.all"  (in app: "androidx.constraintlayout.solver")
18:16:32 INFO  ProfileMatch              : 
18:16:32 INFO  ProfileMatch              :                 name: Facebook
18:16:32 INFO  ProfileMatch              :             category: SocialMedia
18:16:32 INFO  ProfileMatch              :              version: 6.1.0  [OLD VERSION]
18:16:32 INFO  ProfileMatch              :         release-date: 14.02.2020
18:16:32 INFO  ProfileMatch              :     lib root package: "com.facebook.all"  (in app: "androidx.constraintlayout.solver")
18:16:32 INFO  ProfileMatch              : 
18:16:32 INFO  ProfileMatch              :                 name: Facebook
18:16:32 INFO  ProfileMatch              :             category: SocialMedia
18:16:32 INFO  ProfileMatch              :              version: 6.2.0  [OLD VERSION]
18:16:32 INFO  ProfileMatch              :         release-date: 09.03.2020
18:16:32 INFO  ProfileMatch              :     lib root package: "com.facebook.all"  (in app: "androidx.constraintlayout.solver")
18:16:32 INFO  ProfileMatch              : 
18:16:32 INFO  ProfileMatch              :                 name: Facebook
18:16:32 INFO  ProfileMatch              :             category: SocialMedia
18:16:32 INFO  ProfileMatch              :              version: 6.3.0  [OLD VERSION]
18:16:32 INFO  ProfileMatch              :         release-date: 25.03.2020
18:16:32 INFO  ProfileMatch              :     lib root package: "com.facebook.all"  (in app: "androidx.constraintlayout.solver")
18:16:32 INFO  ProfileMatch              : 
18:16:32 INFO  ProfileMatch              :                 name: Facebook
18:16:32 INFO  ProfileMatch              :             category: SocialMedia
18:16:32 INFO  ProfileMatch              :              version: 6.4.0  [OLD VERSION]
18:16:32 INFO  ProfileMatch              :         release-date: 15.04.2020
18:16:32 INFO  ProfileMatch              :     lib root package: "com.facebook.all"  (in app: "androidx.constraintlayout.solver")
18:16:32 INFO  ProfileMatch              : 
18:16:32 INFO  ProfileMatch              :                 name: Facebook
18:16:32 INFO  ProfileMatch              :             category: SocialMedia
18:16:32 INFO  ProfileMatch              :              version: 6.5.0  [OLD VERSION]
18:16:32 INFO  ProfileMatch              :         release-date: 20.04.2020
18:16:32 INFO  ProfileMatch              :     lib root package: "com.facebook.all"  (in app: "androidx.constraintlayout.solver")
18:16:32 INFO  ProfileMatch              : 
18:16:32 INFO  ProfileMatch              :                 name: Facebook
18:16:32 INFO  ProfileMatch              :             category: SocialMedia
18:16:32 INFO  ProfileMatch              :              version: 6.5.1  [OLD VERSION]
18:16:32 INFO  ProfileMatch              :         release-date: 23.04.2020
18:16:32 INFO  ProfileMatch              :     lib root package: "com.facebook.all"  (in app: "androidx.constraintlayout.solver")
18:16:32 INFO  ProfileMatch              : 
18:16:32 INFO  ProfileMatch              :                 name: Facebook
18:16:32 INFO  ProfileMatch              :             category: SocialMedia
18:16:32 INFO  ProfileMatch              :              version: 7.0.0  [OLD VERSION]
18:16:32 INFO  ProfileMatch              :         release-date: 05.05.2020
18:16:32 INFO  ProfileMatch              :     lib root package: "com.facebook.all"  (in app: "androidx.constraintlayout.solver")
18:16:32 INFO  ProfileMatch              : 
18:16:32 INFO  ProfileMatch              :                 name: Facebook
18:16:32 INFO  ProfileMatch              :             category: SocialMedia
18:16:32 INFO  ProfileMatch              :              version: 7.0.1  [OLD VERSION]
18:16:32 INFO  ProfileMatch              :         release-date: 09.06.2020
18:16:32 INFO  ProfileMatch              :     lib root package: "com.facebook.all"  (in app: "androidx.constraintlayout.solver")
18:16:32 INFO  ProfileMatch              : 
18:16:32 INFO  ProfileMatch              :                 name: Facebook
18:16:32 INFO  ProfileMatch              :             category: SocialMedia
18:16:32 INFO  ProfileMatch              :              version: 7.1.0  [OLD VERSION]
18:16:32 INFO  ProfileMatch              :         release-date: 23.06.2020
18:16:32 INFO  ProfileMatch              :     lib root package: "com.facebook.all"  (in app: "androidx.constraintlayout.solver")
18:16:32 INFO  ProfileMatch              : 
18:16:32 INFO  ProfileMatch              :                 name: Facebook
18:16:32 INFO  ProfileMatch              :             category: SocialMedia
18:16:32 INFO  ProfileMatch              :              version: 8.0.0  [OLD VERSION]
18:16:32 INFO  ProfileMatch              :         release-date: 28.09.2020
18:16:32 INFO  ProfileMatch              :     lib root package: "com.facebook.all"  (in app: "androidx.constraintlayout.solver")
18:16:32 INFO  ProfileMatch              : 
18:16:32 INFO  ProfileMatch              :                 name: Facebook
18:16:32 INFO  ProfileMatch              :             category: SocialMedia
18:16:32 INFO  ProfileMatch              :              version: 8.1.0  [OLD VERSION]
18:16:32 INFO  ProfileMatch              :         release-date: 14.10.2020
18:16:32 INFO  ProfileMatch              :     lib root package: "com.facebook.all"  (in app: "androidx.constraintlayout.solver")
18:16:32 INFO  ProfileMatch              : 
18:16:32 INFO  ProfileMatch              :                 name: Facebook
18:16:32 INFO  ProfileMatch              :             category: SocialMedia
18:16:32 INFO  ProfileMatch              :              version: 8.2.0  [OLD VERSION]
18:16:32 INFO  ProfileMatch              :         release-date: 18.12.2020
18:16:32 INFO  ProfileMatch              :     lib root package: "com.facebook.all"  (in app: "androidx.constraintlayout.solver")
18:16:32 INFO  ProfileMatch              : 
18:16:32 INFO  ProfileMatch              :                 name: Facebook
18:16:32 INFO  ProfileMatch              :             category: SocialMedia
18:16:32 INFO  ProfileMatch              :              version: 9.0.0  [OLD VERSION]
18:16:32 INFO  ProfileMatch              :         release-date: 19.01.2021
18:16:32 INFO  ProfileMatch              :     lib root package: "com.facebook.all"  (in app: "androidx.constraintlayout.solver")
18:16:32 INFO  ProfileMatch              : 
18:16:32 INFO  ProfileMatch              :                 name: Facebook
18:16:32 INFO  ProfileMatch              :             category: SocialMedia
18:16:32 INFO  ProfileMatch              :              version: 9.1.0  [OLD VERSION]
18:16:32 INFO  ProfileMatch              :         release-date: 15.03.2021
18:16:32 INFO  ProfileMatch              :     lib root package: "com.facebook.all"  (in app: "androidx.constraintlayout.solver")
18:16:32 INFO  ProfileMatch              : 
18:16:32 INFO  ProfileMatch              :                 name: Facebook
18:16:32 INFO  ProfileMatch              :             category: SocialMedia
18:16:32 INFO  ProfileMatch              :              version: 9.1.1  [OLD VERSION]
18:16:32 INFO  ProfileMatch              :         release-date: 12.04.2021
18:16:32 INFO  ProfileMatch              :     lib root package: "com.facebook.all"  (in app: "androidx.constraintlayout.solver")
18:16:32 INFO  ProfileMatch              : 
18:16:32 INFO  ProfileMatch              :                 name: Facebook
18:16:32 INFO  ProfileMatch              :             category: SocialMedia
18:16:32 INFO  ProfileMatch              :              version: 11.0.0  [OLD VERSION]
18:16:32 INFO  ProfileMatch              :         release-date: 08.06.2021
18:16:32 INFO  ProfileMatch              :     lib root package: "com.facebook.all"  (in app: "androidx.constraintlayout.solver")
18:16:32 INFO  ProfileMatch              : 
18:16:32 INFO  ProfileMatch              :                 name: Facebook
18:16:32 INFO  ProfileMatch              :             category: SocialMedia
18:16:32 INFO  ProfileMatch              :              version: 11.1.0  [OLD VERSION]
18:16:32 INFO  ProfileMatch              :         release-date: 06.07.2021
18:16:32 INFO  ProfileMatch              :     lib root package: "com.facebook.all"  (in app: "androidx.constraintlayout.solver")
18:16:32 INFO  ProfileMatch              : 
18:16:32 INFO  ProfileMatch              :                 name: Facebook
18:16:32 INFO  ProfileMatch              :             category: SocialMedia
18:16:32 INFO  ProfileMatch              :              version: 11.1.1  [OLD VERSION]
18:16:32 INFO  ProfileMatch              :         release-date: 19.07.2021
18:16:32 INFO  ProfileMatch              :     lib root package: "com.facebook.all"  (in app: "androidx.constraintlayout.solver")
18:16:32 INFO  ProfileMatch              : 
18:16:32 INFO  ProfileMatch              :                 name: Facebook
18:16:32 INFO  ProfileMatch              :             category: SocialMedia
18:16:32 INFO  ProfileMatch              :              version: 11.2.0  [OLD VERSION]
18:16:32 INFO  ProfileMatch              :         release-date: 03.08.2021
18:16:32 INFO  ProfileMatch              :     lib root package: "com.facebook.all"  (in app: "androidx.constraintlayout.solver")
18:16:32 INFO  ProfileMatch              : 
18:16:32 INFO  ProfileMatch              :                 name: Facebook
18:16:32 INFO  ProfileMatch              :             category: SocialMedia
18:16:32 INFO  ProfileMatch              :              version: 11.3.0  [OLD VERSION]
18:16:32 INFO  ProfileMatch              :         release-date: 07.09.2021
18:16:32 INFO  ProfileMatch              :     lib root package: "com.facebook.all"  (in app: "androidx.constraintlayout.solver")
18:16:32 INFO  ProfileMatch              : 
18:16:32 INFO  ProfileMatch              :                 name: Facebook
18:16:32 INFO  ProfileMatch              :             category: SocialMedia
18:16:32 INFO  ProfileMatch              :              version: 12.0.0  [OLD VERSION]
18:16:32 INFO  ProfileMatch              :         release-date: 05.10.2021
18:16:32 INFO  ProfileMatch              :     lib root package: "com.facebook.all"  (in app: "androidx.constraintlayout.solver")
18:16:32 INFO  ProfileMatch              : 
18:16:32 INFO  ProfileMatch              :                 name: Facebook
18:16:32 INFO  ProfileMatch              :             category: SocialMedia
18:16:32 INFO  ProfileMatch              :              version: 12.0.1  [OLD VERSION]
18:16:32 INFO  ProfileMatch              :         release-date: 13.10.2021
18:16:32 INFO  ProfileMatch              :     lib root package: "com.facebook.all"  (in app: "androidx.constraintlayout.solver")
18:16:32 INFO  ProfileMatch              : 
18:16:32 INFO  ProfileMatch              :                 name: Facebook
18:16:32 INFO  ProfileMatch              :             category: SocialMedia
18:16:32 INFO  ProfileMatch              :              version: 12.1.0  [OLD VERSION]
18:16:32 INFO  ProfileMatch              :         release-date: 01.11.2021
18:16:32 INFO  ProfileMatch              :     lib root package: "com.facebook.all"  (in app: "androidx.constraintlayout.solver")
18:16:32 INFO  ProfileMatch              : 
18:16:32 INFO  ProfileMatch              :                 name: Facebook
18:16:32 INFO  ProfileMatch              :             category: SocialMedia
18:16:32 INFO  ProfileMatch              :              version: 12.2.0  [OLD VERSION]
18:16:32 INFO  ProfileMatch              :         release-date: 06.12.2021
18:16:32 INFO  ProfileMatch              :     lib root package: "com.facebook.all"  (in app: "androidx.constraintlayout.solver")
18:16:32 INFO  ProfileMatch              : 
18:16:32 INFO  ProfileMatch              :                 name: Facebook
18:16:32 INFO  ProfileMatch              :             category: SocialMedia
18:16:32 INFO  ProfileMatch              :              version: 12.3.0  [OLD VERSION]
18:16:32 INFO  ProfileMatch              :         release-date: 10.01.2022
18:16:32 INFO  ProfileMatch              :     lib root package: "com.facebook.all"  (in app: "androidx.constraintlayout.solver")
18:16:32 INFO  ProfileMatch              : 
18:16:32 INFO  ProfileMatch              :                 name: Facebook
18:16:32 INFO  ProfileMatch              :             category: SocialMedia
18:16:32 INFO  ProfileMatch              :              version: 13.0.0  [OLD VERSION]
18:16:32 INFO  ProfileMatch              :         release-date: 23.02.2022
18:16:32 INFO  ProfileMatch              :     lib root package: "com.facebook.all"  (in app: "androidx.constraintlayout.solver")
18:16:32 INFO  ProfileMatch              : 
18:16:32 INFO  ProfileMatch              :                 name: Facebook
18:16:32 INFO  ProfileMatch              :             category: SocialMedia
18:16:32 INFO  ProfileMatch              :              version: 13.1.0  [OLD VERSION]
18:16:32 INFO  ProfileMatch              :         release-date: 21.03.2022
18:16:32 INFO  ProfileMatch              :     lib root package: "com.facebook.all"  (in app: "androidx.constraintlayout.solver")
18:16:32 INFO  ProfileMatch              : 
18:16:32 INFO  ProfileMatch              :                 name: Facebook
18:16:32 INFO  ProfileMatch              :             category: SocialMedia
18:16:32 INFO  ProfileMatch              :              version: 13.2.0  [OLD VERSION]
18:16:32 INFO  ProfileMatch              :         release-date: 22.04.2022
18:16:32 INFO  ProfileMatch              :     lib root package: "com.facebook.all"  (in app: "androidx.constraintlayout.solver")
18:16:32 INFO  ProfileMatch              : 
18:16:32 INFO  ProfileMatch              :                 name: Facebook
18:16:32 INFO  ProfileMatch              :             category: SocialMedia
18:16:32 INFO  ProfileMatch              :              version: 14.0.0
18:16:32 INFO  ProfileMatch              :         release-date: 14.06.2022
18:16:32 INFO  ProfileMatch              :     lib root package: "com.facebook.all"  (in app: "androidx.constraintlayout.solver")
18:16:32 INFO  ProfileMatch              : 
18:16:32 INFO  LibraryIdentifier         : 
18:16:32 INFO  LibraryIdentifier         : - Partial library matches:
18:16:32 INFO  LibraryIdentifier         :                 name: androidx.customview::customview
18:16:32 INFO  LibraryIdentifier         :             category: Android
18:16:32 INFO  LibraryIdentifier         :              version: 1.0.0  [OLD VERSION]
18:16:32 INFO  LibraryIdentifier         :         release-date:  --
18:16:32 INFO  LibraryIdentifier         :     lib root package: "androidx.customview"
18:16:32 INFO  LibraryIdentifier         :         Partial matching results:
18:16:32 INFO  LibraryIdentifier         :              - config: Hashing.md5() | Flags: no-flag | Keep: PN | Prune: MSIG   score: 0.7083334
18:16:32 INFO  LibraryIdentifier         : 
18:16:32 INFO  LibraryIdentifier         : 
18:16:32 INFO  LibraryIdentifier         : App processing time: 24 sec, 77 ms
