23:13:11 INFO  LibraryIdentifier         : Process app: com.simplemobiletools.contacts.pro_89.apk
23:13:11 INFO  LibraryIdentifier         : = Manifest Parser =
23:13:11 INFO  LibraryIdentifier         :         Package name: com.simplemobiletools.contacts.pro
23:13:11 INFO  LibraryIdentifier         :         Version code: 89
23:13:11 INFO  LibraryIdentifier         :        minSdkVersion: 21
23:13:11 INFO  LibraryIdentifier         :     targetSdkVersion: 30
23:13:11 INFO  LibraryIdentifier         :         SharedUserId:  - none -
23:13:11 INFO  LibraryIdentifier         :     Library dependencies:  - none -
23:13:11 INFO  LibraryIdentifier         : 
23:13:11 INFO  LibraryIdentifier         : Found 402 unique libraries in 12405 library profiles
23:13:12 INFO  LibraryIdentifier         : Generated class hierarchy (in 582 ms)
23:13:12 INFO  WalaUtils                 : 
23:13:12 INFO  WalaUtils                 : = ClassHierarchy Stats =
23:13:12 INFO  WalaUtils                 :     # of classes: 4332
23:13:12 INFO  WalaUtils                 :     # thereof inner classes: 2045
23:13:12 INFO  WalaUtils                 :     # thereof public classes: 2384
23:13:12 INFO  WalaUtils                 :         Activity : 21
23:13:12 INFO  WalaUtils                 :         Application : 1
23:13:12 INFO  WalaUtils                 :         AsyncTask : 0
23:13:12 INFO  WalaUtils                 :         BroadcastReceiver : 3
23:13:12 INFO  WalaUtils                 :         ContentProvider : 2
23:13:12 INFO  WalaUtils                 :         Fragment : 2
23:13:12 INFO  WalaUtils                 :         Handler : 2
23:13:12 INFO  WalaUtils                 :         LayoutContainer : 83
23:13:12 INFO  WalaUtils                 :         Plain : 4163
23:13:12 INFO  WalaUtils                 :         Runnable : 0
23:13:12 INFO  WalaUtils                 :         Service : 1
23:13:12 INFO  WalaUtils                 :         Thread : 3
23:13:12 INFO  WalaUtils                 :         View : 51
23:13:12 INFO  WalaUtils                 :     # methods: 29133
23:13:12 INFO  WalaUtils                 :         # of publicly accessible methods: 19237
23:13:12 INFO  WalaUtils                 :         # of non-accessible methods: 9896
23:13:12 INFO  WalaUtils                 : 
23:13:12 INFO  Profile                   : = PackageTree =
23:13:12 INFO  PackageTree               : Root Package:  - none -
23:13:12 INFO  PackageTree               : └── Root
23:13:12 INFO  PackageTree               :     ├── com
23:13:12 INFO  PackageTree               :     │   ├── bumptech
23:13:12 INFO  PackageTree               :     │   │   └── glide (27)
23:13:12 INFO  PackageTree               :     │   │       └── load (15)
23:13:12 INFO  PackageTree               :     │   │           ├── engine (53)
23:13:12 INFO  PackageTree               :     │   │           ├── resource
23:13:12 INFO  PackageTree               :     │   │           │   └── bitmap (62)
23:13:12 INFO  PackageTree               :     │   │           └── data (24)
23:13:12 INFO  PackageTree               :     │   ├── google
23:13:12 INFO  PackageTree               :     │   │   ├── android
23:13:12 INFO  PackageTree               :     │   │   │   └── material
23:13:12 INFO  PackageTree               :     │   │   │       ├── transformation (13)
23:13:12 INFO  PackageTree               :     │   │   │       ├── bottomsheet (11)
23:13:12 INFO  PackageTree               :     │   │   │       ├── appbar (20)
23:13:12 INFO  PackageTree               :     │   │   │       ├── tabs (17)
23:13:12 INFO  PackageTree               :     │   │   │       ├── internal (31)
23:13:12 INFO  PackageTree               :     │   │   │       ├── behavior (7)
23:13:12 INFO  PackageTree               :     │   │   │       ├── textfield (49)
23:13:12 INFO  PackageTree               :     │   │   │       ├── datepicker (49)
23:13:12 INFO  PackageTree               :     │   │   │       ├── button (13)
23:13:12 INFO  PackageTree               :     │   │   │       ├── timepicker (23)
23:13:12 INFO  PackageTree               :     │   │   │       ├── floatingactionbutton (33)
23:13:12 INFO  PackageTree               :     │   │   │       ├── bottomappbar (14)
23:13:12 INFO  PackageTree               :     │   │   │       ├── chip (11)
23:13:12 INFO  PackageTree               :     │   │   │       ├── snackbar (12)
23:13:12 INFO  PackageTree               :     │   │   │       ├── theme (1)
23:13:12 INFO  PackageTree               :     │   │   │       ├── imageview (2)
23:13:12 INFO  PackageTree               :     │   │   │       ├── card (2)
23:13:12 INFO  PackageTree               :     │   │   │       └── textview (1)
23:13:12 INFO  PackageTree               :     │   │   └── gson (13)
23:13:12 INFO  PackageTree               :     │   │       └── stream (3)
23:13:12 INFO  PackageTree               :     │   ├── simplemobiletools
23:13:12 INFO  PackageTree               :     │   │   ├── contacts
23:13:12 INFO  PackageTree               :     │   │   │   └── pro (1)
23:13:12 INFO  PackageTree               :     │   │   │       ├── fragments (14)
23:13:12 INFO  PackageTree               :     │   │   │       ├── activities (120)
23:13:12 INFO  PackageTree               :     │   │   │       ├── databases (7)
23:13:12 INFO  PackageTree               :     │   │   │       └── contentproviders (1)
23:13:12 INFO  PackageTree               :     │   │   └── commons
23:13:12 INFO  PackageTree               :     │   │       ├── activities (20)
23:13:12 INFO  PackageTree               :     │   │       ├── views (35)
23:13:12 INFO  PackageTree               :     │   │       └── receivers (3)
23:13:12 INFO  PackageTree               :     │   ├── reddit
23:13:12 INFO  PackageTree               :     │   │   └── indicatorfastscroll (14)
23:13:12 INFO  PackageTree               :     │   ├── qtalk
23:13:12 INFO  PackageTree               :     │   │   └── recyclerviewfastscroller (17)
23:13:12 INFO  PackageTree               :     │   ├── samsung
23:13:12 INFO  PackageTree               :     │   │   └── android
23:13:12 INFO  PackageTree               :     │   │       └── sdk (3)
23:13:12 INFO  PackageTree               :     │   │           └── pass (15)
23:13:12 INFO  PackageTree               :     │   │               └── support (2)
23:13:12 INFO  PackageTree               :     │   │                   └── v1 (2)
23:13:12 INFO  PackageTree               :     │   ├── fasterxml
23:13:12 INFO  PackageTree               :     │   │   └── jackson
23:13:12 INFO  PackageTree               :     │   │       └── core (8)
23:13:12 INFO  PackageTree               :     │   │           ├── io (2)
23:13:12 INFO  PackageTree               :     │   │           └── exc (2)
23:13:12 INFO  PackageTree               :     │   ├── github
23:13:12 INFO  PackageTree               :     │   │   └── mangstadt
23:13:12 INFO  PackageTree               :     │   │       └── vinnie
23:13:12 INFO  PackageTree               :     │   │           └── codec (2)
23:13:12 INFO  PackageTree               :     │   └── andrognito
23:13:12 INFO  PackageTree               :     │       └── patternlockview (11)
23:13:12 INFO  PackageTree               :     ├── k (8)
23:13:12 INFO  PackageTree               :     ├── t (21)
23:13:12 INFO  PackageTree               :     ├── androidx
23:13:12 INFO  PackageTree               :     │   ├── appcompat
23:13:12 INFO  PackageTree               :     │   │   ├── widget (170)
23:13:12 INFO  PackageTree               :     │   │   ├── app (17)
23:13:12 INFO  PackageTree               :     │   │   └── view
23:13:12 INFO  PackageTree               :     │   │       └── menu (32)
23:13:12 INFO  PackageTree               :     │   ├── biometric (74)
23:13:12 INFO  PackageTree               :     │   │   └── auth (2)
23:13:12 INFO  PackageTree               :     │   ├── core
23:13:12 INFO  PackageTree               :     │   │   ├── view (71)
23:13:12 INFO  PackageTree               :     │   │   ├── content (10)
23:13:12 INFO  PackageTree               :     │   │   ├── widget (23)
23:13:12 INFO  PackageTree               :     │   │   ├── app (4)
23:13:12 INFO  PackageTree               :     │   │   ├── graphics
23:13:12 INFO  PackageTree               :     │   │   │   └── drawable (2)
23:13:12 INFO  PackageTree               :     │   │   ├── os (1)
23:13:12 INFO  PackageTree               :     │   │   └── net (1)
23:13:12 INFO  PackageTree               :     │   ├── lifecycle (51)
23:13:12 INFO  PackageTree               :     │   ├── loader
23:13:12 INFO  PackageTree               :     │   │   └── app (5)
23:13:12 INFO  PackageTree               :     │   ├── recyclerview
23:13:12 INFO  PackageTree               :     │   │   └── widget (110)
23:13:12 INFO  PackageTree               :     │   ├── fragment
23:13:12 INFO  PackageTree               :     │   │   └── app (118)
23:13:12 INFO  PackageTree               :     │   ├── room (52)
23:13:12 INFO  PackageTree               :     │   ├── coordinatorlayout
23:13:12 INFO  PackageTree               :     │   │   └── widget (13)
23:13:12 INFO  PackageTree               :     │   ├── activity (18)
23:13:12 INFO  PackageTree               :     │   │   └── result (13)
23:13:12 INFO  PackageTree               :     │   ├── constraintlayout
23:13:12 INFO  PackageTree               :     │   │   ├── widget (27)
23:13:12 INFO  PackageTree               :     │   │   ├── motion
23:13:12 INFO  PackageTree               :     │   │   │   └── widget (17)
23:13:12 INFO  PackageTree               :     │   │   ├── helper
23:13:12 INFO  PackageTree               :     │   │   │   └── widget (1)
23:13:12 INFO  PackageTree               :     │   │   └── core
23:13:12 INFO  PackageTree               :     │   │       └── parser (1)
23:13:12 INFO  PackageTree               :     │   ├── exifinterface
23:13:12 INFO  PackageTree               :     │   │   └── media (10)
23:13:12 INFO  PackageTree               :     │   ├── vectordrawable
23:13:12 INFO  PackageTree               :     │   │   └── graphics
23:13:12 INFO  PackageTree               :     │   │       └── drawable (21)
23:13:12 INFO  PackageTree               :     │   ├── annotation (1)
23:13:12 INFO  PackageTree               :     │   ├── viewpager
23:13:12 INFO  PackageTree               :     │   │   └── widget (17)
23:13:12 INFO  PackageTree               :     │   ├── savedstate (10)
23:13:12 INFO  PackageTree               :     │   ├── versionedparcelable (6)
23:13:12 INFO  PackageTree               :     │   └── viewpager2
23:13:12 INFO  PackageTree               :     │       └── adapter (3)
23:13:12 INFO  PackageTree               :     ├── ezvcard (6)
23:13:12 INFO  PackageTree               :     │   ├── property (67)
23:13:12 INFO  PackageTree               :     │   ├── parameter (23)
23:13:12 INFO  PackageTree               :     │   ├── util (14)
23:13:12 INFO  PackageTree               :     │   │   └── org
23:13:12 INFO  PackageTree               :     │   │       └── apache
23:13:12 INFO  PackageTree               :     │   │           └── commons
23:13:12 INFO  PackageTree               :     │   │               └── codec (2)
23:13:12 INFO  PackageTree               :     │   └── io (4)
23:13:12 INFO  PackageTree               :     │       └── json (1)
23:13:12 INFO  PackageTree               :     ├── f (15)
23:13:12 INFO  PackageTree               :     ├── d (48)
23:13:12 INFO  PackageTree               :     ├── h (14)
23:13:12 INFO  PackageTree               :     ├── c (10)
23:13:12 INFO  PackageTree               :     ├── p (16)
23:13:12 INFO  PackageTree               :     ├── n (11)
23:13:12 INFO  PackageTree               :     ├── o (15)
23:13:12 INFO  PackageTree               :     ├── w1 (26)
23:13:12 INFO  PackageTree               :     ├── n3 (65)
23:13:12 INFO  PackageTree               :     ├── x (18)
23:13:12 INFO  PackageTree               :     ├── y (21)
23:13:12 INFO  PackageTree               :     ├── o1 (74)
23:13:12 INFO  PackageTree               :     ├── v5 (93)
23:13:12 INFO  PackageTree               :     ├── s (16)
23:13:12 INFO  PackageTree               :     ├── b1 (74)
23:13:12 INFO  PackageTree               :     ├── z (17)
23:13:12 INFO  PackageTree               :     ├── org
23:13:12 INFO  PackageTree               :     │   ├── joda
23:13:12 INFO  PackageTree               :     │   │   └── time (68)
23:13:12 INFO  PackageTree               :     │   │       ├── convert (20)
23:13:12 INFO  PackageTree               :     │   │       ├── format (51)
23:13:12 INFO  PackageTree               :     │   │       ├── base (14)
23:13:12 INFO  PackageTree               :     │   │       ├── chrono (44)
23:13:12 INFO  PackageTree               :     │   │       ├── field (26)
23:13:12 INFO  PackageTree               :     │   │       └── tz (24)
23:13:12 INFO  PackageTree               :     │   └── jsoup (4)
23:13:12 INFO  PackageTree               :     │       └── select (1)
23:13:12 INFO  PackageTree               :     ├── q4 (63)
23:13:12 INFO  PackageTree               :     ├── kotlinx
23:13:12 INFO  PackageTree               :     │   └── coroutines (6)
23:13:12 INFO  PackageTree               :     │       ├── scheduling (16)
23:13:12 INFO  PackageTree               :     │       ├── internal (42)
23:13:12 INFO  PackageTree               :     │       ├── flow
23:13:12 INFO  PackageTree               :     │       │   └── internal (2)
23:13:12 INFO  PackageTree               :     │       ├── android (2)
23:13:12 INFO  PackageTree               :     │       └── channels (2)
23:13:12 INFO  PackageTree               :     ├── i4 (39)
23:13:12 INFO  PackageTree               :     ├── m1 (22)
23:13:12 INFO  PackageTree               :     ├── g4 (23)
23:13:12 INFO  PackageTree               :     ├── l1 (23)
23:13:12 INFO  PackageTree               :     ├── freemarker
23:13:12 INFO  PackageTree               :     │   ├── ext
23:13:12 INFO  PackageTree               :     │   │   └── beans (53)
23:13:12 INFO  PackageTree               :     │   ├── core (78)
23:13:12 INFO  PackageTree               :     │   ├── template (9)
23:13:12 INFO  PackageTree               :     │   │   └── utility (5)
23:13:12 INFO  PackageTree               :     │   └── cache (1)
23:13:12 INFO  PackageTree               :     ├── g3 (29)
23:13:12 INFO  PackageTree               :     ├── kotlin (5)
23:13:12 INFO  PackageTree               :     │   └── io (5)
23:13:12 INFO  PackageTree               :     ├── k4 (42)
23:13:12 INFO  PackageTree               :     ├── u1 (17)
23:13:12 INFO  PackageTree               :     ├── z4 (27)
23:13:12 INFO  PackageTree               :     ├── p5 (5)
23:13:12 INFO  PackageTree               :     ├── n5 (25)
23:13:12 INFO  PackageTree               :     ├── f5 (6)
23:13:12 INFO  PackageTree               :     ├── e5 (16)
23:13:12 INFO  PackageTree               :     ├── c5 (46)
23:13:12 INFO  PackageTree               :     ├── b2 (8)
23:13:12 INFO  PackageTree               :     ├── a2 (14)
23:13:12 INFO  PackageTree               :     ├── k2 (9)
23:13:12 INFO  PackageTree               :     ├── f0 (22)
23:13:12 INFO  PackageTree               :     ├── i0 (20)
23:13:12 INFO  PackageTree               :     ├── y4 (8)
23:13:12 INFO  PackageTree               :     ├── x4 (1)
23:13:12 INFO  PackageTree               :     ├── w4 (2)
23:13:12 INFO  PackageTree               :     ├── v4 (4)
23:13:12 INFO  PackageTree               :     ├── u4 (18)
23:13:12 INFO  PackageTree               :     ├── t4 (3)
23:13:12 INFO  PackageTree               :     ├── s4 (15)
23:13:12 INFO  PackageTree               :     ├── r4 (7)
23:13:12 INFO  PackageTree               :     ├── p4 (4)
23:13:12 INFO  PackageTree               :     ├── o4 (5)
23:13:12 INFO  PackageTree               :     ├── n4 (4)
23:13:12 INFO  PackageTree               :     ├── m4 (12)
23:13:12 INFO  PackageTree               :     ├── l4 (12)
23:13:12 INFO  PackageTree               :     ├── j4 (12)
23:13:12 INFO  PackageTree               :     ├── e4 (1)
23:13:12 INFO  PackageTree               :     ├── c4 (1)
23:13:12 INFO  PackageTree               :     ├── b4 (11)
23:13:12 INFO  PackageTree               :     ├── a4 (5)
23:13:12 INFO  PackageTree               :     ├── y1 (9)
23:13:12 INFO  PackageTree               :     ├── z1 (14)
23:13:12 INFO  PackageTree               :     ├── x1 (4)
23:13:12 INFO  PackageTree               :     ├── q1 (5)
23:13:12 INFO  PackageTree               :     ├── r1 (3)
23:13:12 INFO  PackageTree               :     ├── p1 (13)
23:13:12 INFO  PackageTree               :     ├── v1 (8)
23:13:12 INFO  PackageTree               :     ├── s1 (6)
23:13:12 INFO  PackageTree               :     ├── t1 (2)
23:13:12 INFO  PackageTree               :     ├── i1 (10)
23:13:12 INFO  PackageTree               :     ├── j1 (7)
23:13:12 INFO  PackageTree               :     ├── g1 (9)
23:13:12 INFO  PackageTree               :     ├── h1 (6)
23:13:12 INFO  PackageTree               :     ├── n1 (10)
23:13:12 INFO  PackageTree               :     ├── k1 (8)
23:13:12 INFO  PackageTree               :     ├── a1 (2)
23:13:12 INFO  PackageTree               :     ├── f1 (2)
23:13:12 INFO  PackageTree               :     ├── d1 (4)
23:13:12 INFO  PackageTree               :     ├── b5 (18)
23:13:12 INFO  PackageTree               :     ├── a5 (12)
23:13:12 INFO  PackageTree               :     ├── d5 (7)
23:13:12 INFO  PackageTree               :     ├── g5 (12)
23:13:12 INFO  PackageTree               :     ├── m5 (23)
23:13:12 INFO  PackageTree               :     ├── r5 (9)
23:13:12 INFO  PackageTree               :     ├── t5 (21)
23:13:12 INFO  PackageTree               :     ├── s5 (8)
23:13:12 INFO  PackageTree               :     ├── m3 (44)
23:13:12 INFO  PackageTree               :     ├── u5 (22)
23:13:12 INFO  PackageTree               :     ├── m (9)
23:13:12 INFO  PackageTree               :     ├── q (8)
23:13:12 INFO  PackageTree               :     ├── u (7)
23:13:12 INFO  PackageTree               :     ├── q2 (11)
23:13:12 INFO  PackageTree               :     ├── n2 (14)
23:13:12 INFO  PackageTree               :     ├── p2 (12)
23:13:12 INFO  PackageTree               :     ├── g2 (5)
23:13:12 INFO  PackageTree               :     ├── d2 (16)
23:13:12 INFO  PackageTree               :     ├── io
23:13:12 INFO  PackageTree               :     │   └── reactivex
23:13:12 INFO  PackageTree               :     │       └── exceptions (9)
23:13:12 INFO  PackageTree               :     ├── w3 (10)
23:13:12 INFO  PackageTree               :     ├── y3 (41)
23:13:12 INFO  PackageTree               :     ├── x3 (47)
23:13:12 INFO  PackageTree               :     ├── z3 (9)
23:13:12 INFO  PackageTree               :     ├── u3 (12)
23:13:12 INFO  PackageTree               :     ├── t3 (15)
23:13:12 INFO  PackageTree               :     ├── k3 (23)
23:13:12 INFO  PackageTree               :     ├── v0 (4)
23:13:12 INFO  PackageTree               :     ├── h0 (9)
23:13:12 INFO  PackageTree               :     ├── g0 (16)
23:13:12 INFO  PackageTree               :     ├── o0 (30)
23:13:12 INFO  PackageTree               :     ├── d3 (9)
23:13:12 INFO  PackageTree               :     ├── f2 (7)
23:13:12 INFO  PackageTree               :     ├── i2 (5)
23:13:12 INFO  PackageTree               :     ├── e2 (11)
23:13:12 INFO  PackageTree               :     ├── rx
23:13:12 INFO  PackageTree               :     │   └── exceptions (13)
23:13:12 INFO  PackageTree               :     ├── w5 (5)
23:13:12 INFO  PackageTree               :     ├── b0 (5)
23:13:12 INFO  PackageTree               :     ├── m0 (12)
23:13:12 INFO  PackageTree               :     ├── r2 (5)
23:13:12 INFO  PackageTree               :     ├── o2 (3)
23:13:12 INFO  PackageTree               :     ├── u2 (9)
23:13:12 INFO  PackageTree               :     ├── e (2)
23:13:12 INFO  PackageTree               :     ├── g (2)
23:13:12 INFO  PackageTree               :     ├── b (4)
23:13:12 INFO  PackageTree               :     ├── a (2)
23:13:12 INFO  PackageTree               :     ├── j (6)
23:13:12 INFO  PackageTree               :     ├── i (11)
23:13:12 INFO  PackageTree               :     ├── l (1)
23:13:12 INFO  PackageTree               :     ├── v (3)
23:13:12 INFO  PackageTree               :     ├── w (3)
23:13:12 INFO  PackageTree               :     ├── r (1)
23:13:12 INFO  PackageTree               :     ├── d4 (5)
23:13:12 INFO  PackageTree               :     ├── t0 (15)
23:13:12 INFO  PackageTree               :     ├── s3 (6)
23:13:12 INFO  PackageTree               :     ├── r3 (2)
23:13:12 INFO  PackageTree               :     ├── o3 (1)
23:13:12 INFO  PackageTree               :     ├── q3 (1)
23:13:12 INFO  PackageTree               :     ├── p3 (3)
23:13:12 INFO  PackageTree               :     ├── j3 (2)
23:13:12 INFO  PackageTree               :     ├── l3 (5)
23:13:12 INFO  PackageTree               :     ├── f3 (2)
23:13:12 INFO  PackageTree               :     ├── i3 (1)
23:13:12 INFO  PackageTree               :     ├── h3 (2)
23:13:12 INFO  PackageTree               :     ├── c3 (1)
23:13:12 INFO  PackageTree               :     ├── b3 (1)
23:13:12 INFO  PackageTree               :     ├── e3 (3)
23:13:12 INFO  PackageTree               :     ├── a3 (2)
23:13:12 INFO  PackageTree               :     ├── y0 (10)
23:13:12 INFO  PackageTree               :     ├── x0 (11)
23:13:12 INFO  PackageTree               :     ├── z0 (9)
23:13:12 INFO  PackageTree               :     ├── n0 (4)
23:13:12 INFO  PackageTree               :     ├── q0 (4)
23:13:12 INFO  PackageTree               :     ├── p0 (3)
23:13:12 INFO  PackageTree               :     ├── u0 (3)
23:13:12 INFO  PackageTree               :     ├── k0 (6)
23:13:12 INFO  PackageTree               :     ├── j0 (10)
23:13:12 INFO  PackageTree               :     ├── a0 (6)
23:13:12 INFO  PackageTree               :     ├── v3 (9)
23:13:12 INFO  PackageTree               :     ├── c0 (3)
23:13:12 INFO  PackageTree               :     ├── e0 (7)
23:13:12 INFO  PackageTree               :     ├── android
23:13:12 INFO  PackageTree               :     │   └── support
23:13:12 INFO  PackageTree               :     │       └── v4
23:13:12 INFO  PackageTree               :     │           ├── graphics
23:13:12 INFO  PackageTree               :     │           │   └── drawable (1)
23:13:12 INFO  PackageTree               :     │           └── app (1)
23:13:12 INFO  PackageTree               :     ├── h5 (4)
23:13:12 INFO  PackageTree               :     ├── i5 (1)
23:13:12 INFO  PackageTree               :     ├── j5 (1)
23:13:12 INFO  PackageTree               :     ├── k5 (2)
23:13:12 INFO  PackageTree               :     ├── l2 (4)
23:13:12 INFO  PackageTree               :     ├── l5 (2)
23:13:12 INFO  PackageTree               :     ├── o5 (3)
23:13:12 INFO  PackageTree               :     ├── h2 (2)
23:13:12 INFO  PackageTree               :     ├── q5 (1)
23:13:12 INFO  PackageTree               :     ├── x5 (2)
23:13:12 INFO  PackageTree               :     ├── c2 (4)
23:13:12 INFO  PackageTree               :     ├── l0 (3)
23:13:12 INFO  PackageTree               :     ├── y2 (1)
23:13:12 INFO  PackageTree               :     ├── z2 (1)
23:13:12 INFO  PackageTree               :     ├── v2 (1)
23:13:12 INFO  PackageTree               :     ├── w2 (1)
23:13:12 INFO  PackageTree               :     ├── x2 (1)
23:13:12 INFO  PackageTree               :     ├── s2 (1)
23:13:12 INFO  PackageTree               :     ├── t2 (1)
23:13:12 INFO  PackageTree               :     ├── m2 (1)
23:13:12 INFO  PackageTree               :     ├── j2 (1)
23:13:12 INFO  PackageTree               :     ├── w0 (1)
23:13:12 INFO  PackageTree               :     ├── r0 (1)
23:13:12 INFO  PackageTree               :     ├── s0 (1)
23:13:12 INFO  PackageTree               :     ├── d0 (1)
23:13:12 INFO  PackageTree               :     ├── c1 (1)
23:13:12 INFO  PackageTree               :     ├── e1 (1)
23:13:12 INFO  PackageTree               :     └── f4 (1)
23:13:12 INFO  Profile                   : 
23:13:12 INFO  AppProfile                : - generated app package tree (in 35 ms)
23:13:12 INFO  AppProfile                : 
23:13:12 DEBUG HashTree                  : Generate hash tree..
23:13:13 DEBUG HashTree                  :     - generated 274 package hashes.
23:13:13 DEBUG HashTree                  :     - generated 4103 clazz hashes.
23:13:13 DEBUG HashTree                  :     - generated 29133 method hashes.
23:13:13 DEBUG HashTree                  :     => Library Hash: 8a8a67c691ac03db8d563bc8db8c81ca
23:13:13 INFO  AppProfile                : - generated app hash trees (in 318 ms)
23:13:13 INFO  AppProfile                : 
23:13:13 INFO  LibraryIdentifier         : = Scan for library root packages (heuristic) =
23:13:13 INFO  LibraryIdentifier         :     - Found lib root package com.fasterxml.jackson.core  (FasterXML-Jackson-Core)
23:13:13 INFO  LibraryIdentifier         :     - Found lib root package com.google.gson  (Gson)
23:13:13 INFO  LibraryIdentifier         :     - Found lib root package org.joda.time  (Joda-Time)
23:13:13 INFO  LibraryIdentifier         :     - Found lib root package rx  (RxAndroid)
23:13:13 INFO  LibraryIdentifier         :     - Found lib root package io.reactivex  (RxJava)
23:13:13 INFO  LibraryIdentifier         :     - Found lib root package androidx.annotation  (androidx.annotation::annotation)
23:13:13 INFO  LibraryIdentifier         :     - Found lib root package androidx.appcompat  (androidx.appcompat::appcompat)
23:13:13 INFO  LibraryIdentifier         :     - Found lib root package androidx.constraintlayout.widget  (androidx.constraintlayout::constraintlayout)
23:13:13 INFO  LibraryIdentifier         :     - Found lib root package androidx.coordinatorlayout.widget  (androidx.coordinatorlayout::coordinatorlayout)
23:13:13 INFO  LibraryIdentifier         :     - Found lib root package androidx.core  (androidx.core::core)
23:13:13 INFO  LibraryIdentifier         :     - Found lib root package androidx  (androidx.core::core-ktx)
23:13:13 INFO  LibraryIdentifier         :     - Found lib root package androidx.exifinterface.media  (androidx.exifinterface::exifinterface)
23:13:13 INFO  LibraryIdentifier         :     - Found lib root package androidx.fragment.app  (androidx.fragment::fragment)
23:13:13 INFO  LibraryIdentifier         :     - Found lib root package androidx.fragment.app  (androidx.fragment::fragment-ktx)
23:13:13 INFO  LibraryIdentifier         :     - Found lib root package androidx.lifecycle  (androidx.lifecycle::lifecycle-common)
23:13:13 INFO  LibraryIdentifier         :     - Found lib root package androidx.lifecycle  (androidx.lifecycle::lifecycle-common-java8)
23:13:13 INFO  LibraryIdentifier         :     - Found lib root package androidx.lifecycle  (androidx.lifecycle::lifecycle-compiler)
23:13:13 INFO  LibraryIdentifier         :     - Found lib root package androidx.lifecycle  (androidx.lifecycle::lifecycle-extensions)
23:13:13 INFO  LibraryIdentifier         :     - Found lib root package androidx.lifecycle  (androidx.lifecycle::lifecycle-livedata)
23:13:13 INFO  LibraryIdentifier         :     - Found lib root package androidx.lifecycle  (androidx.lifecycle::lifecycle-livedata-core)
23:13:13 INFO  LibraryIdentifier         :     - Found lib root package androidx.lifecycle  (androidx.lifecycle::lifecycle-process)
23:13:13 INFO  LibraryIdentifier         :     - Found lib root package androidx.lifecycle  (androidx.lifecycle::lifecycle-reactivestreams)
23:13:13 INFO  LibraryIdentifier         :     - Found lib root package androidx.lifecycle  (androidx.lifecycle::lifecycle-reactivestreams-ktx)
23:13:13 INFO  LibraryIdentifier         :     - Found lib root package androidx.lifecycle  (androidx.lifecycle::lifecycle-runtime)
23:13:13 INFO  LibraryIdentifier         :     - Found lib root package androidx.lifecycle  (androidx.lifecycle::lifecycle-service)
23:13:13 INFO  LibraryIdentifier         :     - Found lib root package androidx.lifecycle  (androidx.lifecycle::lifecycle-viewmodel)
23:13:13 INFO  LibraryIdentifier         :     - Found lib root package androidx.lifecycle  (androidx.lifecycle::lifecycle-viewmodel-ktx)
23:13:13 INFO  LibraryIdentifier         :     - Found lib root package androidx.loader  (androidx.loader::loader)
23:13:13 INFO  LibraryIdentifier         :     - Found lib root package androidx.recyclerview.widget  (androidx.recyclerview::recyclerview)
23:13:13 INFO  LibraryIdentifier         :     - Found lib root package androidx.room  (androidx.room::room-common)
23:13:13 INFO  LibraryIdentifier         :     - Found lib root package androidx.room  (androidx.room::room-compiler)
23:13:13 INFO  LibraryIdentifier         :     - Found lib root package androidx.room  (androidx.room::room-runtime)
23:13:13 INFO  LibraryIdentifier         :     - Found lib root package androidx.room  (androidx.room::room-rxjava2)
23:13:13 INFO  LibraryIdentifier         :     - Found lib root package androidx.vectordrawable.graphics.drawable  (androidx.vectordrawable::vectordrawable)
23:13:13 INFO  LibraryIdentifier         :     - Found lib root package androidx.vectordrawable.graphics.drawable  (androidx.vectordrawable::vectordrawable-animated)
23:13:13 INFO  LibraryIdentifier         :     - Found lib root package androidx.versionedparcelable  (androidx.versionedparcelable::versionedparcelable)
23:13:13 INFO  LibraryIdentifier         :     - Found lib root package androidx.viewpager.widget  (androidx.viewpager::viewpager)
23:13:13 INFO  LibraryIdentifier         :     - Found lib root package android.support.v4  (com.android.support::customview)
23:13:13 INFO  LibraryIdentifier         :     - Found lib root package android.support.v4  (com.android.support::loader)
23:13:13 INFO  LibraryIdentifier         :     - Found lib root package android.support.v4  (com.android.support::support-compat)
23:13:13 INFO  LibraryIdentifier         :     - Found lib root package android.support.v4  (com.android.support::support-core-ui)
23:13:13 INFO  LibraryIdentifier         :     - Found lib root package android.support.v4  (com.android.support::support-core-utils)
23:13:13 INFO  LibraryIdentifier         :     - Found lib root package android.support.v4.app  (com.android.support::support-fragment)
23:13:13 INFO  LibraryIdentifier         :     - Found lib root package android.support.v4  (com.android.support::support-v4)
23:13:13 INFO  LibraryIdentifier         :     - Found lib root package androidx.versionedparcelable  (com.android.support::versionedparcelable)
23:13:13 INFO  LibraryIdentifier         :     - Found lib root package com.google.android.material  (com.google.android.material::material)
23:13:13 INFO  LibraryIdentifier         :     - Found lib root package com.bumptech.glide  (glide)
23:13:13 INFO  LibraryIdentifier         :     - Found lib root package org.jsoup  (jsoup)
23:13:13 INFO  LibraryIdentifier         : 
23:13:13 INFO  LibraryIdentifier         : = Match profiles =
23:14:10 INFO  LibraryIdentifier         :     >> profile matching done (56 sec, 898 ms)
23:14:10 INFO  LibraryIdentifier         : 
23:14:10 INFO  LibraryIdentifier         : == Report ==
23:14:10 INFO  LibraryIdentifier         : - Full library matches:
23:14:10 INFO  ProfileMatch              :                 name: Joda-Time
23:14:10 INFO  ProfileMatch              :             category: Utilities
23:14:10 INFO  ProfileMatch              :              version: 2.10.7  [OLD VERSION]
23:14:10 INFO  ProfileMatch              :         release-date: 21.10.2020
23:14:10 INFO  ProfileMatch              :     lib root package: "org.joda.time"
23:14:10 INFO  ProfileMatch              : 
23:14:10 INFO  ProfileMatch              :                 name: Joda-Time
23:14:10 INFO  ProfileMatch              :             category: Utilities
23:14:10 INFO  ProfileMatch              :              version: 2.10.8  [OLD VERSION]
23:14:10 INFO  ProfileMatch              :         release-date: 23.10.2020
23:14:10 INFO  ProfileMatch              :     lib root package: "org.joda.time"
23:14:10 INFO  ProfileMatch              : 
23:14:10 INFO  ProfileMatch              :                 name: Joda-Time
23:14:10 INFO  ProfileMatch              :             category: Utilities
23:14:10 INFO  ProfileMatch              :              version: 2.10.9  [OLD VERSION]
23:14:10 INFO  ProfileMatch              :         release-date: 29.12.2020
23:14:10 INFO  ProfileMatch              :     lib root package: "org.joda.time"
23:14:10 INFO  ProfileMatch              : 
23:14:10 INFO  ProfileMatch              :                 name: Joda-Time
23:14:10 INFO  ProfileMatch              :             category: Utilities
23:14:10 INFO  ProfileMatch              :              version: 2.10.10  [OLD VERSION]
23:14:10 INFO  ProfileMatch              :         release-date: 05.02.2021
23:14:10 INFO  ProfileMatch              :     lib root package: "org.joda.time"
23:14:10 INFO  ProfileMatch              : 
23:14:10 INFO  ProfileMatch              :                 name: Joda-Time
23:14:10 INFO  ProfileMatch              :             category: Utilities
23:14:10 INFO  ProfileMatch              :              version: 2.10.11  [OLD VERSION]
23:14:10 INFO  ProfileMatch              :         release-date: 22.09.2021
23:14:10 INFO  ProfileMatch              :     lib root package: "org.joda.time"
23:14:10 INFO  ProfileMatch              : 
23:14:10 INFO  ProfileMatch              :                 name: Joda-Time
23:14:10 INFO  ProfileMatch              :             category: Utilities
23:14:10 INFO  ProfileMatch              :              version: 2.10.12  [OLD VERSION]
23:14:10 INFO  ProfileMatch              :         release-date: 29.09.2021
23:14:10 INFO  ProfileMatch              :     lib root package: "org.joda.time"
23:14:10 INFO  ProfileMatch              : 
23:14:10 INFO  ProfileMatch              :                 name: Joda-Time
23:14:10 INFO  ProfileMatch              :             category: Utilities
23:14:10 INFO  ProfileMatch              :              version: 2.10.13  [OLD VERSION]
23:14:10 INFO  ProfileMatch              :         release-date: 26.10.2021
23:14:10 INFO  ProfileMatch              :     lib root package: "org.joda.time"
23:14:10 INFO  ProfileMatch              : 
23:14:10 INFO  ProfileMatch              :                 name: Joda-Time
23:14:10 INFO  ProfileMatch              :             category: Utilities
23:14:10 INFO  ProfileMatch              :              version: 2.10.14
23:14:10 INFO  ProfileMatch              :         release-date: 20.03.2022
23:14:10 INFO  ProfileMatch              :     lib root package: "org.joda.time"
23:14:10 INFO  ProfileMatch              : 
23:14:10 INFO  ProfileMatch              :                 name: com.google.firebase::firebase-iid-interop
23:14:10 INFO  ProfileMatch              :             category: Android
23:14:10 INFO  ProfileMatch              :              version: 15.0.0  [OLD VERSION]
23:14:10 INFO  ProfileMatch              :         release-date:  --
23:14:10 INFO  ProfileMatch              :     lib root package: "com.google.firebase.iid.internal"  (in app: "androidx.constraintlayout.core.parser")
23:14:10 INFO  ProfileMatch              : 
23:14:10 INFO  ProfileMatch              :                 name: com.google.firebase::firebase-iid-interop
23:14:10 INFO  ProfileMatch              :             category: Android
23:14:10 INFO  ProfileMatch              :              version: 16.0.0  [OLD VERSION]
23:14:10 INFO  ProfileMatch              :         release-date:  --
23:14:10 INFO  ProfileMatch              :     lib root package: "com.google.firebase.iid.internal"  (in app: "androidx.constraintlayout.core.parser")
23:14:10 INFO  ProfileMatch              : 
23:14:10 INFO  ProfileMatch              :                 name: com.google.firebase::firebase-iid-interop
23:14:10 INFO  ProfileMatch              :             category: Android
23:14:10 INFO  ProfileMatch              :              version: 16.0.1  [OLD VERSION]
23:14:10 INFO  ProfileMatch              :         release-date:  --
23:14:10 INFO  ProfileMatch              :     lib root package: "com.google.firebase.iid.internal"  (in app: "androidx.constraintlayout.core.parser")
23:14:10 INFO  ProfileMatch              : 
23:14:10 INFO  ProfileMatch              :                 name: com.google.firebase::firebase-iid-interop
23:14:10 INFO  ProfileMatch              :             category: Android
23:14:10 INFO  ProfileMatch              :              version: 17.0.0  [OLD VERSION]
23:14:10 INFO  ProfileMatch              :         release-date:  --
23:14:10 INFO  ProfileMatch              :     lib root package: "com.google.firebase.iid.internal"  (in app: "androidx.constraintlayout.core.parser")
23:14:10 INFO  ProfileMatch              : 
23:14:10 INFO  ProfileMatch              :                 name: com.google.firebase::firebase-ml-vision-image-label-model
23:14:10 INFO  ProfileMatch              :             category: Android
23:14:10 INFO  ProfileMatch              :              version: 20.0.0  [OLD VERSION]
23:14:10 INFO  ProfileMatch              :         release-date:  --
23:14:10 INFO  ProfileMatch              :     lib root package: "com.google.firebase.ml.vision.imagelabel"  (in app: "androidx.biometric.auth")
23:14:10 INFO  ProfileMatch              : 
23:14:10 INFO  ProfileMatch              :                 name: com.google.firebase::firebase-ml-vision-image-label-model
23:14:10 INFO  ProfileMatch              :             category: Android
23:14:10 INFO  ProfileMatch              :              version: 20.0.1  [OLD VERSION]
23:14:10 INFO  ProfileMatch              :         release-date:  --
23:14:10 INFO  ProfileMatch              :     lib root package: "com.google.firebase.ml.vision.imagelabel"  (in app: "androidx.biometric.auth")
23:14:10 INFO  ProfileMatch              : 
23:14:10 INFO  ProfileMatch              :                 name: com.google.firebase::firebase-ml-vision-image-label-model
23:14:10 INFO  ProfileMatch              :             category: Android
23:14:10 INFO  ProfileMatch              :              version: 20.0.2
23:14:10 INFO  ProfileMatch              :         release-date:  --
23:14:10 INFO  ProfileMatch              :     lib root package: "com.google.firebase.ml.vision.imagelabel"  (in app: "androidx.biometric.auth")
23:14:10 INFO  ProfileMatch              : 
23:14:10 INFO  ProfileMatch              :                 name: androidx.arch.core::core-common
23:14:10 INFO  ProfileMatch              :             category: Android
23:14:10 INFO  ProfileMatch              :              version: 2.0.0  [OLD VERSION]
23:14:10 INFO  ProfileMatch              :         release-date:  --
23:14:10 INFO  ProfileMatch              :     lib root package: "androidx.arch.core"  (in app: "k")
23:14:10 INFO  ProfileMatch              : 
23:14:10 INFO  ProfileMatch              :                 name: androidx.arch.core::core-common
23:14:10 INFO  ProfileMatch              :             category: Android
23:14:10 INFO  ProfileMatch              :              version: 2.0.1  [OLD VERSION]
23:14:10 INFO  ProfileMatch              :         release-date:  --
23:14:10 INFO  ProfileMatch              :     lib root package: "androidx.arch.core"  (in app: "k")
23:14:10 INFO  ProfileMatch              : 
23:14:10 INFO  ProfileMatch              :                 name: androidx.arch.core::core-common
23:14:10 INFO  ProfileMatch              :             category: Android
23:14:10 INFO  ProfileMatch              :              version: 2.1.0
23:14:10 INFO  ProfileMatch              :         release-date:  --
23:14:10 INFO  ProfileMatch              :     lib root package: "androidx.arch.core"  (in app: "k")
23:14:10 INFO  ProfileMatch              : 
23:14:10 INFO  ProfileMatch              :                 name: com.android.support::interpolator
23:14:10 INFO  ProfileMatch              :             category: Android
23:14:10 INFO  ProfileMatch              :              version: 28.0.0
23:14:10 INFO  ProfileMatch              :         release-date:  --
23:14:10 INFO  ProfileMatch              :     lib root package: "android.support.v4.view.animation"  (in app: "q0")
23:14:10 INFO  ProfileMatch              : 
23:14:10 INFO  ProfileMatch              :                 name: androidx.interpolator::interpolator
23:14:10 INFO  ProfileMatch              :             category: Android
23:14:10 INFO  ProfileMatch              :              version: 1.0.0
23:14:10 INFO  ProfileMatch              :         release-date:  --
23:14:10 INFO  ProfileMatch              :     lib root package: "androidx.interpolator.view.animation"  (in app: "q0")
23:14:10 INFO  ProfileMatch              : 
23:14:10 INFO  ProfileMatch              :                 name: Facebook
23:14:10 INFO  ProfileMatch              :             category: SocialMedia
23:14:10 INFO  ProfileMatch              :              version: 4.27.0  [OLD VERSION]
23:14:10 INFO  ProfileMatch              :         release-date: 26.09.2017
23:14:10 INFO  ProfileMatch              :     lib root package: "com.facebook.all"  (in app: "androidx.biometric.auth")
23:14:10 INFO  ProfileMatch              : 
23:14:10 INFO  ProfileMatch              :                 name: Facebook
23:14:10 INFO  ProfileMatch              :             category: SocialMedia
23:14:10 INFO  ProfileMatch              :              version: 4.28.0  [OLD VERSION]
23:14:10 INFO  ProfileMatch              :         release-date: 07.11.2017
23:14:10 INFO  ProfileMatch              :     lib root package: "com.facebook.all"  (in app: "androidx.biometric.auth")
23:14:10 INFO  ProfileMatch              : 
23:14:10 INFO  ProfileMatch              :                 name: Facebook
23:14:10 INFO  ProfileMatch              :             category: SocialMedia
23:14:10 INFO  ProfileMatch              :              version: 4.29.0  [OLD VERSION]
23:14:10 INFO  ProfileMatch              :         release-date: 05.12.2017
23:14:10 INFO  ProfileMatch              :     lib root package: "com.facebook.all"  (in app: "androidx.biometric.auth")
23:14:10 INFO  ProfileMatch              : 
23:14:10 INFO  ProfileMatch              :                 name: Facebook
23:14:10 INFO  ProfileMatch              :             category: SocialMedia
23:14:10 INFO  ProfileMatch              :              version: 4.30.0  [OLD VERSION]
23:14:10 INFO  ProfileMatch              :         release-date: 24.01.2018
23:14:10 INFO  ProfileMatch              :     lib root package: "com.facebook.all"  (in app: "androidx.biometric.auth")
23:14:10 INFO  ProfileMatch              : 
23:14:10 INFO  ProfileMatch              :                 name: Facebook
23:14:10 INFO  ProfileMatch              :             category: SocialMedia
23:14:10 INFO  ProfileMatch              :              version: 4.31.0  [OLD VERSION]
23:14:10 INFO  ProfileMatch              :         release-date: 28.02.2018
23:14:10 INFO  ProfileMatch              :     lib root package: "com.facebook.all"  (in app: "androidx.biometric.auth")
23:14:10 INFO  ProfileMatch              : 
23:14:10 INFO  ProfileMatch              :                 name: Facebook
23:14:10 INFO  ProfileMatch              :             category: SocialMedia
23:14:10 INFO  ProfileMatch              :              version: 4.32.0  [OLD VERSION]
23:14:10 INFO  ProfileMatch              :         release-date: 11.04.2018
23:14:10 INFO  ProfileMatch              :     lib root package: "com.facebook.all"  (in app: "androidx.biometric.auth")
23:14:10 INFO  ProfileMatch              : 
23:14:10 INFO  ProfileMatch              :                 name: Facebook
23:14:10 INFO  ProfileMatch              :             category: SocialMedia
23:14:10 INFO  ProfileMatch              :              version: 4.33.0  [OLD VERSION]
23:14:10 INFO  ProfileMatch              :         release-date: 01.05.2018
23:14:10 INFO  ProfileMatch              :     lib root package: "com.facebook.all"  (in app: "androidx.biometric.auth")
23:14:10 INFO  ProfileMatch              : 
23:14:10 INFO  ProfileMatch              :                 name: Facebook
23:14:10 INFO  ProfileMatch              :             category: SocialMedia
23:14:10 INFO  ProfileMatch              :              version: 4.34.0  [OLD VERSION]
23:14:10 INFO  ProfileMatch              :         release-date: 19.06.2018
23:14:10 INFO  ProfileMatch              :     lib root package: "com.facebook.all"  (in app: "androidx.biometric.auth")
23:14:10 INFO  ProfileMatch              : 
23:14:10 INFO  ProfileMatch              :                 name: Facebook
23:14:10 INFO  ProfileMatch              :             category: SocialMedia
23:14:10 INFO  ProfileMatch              :              version: 4.35.0  [OLD VERSION]
23:14:10 INFO  ProfileMatch              :         release-date: 26.07.2018
23:14:10 INFO  ProfileMatch              :     lib root package: "com.facebook.all"  (in app: "androidx.biometric.auth")
23:14:10 INFO  ProfileMatch              : 
23:14:10 INFO  ProfileMatch              :                 name: Facebook
23:14:10 INFO  ProfileMatch              :             category: SocialMedia
23:14:10 INFO  ProfileMatch              :              version: 4.36.0  [OLD VERSION]
23:14:10 INFO  ProfileMatch              :         release-date: 29.08.2018
23:14:10 INFO  ProfileMatch              :     lib root package: "com.facebook.all"  (in app: "androidx.biometric.auth")
23:14:10 INFO  ProfileMatch              : 
23:14:10 INFO  ProfileMatch              :                 name: Facebook
23:14:10 INFO  ProfileMatch              :             category: SocialMedia
23:14:10 INFO  ProfileMatch              :              version: 4.36.1  [OLD VERSION]
23:14:10 INFO  ProfileMatch              :         release-date: 15.09.2018
23:14:10 INFO  ProfileMatch              :     lib root package: "com.facebook.all"  (in app: "androidx.biometric.auth")
23:14:10 INFO  ProfileMatch              : 
23:14:10 INFO  ProfileMatch              :                 name: Facebook
23:14:10 INFO  ProfileMatch              :             category: SocialMedia
23:14:10 INFO  ProfileMatch              :              version: 4.37.0  [OLD VERSION]
23:14:10 INFO  ProfileMatch              :         release-date: 27.09.2018
23:14:10 INFO  ProfileMatch              :     lib root package: "com.facebook.all"  (in app: "androidx.biometric.auth")
23:14:10 INFO  ProfileMatch              : 
23:14:10 INFO  ProfileMatch              :                 name: Facebook
23:14:10 INFO  ProfileMatch              :             category: SocialMedia
23:14:10 INFO  ProfileMatch              :              version: 4.38.0  [OLD VERSION]
23:14:10 INFO  ProfileMatch              :         release-date: 23.10.2018
23:14:10 INFO  ProfileMatch              :     lib root package: "com.facebook.all"  (in app: "androidx.biometric.auth")
23:14:10 INFO  ProfileMatch              : 
23:14:10 INFO  ProfileMatch              :                 name: Facebook
23:14:10 INFO  ProfileMatch              :             category: SocialMedia
23:14:10 INFO  ProfileMatch              :              version: 4.38.1  [OLD VERSION]
23:14:10 INFO  ProfileMatch              :         release-date: 31.10.2018
23:14:10 INFO  ProfileMatch              :     lib root package: "com.facebook.all"  (in app: "androidx.biometric.auth")
23:14:10 INFO  ProfileMatch              : 
23:14:10 INFO  ProfileMatch              :                 name: Facebook
23:14:10 INFO  ProfileMatch              :             category: SocialMedia
23:14:10 INFO  ProfileMatch              :              version: 4.39.0  [OLD VERSION]
23:14:10 INFO  ProfileMatch              :         release-date: 05.12.2018
23:14:10 INFO  ProfileMatch              :     lib root package: "com.facebook.all"  (in app: "androidx.biometric.auth")
23:14:10 INFO  ProfileMatch              : 
23:14:10 INFO  ProfileMatch              :                 name: Facebook
23:14:10 INFO  ProfileMatch              :             category: SocialMedia
23:14:10 INFO  ProfileMatch              :              version: 4.40.0  [OLD VERSION]
23:14:10 INFO  ProfileMatch              :         release-date: 22.01.2019
23:14:10 INFO  ProfileMatch              :     lib root package: "com.facebook.all"  (in app: "androidx.biometric.auth")
23:14:10 INFO  ProfileMatch              : 
23:14:10 INFO  ProfileMatch              :                 name: Facebook
23:14:10 INFO  ProfileMatch              :             category: SocialMedia
23:14:10 INFO  ProfileMatch              :              version: 4.41.0  [OLD VERSION]
23:14:10 INFO  ProfileMatch              :         release-date: 08.03.2019
23:14:10 INFO  ProfileMatch              :     lib root package: "com.facebook.all"  (in app: "androidx.biometric.auth")
23:14:10 INFO  ProfileMatch              : 
23:14:10 INFO  ProfileMatch              :                 name: Facebook
23:14:10 INFO  ProfileMatch              :             category: SocialMedia
23:14:10 INFO  ProfileMatch              :              version: 4.42.0  [OLD VERSION]
23:14:10 INFO  ProfileMatch              :         release-date: 08.04.2019
23:14:10 INFO  ProfileMatch              :     lib root package: "com.facebook.all"  (in app: "androidx.biometric.auth")
23:14:10 INFO  ProfileMatch              : 
23:14:10 INFO  ProfileMatch              :                 name: Facebook
23:14:10 INFO  ProfileMatch              :             category: SocialMedia
23:14:10 INFO  ProfileMatch              :              version: 5.0.0  [OLD VERSION]
23:14:10 INFO  ProfileMatch              :         release-date: 30.04.2019
23:14:10 INFO  ProfileMatch              :     lib root package: "com.facebook.all"  (in app: "androidx.biometric.auth")
23:14:10 INFO  ProfileMatch              : 
23:14:10 INFO  ProfileMatch              :                 name: Facebook
23:14:10 INFO  ProfileMatch              :             category: SocialMedia
23:14:10 INFO  ProfileMatch              :              version: 5.0.1  [OLD VERSION]
23:14:10 INFO  ProfileMatch              :         release-date: 17.05.2019
23:14:10 INFO  ProfileMatch              :     lib root package: "com.facebook.all"  (in app: "androidx.biometric.auth")
23:14:10 INFO  ProfileMatch              : 
23:14:10 INFO  ProfileMatch              :                 name: Facebook
23:14:10 INFO  ProfileMatch              :             category: SocialMedia
23:14:10 INFO  ProfileMatch              :              version: 5.0.2  [OLD VERSION]
23:14:10 INFO  ProfileMatch              :         release-date: 09.06.2019
23:14:10 INFO  ProfileMatch              :     lib root package: "com.facebook.all"  (in app: "androidx.biometric.auth")
23:14:10 INFO  ProfileMatch              : 
23:14:10 INFO  ProfileMatch              :                 name: Facebook
23:14:10 INFO  ProfileMatch              :             category: SocialMedia
23:14:10 INFO  ProfileMatch              :              version: 5.0.3  [OLD VERSION]
23:14:10 INFO  ProfileMatch              :         release-date: 14.06.2019
23:14:10 INFO  ProfileMatch              :     lib root package: "com.facebook.all"  (in app: "androidx.biometric.auth")
23:14:10 INFO  ProfileMatch              : 
23:14:10 INFO  ProfileMatch              :                 name: Facebook
23:14:10 INFO  ProfileMatch              :             category: SocialMedia
23:14:10 INFO  ProfileMatch              :              version: 5.1.0  [OLD VERSION]
23:14:10 INFO  ProfileMatch              :         release-date: 21.06.2019
23:14:10 INFO  ProfileMatch              :     lib root package: "com.facebook.all"  (in app: "androidx.biometric.auth")
23:14:10 INFO  ProfileMatch              : 
23:14:10 INFO  ProfileMatch              :                 name: Facebook
23:14:10 INFO  ProfileMatch              :             category: SocialMedia
23:14:10 INFO  ProfileMatch              :              version: 5.1.1  [OLD VERSION]
23:14:10 INFO  ProfileMatch              :         release-date: 02.07.2019
23:14:10 INFO  ProfileMatch              :     lib root package: "com.facebook.all"  (in app: "androidx.biometric.auth")
23:14:10 INFO  ProfileMatch              : 
23:14:10 INFO  ProfileMatch              :                 name: Facebook
23:14:10 INFO  ProfileMatch              :             category: SocialMedia
23:14:10 INFO  ProfileMatch              :              version: 5.2.0  [OLD VERSION]
23:14:10 INFO  ProfileMatch              :         release-date: 29.07.2019
23:14:10 INFO  ProfileMatch              :     lib root package: "com.facebook.all"  (in app: "androidx.biometric.auth")
23:14:10 INFO  ProfileMatch              : 
23:14:10 INFO  ProfileMatch              :                 name: Facebook
23:14:10 INFO  ProfileMatch              :             category: SocialMedia
23:14:10 INFO  ProfileMatch              :              version: 5.4.0  [OLD VERSION]
23:14:10 INFO  ProfileMatch              :         release-date: 16.08.2019
23:14:10 INFO  ProfileMatch              :     lib root package: "com.facebook.all"  (in app: "androidx.biometric.auth")
23:14:10 INFO  ProfileMatch              : 
23:14:10 INFO  ProfileMatch              :                 name: Facebook
23:14:10 INFO  ProfileMatch              :             category: SocialMedia
23:14:10 INFO  ProfileMatch              :              version: 5.5.0  [OLD VERSION]
23:14:10 INFO  ProfileMatch              :         release-date: 31.08.2019
23:14:10 INFO  ProfileMatch              :     lib root package: "com.facebook.all"  (in app: "androidx.biometric.auth")
23:14:10 INFO  ProfileMatch              : 
23:14:10 INFO  ProfileMatch              :                 name: Facebook
23:14:10 INFO  ProfileMatch              :             category: SocialMedia
23:14:10 INFO  ProfileMatch              :              version: 5.5.1  [OLD VERSION]
23:14:10 INFO  ProfileMatch              :         release-date: 06.09.2019
23:14:10 INFO  ProfileMatch              :     lib root package: "com.facebook.all"  (in app: "androidx.biometric.auth")
23:14:10 INFO  ProfileMatch              : 
23:14:10 INFO  ProfileMatch              :                 name: Facebook
23:14:10 INFO  ProfileMatch              :             category: SocialMedia
23:14:10 INFO  ProfileMatch              :              version: 5.5.2  [OLD VERSION]
23:14:10 INFO  ProfileMatch              :         release-date: 05.10.2019
23:14:10 INFO  ProfileMatch              :     lib root package: "com.facebook.all"  (in app: "androidx.biometric.auth")
23:14:10 INFO  ProfileMatch              : 
23:14:10 INFO  ProfileMatch              :                 name: Facebook
23:14:10 INFO  ProfileMatch              :             category: SocialMedia
23:14:10 INFO  ProfileMatch              :              version: 5.8.0  [OLD VERSION]
23:14:10 INFO  ProfileMatch              :         release-date: 08.10.2019
23:14:10 INFO  ProfileMatch              :     lib root package: "com.facebook.all"  (in app: "androidx.biometric.auth")
23:14:10 INFO  ProfileMatch              : 
23:14:10 INFO  ProfileMatch              :                 name: Facebook
23:14:10 INFO  ProfileMatch              :             category: SocialMedia
23:14:10 INFO  ProfileMatch              :              version: 5.9.0  [OLD VERSION]
23:14:10 INFO  ProfileMatch              :         release-date: 29.10.2019
23:14:10 INFO  ProfileMatch              :     lib root package: "com.facebook.all"  (in app: "androidx.biometric.auth")
23:14:10 INFO  ProfileMatch              : 
23:14:10 INFO  ProfileMatch              :                 name: Facebook
23:14:10 INFO  ProfileMatch              :             category: SocialMedia
23:14:10 INFO  ProfileMatch              :              version: 5.11.0  [OLD VERSION]
23:14:10 INFO  ProfileMatch              :         release-date: 15.11.2019
23:14:10 INFO  ProfileMatch              :     lib root package: "com.facebook.all"  (in app: "androidx.biometric.auth")
23:14:10 INFO  ProfileMatch              : 
23:14:10 INFO  ProfileMatch              :                 name: Facebook
23:14:10 INFO  ProfileMatch              :             category: SocialMedia
23:14:10 INFO  ProfileMatch              :              version: 5.11.1  [OLD VERSION]
23:14:10 INFO  ProfileMatch              :         release-date: 21.11.2019
23:14:10 INFO  ProfileMatch              :     lib root package: "com.facebook.all"  (in app: "androidx.biometric.auth")
23:14:10 INFO  ProfileMatch              : 
23:14:10 INFO  ProfileMatch              :                 name: Facebook
23:14:10 INFO  ProfileMatch              :             category: SocialMedia
23:14:10 INFO  ProfileMatch              :              version: 5.11.2  [OLD VERSION]
23:14:10 INFO  ProfileMatch              :         release-date: 22.11.2019
23:14:10 INFO  ProfileMatch              :     lib root package: "com.facebook.all"  (in app: "androidx.biometric.auth")
23:14:10 INFO  ProfileMatch              : 
23:14:10 INFO  ProfileMatch              :                 name: Facebook
23:14:10 INFO  ProfileMatch              :             category: SocialMedia
23:14:10 INFO  ProfileMatch              :              version: 5.12.0  [OLD VERSION]
23:14:10 INFO  ProfileMatch              :         release-date: 04.12.2019
23:14:10 INFO  ProfileMatch              :     lib root package: "com.facebook.all"  (in app: "androidx.biometric.auth")
23:14:10 INFO  ProfileMatch              : 
23:14:10 INFO  ProfileMatch              :                 name: Facebook
23:14:10 INFO  ProfileMatch              :             category: SocialMedia
23:14:10 INFO  ProfileMatch              :              version: 5.12.1  [OLD VERSION]
23:14:10 INFO  ProfileMatch              :         release-date: 09.12.2019
23:14:10 INFO  ProfileMatch              :     lib root package: "com.facebook.all"  (in app: "androidx.biometric.auth")
23:14:10 INFO  ProfileMatch              : 
23:14:10 INFO  ProfileMatch              :                 name: Facebook
23:14:10 INFO  ProfileMatch              :             category: SocialMedia
23:14:10 INFO  ProfileMatch              :              version: 5.13.0  [OLD VERSION]
23:14:10 INFO  ProfileMatch              :         release-date: 12.12.2019
23:14:10 INFO  ProfileMatch              :     lib root package: "com.facebook.all"  (in app: "androidx.biometric.auth")
23:14:10 INFO  ProfileMatch              : 
23:14:10 INFO  ProfileMatch              :                 name: Facebook
23:14:10 INFO  ProfileMatch              :             category: SocialMedia
23:14:10 INFO  ProfileMatch              :              version: 5.15.0  [OLD VERSION]
23:14:10 INFO  ProfileMatch              :         release-date: 21.01.2020
23:14:10 INFO  ProfileMatch              :     lib root package: "com.facebook.all"  (in app: "androidx.biometric.auth")
23:14:10 INFO  ProfileMatch              : 
23:14:10 INFO  ProfileMatch              :                 name: Facebook
23:14:10 INFO  ProfileMatch              :             category: SocialMedia
23:14:10 INFO  ProfileMatch              :              version: 5.15.1  [OLD VERSION]
23:14:10 INFO  ProfileMatch              :         release-date: 29.01.2020
23:14:10 INFO  ProfileMatch              :     lib root package: "com.facebook.all"  (in app: "androidx.biometric.auth")
23:14:10 INFO  ProfileMatch              : 
23:14:10 INFO  ProfileMatch              :                 name: Facebook
23:14:10 INFO  ProfileMatch              :             category: SocialMedia
23:14:10 INFO  ProfileMatch              :              version: 5.15.2  [OLD VERSION]
23:14:10 INFO  ProfileMatch              :         release-date: 03.02.2020
23:14:10 INFO  ProfileMatch              :     lib root package: "com.facebook.all"  (in app: "androidx.biometric.auth")
23:14:10 INFO  ProfileMatch              : 
23:14:10 INFO  ProfileMatch              :                 name: Facebook
23:14:10 INFO  ProfileMatch              :             category: SocialMedia
23:14:10 INFO  ProfileMatch              :              version: 5.15.3  [OLD VERSION]
23:14:10 INFO  ProfileMatch              :         release-date: 03.02.2020
23:14:10 INFO  ProfileMatch              :     lib root package: "com.facebook.all"  (in app: "androidx.biometric.auth")
23:14:10 INFO  ProfileMatch              : 
23:14:10 INFO  ProfileMatch              :                 name: Facebook
23:14:10 INFO  ProfileMatch              :             category: SocialMedia
23:14:10 INFO  ProfileMatch              :              version: 6.0.0  [OLD VERSION]
23:14:10 INFO  ProfileMatch              :         release-date: 03.02.2020
23:14:10 INFO  ProfileMatch              :     lib root package: "com.facebook.all"  (in app: "androidx.biometric.auth")
23:14:10 INFO  ProfileMatch              : 
23:14:10 INFO  ProfileMatch              :                 name: Facebook
23:14:10 INFO  ProfileMatch              :             category: SocialMedia
23:14:10 INFO  ProfileMatch              :              version: 6.1.0  [OLD VERSION]
23:14:10 INFO  ProfileMatch              :         release-date: 14.02.2020
23:14:10 INFO  ProfileMatch              :     lib root package: "com.facebook.all"  (in app: "androidx.biometric.auth")
23:14:10 INFO  ProfileMatch              : 
23:14:10 INFO  ProfileMatch              :                 name: Facebook
23:14:10 INFO  ProfileMatch              :             category: SocialMedia
23:14:10 INFO  ProfileMatch              :              version: 6.2.0  [OLD VERSION]
23:14:10 INFO  ProfileMatch              :         release-date: 09.03.2020
23:14:10 INFO  ProfileMatch              :     lib root package: "com.facebook.all"  (in app: "androidx.biometric.auth")
23:14:10 INFO  ProfileMatch              : 
23:14:10 INFO  ProfileMatch              :                 name: Facebook
23:14:10 INFO  ProfileMatch              :             category: SocialMedia
23:14:10 INFO  ProfileMatch              :              version: 6.3.0  [OLD VERSION]
23:14:10 INFO  ProfileMatch              :         release-date: 25.03.2020
23:14:10 INFO  ProfileMatch              :     lib root package: "com.facebook.all"  (in app: "androidx.biometric.auth")
23:14:10 INFO  ProfileMatch              : 
23:14:10 INFO  ProfileMatch              :                 name: Facebook
23:14:10 INFO  ProfileMatch              :             category: SocialMedia
23:14:10 INFO  ProfileMatch              :              version: 6.4.0  [OLD VERSION]
23:14:10 INFO  ProfileMatch              :         release-date: 15.04.2020
23:14:10 INFO  ProfileMatch              :     lib root package: "com.facebook.all"  (in app: "androidx.biometric.auth")
23:14:10 INFO  ProfileMatch              : 
23:14:10 INFO  ProfileMatch              :                 name: Facebook
23:14:10 INFO  ProfileMatch              :             category: SocialMedia
23:14:10 INFO  ProfileMatch              :              version: 6.5.0  [OLD VERSION]
23:14:10 INFO  ProfileMatch              :         release-date: 20.04.2020
23:14:10 INFO  ProfileMatch              :     lib root package: "com.facebook.all"  (in app: "androidx.biometric.auth")
23:14:10 INFO  ProfileMatch              : 
23:14:10 INFO  ProfileMatch              :                 name: Facebook
23:14:10 INFO  ProfileMatch              :             category: SocialMedia
23:14:10 INFO  ProfileMatch              :              version: 6.5.1  [OLD VERSION]
23:14:10 INFO  ProfileMatch              :         release-date: 23.04.2020
23:14:10 INFO  ProfileMatch              :     lib root package: "com.facebook.all"  (in app: "androidx.biometric.auth")
23:14:10 INFO  ProfileMatch              : 
23:14:10 INFO  ProfileMatch              :                 name: Facebook
23:14:10 INFO  ProfileMatch              :             category: SocialMedia
23:14:10 INFO  ProfileMatch              :              version: 7.0.0  [OLD VERSION]
23:14:10 INFO  ProfileMatch              :         release-date: 05.05.2020
23:14:10 INFO  ProfileMatch              :     lib root package: "com.facebook.all"  (in app: "androidx.biometric.auth")
23:14:10 INFO  ProfileMatch              : 
23:14:10 INFO  ProfileMatch              :                 name: Facebook
23:14:10 INFO  ProfileMatch              :             category: SocialMedia
23:14:10 INFO  ProfileMatch              :              version: 7.0.1  [OLD VERSION]
23:14:10 INFO  ProfileMatch              :         release-date: 09.06.2020
23:14:10 INFO  ProfileMatch              :     lib root package: "com.facebook.all"  (in app: "androidx.biometric.auth")
23:14:10 INFO  ProfileMatch              : 
23:14:10 INFO  ProfileMatch              :                 name: Facebook
23:14:10 INFO  ProfileMatch              :             category: SocialMedia
23:14:10 INFO  ProfileMatch              :              version: 7.1.0  [OLD VERSION]
23:14:10 INFO  ProfileMatch              :         release-date: 23.06.2020
23:14:10 INFO  ProfileMatch              :     lib root package: "com.facebook.all"  (in app: "androidx.biometric.auth")
23:14:10 INFO  ProfileMatch              : 
23:14:10 INFO  ProfileMatch              :                 name: Facebook
23:14:10 INFO  ProfileMatch              :             category: SocialMedia
23:14:10 INFO  ProfileMatch              :              version: 8.0.0  [OLD VERSION]
23:14:10 INFO  ProfileMatch              :         release-date: 28.09.2020
23:14:10 INFO  ProfileMatch              :     lib root package: "com.facebook.all"  (in app: "androidx.biometric.auth")
23:14:10 INFO  ProfileMatch              : 
23:14:10 INFO  ProfileMatch              :                 name: Facebook
23:14:10 INFO  ProfileMatch              :             category: SocialMedia
23:14:10 INFO  ProfileMatch              :              version: 8.1.0  [OLD VERSION]
23:14:10 INFO  ProfileMatch              :         release-date: 14.10.2020
23:14:10 INFO  ProfileMatch              :     lib root package: "com.facebook.all"  (in app: "androidx.biometric.auth")
23:14:10 INFO  ProfileMatch              : 
23:14:10 INFO  ProfileMatch              :                 name: Facebook
23:14:10 INFO  ProfileMatch              :             category: SocialMedia
23:14:10 INFO  ProfileMatch              :              version: 8.2.0  [OLD VERSION]
23:14:10 INFO  ProfileMatch              :         release-date: 18.12.2020
23:14:10 INFO  ProfileMatch              :     lib root package: "com.facebook.all"  (in app: "androidx.biometric.auth")
23:14:10 INFO  ProfileMatch              : 
23:14:10 INFO  ProfileMatch              :                 name: Facebook
23:14:10 INFO  ProfileMatch              :             category: SocialMedia
23:14:10 INFO  ProfileMatch              :              version: 9.0.0  [OLD VERSION]
23:14:10 INFO  ProfileMatch              :         release-date: 19.01.2021
23:14:10 INFO  ProfileMatch              :     lib root package: "com.facebook.all"  (in app: "androidx.biometric.auth")
23:14:10 INFO  ProfileMatch              : 
23:14:10 INFO  ProfileMatch              :                 name: Facebook
23:14:10 INFO  ProfileMatch              :             category: SocialMedia
23:14:10 INFO  ProfileMatch              :              version: 9.1.0  [OLD VERSION]
23:14:10 INFO  ProfileMatch              :         release-date: 15.03.2021
23:14:10 INFO  ProfileMatch              :     lib root package: "com.facebook.all"  (in app: "androidx.biometric.auth")
23:14:10 INFO  ProfileMatch              : 
23:14:10 INFO  ProfileMatch              :                 name: Facebook
23:14:10 INFO  ProfileMatch              :             category: SocialMedia
23:14:10 INFO  ProfileMatch              :              version: 9.1.1  [OLD VERSION]
23:14:10 INFO  ProfileMatch              :         release-date: 12.04.2021
23:14:10 INFO  ProfileMatch              :     lib root package: "com.facebook.all"  (in app: "androidx.biometric.auth")
23:14:10 INFO  ProfileMatch              : 
23:14:10 INFO  ProfileMatch              :                 name: Facebook
23:14:10 INFO  ProfileMatch              :             category: SocialMedia
23:14:10 INFO  ProfileMatch              :              version: 11.0.0  [OLD VERSION]
23:14:10 INFO  ProfileMatch              :         release-date: 08.06.2021
23:14:10 INFO  ProfileMatch              :     lib root package: "com.facebook.all"  (in app: "androidx.biometric.auth")
23:14:10 INFO  ProfileMatch              : 
23:14:10 INFO  ProfileMatch              :                 name: Facebook
23:14:10 INFO  ProfileMatch              :             category: SocialMedia
23:14:10 INFO  ProfileMatch              :              version: 11.1.0  [OLD VERSION]
23:14:10 INFO  ProfileMatch              :         release-date: 06.07.2021
23:14:10 INFO  ProfileMatch              :     lib root package: "com.facebook.all"  (in app: "androidx.biometric.auth")
23:14:10 INFO  ProfileMatch              : 
23:14:10 INFO  ProfileMatch              :                 name: Facebook
23:14:10 INFO  ProfileMatch              :             category: SocialMedia
23:14:10 INFO  ProfileMatch              :              version: 11.1.1  [OLD VERSION]
23:14:10 INFO  ProfileMatch              :         release-date: 19.07.2021
23:14:10 INFO  ProfileMatch              :     lib root package: "com.facebook.all"  (in app: "androidx.biometric.auth")
23:14:10 INFO  ProfileMatch              : 
23:14:10 INFO  ProfileMatch              :                 name: Facebook
23:14:10 INFO  ProfileMatch              :             category: SocialMedia
23:14:10 INFO  ProfileMatch              :              version: 11.2.0  [OLD VERSION]
23:14:10 INFO  ProfileMatch              :         release-date: 03.08.2021
23:14:10 INFO  ProfileMatch              :     lib root package: "com.facebook.all"  (in app: "androidx.biometric.auth")
23:14:10 INFO  ProfileMatch              : 
23:14:10 INFO  ProfileMatch              :                 name: Facebook
23:14:10 INFO  ProfileMatch              :             category: SocialMedia
23:14:10 INFO  ProfileMatch              :              version: 11.3.0  [OLD VERSION]
23:14:10 INFO  ProfileMatch              :         release-date: 07.09.2021
23:14:10 INFO  ProfileMatch              :     lib root package: "com.facebook.all"  (in app: "androidx.biometric.auth")
23:14:10 INFO  ProfileMatch              : 
23:14:10 INFO  ProfileMatch              :                 name: Facebook
23:14:10 INFO  ProfileMatch              :             category: SocialMedia
23:14:10 INFO  ProfileMatch              :              version: 12.0.0  [OLD VERSION]
23:14:10 INFO  ProfileMatch              :         release-date: 05.10.2021
23:14:10 INFO  ProfileMatch              :     lib root package: "com.facebook.all"  (in app: "androidx.biometric.auth")
23:14:10 INFO  ProfileMatch              : 
23:14:10 INFO  ProfileMatch              :                 name: Facebook
23:14:10 INFO  ProfileMatch              :             category: SocialMedia
23:14:10 INFO  ProfileMatch              :              version: 12.0.1  [OLD VERSION]
23:14:10 INFO  ProfileMatch              :         release-date: 13.10.2021
23:14:10 INFO  ProfileMatch              :     lib root package: "com.facebook.all"  (in app: "androidx.biometric.auth")
23:14:10 INFO  ProfileMatch              : 
23:14:10 INFO  ProfileMatch              :                 name: Facebook
23:14:10 INFO  ProfileMatch              :             category: SocialMedia
23:14:10 INFO  ProfileMatch              :              version: 12.1.0  [OLD VERSION]
23:14:10 INFO  ProfileMatch              :         release-date: 01.11.2021
23:14:10 INFO  ProfileMatch              :     lib root package: "com.facebook.all"  (in app: "androidx.biometric.auth")
23:14:10 INFO  ProfileMatch              : 
23:14:10 INFO  ProfileMatch              :                 name: Facebook
23:14:10 INFO  ProfileMatch              :             category: SocialMedia
23:14:10 INFO  ProfileMatch              :              version: 12.2.0  [OLD VERSION]
23:14:10 INFO  ProfileMatch              :         release-date: 06.12.2021
23:14:10 INFO  ProfileMatch              :     lib root package: "com.facebook.all"  (in app: "androidx.biometric.auth")
23:14:10 INFO  ProfileMatch              : 
23:14:10 INFO  ProfileMatch              :                 name: Facebook
23:14:10 INFO  ProfileMatch              :             category: SocialMedia
23:14:10 INFO  ProfileMatch              :              version: 12.3.0  [OLD VERSION]
23:14:10 INFO  ProfileMatch              :         release-date: 10.01.2022
23:14:10 INFO  ProfileMatch              :     lib root package: "com.facebook.all"  (in app: "androidx.biometric.auth")
23:14:10 INFO  ProfileMatch              : 
23:14:10 INFO  ProfileMatch              :                 name: Facebook
23:14:10 INFO  ProfileMatch              :             category: SocialMedia
23:14:10 INFO  ProfileMatch              :              version: 13.0.0  [OLD VERSION]
23:14:10 INFO  ProfileMatch              :         release-date: 23.02.2022
23:14:10 INFO  ProfileMatch              :     lib root package: "com.facebook.all"  (in app: "androidx.biometric.auth")
23:14:10 INFO  ProfileMatch              : 
23:14:10 INFO  ProfileMatch              :                 name: Facebook
23:14:10 INFO  ProfileMatch              :             category: SocialMedia
23:14:10 INFO  ProfileMatch              :              version: 13.1.0  [OLD VERSION]
23:14:10 INFO  ProfileMatch              :         release-date: 21.03.2022
23:14:10 INFO  ProfileMatch              :     lib root package: "com.facebook.all"  (in app: "androidx.biometric.auth")
23:14:10 INFO  ProfileMatch              : 
23:14:10 INFO  ProfileMatch              :                 name: Facebook
23:14:10 INFO  ProfileMatch              :             category: SocialMedia
23:14:10 INFO  ProfileMatch              :              version: 13.2.0  [OLD VERSION]
23:14:10 INFO  ProfileMatch              :         release-date: 22.04.2022
23:14:10 INFO  ProfileMatch              :     lib root package: "com.facebook.all"  (in app: "androidx.biometric.auth")
23:14:10 INFO  ProfileMatch              : 
23:14:10 INFO  ProfileMatch              :                 name: Facebook
23:14:10 INFO  ProfileMatch              :             category: SocialMedia
23:14:10 INFO  ProfileMatch              :              version: 14.0.0
23:14:10 INFO  ProfileMatch              :         release-date: 14.06.2022
23:14:10 INFO  ProfileMatch              :     lib root package: "com.facebook.all"  (in app: "androidx.biometric.auth")
23:14:10 INFO  ProfileMatch              : 
23:14:10 INFO  LibraryIdentifier         : 
23:14:10 INFO  LibraryIdentifier         : - Partial library matches:
23:14:10 INFO  LibraryIdentifier         : 
23:14:10 INFO  LibraryIdentifier         : App processing time: 59 sec, 146 ms
