03:00:54 INFO  LibraryIdentifier         : Process app: com.matejdro.pebbledialer_41.apk
03:00:54 INFO  LibraryIdentifier         : = Manifest Parser =
03:00:54 INFO  LibraryIdentifier         :         Package name: com.matejdro.pebbledialer
03:00:54 INFO  LibraryIdentifier         :         Version code: 41
03:00:54 INFO  LibraryIdentifier         :        minSdkVersion: 14
03:00:54 INFO  LibraryIdentifier         :     targetSdkVersion: 25
03:00:54 INFO  LibraryIdentifier         :         SharedUserId:  - none -
03:00:54 INFO  LibraryIdentifier         :     Library dependencies:  - none -
03:00:54 INFO  LibraryIdentifier         : 
03:00:55 INFO  LibraryIdentifier         : Found 402 unique libraries in 12405 library profiles
03:00:55 INFO  LibraryIdentifier         : Generated class hierarchy (in 657 ms)
03:00:55 INFO  WalaUtils                 : 
03:00:55 INFO  WalaUtils                 : = ClassHierarchy Stats =
03:00:55 INFO  WalaUtils                 :     # of classes: 2404
03:00:55 INFO  WalaUtils                 :     # thereof inner classes: 1450
03:00:55 INFO  WalaUtils                 :     # thereof public classes: 1128
03:00:55 INFO  WalaUtils                 :         Activity : 7
03:00:55 INFO  WalaUtils                 :         Application : 3
03:00:55 INFO  WalaUtils                 :         AsyncTask : 4
03:00:55 INFO  WalaUtils                 :         BroadcastReceiver : 19
03:00:55 INFO  WalaUtils                 :         ContentProvider : 1
03:00:55 INFO  WalaUtils                 :         Fragment : 25
03:00:55 INFO  WalaUtils                 :         Handler : 12
03:00:55 INFO  WalaUtils                 :         LayoutContainer : 58
03:00:55 INFO  WalaUtils                 :         Plain : 2234
03:00:55 INFO  WalaUtils                 :         Runnable : 0
03:00:55 INFO  WalaUtils                 :         Service : 10
03:00:55 INFO  WalaUtils                 :         Thread : 2
03:00:55 INFO  WalaUtils                 :         View : 29
03:00:55 INFO  WalaUtils                 :     # methods: 18849
03:00:55 INFO  WalaUtils                 :         # of publicly accessible methods: 13547
03:00:55 INFO  WalaUtils                 :         # of non-accessible methods: 5302
03:00:55 INFO  WalaUtils                 : 
03:00:55 INFO  Profile                   : = PackageTree =
03:00:56 INFO  PackageTree               : Root Package: android.support
03:00:56 INFO  PackageTree               : └── Root
03:00:56 INFO  PackageTree               :     ├── android
03:00:56 INFO  PackageTree               :     │   └── support
03:00:56 INFO  PackageTree               :     │       ├── v14
03:00:56 INFO  PackageTree               :     │       │   └── preference (20)
03:00:56 INFO  PackageTree               :     │       ├── transition (145)
03:00:56 INFO  PackageTree               :     │       ├── v4
03:00:56 INFO  PackageTree               :     │       │   ├── media (138)
03:00:56 INFO  PackageTree               :     │       │   │   ├── session (92)
03:00:56 INFO  PackageTree               :     │       │   │   └── app (3)
03:00:56 INFO  PackageTree               :     │       │   ├── graphics (20)
03:00:56 INFO  PackageTree               :     │       │   │   └── drawable (20)
03:00:56 INFO  PackageTree               :     │       │   ├── os (25)
03:00:56 INFO  PackageTree               :     │       │   ├── widget (118)
03:00:56 INFO  PackageTree               :     │       │   ├── net (11)
03:00:56 INFO  PackageTree               :     │       │   ├── content (35)
03:00:56 INFO  PackageTree               :     │       │   │   ├── res (9)
03:00:56 INFO  PackageTree               :     │       │   │   └── pm (5)
03:00:56 INFO  PackageTree               :     │       │   ├── text (17)
03:00:56 INFO  PackageTree               :     │       │   │   └── util (4)
03:00:56 INFO  PackageTree               :     │       │   ├── app (206)
03:00:56 INFO  PackageTree               :     │       │   ├── provider (34)
03:00:56 INFO  PackageTree               :     │       │   ├── view (117)
03:00:56 INFO  PackageTree               :     │       │   │   ├── accessibility (44)
03:00:56 INFO  PackageTree               :     │       │   │   └── animation (6)
03:00:56 INFO  PackageTree               :     │       │   ├── util (31)
03:00:56 INFO  PackageTree               :     │       │   ├── hardware
03:00:56 INFO  PackageTree               :     │       │   │   ├── fingerprint (13)
03:00:56 INFO  PackageTree               :     │       │   │   └── display (3)
03:00:56 INFO  PackageTree               :     │       │   ├── print (16)
03:00:56 INFO  PackageTree               :     │       │   ├── accessibilityservice (4)
03:00:56 INFO  PackageTree               :     │       │   ├── math (1)
03:00:56 INFO  PackageTree               :     │       │   ├── internal
03:00:56 INFO  PackageTree               :     │       │   │   └── view (3)
03:00:56 INFO  PackageTree               :     │       │   └── database (1)
03:00:56 INFO  PackageTree               :     │       ├── v7
03:00:56 INFO  PackageTree               :     │       │   ├── widget (321)
03:00:56 INFO  PackageTree               :     │       │   │   ├── helper (18)
03:00:56 INFO  PackageTree               :     │       │   │   └── util (1)
03:00:56 INFO  PackageTree               :     │       │   ├── app (96)
03:00:56 INFO  PackageTree               :     │       │   ├── util (30)
03:00:56 INFO  PackageTree               :     │       │   ├── view (14)
03:00:56 INFO  PackageTree               :     │       │   │   └── menu (48)
03:00:56 INFO  PackageTree               :     │       │   ├── content
03:00:56 INFO  PackageTree               :     │       │   │   └── res (4)
03:00:56 INFO  PackageTree               :     │       │   ├── preference (66)
03:00:56 INFO  PackageTree               :     │       │   │   └── internal (1)
03:00:56 INFO  PackageTree               :     │       │   ├── graphics
03:00:56 INFO  PackageTree               :     │       │   │   └── drawable (3)
03:00:56 INFO  PackageTree               :     │       │   ├── text (1)
03:00:56 INFO  PackageTree               :     │       │   └── internal
03:00:56 INFO  PackageTree               :     │       │       └── widget (1)
03:00:56 INFO  PackageTree               :     │       ├── annotation (51)
03:00:56 INFO  PackageTree               :     │       ├── design
03:00:56 INFO  PackageTree               :     │       │   ├── widget (153)
03:00:56 INFO  PackageTree               :     │       │   └── internal (33)
03:00:56 INFO  PackageTree               :     │       ├── graphics
03:00:56 INFO  PackageTree               :     │       │   └── drawable (23)
03:00:56 INFO  PackageTree               :     │       └── multidex (9)
03:00:56 INFO  PackageTree               :     ├── com
03:00:56 INFO  PackageTree               :     │   ├── matejdro
03:00:56 INFO  PackageTree               :     │   │   ├── pebblecommons (1)
03:00:56 INFO  PackageTree               :     │   │   │   ├── pebble (18)
03:00:56 INFO  PackageTree               :     │   │   │   ├── util (22)
03:00:56 INFO  PackageTree               :     │   │   │   ├── vibration (5)
03:00:56 INFO  PackageTree               :     │   │   │   ├── messages (7)
03:00:56 INFO  PackageTree               :     │   │   │   ├── notification (1)
03:00:56 INFO  PackageTree               :     │   │   │   └── userprompt (4)
03:00:56 INFO  PackageTree               :     │   │   └── pebbledialer (3)
03:00:56 INFO  PackageTree               :     │   │       ├── ui (19)
03:00:56 INFO  PackageTree               :     │   │       │   └── fragments (5)
03:00:56 INFO  PackageTree               :     │   │       │       └── settings (20)
03:00:56 INFO  PackageTree               :     │   │       ├── tasker (6)
03:00:56 INFO  PackageTree               :     │   │       ├── modules (15)
03:00:56 INFO  PackageTree               :     │   │       ├── callactions (11)
03:00:56 INFO  PackageTree               :     │   │       ├── notifications (2)
03:00:56 INFO  PackageTree               :     │   │       └── pebble (1)
03:00:56 INFO  PackageTree               :     │   ├── getpebble
03:00:56 INFO  PackageTree               :     │   │   └── android
03:00:56 INFO  PackageTree               :     │   │       └── kit (9)
03:00:56 INFO  PackageTree               :     │   │           └── util (7)
03:00:56 INFO  PackageTree               :     │   └── android
03:00:56 INFO  PackageTree               :     │       └── internal
03:00:56 INFO  PackageTree               :     │           └── telephony (1)
03:00:56 INFO  PackageTree               :     ├── javax
03:00:56 INFO  PackageTree               :     │   └── annotation (24)
03:00:56 INFO  PackageTree               :     │       ├── concurrent (4)
03:00:56 INFO  PackageTree               :     │       └── meta (7)
03:00:56 INFO  PackageTree               :     ├── ar
03:00:56 INFO  PackageTree               :     │   └── com
03:00:56 INFO  PackageTree               :     │       └── hjg
03:00:56 INFO  PackageTree               :     │           └── pngj (54)
03:00:56 INFO  PackageTree               :     │               ├── chunks (43)
03:00:56 INFO  PackageTree               :     │               └── pixels (13)
03:00:56 INFO  PackageTree               :     ├── de
03:00:56 INFO  PackageTree               :     │   └── psdev
03:00:56 INFO  PackageTree               :     │       └── licensesdialog (13)
03:00:56 INFO  PackageTree               :     │           ├── licenses (11)
03:00:56 INFO  PackageTree               :     │           └── model (4)
03:00:56 INFO  PackageTree               :     ├── org
03:00:56 INFO  PackageTree               :     │   └── java_websocket (11)
03:00:56 INFO  PackageTree               :     │       ├── exceptions (7)
03:00:56 INFO  PackageTree               :     │       ├── handshake (9)
03:00:56 INFO  PackageTree               :     │       ├── util (5)
03:00:56 INFO  PackageTree               :     │       ├── server (6)
03:00:56 INFO  PackageTree               :     │       ├── framing (6)
03:00:56 INFO  PackageTree               :     │       ├── client (3)
03:00:56 INFO  PackageTree               :     │       └── drafts (8)
03:00:56 INFO  PackageTree               :     └── timber
03:00:56 INFO  PackageTree               :         └── log (5)
03:00:56 INFO  Profile                   : 
03:00:56 INFO  AppProfile                : - generated app package tree (in 45 ms)
03:00:56 INFO  AppProfile                : 
03:00:56 DEBUG HashTree                  : Generate hash tree..
03:00:56 DEBUG HashTree                  :     - generated 83 package hashes.
03:00:56 DEBUG HashTree                  :     - generated 2256 clazz hashes.
03:00:56 DEBUG HashTree                  :     - generated 18849 method hashes.
03:00:56 DEBUG HashTree                  :     => Library Hash: ec95c1cf6389e5a97a95ed948388ca13
03:00:56 INFO  AppProfile                : - generated app hash trees (in 445 ms)
03:00:56 INFO  AppProfile                : 
03:00:56 INFO  LibraryIdentifier         : = Scan for library root packages (heuristic) =
03:00:56 INFO  LibraryIdentifier         :     - Found lib root package android.support.v4.media  (androidx.media::media)
03:00:56 INFO  LibraryIdentifier         :     - Found lib root package android.support.graphics.drawable  (com.android.support::animated-vector-drawable)
03:00:56 INFO  LibraryIdentifier         :     - Found lib root package android.support.v7  (com.android.support::appcompat-v7)
03:00:56 INFO  LibraryIdentifier         :     - Found lib root package android.support.v4.view  (com.android.support::asynclayoutinflater)
03:00:56 INFO  LibraryIdentifier         :     - Found lib root package android.support.v7.widget  (com.android.support::cardview-v7)
03:00:56 INFO  LibraryIdentifier         :     - Found lib root package android.support.v4.util  (com.android.support::collections)
03:00:56 INFO  LibraryIdentifier         :     - Found lib root package android.support.v4.widget  (com.android.support::cursoradapter)
03:00:56 INFO  LibraryIdentifier         :     - Found lib root package android.support.v4  (com.android.support::customview)
03:00:56 INFO  LibraryIdentifier         :     - Found lib root package android.support.design  (com.android.support::design)
03:00:56 INFO  LibraryIdentifier         :     - Found lib root package android.support.v4.provider  (com.android.support::documentfile)
03:00:56 INFO  LibraryIdentifier         :     - Found lib root package android.support.v4.widget  (com.android.support::drawerlayout)
03:00:56 INFO  LibraryIdentifier         :     - Found lib root package android.support.v7.widget  (com.android.support::gridlayout-v7)
03:00:56 INFO  LibraryIdentifier         :     - Found lib root package android.support.v4.view.animation  (com.android.support::interpolator)
03:00:56 INFO  LibraryIdentifier         :     - Found lib root package android.support.v4  (com.android.support::loader)
03:00:56 INFO  LibraryIdentifier         :     - Found lib root package android.support.v4.content  (com.android.support::localbroadcastmanager)
03:00:56 INFO  LibraryIdentifier         :     - Found lib root package android.support.v7  (com.android.support::mediarouter-v7)
03:00:56 INFO  LibraryIdentifier         :     - Found lib root package android.support.multidex  (com.android.support::multidex)
03:00:56 INFO  LibraryIdentifier         :     - Found lib root package android.support.v7.graphics  (com.android.support::palette-v7)
03:00:56 INFO  LibraryIdentifier         :     - Found lib root package android.support.v14.preference  (com.android.support::preference-v14)
03:00:56 INFO  LibraryIdentifier         :     - Found lib root package android.support.v7  (com.android.support::preference-v7)
03:00:56 INFO  LibraryIdentifier         :     - Found lib root package android.support.v4.print  (com.android.support::print)
03:00:56 INFO  LibraryIdentifier         :     - Found lib root package android.support.v7.widget  (com.android.support::recyclerview-v7)
03:00:56 INFO  LibraryIdentifier         :     - Found lib root package android.support.v4.widget  (com.android.support::slidingpanelayout)
03:00:56 INFO  LibraryIdentifier         :     - Found lib root package android.support.annotation  (com.android.support::support-annotations)
03:00:56 INFO  LibraryIdentifier         :     - Found lib root package android.support.v4  (com.android.support::support-compat)
03:00:56 INFO  LibraryIdentifier         :     - Found lib root package android.support.v4  (com.android.support::support-core-ui)
03:00:56 INFO  LibraryIdentifier         :     - Found lib root package android.support.v4  (com.android.support::support-core-utils)
03:00:56 INFO  LibraryIdentifier         :     - Found lib root package android.support.v4.app  (com.android.support::support-fragment)
03:00:56 INFO  LibraryIdentifier         :     - Found lib root package android.support.v4.media  (com.android.support::support-media-compat)
03:00:56 INFO  LibraryIdentifier         :     - Found lib root package android.support.v4  (com.android.support::support-v4)
03:00:56 INFO  LibraryIdentifier         :     - Found lib root package android.support.graphics.drawable  (com.android.support::support-vector-drawable)
03:00:56 INFO  LibraryIdentifier         :     - Found lib root package android.support.v4.widget  (com.android.support::swiperefreshlayout)
03:00:56 INFO  LibraryIdentifier         :     - Found lib root package android.support.transition  (com.android.support::transition)
03:00:56 INFO  LibraryIdentifier         :     - Found lib root package android.support.v4.view  (com.android.support::viewpager)
03:00:56 INFO  LibraryIdentifier         :     - Found lib root package com.android  (com.android.tools::common)
03:00:56 INFO  LibraryIdentifier         :     - Found lib root package com.android  (com.android.tools::sdk-common)
03:00:56 INFO  LibraryIdentifier         : 
03:00:56 INFO  LibraryIdentifier         : = Match profiles =
03:01:28 INFO  LibraryIdentifier         :     >> profile matching done (31 sec, 467 ms)
03:01:28 INFO  LibraryIdentifier         : 
03:01:28 INFO  LibraryIdentifier         : == Report ==
03:01:28 INFO  LibraryIdentifier         : - Full library matches:
03:01:28 INFO  ProfileMatch              :                 name: com.android.support::localbroadcastmanager
03:01:28 INFO  ProfileMatch              :             category: Android
03:01:28 INFO  ProfileMatch              :              version: 28.0.0
03:01:28 INFO  ProfileMatch              :         release-date:  --
03:01:28 INFO  ProfileMatch              :     lib root package: "android.support.v4.content"
03:01:28 INFO  ProfileMatch              : 
03:01:28 INFO  ProfileMatch              :                 name: com.android.support::appcompat-v7
03:01:28 INFO  ProfileMatch              :             category: Android
03:01:28 INFO  ProfileMatch              :              version: 26.0.0  [OLD VERSION]
03:01:28 INFO  ProfileMatch              :         release-date:  --
03:01:28 INFO  ProfileMatch              :     lib root package: "android.support.v7"
03:01:28 INFO  ProfileMatch              : 
03:01:28 INFO  ProfileMatch              :                 name: com.android.support::appcompat-v7
03:01:28 INFO  ProfileMatch              :             category: Android
03:01:28 INFO  ProfileMatch              :              version: 26.0.1  [OLD VERSION]
03:01:28 INFO  ProfileMatch              :         release-date:  --
03:01:28 INFO  ProfileMatch              :     lib root package: "android.support.v7"
03:01:28 INFO  ProfileMatch              : 
03:01:28 INFO  ProfileMatch              :                 name: com.android.support::appcompat-v7
03:01:28 INFO  ProfileMatch              :             category: Android
03:01:28 INFO  ProfileMatch              :              version: 26.0.2  [OLD VERSION]
03:01:28 INFO  ProfileMatch              :         release-date:  --
03:01:28 INFO  ProfileMatch              :     lib root package: "android.support.v7"
03:01:28 INFO  ProfileMatch              : 
03:01:28 INFO  ProfileMatch              :                 name: com.android.support::appcompat-v7
03:01:28 INFO  ProfileMatch              :             category: Android
03:01:28 INFO  ProfileMatch              :              version: 26.1.0  [OLD VERSION]
03:01:28 INFO  ProfileMatch              :         release-date:  --
03:01:28 INFO  ProfileMatch              :     lib root package: "android.support.v7"
03:01:28 INFO  ProfileMatch              : 
03:01:28 INFO  ProfileMatch              :                 name: com.android.support::customview
03:01:28 INFO  ProfileMatch              :             category: Android
03:01:28 INFO  ProfileMatch              :              version: 28.0.0
03:01:28 INFO  ProfileMatch              :         release-date:  --
03:01:28 INFO  ProfileMatch              :     lib root package: "android.support.v4"
03:01:28 INFO  ProfileMatch              : 
03:01:28 INFO  ProfileMatch              :                 name: com.android.support::support-core-utils
03:01:28 INFO  ProfileMatch              :             category: Android
03:01:28 INFO  ProfileMatch              :              version: 26.0.0  [OLD VERSION]
03:01:28 INFO  ProfileMatch              :         release-date:  --
03:01:28 INFO  ProfileMatch              :     lib root package: "android.support.v4"
03:01:28 INFO  ProfileMatch              : 
03:01:28 INFO  ProfileMatch              :                 name: com.android.support::support-core-utils
03:01:28 INFO  ProfileMatch              :             category: Android
03:01:28 INFO  ProfileMatch              :              version: 26.0.1  [OLD VERSION]
03:01:28 INFO  ProfileMatch              :         release-date:  --
03:01:28 INFO  ProfileMatch              :     lib root package: "android.support.v4"
03:01:28 INFO  ProfileMatch              : 
03:01:28 INFO  ProfileMatch              :                 name: com.android.support::support-core-utils
03:01:28 INFO  ProfileMatch              :             category: Android
03:01:28 INFO  ProfileMatch              :              version: 26.0.2  [OLD VERSION]
03:01:28 INFO  ProfileMatch              :         release-date:  --
03:01:28 INFO  ProfileMatch              :     lib root package: "android.support.v4"
03:01:28 INFO  ProfileMatch              : 
03:01:28 INFO  ProfileMatch              :                 name: com.android.support::support-core-utils
03:01:28 INFO  ProfileMatch              :             category: Android
03:01:28 INFO  ProfileMatch              :              version: 26.1.0  [OLD VERSION]
03:01:28 INFO  ProfileMatch              :         release-date:  --
03:01:28 INFO  ProfileMatch              :     lib root package: "android.support.v4"
03:01:28 INFO  ProfileMatch              : 
03:01:28 INFO  ProfileMatch              :                 name: com.android.support::support-core-utils
03:01:28 INFO  ProfileMatch              :             category: Android
03:01:28 INFO  ProfileMatch              :              version: 28.0.0
03:01:28 INFO  ProfileMatch              :         release-date:  --
03:01:28 INFO  ProfileMatch              :     lib root package: "android.support.v4.content"
03:01:28 INFO  ProfileMatch              : 
03:01:28 INFO  ProfileMatch              :                 name: com.android.support::support-annotations
03:01:28 INFO  ProfileMatch              :             category: Android
03:01:28 INFO  ProfileMatch              :              version: 26.0.0  [OLD VERSION]
03:01:28 INFO  ProfileMatch              :         release-date:  --
03:01:28 INFO  ProfileMatch              :     lib root package: "android.support.annotation"
03:01:28 INFO  ProfileMatch              : 
03:01:28 INFO  ProfileMatch              :                 name: com.android.support::support-annotations
03:01:28 INFO  ProfileMatch              :             category: Android
03:01:28 INFO  ProfileMatch              :              version: 26.0.1  [OLD VERSION]
03:01:28 INFO  ProfileMatch              :         release-date:  --
03:01:28 INFO  ProfileMatch              :     lib root package: "android.support.annotation"
03:01:28 INFO  ProfileMatch              : 
03:01:28 INFO  ProfileMatch              :                 name: com.android.support::support-annotations
03:01:28 INFO  ProfileMatch              :             category: Android
03:01:28 INFO  ProfileMatch              :              version: 26.0.2  [OLD VERSION]
03:01:28 INFO  ProfileMatch              :         release-date:  --
03:01:28 INFO  ProfileMatch              :     lib root package: "android.support.annotation"
03:01:28 INFO  ProfileMatch              : 
03:01:28 INFO  ProfileMatch              :                 name: com.android.support::support-annotations
03:01:28 INFO  ProfileMatch              :             category: Android
03:01:28 INFO  ProfileMatch              :              version: 26.1.0  [OLD VERSION]
03:01:28 INFO  ProfileMatch              :         release-date:  --
03:01:28 INFO  ProfileMatch              :     lib root package: "android.support.annotation"
03:01:28 INFO  ProfileMatch              : 
03:01:28 INFO  ProfileMatch              :                 name: com.android.support::support-annotations
03:01:28 INFO  ProfileMatch              :             category: Android
03:01:28 INFO  ProfileMatch              :              version: 27.0.0  [OLD VERSION]
03:01:28 INFO  ProfileMatch              :         release-date:  --
03:01:28 INFO  ProfileMatch              :     lib root package: "android.support.annotation"
03:01:28 INFO  ProfileMatch              : 
03:01:28 INFO  ProfileMatch              :                 name: com.android.support::support-annotations
03:01:28 INFO  ProfileMatch              :             category: Android
03:01:28 INFO  ProfileMatch              :              version: 27.0.1  [OLD VERSION]
03:01:28 INFO  ProfileMatch              :         release-date:  --
03:01:28 INFO  ProfileMatch              :     lib root package: "android.support.annotation"
03:01:28 INFO  ProfileMatch              : 
03:01:28 INFO  ProfileMatch              :                 name: com.android.support::support-annotations
03:01:28 INFO  ProfileMatch              :             category: Android
03:01:28 INFO  ProfileMatch              :              version: 27.0.2  [OLD VERSION]
03:01:28 INFO  ProfileMatch              :         release-date:  --
03:01:28 INFO  ProfileMatch              :     lib root package: "android.support.annotation"
03:01:28 INFO  ProfileMatch              : 
03:01:28 INFO  ProfileMatch              :                 name: com.android.support::transition
03:01:28 INFO  ProfileMatch              :             category: Android
03:01:28 INFO  ProfileMatch              :              version: 26.0.0  [OLD VERSION]
03:01:28 INFO  ProfileMatch              :         release-date:  --
03:01:28 INFO  ProfileMatch              :     lib root package: "android.support.transition"
03:01:28 INFO  ProfileMatch              : 
03:01:28 INFO  ProfileMatch              :                 name: com.android.support::transition
03:01:28 INFO  ProfileMatch              :             category: Android
03:01:28 INFO  ProfileMatch              :              version: 26.0.1  [OLD VERSION]
03:01:28 INFO  ProfileMatch              :         release-date:  --
03:01:28 INFO  ProfileMatch              :     lib root package: "android.support.transition"
03:01:28 INFO  ProfileMatch              : 
03:01:28 INFO  ProfileMatch              :                 name: com.android.support::transition
03:01:28 INFO  ProfileMatch              :             category: Android
03:01:28 INFO  ProfileMatch              :              version: 26.0.2  [OLD VERSION]
03:01:28 INFO  ProfileMatch              :         release-date:  --
03:01:28 INFO  ProfileMatch              :     lib root package: "android.support.transition"
03:01:28 INFO  ProfileMatch              : 
03:01:28 INFO  ProfileMatch              :                 name: com.android.support::transition
03:01:28 INFO  ProfileMatch              :             category: Android
03:01:28 INFO  ProfileMatch              :              version: 26.1.0  [OLD VERSION]
03:01:28 INFO  ProfileMatch              :         release-date:  --
03:01:28 INFO  ProfileMatch              :     lib root package: "android.support.transition"
03:01:28 INFO  ProfileMatch              : 
03:01:28 INFO  ProfileMatch              :                 name: com.android.support::design
03:01:28 INFO  ProfileMatch              :             category: Android
03:01:28 INFO  ProfileMatch              :              version: 26.0.0  [OLD VERSION]
03:01:28 INFO  ProfileMatch              :         release-date:  --
03:01:28 INFO  ProfileMatch              :     lib root package: "android.support.design"
03:01:28 INFO  ProfileMatch              : 
03:01:28 INFO  ProfileMatch              :                 name: com.android.support::design
03:01:28 INFO  ProfileMatch              :             category: Android
03:01:28 INFO  ProfileMatch              :              version: 26.0.1  [OLD VERSION]
03:01:28 INFO  ProfileMatch              :         release-date:  --
03:01:28 INFO  ProfileMatch              :     lib root package: "android.support.design"
03:01:28 INFO  ProfileMatch              : 
03:01:28 INFO  ProfileMatch              :                 name: com.android.support::design
03:01:28 INFO  ProfileMatch              :             category: Android
03:01:28 INFO  ProfileMatch              :              version: 26.0.2  [OLD VERSION]
03:01:28 INFO  ProfileMatch              :         release-date:  --
03:01:28 INFO  ProfileMatch              :     lib root package: "android.support.design"
03:01:28 INFO  ProfileMatch              : 
03:01:28 INFO  ProfileMatch              :                 name: com.android.support::design
03:01:28 INFO  ProfileMatch              :             category: Android
03:01:28 INFO  ProfileMatch              :              version: 26.1.0  [OLD VERSION]
03:01:28 INFO  ProfileMatch              :         release-date:  --
03:01:28 INFO  ProfileMatch              :     lib root package: "android.support.design"
03:01:28 INFO  ProfileMatch              : 
03:01:28 INFO  ProfileMatch              :                 name: com.android.support::preference-v7
03:01:28 INFO  ProfileMatch              :             category: Android
03:01:28 INFO  ProfileMatch              :              version: 26.0.0  [OLD VERSION]
03:01:28 INFO  ProfileMatch              :         release-date:  --
03:01:28 INFO  ProfileMatch              :     lib root package: "android.support.v7"
03:01:28 INFO  ProfileMatch              : 
03:01:28 INFO  ProfileMatch              :                 name: com.android.support::preference-v7
03:01:28 INFO  ProfileMatch              :             category: Android
03:01:28 INFO  ProfileMatch              :              version: 26.0.1  [OLD VERSION]
03:01:28 INFO  ProfileMatch              :         release-date:  --
03:01:28 INFO  ProfileMatch              :     lib root package: "android.support.v7"
03:01:28 INFO  ProfileMatch              : 
03:01:28 INFO  ProfileMatch              :                 name: com.android.support::preference-v7
03:01:28 INFO  ProfileMatch              :             category: Android
03:01:28 INFO  ProfileMatch              :              version: 26.0.2  [OLD VERSION]
03:01:28 INFO  ProfileMatch              :         release-date:  --
03:01:28 INFO  ProfileMatch              :     lib root package: "android.support.v7"
03:01:28 INFO  ProfileMatch              : 
03:01:28 INFO  ProfileMatch              :                 name: com.android.support::preference-v7
03:01:28 INFO  ProfileMatch              :             category: Android
03:01:28 INFO  ProfileMatch              :              version: 26.1.0  [OLD VERSION]
03:01:28 INFO  ProfileMatch              :         release-date:  --
03:01:28 INFO  ProfileMatch              :     lib root package: "android.support.v7"
03:01:28 INFO  ProfileMatch              : 
03:01:28 INFO  ProfileMatch              :                 name: com.android.support::preference-v7
03:01:28 INFO  ProfileMatch              :             category: Android
03:01:28 INFO  ProfileMatch              :              version: 27.0.0  [OLD VERSION]
03:01:28 INFO  ProfileMatch              :         release-date:  --
03:01:28 INFO  ProfileMatch              :     lib root package: "android.support.v7"
03:01:28 INFO  ProfileMatch              : 
03:01:28 INFO  ProfileMatch              :                 name: com.android.support::preference-v7
03:01:28 INFO  ProfileMatch              :             category: Android
03:01:28 INFO  ProfileMatch              :              version: 27.0.1  [OLD VERSION]
03:01:28 INFO  ProfileMatch              :         release-date:  --
03:01:28 INFO  ProfileMatch              :     lib root package: "android.support.v7"
03:01:28 INFO  ProfileMatch              : 
03:01:28 INFO  ProfileMatch              :                 name: com.android.support::preference-v7
03:01:28 INFO  ProfileMatch              :             category: Android
03:01:28 INFO  ProfileMatch              :              version: 27.0.2  [OLD VERSION]
03:01:28 INFO  ProfileMatch              :         release-date:  --
03:01:28 INFO  ProfileMatch              :     lib root package: "android.support.v7"
03:01:28 INFO  ProfileMatch              : 
03:01:28 INFO  ProfileMatch              :                 name: com.android.support::preference-v14
03:01:28 INFO  ProfileMatch              :             category: Android
03:01:28 INFO  ProfileMatch              :              version: 26.0.0  [OLD VERSION]
03:01:28 INFO  ProfileMatch              :         release-date:  --
03:01:28 INFO  ProfileMatch              :     lib root package: "android.support.v14.preference"
03:01:28 INFO  ProfileMatch              : 
03:01:28 INFO  ProfileMatch              :                 name: com.android.support::preference-v14
03:01:28 INFO  ProfileMatch              :             category: Android
03:01:28 INFO  ProfileMatch              :              version: 26.0.1  [OLD VERSION]
03:01:28 INFO  ProfileMatch              :         release-date:  --
03:01:28 INFO  ProfileMatch              :     lib root package: "android.support.v14.preference"
03:01:28 INFO  ProfileMatch              : 
03:01:28 INFO  ProfileMatch              :                 name: com.android.support::preference-v14
03:01:28 INFO  ProfileMatch              :             category: Android
03:01:28 INFO  ProfileMatch              :              version: 26.0.2  [OLD VERSION]
03:01:28 INFO  ProfileMatch              :         release-date:  --
03:01:28 INFO  ProfileMatch              :     lib root package: "android.support.v14.preference"
03:01:28 INFO  ProfileMatch              : 
03:01:28 INFO  ProfileMatch              :                 name: com.android.support::preference-v14
03:01:28 INFO  ProfileMatch              :             category: Android
03:01:28 INFO  ProfileMatch              :              version: 26.1.0  [OLD VERSION]
03:01:28 INFO  ProfileMatch              :         release-date:  --
03:01:28 INFO  ProfileMatch              :     lib root package: "android.support.v14.preference"
03:01:28 INFO  ProfileMatch              : 
03:01:28 INFO  ProfileMatch              :                 name: com.android.support::preference-v14
03:01:28 INFO  ProfileMatch              :             category: Android
03:01:28 INFO  ProfileMatch              :              version: 27.0.0  [OLD VERSION]
03:01:28 INFO  ProfileMatch              :         release-date:  --
03:01:28 INFO  ProfileMatch              :     lib root package: "android.support.v14.preference"
03:01:28 INFO  ProfileMatch              : 
03:01:28 INFO  ProfileMatch              :                 name: com.android.support::preference-v14
03:01:28 INFO  ProfileMatch              :             category: Android
03:01:28 INFO  ProfileMatch              :              version: 27.0.1  [OLD VERSION]
03:01:28 INFO  ProfileMatch              :         release-date:  --
03:01:28 INFO  ProfileMatch              :     lib root package: "android.support.v14.preference"
03:01:28 INFO  ProfileMatch              : 
03:01:28 INFO  ProfileMatch              :                 name: com.android.support::preference-v14
03:01:28 INFO  ProfileMatch              :             category: Android
03:01:28 INFO  ProfileMatch              :              version: 27.0.2
03:01:28 INFO  ProfileMatch              :         release-date:  --
03:01:28 INFO  ProfileMatch              :     lib root package: "android.support.v14.preference"
03:01:28 INFO  ProfileMatch              : 
03:01:28 INFO  ProfileMatch              :                 name: com.android.support::support-compat
03:01:28 INFO  ProfileMatch              :             category: Android
03:01:28 INFO  ProfileMatch              :              version: 26.0.0  [OLD VERSION]
03:01:28 INFO  ProfileMatch              :         release-date:  --
03:01:28 INFO  ProfileMatch              :     lib root package: "android.support.v4"
03:01:28 INFO  ProfileMatch              : 
03:01:28 INFO  ProfileMatch              :                 name: com.android.support::support-compat
03:01:28 INFO  ProfileMatch              :             category: Android
03:01:28 INFO  ProfileMatch              :              version: 26.0.1  [OLD VERSION]
03:01:28 INFO  ProfileMatch              :         release-date:  --
03:01:28 INFO  ProfileMatch              :     lib root package: "android.support.v4"
03:01:28 INFO  ProfileMatch              : 
03:01:28 INFO  ProfileMatch              :                 name: com.android.support::support-media-compat
03:01:28 INFO  ProfileMatch              :             category: Android
03:01:28 INFO  ProfileMatch              :              version: 26.0.0  [OLD VERSION]
03:01:28 INFO  ProfileMatch              :         release-date:  --
03:01:28 INFO  ProfileMatch              :     lib root package: "android.support.v4.media"
03:01:28 INFO  ProfileMatch              : 
03:01:28 INFO  ProfileMatch              :                 name: com.android.support::asynclayoutinflater
03:01:28 INFO  ProfileMatch              :             category: Android
03:01:28 INFO  ProfileMatch              :              version: 28.0.0
03:01:28 INFO  ProfileMatch              :         release-date:  --
03:01:28 INFO  ProfileMatch              :     lib root package: "android.support.v4.view"
03:01:28 INFO  ProfileMatch              : 
03:01:28 INFO  ProfileMatch              :                 name: com.android.support::recyclerview-v7
03:01:28 INFO  ProfileMatch              :             category: Android
03:01:28 INFO  ProfileMatch              :              version: 26.0.0  [OLD VERSION]
03:01:28 INFO  ProfileMatch              :         release-date:  --
03:01:28 INFO  ProfileMatch              :     lib root package: "android.support.v7"
03:01:28 INFO  ProfileMatch              : 
03:01:28 INFO  ProfileMatch              :                 name: com.android.support::recyclerview-v7
03:01:28 INFO  ProfileMatch              :             category: Android
03:01:28 INFO  ProfileMatch              :              version: 26.0.1  [OLD VERSION]
03:01:28 INFO  ProfileMatch              :         release-date:  --
03:01:28 INFO  ProfileMatch              :     lib root package: "android.support.v7"
03:01:28 INFO  ProfileMatch              : 
03:01:28 INFO  ProfileMatch              :                 name: com.android.support::recyclerview-v7
03:01:28 INFO  ProfileMatch              :             category: Android
03:01:28 INFO  ProfileMatch              :              version: 26.0.2  [OLD VERSION]
03:01:28 INFO  ProfileMatch              :         release-date:  --
03:01:28 INFO  ProfileMatch              :     lib root package: "android.support.v7"
03:01:28 INFO  ProfileMatch              : 
03:01:28 INFO  ProfileMatch              :                 name: com.android.support::recyclerview-v7
03:01:28 INFO  ProfileMatch              :             category: Android
03:01:28 INFO  ProfileMatch              :              version: 26.1.0  [OLD VERSION]
03:01:28 INFO  ProfileMatch              :         release-date:  --
03:01:28 INFO  ProfileMatch              :     lib root package: "android.support.v7"
03:01:28 INFO  ProfileMatch              : 
03:01:28 INFO  ProfileMatch              :                 name: com.android.support::support-core-ui
03:01:28 INFO  ProfileMatch              :             category: Android
03:01:28 INFO  ProfileMatch              :              version: 26.0.0  [OLD VERSION]
03:01:28 INFO  ProfileMatch              :         release-date:  --
03:01:28 INFO  ProfileMatch              :     lib root package: "android.support.v4"
03:01:28 INFO  ProfileMatch              : 
03:01:28 INFO  ProfileMatch              :                 name: com.android.support::support-core-ui
03:01:28 INFO  ProfileMatch              :             category: Android
03:01:28 INFO  ProfileMatch              :              version: 26.0.1  [OLD VERSION]
03:01:28 INFO  ProfileMatch              :         release-date:  --
03:01:28 INFO  ProfileMatch              :     lib root package: "android.support.v4"
03:01:28 INFO  ProfileMatch              : 
03:01:28 INFO  ProfileMatch              :                 name: com.android.support::support-core-ui
03:01:28 INFO  ProfileMatch              :             category: Android
03:01:28 INFO  ProfileMatch              :              version: 26.0.2  [OLD VERSION]
03:01:28 INFO  ProfileMatch              :         release-date:  --
03:01:28 INFO  ProfileMatch              :     lib root package: "android.support.v4"
03:01:28 INFO  ProfileMatch              : 
03:01:28 INFO  ProfileMatch              :                 name: com.android.support::support-core-ui
03:01:28 INFO  ProfileMatch              :             category: Android
03:01:28 INFO  ProfileMatch              :              version: 26.1.0  [OLD VERSION]
03:01:28 INFO  ProfileMatch              :         release-date:  --
03:01:28 INFO  ProfileMatch              :     lib root package: "android.support.v4"
03:01:28 INFO  ProfileMatch              : 
03:01:28 INFO  ProfileMatch              :                 name: com.android.support::support-core-ui
03:01:28 INFO  ProfileMatch              :             category: Android
03:01:28 INFO  ProfileMatch              :              version: 27.0.0  [OLD VERSION]
03:01:28 INFO  ProfileMatch              :         release-date:  --
03:01:28 INFO  ProfileMatch              :     lib root package: "android.support.v4"
03:01:28 INFO  ProfileMatch              : 
03:01:28 INFO  ProfileMatch              :                 name: com.android.support::support-core-ui
03:01:28 INFO  ProfileMatch              :             category: Android
03:01:28 INFO  ProfileMatch              :              version: 27.0.1  [OLD VERSION]
03:01:28 INFO  ProfileMatch              :         release-date:  --
03:01:28 INFO  ProfileMatch              :     lib root package: "android.support.v4"
03:01:28 INFO  ProfileMatch              : 
03:01:28 INFO  ProfileMatch              :                 name: com.android.support::support-core-ui
03:01:28 INFO  ProfileMatch              :             category: Android
03:01:28 INFO  ProfileMatch              :              version: 27.0.2  [OLD VERSION]
03:01:28 INFO  ProfileMatch              :         release-date:  --
03:01:28 INFO  ProfileMatch              :     lib root package: "android.support.v4"
03:01:28 INFO  ProfileMatch              : 
03:01:28 INFO  ProfileMatch              :                 name: com.android.support::support-core-ui
03:01:28 INFO  ProfileMatch              :             category: Android
03:01:28 INFO  ProfileMatch              :              version: 28.0.0
03:01:28 INFO  ProfileMatch              :         release-date:  --
03:01:28 INFO  ProfileMatch              :     lib root package: "android.support.v4"
03:01:28 INFO  ProfileMatch              : 
03:01:28 INFO  ProfileMatch              :                 name: com.android.support::multidex
03:01:28 INFO  ProfileMatch              :             category: Android
03:01:28 INFO  ProfileMatch              :              version: 1.0.1  [OLD VERSION]
03:01:28 INFO  ProfileMatch              :         release-date:  --
03:01:28 INFO  ProfileMatch              :     lib root package: "android.support.multidex"
03:01:28 INFO  ProfileMatch              : 
03:01:28 INFO  ProfileMatch              :                 name: com.android.support::viewpager
03:01:28 INFO  ProfileMatch              :             category: Android
03:01:28 INFO  ProfileMatch              :              version: 28.0.0
03:01:28 INFO  ProfileMatch              :         release-date:  --
03:01:28 INFO  ProfileMatch              :     lib root package: "android.support.v4.view"
03:01:28 INFO  ProfileMatch              : 
03:01:28 INFO  ProfileMatch              :                 name: com.android.support::cardview-v7
03:01:28 INFO  ProfileMatch              :             category: Android
03:01:28 INFO  ProfileMatch              :              version: 24.0.0  [OLD VERSION]
03:01:28 INFO  ProfileMatch              :         release-date:  --
03:01:28 INFO  ProfileMatch              :     lib root package: "android.support.v7.widget"
03:01:28 INFO  ProfileMatch              : 
03:01:28 INFO  ProfileMatch              :                 name: com.android.support::cardview-v7
03:01:28 INFO  ProfileMatch              :             category: Android
03:01:28 INFO  ProfileMatch              :              version: 24.1.0  [OLD VERSION]
03:01:28 INFO  ProfileMatch              :         release-date:  --
03:01:28 INFO  ProfileMatch              :     lib root package: "android.support.v7.widget"
03:01:28 INFO  ProfileMatch              : 
03:01:28 INFO  ProfileMatch              :                 name: com.android.support::cardview-v7
03:01:28 INFO  ProfileMatch              :             category: Android
03:01:28 INFO  ProfileMatch              :              version: 24.1.1  [OLD VERSION]
03:01:28 INFO  ProfileMatch              :         release-date:  --
03:01:28 INFO  ProfileMatch              :     lib root package: "android.support.v7.widget"
03:01:28 INFO  ProfileMatch              : 
03:01:28 INFO  ProfileMatch              :                 name: com.android.support::cardview-v7
03:01:28 INFO  ProfileMatch              :             category: Android
03:01:28 INFO  ProfileMatch              :              version: 24.2.0  [OLD VERSION]
03:01:28 INFO  ProfileMatch              :         release-date:  --
03:01:28 INFO  ProfileMatch              :     lib root package: "android.support.v7.widget"
03:01:28 INFO  ProfileMatch              : 
03:01:28 INFO  ProfileMatch              :                 name: com.android.support::cardview-v7
03:01:28 INFO  ProfileMatch              :             category: Android
03:01:28 INFO  ProfileMatch              :              version: 24.2.1  [OLD VERSION]
03:01:28 INFO  ProfileMatch              :         release-date:  --
03:01:28 INFO  ProfileMatch              :     lib root package: "android.support.v7.widget"
03:01:28 INFO  ProfileMatch              : 
03:01:28 INFO  ProfileMatch              :                 name: com.android.support::cardview-v7
03:01:28 INFO  ProfileMatch              :             category: Android
03:01:28 INFO  ProfileMatch              :              version: 25.0.0  [OLD VERSION]
03:01:28 INFO  ProfileMatch              :         release-date:  --
03:01:28 INFO  ProfileMatch              :     lib root package: "android.support.v7.widget"
03:01:28 INFO  ProfileMatch              : 
03:01:28 INFO  ProfileMatch              :                 name: com.android.support::cardview-v7
03:01:28 INFO  ProfileMatch              :             category: Android
03:01:28 INFO  ProfileMatch              :              version: 25.0.1  [OLD VERSION]
03:01:28 INFO  ProfileMatch              :         release-date:  --
03:01:28 INFO  ProfileMatch              :     lib root package: "android.support.v7.widget"
03:01:28 INFO  ProfileMatch              : 
03:01:28 INFO  ProfileMatch              :                 name: com.android.support::cardview-v7
03:01:28 INFO  ProfileMatch              :             category: Android
03:01:28 INFO  ProfileMatch              :              version: 25.1.0  [OLD VERSION]
03:01:28 INFO  ProfileMatch              :         release-date:  --
03:01:28 INFO  ProfileMatch              :     lib root package: "android.support.v7.widget"
03:01:28 INFO  ProfileMatch              : 
03:01:28 INFO  ProfileMatch              :                 name: com.android.support::cardview-v7
03:01:28 INFO  ProfileMatch              :             category: Android
03:01:28 INFO  ProfileMatch              :              version: 25.1.1  [OLD VERSION]
03:01:28 INFO  ProfileMatch              :         release-date:  --
03:01:28 INFO  ProfileMatch              :     lib root package: "android.support.v7.widget"
03:01:28 INFO  ProfileMatch              : 
03:01:28 INFO  ProfileMatch              :                 name: com.android.support::cardview-v7
03:01:28 INFO  ProfileMatch              :             category: Android
03:01:28 INFO  ProfileMatch              :              version: 25.2.0  [OLD VERSION]
03:01:28 INFO  ProfileMatch              :         release-date:  --
03:01:28 INFO  ProfileMatch              :     lib root package: "android.support.v7.widget"
03:01:28 INFO  ProfileMatch              : 
03:01:28 INFO  ProfileMatch              :                 name: com.android.support::cardview-v7
03:01:28 INFO  ProfileMatch              :             category: Android
03:01:28 INFO  ProfileMatch              :              version: 25.3.0  [OLD VERSION]
03:01:28 INFO  ProfileMatch              :         release-date:  --
03:01:28 INFO  ProfileMatch              :     lib root package: "android.support.v7.widget"
03:01:28 INFO  ProfileMatch              : 
03:01:28 INFO  ProfileMatch              :                 name: com.android.support::cardview-v7
03:01:28 INFO  ProfileMatch              :             category: Android
03:01:28 INFO  ProfileMatch              :              version: 25.3.1  [OLD VERSION]
03:01:28 INFO  ProfileMatch              :         release-date:  --
03:01:28 INFO  ProfileMatch              :     lib root package: "android.support.v7.widget"
03:01:28 INFO  ProfileMatch              : 
03:01:28 INFO  ProfileMatch              :                 name: com.android.support::cardview-v7
03:01:28 INFO  ProfileMatch              :             category: Android
03:01:28 INFO  ProfileMatch              :              version: 25.4.0  [OLD VERSION]
03:01:28 INFO  ProfileMatch              :         release-date:  --
03:01:28 INFO  ProfileMatch              :     lib root package: "android.support.v7.widget"
03:01:28 INFO  ProfileMatch              : 
03:01:28 INFO  ProfileMatch              :                 name: com.android.support::cardview-v7
03:01:28 INFO  ProfileMatch              :             category: Android
03:01:28 INFO  ProfileMatch              :              version: 26.0.0  [OLD VERSION]
03:01:28 INFO  ProfileMatch              :         release-date:  --
03:01:28 INFO  ProfileMatch              :     lib root package: "android.support.v7.widget"
03:01:28 INFO  ProfileMatch              : 
03:01:28 INFO  ProfileMatch              :                 name: com.android.support::cardview-v7
03:01:28 INFO  ProfileMatch              :             category: Android
03:01:28 INFO  ProfileMatch              :              version: 26.0.1  [OLD VERSION]
03:01:28 INFO  ProfileMatch              :         release-date:  --
03:01:28 INFO  ProfileMatch              :     lib root package: "android.support.v7.widget"
03:01:28 INFO  ProfileMatch              : 
03:01:28 INFO  ProfileMatch              :                 name: com.android.support::cardview-v7
03:01:28 INFO  ProfileMatch              :             category: Android
03:01:28 INFO  ProfileMatch              :              version: 26.0.2  [OLD VERSION]
03:01:28 INFO  ProfileMatch              :         release-date:  --
03:01:28 INFO  ProfileMatch              :     lib root package: "android.support.v7.widget"
03:01:28 INFO  ProfileMatch              : 
03:01:28 INFO  ProfileMatch              :                 name: com.android.support::cardview-v7
03:01:28 INFO  ProfileMatch              :             category: Android
03:01:28 INFO  ProfileMatch              :              version: 26.1.0  [OLD VERSION]
03:01:28 INFO  ProfileMatch              :         release-date:  --
03:01:28 INFO  ProfileMatch              :     lib root package: "android.support.v7.widget"
03:01:28 INFO  ProfileMatch              : 
03:01:28 INFO  ProfileMatch              :                 name: com.android.support::cardview-v7
03:01:28 INFO  ProfileMatch              :             category: Android
03:01:28 INFO  ProfileMatch              :              version: 27.0.0  [OLD VERSION]
03:01:28 INFO  ProfileMatch              :         release-date:  --
03:01:28 INFO  ProfileMatch              :     lib root package: "android.support.v7.widget"
03:01:28 INFO  ProfileMatch              : 
03:01:28 INFO  ProfileMatch              :                 name: com.android.support::cardview-v7
03:01:28 INFO  ProfileMatch              :             category: Android
03:01:28 INFO  ProfileMatch              :              version: 27.0.1  [OLD VERSION]
03:01:28 INFO  ProfileMatch              :         release-date:  --
03:01:28 INFO  ProfileMatch              :     lib root package: "android.support.v7.widget"
03:01:28 INFO  ProfileMatch              : 
03:01:28 INFO  ProfileMatch              :                 name: com.android.support::cardview-v7
03:01:28 INFO  ProfileMatch              :             category: Android
03:01:28 INFO  ProfileMatch              :              version: 27.0.2  [OLD VERSION]
03:01:28 INFO  ProfileMatch              :         release-date:  --
03:01:28 INFO  ProfileMatch              :     lib root package: "android.support.v7.widget"
03:01:28 INFO  ProfileMatch              : 
03:01:28 INFO  LibraryIdentifier         : 
03:01:28 INFO  LibraryIdentifier         : - Partial library matches:
03:01:28 INFO  LibraryIdentifier         :                 name: androidx.interpolator::interpolator
03:01:28 INFO  LibraryIdentifier         :             category: Android
03:01:28 INFO  LibraryIdentifier         :              version: 1.0.0
03:01:28 INFO  LibraryIdentifier         :         release-date:  --
03:01:28 INFO  LibraryIdentifier         :     lib root package: "androidx.interpolator.view.animation"
03:01:28 INFO  LibraryIdentifier         :         Partial matching results:
03:01:28 INFO  LibraryIdentifier         :              - config: Hashing.md5() | Flags: no-flag | Keep: PN | Prune: MSIG   score: 0.75
03:01:28 INFO  LibraryIdentifier         : 
03:01:28 INFO  LibraryIdentifier         : 
03:01:28 INFO  LibraryIdentifier         : App processing time: 33 sec, 651 ms
