17:53:26 INFO  LibraryIdentifier         : Process app: com.jkuester.unlauncher_14.apk
17:53:26 INFO  LibraryIdentifier         : = Manifest Parser =
17:53:26 INFO  LibraryIdentifier         :         Package name: com.jkuester.unlauncher
17:53:26 INFO  LibraryIdentifier         :         Version code: 14
17:53:26 INFO  LibraryIdentifier         :        minSdkVersion: 21
17:53:26 INFO  LibraryIdentifier         :     targetSdkVersion: 30
17:53:26 INFO  LibraryIdentifier         :         SharedUserId:  - none -
17:53:26 INFO  LibraryIdentifier         :     Library dependencies:  - none -
17:53:26 INFO  LibraryIdentifier         : 
17:53:26 INFO  LibraryIdentifier         : Found 402 unique libraries in 12405 library profiles
17:53:28 INFO  LibraryIdentifier         : Generated class hierarchy (in 1 sec, 857 ms)
17:53:28 INFO  WalaUtils                 : 
17:53:28 INFO  WalaUtils                 : = ClassHierarchy Stats =
17:53:28 INFO  WalaUtils                 :     # of classes: 1854
17:53:28 INFO  WalaUtils                 :     # thereof inner classes: 813
17:53:28 INFO  WalaUtils                 :     # thereof public classes: 1854
17:53:28 INFO  WalaUtils                 :         Activity : 6
17:53:28 INFO  WalaUtils                 :         Application : 2
17:53:28 INFO  WalaUtils                 :         AsyncTask : 4
17:53:28 INFO  WalaUtils                 :         BroadcastReceiver : 3
17:53:28 INFO  WalaUtils                 :         ContentProvider : 1
17:53:28 INFO  WalaUtils                 :         Fragment : 1
17:53:28 INFO  WalaUtils                 :         Handler : 1
17:53:28 INFO  WalaUtils                 :         LayoutContainer : 30
17:53:28 INFO  WalaUtils                 :         Plain : 1780
17:53:28 INFO  WalaUtils                 :         Runnable : 0
17:53:28 INFO  WalaUtils                 :         Service : 1
17:53:28 INFO  WalaUtils                 :         Thread : 1
17:53:28 INFO  WalaUtils                 :         View : 24
17:53:28 INFO  WalaUtils                 :     # methods: 10591
17:53:28 INFO  WalaUtils                 :         # of publicly accessible methods: 10231
17:53:28 INFO  WalaUtils                 :         # of non-accessible methods: 360
17:53:28 INFO  WalaUtils                 : 
17:53:28 INFO  Profile                   : = PackageTree =
17:53:28 INFO  PackageTree               : Root Package: f
17:53:28 INFO  PackageTree               : └── Root (4)
17:53:28 INFO  PackageTree               :     ├── f
17:53:28 INFO  PackageTree               :     │   ├── n (46)
17:53:28 INFO  PackageTree               :     │   │   ├── v (4)
17:53:28 INFO  PackageTree               :     │   │   └── u (1)
17:53:28 INFO  PackageTree               :     │   ├── b (2)
17:53:28 INFO  PackageTree               :     │   │   ├── c (44)
17:53:28 INFO  PackageTree               :     │   │   ├── f (1)
17:53:28 INFO  PackageTree               :     │   │   ├── h (106)
17:53:28 INFO  PackageTree               :     │   │   ├── g (13)
17:53:28 INFO  PackageTree               :     │   │   │   └── i (38)
17:53:28 INFO  PackageTree               :     │   │   ├── e
17:53:28 INFO  PackageTree               :     │   │   │   └── a (14)
17:53:28 INFO  PackageTree               :     │   │   └── d
17:53:28 INFO  PackageTree               :     │   │       └── a (2)
17:53:28 INFO  PackageTree               :     │   ├── j (1)
17:53:28 INFO  PackageTree               :     │   │   └── b (66)
17:53:28 INFO  PackageTree               :     │   ├── p (29)
17:53:28 INFO  PackageTree               :     │   │   ├── p (7)
17:53:28 INFO  PackageTree               :     │   │   └── o (1)
17:53:28 INFO  PackageTree               :     │   ├── f (1)
17:53:28 INFO  PackageTree               :     │   │   ├── j (46)
17:53:28 INFO  PackageTree               :     │   │   │   └── x (7)
17:53:28 INFO  PackageTree               :     │   │   ├── b (10)
17:53:28 INFO  PackageTree               :     │   │   ├── h (2)
17:53:28 INFO  PackageTree               :     │   │   ├── g (15)
17:53:28 INFO  PackageTree               :     │   │   ├── c (1)
17:53:28 INFO  PackageTree               :     │   │   │   └── b (11)
17:53:28 INFO  PackageTree               :     │   │   ├── d (12)
17:53:28 INFO  PackageTree               :     │   │   │   └── l (5)
17:53:28 INFO  PackageTree               :     │   │   ├── k (7)
17:53:28 INFO  PackageTree               :     │   │   ├── e
17:53:28 INFO  PackageTree               :     │   │   │   └── a (3)
17:53:28 INFO  PackageTree               :     │   │   ├── i (2)
17:53:28 INFO  PackageTree               :     │   │   └── f (3)
17:53:28 INFO  PackageTree               :     │   ├── r
17:53:28 INFO  PackageTree               :     │   │   └── a (8)
17:53:28 INFO  PackageTree               :     │   │       └── f (9)
17:53:28 INFO  PackageTree               :     │   ├── l (61)
17:53:28 INFO  PackageTree               :     │   ├── k
17:53:28 INFO  PackageTree               :     │   │   └── a (2)
17:53:28 INFO  PackageTree               :     │   ├── e
17:53:28 INFO  PackageTree               :     │   │   ├── b (13)
17:53:28 INFO  PackageTree               :     │   │   │   └── j (15)
17:53:28 INFO  PackageTree               :     │   │   │       └── m (16)
17:53:28 INFO  PackageTree               :     │   │   ├── c (23)
17:53:28 INFO  PackageTree               :     │   │   └── a
17:53:28 INFO  PackageTree               :     │   │       ├── b (74)
17:53:28 INFO  PackageTree               :     │   │       └── a (10)
17:53:28 INFO  PackageTree               :     │   ├── o (1)
17:53:28 INFO  PackageTree               :     │   │   └── b (55)
17:53:28 INFO  PackageTree               :     │   ├── d (15)
17:53:28 INFO  PackageTree               :     │   ├── g
17:53:28 INFO  PackageTree               :     │   │   └── a (6)
17:53:28 INFO  PackageTree               :     │   ├── s
17:53:28 INFO  PackageTree               :     │   │   └── a
17:53:28 INFO  PackageTree               :     │   │       └── a (18)
17:53:28 INFO  PackageTree               :     │   ├── i (3)
17:53:28 INFO  PackageTree               :     │   │   ├── d (44)
17:53:28 INFO  PackageTree               :     │   │   │   └── t (1)
17:53:28 INFO  PackageTree               :     │   │   └── e (7)
17:53:28 INFO  PackageTree               :     │   ├── c
17:53:28 INFO  PackageTree               :     │   │   └── a
17:53:28 INFO  PackageTree               :     │   │       ├── a (5)
17:53:28 INFO  PackageTree               :     │   │       └── b (8)
17:53:28 INFO  PackageTree               :     │   ├── m
17:53:28 INFO  PackageTree               :     │   │   └── a (5)
17:53:28 INFO  PackageTree               :     │   ├── h
17:53:28 INFO  PackageTree               :     │   │   └── a (3)
17:53:28 INFO  PackageTree               :     │   ├── q (5)
17:53:28 INFO  PackageTree               :     │   ├── a (3)
17:53:28 INFO  PackageTree               :     │   └── t (3)
17:53:28 INFO  PackageTree               :     ├── androidx
17:53:28 INFO  PackageTree               :     │   ├── appcompat
17:53:28 INFO  PackageTree               :     │   │   ├── widget (54)
17:53:28 INFO  PackageTree               :     │   │   ├── view
17:53:28 INFO  PackageTree               :     │   │   │   └── menu (5)
17:53:28 INFO  PackageTree               :     │   │   └── app (6)
17:53:28 INFO  PackageTree               :     │   ├── constraintlayout
17:53:28 INFO  PackageTree               :     │   │   ├── motion
17:53:28 INFO  PackageTree               :     │   │   │   └── widget (10)
17:53:28 INFO  PackageTree               :     │   │   └── widget (4)
17:53:28 INFO  PackageTree               :     │   ├── recyclerview
17:53:28 INFO  PackageTree               :     │   │   └── widget (57)
17:53:28 INFO  PackageTree               :     │   ├── room (3)
17:53:28 INFO  PackageTree               :     │   ├── navigation (4)
17:53:28 INFO  PackageTree               :     │   │   └── fragment (4)
17:53:28 INFO  PackageTree               :     │   ├── annotation (1)
17:53:28 INFO  PackageTree               :     │   ├── lifecycle (16)
17:53:28 INFO  PackageTree               :     │   ├── activity (9)
17:53:28 INFO  PackageTree               :     │   ├── core
17:53:28 INFO  PackageTree               :     │   │   ├── app (4)
17:53:28 INFO  PackageTree               :     │   │   ├── graphics
17:53:28 INFO  PackageTree               :     │   │   │   └── drawable (2)
17:53:28 INFO  PackageTree               :     │   │   └── widget (5)
17:53:28 INFO  PackageTree               :     │   ├── savedstate (3)
17:53:28 INFO  PackageTree               :     │   ├── fragment
17:53:28 INFO  PackageTree               :     │   │   └── app (5)
17:53:28 INFO  PackageTree               :     │   └── versionedparcelable (3)
17:53:28 INFO  PackageTree               :     ├── com
17:53:28 INFO  PackageTree               :     │   ├── google
17:53:28 INFO  PackageTree               :     │   │   └── protobuf (64)
17:53:28 INFO  PackageTree               :     │   ├── sduduzog
17:53:28 INFO  PackageTree               :     │   │   └── slimlauncher (3)
17:53:28 INFO  PackageTree               :     │   │       ├── data (12)
17:53:28 INFO  PackageTree               :     │   │       ├── ui
17:53:28 INFO  PackageTree               :     │   │       │   ├── options (20)
17:53:28 INFO  PackageTree               :     │   │       │   └── main (5)
17:53:28 INFO  PackageTree               :     │   │       └── models (3)
17:53:28 INFO  PackageTree               :     │   └── jkuester
17:53:28 INFO  PackageTree               :     │       └── unlauncher
17:53:28 INFO  PackageTree               :     │           └── datastore (8)
17:53:28 INFO  PackageTree               :     ├── j (11)
17:53:28 INFO  PackageTree               :     │   ├── l (13)
17:53:28 INFO  PackageTree               :     │   │   ├── j
17:53:28 INFO  PackageTree               :     │   │   │   └── a (9)
17:53:28 INFO  PackageTree               :     │   │   └── i (3)
17:53:28 INFO  PackageTree               :     │   ├── k (7)
17:53:28 INFO  PackageTree               :     │   ├── n (1)
17:53:28 INFO  PackageTree               :     │   │   ├── c (20)
17:53:28 INFO  PackageTree               :     │   │   │   └── t (1)
17:53:28 INFO  PackageTree               :     │   │   └── b (23)
17:53:28 INFO  PackageTree               :     │   ├── m (3)
17:53:28 INFO  PackageTree               :     │   │   ├── c (1)
17:53:28 INFO  PackageTree               :     │   │   └── d (1)
17:53:28 INFO  PackageTree               :     │   ├── p (5)
17:53:28 INFO  PackageTree               :     │   │   └── d (1)
17:53:28 INFO  PackageTree               :     │   ├── r (7)
17:53:28 INFO  PackageTree               :     │   ├── t (7)
17:53:28 INFO  PackageTree               :     │   ├── s (5)
17:53:28 INFO  PackageTree               :     │   ├── q (3)
17:53:28 INFO  PackageTree               :     │   └── o (1)
17:53:28 INFO  PackageTree               :     ├── g
17:53:28 INFO  PackageTree               :     │   ├── d
17:53:28 INFO  PackageTree               :     │   │   └── a (18)
17:53:28 INFO  PackageTree               :     │   │       ├── l (4)
17:53:28 INFO  PackageTree               :     │   │       │   ├── e (12)
17:53:28 INFO  PackageTree               :     │   │       │   └── d (7)
17:53:28 INFO  PackageTree               :     │   │       ├── o
17:53:28 INFO  PackageTree               :     │   │       │   ├── c (6)
17:53:28 INFO  PackageTree               :     │   │       │   ├── a (11)
17:53:28 INFO  PackageTree               :     │   │       │   └── b (5)
17:53:28 INFO  PackageTree               :     │   │       ├── k (9)
17:53:28 INFO  PackageTree               :     │   │       │   └── c (1)
17:53:28 INFO  PackageTree               :     │   │       ├── p (11)
17:53:28 INFO  PackageTree               :     │   │       ├── j (19)
17:53:28 INFO  PackageTree               :     │   │       ├── n (9)
17:53:28 INFO  PackageTree               :     │   │       └── m (3)
17:53:28 INFO  PackageTree               :     │   ├── b
17:53:28 INFO  PackageTree               :     │   │   └── a (143)
17:53:28 INFO  PackageTree               :     │   ├── c
17:53:28 INFO  PackageTree               :     │   │   └── a
17:53:28 INFO  PackageTree               :     │   │       └── a (1)
17:53:28 INFO  PackageTree               :     │   └── a
17:53:28 INFO  PackageTree               :     │       └── a
17:53:28 INFO  PackageTree               :     │           └── a (1)
17:53:28 INFO  PackageTree               :     ├── k
17:53:28 INFO  PackageTree               :     │   └── a (91)
17:53:28 INFO  PackageTree               :     │       ├── h2 (15)
17:53:28 INFO  PackageTree               :     │       ├── f2 (22)
17:53:28 INFO  PackageTree               :     │       │   └── q (12)
17:53:28 INFO  PackageTree               :     │       ├── e2 (22)
17:53:28 INFO  PackageTree               :     │       ├── g2 (33)
17:53:28 INFO  PackageTree               :     │       ├── i2 (11)
17:53:28 INFO  PackageTree               :     │       └── d2 (6)
17:53:28 INFO  PackageTree               :     ├── h
17:53:28 INFO  PackageTree               :     │   ├── a
17:53:28 INFO  PackageTree               :     │   │   ├── a (2)
17:53:28 INFO  PackageTree               :     │   │   │   ├── c
17:53:28 INFO  PackageTree               :     │   │   │   │   ├── c (13)
17:53:28 INFO  PackageTree               :     │   │   │   │   ├── a (3)
17:53:28 INFO  PackageTree               :     │   │   │   │   ├── b (1)
17:53:28 INFO  PackageTree               :     │   │   │   │   └── d (1)
17:53:28 INFO  PackageTree               :     │   │   │   └── b (1)
17:53:28 INFO  PackageTree               :     │   │   └── b (2)
17:53:28 INFO  PackageTree               :     │   └── b (3)
17:53:28 INFO  PackageTree               :     ├── kotlinx
17:53:28 INFO  PackageTree               :     │   └── coroutines (2)
17:53:28 INFO  PackageTree               :     │       ├── android (1)
17:53:28 INFO  PackageTree               :     │       └── internal (1)
17:53:28 INFO  PackageTree               :     ├── android
17:53:28 INFO  PackageTree               :     │   └── support
17:53:28 INFO  PackageTree               :     │       └── v4
17:53:28 INFO  PackageTree               :     │           ├── graphics
17:53:28 INFO  PackageTree               :     │           │   └── drawable (1)
17:53:28 INFO  PackageTree               :     │           └── app (1)
17:53:28 INFO  PackageTree               :     └── i
17:53:28 INFO  PackageTree               :         └── a (1)
17:53:28 INFO  Profile                   : 
17:53:28 INFO  AppProfile                : - generated app package tree (in 21 ms)
17:53:28 INFO  AppProfile                : 
17:53:28 DEBUG HashTree                  : Generate hash tree..
17:53:28 DEBUG HashTree                  :     - generated 134 package hashes.
17:53:28 DEBUG HashTree                  :     - generated 1752 clazz hashes.
17:53:28 DEBUG HashTree                  :     - generated 10591 method hashes.
17:53:28 DEBUG HashTree                  :     => Library Hash: 5a857f1c3442ceed9a1035c75d6d84d1
17:53:28 INFO  AppProfile                : - generated app hash trees (in 158 ms)
17:53:28 INFO  AppProfile                : 
17:53:28 INFO  LibraryIdentifier         : = Scan for library root packages (heuristic) =
17:53:28 INFO  LibraryIdentifier         :     - Found lib root package androidx.navigation  (android.arch.navigation::navigation-common)
17:53:28 INFO  LibraryIdentifier         :     - Found lib root package androidx.navigation  (android.arch.navigation::navigation-common-ktx)
17:53:28 INFO  LibraryIdentifier         :     - Found lib root package androidx.navigation.fragment  (android.arch.navigation::navigation-fragment)
17:53:28 INFO  LibraryIdentifier         :     - Found lib root package androidx.navigation.fragment  (android.arch.navigation::navigation-fragment-ktx)
17:53:28 INFO  LibraryIdentifier         :     - Found lib root package androidx.navigation  (android.arch.navigation::navigation-runtime)
17:53:28 INFO  LibraryIdentifier         :     - Found lib root package androidx.navigation  (android.arch.navigation::navigation-runtime-ktx)
17:53:28 INFO  LibraryIdentifier         :     - Found lib root package androidx.annotation  (androidx.annotation::annotation)
17:53:28 INFO  LibraryIdentifier         :     - Found lib root package androidx.appcompat  (androidx.appcompat::appcompat)
17:53:28 INFO  LibraryIdentifier         :     - Found lib root package androidx.constraintlayout.widget  (androidx.constraintlayout::constraintlayout)
17:53:28 INFO  LibraryIdentifier         :     - Found lib root package androidx.core  (androidx.core::core)
17:53:28 INFO  LibraryIdentifier         :     - Found lib root package androidx  (androidx.core::core-ktx)
17:53:28 INFO  LibraryIdentifier         :     - Found lib root package androidx.fragment.app  (androidx.fragment::fragment)
17:53:28 INFO  LibraryIdentifier         :     - Found lib root package androidx.fragment.app  (androidx.fragment::fragment-ktx)
17:53:28 INFO  LibraryIdentifier         :     - Found lib root package androidx.lifecycle  (androidx.lifecycle::lifecycle-common)
17:53:28 INFO  LibraryIdentifier         :     - Found lib root package androidx.lifecycle  (androidx.lifecycle::lifecycle-common-java8)
17:53:28 INFO  LibraryIdentifier         :     - Found lib root package androidx.lifecycle  (androidx.lifecycle::lifecycle-compiler)
17:53:28 INFO  LibraryIdentifier         :     - Found lib root package androidx.lifecycle  (androidx.lifecycle::lifecycle-extensions)
17:53:28 INFO  LibraryIdentifier         :     - Found lib root package androidx.lifecycle  (androidx.lifecycle::lifecycle-livedata)
17:53:28 INFO  LibraryIdentifier         :     - Found lib root package androidx.lifecycle  (androidx.lifecycle::lifecycle-livedata-core)
17:53:28 INFO  LibraryIdentifier         :     - Found lib root package androidx.lifecycle  (androidx.lifecycle::lifecycle-process)
17:53:28 INFO  LibraryIdentifier         :     - Found lib root package androidx.lifecycle  (androidx.lifecycle::lifecycle-reactivestreams)
17:53:28 INFO  LibraryIdentifier         :     - Found lib root package androidx.lifecycle  (androidx.lifecycle::lifecycle-reactivestreams-ktx)
17:53:28 INFO  LibraryIdentifier         :     - Found lib root package androidx.lifecycle  (androidx.lifecycle::lifecycle-runtime)
17:53:28 INFO  LibraryIdentifier         :     - Found lib root package androidx.lifecycle  (androidx.lifecycle::lifecycle-service)
17:53:28 INFO  LibraryIdentifier         :     - Found lib root package androidx.lifecycle  (androidx.lifecycle::lifecycle-viewmodel)
17:53:28 INFO  LibraryIdentifier         :     - Found lib root package androidx.lifecycle  (androidx.lifecycle::lifecycle-viewmodel-ktx)
17:53:28 INFO  LibraryIdentifier         :     - Found lib root package androidx.recyclerview.widget  (androidx.recyclerview::recyclerview)
17:53:28 INFO  LibraryIdentifier         :     - Found lib root package androidx.room  (androidx.room::room-common)
17:53:28 INFO  LibraryIdentifier         :     - Found lib root package androidx.room  (androidx.room::room-compiler)
17:53:28 INFO  LibraryIdentifier         :     - Found lib root package androidx.room  (androidx.room::room-runtime)
17:53:28 INFO  LibraryIdentifier         :     - Found lib root package androidx.room  (androidx.room::room-rxjava2)
17:53:28 INFO  LibraryIdentifier         :     - Found lib root package androidx.versionedparcelable  (androidx.versionedparcelable::versionedparcelable)
17:53:28 INFO  LibraryIdentifier         :     - Found lib root package android.support.v4  (com.android.support::customview)
17:53:28 INFO  LibraryIdentifier         :     - Found lib root package android.support.v4  (com.android.support::loader)
17:53:28 INFO  LibraryIdentifier         :     - Found lib root package android.support.v4  (com.android.support::support-compat)
17:53:28 INFO  LibraryIdentifier         :     - Found lib root package android.support.v4  (com.android.support::support-core-ui)
17:53:28 INFO  LibraryIdentifier         :     - Found lib root package android.support.v4  (com.android.support::support-core-utils)
17:53:28 INFO  LibraryIdentifier         :     - Found lib root package android.support.v4.app  (com.android.support::support-fragment)
17:53:28 INFO  LibraryIdentifier         :     - Found lib root package android.support.v4  (com.android.support::support-v4)
17:53:28 INFO  LibraryIdentifier         :     - Found lib root package androidx.versionedparcelable  (com.android.support::versionedparcelable)
17:53:28 INFO  LibraryIdentifier         :     - Found lib root package com.google.protobuf  (com.google.firebase::protolite-well-known-types)
17:53:28 INFO  LibraryIdentifier         : 
17:53:28 INFO  LibraryIdentifier         : = Match profiles =
17:53:54 INFO  LibraryIdentifier         :     >> profile matching done (26 sec, 189 ms)
17:53:54 INFO  LibraryIdentifier         : 
17:53:54 INFO  LibraryIdentifier         : == Report ==
17:53:54 INFO  LibraryIdentifier         : - Full library matches:
17:53:54 INFO  ProfileMatch              :                 name: com.google.firebase::firebase-ml-vision-image-label-model
17:53:54 INFO  ProfileMatch              :             category: Android
17:53:54 INFO  ProfileMatch              :              version: 20.0.0  [OLD VERSION]
17:53:54 INFO  ProfileMatch              :         release-date:  --
17:53:54 INFO  ProfileMatch              :     lib root package: "com.google.firebase.ml.vision.imagelabel"  (in app: "f")
17:53:54 INFO  ProfileMatch              : 
17:53:54 INFO  ProfileMatch              :                 name: com.google.firebase::firebase-ml-vision-image-label-model
17:53:54 INFO  ProfileMatch              :             category: Android
17:53:54 INFO  ProfileMatch              :              version: 20.0.1  [OLD VERSION]
17:53:54 INFO  ProfileMatch              :         release-date:  --
17:53:54 INFO  ProfileMatch              :     lib root package: "com.google.firebase.ml.vision.imagelabel"  (in app: "f")
17:53:54 INFO  ProfileMatch              : 
17:53:54 INFO  ProfileMatch              :                 name: com.google.firebase::firebase-ml-vision-image-label-model
17:53:54 INFO  ProfileMatch              :             category: Android
17:53:54 INFO  ProfileMatch              :              version: 20.0.2
17:53:54 INFO  ProfileMatch              :         release-date:  --
17:53:54 INFO  ProfileMatch              :     lib root package: "com.google.firebase.ml.vision.imagelabel"  (in app: "f")
17:53:54 INFO  ProfileMatch              : 
17:53:55 INFO  ProfileMatch              :                 name: Facebook
17:53:55 INFO  ProfileMatch              :             category: SocialMedia
17:53:55 INFO  ProfileMatch              :              version: 4.27.0  [OLD VERSION]
17:53:55 INFO  ProfileMatch              :         release-date: 26.09.2017
17:53:55 INFO  ProfileMatch              :     lib root package: "com.facebook.all"  (in app: "f")
17:53:55 INFO  ProfileMatch              : 
17:53:55 INFO  ProfileMatch              :                 name: Facebook
17:53:55 INFO  ProfileMatch              :             category: SocialMedia
17:53:55 INFO  ProfileMatch              :              version: 4.28.0  [OLD VERSION]
17:53:55 INFO  ProfileMatch              :         release-date: 07.11.2017
17:53:55 INFO  ProfileMatch              :     lib root package: "com.facebook.all"  (in app: "f")
17:53:55 INFO  ProfileMatch              : 
17:53:55 INFO  ProfileMatch              :                 name: Facebook
17:53:55 INFO  ProfileMatch              :             category: SocialMedia
17:53:55 INFO  ProfileMatch              :              version: 4.29.0  [OLD VERSION]
17:53:55 INFO  ProfileMatch              :         release-date: 05.12.2017
17:53:55 INFO  ProfileMatch              :     lib root package: "com.facebook.all"  (in app: "f")
17:53:55 INFO  ProfileMatch              : 
17:53:55 INFO  ProfileMatch              :                 name: Facebook
17:53:55 INFO  ProfileMatch              :             category: SocialMedia
17:53:55 INFO  ProfileMatch              :              version: 4.30.0  [OLD VERSION]
17:53:55 INFO  ProfileMatch              :         release-date: 24.01.2018
17:53:55 INFO  ProfileMatch              :     lib root package: "com.facebook.all"  (in app: "f")
17:53:55 INFO  ProfileMatch              : 
17:53:55 INFO  ProfileMatch              :                 name: Facebook
17:53:55 INFO  ProfileMatch              :             category: SocialMedia
17:53:55 INFO  ProfileMatch              :              version: 4.31.0  [OLD VERSION]
17:53:55 INFO  ProfileMatch              :         release-date: 28.02.2018
17:53:55 INFO  ProfileMatch              :     lib root package: "com.facebook.all"  (in app: "f")
17:53:55 INFO  ProfileMatch              : 
17:53:55 INFO  ProfileMatch              :                 name: Facebook
17:53:55 INFO  ProfileMatch              :             category: SocialMedia
17:53:55 INFO  ProfileMatch              :              version: 4.32.0  [OLD VERSION]
17:53:55 INFO  ProfileMatch              :         release-date: 11.04.2018
17:53:55 INFO  ProfileMatch              :     lib root package: "com.facebook.all"  (in app: "f")
17:53:55 INFO  ProfileMatch              : 
17:53:55 INFO  ProfileMatch              :                 name: Facebook
17:53:55 INFO  ProfileMatch              :             category: SocialMedia
17:53:55 INFO  ProfileMatch              :              version: 4.33.0  [OLD VERSION]
17:53:55 INFO  ProfileMatch              :         release-date: 01.05.2018
17:53:55 INFO  ProfileMatch              :     lib root package: "com.facebook.all"  (in app: "f")
17:53:55 INFO  ProfileMatch              : 
17:53:55 INFO  ProfileMatch              :                 name: Facebook
17:53:55 INFO  ProfileMatch              :             category: SocialMedia
17:53:55 INFO  ProfileMatch              :              version: 4.34.0  [OLD VERSION]
17:53:55 INFO  ProfileMatch              :         release-date: 19.06.2018
17:53:55 INFO  ProfileMatch              :     lib root package: "com.facebook.all"  (in app: "f")
17:53:55 INFO  ProfileMatch              : 
17:53:55 INFO  ProfileMatch              :                 name: Facebook
17:53:55 INFO  ProfileMatch              :             category: SocialMedia
17:53:55 INFO  ProfileMatch              :              version: 4.35.0  [OLD VERSION]
17:53:55 INFO  ProfileMatch              :         release-date: 26.07.2018
17:53:55 INFO  ProfileMatch              :     lib root package: "com.facebook.all"  (in app: "f")
17:53:55 INFO  ProfileMatch              : 
17:53:55 INFO  ProfileMatch              :                 name: Facebook
17:53:55 INFO  ProfileMatch              :             category: SocialMedia
17:53:55 INFO  ProfileMatch              :              version: 4.36.0  [OLD VERSION]
17:53:55 INFO  ProfileMatch              :         release-date: 29.08.2018
17:53:55 INFO  ProfileMatch              :     lib root package: "com.facebook.all"  (in app: "f")
17:53:55 INFO  ProfileMatch              : 
17:53:55 INFO  ProfileMatch              :                 name: Facebook
17:53:55 INFO  ProfileMatch              :             category: SocialMedia
17:53:55 INFO  ProfileMatch              :              version: 4.36.1  [OLD VERSION]
17:53:55 INFO  ProfileMatch              :         release-date: 15.09.2018
17:53:55 INFO  ProfileMatch              :     lib root package: "com.facebook.all"  (in app: "f")
17:53:55 INFO  ProfileMatch              : 
17:53:55 INFO  ProfileMatch              :                 name: Facebook
17:53:55 INFO  ProfileMatch              :             category: SocialMedia
17:53:55 INFO  ProfileMatch              :              version: 4.37.0  [OLD VERSION]
17:53:55 INFO  ProfileMatch              :         release-date: 27.09.2018
17:53:55 INFO  ProfileMatch              :     lib root package: "com.facebook.all"  (in app: "f")
17:53:55 INFO  ProfileMatch              : 
17:53:55 INFO  ProfileMatch              :                 name: Facebook
17:53:55 INFO  ProfileMatch              :             category: SocialMedia
17:53:55 INFO  ProfileMatch              :              version: 4.38.0  [OLD VERSION]
17:53:55 INFO  ProfileMatch              :         release-date: 23.10.2018
17:53:55 INFO  ProfileMatch              :     lib root package: "com.facebook.all"  (in app: "f")
17:53:55 INFO  ProfileMatch              : 
17:53:55 INFO  ProfileMatch              :                 name: Facebook
17:53:55 INFO  ProfileMatch              :             category: SocialMedia
17:53:55 INFO  ProfileMatch              :              version: 4.38.1  [OLD VERSION]
17:53:55 INFO  ProfileMatch              :         release-date: 31.10.2018
17:53:55 INFO  ProfileMatch              :     lib root package: "com.facebook.all"  (in app: "f")
17:53:55 INFO  ProfileMatch              : 
17:53:55 INFO  ProfileMatch              :                 name: Facebook
17:53:55 INFO  ProfileMatch              :             category: SocialMedia
17:53:55 INFO  ProfileMatch              :              version: 4.39.0  [OLD VERSION]
17:53:55 INFO  ProfileMatch              :         release-date: 05.12.2018
17:53:55 INFO  ProfileMatch              :     lib root package: "com.facebook.all"  (in app: "f")
17:53:55 INFO  ProfileMatch              : 
17:53:55 INFO  ProfileMatch              :                 name: Facebook
17:53:55 INFO  ProfileMatch              :             category: SocialMedia
17:53:55 INFO  ProfileMatch              :              version: 4.40.0  [OLD VERSION]
17:53:55 INFO  ProfileMatch              :         release-date: 22.01.2019
17:53:55 INFO  ProfileMatch              :     lib root package: "com.facebook.all"  (in app: "f")
17:53:55 INFO  ProfileMatch              : 
17:53:55 INFO  ProfileMatch              :                 name: Facebook
17:53:55 INFO  ProfileMatch              :             category: SocialMedia
17:53:55 INFO  ProfileMatch              :              version: 4.41.0  [OLD VERSION]
17:53:55 INFO  ProfileMatch              :         release-date: 08.03.2019
17:53:55 INFO  ProfileMatch              :     lib root package: "com.facebook.all"  (in app: "f")
17:53:55 INFO  ProfileMatch              : 
17:53:55 INFO  ProfileMatch              :                 name: Facebook
17:53:55 INFO  ProfileMatch              :             category: SocialMedia
17:53:55 INFO  ProfileMatch              :              version: 4.42.0  [OLD VERSION]
17:53:55 INFO  ProfileMatch              :         release-date: 08.04.2019
17:53:55 INFO  ProfileMatch              :     lib root package: "com.facebook.all"  (in app: "f")
17:53:55 INFO  ProfileMatch              : 
17:53:55 INFO  ProfileMatch              :                 name: Facebook
17:53:55 INFO  ProfileMatch              :             category: SocialMedia
17:53:55 INFO  ProfileMatch              :              version: 5.0.0  [OLD VERSION]
17:53:55 INFO  ProfileMatch              :         release-date: 30.04.2019
17:53:55 INFO  ProfileMatch              :     lib root package: "com.facebook.all"  (in app: "f")
17:53:55 INFO  ProfileMatch              : 
17:53:55 INFO  ProfileMatch              :                 name: Facebook
17:53:55 INFO  ProfileMatch              :             category: SocialMedia
17:53:55 INFO  ProfileMatch              :              version: 5.0.1  [OLD VERSION]
17:53:55 INFO  ProfileMatch              :         release-date: 17.05.2019
17:53:55 INFO  ProfileMatch              :     lib root package: "com.facebook.all"  (in app: "f")
17:53:55 INFO  ProfileMatch              : 
17:53:55 INFO  ProfileMatch              :                 name: Facebook
17:53:55 INFO  ProfileMatch              :             category: SocialMedia
17:53:55 INFO  ProfileMatch              :              version: 5.0.2  [OLD VERSION]
17:53:55 INFO  ProfileMatch              :         release-date: 09.06.2019
17:53:55 INFO  ProfileMatch              :     lib root package: "com.facebook.all"  (in app: "f")
17:53:55 INFO  ProfileMatch              : 
17:53:55 INFO  ProfileMatch              :                 name: Facebook
17:53:55 INFO  ProfileMatch              :             category: SocialMedia
17:53:55 INFO  ProfileMatch              :              version: 5.0.3  [OLD VERSION]
17:53:55 INFO  ProfileMatch              :         release-date: 14.06.2019
17:53:55 INFO  ProfileMatch              :     lib root package: "com.facebook.all"  (in app: "f")
17:53:55 INFO  ProfileMatch              : 
17:53:55 INFO  ProfileMatch              :                 name: Facebook
17:53:55 INFO  ProfileMatch              :             category: SocialMedia
17:53:55 INFO  ProfileMatch              :              version: 5.1.0  [OLD VERSION]
17:53:55 INFO  ProfileMatch              :         release-date: 21.06.2019
17:53:55 INFO  ProfileMatch              :     lib root package: "com.facebook.all"  (in app: "f")
17:53:55 INFO  ProfileMatch              : 
17:53:55 INFO  ProfileMatch              :                 name: Facebook
17:53:55 INFO  ProfileMatch              :             category: SocialMedia
17:53:55 INFO  ProfileMatch              :              version: 5.1.1  [OLD VERSION]
17:53:55 INFO  ProfileMatch              :         release-date: 02.07.2019
17:53:55 INFO  ProfileMatch              :     lib root package: "com.facebook.all"  (in app: "f")
17:53:55 INFO  ProfileMatch              : 
17:53:55 INFO  ProfileMatch              :                 name: Facebook
17:53:55 INFO  ProfileMatch              :             category: SocialMedia
17:53:55 INFO  ProfileMatch              :              version: 5.2.0  [OLD VERSION]
17:53:55 INFO  ProfileMatch              :         release-date: 29.07.2019
17:53:55 INFO  ProfileMatch              :     lib root package: "com.facebook.all"  (in app: "f")
17:53:55 INFO  ProfileMatch              : 
17:53:55 INFO  ProfileMatch              :                 name: Facebook
17:53:55 INFO  ProfileMatch              :             category: SocialMedia
17:53:55 INFO  ProfileMatch              :              version: 5.4.0  [OLD VERSION]
17:53:55 INFO  ProfileMatch              :         release-date: 16.08.2019
17:53:55 INFO  ProfileMatch              :     lib root package: "com.facebook.all"  (in app: "f")
17:53:55 INFO  ProfileMatch              : 
17:53:55 INFO  ProfileMatch              :                 name: Facebook
17:53:55 INFO  ProfileMatch              :             category: SocialMedia
17:53:55 INFO  ProfileMatch              :              version: 5.5.0  [OLD VERSION]
17:53:55 INFO  ProfileMatch              :         release-date: 31.08.2019
17:53:55 INFO  ProfileMatch              :     lib root package: "com.facebook.all"  (in app: "f")
17:53:55 INFO  ProfileMatch              : 
17:53:55 INFO  ProfileMatch              :                 name: Facebook
17:53:55 INFO  ProfileMatch              :             category: SocialMedia
17:53:55 INFO  ProfileMatch              :              version: 5.5.1  [OLD VERSION]
17:53:55 INFO  ProfileMatch              :         release-date: 06.09.2019
17:53:55 INFO  ProfileMatch              :     lib root package: "com.facebook.all"  (in app: "f")
17:53:55 INFO  ProfileMatch              : 
17:53:55 INFO  ProfileMatch              :                 name: Facebook
17:53:55 INFO  ProfileMatch              :             category: SocialMedia
17:53:55 INFO  ProfileMatch              :              version: 5.5.2  [OLD VERSION]
17:53:55 INFO  ProfileMatch              :         release-date: 05.10.2019
17:53:55 INFO  ProfileMatch              :     lib root package: "com.facebook.all"  (in app: "f")
17:53:55 INFO  ProfileMatch              : 
17:53:55 INFO  ProfileMatch              :                 name: Facebook
17:53:55 INFO  ProfileMatch              :             category: SocialMedia
17:53:55 INFO  ProfileMatch              :              version: 5.8.0  [OLD VERSION]
17:53:55 INFO  ProfileMatch              :         release-date: 08.10.2019
17:53:55 INFO  ProfileMatch              :     lib root package: "com.facebook.all"  (in app: "f")
17:53:55 INFO  ProfileMatch              : 
17:53:55 INFO  ProfileMatch              :                 name: Facebook
17:53:55 INFO  ProfileMatch              :             category: SocialMedia
17:53:55 INFO  ProfileMatch              :              version: 5.9.0  [OLD VERSION]
17:53:55 INFO  ProfileMatch              :         release-date: 29.10.2019
17:53:55 INFO  ProfileMatch              :     lib root package: "com.facebook.all"  (in app: "f")
17:53:55 INFO  ProfileMatch              : 
17:53:55 INFO  ProfileMatch              :                 name: Facebook
17:53:55 INFO  ProfileMatch              :             category: SocialMedia
17:53:55 INFO  ProfileMatch              :              version: 5.11.0  [OLD VERSION]
17:53:55 INFO  ProfileMatch              :         release-date: 15.11.2019
17:53:55 INFO  ProfileMatch              :     lib root package: "com.facebook.all"  (in app: "f")
17:53:55 INFO  ProfileMatch              : 
17:53:55 INFO  ProfileMatch              :                 name: Facebook
17:53:55 INFO  ProfileMatch              :             category: SocialMedia
17:53:55 INFO  ProfileMatch              :              version: 5.11.1  [OLD VERSION]
17:53:55 INFO  ProfileMatch              :         release-date: 21.11.2019
17:53:55 INFO  ProfileMatch              :     lib root package: "com.facebook.all"  (in app: "f")
17:53:55 INFO  ProfileMatch              : 
17:53:55 INFO  ProfileMatch              :                 name: Facebook
17:53:55 INFO  ProfileMatch              :             category: SocialMedia
17:53:55 INFO  ProfileMatch              :              version: 5.11.2  [OLD VERSION]
17:53:55 INFO  ProfileMatch              :         release-date: 22.11.2019
17:53:55 INFO  ProfileMatch              :     lib root package: "com.facebook.all"  (in app: "f")
17:53:55 INFO  ProfileMatch              : 
17:53:55 INFO  ProfileMatch              :                 name: Facebook
17:53:55 INFO  ProfileMatch              :             category: SocialMedia
17:53:55 INFO  ProfileMatch              :              version: 5.12.0  [OLD VERSION]
17:53:55 INFO  ProfileMatch              :         release-date: 04.12.2019
17:53:55 INFO  ProfileMatch              :     lib root package: "com.facebook.all"  (in app: "f")
17:53:55 INFO  ProfileMatch              : 
17:53:55 INFO  ProfileMatch              :                 name: Facebook
17:53:55 INFO  ProfileMatch              :             category: SocialMedia
17:53:55 INFO  ProfileMatch              :              version: 5.12.1  [OLD VERSION]
17:53:55 INFO  ProfileMatch              :         release-date: 09.12.2019
17:53:55 INFO  ProfileMatch              :     lib root package: "com.facebook.all"  (in app: "f")
17:53:55 INFO  ProfileMatch              : 
17:53:55 INFO  ProfileMatch              :                 name: Facebook
17:53:55 INFO  ProfileMatch              :             category: SocialMedia
17:53:55 INFO  ProfileMatch              :              version: 5.13.0  [OLD VERSION]
17:53:55 INFO  ProfileMatch              :         release-date: 12.12.2019
17:53:55 INFO  ProfileMatch              :     lib root package: "com.facebook.all"  (in app: "f")
17:53:55 INFO  ProfileMatch              : 
17:53:55 INFO  ProfileMatch              :                 name: Facebook
17:53:55 INFO  ProfileMatch              :             category: SocialMedia
17:53:55 INFO  ProfileMatch              :              version: 5.15.0  [OLD VERSION]
17:53:55 INFO  ProfileMatch              :         release-date: 21.01.2020
17:53:55 INFO  ProfileMatch              :     lib root package: "com.facebook.all"  (in app: "f")
17:53:55 INFO  ProfileMatch              : 
17:53:55 INFO  ProfileMatch              :                 name: Facebook
17:53:55 INFO  ProfileMatch              :             category: SocialMedia
17:53:55 INFO  ProfileMatch              :              version: 5.15.1  [OLD VERSION]
17:53:55 INFO  ProfileMatch              :         release-date: 29.01.2020
17:53:55 INFO  ProfileMatch              :     lib root package: "com.facebook.all"  (in app: "f")
17:53:55 INFO  ProfileMatch              : 
17:53:55 INFO  ProfileMatch              :                 name: Facebook
17:53:55 INFO  ProfileMatch              :             category: SocialMedia
17:53:55 INFO  ProfileMatch              :              version: 5.15.2  [OLD VERSION]
17:53:55 INFO  ProfileMatch              :         release-date: 03.02.2020
17:53:55 INFO  ProfileMatch              :     lib root package: "com.facebook.all"  (in app: "f")
17:53:55 INFO  ProfileMatch              : 
17:53:55 INFO  ProfileMatch              :                 name: Facebook
17:53:55 INFO  ProfileMatch              :             category: SocialMedia
17:53:55 INFO  ProfileMatch              :              version: 5.15.3  [OLD VERSION]
17:53:55 INFO  ProfileMatch              :         release-date: 03.02.2020
17:53:55 INFO  ProfileMatch              :     lib root package: "com.facebook.all"  (in app: "f")
17:53:55 INFO  ProfileMatch              : 
17:53:55 INFO  ProfileMatch              :                 name: Facebook
17:53:55 INFO  ProfileMatch              :             category: SocialMedia
17:53:55 INFO  ProfileMatch              :              version: 6.0.0  [OLD VERSION]
17:53:55 INFO  ProfileMatch              :         release-date: 03.02.2020
17:53:55 INFO  ProfileMatch              :     lib root package: "com.facebook.all"  (in app: "f")
17:53:55 INFO  ProfileMatch              : 
17:53:55 INFO  ProfileMatch              :                 name: Facebook
17:53:55 INFO  ProfileMatch              :             category: SocialMedia
17:53:55 INFO  ProfileMatch              :              version: 6.1.0  [OLD VERSION]
17:53:55 INFO  ProfileMatch              :         release-date: 14.02.2020
17:53:55 INFO  ProfileMatch              :     lib root package: "com.facebook.all"  (in app: "f")
17:53:55 INFO  ProfileMatch              : 
17:53:55 INFO  ProfileMatch              :                 name: Facebook
17:53:55 INFO  ProfileMatch              :             category: SocialMedia
17:53:55 INFO  ProfileMatch              :              version: 6.2.0  [OLD VERSION]
17:53:55 INFO  ProfileMatch              :         release-date: 09.03.2020
17:53:55 INFO  ProfileMatch              :     lib root package: "com.facebook.all"  (in app: "f")
17:53:55 INFO  ProfileMatch              : 
17:53:55 INFO  ProfileMatch              :                 name: Facebook
17:53:55 INFO  ProfileMatch              :             category: SocialMedia
17:53:55 INFO  ProfileMatch              :              version: 6.3.0  [OLD VERSION]
17:53:55 INFO  ProfileMatch              :         release-date: 25.03.2020
17:53:55 INFO  ProfileMatch              :     lib root package: "com.facebook.all"  (in app: "f")
17:53:55 INFO  ProfileMatch              : 
17:53:55 INFO  ProfileMatch              :                 name: Facebook
17:53:55 INFO  ProfileMatch              :             category: SocialMedia
17:53:55 INFO  ProfileMatch              :              version: 6.4.0  [OLD VERSION]
17:53:55 INFO  ProfileMatch              :         release-date: 15.04.2020
17:53:55 INFO  ProfileMatch              :     lib root package: "com.facebook.all"  (in app: "f")
17:53:55 INFO  ProfileMatch              : 
17:53:55 INFO  ProfileMatch              :                 name: Facebook
17:53:55 INFO  ProfileMatch              :             category: SocialMedia
17:53:55 INFO  ProfileMatch              :              version: 6.5.0  [OLD VERSION]
17:53:55 INFO  ProfileMatch              :         release-date: 20.04.2020
17:53:55 INFO  ProfileMatch              :     lib root package: "com.facebook.all"  (in app: "f")
17:53:55 INFO  ProfileMatch              : 
17:53:55 INFO  ProfileMatch              :                 name: Facebook
17:53:55 INFO  ProfileMatch              :             category: SocialMedia
17:53:55 INFO  ProfileMatch              :              version: 6.5.1  [OLD VERSION]
17:53:55 INFO  ProfileMatch              :         release-date: 23.04.2020
17:53:55 INFO  ProfileMatch              :     lib root package: "com.facebook.all"  (in app: "f")
17:53:55 INFO  ProfileMatch              : 
17:53:55 INFO  ProfileMatch              :                 name: Facebook
17:53:55 INFO  ProfileMatch              :             category: SocialMedia
17:53:55 INFO  ProfileMatch              :              version: 7.0.0  [OLD VERSION]
17:53:55 INFO  ProfileMatch              :         release-date: 05.05.2020
17:53:55 INFO  ProfileMatch              :     lib root package: "com.facebook.all"  (in app: "f")
17:53:55 INFO  ProfileMatch              : 
17:53:55 INFO  ProfileMatch              :                 name: Facebook
17:53:55 INFO  ProfileMatch              :             category: SocialMedia
17:53:55 INFO  ProfileMatch              :              version: 7.0.1  [OLD VERSION]
17:53:55 INFO  ProfileMatch              :         release-date: 09.06.2020
17:53:55 INFO  ProfileMatch              :     lib root package: "com.facebook.all"  (in app: "f")
17:53:55 INFO  ProfileMatch              : 
17:53:55 INFO  ProfileMatch              :                 name: Facebook
17:53:55 INFO  ProfileMatch              :             category: SocialMedia
17:53:55 INFO  ProfileMatch              :              version: 7.1.0  [OLD VERSION]
17:53:55 INFO  ProfileMatch              :         release-date: 23.06.2020
17:53:55 INFO  ProfileMatch              :     lib root package: "com.facebook.all"  (in app: "f")
17:53:55 INFO  ProfileMatch              : 
17:53:55 INFO  ProfileMatch              :                 name: Facebook
17:53:55 INFO  ProfileMatch              :             category: SocialMedia
17:53:55 INFO  ProfileMatch              :              version: 8.0.0  [OLD VERSION]
17:53:55 INFO  ProfileMatch              :         release-date: 28.09.2020
17:53:55 INFO  ProfileMatch              :     lib root package: "com.facebook.all"  (in app: "f")
17:53:55 INFO  ProfileMatch              : 
17:53:55 INFO  ProfileMatch              :                 name: Facebook
17:53:55 INFO  ProfileMatch              :             category: SocialMedia
17:53:55 INFO  ProfileMatch              :              version: 8.1.0  [OLD VERSION]
17:53:55 INFO  ProfileMatch              :         release-date: 14.10.2020
17:53:55 INFO  ProfileMatch              :     lib root package: "com.facebook.all"  (in app: "f")
17:53:55 INFO  ProfileMatch              : 
17:53:55 INFO  ProfileMatch              :                 name: Facebook
17:53:55 INFO  ProfileMatch              :             category: SocialMedia
17:53:55 INFO  ProfileMatch              :              version: 8.2.0  [OLD VERSION]
17:53:55 INFO  ProfileMatch              :         release-date: 18.12.2020
17:53:55 INFO  ProfileMatch              :     lib root package: "com.facebook.all"  (in app: "f")
17:53:55 INFO  ProfileMatch              : 
17:53:55 INFO  ProfileMatch              :                 name: Facebook
17:53:55 INFO  ProfileMatch              :             category: SocialMedia
17:53:55 INFO  ProfileMatch              :              version: 9.0.0  [OLD VERSION]
17:53:55 INFO  ProfileMatch              :         release-date: 19.01.2021
17:53:55 INFO  ProfileMatch              :     lib root package: "com.facebook.all"  (in app: "f")
17:53:55 INFO  ProfileMatch              : 
17:53:55 INFO  ProfileMatch              :                 name: Facebook
17:53:55 INFO  ProfileMatch              :             category: SocialMedia
17:53:55 INFO  ProfileMatch              :              version: 9.1.0  [OLD VERSION]
17:53:55 INFO  ProfileMatch              :         release-date: 15.03.2021
17:53:55 INFO  ProfileMatch              :     lib root package: "com.facebook.all"  (in app: "f")
17:53:55 INFO  ProfileMatch              : 
17:53:55 INFO  ProfileMatch              :                 name: Facebook
17:53:55 INFO  ProfileMatch              :             category: SocialMedia
17:53:55 INFO  ProfileMatch              :              version: 9.1.1  [OLD VERSION]
17:53:55 INFO  ProfileMatch              :         release-date: 12.04.2021
17:53:55 INFO  ProfileMatch              :     lib root package: "com.facebook.all"  (in app: "f")
17:53:55 INFO  ProfileMatch              : 
17:53:55 INFO  ProfileMatch              :                 name: Facebook
17:53:55 INFO  ProfileMatch              :             category: SocialMedia
17:53:55 INFO  ProfileMatch              :              version: 11.0.0  [OLD VERSION]
17:53:55 INFO  ProfileMatch              :         release-date: 08.06.2021
17:53:55 INFO  ProfileMatch              :     lib root package: "com.facebook.all"  (in app: "f")
17:53:55 INFO  ProfileMatch              : 
17:53:55 INFO  ProfileMatch              :                 name: Facebook
17:53:55 INFO  ProfileMatch              :             category: SocialMedia
17:53:55 INFO  ProfileMatch              :              version: 11.1.0  [OLD VERSION]
17:53:55 INFO  ProfileMatch              :         release-date: 06.07.2021
17:53:55 INFO  ProfileMatch              :     lib root package: "com.facebook.all"  (in app: "f")
17:53:55 INFO  ProfileMatch              : 
17:53:55 INFO  ProfileMatch              :                 name: Facebook
17:53:55 INFO  ProfileMatch              :             category: SocialMedia
17:53:55 INFO  ProfileMatch              :              version: 11.1.1  [OLD VERSION]
17:53:55 INFO  ProfileMatch              :         release-date: 19.07.2021
17:53:55 INFO  ProfileMatch              :     lib root package: "com.facebook.all"  (in app: "f")
17:53:55 INFO  ProfileMatch              : 
17:53:55 INFO  ProfileMatch              :                 name: Facebook
17:53:55 INFO  ProfileMatch              :             category: SocialMedia
17:53:55 INFO  ProfileMatch              :              version: 11.2.0  [OLD VERSION]
17:53:55 INFO  ProfileMatch              :         release-date: 03.08.2021
17:53:55 INFO  ProfileMatch              :     lib root package: "com.facebook.all"  (in app: "f")
17:53:55 INFO  ProfileMatch              : 
17:53:55 INFO  ProfileMatch              :                 name: Facebook
17:53:55 INFO  ProfileMatch              :             category: SocialMedia
17:53:55 INFO  ProfileMatch              :              version: 11.3.0  [OLD VERSION]
17:53:55 INFO  ProfileMatch              :         release-date: 07.09.2021
17:53:55 INFO  ProfileMatch              :     lib root package: "com.facebook.all"  (in app: "f")
17:53:55 INFO  ProfileMatch              : 
17:53:55 INFO  ProfileMatch              :                 name: Facebook
17:53:55 INFO  ProfileMatch              :             category: SocialMedia
17:53:55 INFO  ProfileMatch              :              version: 12.0.0  [OLD VERSION]
17:53:55 INFO  ProfileMatch              :         release-date: 05.10.2021
17:53:55 INFO  ProfileMatch              :     lib root package: "com.facebook.all"  (in app: "f")
17:53:55 INFO  ProfileMatch              : 
17:53:55 INFO  ProfileMatch              :                 name: Facebook
17:53:55 INFO  ProfileMatch              :             category: SocialMedia
17:53:55 INFO  ProfileMatch              :              version: 12.0.1  [OLD VERSION]
17:53:55 INFO  ProfileMatch              :         release-date: 13.10.2021
17:53:55 INFO  ProfileMatch              :     lib root package: "com.facebook.all"  (in app: "f")
17:53:55 INFO  ProfileMatch              : 
17:53:55 INFO  ProfileMatch              :                 name: Facebook
17:53:55 INFO  ProfileMatch              :             category: SocialMedia
17:53:55 INFO  ProfileMatch              :              version: 12.1.0  [OLD VERSION]
17:53:55 INFO  ProfileMatch              :         release-date: 01.11.2021
17:53:55 INFO  ProfileMatch              :     lib root package: "com.facebook.all"  (in app: "f")
17:53:55 INFO  ProfileMatch              : 
17:53:55 INFO  ProfileMatch              :                 name: Facebook
17:53:55 INFO  ProfileMatch              :             category: SocialMedia
17:53:55 INFO  ProfileMatch              :              version: 12.2.0  [OLD VERSION]
17:53:55 INFO  ProfileMatch              :         release-date: 06.12.2021
17:53:55 INFO  ProfileMatch              :     lib root package: "com.facebook.all"  (in app: "f")
17:53:55 INFO  ProfileMatch              : 
17:53:55 INFO  ProfileMatch              :                 name: Facebook
17:53:55 INFO  ProfileMatch              :             category: SocialMedia
17:53:55 INFO  ProfileMatch              :              version: 12.3.0  [OLD VERSION]
17:53:55 INFO  ProfileMatch              :         release-date: 10.01.2022
17:53:55 INFO  ProfileMatch              :     lib root package: "com.facebook.all"  (in app: "f")
17:53:55 INFO  ProfileMatch              : 
17:53:55 INFO  ProfileMatch              :                 name: Facebook
17:53:55 INFO  ProfileMatch              :             category: SocialMedia
17:53:55 INFO  ProfileMatch              :              version: 13.0.0  [OLD VERSION]
17:53:55 INFO  ProfileMatch              :         release-date: 23.02.2022
17:53:55 INFO  ProfileMatch              :     lib root package: "com.facebook.all"  (in app: "f")
17:53:55 INFO  ProfileMatch              : 
17:53:55 INFO  ProfileMatch              :                 name: Facebook
17:53:55 INFO  ProfileMatch              :             category: SocialMedia
17:53:55 INFO  ProfileMatch              :              version: 13.1.0  [OLD VERSION]
17:53:55 INFO  ProfileMatch              :         release-date: 21.03.2022
17:53:55 INFO  ProfileMatch              :     lib root package: "com.facebook.all"  (in app: "f")
17:53:55 INFO  ProfileMatch              : 
17:53:55 INFO  ProfileMatch              :                 name: Facebook
17:53:55 INFO  ProfileMatch              :             category: SocialMedia
17:53:55 INFO  ProfileMatch              :              version: 13.2.0  [OLD VERSION]
17:53:55 INFO  ProfileMatch              :         release-date: 22.04.2022
17:53:55 INFO  ProfileMatch              :     lib root package: "com.facebook.all"  (in app: "f")
17:53:55 INFO  ProfileMatch              : 
17:53:55 INFO  ProfileMatch              :                 name: Facebook
17:53:55 INFO  ProfileMatch              :             category: SocialMedia
17:53:55 INFO  ProfileMatch              :              version: 14.0.0
17:53:55 INFO  ProfileMatch              :         release-date: 14.06.2022
17:53:55 INFO  ProfileMatch              :     lib root package: "com.facebook.all"  (in app: "f")
17:53:55 INFO  ProfileMatch              : 
17:53:55 INFO  LibraryIdentifier         : 
17:53:55 INFO  LibraryIdentifier         : - Partial library matches:
17:53:55 INFO  LibraryIdentifier         : 
17:53:55 INFO  LibraryIdentifier         : App processing time: 29 sec, 306 ms
