17:17:11 INFO  LibraryIdentifier         : Process app: com.fproject.cryptolitycs_1.apk
17:17:11 INFO  LibraryIdentifier         : = Manifest Parser =
17:17:11 INFO  LibraryIdentifier         :         Package name: 
17:17:11 INFO  LibraryIdentifier         :         Version code: 0
17:17:11 INFO  LibraryIdentifier         :        minSdkVersion: 1
17:17:11 INFO  LibraryIdentifier         :     targetSdkVersion: 1
17:17:11 INFO  LibraryIdentifier         :         SharedUserId:  - none -
17:17:11 INFO  LibraryIdentifier         :     Library dependencies:  - none -
17:17:11 INFO  LibraryIdentifier         : 
17:17:11 INFO  LibraryIdentifier         : Found 402 unique libraries in 12405 library profiles
17:17:11 INFO  LibraryIdentifier         : Generated class hierarchy (in 542 ms)
17:17:12 INFO  WalaUtils                 : 
17:17:12 INFO  WalaUtils                 : = ClassHierarchy Stats =
17:17:12 INFO  WalaUtils                 :     # of classes: 2346
17:17:12 INFO  WalaUtils                 :     # thereof inner classes: 1422
17:17:12 INFO  WalaUtils                 :     # thereof public classes: 1096
17:17:12 INFO  WalaUtils                 :         Activity : 14
17:17:12 INFO  WalaUtils                 :         Application : 0
17:17:12 INFO  WalaUtils                 :         AsyncTask : 5
17:17:12 INFO  WalaUtils                 :         BroadcastReceiver : 4
17:17:12 INFO  WalaUtils                 :         ContentProvider : 1
17:17:12 INFO  WalaUtils                 :         Fragment : 8
17:17:12 INFO  WalaUtils                 :         Handler : 10
17:17:12 INFO  WalaUtils                 :         LayoutContainer : 70
17:17:12 INFO  WalaUtils                 :         Plain : 2195
17:17:12 INFO  WalaUtils                 :         Runnable : 0
17:17:12 INFO  WalaUtils                 :         Service : 6
17:17:12 INFO  WalaUtils                 :         Thread : 3
17:17:12 INFO  WalaUtils                 :         View : 30
17:17:12 INFO  WalaUtils                 :     # methods: 19183
17:17:12 INFO  WalaUtils                 :         # of publicly accessible methods: 13882
17:17:12 INFO  WalaUtils                 :         # of non-accessible methods: 5301
17:17:12 INFO  WalaUtils                 : 
17:17:12 INFO  Profile                   : = PackageTree =
17:17:12 INFO  PackageTree               : Root Package: android
17:17:12 INFO  PackageTree               : └── Root
17:17:12 INFO  PackageTree               :     ├── com
17:17:12 INFO  PackageTree               :     │   ├── github
17:17:12 INFO  PackageTree               :     │   │   └── mikephil
17:17:12 INFO  PackageTree               :     │   │       └── charting
17:17:12 INFO  PackageTree               :     │   │           ├── interfaces
17:17:12 INFO  PackageTree               :     │   │           │   ├── dataprovider (8)
17:17:12 INFO  PackageTree               :     │   │           │   └── datasets (11)
17:17:12 INFO  PackageTree               :     │   │           ├── animation (33)
17:17:12 INFO  PackageTree               :     │   │           ├── highlight (10)
17:17:12 INFO  PackageTree               :     │   │           ├── charts (17)
17:17:12 INFO  PackageTree               :     │   │           ├── components (21)
17:17:12 INFO  PackageTree               :     │   │           ├── renderer (24)
17:17:12 INFO  PackageTree               :     │   │           │   └── scatter (8)
17:17:12 INFO  PackageTree               :     │   │           ├── data (33)
17:17:12 INFO  PackageTree               :     │   │           │   └── filter (2)
17:17:12 INFO  PackageTree               :     │   │           ├── utils (14)
17:17:12 INFO  PackageTree               :     │   │           ├── listener (9)
17:17:12 INFO  PackageTree               :     │   │           ├── formatter (11)
17:17:12 INFO  PackageTree               :     │   │           ├── buffer (3)
17:17:12 INFO  PackageTree               :     │   │           ├── jobs (6)
17:17:12 INFO  PackageTree               :     │   │           ├── exception (1)
17:17:12 INFO  PackageTree               :     │   │           └── matrix (1)
17:17:12 INFO  PackageTree               :     │   ├── fproject
17:17:12 INFO  PackageTree               :     │   │   └── cryptolitycs (4)
17:17:12 INFO  PackageTree               :     │   │       ├── watchlist (11)
17:17:12 INFO  PackageTree               :     │   │       ├── cryptoapi (12)
17:17:12 INFO  PackageTree               :     │   │       ├── searchCurrency (6)
17:17:12 INFO  PackageTree               :     │   │       ├── converter (15)
17:17:12 INFO  PackageTree               :     │   │       ├── searchCoin (7)
17:17:12 INFO  PackageTree               :     │   │       ├── utility (8)
17:17:12 INFO  PackageTree               :     │   │       ├── topCoins (7)
17:17:12 INFO  PackageTree               :     │   │       ├── news (8)
17:17:12 INFO  PackageTree               :     │   │       ├── database (3)
17:17:12 INFO  PackageTree               :     │   │       └── details (8)
17:17:12 INFO  PackageTree               :     │   └── android
17:17:12 INFO  PackageTree               :     │       └── volley (34)
17:17:12 INFO  PackageTree               :     │           └── toolbox (36)
17:17:12 INFO  PackageTree               :     └── android
17:17:12 INFO  PackageTree               :         ├── arch
17:17:12 INFO  PackageTree               :         │   ├── lifecycle (16)
17:17:12 INFO  PackageTree               :         │   └── core
17:17:12 INFO  PackageTree               :         │       └── internal (8)
17:17:12 INFO  PackageTree               :         └── support
17:17:12 INFO  PackageTree               :             ├── transition (145)
17:17:12 INFO  PackageTree               :             ├── v4
17:17:12 INFO  PackageTree               :             │   ├── media (138)
17:17:12 INFO  PackageTree               :             │   │   ├── session (92)
17:17:12 INFO  PackageTree               :             │   │   └── app (3)
17:17:12 INFO  PackageTree               :             │   ├── graphics (20)
17:17:12 INFO  PackageTree               :             │   │   └── drawable (20)
17:17:12 INFO  PackageTree               :             │   ├── os (25)
17:17:12 INFO  PackageTree               :             │   ├── widget (118)
17:17:12 INFO  PackageTree               :             │   ├── net (11)
17:17:12 INFO  PackageTree               :             │   ├── content (35)
17:17:12 INFO  PackageTree               :             │   │   ├── res (9)
17:17:12 INFO  PackageTree               :             │   │   └── pm (5)
17:17:12 INFO  PackageTree               :             │   ├── text (17)
17:17:12 INFO  PackageTree               :             │   │   └── util (4)
17:17:12 INFO  PackageTree               :             │   ├── app (206)
17:17:12 INFO  PackageTree               :             │   ├── provider (34)
17:17:12 INFO  PackageTree               :             │   ├── view (117)
17:17:12 INFO  PackageTree               :             │   │   ├── accessibility (44)
17:17:12 INFO  PackageTree               :             │   │   └── animation (6)
17:17:12 INFO  PackageTree               :             │   ├── util (31)
17:17:12 INFO  PackageTree               :             │   ├── hardware
17:17:12 INFO  PackageTree               :             │   │   ├── fingerprint (13)
17:17:12 INFO  PackageTree               :             │   │   └── display (3)
17:17:12 INFO  PackageTree               :             │   ├── print (16)
17:17:12 INFO  PackageTree               :             │   ├── accessibilityservice (4)
17:17:12 INFO  PackageTree               :             │   ├── math (1)
17:17:12 INFO  PackageTree               :             │   ├── internal
17:17:12 INFO  PackageTree               :             │   │   └── view (3)
17:17:12 INFO  PackageTree               :             │   └── database (1)
17:17:12 INFO  PackageTree               :             ├── v7
17:17:12 INFO  PackageTree               :             │   ├── widget (321)
17:17:12 INFO  PackageTree               :             │   │   ├── helper (18)
17:17:12 INFO  PackageTree               :             │   │   └── util (1)
17:17:12 INFO  PackageTree               :             │   ├── app (96)
17:17:12 INFO  PackageTree               :             │   ├── util (30)
17:17:12 INFO  PackageTree               :             │   ├── view (14)
17:17:12 INFO  PackageTree               :             │   │   └── menu (48)
17:17:12 INFO  PackageTree               :             │   ├── content
17:17:12 INFO  PackageTree               :             │   │   └── res (4)
17:17:12 INFO  PackageTree               :             │   ├── graphics
17:17:12 INFO  PackageTree               :             │   │   └── drawable (3)
17:17:12 INFO  PackageTree               :             │   └── text (1)
17:17:12 INFO  PackageTree               :             ├── annotation (51)
17:17:12 INFO  PackageTree               :             ├── design
17:17:12 INFO  PackageTree               :             │   ├── widget (153)
17:17:12 INFO  PackageTree               :             │   └── internal (33)
17:17:12 INFO  PackageTree               :             ├── graphics
17:17:12 INFO  PackageTree               :             │   └── drawable (23)
17:17:12 INFO  PackageTree               :             └── constraint (5)
17:17:12 INFO  PackageTree               :                 └── solver (10)
17:17:12 INFO  PackageTree               :                     └── widgets (19)
17:17:12 INFO  Profile                   : 
17:17:12 INFO  AppProfile                : - generated app package tree (in 35 ms)
17:17:12 INFO  AppProfile                : 
17:17:12 DEBUG HashTree                  : Generate hash tree..
17:17:12 DEBUG HashTree                  :     - generated 76 package hashes.
17:17:12 DEBUG HashTree                  :     - generated 2214 clazz hashes.
17:17:12 DEBUG HashTree                  :     - generated 19183 method hashes.
17:17:12 DEBUG HashTree                  :     => Library Hash: 6bc0b87619fc5ae7eeff69821f3c2442
17:17:12 INFO  AppProfile                : - generated app hash trees (in 436 ms)
17:17:12 INFO  AppProfile                : 
17:17:12 INFO  LibraryIdentifier         : = Scan for library root packages (heuristic) =
17:17:12 INFO  LibraryIdentifier         :     - Found lib root package android.arch.core.internal  (android.arch.core::common)
17:17:12 INFO  LibraryIdentifier         :     - Found lib root package android.arch.core  (android.arch.core::runtime)
17:17:12 INFO  LibraryIdentifier         :     - Found lib root package android.arch.lifecycle  (android.arch.lifecycle::common)
17:17:12 INFO  LibraryIdentifier         :     - Found lib root package android.arch.lifecycle  (android.arch.lifecycle::common-java8)
17:17:12 INFO  LibraryIdentifier         :     - Found lib root package android.arch.lifecycle  (android.arch.lifecycle::compiler)
17:17:12 INFO  LibraryIdentifier         :     - Found lib root package android.arch.lifecycle  (android.arch.lifecycle::extensions)
17:17:12 INFO  LibraryIdentifier         :     - Found lib root package android.arch.lifecycle  (android.arch.lifecycle::livedata)
17:17:12 INFO  LibraryIdentifier         :     - Found lib root package android.arch.lifecycle  (android.arch.lifecycle::livedata-core)
17:17:12 INFO  LibraryIdentifier         :     - Found lib root package android.arch.lifecycle  (android.arch.lifecycle::reactivestreams)
17:17:12 INFO  LibraryIdentifier         :     - Found lib root package android.arch.lifecycle  (android.arch.lifecycle::runtime)
17:17:12 INFO  LibraryIdentifier         :     - Found lib root package android.arch.lifecycle  (android.arch.lifecycle::viewmodel)
17:17:12 INFO  LibraryIdentifier         :     - Found lib root package android.support.v4.media  (androidx.media::media)
17:17:12 INFO  LibraryIdentifier         :     - Found lib root package android.support.constraint  (com.android.support.constraint::constraint-layout)
17:17:12 INFO  LibraryIdentifier         :     - Found lib root package android.support.constraint.solver  (com.android.support.constraint::constraint-layout-solver)
17:17:12 INFO  LibraryIdentifier         :     - Found lib root package android.support.graphics.drawable  (com.android.support::animated-vector-drawable)
17:17:12 INFO  LibraryIdentifier         :     - Found lib root package android.support.v7  (com.android.support::appcompat-v7)
17:17:12 INFO  LibraryIdentifier         :     - Found lib root package android.support.v4.view  (com.android.support::asynclayoutinflater)
17:17:12 INFO  LibraryIdentifier         :     - Found lib root package android.support.v7.widget  (com.android.support::cardview-v7)
17:17:12 INFO  LibraryIdentifier         :     - Found lib root package android.support.v4.util  (com.android.support::collections)
17:17:12 INFO  LibraryIdentifier         :     - Found lib root package android.support.v4.widget  (com.android.support::cursoradapter)
17:17:12 INFO  LibraryIdentifier         :     - Found lib root package android.support.v4  (com.android.support::customview)
17:17:12 INFO  LibraryIdentifier         :     - Found lib root package android.support.design  (com.android.support::design)
17:17:12 INFO  LibraryIdentifier         :     - Found lib root package android.support.v4.provider  (com.android.support::documentfile)
17:17:12 INFO  LibraryIdentifier         :     - Found lib root package android.support.v4.widget  (com.android.support::drawerlayout)
17:17:12 INFO  LibraryIdentifier         :     - Found lib root package android.support.v7.widget  (com.android.support::gridlayout-v7)
17:17:12 INFO  LibraryIdentifier         :     - Found lib root package android.support.v4.view.animation  (com.android.support::interpolator)
17:17:12 INFO  LibraryIdentifier         :     - Found lib root package android.support.v4  (com.android.support::loader)
17:17:12 INFO  LibraryIdentifier         :     - Found lib root package android.support.v4.content  (com.android.support::localbroadcastmanager)
17:17:12 INFO  LibraryIdentifier         :     - Found lib root package android.support.v7  (com.android.support::mediarouter-v7)
17:17:12 INFO  LibraryIdentifier         :     - Found lib root package android.support.v7.graphics  (com.android.support::palette-v7)
17:17:12 INFO  LibraryIdentifier         :     - Found lib root package android.support.v7  (com.android.support::preference-v7)
17:17:12 INFO  LibraryIdentifier         :     - Found lib root package android.support.v4.print  (com.android.support::print)
17:17:12 INFO  LibraryIdentifier         :     - Found lib root package android.support.v7.widget  (com.android.support::recyclerview-v7)
17:17:12 INFO  LibraryIdentifier         :     - Found lib root package android.support.v4.widget  (com.android.support::slidingpanelayout)
17:17:12 INFO  LibraryIdentifier         :     - Found lib root package android.support.annotation  (com.android.support::support-annotations)
17:17:12 INFO  LibraryIdentifier         :     - Found lib root package android.support.v4  (com.android.support::support-compat)
17:17:12 INFO  LibraryIdentifier         :     - Found lib root package android.support.v4  (com.android.support::support-core-ui)
17:17:12 INFO  LibraryIdentifier         :     - Found lib root package android.support.v4  (com.android.support::support-core-utils)
17:17:12 INFO  LibraryIdentifier         :     - Found lib root package android.support.v4.app  (com.android.support::support-fragment)
17:17:12 INFO  LibraryIdentifier         :     - Found lib root package android.support.v4.media  (com.android.support::support-media-compat)
17:17:12 INFO  LibraryIdentifier         :     - Found lib root package android.support.v4  (com.android.support::support-v4)
17:17:12 INFO  LibraryIdentifier         :     - Found lib root package android.support.graphics.drawable  (com.android.support::support-vector-drawable)
17:17:12 INFO  LibraryIdentifier         :     - Found lib root package android.support.v4.widget  (com.android.support::swiperefreshlayout)
17:17:12 INFO  LibraryIdentifier         :     - Found lib root package android.support.transition  (com.android.support::transition)
17:17:12 INFO  LibraryIdentifier         :     - Found lib root package android.support.v4.view  (com.android.support::viewpager)
17:17:12 INFO  LibraryIdentifier         :     - Found lib root package com.android  (com.android.tools::common)
17:17:12 INFO  LibraryIdentifier         :     - Found lib root package com.android  (com.android.tools::sdk-common)
17:17:12 INFO  LibraryIdentifier         : 
17:17:12 INFO  LibraryIdentifier         : = Match profiles =
17:17:14 INFO  LibraryIdentifier         :     >> profile matching done (1 sec, 539 ms)
17:17:14 INFO  LibraryIdentifier         : 
17:17:14 INFO  LibraryIdentifier         : == Report ==
17:17:14 INFO  LibraryIdentifier         : - Full library matches:
17:17:14 INFO  ProfileMatch              :                 name: com.android.support.constraint::constraint-layout
17:17:14 INFO  ProfileMatch              :             category: Android
17:17:14 INFO  ProfileMatch              :              version: 1.0.2  [OLD VERSION]
17:17:14 INFO  ProfileMatch              :         release-date:  --
17:17:14 INFO  ProfileMatch              :     lib root package: "android.support.constraint"
17:17:14 INFO  ProfileMatch              : 
17:17:14 INFO  ProfileMatch              :                 name: com.android.support::support-annotations
17:17:14 INFO  ProfileMatch              :             category: Android
17:17:14 INFO  ProfileMatch              :              version: 26.0.0  [OLD VERSION]
17:17:14 INFO  ProfileMatch              :         release-date:  --
17:17:14 INFO  ProfileMatch              :     lib root package: "android.support.annotation"
17:17:14 INFO  ProfileMatch              : 
17:17:14 INFO  ProfileMatch              :                 name: com.android.support::support-annotations
17:17:14 INFO  ProfileMatch              :             category: Android
17:17:14 INFO  ProfileMatch              :              version: 26.0.1  [OLD VERSION]
17:17:14 INFO  ProfileMatch              :         release-date:  --
17:17:14 INFO  ProfileMatch              :     lib root package: "android.support.annotation"
17:17:14 INFO  ProfileMatch              : 
17:17:14 INFO  ProfileMatch              :                 name: com.android.support::support-annotations
17:17:14 INFO  ProfileMatch              :             category: Android
17:17:14 INFO  ProfileMatch              :              version: 26.0.2  [OLD VERSION]
17:17:14 INFO  ProfileMatch              :         release-date:  --
17:17:14 INFO  ProfileMatch              :     lib root package: "android.support.annotation"
17:17:14 INFO  ProfileMatch              : 
17:17:14 INFO  ProfileMatch              :                 name: com.android.support::support-annotations
17:17:14 INFO  ProfileMatch              :             category: Android
17:17:14 INFO  ProfileMatch              :              version: 26.1.0  [OLD VERSION]
17:17:14 INFO  ProfileMatch              :         release-date:  --
17:17:14 INFO  ProfileMatch              :     lib root package: "android.support.annotation"
17:17:14 INFO  ProfileMatch              : 
17:17:14 INFO  ProfileMatch              :                 name: com.android.support::support-annotations
17:17:14 INFO  ProfileMatch              :             category: Android
17:17:14 INFO  ProfileMatch              :              version: 27.0.0  [OLD VERSION]
17:17:14 INFO  ProfileMatch              :         release-date:  --
17:17:14 INFO  ProfileMatch              :     lib root package: "android.support.annotation"
17:17:14 INFO  ProfileMatch              : 
17:17:14 INFO  ProfileMatch              :                 name: com.android.support::support-annotations
17:17:14 INFO  ProfileMatch              :             category: Android
17:17:14 INFO  ProfileMatch              :              version: 27.0.1  [OLD VERSION]
17:17:14 INFO  ProfileMatch              :         release-date:  --
17:17:14 INFO  ProfileMatch              :     lib root package: "android.support.annotation"
17:17:14 INFO  ProfileMatch              : 
17:17:14 INFO  ProfileMatch              :                 name: com.android.support::support-annotations
17:17:14 INFO  ProfileMatch              :             category: Android
17:17:14 INFO  ProfileMatch              :              version: 27.0.2  [OLD VERSION]
17:17:14 INFO  ProfileMatch              :         release-date:  --
17:17:14 INFO  ProfileMatch              :     lib root package: "android.support.annotation"
17:17:14 INFO  ProfileMatch              : 
17:17:14 INFO  ProfileMatch              :                 name: com.android.support::transition
17:17:14 INFO  ProfileMatch              :             category: Android
17:17:14 INFO  ProfileMatch              :              version: 26.0.0  [OLD VERSION]
17:17:14 INFO  ProfileMatch              :         release-date:  --
17:17:14 INFO  ProfileMatch              :     lib root package: "android.support.transition"
17:17:14 INFO  ProfileMatch              : 
17:17:14 INFO  ProfileMatch              :                 name: com.android.support::transition
17:17:14 INFO  ProfileMatch              :             category: Android
17:17:14 INFO  ProfileMatch              :              version: 26.0.1  [OLD VERSION]
17:17:14 INFO  ProfileMatch              :         release-date:  --
17:17:14 INFO  ProfileMatch              :     lib root package: "android.support.transition"
17:17:14 INFO  ProfileMatch              : 
17:17:14 INFO  ProfileMatch              :                 name: com.android.support::transition
17:17:14 INFO  ProfileMatch              :             category: Android
17:17:14 INFO  ProfileMatch              :              version: 26.0.2  [OLD VERSION]
17:17:14 INFO  ProfileMatch              :         release-date:  --
17:17:14 INFO  ProfileMatch              :     lib root package: "android.support.transition"
17:17:14 INFO  ProfileMatch              : 
17:17:14 INFO  ProfileMatch              :                 name: com.android.support::transition
17:17:14 INFO  ProfileMatch              :             category: Android
17:17:14 INFO  ProfileMatch              :              version: 26.1.0  [OLD VERSION]
17:17:14 INFO  ProfileMatch              :         release-date:  --
17:17:14 INFO  ProfileMatch              :     lib root package: "android.support.transition"
17:17:14 INFO  ProfileMatch              : 
17:17:14 INFO  ProfileMatch              :                 name: com.android.support::design
17:17:14 INFO  ProfileMatch              :             category: Android
17:17:14 INFO  ProfileMatch              :              version: 26.0.0  [OLD VERSION]
17:17:14 INFO  ProfileMatch              :         release-date:  --
17:17:14 INFO  ProfileMatch              :     lib root package: "android.support.design"
17:17:14 INFO  ProfileMatch              : 
17:17:14 INFO  ProfileMatch              :                 name: com.android.support::design
17:17:14 INFO  ProfileMatch              :             category: Android
17:17:14 INFO  ProfileMatch              :              version: 26.0.1  [OLD VERSION]
17:17:14 INFO  ProfileMatch              :         release-date:  --
17:17:14 INFO  ProfileMatch              :     lib root package: "android.support.design"
17:17:14 INFO  ProfileMatch              : 
17:17:14 INFO  ProfileMatch              :                 name: com.android.support::design
17:17:14 INFO  ProfileMatch              :             category: Android
17:17:14 INFO  ProfileMatch              :              version: 26.0.2  [OLD VERSION]
17:17:14 INFO  ProfileMatch              :         release-date:  --
17:17:14 INFO  ProfileMatch              :     lib root package: "android.support.design"
17:17:14 INFO  ProfileMatch              : 
17:17:14 INFO  ProfileMatch              :                 name: com.android.support::design
17:17:14 INFO  ProfileMatch              :             category: Android
17:17:14 INFO  ProfileMatch              :              version: 26.1.0  [OLD VERSION]
17:17:14 INFO  ProfileMatch              :         release-date:  --
17:17:14 INFO  ProfileMatch              :     lib root package: "android.support.design"
17:17:14 INFO  ProfileMatch              : 
17:17:14 INFO  ProfileMatch              :                 name: com.google.firebase::firebase-ml-vision-image-label-model
17:17:14 INFO  ProfileMatch              :             category: Android
17:17:14 INFO  ProfileMatch              :              version: 20.0.0  [OLD VERSION]
17:17:14 INFO  ProfileMatch              :         release-date:  --
17:17:14 INFO  ProfileMatch              :     lib root package: "com.google.firebase.ml.vision.imagelabel"  (in app: "com.github.mikephil.charting.exception")
17:17:14 INFO  ProfileMatch              : 
17:17:14 INFO  ProfileMatch              :                 name: com.google.firebase::firebase-ml-vision-image-label-model
17:17:14 INFO  ProfileMatch              :             category: Android
17:17:14 INFO  ProfileMatch              :              version: 20.0.1  [OLD VERSION]
17:17:14 INFO  ProfileMatch              :         release-date:  --
17:17:14 INFO  ProfileMatch              :     lib root package: "com.google.firebase.ml.vision.imagelabel"  (in app: "com.github.mikephil.charting.exception")
17:17:14 INFO  ProfileMatch              : 
17:17:14 INFO  ProfileMatch              :                 name: com.google.firebase::firebase-ml-vision-image-label-model
17:17:14 INFO  ProfileMatch              :             category: Android
17:17:14 INFO  ProfileMatch              :              version: 20.0.2
17:17:14 INFO  ProfileMatch              :         release-date:  --
17:17:14 INFO  ProfileMatch              :     lib root package: "com.google.firebase.ml.vision.imagelabel"  (in app: "com.github.mikephil.charting.exception")
17:17:14 INFO  ProfileMatch              : 
17:17:14 INFO  ProfileMatch              :                 name: com.android.support.constraint::constraint-layout-solver
17:17:14 INFO  ProfileMatch              :             category: Android
17:17:14 INFO  ProfileMatch              :              version: 1.0.2  [OLD VERSION]
17:17:14 INFO  ProfileMatch              :         release-date:  --
17:17:14 INFO  ProfileMatch              :     lib root package: "android.support.constraint.solver"
17:17:14 INFO  ProfileMatch              : 
17:17:14 INFO  ProfileMatch              :                 name: com.android.support::support-media-compat
17:17:14 INFO  ProfileMatch              :             category: Android
17:17:14 INFO  ProfileMatch              :              version: 26.0.1  [OLD VERSION]
17:17:14 INFO  ProfileMatch              :         release-date:  --
17:17:14 INFO  ProfileMatch              :     lib root package: "android.support.v4.media"
17:17:14 INFO  ProfileMatch              : 
17:17:14 INFO  ProfileMatch              :                 name: com.android.support::support-media-compat
17:17:14 INFO  ProfileMatch              :             category: Android
17:17:14 INFO  ProfileMatch              :              version: 26.0.2  [OLD VERSION]
17:17:14 INFO  ProfileMatch              :         release-date:  --
17:17:14 INFO  ProfileMatch              :     lib root package: "android.support.v4.media"
17:17:14 INFO  ProfileMatch              : 
17:17:14 INFO  ProfileMatch              :                 name: com.android.support::support-media-compat
17:17:14 INFO  ProfileMatch              :             category: Android
17:17:14 INFO  ProfileMatch              :              version: 26.1.0  [OLD VERSION]
17:17:14 INFO  ProfileMatch              :         release-date:  --
17:17:14 INFO  ProfileMatch              :     lib root package: "android.support.v4.media"
17:17:14 INFO  ProfileMatch              : 
17:17:14 INFO  ProfileMatch              :                 name: android.arch.core::common
17:17:14 INFO  ProfileMatch              :             category: Android
17:17:14 INFO  ProfileMatch              :              version: 1.0.0  [OLD VERSION]
17:17:14 INFO  ProfileMatch              :         release-date:  --
17:17:14 INFO  ProfileMatch              :     lib root package: "android.arch.core.internal"
17:17:14 INFO  ProfileMatch              : 
17:17:14 INFO  ProfileMatch              :                 name: android.arch.core::common
17:17:14 INFO  ProfileMatch              :             category: Android
17:17:14 INFO  ProfileMatch              :              version: 1.1.0  [OLD VERSION]
17:17:14 INFO  ProfileMatch              :         release-date:  --
17:17:14 INFO  ProfileMatch              :     lib root package: "android.arch.core.internal"
17:17:14 INFO  ProfileMatch              : 
17:17:14 INFO  ProfileMatch              :                 name: Facebook
17:17:14 INFO  ProfileMatch              :             category: SocialMedia
17:17:14 INFO  ProfileMatch              :              version: 4.27.0  [OLD VERSION]
17:17:14 INFO  ProfileMatch              :         release-date: 26.09.2017
17:17:14 INFO  ProfileMatch              :     lib root package: "com.facebook.all"  (in app: "com.github.mikephil.charting.exception")
17:17:14 INFO  ProfileMatch              : 
17:17:14 INFO  ProfileMatch              :                 name: Facebook
17:17:14 INFO  ProfileMatch              :             category: SocialMedia
17:17:14 INFO  ProfileMatch              :              version: 4.28.0  [OLD VERSION]
17:17:14 INFO  ProfileMatch              :         release-date: 07.11.2017
17:17:14 INFO  ProfileMatch              :     lib root package: "com.facebook.all"  (in app: "com.github.mikephil.charting.exception")
17:17:14 INFO  ProfileMatch              : 
17:17:14 INFO  ProfileMatch              :                 name: Facebook
17:17:14 INFO  ProfileMatch              :             category: SocialMedia
17:17:14 INFO  ProfileMatch              :              version: 4.29.0  [OLD VERSION]
17:17:14 INFO  ProfileMatch              :         release-date: 05.12.2017
17:17:14 INFO  ProfileMatch              :     lib root package: "com.facebook.all"  (in app: "com.github.mikephil.charting.exception")
17:17:14 INFO  ProfileMatch              : 
17:17:14 INFO  ProfileMatch              :                 name: Facebook
17:17:14 INFO  ProfileMatch              :             category: SocialMedia
17:17:14 INFO  ProfileMatch              :              version: 4.30.0  [OLD VERSION]
17:17:14 INFO  ProfileMatch              :         release-date: 24.01.2018
17:17:14 INFO  ProfileMatch              :     lib root package: "com.facebook.all"  (in app: "com.github.mikephil.charting.exception")
17:17:14 INFO  ProfileMatch              : 
17:17:14 INFO  ProfileMatch              :                 name: Facebook
17:17:14 INFO  ProfileMatch              :             category: SocialMedia
17:17:14 INFO  ProfileMatch              :              version: 4.31.0  [OLD VERSION]
17:17:14 INFO  ProfileMatch              :         release-date: 28.02.2018
17:17:14 INFO  ProfileMatch              :     lib root package: "com.facebook.all"  (in app: "com.github.mikephil.charting.exception")
17:17:14 INFO  ProfileMatch              : 
17:17:14 INFO  ProfileMatch              :                 name: Facebook
17:17:14 INFO  ProfileMatch              :             category: SocialMedia
17:17:14 INFO  ProfileMatch              :              version: 4.32.0  [OLD VERSION]
17:17:14 INFO  ProfileMatch              :         release-date: 11.04.2018
17:17:14 INFO  ProfileMatch              :     lib root package: "com.facebook.all"  (in app: "com.github.mikephil.charting.exception")
17:17:14 INFO  ProfileMatch              : 
17:17:14 INFO  ProfileMatch              :                 name: Facebook
17:17:14 INFO  ProfileMatch              :             category: SocialMedia
17:17:14 INFO  ProfileMatch              :              version: 4.33.0  [OLD VERSION]
17:17:14 INFO  ProfileMatch              :         release-date: 01.05.2018
17:17:14 INFO  ProfileMatch              :     lib root package: "com.facebook.all"  (in app: "com.github.mikephil.charting.exception")
17:17:14 INFO  ProfileMatch              : 
17:17:14 INFO  ProfileMatch              :                 name: Facebook
17:17:14 INFO  ProfileMatch              :             category: SocialMedia
17:17:14 INFO  ProfileMatch              :              version: 4.34.0  [OLD VERSION]
17:17:14 INFO  ProfileMatch              :         release-date: 19.06.2018
17:17:14 INFO  ProfileMatch              :     lib root package: "com.facebook.all"  (in app: "com.github.mikephil.charting.exception")
17:17:14 INFO  ProfileMatch              : 
17:17:14 INFO  ProfileMatch              :                 name: Facebook
17:17:14 INFO  ProfileMatch              :             category: SocialMedia
17:17:14 INFO  ProfileMatch              :              version: 4.35.0  [OLD VERSION]
17:17:14 INFO  ProfileMatch              :         release-date: 26.07.2018
17:17:14 INFO  ProfileMatch              :     lib root package: "com.facebook.all"  (in app: "com.github.mikephil.charting.exception")
17:17:14 INFO  ProfileMatch              : 
17:17:14 INFO  ProfileMatch              :                 name: Facebook
17:17:14 INFO  ProfileMatch              :             category: SocialMedia
17:17:14 INFO  ProfileMatch              :              version: 4.36.0  [OLD VERSION]
17:17:14 INFO  ProfileMatch              :         release-date: 29.08.2018
17:17:14 INFO  ProfileMatch              :     lib root package: "com.facebook.all"  (in app: "com.github.mikephil.charting.exception")
17:17:14 INFO  ProfileMatch              : 
17:17:14 INFO  ProfileMatch              :                 name: Facebook
17:17:14 INFO  ProfileMatch              :             category: SocialMedia
17:17:14 INFO  ProfileMatch              :              version: 4.36.1  [OLD VERSION]
17:17:14 INFO  ProfileMatch              :         release-date: 15.09.2018
17:17:14 INFO  ProfileMatch              :     lib root package: "com.facebook.all"  (in app: "com.github.mikephil.charting.exception")
17:17:14 INFO  ProfileMatch              : 
17:17:14 INFO  ProfileMatch              :                 name: Facebook
17:17:14 INFO  ProfileMatch              :             category: SocialMedia
17:17:14 INFO  ProfileMatch              :              version: 4.37.0  [OLD VERSION]
17:17:14 INFO  ProfileMatch              :         release-date: 27.09.2018
17:17:14 INFO  ProfileMatch              :     lib root package: "com.facebook.all"  (in app: "com.github.mikephil.charting.exception")
17:17:14 INFO  ProfileMatch              : 
17:17:14 INFO  ProfileMatch              :                 name: Facebook
17:17:14 INFO  ProfileMatch              :             category: SocialMedia
17:17:14 INFO  ProfileMatch              :              version: 4.38.0  [OLD VERSION]
17:17:14 INFO  ProfileMatch              :         release-date: 23.10.2018
17:17:14 INFO  ProfileMatch              :     lib root package: "com.facebook.all"  (in app: "com.github.mikephil.charting.exception")
17:17:14 INFO  ProfileMatch              : 
17:17:14 INFO  ProfileMatch              :                 name: Facebook
17:17:14 INFO  ProfileMatch              :             category: SocialMedia
17:17:14 INFO  ProfileMatch              :              version: 4.38.1  [OLD VERSION]
17:17:14 INFO  ProfileMatch              :         release-date: 31.10.2018
17:17:14 INFO  ProfileMatch              :     lib root package: "com.facebook.all"  (in app: "com.github.mikephil.charting.exception")
17:17:14 INFO  ProfileMatch              : 
17:17:14 INFO  ProfileMatch              :                 name: Facebook
17:17:14 INFO  ProfileMatch              :             category: SocialMedia
17:17:14 INFO  ProfileMatch              :              version: 4.39.0  [OLD VERSION]
17:17:14 INFO  ProfileMatch              :         release-date: 05.12.2018
17:17:14 INFO  ProfileMatch              :     lib root package: "com.facebook.all"  (in app: "com.github.mikephil.charting.exception")
17:17:14 INFO  ProfileMatch              : 
17:17:14 INFO  ProfileMatch              :                 name: Facebook
17:17:14 INFO  ProfileMatch              :             category: SocialMedia
17:17:14 INFO  ProfileMatch              :              version: 4.40.0  [OLD VERSION]
17:17:14 INFO  ProfileMatch              :         release-date: 22.01.2019
17:17:14 INFO  ProfileMatch              :     lib root package: "com.facebook.all"  (in app: "com.github.mikephil.charting.exception")
17:17:14 INFO  ProfileMatch              : 
17:17:14 INFO  ProfileMatch              :                 name: Facebook
17:17:14 INFO  ProfileMatch              :             category: SocialMedia
17:17:14 INFO  ProfileMatch              :              version: 4.41.0  [OLD VERSION]
17:17:14 INFO  ProfileMatch              :         release-date: 08.03.2019
17:17:14 INFO  ProfileMatch              :     lib root package: "com.facebook.all"  (in app: "com.github.mikephil.charting.exception")
17:17:14 INFO  ProfileMatch              : 
17:17:14 INFO  ProfileMatch              :                 name: Facebook
17:17:14 INFO  ProfileMatch              :             category: SocialMedia
17:17:14 INFO  ProfileMatch              :              version: 4.42.0  [OLD VERSION]
17:17:14 INFO  ProfileMatch              :         release-date: 08.04.2019
17:17:14 INFO  ProfileMatch              :     lib root package: "com.facebook.all"  (in app: "com.github.mikephil.charting.exception")
17:17:14 INFO  ProfileMatch              : 
17:17:14 INFO  ProfileMatch              :                 name: Facebook
17:17:14 INFO  ProfileMatch              :             category: SocialMedia
17:17:14 INFO  ProfileMatch              :              version: 5.0.0  [OLD VERSION]
17:17:14 INFO  ProfileMatch              :         release-date: 30.04.2019
17:17:14 INFO  ProfileMatch              :     lib root package: "com.facebook.all"  (in app: "com.github.mikephil.charting.exception")
17:17:14 INFO  ProfileMatch              : 
17:17:14 INFO  ProfileMatch              :                 name: Facebook
17:17:14 INFO  ProfileMatch              :             category: SocialMedia
17:17:14 INFO  ProfileMatch              :              version: 5.0.1  [OLD VERSION]
17:17:14 INFO  ProfileMatch              :         release-date: 17.05.2019
17:17:14 INFO  ProfileMatch              :     lib root package: "com.facebook.all"  (in app: "com.github.mikephil.charting.exception")
17:17:14 INFO  ProfileMatch              : 
17:17:14 INFO  ProfileMatch              :                 name: Facebook
17:17:14 INFO  ProfileMatch              :             category: SocialMedia
17:17:14 INFO  ProfileMatch              :              version: 5.0.2  [OLD VERSION]
17:17:14 INFO  ProfileMatch              :         release-date: 09.06.2019
17:17:14 INFO  ProfileMatch              :     lib root package: "com.facebook.all"  (in app: "com.github.mikephil.charting.exception")
17:17:14 INFO  ProfileMatch              : 
17:17:14 INFO  ProfileMatch              :                 name: Facebook
17:17:14 INFO  ProfileMatch              :             category: SocialMedia
17:17:14 INFO  ProfileMatch              :              version: 5.0.3  [OLD VERSION]
17:17:14 INFO  ProfileMatch              :         release-date: 14.06.2019
17:17:14 INFO  ProfileMatch              :     lib root package: "com.facebook.all"  (in app: "com.github.mikephil.charting.exception")
17:17:14 INFO  ProfileMatch              : 
17:17:14 INFO  ProfileMatch              :                 name: Facebook
17:17:14 INFO  ProfileMatch              :             category: SocialMedia
17:17:14 INFO  ProfileMatch              :              version: 5.1.0  [OLD VERSION]
17:17:14 INFO  ProfileMatch              :         release-date: 21.06.2019
17:17:14 INFO  ProfileMatch              :     lib root package: "com.facebook.all"  (in app: "com.github.mikephil.charting.exception")
17:17:14 INFO  ProfileMatch              : 
17:17:14 INFO  ProfileMatch              :                 name: Facebook
17:17:14 INFO  ProfileMatch              :             category: SocialMedia
17:17:14 INFO  ProfileMatch              :              version: 5.1.1  [OLD VERSION]
17:17:14 INFO  ProfileMatch              :         release-date: 02.07.2019
17:17:14 INFO  ProfileMatch              :     lib root package: "com.facebook.all"  (in app: "com.github.mikephil.charting.exception")
17:17:14 INFO  ProfileMatch              : 
17:17:14 INFO  ProfileMatch              :                 name: Facebook
17:17:14 INFO  ProfileMatch              :             category: SocialMedia
17:17:14 INFO  ProfileMatch              :              version: 5.2.0  [OLD VERSION]
17:17:14 INFO  ProfileMatch              :         release-date: 29.07.2019
17:17:14 INFO  ProfileMatch              :     lib root package: "com.facebook.all"  (in app: "com.github.mikephil.charting.exception")
17:17:14 INFO  ProfileMatch              : 
17:17:14 INFO  ProfileMatch              :                 name: Facebook
17:17:14 INFO  ProfileMatch              :             category: SocialMedia
17:17:14 INFO  ProfileMatch              :              version: 5.4.0  [OLD VERSION]
17:17:14 INFO  ProfileMatch              :         release-date: 16.08.2019
17:17:14 INFO  ProfileMatch              :     lib root package: "com.facebook.all"  (in app: "com.github.mikephil.charting.exception")
17:17:14 INFO  ProfileMatch              : 
17:17:14 INFO  ProfileMatch              :                 name: Facebook
17:17:14 INFO  ProfileMatch              :             category: SocialMedia
17:17:14 INFO  ProfileMatch              :              version: 5.5.0  [OLD VERSION]
17:17:14 INFO  ProfileMatch              :         release-date: 31.08.2019
17:17:14 INFO  ProfileMatch              :     lib root package: "com.facebook.all"  (in app: "com.github.mikephil.charting.exception")
17:17:14 INFO  ProfileMatch              : 
17:17:14 INFO  ProfileMatch              :                 name: Facebook
17:17:14 INFO  ProfileMatch              :             category: SocialMedia
17:17:14 INFO  ProfileMatch              :              version: 5.5.1  [OLD VERSION]
17:17:14 INFO  ProfileMatch              :         release-date: 06.09.2019
17:17:14 INFO  ProfileMatch              :     lib root package: "com.facebook.all"  (in app: "com.github.mikephil.charting.exception")
17:17:14 INFO  ProfileMatch              : 
17:17:14 INFO  ProfileMatch              :                 name: Facebook
17:17:14 INFO  ProfileMatch              :             category: SocialMedia
17:17:14 INFO  ProfileMatch              :              version: 5.5.2  [OLD VERSION]
17:17:14 INFO  ProfileMatch              :         release-date: 05.10.2019
17:17:14 INFO  ProfileMatch              :     lib root package: "com.facebook.all"  (in app: "com.github.mikephil.charting.exception")
17:17:14 INFO  ProfileMatch              : 
17:17:14 INFO  ProfileMatch              :                 name: Facebook
17:17:14 INFO  ProfileMatch              :             category: SocialMedia
17:17:14 INFO  ProfileMatch              :              version: 5.8.0  [OLD VERSION]
17:17:14 INFO  ProfileMatch              :         release-date: 08.10.2019
17:17:14 INFO  ProfileMatch              :     lib root package: "com.facebook.all"  (in app: "com.github.mikephil.charting.exception")
17:17:14 INFO  ProfileMatch              : 
17:17:14 INFO  ProfileMatch              :                 name: Facebook
17:17:14 INFO  ProfileMatch              :             category: SocialMedia
17:17:14 INFO  ProfileMatch              :              version: 5.9.0  [OLD VERSION]
17:17:14 INFO  ProfileMatch              :         release-date: 29.10.2019
17:17:14 INFO  ProfileMatch              :     lib root package: "com.facebook.all"  (in app: "com.github.mikephil.charting.exception")
17:17:14 INFO  ProfileMatch              : 
17:17:14 INFO  ProfileMatch              :                 name: Facebook
17:17:14 INFO  ProfileMatch              :             category: SocialMedia
17:17:14 INFO  ProfileMatch              :              version: 5.11.0  [OLD VERSION]
17:17:14 INFO  ProfileMatch              :         release-date: 15.11.2019
17:17:14 INFO  ProfileMatch              :     lib root package: "com.facebook.all"  (in app: "com.github.mikephil.charting.exception")
17:17:14 INFO  ProfileMatch              : 
17:17:14 INFO  ProfileMatch              :                 name: Facebook
17:17:14 INFO  ProfileMatch              :             category: SocialMedia
17:17:14 INFO  ProfileMatch              :              version: 5.11.1  [OLD VERSION]
17:17:14 INFO  ProfileMatch              :         release-date: 21.11.2019
17:17:14 INFO  ProfileMatch              :     lib root package: "com.facebook.all"  (in app: "com.github.mikephil.charting.exception")
17:17:14 INFO  ProfileMatch              : 
17:17:14 INFO  ProfileMatch              :                 name: Facebook
17:17:14 INFO  ProfileMatch              :             category: SocialMedia
17:17:14 INFO  ProfileMatch              :              version: 5.11.2  [OLD VERSION]
17:17:14 INFO  ProfileMatch              :         release-date: 22.11.2019
17:17:14 INFO  ProfileMatch              :     lib root package: "com.facebook.all"  (in app: "com.github.mikephil.charting.exception")
17:17:14 INFO  ProfileMatch              : 
17:17:14 INFO  ProfileMatch              :                 name: Facebook
17:17:14 INFO  ProfileMatch              :             category: SocialMedia
17:17:14 INFO  ProfileMatch              :              version: 5.12.0  [OLD VERSION]
17:17:14 INFO  ProfileMatch              :         release-date: 04.12.2019
17:17:14 INFO  ProfileMatch              :     lib root package: "com.facebook.all"  (in app: "com.github.mikephil.charting.exception")
17:17:14 INFO  ProfileMatch              : 
17:17:14 INFO  ProfileMatch              :                 name: Facebook
17:17:14 INFO  ProfileMatch              :             category: SocialMedia
17:17:14 INFO  ProfileMatch              :              version: 5.12.1  [OLD VERSION]
17:17:14 INFO  ProfileMatch              :         release-date: 09.12.2019
17:17:14 INFO  ProfileMatch              :     lib root package: "com.facebook.all"  (in app: "com.github.mikephil.charting.exception")
17:17:14 INFO  ProfileMatch              : 
17:17:14 INFO  ProfileMatch              :                 name: Facebook
17:17:14 INFO  ProfileMatch              :             category: SocialMedia
17:17:14 INFO  ProfileMatch              :              version: 5.13.0  [OLD VERSION]
17:17:14 INFO  ProfileMatch              :         release-date: 12.12.2019
17:17:14 INFO  ProfileMatch              :     lib root package: "com.facebook.all"  (in app: "com.github.mikephil.charting.exception")
17:17:14 INFO  ProfileMatch              : 
17:17:14 INFO  ProfileMatch              :                 name: Facebook
17:17:14 INFO  ProfileMatch              :             category: SocialMedia
17:17:14 INFO  ProfileMatch              :              version: 5.15.0  [OLD VERSION]
17:17:14 INFO  ProfileMatch              :         release-date: 21.01.2020
17:17:14 INFO  ProfileMatch              :     lib root package: "com.facebook.all"  (in app: "com.github.mikephil.charting.exception")
17:17:14 INFO  ProfileMatch              : 
17:17:14 INFO  ProfileMatch              :                 name: Facebook
17:17:14 INFO  ProfileMatch              :             category: SocialMedia
17:17:14 INFO  ProfileMatch              :              version: 5.15.1  [OLD VERSION]
17:17:14 INFO  ProfileMatch              :         release-date: 29.01.2020
17:17:14 INFO  ProfileMatch              :     lib root package: "com.facebook.all"  (in app: "com.github.mikephil.charting.exception")
17:17:14 INFO  ProfileMatch              : 
17:17:14 INFO  ProfileMatch              :                 name: Facebook
17:17:14 INFO  ProfileMatch              :             category: SocialMedia
17:17:14 INFO  ProfileMatch              :              version: 5.15.2  [OLD VERSION]
17:17:14 INFO  ProfileMatch              :         release-date: 03.02.2020
17:17:14 INFO  ProfileMatch              :     lib root package: "com.facebook.all"  (in app: "com.github.mikephil.charting.exception")
17:17:14 INFO  ProfileMatch              : 
17:17:14 INFO  ProfileMatch              :                 name: Facebook
17:17:14 INFO  ProfileMatch              :             category: SocialMedia
17:17:14 INFO  ProfileMatch              :              version: 5.15.3  [OLD VERSION]
17:17:14 INFO  ProfileMatch              :         release-date: 03.02.2020
17:17:14 INFO  ProfileMatch              :     lib root package: "com.facebook.all"  (in app: "com.github.mikephil.charting.exception")
17:17:14 INFO  ProfileMatch              : 
17:17:14 INFO  ProfileMatch              :                 name: Facebook
17:17:14 INFO  ProfileMatch              :             category: SocialMedia
17:17:14 INFO  ProfileMatch              :              version: 6.0.0  [OLD VERSION]
17:17:14 INFO  ProfileMatch              :         release-date: 03.02.2020
17:17:14 INFO  ProfileMatch              :     lib root package: "com.facebook.all"  (in app: "com.github.mikephil.charting.exception")
17:17:14 INFO  ProfileMatch              : 
17:17:14 INFO  ProfileMatch              :                 name: Facebook
17:17:14 INFO  ProfileMatch              :             category: SocialMedia
17:17:14 INFO  ProfileMatch              :              version: 6.1.0  [OLD VERSION]
17:17:14 INFO  ProfileMatch              :         release-date: 14.02.2020
17:17:14 INFO  ProfileMatch              :     lib root package: "com.facebook.all"  (in app: "com.github.mikephil.charting.exception")
17:17:14 INFO  ProfileMatch              : 
17:17:14 INFO  ProfileMatch              :                 name: Facebook
17:17:14 INFO  ProfileMatch              :             category: SocialMedia
17:17:14 INFO  ProfileMatch              :              version: 6.2.0  [OLD VERSION]
17:17:14 INFO  ProfileMatch              :         release-date: 09.03.2020
17:17:14 INFO  ProfileMatch              :     lib root package: "com.facebook.all"  (in app: "com.github.mikephil.charting.exception")
17:17:14 INFO  ProfileMatch              : 
17:17:14 INFO  ProfileMatch              :                 name: Facebook
17:17:14 INFO  ProfileMatch              :             category: SocialMedia
17:17:14 INFO  ProfileMatch              :              version: 6.3.0  [OLD VERSION]
17:17:14 INFO  ProfileMatch              :         release-date: 25.03.2020
17:17:14 INFO  ProfileMatch              :     lib root package: "com.facebook.all"  (in app: "com.github.mikephil.charting.exception")
17:17:14 INFO  ProfileMatch              : 
17:17:14 INFO  ProfileMatch              :                 name: Facebook
17:17:14 INFO  ProfileMatch              :             category: SocialMedia
17:17:14 INFO  ProfileMatch              :              version: 6.4.0  [OLD VERSION]
17:17:14 INFO  ProfileMatch              :         release-date: 15.04.2020
17:17:14 INFO  ProfileMatch              :     lib root package: "com.facebook.all"  (in app: "com.github.mikephil.charting.exception")
17:17:14 INFO  ProfileMatch              : 
17:17:14 INFO  ProfileMatch              :                 name: Facebook
17:17:14 INFO  ProfileMatch              :             category: SocialMedia
17:17:14 INFO  ProfileMatch              :              version: 6.5.0  [OLD VERSION]
17:17:14 INFO  ProfileMatch              :         release-date: 20.04.2020
17:17:14 INFO  ProfileMatch              :     lib root package: "com.facebook.all"  (in app: "com.github.mikephil.charting.exception")
17:17:14 INFO  ProfileMatch              : 
17:17:14 INFO  ProfileMatch              :                 name: Facebook
17:17:14 INFO  ProfileMatch              :             category: SocialMedia
17:17:14 INFO  ProfileMatch              :              version: 6.5.1  [OLD VERSION]
17:17:14 INFO  ProfileMatch              :         release-date: 23.04.2020
17:17:14 INFO  ProfileMatch              :     lib root package: "com.facebook.all"  (in app: "com.github.mikephil.charting.exception")
17:17:14 INFO  ProfileMatch              : 
17:17:14 INFO  ProfileMatch              :                 name: Facebook
17:17:14 INFO  ProfileMatch              :             category: SocialMedia
17:17:14 INFO  ProfileMatch              :              version: 7.0.0  [OLD VERSION]
17:17:14 INFO  ProfileMatch              :         release-date: 05.05.2020
17:17:14 INFO  ProfileMatch              :     lib root package: "com.facebook.all"  (in app: "com.github.mikephil.charting.exception")
17:17:14 INFO  ProfileMatch              : 
17:17:14 INFO  ProfileMatch              :                 name: Facebook
17:17:14 INFO  ProfileMatch              :             category: SocialMedia
17:17:14 INFO  ProfileMatch              :              version: 7.0.1  [OLD VERSION]
17:17:14 INFO  ProfileMatch              :         release-date: 09.06.2020
17:17:14 INFO  ProfileMatch              :     lib root package: "com.facebook.all"  (in app: "com.github.mikephil.charting.exception")
17:17:14 INFO  ProfileMatch              : 
17:17:14 INFO  ProfileMatch              :                 name: Facebook
17:17:14 INFO  ProfileMatch              :             category: SocialMedia
17:17:14 INFO  ProfileMatch              :              version: 7.1.0  [OLD VERSION]
17:17:14 INFO  ProfileMatch              :         release-date: 23.06.2020
17:17:14 INFO  ProfileMatch              :     lib root package: "com.facebook.all"  (in app: "com.github.mikephil.charting.exception")
17:17:14 INFO  ProfileMatch              : 
17:17:14 INFO  ProfileMatch              :                 name: Facebook
17:17:14 INFO  ProfileMatch              :             category: SocialMedia
17:17:14 INFO  ProfileMatch              :              version: 8.0.0  [OLD VERSION]
17:17:14 INFO  ProfileMatch              :         release-date: 28.09.2020
17:17:14 INFO  ProfileMatch              :     lib root package: "com.facebook.all"  (in app: "com.github.mikephil.charting.exception")
17:17:14 INFO  ProfileMatch              : 
17:17:14 INFO  ProfileMatch              :                 name: Facebook
17:17:14 INFO  ProfileMatch              :             category: SocialMedia
17:17:14 INFO  ProfileMatch              :              version: 8.1.0  [OLD VERSION]
17:17:14 INFO  ProfileMatch              :         release-date: 14.10.2020
17:17:14 INFO  ProfileMatch              :     lib root package: "com.facebook.all"  (in app: "com.github.mikephil.charting.exception")
17:17:14 INFO  ProfileMatch              : 
17:17:14 INFO  ProfileMatch              :                 name: Facebook
17:17:14 INFO  ProfileMatch              :             category: SocialMedia
17:17:14 INFO  ProfileMatch              :              version: 8.2.0  [OLD VERSION]
17:17:14 INFO  ProfileMatch              :         release-date: 18.12.2020
17:17:14 INFO  ProfileMatch              :     lib root package: "com.facebook.all"  (in app: "com.github.mikephil.charting.exception")
17:17:14 INFO  ProfileMatch              : 
17:17:14 INFO  ProfileMatch              :                 name: Facebook
17:17:14 INFO  ProfileMatch              :             category: SocialMedia
17:17:14 INFO  ProfileMatch              :              version: 9.0.0  [OLD VERSION]
17:17:14 INFO  ProfileMatch              :         release-date: 19.01.2021
17:17:14 INFO  ProfileMatch              :     lib root package: "com.facebook.all"  (in app: "com.github.mikephil.charting.exception")
17:17:14 INFO  ProfileMatch              : 
17:17:14 INFO  ProfileMatch              :                 name: Facebook
17:17:14 INFO  ProfileMatch              :             category: SocialMedia
17:17:14 INFO  ProfileMatch              :              version: 9.1.0  [OLD VERSION]
17:17:14 INFO  ProfileMatch              :         release-date: 15.03.2021
17:17:14 INFO  ProfileMatch              :     lib root package: "com.facebook.all"  (in app: "com.github.mikephil.charting.exception")
17:17:14 INFO  ProfileMatch              : 
17:17:14 INFO  ProfileMatch              :                 name: Facebook
17:17:14 INFO  ProfileMatch              :             category: SocialMedia
17:17:14 INFO  ProfileMatch              :              version: 9.1.1  [OLD VERSION]
17:17:14 INFO  ProfileMatch              :         release-date: 12.04.2021
17:17:14 INFO  ProfileMatch              :     lib root package: "com.facebook.all"  (in app: "com.github.mikephil.charting.exception")
17:17:14 INFO  ProfileMatch              : 
17:17:14 INFO  ProfileMatch              :                 name: Facebook
17:17:14 INFO  ProfileMatch              :             category: SocialMedia
17:17:14 INFO  ProfileMatch              :              version: 11.0.0  [OLD VERSION]
17:17:14 INFO  ProfileMatch              :         release-date: 08.06.2021
17:17:14 INFO  ProfileMatch              :     lib root package: "com.facebook.all"  (in app: "com.github.mikephil.charting.exception")
17:17:14 INFO  ProfileMatch              : 
17:17:14 INFO  ProfileMatch              :                 name: Facebook
17:17:14 INFO  ProfileMatch              :             category: SocialMedia
17:17:14 INFO  ProfileMatch              :              version: 11.1.0  [OLD VERSION]
17:17:14 INFO  ProfileMatch              :         release-date: 06.07.2021
17:17:14 INFO  ProfileMatch              :     lib root package: "com.facebook.all"  (in app: "com.github.mikephil.charting.exception")
17:17:14 INFO  ProfileMatch              : 
17:17:14 INFO  ProfileMatch              :                 name: Facebook
17:17:14 INFO  ProfileMatch              :             category: SocialMedia
17:17:14 INFO  ProfileMatch              :              version: 11.1.1  [OLD VERSION]
17:17:14 INFO  ProfileMatch              :         release-date: 19.07.2021
17:17:14 INFO  ProfileMatch              :     lib root package: "com.facebook.all"  (in app: "com.github.mikephil.charting.exception")
17:17:14 INFO  ProfileMatch              : 
17:17:14 INFO  ProfileMatch              :                 name: Facebook
17:17:14 INFO  ProfileMatch              :             category: SocialMedia
17:17:14 INFO  ProfileMatch              :              version: 11.2.0  [OLD VERSION]
17:17:14 INFO  ProfileMatch              :         release-date: 03.08.2021
17:17:14 INFO  ProfileMatch              :     lib root package: "com.facebook.all"  (in app: "com.github.mikephil.charting.exception")
17:17:14 INFO  ProfileMatch              : 
17:17:14 INFO  ProfileMatch              :                 name: Facebook
17:17:14 INFO  ProfileMatch              :             category: SocialMedia
17:17:14 INFO  ProfileMatch              :              version: 11.3.0  [OLD VERSION]
17:17:14 INFO  ProfileMatch              :         release-date: 07.09.2021
17:17:14 INFO  ProfileMatch              :     lib root package: "com.facebook.all"  (in app: "com.github.mikephil.charting.exception")
17:17:14 INFO  ProfileMatch              : 
17:17:14 INFO  ProfileMatch              :                 name: Facebook
17:17:14 INFO  ProfileMatch              :             category: SocialMedia
17:17:14 INFO  ProfileMatch              :              version: 12.0.0  [OLD VERSION]
17:17:14 INFO  ProfileMatch              :         release-date: 05.10.2021
17:17:14 INFO  ProfileMatch              :     lib root package: "com.facebook.all"  (in app: "com.github.mikephil.charting.exception")
17:17:14 INFO  ProfileMatch              : 
17:17:14 INFO  ProfileMatch              :                 name: Facebook
17:17:14 INFO  ProfileMatch              :             category: SocialMedia
17:17:14 INFO  ProfileMatch              :              version: 12.0.1  [OLD VERSION]
17:17:14 INFO  ProfileMatch              :         release-date: 13.10.2021
17:17:14 INFO  ProfileMatch              :     lib root package: "com.facebook.all"  (in app: "com.github.mikephil.charting.exception")
17:17:14 INFO  ProfileMatch              : 
17:17:14 INFO  ProfileMatch              :                 name: Facebook
17:17:14 INFO  ProfileMatch              :             category: SocialMedia
17:17:14 INFO  ProfileMatch              :              version: 12.1.0  [OLD VERSION]
17:17:14 INFO  ProfileMatch              :         release-date: 01.11.2021
17:17:14 INFO  ProfileMatch              :     lib root package: "com.facebook.all"  (in app: "com.github.mikephil.charting.exception")
17:17:14 INFO  ProfileMatch              : 
17:17:14 INFO  ProfileMatch              :                 name: Facebook
17:17:14 INFO  ProfileMatch              :             category: SocialMedia
17:17:14 INFO  ProfileMatch              :              version: 12.2.0  [OLD VERSION]
17:17:14 INFO  ProfileMatch              :         release-date: 06.12.2021
17:17:14 INFO  ProfileMatch              :     lib root package: "com.facebook.all"  (in app: "com.github.mikephil.charting.exception")
17:17:14 INFO  ProfileMatch              : 
17:17:14 INFO  ProfileMatch              :                 name: Facebook
17:17:14 INFO  ProfileMatch              :             category: SocialMedia
17:17:14 INFO  ProfileMatch              :              version: 12.3.0  [OLD VERSION]
17:17:14 INFO  ProfileMatch              :         release-date: 10.01.2022
17:17:14 INFO  ProfileMatch              :     lib root package: "com.facebook.all"  (in app: "com.github.mikephil.charting.exception")
17:17:14 INFO  ProfileMatch              : 
17:17:14 INFO  ProfileMatch              :                 name: Facebook
17:17:14 INFO  ProfileMatch              :             category: SocialMedia
17:17:14 INFO  ProfileMatch              :              version: 13.0.0  [OLD VERSION]
17:17:14 INFO  ProfileMatch              :         release-date: 23.02.2022
17:17:14 INFO  ProfileMatch              :     lib root package: "com.facebook.all"  (in app: "com.github.mikephil.charting.exception")
17:17:14 INFO  ProfileMatch              : 
17:17:14 INFO  ProfileMatch              :                 name: Facebook
17:17:14 INFO  ProfileMatch              :             category: SocialMedia
17:17:14 INFO  ProfileMatch              :              version: 13.1.0  [OLD VERSION]
17:17:14 INFO  ProfileMatch              :         release-date: 21.03.2022
17:17:14 INFO  ProfileMatch              :     lib root package: "com.facebook.all"  (in app: "com.github.mikephil.charting.exception")
17:17:14 INFO  ProfileMatch              : 
17:17:14 INFO  ProfileMatch              :                 name: Facebook
17:17:14 INFO  ProfileMatch              :             category: SocialMedia
17:17:14 INFO  ProfileMatch              :              version: 13.2.0  [OLD VERSION]
17:17:14 INFO  ProfileMatch              :         release-date: 22.04.2022
17:17:14 INFO  ProfileMatch              :     lib root package: "com.facebook.all"  (in app: "com.github.mikephil.charting.exception")
17:17:14 INFO  ProfileMatch              : 
17:17:14 INFO  ProfileMatch              :                 name: Facebook
17:17:14 INFO  ProfileMatch              :             category: SocialMedia
17:17:14 INFO  ProfileMatch              :              version: 14.0.0
17:17:14 INFO  ProfileMatch              :         release-date: 14.06.2022
17:17:14 INFO  ProfileMatch              :     lib root package: "com.facebook.all"  (in app: "com.github.mikephil.charting.exception")
17:17:14 INFO  ProfileMatch              : 
17:17:14 INFO  LibraryIdentifier         : 
17:17:14 INFO  LibraryIdentifier         : - Partial library matches:
17:17:14 INFO  LibraryIdentifier         : 
17:17:14 INFO  LibraryIdentifier         : App processing time: 3 sec, 626 ms
