16:31:57 INFO  LibraryIdentifier         : Process app: com.vgorcum.minedmonero_2.apk
16:31:57 INFO  LibraryIdentifier         : = Manifest Parser =
16:31:57 INFO  LibraryIdentifier         :         Package name: 
16:31:57 INFO  LibraryIdentifier         :         Version code: 0
16:31:57 INFO  LibraryIdentifier         :        minSdkVersion: 1
16:31:57 INFO  LibraryIdentifier         :     targetSdkVersion: 1
16:31:57 INFO  LibraryIdentifier         :         SharedUserId:  - none -
16:31:57 INFO  LibraryIdentifier         :     Library dependencies:  - none -
16:31:57 INFO  LibraryIdentifier         : 
16:31:57 INFO  LibraryIdentifier         : Found 402 unique libraries in 12405 library profiles
16:31:57 INFO  LibraryIdentifier         : Generated class hierarchy (in 583 ms)
16:31:57 INFO  WalaUtils                 : 
16:31:57 INFO  WalaUtils                 : = ClassHierarchy Stats =
16:31:57 INFO  WalaUtils                 :     # of classes: 1554
16:31:57 INFO  WalaUtils                 :     # thereof inner classes: 980
16:31:57 INFO  WalaUtils                 :     # thereof public classes: 710
16:31:57 INFO  WalaUtils                 :         Activity : 7
16:31:57 INFO  WalaUtils                 :         Application : 0
16:31:57 INFO  WalaUtils                 :         AsyncTask : 4
16:31:57 INFO  WalaUtils                 :         BroadcastReceiver : 4
16:31:57 INFO  WalaUtils                 :         ContentProvider : 1
16:31:57 INFO  WalaUtils                 :         Fragment : 5
16:31:57 INFO  WalaUtils                 :         Handler : 10
16:31:57 INFO  WalaUtils                 :         LayoutContainer : 35
16:31:57 INFO  WalaUtils                 :         Plain : 1456
16:31:57 INFO  WalaUtils                 :         Runnable : 0
16:31:57 INFO  WalaUtils                 :         Service : 6
16:31:57 INFO  WalaUtils                 :         Thread : 3
16:31:57 INFO  WalaUtils                 :         View : 23
16:31:57 INFO  WalaUtils                 :     # methods: 12705
16:31:57 INFO  WalaUtils                 :         # of publicly accessible methods: 9394
16:31:57 INFO  WalaUtils                 :         # of non-accessible methods: 3311
16:31:57 INFO  WalaUtils                 : 
16:31:57 INFO  Profile                   : = PackageTree =
16:31:57 INFO  PackageTree               : Root Package: android
16:31:57 INFO  PackageTree               : └── Root
16:31:57 INFO  PackageTree               :     ├── android
16:31:57 INFO  PackageTree               :     │   ├── arch
16:31:57 INFO  PackageTree               :     │   │   ├── lifecycle (16)
16:31:57 INFO  PackageTree               :     │   │   └── core
16:31:57 INFO  PackageTree               :     │   │       └── internal (8)
16:31:57 INFO  PackageTree               :     │   └── support
16:31:57 INFO  PackageTree               :     │       ├── v4
16:31:57 INFO  PackageTree               :     │       │   ├── media (138)
16:31:57 INFO  PackageTree               :     │       │   │   ├── session (92)
16:31:57 INFO  PackageTree               :     │       │   │   └── app (3)
16:31:57 INFO  PackageTree               :     │       │   ├── graphics (20)
16:31:57 INFO  PackageTree               :     │       │   │   └── drawable (20)
16:31:57 INFO  PackageTree               :     │       │   ├── os (25)
16:31:57 INFO  PackageTree               :     │       │   ├── widget (118)
16:31:57 INFO  PackageTree               :     │       │   ├── net (11)
16:31:57 INFO  PackageTree               :     │       │   ├── content (35)
16:31:57 INFO  PackageTree               :     │       │   │   ├── res (9)
16:31:57 INFO  PackageTree               :     │       │   │   └── pm (5)
16:31:57 INFO  PackageTree               :     │       │   ├── text (17)
16:31:57 INFO  PackageTree               :     │       │   │   └── util (4)
16:31:57 INFO  PackageTree               :     │       │   ├── app (206)
16:31:57 INFO  PackageTree               :     │       │   ├── provider (34)
16:31:57 INFO  PackageTree               :     │       │   ├── view (117)
16:31:57 INFO  PackageTree               :     │       │   │   ├── accessibility (44)
16:31:57 INFO  PackageTree               :     │       │   │   └── animation (6)
16:31:57 INFO  PackageTree               :     │       │   ├── util (31)
16:31:57 INFO  PackageTree               :     │       │   ├── hardware
16:31:57 INFO  PackageTree               :     │       │   │   ├── fingerprint (13)
16:31:57 INFO  PackageTree               :     │       │   │   └── display (3)
16:31:57 INFO  PackageTree               :     │       │   ├── print (16)
16:31:57 INFO  PackageTree               :     │       │   ├── accessibilityservice (4)
16:31:57 INFO  PackageTree               :     │       │   ├── math (1)
16:31:57 INFO  PackageTree               :     │       │   ├── internal
16:31:57 INFO  PackageTree               :     │       │   │   └── view (3)
16:31:57 INFO  PackageTree               :     │       │   └── database (1)
16:31:57 INFO  PackageTree               :     │       ├── v7
16:31:57 INFO  PackageTree               :     │       │   ├── widget (189)
16:31:57 INFO  PackageTree               :     │       │   ├── app (96)
16:31:57 INFO  PackageTree               :     │       │   ├── view (14)
16:31:57 INFO  PackageTree               :     │       │   │   └── menu (48)
16:31:57 INFO  PackageTree               :     │       │   ├── content
16:31:57 INFO  PackageTree               :     │       │   │   └── res (4)
16:31:57 INFO  PackageTree               :     │       │   ├── graphics
16:31:57 INFO  PackageTree               :     │       │   │   └── drawable (3)
16:31:57 INFO  PackageTree               :     │       │   └── text (1)
16:31:57 INFO  PackageTree               :     │       ├── annotation (51)
16:31:57 INFO  PackageTree               :     │       ├── graphics
16:31:57 INFO  PackageTree               :     │       │   └── drawable (23)
16:31:57 INFO  PackageTree               :     │       └── constraint (5)
16:31:57 INFO  PackageTree               :     │           └── solver (10)
16:31:57 INFO  PackageTree               :     │               └── widgets (19)
16:31:57 INFO  PackageTree               :     └── com
16:31:57 INFO  PackageTree               :         ├── android
16:31:57 INFO  PackageTree               :         │   └── volley (36)
16:31:57 INFO  PackageTree               :         │       └── toolbox (36)
16:31:57 INFO  PackageTree               :         └── vgorcum
16:31:57 INFO  PackageTree               :             ├── minedmonero (8)
16:31:57 INFO  PackageTree               :             └── keccak (11)
16:31:57 INFO  Profile                   : 
16:31:57 INFO  AppProfile                : - generated app package tree (in 31 ms)
16:31:57 INFO  AppProfile                : 
16:31:57 DEBUG HashTree                  : Generate hash tree..
16:31:58 DEBUG HashTree                  :     - generated 44 package hashes.
16:31:58 DEBUG HashTree                  :     - generated 1454 clazz hashes.
16:31:58 DEBUG HashTree                  :     - generated 12705 method hashes.
16:31:58 DEBUG HashTree                  :     => Library Hash: 11a9030c6a4aa63b3c197ace918b0aa8
16:31:58 INFO  AppProfile                : - generated app hash trees (in 422 ms)
16:31:58 INFO  AppProfile                : 
16:31:58 INFO  LibraryIdentifier         : = Scan for library root packages (heuristic) =
16:31:58 INFO  LibraryIdentifier         :     - Found lib root package android.arch.core.internal  (android.arch.core::common)
16:31:58 INFO  LibraryIdentifier         :     - Found lib root package android.arch.core  (android.arch.core::runtime)
16:31:58 INFO  LibraryIdentifier         :     - Found lib root package android.arch.lifecycle  (android.arch.lifecycle::common)
16:31:58 INFO  LibraryIdentifier         :     - Found lib root package android.arch.lifecycle  (android.arch.lifecycle::common-java8)
16:31:58 INFO  LibraryIdentifier         :     - Found lib root package android.arch.lifecycle  (android.arch.lifecycle::compiler)
16:31:58 INFO  LibraryIdentifier         :     - Found lib root package android.arch.lifecycle  (android.arch.lifecycle::extensions)
16:31:58 INFO  LibraryIdentifier         :     - Found lib root package android.arch.lifecycle  (android.arch.lifecycle::livedata)
16:31:58 INFO  LibraryIdentifier         :     - Found lib root package android.arch.lifecycle  (android.arch.lifecycle::livedata-core)
16:31:58 INFO  LibraryIdentifier         :     - Found lib root package android.arch.lifecycle  (android.arch.lifecycle::reactivestreams)
16:31:58 INFO  LibraryIdentifier         :     - Found lib root package android.arch.lifecycle  (android.arch.lifecycle::runtime)
16:31:58 INFO  LibraryIdentifier         :     - Found lib root package android.arch.lifecycle  (android.arch.lifecycle::viewmodel)
16:31:58 INFO  LibraryIdentifier         :     - Found lib root package android.support.v4.media  (androidx.media::media)
16:31:58 INFO  LibraryIdentifier         :     - Found lib root package android.support.constraint  (com.android.support.constraint::constraint-layout)
16:31:58 INFO  LibraryIdentifier         :     - Found lib root package android.support.constraint.solver  (com.android.support.constraint::constraint-layout-solver)
16:31:58 INFO  LibraryIdentifier         :     - Found lib root package android.support.graphics.drawable  (com.android.support::animated-vector-drawable)
16:31:58 INFO  LibraryIdentifier         :     - Found lib root package android.support.v7  (com.android.support::appcompat-v7)
16:31:58 INFO  LibraryIdentifier         :     - Found lib root package android.support.v4.view  (com.android.support::asynclayoutinflater)
16:31:58 INFO  LibraryIdentifier         :     - Found lib root package android.support.v7.widget  (com.android.support::cardview-v7)
16:31:58 INFO  LibraryIdentifier         :     - Found lib root package android.support.v4.util  (com.android.support::collections)
16:31:58 INFO  LibraryIdentifier         :     - Found lib root package android.support.v4.widget  (com.android.support::cursoradapter)
16:31:58 INFO  LibraryIdentifier         :     - Found lib root package android.support.v4  (com.android.support::customview)
16:31:58 INFO  LibraryIdentifier         :     - Found lib root package android.support.v4.provider  (com.android.support::documentfile)
16:31:58 INFO  LibraryIdentifier         :     - Found lib root package android.support.v4.widget  (com.android.support::drawerlayout)
16:31:58 INFO  LibraryIdentifier         :     - Found lib root package android.support.v7.widget  (com.android.support::gridlayout-v7)
16:31:58 INFO  LibraryIdentifier         :     - Found lib root package android.support.v4.view.animation  (com.android.support::interpolator)
16:31:58 INFO  LibraryIdentifier         :     - Found lib root package android.support.v4  (com.android.support::loader)
16:31:58 INFO  LibraryIdentifier         :     - Found lib root package android.support.v4.content  (com.android.support::localbroadcastmanager)
16:31:58 INFO  LibraryIdentifier         :     - Found lib root package android.support.v7  (com.android.support::mediarouter-v7)
16:31:58 INFO  LibraryIdentifier         :     - Found lib root package android.support.v7.graphics  (com.android.support::palette-v7)
16:31:58 INFO  LibraryIdentifier         :     - Found lib root package android.support.v7  (com.android.support::preference-v7)
16:31:58 INFO  LibraryIdentifier         :     - Found lib root package android.support.v4.print  (com.android.support::print)
16:31:58 INFO  LibraryIdentifier         :     - Found lib root package android.support.v7.widget  (com.android.support::recyclerview-v7)
16:31:58 INFO  LibraryIdentifier         :     - Found lib root package android.support.v4.widget  (com.android.support::slidingpanelayout)
16:31:58 INFO  LibraryIdentifier         :     - Found lib root package android.support.annotation  (com.android.support::support-annotations)
16:31:58 INFO  LibraryIdentifier         :     - Found lib root package android.support.v4  (com.android.support::support-compat)
16:31:58 INFO  LibraryIdentifier         :     - Found lib root package android.support.v4  (com.android.support::support-core-ui)
16:31:58 INFO  LibraryIdentifier         :     - Found lib root package android.support.v4  (com.android.support::support-core-utils)
16:31:58 INFO  LibraryIdentifier         :     - Found lib root package android.support.v4.app  (com.android.support::support-fragment)
16:31:58 INFO  LibraryIdentifier         :     - Found lib root package android.support.v4.media  (com.android.support::support-media-compat)
16:31:58 INFO  LibraryIdentifier         :     - Found lib root package android.support.v4  (com.android.support::support-v4)
16:31:58 INFO  LibraryIdentifier         :     - Found lib root package android.support.graphics.drawable  (com.android.support::support-vector-drawable)
16:31:58 INFO  LibraryIdentifier         :     - Found lib root package android.support.v4.widget  (com.android.support::swiperefreshlayout)
16:31:58 INFO  LibraryIdentifier         :     - Found lib root package android.support.v4.view  (com.android.support::viewpager)
16:31:58 INFO  LibraryIdentifier         :     - Found lib root package com.android  (com.android.tools::common)
16:31:58 INFO  LibraryIdentifier         :     - Found lib root package com.android  (com.android.tools::sdk-common)
16:31:58 INFO  LibraryIdentifier         : 
16:31:58 INFO  LibraryIdentifier         : = Match profiles =
16:31:59 INFO  LibraryIdentifier         :     >> profile matching done (1 sec, 192 ms)
16:31:59 INFO  LibraryIdentifier         : 
16:31:59 INFO  LibraryIdentifier         : == Report ==
16:31:59 INFO  LibraryIdentifier         : - Full library matches:
16:31:59 INFO  ProfileMatch              :                 name: com.android.support::appcompat-v7
16:31:59 INFO  ProfileMatch              :             category: Android
16:31:59 INFO  ProfileMatch              :              version: 26.0.0  [OLD VERSION]
16:31:59 INFO  ProfileMatch              :         release-date:  --
16:31:59 INFO  ProfileMatch              :     lib root package: "android.support.v7"
16:31:59 INFO  ProfileMatch              : 
16:31:59 INFO  ProfileMatch              :                 name: com.android.support::appcompat-v7
16:31:59 INFO  ProfileMatch              :             category: Android
16:31:59 INFO  ProfileMatch              :              version: 26.0.1  [OLD VERSION]
16:31:59 INFO  ProfileMatch              :         release-date:  --
16:31:59 INFO  ProfileMatch              :     lib root package: "android.support.v7"
16:31:59 INFO  ProfileMatch              : 
16:31:59 INFO  ProfileMatch              :                 name: com.android.support::appcompat-v7
16:31:59 INFO  ProfileMatch              :             category: Android
16:31:59 INFO  ProfileMatch              :              version: 26.0.2  [OLD VERSION]
16:31:59 INFO  ProfileMatch              :         release-date:  --
16:31:59 INFO  ProfileMatch              :     lib root package: "android.support.v7"
16:31:59 INFO  ProfileMatch              : 
16:31:59 INFO  ProfileMatch              :                 name: com.android.support::appcompat-v7
16:31:59 INFO  ProfileMatch              :             category: Android
16:31:59 INFO  ProfileMatch              :              version: 26.1.0  [OLD VERSION]
16:31:59 INFO  ProfileMatch              :         release-date:  --
16:31:59 INFO  ProfileMatch              :     lib root package: "android.support.v7"
16:31:59 INFO  ProfileMatch              : 
16:31:59 INFO  ProfileMatch              :                 name: com.android.support.constraint::constraint-layout
16:31:59 INFO  ProfileMatch              :             category: Android
16:31:59 INFO  ProfileMatch              :              version: 1.0.2  [OLD VERSION]
16:31:59 INFO  ProfileMatch              :         release-date:  --
16:31:59 INFO  ProfileMatch              :     lib root package: "android.support.constraint"
16:31:59 INFO  ProfileMatch              : 
16:31:59 INFO  ProfileMatch              :                 name: com.android.support::support-annotations
16:31:59 INFO  ProfileMatch              :             category: Android
16:31:59 INFO  ProfileMatch              :              version: 26.0.0  [OLD VERSION]
16:31:59 INFO  ProfileMatch              :         release-date:  --
16:31:59 INFO  ProfileMatch              :     lib root package: "android.support.annotation"
16:31:59 INFO  ProfileMatch              : 
16:31:59 INFO  ProfileMatch              :                 name: com.android.support::support-annotations
16:31:59 INFO  ProfileMatch              :             category: Android
16:31:59 INFO  ProfileMatch              :              version: 26.0.1  [OLD VERSION]
16:31:59 INFO  ProfileMatch              :         release-date:  --
16:31:59 INFO  ProfileMatch              :     lib root package: "android.support.annotation"
16:31:59 INFO  ProfileMatch              : 
16:31:59 INFO  ProfileMatch              :                 name: com.android.support::support-annotations
16:31:59 INFO  ProfileMatch              :             category: Android
16:31:59 INFO  ProfileMatch              :              version: 26.0.2  [OLD VERSION]
16:31:59 INFO  ProfileMatch              :         release-date:  --
16:31:59 INFO  ProfileMatch              :     lib root package: "android.support.annotation"
16:31:59 INFO  ProfileMatch              : 
16:31:59 INFO  ProfileMatch              :                 name: com.android.support::support-annotations
16:31:59 INFO  ProfileMatch              :             category: Android
16:31:59 INFO  ProfileMatch              :              version: 26.1.0  [OLD VERSION]
16:31:59 INFO  ProfileMatch              :         release-date:  --
16:31:59 INFO  ProfileMatch              :     lib root package: "android.support.annotation"
16:31:59 INFO  ProfileMatch              : 
16:31:59 INFO  ProfileMatch              :                 name: com.android.support::support-annotations
16:31:59 INFO  ProfileMatch              :             category: Android
16:31:59 INFO  ProfileMatch              :              version: 27.0.0  [OLD VERSION]
16:31:59 INFO  ProfileMatch              :         release-date:  --
16:31:59 INFO  ProfileMatch              :     lib root package: "android.support.annotation"
16:31:59 INFO  ProfileMatch              : 
16:31:59 INFO  ProfileMatch              :                 name: com.android.support::support-annotations
16:31:59 INFO  ProfileMatch              :             category: Android
16:31:59 INFO  ProfileMatch              :              version: 27.0.1  [OLD VERSION]
16:31:59 INFO  ProfileMatch              :         release-date:  --
16:31:59 INFO  ProfileMatch              :     lib root package: "android.support.annotation"
16:31:59 INFO  ProfileMatch              : 
16:31:59 INFO  ProfileMatch              :                 name: com.android.support::support-annotations
16:31:59 INFO  ProfileMatch              :             category: Android
16:31:59 INFO  ProfileMatch              :              version: 27.0.2  [OLD VERSION]
16:31:59 INFO  ProfileMatch              :         release-date:  --
16:31:59 INFO  ProfileMatch              :     lib root package: "android.support.annotation"
16:31:59 INFO  ProfileMatch              : 
16:31:59 INFO  ProfileMatch              :                 name: com.android.support.constraint::constraint-layout-solver
16:31:59 INFO  ProfileMatch              :             category: Android
16:31:59 INFO  ProfileMatch              :              version: 1.0.2  [OLD VERSION]
16:31:59 INFO  ProfileMatch              :         release-date:  --
16:31:59 INFO  ProfileMatch              :     lib root package: "android.support.constraint.solver"
16:31:59 INFO  ProfileMatch              : 
16:31:59 INFO  ProfileMatch              :                 name: com.android.support::support-media-compat
16:31:59 INFO  ProfileMatch              :             category: Android
16:31:59 INFO  ProfileMatch              :              version: 26.0.1  [OLD VERSION]
16:31:59 INFO  ProfileMatch              :         release-date:  --
16:31:59 INFO  ProfileMatch              :     lib root package: "android.support.v4.media"
16:31:59 INFO  ProfileMatch              : 
16:31:59 INFO  ProfileMatch              :                 name: com.android.support::support-media-compat
16:31:59 INFO  ProfileMatch              :             category: Android
16:31:59 INFO  ProfileMatch              :              version: 26.0.2  [OLD VERSION]
16:31:59 INFO  ProfileMatch              :         release-date:  --
16:31:59 INFO  ProfileMatch              :     lib root package: "android.support.v4.media"
16:31:59 INFO  ProfileMatch              : 
16:31:59 INFO  ProfileMatch              :                 name: com.android.support::support-media-compat
16:31:59 INFO  ProfileMatch              :             category: Android
16:31:59 INFO  ProfileMatch              :              version: 26.1.0  [OLD VERSION]
16:31:59 INFO  ProfileMatch              :         release-date:  --
16:31:59 INFO  ProfileMatch              :     lib root package: "android.support.v4.media"
16:31:59 INFO  ProfileMatch              : 
16:31:59 INFO  ProfileMatch              :                 name: android.arch.core::common
16:31:59 INFO  ProfileMatch              :             category: Android
16:31:59 INFO  ProfileMatch              :              version: 1.0.0  [OLD VERSION]
16:31:59 INFO  ProfileMatch              :         release-date:  --
16:31:59 INFO  ProfileMatch              :     lib root package: "android.arch.core.internal"
16:31:59 INFO  ProfileMatch              : 
16:31:59 INFO  ProfileMatch              :                 name: android.arch.core::common
16:31:59 INFO  ProfileMatch              :             category: Android
16:31:59 INFO  ProfileMatch              :              version: 1.1.0  [OLD VERSION]
16:31:59 INFO  ProfileMatch              :         release-date:  --
16:31:59 INFO  ProfileMatch              :     lib root package: "android.arch.core.internal"
16:31:59 INFO  ProfileMatch              : 
16:32:00 INFO  LibraryIdentifier         : 
16:32:00 INFO  LibraryIdentifier         : - Partial library matches:
16:32:00 INFO  LibraryIdentifier         : 
16:32:00 INFO  LibraryIdentifier         : App processing time: 3 sec, 396 ms
