03:36:22 INFO  LibraryIdentifier         : Process app: com.dosse.airpods_18.apk
03:36:22 INFO  LibraryIdentifier         : = Manifest Parser =
03:36:22 INFO  LibraryIdentifier         :         Package name: com.dosse.airpods
03:36:22 INFO  LibraryIdentifier         :         Version code: 18
03:36:22 INFO  LibraryIdentifier         :        minSdkVersion: 23
03:36:22 INFO  LibraryIdentifier         :     targetSdkVersion: 31
03:36:22 INFO  LibraryIdentifier         :         SharedUserId:  - none -
03:36:22 INFO  LibraryIdentifier         :     Library dependencies:  - none -
03:36:22 INFO  LibraryIdentifier         : 
03:36:22 INFO  LibraryIdentifier         : Found 402 unique libraries in 12405 library profiles
03:36:22 INFO  LibraryIdentifier         : Generated class hierarchy (in 481 ms)
03:36:22 INFO  WalaUtils                 : 
03:36:22 INFO  WalaUtils                 : = ClassHierarchy Stats =
03:36:22 INFO  WalaUtils                 :     # of classes: 919
03:36:22 INFO  WalaUtils                 :     # thereof inner classes: 468
03:36:22 INFO  WalaUtils                 :     # thereof public classes: 919
03:36:22 INFO  WalaUtils                 :         Activity : 9
03:36:22 INFO  WalaUtils                 :         Application : 0
03:36:22 INFO  WalaUtils                 :         AsyncTask : 0
03:36:22 INFO  WalaUtils                 :         BroadcastReceiver : 5
03:36:22 INFO  WalaUtils                 :         ContentProvider : 0
03:36:22 INFO  WalaUtils                 :         Fragment : 1
03:36:22 INFO  WalaUtils                 :         Handler : 2
03:36:22 INFO  WalaUtils                 :         LayoutContainer : 29
03:36:22 INFO  WalaUtils                 :         Plain : 849
03:36:22 INFO  WalaUtils                 :         Runnable : 0
03:36:22 INFO  WalaUtils                 :         Service : 1
03:36:22 INFO  WalaUtils                 :         Thread : 3
03:36:22 INFO  WalaUtils                 :         View : 20
03:36:22 INFO  WalaUtils                 :     # methods: 5476
03:36:22 INFO  WalaUtils                 :         # of publicly accessible methods: 5454
03:36:22 INFO  WalaUtils                 :         # of non-accessible methods: 22
03:36:22 INFO  WalaUtils                 : 
03:36:22 INFO  Profile                   : = PackageTree =
03:36:22 INFO  PackageTree               : Root Package: androidx
03:36:22 INFO  PackageTree               : └── Root
03:36:22 INFO  PackageTree               :     ├── o (8)
03:36:22 INFO  PackageTree               :     ├── androidx
03:36:22 INFO  PackageTree               :     │   ├── appcompat
03:36:22 INFO  PackageTree               :     │   │   ├── widget (70)
03:36:22 INFO  PackageTree               :     │   │   ├── app (11)
03:36:22 INFO  PackageTree               :     │   │   └── view
03:36:22 INFO  PackageTree               :     │   │       └── menu (31)
03:36:22 INFO  PackageTree               :     │   ├── lifecycle (25)
03:36:22 INFO  PackageTree               :     │   ├── recyclerview
03:36:22 INFO  PackageTree               :     │   │   └── widget (100)
03:36:22 INFO  PackageTree               :     │   ├── preference (59)
03:36:22 INFO  PackageTree               :     │   │   └── internal (1)
03:36:22 INFO  PackageTree               :     │   ├── coordinatorlayout
03:36:22 INFO  PackageTree               :     │   │   └── widget (11)
03:36:22 INFO  PackageTree               :     │   ├── fragment
03:36:22 INFO  PackageTree               :     │   │   └── app (69)
03:36:22 INFO  PackageTree               :     │   ├── annotation (1)
03:36:22 INFO  PackageTree               :     │   ├── activity (13)
03:36:22 INFO  PackageTree               :     │   │   └── result (5)
03:36:22 INFO  PackageTree               :     │   ├── core
03:36:22 INFO  PackageTree               :     │   │   ├── app (4)
03:36:22 INFO  PackageTree               :     │   │   ├── graphics
03:36:22 INFO  PackageTree               :     │   │   │   └── drawable (2)
03:36:22 INFO  PackageTree               :     │   │   └── widget (5)
03:36:22 INFO  PackageTree               :     │   ├── savedstate (6)
03:36:22 INFO  PackageTree               :     │   └── versionedparcelable (3)
03:36:22 INFO  PackageTree               :     ├── h (14)
03:36:22 INFO  PackageTree               :     ├── f (42)
03:36:22 INFO  PackageTree               :     ├── p (15)
03:36:22 INFO  PackageTree               :     ├── m (92)
03:36:22 INFO  PackageTree               :     ├── k (13)
03:36:22 INFO  PackageTree               :     ├── w (13)
03:36:22 INFO  PackageTree               :     ├── com
03:36:22 INFO  PackageTree               :     │   └── dosse
03:36:22 INFO  PackageTree               :     │       └── airpods
03:36:22 INFO  PackageTree               :     │           ├── pods (6)
03:36:22 INFO  PackageTree               :     │           ├── ui (7)
03:36:22 INFO  PackageTree               :     │           └── receivers (1)
03:36:22 INFO  PackageTree               :     ├── t (14)
03:36:22 INFO  PackageTree               :     ├── s0 (18)
03:36:22 INFO  PackageTree               :     ├── d0 (43)
03:36:22 INFO  PackageTree               :     ├── k0 (42)
03:36:22 INFO  PackageTree               :     ├── l0 (13)
03:36:22 INFO  PackageTree               :     ├── a0 (19)
03:36:22 INFO  PackageTree               :     ├── f0 (8)
03:36:22 INFO  PackageTree               :     ├── m0 (5)
03:36:22 INFO  PackageTree               :     ├── e (2)
03:36:22 INFO  PackageTree               :     ├── g (1)
03:36:22 INFO  PackageTree               :     ├── b (2)
03:36:22 INFO  PackageTree               :     ├── a (3)
03:36:22 INFO  PackageTree               :     ├── d (2)
03:36:22 INFO  PackageTree               :     ├── n (3)
03:36:22 INFO  PackageTree               :     ├── j (1)
03:36:22 INFO  PackageTree               :     ├── i (1)
03:36:22 INFO  PackageTree               :     ├── l (12)
03:36:22 INFO  PackageTree               :     ├── v (13)
03:36:22 INFO  PackageTree               :     ├── u (1)
03:36:22 INFO  PackageTree               :     ├── x (2)
03:36:22 INFO  PackageTree               :     ├── r (2)
03:36:22 INFO  PackageTree               :     ├── q (1)
03:36:22 INFO  PackageTree               :     ├── s (1)
03:36:22 INFO  PackageTree               :     ├── z (3)
03:36:22 INFO  PackageTree               :     ├── y (3)
03:36:22 INFO  PackageTree               :     ├── e0 (14)
03:36:22 INFO  PackageTree               :     ├── w0 (6)
03:36:22 INFO  PackageTree               :     ├── v0 (2)
03:36:22 INFO  PackageTree               :     ├── x0 (2)
03:36:22 INFO  PackageTree               :     ├── o0 (2)
03:36:22 INFO  PackageTree               :     ├── n0 (11)
03:36:22 INFO  PackageTree               :     ├── q0 (2)
03:36:22 INFO  PackageTree               :     ├── u0 (2)
03:36:22 INFO  PackageTree               :     ├── t0 (3)
03:36:22 INFO  PackageTree               :     ├── g0 (9)
03:36:22 INFO  PackageTree               :     ├── h0 (6)
03:36:22 INFO  PackageTree               :     ├── c0 (3)
03:36:22 INFO  PackageTree               :     ├── android
03:36:22 INFO  PackageTree               :     │   └── support
03:36:22 INFO  PackageTree               :     │       └── v4
03:36:22 INFO  PackageTree               :     │           ├── graphics
03:36:22 INFO  PackageTree               :     │           │   └── drawable (1)
03:36:22 INFO  PackageTree               :     │           └── app (1)
03:36:22 INFO  PackageTree               :     ├── c (5)
03:36:22 INFO  PackageTree               :     ├── b0 (2)
03:36:22 INFO  PackageTree               :     ├── i0 (3)
03:36:22 INFO  PackageTree               :     ├── z0 (1)
03:36:22 INFO  PackageTree               :     ├── r0 (1)
03:36:22 INFO  PackageTree               :     └── j0 (1)
03:36:22 INFO  Profile                   : 
03:36:22 INFO  AppProfile                : - generated app package tree (in 23 ms)
03:36:22 INFO  AppProfile                : 
03:36:22 DEBUG HashTree                  : Generate hash tree..
03:36:22 DEBUG HashTree                  :     - generated 71 package hashes.
03:36:22 DEBUG HashTree                  :     - generated 878 clazz hashes.
03:36:22 DEBUG HashTree                  :     - generated 5476 method hashes.
03:36:22 DEBUG HashTree                  :     => Library Hash: 60ff108b9317cfb2044924a2cd2031a7
03:36:22 INFO  AppProfile                : - generated app hash trees (in 117 ms)
03:36:22 INFO  AppProfile                : 
03:36:22 INFO  LibraryIdentifier         : = Scan for library root packages (heuristic) =
03:36:22 INFO  LibraryIdentifier         :     - Found lib root package androidx.annotation  (androidx.annotation::annotation)
03:36:22 INFO  LibraryIdentifier         :     - Found lib root package androidx.appcompat  (androidx.appcompat::appcompat)
03:36:22 INFO  LibraryIdentifier         :     - Found lib root package androidx.coordinatorlayout.widget  (androidx.coordinatorlayout::coordinatorlayout)
03:36:22 INFO  LibraryIdentifier         :     - Found lib root package androidx.core  (androidx.core::core)
03:36:22 INFO  LibraryIdentifier         :     - Found lib root package androidx  (androidx.core::core-ktx)
03:36:22 INFO  LibraryIdentifier         :     - Found lib root package androidx.fragment.app  (androidx.fragment::fragment)
03:36:22 INFO  LibraryIdentifier         :     - Found lib root package androidx.fragment.app  (androidx.fragment::fragment-ktx)
03:36:22 INFO  LibraryIdentifier         :     - Found lib root package androidx.lifecycle  (androidx.lifecycle::lifecycle-common)
03:36:22 INFO  LibraryIdentifier         :     - Found lib root package androidx.lifecycle  (androidx.lifecycle::lifecycle-common-java8)
03:36:22 INFO  LibraryIdentifier         :     - Found lib root package androidx.lifecycle  (androidx.lifecycle::lifecycle-compiler)
03:36:22 INFO  LibraryIdentifier         :     - Found lib root package androidx.lifecycle  (androidx.lifecycle::lifecycle-extensions)
03:36:22 INFO  LibraryIdentifier         :     - Found lib root package androidx.lifecycle  (androidx.lifecycle::lifecycle-livedata)
03:36:22 INFO  LibraryIdentifier         :     - Found lib root package androidx.lifecycle  (androidx.lifecycle::lifecycle-livedata-core)
03:36:22 INFO  LibraryIdentifier         :     - Found lib root package androidx.lifecycle  (androidx.lifecycle::lifecycle-process)
03:36:22 INFO  LibraryIdentifier         :     - Found lib root package androidx.lifecycle  (androidx.lifecycle::lifecycle-reactivestreams)
03:36:22 INFO  LibraryIdentifier         :     - Found lib root package androidx.lifecycle  (androidx.lifecycle::lifecycle-reactivestreams-ktx)
03:36:22 INFO  LibraryIdentifier         :     - Found lib root package androidx.lifecycle  (androidx.lifecycle::lifecycle-runtime)
03:36:22 INFO  LibraryIdentifier         :     - Found lib root package androidx.lifecycle  (androidx.lifecycle::lifecycle-service)
03:36:22 INFO  LibraryIdentifier         :     - Found lib root package androidx.lifecycle  (androidx.lifecycle::lifecycle-viewmodel)
03:36:22 INFO  LibraryIdentifier         :     - Found lib root package androidx.lifecycle  (androidx.lifecycle::lifecycle-viewmodel-ktx)
03:36:22 INFO  LibraryIdentifier         :     - Found lib root package androidx.preference  (androidx.preference::preference)
03:36:22 INFO  LibraryIdentifier         :     - Found lib root package androidx.preference  (androidx.preference::preference-ktx)
03:36:22 INFO  LibraryIdentifier         :     - Found lib root package androidx.recyclerview.widget  (androidx.recyclerview::recyclerview)
03:36:22 INFO  LibraryIdentifier         :     - Found lib root package androidx.versionedparcelable  (androidx.versionedparcelable::versionedparcelable)
03:36:22 INFO  LibraryIdentifier         :     - Found lib root package android.support.v4  (com.android.support::customview)
03:36:22 INFO  LibraryIdentifier         :     - Found lib root package android.support.v4  (com.android.support::loader)
03:36:22 INFO  LibraryIdentifier         :     - Found lib root package android.support.v4  (com.android.support::support-compat)
03:36:22 INFO  LibraryIdentifier         :     - Found lib root package android.support.v4  (com.android.support::support-core-ui)
03:36:22 INFO  LibraryIdentifier         :     - Found lib root package android.support.v4  (com.android.support::support-core-utils)
03:36:22 INFO  LibraryIdentifier         :     - Found lib root package android.support.v4.app  (com.android.support::support-fragment)
03:36:22 INFO  LibraryIdentifier         :     - Found lib root package android.support.v4  (com.android.support::support-v4)
03:36:22 INFO  LibraryIdentifier         :     - Found lib root package androidx.versionedparcelable  (com.android.support::versionedparcelable)
03:36:22 INFO  LibraryIdentifier         : 
03:36:22 INFO  LibraryIdentifier         : = Match profiles =
03:36:31 INFO  LibraryIdentifier         :     >> profile matching done (8 sec, 512 ms)
03:36:31 INFO  LibraryIdentifier         : 
03:36:31 INFO  LibraryIdentifier         : == Report ==
03:36:31 INFO  LibraryIdentifier         : - Full library matches:
03:36:31 INFO  ProfileMatch              :                 name: com.google.firebase::firebase-ml-vision-image-label-model
03:36:31 INFO  ProfileMatch              :             category: Android
03:36:31 INFO  ProfileMatch              :              version: 20.0.0  [OLD VERSION]
03:36:31 INFO  ProfileMatch              :         release-date:  --
03:36:31 INFO  ProfileMatch              :     lib root package: "com.google.firebase.ml.vision.imagelabel"  (in app: "i")
03:36:31 INFO  ProfileMatch              : 
03:36:31 INFO  ProfileMatch              :                 name: com.google.firebase::firebase-ml-vision-image-label-model
03:36:31 INFO  ProfileMatch              :             category: Android
03:36:31 INFO  ProfileMatch              :              version: 20.0.1  [OLD VERSION]
03:36:31 INFO  ProfileMatch              :         release-date:  --
03:36:31 INFO  ProfileMatch              :     lib root package: "com.google.firebase.ml.vision.imagelabel"  (in app: "i")
03:36:31 INFO  ProfileMatch              : 
03:36:31 INFO  ProfileMatch              :                 name: com.google.firebase::firebase-ml-vision-image-label-model
03:36:31 INFO  ProfileMatch              :             category: Android
03:36:31 INFO  ProfileMatch              :              version: 20.0.2
03:36:31 INFO  ProfileMatch              :         release-date:  --
03:36:31 INFO  ProfileMatch              :     lib root package: "com.google.firebase.ml.vision.imagelabel"  (in app: "i")
03:36:31 INFO  ProfileMatch              : 
03:36:31 INFO  ProfileMatch              :                 name: Facebook
03:36:31 INFO  ProfileMatch              :             category: SocialMedia
03:36:31 INFO  ProfileMatch              :              version: 4.27.0  [OLD VERSION]
03:36:31 INFO  ProfileMatch              :         release-date: 26.09.2017
03:36:31 INFO  ProfileMatch              :     lib root package: "com.facebook.all"  (in app: "i")
03:36:31 INFO  ProfileMatch              : 
03:36:31 INFO  ProfileMatch              :                 name: Facebook
03:36:31 INFO  ProfileMatch              :             category: SocialMedia
03:36:31 INFO  ProfileMatch              :              version: 4.28.0  [OLD VERSION]
03:36:31 INFO  ProfileMatch              :         release-date: 07.11.2017
03:36:31 INFO  ProfileMatch              :     lib root package: "com.facebook.all"  (in app: "i")
03:36:31 INFO  ProfileMatch              : 
03:36:31 INFO  ProfileMatch              :                 name: Facebook
03:36:31 INFO  ProfileMatch              :             category: SocialMedia
03:36:31 INFO  ProfileMatch              :              version: 4.29.0  [OLD VERSION]
03:36:31 INFO  ProfileMatch              :         release-date: 05.12.2017
03:36:31 INFO  ProfileMatch              :     lib root package: "com.facebook.all"  (in app: "i")
03:36:31 INFO  ProfileMatch              : 
03:36:31 INFO  ProfileMatch              :                 name: Facebook
03:36:31 INFO  ProfileMatch              :             category: SocialMedia
03:36:31 INFO  ProfileMatch              :              version: 4.30.0  [OLD VERSION]
03:36:31 INFO  ProfileMatch              :         release-date: 24.01.2018
03:36:31 INFO  ProfileMatch              :     lib root package: "com.facebook.all"  (in app: "i")
03:36:31 INFO  ProfileMatch              : 
03:36:31 INFO  ProfileMatch              :                 name: Facebook
03:36:31 INFO  ProfileMatch              :             category: SocialMedia
03:36:31 INFO  ProfileMatch              :              version: 4.31.0  [OLD VERSION]
03:36:31 INFO  ProfileMatch              :         release-date: 28.02.2018
03:36:31 INFO  ProfileMatch              :     lib root package: "com.facebook.all"  (in app: "i")
03:36:31 INFO  ProfileMatch              : 
03:36:31 INFO  ProfileMatch              :                 name: Facebook
03:36:31 INFO  ProfileMatch              :             category: SocialMedia
03:36:31 INFO  ProfileMatch              :              version: 4.32.0  [OLD VERSION]
03:36:31 INFO  ProfileMatch              :         release-date: 11.04.2018
03:36:31 INFO  ProfileMatch              :     lib root package: "com.facebook.all"  (in app: "i")
03:36:31 INFO  ProfileMatch              : 
03:36:31 INFO  ProfileMatch              :                 name: Facebook
03:36:31 INFO  ProfileMatch              :             category: SocialMedia
03:36:31 INFO  ProfileMatch              :              version: 4.33.0  [OLD VERSION]
03:36:31 INFO  ProfileMatch              :         release-date: 01.05.2018
03:36:31 INFO  ProfileMatch              :     lib root package: "com.facebook.all"  (in app: "i")
03:36:31 INFO  ProfileMatch              : 
03:36:31 INFO  ProfileMatch              :                 name: Facebook
03:36:31 INFO  ProfileMatch              :             category: SocialMedia
03:36:31 INFO  ProfileMatch              :              version: 4.34.0  [OLD VERSION]
03:36:31 INFO  ProfileMatch              :         release-date: 19.06.2018
03:36:31 INFO  ProfileMatch              :     lib root package: "com.facebook.all"  (in app: "i")
03:36:31 INFO  ProfileMatch              : 
03:36:31 INFO  ProfileMatch              :                 name: Facebook
03:36:31 INFO  ProfileMatch              :             category: SocialMedia
03:36:31 INFO  ProfileMatch              :              version: 4.35.0  [OLD VERSION]
03:36:31 INFO  ProfileMatch              :         release-date: 26.07.2018
03:36:31 INFO  ProfileMatch              :     lib root package: "com.facebook.all"  (in app: "i")
03:36:31 INFO  ProfileMatch              : 
03:36:31 INFO  ProfileMatch              :                 name: Facebook
03:36:31 INFO  ProfileMatch              :             category: SocialMedia
03:36:31 INFO  ProfileMatch              :              version: 4.36.0  [OLD VERSION]
03:36:31 INFO  ProfileMatch              :         release-date: 29.08.2018
03:36:31 INFO  ProfileMatch              :     lib root package: "com.facebook.all"  (in app: "i")
03:36:31 INFO  ProfileMatch              : 
03:36:31 INFO  ProfileMatch              :                 name: Facebook
03:36:31 INFO  ProfileMatch              :             category: SocialMedia
03:36:31 INFO  ProfileMatch              :              version: 4.36.1  [OLD VERSION]
03:36:31 INFO  ProfileMatch              :         release-date: 15.09.2018
03:36:31 INFO  ProfileMatch              :     lib root package: "com.facebook.all"  (in app: "i")
03:36:31 INFO  ProfileMatch              : 
03:36:31 INFO  ProfileMatch              :                 name: Facebook
03:36:31 INFO  ProfileMatch              :             category: SocialMedia
03:36:31 INFO  ProfileMatch              :              version: 4.37.0  [OLD VERSION]
03:36:31 INFO  ProfileMatch              :         release-date: 27.09.2018
03:36:31 INFO  ProfileMatch              :     lib root package: "com.facebook.all"  (in app: "i")
03:36:31 INFO  ProfileMatch              : 
03:36:31 INFO  ProfileMatch              :                 name: Facebook
03:36:31 INFO  ProfileMatch              :             category: SocialMedia
03:36:31 INFO  ProfileMatch              :              version: 4.38.0  [OLD VERSION]
03:36:31 INFO  ProfileMatch              :         release-date: 23.10.2018
03:36:31 INFO  ProfileMatch              :     lib root package: "com.facebook.all"  (in app: "i")
03:36:31 INFO  ProfileMatch              : 
03:36:31 INFO  ProfileMatch              :                 name: Facebook
03:36:31 INFO  ProfileMatch              :             category: SocialMedia
03:36:31 INFO  ProfileMatch              :              version: 4.38.1  [OLD VERSION]
03:36:31 INFO  ProfileMatch              :         release-date: 31.10.2018
03:36:31 INFO  ProfileMatch              :     lib root package: "com.facebook.all"  (in app: "i")
03:36:31 INFO  ProfileMatch              : 
03:36:31 INFO  ProfileMatch              :                 name: Facebook
03:36:31 INFO  ProfileMatch              :             category: SocialMedia
03:36:31 INFO  ProfileMatch              :              version: 4.39.0  [OLD VERSION]
03:36:31 INFO  ProfileMatch              :         release-date: 05.12.2018
03:36:31 INFO  ProfileMatch              :     lib root package: "com.facebook.all"  (in app: "i")
03:36:31 INFO  ProfileMatch              : 
03:36:31 INFO  ProfileMatch              :                 name: Facebook
03:36:31 INFO  ProfileMatch              :             category: SocialMedia
03:36:31 INFO  ProfileMatch              :              version: 4.40.0  [OLD VERSION]
03:36:31 INFO  ProfileMatch              :         release-date: 22.01.2019
03:36:31 INFO  ProfileMatch              :     lib root package: "com.facebook.all"  (in app: "i")
03:36:31 INFO  ProfileMatch              : 
03:36:31 INFO  ProfileMatch              :                 name: Facebook
03:36:31 INFO  ProfileMatch              :             category: SocialMedia
03:36:31 INFO  ProfileMatch              :              version: 4.41.0  [OLD VERSION]
03:36:31 INFO  ProfileMatch              :         release-date: 08.03.2019
03:36:31 INFO  ProfileMatch              :     lib root package: "com.facebook.all"  (in app: "i")
03:36:31 INFO  ProfileMatch              : 
03:36:31 INFO  ProfileMatch              :                 name: Facebook
03:36:31 INFO  ProfileMatch              :             category: SocialMedia
03:36:31 INFO  ProfileMatch              :              version: 4.42.0  [OLD VERSION]
03:36:31 INFO  ProfileMatch              :         release-date: 08.04.2019
03:36:31 INFO  ProfileMatch              :     lib root package: "com.facebook.all"  (in app: "i")
03:36:31 INFO  ProfileMatch              : 
03:36:31 INFO  ProfileMatch              :                 name: Facebook
03:36:31 INFO  ProfileMatch              :             category: SocialMedia
03:36:31 INFO  ProfileMatch              :              version: 5.0.0  [OLD VERSION]
03:36:31 INFO  ProfileMatch              :         release-date: 30.04.2019
03:36:31 INFO  ProfileMatch              :     lib root package: "com.facebook.all"  (in app: "i")
03:36:31 INFO  ProfileMatch              : 
03:36:31 INFO  ProfileMatch              :                 name: Facebook
03:36:31 INFO  ProfileMatch              :             category: SocialMedia
03:36:31 INFO  ProfileMatch              :              version: 5.0.1  [OLD VERSION]
03:36:31 INFO  ProfileMatch              :         release-date: 17.05.2019
03:36:31 INFO  ProfileMatch              :     lib root package: "com.facebook.all"  (in app: "i")
03:36:31 INFO  ProfileMatch              : 
03:36:31 INFO  ProfileMatch              :                 name: Facebook
03:36:31 INFO  ProfileMatch              :             category: SocialMedia
03:36:31 INFO  ProfileMatch              :              version: 5.0.2  [OLD VERSION]
03:36:31 INFO  ProfileMatch              :         release-date: 09.06.2019
03:36:31 INFO  ProfileMatch              :     lib root package: "com.facebook.all"  (in app: "i")
03:36:31 INFO  ProfileMatch              : 
03:36:31 INFO  ProfileMatch              :                 name: Facebook
03:36:31 INFO  ProfileMatch              :             category: SocialMedia
03:36:31 INFO  ProfileMatch              :              version: 5.0.3  [OLD VERSION]
03:36:31 INFO  ProfileMatch              :         release-date: 14.06.2019
03:36:31 INFO  ProfileMatch              :     lib root package: "com.facebook.all"  (in app: "i")
03:36:31 INFO  ProfileMatch              : 
03:36:31 INFO  ProfileMatch              :                 name: Facebook
03:36:31 INFO  ProfileMatch              :             category: SocialMedia
03:36:31 INFO  ProfileMatch              :              version: 5.1.0  [OLD VERSION]
03:36:31 INFO  ProfileMatch              :         release-date: 21.06.2019
03:36:31 INFO  ProfileMatch              :     lib root package: "com.facebook.all"  (in app: "i")
03:36:31 INFO  ProfileMatch              : 
03:36:31 INFO  ProfileMatch              :                 name: Facebook
03:36:31 INFO  ProfileMatch              :             category: SocialMedia
03:36:31 INFO  ProfileMatch              :              version: 5.1.1  [OLD VERSION]
03:36:31 INFO  ProfileMatch              :         release-date: 02.07.2019
03:36:31 INFO  ProfileMatch              :     lib root package: "com.facebook.all"  (in app: "i")
03:36:31 INFO  ProfileMatch              : 
03:36:31 INFO  ProfileMatch              :                 name: Facebook
03:36:31 INFO  ProfileMatch              :             category: SocialMedia
03:36:31 INFO  ProfileMatch              :              version: 5.2.0  [OLD VERSION]
03:36:31 INFO  ProfileMatch              :         release-date: 29.07.2019
03:36:31 INFO  ProfileMatch              :     lib root package: "com.facebook.all"  (in app: "i")
03:36:31 INFO  ProfileMatch              : 
03:36:31 INFO  ProfileMatch              :                 name: Facebook
03:36:31 INFO  ProfileMatch              :             category: SocialMedia
03:36:31 INFO  ProfileMatch              :              version: 5.4.0  [OLD VERSION]
03:36:31 INFO  ProfileMatch              :         release-date: 16.08.2019
03:36:31 INFO  ProfileMatch              :     lib root package: "com.facebook.all"  (in app: "i")
03:36:31 INFO  ProfileMatch              : 
03:36:31 INFO  ProfileMatch              :                 name: Facebook
03:36:31 INFO  ProfileMatch              :             category: SocialMedia
03:36:31 INFO  ProfileMatch              :              version: 5.5.0  [OLD VERSION]
03:36:31 INFO  ProfileMatch              :         release-date: 31.08.2019
03:36:31 INFO  ProfileMatch              :     lib root package: "com.facebook.all"  (in app: "i")
03:36:31 INFO  ProfileMatch              : 
03:36:31 INFO  ProfileMatch              :                 name: Facebook
03:36:31 INFO  ProfileMatch              :             category: SocialMedia
03:36:31 INFO  ProfileMatch              :              version: 5.5.1  [OLD VERSION]
03:36:31 INFO  ProfileMatch              :         release-date: 06.09.2019
03:36:31 INFO  ProfileMatch              :     lib root package: "com.facebook.all"  (in app: "i")
03:36:31 INFO  ProfileMatch              : 
03:36:31 INFO  ProfileMatch              :                 name: Facebook
03:36:31 INFO  ProfileMatch              :             category: SocialMedia
03:36:31 INFO  ProfileMatch              :              version: 5.5.2  [OLD VERSION]
03:36:31 INFO  ProfileMatch              :         release-date: 05.10.2019
03:36:31 INFO  ProfileMatch              :     lib root package: "com.facebook.all"  (in app: "i")
03:36:31 INFO  ProfileMatch              : 
03:36:31 INFO  ProfileMatch              :                 name: Facebook
03:36:31 INFO  ProfileMatch              :             category: SocialMedia
03:36:31 INFO  ProfileMatch              :              version: 5.8.0  [OLD VERSION]
03:36:31 INFO  ProfileMatch              :         release-date: 08.10.2019
03:36:31 INFO  ProfileMatch              :     lib root package: "com.facebook.all"  (in app: "i")
03:36:31 INFO  ProfileMatch              : 
03:36:31 INFO  ProfileMatch              :                 name: Facebook
03:36:31 INFO  ProfileMatch              :             category: SocialMedia
03:36:31 INFO  ProfileMatch              :              version: 5.9.0  [OLD VERSION]
03:36:31 INFO  ProfileMatch              :         release-date: 29.10.2019
03:36:31 INFO  ProfileMatch              :     lib root package: "com.facebook.all"  (in app: "i")
03:36:31 INFO  ProfileMatch              : 
03:36:31 INFO  ProfileMatch              :                 name: Facebook
03:36:31 INFO  ProfileMatch              :             category: SocialMedia
03:36:31 INFO  ProfileMatch              :              version: 5.11.0  [OLD VERSION]
03:36:31 INFO  ProfileMatch              :         release-date: 15.11.2019
03:36:31 INFO  ProfileMatch              :     lib root package: "com.facebook.all"  (in app: "i")
03:36:31 INFO  ProfileMatch              : 
03:36:31 INFO  ProfileMatch              :                 name: Facebook
03:36:31 INFO  ProfileMatch              :             category: SocialMedia
03:36:31 INFO  ProfileMatch              :              version: 5.11.1  [OLD VERSION]
03:36:31 INFO  ProfileMatch              :         release-date: 21.11.2019
03:36:31 INFO  ProfileMatch              :     lib root package: "com.facebook.all"  (in app: "i")
03:36:31 INFO  ProfileMatch              : 
03:36:31 INFO  ProfileMatch              :                 name: Facebook
03:36:31 INFO  ProfileMatch              :             category: SocialMedia
03:36:31 INFO  ProfileMatch              :              version: 5.11.2  [OLD VERSION]
03:36:31 INFO  ProfileMatch              :         release-date: 22.11.2019
03:36:31 INFO  ProfileMatch              :     lib root package: "com.facebook.all"  (in app: "i")
03:36:31 INFO  ProfileMatch              : 
03:36:31 INFO  ProfileMatch              :                 name: Facebook
03:36:31 INFO  ProfileMatch              :             category: SocialMedia
03:36:31 INFO  ProfileMatch              :              version: 5.12.0  [OLD VERSION]
03:36:31 INFO  ProfileMatch              :         release-date: 04.12.2019
03:36:31 INFO  ProfileMatch              :     lib root package: "com.facebook.all"  (in app: "i")
03:36:31 INFO  ProfileMatch              : 
03:36:31 INFO  ProfileMatch              :                 name: Facebook
03:36:31 INFO  ProfileMatch              :             category: SocialMedia
03:36:31 INFO  ProfileMatch              :              version: 5.12.1  [OLD VERSION]
03:36:31 INFO  ProfileMatch              :         release-date: 09.12.2019
03:36:31 INFO  ProfileMatch              :     lib root package: "com.facebook.all"  (in app: "i")
03:36:31 INFO  ProfileMatch              : 
03:36:31 INFO  ProfileMatch              :                 name: Facebook
03:36:31 INFO  ProfileMatch              :             category: SocialMedia
03:36:31 INFO  ProfileMatch              :              version: 5.13.0  [OLD VERSION]
03:36:31 INFO  ProfileMatch              :         release-date: 12.12.2019
03:36:31 INFO  ProfileMatch              :     lib root package: "com.facebook.all"  (in app: "i")
03:36:31 INFO  ProfileMatch              : 
03:36:31 INFO  ProfileMatch              :                 name: Facebook
03:36:31 INFO  ProfileMatch              :             category: SocialMedia
03:36:31 INFO  ProfileMatch              :              version: 5.15.0  [OLD VERSION]
03:36:31 INFO  ProfileMatch              :         release-date: 21.01.2020
03:36:31 INFO  ProfileMatch              :     lib root package: "com.facebook.all"  (in app: "i")
03:36:31 INFO  ProfileMatch              : 
03:36:31 INFO  ProfileMatch              :                 name: Facebook
03:36:31 INFO  ProfileMatch              :             category: SocialMedia
03:36:31 INFO  ProfileMatch              :              version: 5.15.1  [OLD VERSION]
03:36:31 INFO  ProfileMatch              :         release-date: 29.01.2020
03:36:31 INFO  ProfileMatch              :     lib root package: "com.facebook.all"  (in app: "i")
03:36:31 INFO  ProfileMatch              : 
03:36:31 INFO  ProfileMatch              :                 name: Facebook
03:36:31 INFO  ProfileMatch              :             category: SocialMedia
03:36:31 INFO  ProfileMatch              :              version: 5.15.2  [OLD VERSION]
03:36:31 INFO  ProfileMatch              :         release-date: 03.02.2020
03:36:31 INFO  ProfileMatch              :     lib root package: "com.facebook.all"  (in app: "i")
03:36:31 INFO  ProfileMatch              : 
03:36:31 INFO  ProfileMatch              :                 name: Facebook
03:36:31 INFO  ProfileMatch              :             category: SocialMedia
03:36:31 INFO  ProfileMatch              :              version: 5.15.3  [OLD VERSION]
03:36:31 INFO  ProfileMatch              :         release-date: 03.02.2020
03:36:31 INFO  ProfileMatch              :     lib root package: "com.facebook.all"  (in app: "i")
03:36:31 INFO  ProfileMatch              : 
03:36:31 INFO  ProfileMatch              :                 name: Facebook
03:36:31 INFO  ProfileMatch              :             category: SocialMedia
03:36:31 INFO  ProfileMatch              :              version: 6.0.0  [OLD VERSION]
03:36:31 INFO  ProfileMatch              :         release-date: 03.02.2020
03:36:31 INFO  ProfileMatch              :     lib root package: "com.facebook.all"  (in app: "i")
03:36:31 INFO  ProfileMatch              : 
03:36:31 INFO  ProfileMatch              :                 name: Facebook
03:36:31 INFO  ProfileMatch              :             category: SocialMedia
03:36:31 INFO  ProfileMatch              :              version: 6.1.0  [OLD VERSION]
03:36:31 INFO  ProfileMatch              :         release-date: 14.02.2020
03:36:31 INFO  ProfileMatch              :     lib root package: "com.facebook.all"  (in app: "i")
03:36:31 INFO  ProfileMatch              : 
03:36:31 INFO  ProfileMatch              :                 name: Facebook
03:36:31 INFO  ProfileMatch              :             category: SocialMedia
03:36:31 INFO  ProfileMatch              :              version: 6.2.0  [OLD VERSION]
03:36:31 INFO  ProfileMatch              :         release-date: 09.03.2020
03:36:31 INFO  ProfileMatch              :     lib root package: "com.facebook.all"  (in app: "i")
03:36:31 INFO  ProfileMatch              : 
03:36:31 INFO  ProfileMatch              :                 name: Facebook
03:36:31 INFO  ProfileMatch              :             category: SocialMedia
03:36:31 INFO  ProfileMatch              :              version: 6.3.0  [OLD VERSION]
03:36:31 INFO  ProfileMatch              :         release-date: 25.03.2020
03:36:31 INFO  ProfileMatch              :     lib root package: "com.facebook.all"  (in app: "i")
03:36:31 INFO  ProfileMatch              : 
03:36:31 INFO  ProfileMatch              :                 name: Facebook
03:36:31 INFO  ProfileMatch              :             category: SocialMedia
03:36:31 INFO  ProfileMatch              :              version: 6.4.0  [OLD VERSION]
03:36:31 INFO  ProfileMatch              :         release-date: 15.04.2020
03:36:31 INFO  ProfileMatch              :     lib root package: "com.facebook.all"  (in app: "i")
03:36:31 INFO  ProfileMatch              : 
03:36:31 INFO  ProfileMatch              :                 name: Facebook
03:36:31 INFO  ProfileMatch              :             category: SocialMedia
03:36:31 INFO  ProfileMatch              :              version: 6.5.0  [OLD VERSION]
03:36:31 INFO  ProfileMatch              :         release-date: 20.04.2020
03:36:31 INFO  ProfileMatch              :     lib root package: "com.facebook.all"  (in app: "i")
03:36:31 INFO  ProfileMatch              : 
03:36:31 INFO  ProfileMatch              :                 name: Facebook
03:36:31 INFO  ProfileMatch              :             category: SocialMedia
03:36:31 INFO  ProfileMatch              :              version: 6.5.1  [OLD VERSION]
03:36:31 INFO  ProfileMatch              :         release-date: 23.04.2020
03:36:31 INFO  ProfileMatch              :     lib root package: "com.facebook.all"  (in app: "i")
03:36:31 INFO  ProfileMatch              : 
03:36:31 INFO  ProfileMatch              :                 name: Facebook
03:36:31 INFO  ProfileMatch              :             category: SocialMedia
03:36:31 INFO  ProfileMatch              :              version: 7.0.0  [OLD VERSION]
03:36:31 INFO  ProfileMatch              :         release-date: 05.05.2020
03:36:31 INFO  ProfileMatch              :     lib root package: "com.facebook.all"  (in app: "i")
03:36:31 INFO  ProfileMatch              : 
03:36:31 INFO  ProfileMatch              :                 name: Facebook
03:36:31 INFO  ProfileMatch              :             category: SocialMedia
03:36:31 INFO  ProfileMatch              :              version: 7.0.1  [OLD VERSION]
03:36:31 INFO  ProfileMatch              :         release-date: 09.06.2020
03:36:31 INFO  ProfileMatch              :     lib root package: "com.facebook.all"  (in app: "i")
03:36:31 INFO  ProfileMatch              : 
03:36:31 INFO  ProfileMatch              :                 name: Facebook
03:36:31 INFO  ProfileMatch              :             category: SocialMedia
03:36:31 INFO  ProfileMatch              :              version: 7.1.0  [OLD VERSION]
03:36:31 INFO  ProfileMatch              :         release-date: 23.06.2020
03:36:31 INFO  ProfileMatch              :     lib root package: "com.facebook.all"  (in app: "i")
03:36:31 INFO  ProfileMatch              : 
03:36:31 INFO  ProfileMatch              :                 name: Facebook
03:36:31 INFO  ProfileMatch              :             category: SocialMedia
03:36:31 INFO  ProfileMatch              :              version: 8.0.0  [OLD VERSION]
03:36:31 INFO  ProfileMatch              :         release-date: 28.09.2020
03:36:31 INFO  ProfileMatch              :     lib root package: "com.facebook.all"  (in app: "i")
03:36:31 INFO  ProfileMatch              : 
03:36:31 INFO  ProfileMatch              :                 name: Facebook
03:36:31 INFO  ProfileMatch              :             category: SocialMedia
03:36:31 INFO  ProfileMatch              :              version: 8.1.0  [OLD VERSION]
03:36:31 INFO  ProfileMatch              :         release-date: 14.10.2020
03:36:31 INFO  ProfileMatch              :     lib root package: "com.facebook.all"  (in app: "i")
03:36:31 INFO  ProfileMatch              : 
03:36:31 INFO  ProfileMatch              :                 name: Facebook
03:36:31 INFO  ProfileMatch              :             category: SocialMedia
03:36:31 INFO  ProfileMatch              :              version: 8.2.0  [OLD VERSION]
03:36:31 INFO  ProfileMatch              :         release-date: 18.12.2020
03:36:31 INFO  ProfileMatch              :     lib root package: "com.facebook.all"  (in app: "i")
03:36:31 INFO  ProfileMatch              : 
03:36:31 INFO  ProfileMatch              :                 name: Facebook
03:36:31 INFO  ProfileMatch              :             category: SocialMedia
03:36:31 INFO  ProfileMatch              :              version: 9.0.0  [OLD VERSION]
03:36:31 INFO  ProfileMatch              :         release-date: 19.01.2021
03:36:31 INFO  ProfileMatch              :     lib root package: "com.facebook.all"  (in app: "i")
03:36:31 INFO  ProfileMatch              : 
03:36:31 INFO  ProfileMatch              :                 name: Facebook
03:36:31 INFO  ProfileMatch              :             category: SocialMedia
03:36:31 INFO  ProfileMatch              :              version: 9.1.0  [OLD VERSION]
03:36:31 INFO  ProfileMatch              :         release-date: 15.03.2021
03:36:31 INFO  ProfileMatch              :     lib root package: "com.facebook.all"  (in app: "i")
03:36:31 INFO  ProfileMatch              : 
03:36:31 INFO  ProfileMatch              :                 name: Facebook
03:36:31 INFO  ProfileMatch              :             category: SocialMedia
03:36:31 INFO  ProfileMatch              :              version: 9.1.1  [OLD VERSION]
03:36:31 INFO  ProfileMatch              :         release-date: 12.04.2021
03:36:31 INFO  ProfileMatch              :     lib root package: "com.facebook.all"  (in app: "i")
03:36:31 INFO  ProfileMatch              : 
03:36:31 INFO  ProfileMatch              :                 name: Facebook
03:36:31 INFO  ProfileMatch              :             category: SocialMedia
03:36:31 INFO  ProfileMatch              :              version: 11.0.0  [OLD VERSION]
03:36:31 INFO  ProfileMatch              :         release-date: 08.06.2021
03:36:31 INFO  ProfileMatch              :     lib root package: "com.facebook.all"  (in app: "i")
03:36:31 INFO  ProfileMatch              : 
03:36:31 INFO  ProfileMatch              :                 name: Facebook
03:36:31 INFO  ProfileMatch              :             category: SocialMedia
03:36:31 INFO  ProfileMatch              :              version: 11.1.0  [OLD VERSION]
03:36:31 INFO  ProfileMatch              :         release-date: 06.07.2021
03:36:31 INFO  ProfileMatch              :     lib root package: "com.facebook.all"  (in app: "i")
03:36:31 INFO  ProfileMatch              : 
03:36:31 INFO  ProfileMatch              :                 name: Facebook
03:36:31 INFO  ProfileMatch              :             category: SocialMedia
03:36:31 INFO  ProfileMatch              :              version: 11.1.1  [OLD VERSION]
03:36:31 INFO  ProfileMatch              :         release-date: 19.07.2021
03:36:31 INFO  ProfileMatch              :     lib root package: "com.facebook.all"  (in app: "i")
03:36:31 INFO  ProfileMatch              : 
03:36:31 INFO  ProfileMatch              :                 name: Facebook
03:36:31 INFO  ProfileMatch              :             category: SocialMedia
03:36:31 INFO  ProfileMatch              :              version: 11.2.0  [OLD VERSION]
03:36:31 INFO  ProfileMatch              :         release-date: 03.08.2021
03:36:31 INFO  ProfileMatch              :     lib root package: "com.facebook.all"  (in app: "i")
03:36:31 INFO  ProfileMatch              : 
03:36:31 INFO  ProfileMatch              :                 name: Facebook
03:36:31 INFO  ProfileMatch              :             category: SocialMedia
03:36:31 INFO  ProfileMatch              :              version: 11.3.0  [OLD VERSION]
03:36:31 INFO  ProfileMatch              :         release-date: 07.09.2021
03:36:31 INFO  ProfileMatch              :     lib root package: "com.facebook.all"  (in app: "i")
03:36:31 INFO  ProfileMatch              : 
03:36:31 INFO  ProfileMatch              :                 name: Facebook
03:36:31 INFO  ProfileMatch              :             category: SocialMedia
03:36:31 INFO  ProfileMatch              :              version: 12.0.0  [OLD VERSION]
03:36:31 INFO  ProfileMatch              :         release-date: 05.10.2021
03:36:31 INFO  ProfileMatch              :     lib root package: "com.facebook.all"  (in app: "i")
03:36:31 INFO  ProfileMatch              : 
03:36:31 INFO  ProfileMatch              :                 name: Facebook
03:36:31 INFO  ProfileMatch              :             category: SocialMedia
03:36:31 INFO  ProfileMatch              :              version: 12.0.1  [OLD VERSION]
03:36:31 INFO  ProfileMatch              :         release-date: 13.10.2021
03:36:31 INFO  ProfileMatch              :     lib root package: "com.facebook.all"  (in app: "i")
03:36:31 INFO  ProfileMatch              : 
03:36:31 INFO  ProfileMatch              :                 name: Facebook
03:36:31 INFO  ProfileMatch              :             category: SocialMedia
03:36:31 INFO  ProfileMatch              :              version: 12.1.0  [OLD VERSION]
03:36:31 INFO  ProfileMatch              :         release-date: 01.11.2021
03:36:31 INFO  ProfileMatch              :     lib root package: "com.facebook.all"  (in app: "i")
03:36:31 INFO  ProfileMatch              : 
03:36:31 INFO  ProfileMatch              :                 name: Facebook
03:36:31 INFO  ProfileMatch              :             category: SocialMedia
03:36:31 INFO  ProfileMatch              :              version: 12.2.0  [OLD VERSION]
03:36:31 INFO  ProfileMatch              :         release-date: 06.12.2021
03:36:31 INFO  ProfileMatch              :     lib root package: "com.facebook.all"  (in app: "i")
03:36:31 INFO  ProfileMatch              : 
03:36:31 INFO  ProfileMatch              :                 name: Facebook
03:36:31 INFO  ProfileMatch              :             category: SocialMedia
03:36:31 INFO  ProfileMatch              :              version: 12.3.0  [OLD VERSION]
03:36:31 INFO  ProfileMatch              :         release-date: 10.01.2022
03:36:31 INFO  ProfileMatch              :     lib root package: "com.facebook.all"  (in app: "i")
03:36:31 INFO  ProfileMatch              : 
03:36:31 INFO  ProfileMatch              :                 name: Facebook
03:36:31 INFO  ProfileMatch              :             category: SocialMedia
03:36:31 INFO  ProfileMatch              :              version: 13.0.0  [OLD VERSION]
03:36:31 INFO  ProfileMatch              :         release-date: 23.02.2022
03:36:31 INFO  ProfileMatch              :     lib root package: "com.facebook.all"  (in app: "i")
03:36:31 INFO  ProfileMatch              : 
03:36:31 INFO  ProfileMatch              :                 name: Facebook
03:36:31 INFO  ProfileMatch              :             category: SocialMedia
03:36:31 INFO  ProfileMatch              :              version: 13.1.0  [OLD VERSION]
03:36:31 INFO  ProfileMatch              :         release-date: 21.03.2022
03:36:31 INFO  ProfileMatch              :     lib root package: "com.facebook.all"  (in app: "i")
03:36:31 INFO  ProfileMatch              : 
03:36:31 INFO  ProfileMatch              :                 name: Facebook
03:36:31 INFO  ProfileMatch              :             category: SocialMedia
03:36:31 INFO  ProfileMatch              :              version: 13.2.0  [OLD VERSION]
03:36:31 INFO  ProfileMatch              :         release-date: 22.04.2022
03:36:31 INFO  ProfileMatch              :     lib root package: "com.facebook.all"  (in app: "i")
03:36:31 INFO  ProfileMatch              : 
03:36:31 INFO  ProfileMatch              :                 name: Facebook
03:36:31 INFO  ProfileMatch              :             category: SocialMedia
03:36:31 INFO  ProfileMatch              :              version: 14.0.0
03:36:31 INFO  ProfileMatch              :         release-date: 14.06.2022
03:36:31 INFO  ProfileMatch              :     lib root package: "com.facebook.all"  (in app: "i")
03:36:31 INFO  ProfileMatch              : 
03:36:32 INFO  LibraryIdentifier         : 
03:36:32 INFO  LibraryIdentifier         : - Partial library matches:
03:36:32 INFO  LibraryIdentifier         : 
03:36:32 INFO  LibraryIdentifier         : App processing time: 10 sec, 373 ms
