18:17:57 INFO  LibraryIdentifier         : Process app: com.punksta.apps.volumecontrol_32.apk
18:17:57 INFO  LibraryIdentifier         : = Manifest Parser =
18:17:57 INFO  LibraryIdentifier         :         Package name: com.punksta.apps.volumecontrol
18:17:57 INFO  LibraryIdentifier         :         Version code: 32
18:17:57 INFO  LibraryIdentifier         :        minSdkVersion: 15
18:17:57 INFO  LibraryIdentifier         :     targetSdkVersion: 30
18:17:57 INFO  LibraryIdentifier         :         SharedUserId:  - none -
18:17:57 INFO  LibraryIdentifier         :     Library dependencies:  - none -
18:17:57 INFO  LibraryIdentifier         : 
18:17:57 INFO  LibraryIdentifier         : Found 402 unique libraries in 12405 library profiles
18:17:57 INFO  LibraryIdentifier         : Generated class hierarchy (in 555 ms)
18:17:57 INFO  WalaUtils                 : 
18:17:57 INFO  WalaUtils                 : = ClassHierarchy Stats =
18:17:57 INFO  WalaUtils                 :     # of classes: 866
18:17:57 INFO  WalaUtils                 :     # thereof inner classes: 465
18:17:57 INFO  WalaUtils                 :     # thereof public classes: 405
18:17:57 INFO  WalaUtils                 :         Activity : 7
18:17:57 INFO  WalaUtils                 :         Application : 1
18:17:57 INFO  WalaUtils                 :         AsyncTask : 0
18:17:57 INFO  WalaUtils                 :         BroadcastReceiver : 3
18:17:57 INFO  WalaUtils                 :         ContentProvider : 0
18:17:57 INFO  WalaUtils                 :         Fragment : 1
18:17:57 INFO  WalaUtils                 :         Handler : 1
18:17:57 INFO  WalaUtils                 :         LayoutContainer : 29
18:17:57 INFO  WalaUtils                 :         Plain : 804
18:17:57 INFO  WalaUtils                 :         Runnable : 0
18:17:57 INFO  WalaUtils                 :         Service : 1
18:17:57 INFO  WalaUtils                 :         Thread : 1
18:17:57 INFO  WalaUtils                 :         View : 18
18:17:57 INFO  WalaUtils                 :     # methods: 6295
18:17:57 INFO  WalaUtils                 :         # of publicly accessible methods: 4023
18:17:57 INFO  WalaUtils                 :         # of non-accessible methods: 2272
18:17:57 INFO  WalaUtils                 : 
18:17:57 INFO  Profile                   : = PackageTree =
18:17:57 INFO  PackageTree               : Root Package: b
18:17:57 INFO  PackageTree               : └── Root
18:17:57 INFO  PackageTree               :     ├── androidx
18:17:57 INFO  PackageTree               :     │   ├── appcompat
18:17:57 INFO  PackageTree               :     │   │   ├── widget (167)
18:17:57 INFO  PackageTree               :     │   │   ├── app (65)
18:17:57 INFO  PackageTree               :     │   │   └── view
18:17:57 INFO  PackageTree               :     │   │       └── menu (43)
18:17:57 INFO  PackageTree               :     │   ├── lifecycle (43)
18:17:57 INFO  PackageTree               :     │   │   ├── x (1)
18:17:57 INFO  PackageTree               :     │   │   └── w (1)
18:17:57 INFO  PackageTree               :     │   ├── fragment
18:17:57 INFO  PackageTree               :     │   │   └── app (110)
18:17:57 INFO  PackageTree               :     │   ├── versionedparcelable (6)
18:17:57 INFO  PackageTree               :     │   ├── core
18:17:57 INFO  PackageTree               :     │   │   ├── app (40)
18:17:57 INFO  PackageTree               :     │   │   ├── widget (23)
18:17:57 INFO  PackageTree               :     │   │   └── graphics
18:17:57 INFO  PackageTree               :     │   │       └── drawable (8)
18:17:57 INFO  PackageTree               :     │   ├── activity (16)
18:17:57 INFO  PackageTree               :     │   │   ├── result (10)
18:17:57 INFO  PackageTree               :     │   │   │   └── f (3)
18:17:57 INFO  PackageTree               :     │   │   └── d (2)
18:17:57 INFO  PackageTree               :     │   ├── annotation (1)
18:17:57 INFO  PackageTree               :     │   └── savedstate (10)
18:17:57 INFO  PackageTree               :     ├── c
18:17:57 INFO  PackageTree               :     │   └── a
18:17:57 INFO  PackageTree               :     │       └── a
18:17:57 INFO  PackageTree               :     │           └── a (4)
18:17:57 INFO  PackageTree               :     ├── b
18:17:57 INFO  PackageTree               :     │   ├── a (10)
18:17:57 INFO  PackageTree               :     │   │   ├── n (14)
18:17:57 INFO  PackageTree               :     │   │   ├── l
18:17:57 INFO  PackageTree               :     │   │   │   └── a (15)
18:17:57 INFO  PackageTree               :     │   │   ├── k
18:17:57 INFO  PackageTree               :     │   │   │   └── a (2)
18:17:57 INFO  PackageTree               :     │   │   └── m (2)
18:17:57 INFO  PackageTree               :     │   ├── d (3)
18:17:57 INFO  PackageTree               :     │   │   ├── e (17)
18:17:57 INFO  PackageTree               :     │   │   ├── k (63)
18:17:57 INFO  PackageTree               :     │   │   │   ├── d0 (14)
18:17:57 INFO  PackageTree               :     │   │   │   └── e0 (10)
18:17:57 INFO  PackageTree               :     │   │   ├── f
18:17:57 INFO  PackageTree               :     │   │   │   └── a (3)
18:17:57 INFO  PackageTree               :     │   │   ├── d (3)
18:17:57 INFO  PackageTree               :     │   │   │   └── d (18)
18:17:57 INFO  PackageTree               :     │   │   ├── h (22)
18:17:57 INFO  PackageTree               :     │   │   ├── g (3)
18:17:57 INFO  PackageTree               :     │   │   ├── i (3)
18:17:57 INFO  PackageTree               :     │   │   └── j (4)
18:17:57 INFO  PackageTree               :     │   ├── j (2)
18:17:57 INFO  PackageTree               :     │   ├── c (15)
18:17:57 INFO  PackageTree               :     │   ├── k
18:17:57 INFO  PackageTree               :     │   │   └── a
18:17:57 INFO  PackageTree               :     │   │       └── a (20)
18:17:57 INFO  PackageTree               :     │   ├── g (3)
18:17:57 INFO  PackageTree               :     │   ├── b
18:17:57 INFO  PackageTree               :     │   │   └── a
18:17:57 INFO  PackageTree               :     │   │       ├── a (4)
18:17:57 INFO  PackageTree               :     │   │       └── b (8)
18:17:57 INFO  PackageTree               :     │   ├── f
18:17:57 INFO  PackageTree               :     │   │   └── a (3)
18:17:57 INFO  PackageTree               :     │   ├── i
18:17:57 INFO  PackageTree               :     │   │   ├── a (6)
18:17:57 INFO  PackageTree               :     │   │   └── b (1)
18:17:57 INFO  PackageTree               :     │   ├── e
18:17:57 INFO  PackageTree               :     │   │   └── a (6)
18:17:57 INFO  PackageTree               :     │   └── h
18:17:57 INFO  PackageTree               :     │       └── a
18:17:57 INFO  PackageTree               :     │           └── a (4)
18:17:57 INFO  PackageTree               :     ├── com
18:17:57 INFO  PackageTree               :     │   └── example
18:17:57 INFO  PackageTree               :     │       └── punksta
18:17:57 INFO  PackageTree               :     │           └── volumecontrol (10)
18:17:57 INFO  PackageTree               :     │               ├── x (3)
18:17:57 INFO  PackageTree               :     │               ├── w (2)
18:17:57 INFO  PackageTree               :     │               ├── y (8)
18:17:57 INFO  PackageTree               :     │               └── view (7)
18:17:57 INFO  PackageTree               :     └── android
18:17:57 INFO  PackageTree               :         └── support
18:17:57 INFO  PackageTree               :             └── v4
18:17:57 INFO  PackageTree               :                 ├── app (4)
18:17:57 INFO  PackageTree               :                 └── graphics
18:17:57 INFO  PackageTree               :                     └── drawable (1)
18:17:57 INFO  Profile                   : 
18:17:57 INFO  AppProfile                : - generated app package tree (in 20 ms)
18:17:57 INFO  AppProfile                : 
18:17:57 DEBUG HashTree                  : Generate hash tree..
18:17:58 DEBUG HashTree                  :     - generated 50 package hashes.
18:17:58 DEBUG HashTree                  :     - generated 838 clazz hashes.
18:17:58 DEBUG HashTree                  :     - generated 6295 method hashes.
18:17:58 DEBUG HashTree                  :     => Library Hash: e1d3fc3e9436eb45e2b0727f63dee8ec
18:17:58 INFO  AppProfile                : - generated app hash trees (in 133 ms)
18:17:58 INFO  AppProfile                : 
18:17:58 INFO  LibraryIdentifier         : = Scan for library root packages (heuristic) =
18:17:58 INFO  LibraryIdentifier         :     - Found lib root package androidx.annotation  (androidx.annotation::annotation)
18:17:58 INFO  LibraryIdentifier         :     - Found lib root package androidx.appcompat  (androidx.appcompat::appcompat)
18:17:58 INFO  LibraryIdentifier         :     - Found lib root package androidx.core  (androidx.core::core)
18:17:58 INFO  LibraryIdentifier         :     - Found lib root package androidx  (androidx.core::core-ktx)
18:17:58 INFO  LibraryIdentifier         :     - Found lib root package androidx.fragment.app  (androidx.fragment::fragment)
18:17:58 INFO  LibraryIdentifier         :     - Found lib root package androidx.fragment.app  (androidx.fragment::fragment-ktx)
18:17:58 INFO  LibraryIdentifier         :     - Found lib root package androidx.lifecycle  (androidx.lifecycle::lifecycle-common)
18:17:58 INFO  LibraryIdentifier         :     - Found lib root package androidx.lifecycle  (androidx.lifecycle::lifecycle-common-java8)
18:17:58 INFO  LibraryIdentifier         :     - Found lib root package androidx.lifecycle  (androidx.lifecycle::lifecycle-compiler)
18:17:58 INFO  LibraryIdentifier         :     - Found lib root package androidx.lifecycle  (androidx.lifecycle::lifecycle-extensions)
18:17:58 INFO  LibraryIdentifier         :     - Found lib root package androidx.lifecycle  (androidx.lifecycle::lifecycle-livedata)
18:17:58 INFO  LibraryIdentifier         :     - Found lib root package androidx.lifecycle  (androidx.lifecycle::lifecycle-livedata-core)
18:17:58 INFO  LibraryIdentifier         :     - Found lib root package androidx.lifecycle  (androidx.lifecycle::lifecycle-process)
18:17:58 INFO  LibraryIdentifier         :     - Found lib root package androidx.lifecycle  (androidx.lifecycle::lifecycle-reactivestreams)
18:17:58 INFO  LibraryIdentifier         :     - Found lib root package androidx.lifecycle  (androidx.lifecycle::lifecycle-reactivestreams-ktx)
18:17:58 INFO  LibraryIdentifier         :     - Found lib root package androidx.lifecycle  (androidx.lifecycle::lifecycle-runtime)
18:17:58 INFO  LibraryIdentifier         :     - Found lib root package androidx.lifecycle  (androidx.lifecycle::lifecycle-service)
18:17:58 INFO  LibraryIdentifier         :     - Found lib root package androidx.lifecycle  (androidx.lifecycle::lifecycle-viewmodel)
18:17:58 INFO  LibraryIdentifier         :     - Found lib root package androidx.lifecycle  (androidx.lifecycle::lifecycle-viewmodel-ktx)
18:17:58 INFO  LibraryIdentifier         :     - Found lib root package androidx.versionedparcelable  (androidx.versionedparcelable::versionedparcelable)
18:17:58 INFO  LibraryIdentifier         :     - Found lib root package android.support.v4  (com.android.support::customview)
18:17:58 INFO  LibraryIdentifier         :     - Found lib root package android.support.v4  (com.android.support::loader)
18:17:58 INFO  LibraryIdentifier         :     - Found lib root package android.support.v4  (com.android.support::support-compat)
18:17:58 INFO  LibraryIdentifier         :     - Found lib root package android.support.v4  (com.android.support::support-core-ui)
18:17:58 INFO  LibraryIdentifier         :     - Found lib root package android.support.v4  (com.android.support::support-core-utils)
18:17:58 INFO  LibraryIdentifier         :     - Found lib root package android.support.v4.app  (com.android.support::support-fragment)
18:17:58 INFO  LibraryIdentifier         :     - Found lib root package android.support.v4  (com.android.support::support-v4)
18:17:58 INFO  LibraryIdentifier         :     - Found lib root package androidx.versionedparcelable  (com.android.support::versionedparcelable)
18:17:58 INFO  LibraryIdentifier         : 
18:17:58 INFO  LibraryIdentifier         : = Match profiles =
18:18:06 INFO  LibraryIdentifier         :     >> profile matching done (8 sec, 141 ms)
18:18:06 INFO  LibraryIdentifier         : 
18:18:06 INFO  LibraryIdentifier         : == Report ==
18:18:06 INFO  LibraryIdentifier         : - Full library matches:
18:18:06 INFO  ProfileMatch              :                 name: com.google.firebase::firebase-ml-vision-image-label-model
18:18:06 INFO  ProfileMatch              :             category: Android
18:18:06 INFO  ProfileMatch              :              version: 20.0.0  [OLD VERSION]
18:18:06 INFO  ProfileMatch              :         release-date:  --
18:18:06 INFO  ProfileMatch              :     lib root package: "com.google.firebase.ml.vision.imagelabel"  (in app: "b")
18:18:06 INFO  ProfileMatch              : 
18:18:06 INFO  ProfileMatch              :                 name: com.google.firebase::firebase-ml-vision-image-label-model
18:18:06 INFO  ProfileMatch              :             category: Android
18:18:06 INFO  ProfileMatch              :              version: 20.0.1  [OLD VERSION]
18:18:06 INFO  ProfileMatch              :         release-date:  --
18:18:06 INFO  ProfileMatch              :     lib root package: "com.google.firebase.ml.vision.imagelabel"  (in app: "b")
18:18:06 INFO  ProfileMatch              : 
18:18:06 INFO  ProfileMatch              :                 name: com.google.firebase::firebase-ml-vision-image-label-model
18:18:06 INFO  ProfileMatch              :             category: Android
18:18:06 INFO  ProfileMatch              :              version: 20.0.2
18:18:06 INFO  ProfileMatch              :         release-date:  --
18:18:06 INFO  ProfileMatch              :     lib root package: "com.google.firebase.ml.vision.imagelabel"  (in app: "b")
18:18:06 INFO  ProfileMatch              : 
18:18:06 INFO  ProfileMatch              :                 name: com.android.support::interpolator
18:18:06 INFO  ProfileMatch              :             category: Android
18:18:06 INFO  ProfileMatch              :              version: 28.0.0
18:18:06 INFO  ProfileMatch              :         release-date:  --
18:18:06 INFO  ProfileMatch              :     lib root package: "android.support.v4.view.animation"  (in app: "b.h.a.a")
18:18:06 INFO  ProfileMatch              : 
18:18:06 INFO  ProfileMatch              :                 name: androidx.interpolator::interpolator
18:18:06 INFO  ProfileMatch              :             category: Android
18:18:06 INFO  ProfileMatch              :              version: 1.0.0
18:18:06 INFO  ProfileMatch              :         release-date:  --
18:18:06 INFO  ProfileMatch              :     lib root package: "androidx.interpolator.view.animation"  (in app: "b.h.a.a")
18:18:06 INFO  ProfileMatch              : 
18:18:06 INFO  ProfileMatch              :                 name: Facebook
18:18:06 INFO  ProfileMatch              :             category: SocialMedia
18:18:06 INFO  ProfileMatch              :              version: 4.27.0  [OLD VERSION]
18:18:06 INFO  ProfileMatch              :         release-date: 26.09.2017
18:18:06 INFO  ProfileMatch              :     lib root package: "com.facebook.all"  (in app: "b")
18:18:06 INFO  ProfileMatch              : 
18:18:06 INFO  ProfileMatch              :                 name: Facebook
18:18:06 INFO  ProfileMatch              :             category: SocialMedia
18:18:06 INFO  ProfileMatch              :              version: 4.28.0  [OLD VERSION]
18:18:06 INFO  ProfileMatch              :         release-date: 07.11.2017
18:18:06 INFO  ProfileMatch              :     lib root package: "com.facebook.all"  (in app: "b")
18:18:06 INFO  ProfileMatch              : 
18:18:06 INFO  ProfileMatch              :                 name: Facebook
18:18:06 INFO  ProfileMatch              :             category: SocialMedia
18:18:06 INFO  ProfileMatch              :              version: 4.29.0  [OLD VERSION]
18:18:06 INFO  ProfileMatch              :         release-date: 05.12.2017
18:18:06 INFO  ProfileMatch              :     lib root package: "com.facebook.all"  (in app: "b")
18:18:06 INFO  ProfileMatch              : 
18:18:06 INFO  ProfileMatch              :                 name: Facebook
18:18:06 INFO  ProfileMatch              :             category: SocialMedia
18:18:06 INFO  ProfileMatch              :              version: 4.30.0  [OLD VERSION]
18:18:06 INFO  ProfileMatch              :         release-date: 24.01.2018
18:18:06 INFO  ProfileMatch              :     lib root package: "com.facebook.all"  (in app: "b")
18:18:06 INFO  ProfileMatch              : 
18:18:06 INFO  ProfileMatch              :                 name: Facebook
18:18:06 INFO  ProfileMatch              :             category: SocialMedia
18:18:06 INFO  ProfileMatch              :              version: 4.31.0  [OLD VERSION]
18:18:06 INFO  ProfileMatch              :         release-date: 28.02.2018
18:18:06 INFO  ProfileMatch              :     lib root package: "com.facebook.all"  (in app: "b")
18:18:06 INFO  ProfileMatch              : 
18:18:06 INFO  ProfileMatch              :                 name: Facebook
18:18:06 INFO  ProfileMatch              :             category: SocialMedia
18:18:06 INFO  ProfileMatch              :              version: 4.32.0  [OLD VERSION]
18:18:06 INFO  ProfileMatch              :         release-date: 11.04.2018
18:18:06 INFO  ProfileMatch              :     lib root package: "com.facebook.all"  (in app: "b")
18:18:06 INFO  ProfileMatch              : 
18:18:06 INFO  ProfileMatch              :                 name: Facebook
18:18:06 INFO  ProfileMatch              :             category: SocialMedia
18:18:06 INFO  ProfileMatch              :              version: 4.33.0  [OLD VERSION]
18:18:06 INFO  ProfileMatch              :         release-date: 01.05.2018
18:18:06 INFO  ProfileMatch              :     lib root package: "com.facebook.all"  (in app: "b")
18:18:06 INFO  ProfileMatch              : 
18:18:06 INFO  ProfileMatch              :                 name: Facebook
18:18:06 INFO  ProfileMatch              :             category: SocialMedia
18:18:06 INFO  ProfileMatch              :              version: 4.34.0  [OLD VERSION]
18:18:06 INFO  ProfileMatch              :         release-date: 19.06.2018
18:18:06 INFO  ProfileMatch              :     lib root package: "com.facebook.all"  (in app: "b")
18:18:06 INFO  ProfileMatch              : 
18:18:06 INFO  ProfileMatch              :                 name: Facebook
18:18:06 INFO  ProfileMatch              :             category: SocialMedia
18:18:06 INFO  ProfileMatch              :              version: 4.35.0  [OLD VERSION]
18:18:06 INFO  ProfileMatch              :         release-date: 26.07.2018
18:18:06 INFO  ProfileMatch              :     lib root package: "com.facebook.all"  (in app: "b")
18:18:06 INFO  ProfileMatch              : 
18:18:06 INFO  ProfileMatch              :                 name: Facebook
18:18:06 INFO  ProfileMatch              :             category: SocialMedia
18:18:06 INFO  ProfileMatch              :              version: 4.36.0  [OLD VERSION]
18:18:06 INFO  ProfileMatch              :         release-date: 29.08.2018
18:18:06 INFO  ProfileMatch              :     lib root package: "com.facebook.all"  (in app: "b")
18:18:06 INFO  ProfileMatch              : 
18:18:06 INFO  ProfileMatch              :                 name: Facebook
18:18:06 INFO  ProfileMatch              :             category: SocialMedia
18:18:06 INFO  ProfileMatch              :              version: 4.36.1  [OLD VERSION]
18:18:06 INFO  ProfileMatch              :         release-date: 15.09.2018
18:18:06 INFO  ProfileMatch              :     lib root package: "com.facebook.all"  (in app: "b")
18:18:06 INFO  ProfileMatch              : 
18:18:06 INFO  ProfileMatch              :                 name: Facebook
18:18:06 INFO  ProfileMatch              :             category: SocialMedia
18:18:06 INFO  ProfileMatch              :              version: 4.37.0  [OLD VERSION]
18:18:06 INFO  ProfileMatch              :         release-date: 27.09.2018
18:18:06 INFO  ProfileMatch              :     lib root package: "com.facebook.all"  (in app: "b")
18:18:06 INFO  ProfileMatch              : 
18:18:06 INFO  ProfileMatch              :                 name: Facebook
18:18:06 INFO  ProfileMatch              :             category: SocialMedia
18:18:06 INFO  ProfileMatch              :              version: 4.38.0  [OLD VERSION]
18:18:06 INFO  ProfileMatch              :         release-date: 23.10.2018
18:18:06 INFO  ProfileMatch              :     lib root package: "com.facebook.all"  (in app: "b")
18:18:06 INFO  ProfileMatch              : 
18:18:06 INFO  ProfileMatch              :                 name: Facebook
18:18:06 INFO  ProfileMatch              :             category: SocialMedia
18:18:06 INFO  ProfileMatch              :              version: 4.38.1  [OLD VERSION]
18:18:06 INFO  ProfileMatch              :         release-date: 31.10.2018
18:18:06 INFO  ProfileMatch              :     lib root package: "com.facebook.all"  (in app: "b")
18:18:06 INFO  ProfileMatch              : 
18:18:06 INFO  ProfileMatch              :                 name: Facebook
18:18:06 INFO  ProfileMatch              :             category: SocialMedia
18:18:06 INFO  ProfileMatch              :              version: 4.39.0  [OLD VERSION]
18:18:06 INFO  ProfileMatch              :         release-date: 05.12.2018
18:18:06 INFO  ProfileMatch              :     lib root package: "com.facebook.all"  (in app: "b")
18:18:06 INFO  ProfileMatch              : 
18:18:06 INFO  ProfileMatch              :                 name: Facebook
18:18:06 INFO  ProfileMatch              :             category: SocialMedia
18:18:06 INFO  ProfileMatch              :              version: 4.40.0  [OLD VERSION]
18:18:06 INFO  ProfileMatch              :         release-date: 22.01.2019
18:18:06 INFO  ProfileMatch              :     lib root package: "com.facebook.all"  (in app: "b")
18:18:06 INFO  ProfileMatch              : 
18:18:06 INFO  ProfileMatch              :                 name: Facebook
18:18:06 INFO  ProfileMatch              :             category: SocialMedia
18:18:06 INFO  ProfileMatch              :              version: 4.41.0  [OLD VERSION]
18:18:06 INFO  ProfileMatch              :         release-date: 08.03.2019
18:18:06 INFO  ProfileMatch              :     lib root package: "com.facebook.all"  (in app: "b")
18:18:06 INFO  ProfileMatch              : 
18:18:06 INFO  ProfileMatch              :                 name: Facebook
18:18:06 INFO  ProfileMatch              :             category: SocialMedia
18:18:06 INFO  ProfileMatch              :              version: 4.42.0  [OLD VERSION]
18:18:06 INFO  ProfileMatch              :         release-date: 08.04.2019
18:18:06 INFO  ProfileMatch              :     lib root package: "com.facebook.all"  (in app: "b")
18:18:06 INFO  ProfileMatch              : 
18:18:06 INFO  ProfileMatch              :                 name: Facebook
18:18:06 INFO  ProfileMatch              :             category: SocialMedia
18:18:06 INFO  ProfileMatch              :              version: 5.0.0  [OLD VERSION]
18:18:06 INFO  ProfileMatch              :         release-date: 30.04.2019
18:18:06 INFO  ProfileMatch              :     lib root package: "com.facebook.all"  (in app: "b")
18:18:06 INFO  ProfileMatch              : 
18:18:06 INFO  ProfileMatch              :                 name: Facebook
18:18:06 INFO  ProfileMatch              :             category: SocialMedia
18:18:06 INFO  ProfileMatch              :              version: 5.0.1  [OLD VERSION]
18:18:06 INFO  ProfileMatch              :         release-date: 17.05.2019
18:18:06 INFO  ProfileMatch              :     lib root package: "com.facebook.all"  (in app: "b")
18:18:06 INFO  ProfileMatch              : 
18:18:06 INFO  ProfileMatch              :                 name: Facebook
18:18:06 INFO  ProfileMatch              :             category: SocialMedia
18:18:06 INFO  ProfileMatch              :              version: 5.0.2  [OLD VERSION]
18:18:06 INFO  ProfileMatch              :         release-date: 09.06.2019
18:18:06 INFO  ProfileMatch              :     lib root package: "com.facebook.all"  (in app: "b")
18:18:06 INFO  ProfileMatch              : 
18:18:06 INFO  ProfileMatch              :                 name: Facebook
18:18:06 INFO  ProfileMatch              :             category: SocialMedia
18:18:06 INFO  ProfileMatch              :              version: 5.0.3  [OLD VERSION]
18:18:06 INFO  ProfileMatch              :         release-date: 14.06.2019
18:18:06 INFO  ProfileMatch              :     lib root package: "com.facebook.all"  (in app: "b")
18:18:06 INFO  ProfileMatch              : 
18:18:06 INFO  ProfileMatch              :                 name: Facebook
18:18:06 INFO  ProfileMatch              :             category: SocialMedia
18:18:06 INFO  ProfileMatch              :              version: 5.1.0  [OLD VERSION]
18:18:06 INFO  ProfileMatch              :         release-date: 21.06.2019
18:18:06 INFO  ProfileMatch              :     lib root package: "com.facebook.all"  (in app: "b")
18:18:06 INFO  ProfileMatch              : 
18:18:06 INFO  ProfileMatch              :                 name: Facebook
18:18:06 INFO  ProfileMatch              :             category: SocialMedia
18:18:06 INFO  ProfileMatch              :              version: 5.1.1  [OLD VERSION]
18:18:06 INFO  ProfileMatch              :         release-date: 02.07.2019
18:18:06 INFO  ProfileMatch              :     lib root package: "com.facebook.all"  (in app: "b")
18:18:06 INFO  ProfileMatch              : 
18:18:06 INFO  ProfileMatch              :                 name: Facebook
18:18:06 INFO  ProfileMatch              :             category: SocialMedia
18:18:06 INFO  ProfileMatch              :              version: 5.2.0  [OLD VERSION]
18:18:06 INFO  ProfileMatch              :         release-date: 29.07.2019
18:18:06 INFO  ProfileMatch              :     lib root package: "com.facebook.all"  (in app: "b")
18:18:06 INFO  ProfileMatch              : 
18:18:06 INFO  ProfileMatch              :                 name: Facebook
18:18:06 INFO  ProfileMatch              :             category: SocialMedia
18:18:06 INFO  ProfileMatch              :              version: 5.4.0  [OLD VERSION]
18:18:06 INFO  ProfileMatch              :         release-date: 16.08.2019
18:18:06 INFO  ProfileMatch              :     lib root package: "com.facebook.all"  (in app: "b")
18:18:06 INFO  ProfileMatch              : 
18:18:06 INFO  ProfileMatch              :                 name: Facebook
18:18:06 INFO  ProfileMatch              :             category: SocialMedia
18:18:06 INFO  ProfileMatch              :              version: 5.5.0  [OLD VERSION]
18:18:06 INFO  ProfileMatch              :         release-date: 31.08.2019
18:18:06 INFO  ProfileMatch              :     lib root package: "com.facebook.all"  (in app: "b")
18:18:06 INFO  ProfileMatch              : 
18:18:06 INFO  ProfileMatch              :                 name: Facebook
18:18:06 INFO  ProfileMatch              :             category: SocialMedia
18:18:06 INFO  ProfileMatch              :              version: 5.5.1  [OLD VERSION]
18:18:06 INFO  ProfileMatch              :         release-date: 06.09.2019
18:18:06 INFO  ProfileMatch              :     lib root package: "com.facebook.all"  (in app: "b")
18:18:06 INFO  ProfileMatch              : 
18:18:06 INFO  ProfileMatch              :                 name: Facebook
18:18:06 INFO  ProfileMatch              :             category: SocialMedia
18:18:06 INFO  ProfileMatch              :              version: 5.5.2  [OLD VERSION]
18:18:06 INFO  ProfileMatch              :         release-date: 05.10.2019
18:18:06 INFO  ProfileMatch              :     lib root package: "com.facebook.all"  (in app: "b")
18:18:06 INFO  ProfileMatch              : 
18:18:06 INFO  ProfileMatch              :                 name: Facebook
18:18:06 INFO  ProfileMatch              :             category: SocialMedia
18:18:06 INFO  ProfileMatch              :              version: 5.8.0  [OLD VERSION]
18:18:06 INFO  ProfileMatch              :         release-date: 08.10.2019
18:18:06 INFO  ProfileMatch              :     lib root package: "com.facebook.all"  (in app: "b")
18:18:06 INFO  ProfileMatch              : 
18:18:06 INFO  ProfileMatch              :                 name: Facebook
18:18:06 INFO  ProfileMatch              :             category: SocialMedia
18:18:06 INFO  ProfileMatch              :              version: 5.9.0  [OLD VERSION]
18:18:06 INFO  ProfileMatch              :         release-date: 29.10.2019
18:18:06 INFO  ProfileMatch              :     lib root package: "com.facebook.all"  (in app: "b")
18:18:06 INFO  ProfileMatch              : 
18:18:06 INFO  ProfileMatch              :                 name: Facebook
18:18:06 INFO  ProfileMatch              :             category: SocialMedia
18:18:06 INFO  ProfileMatch              :              version: 5.11.0  [OLD VERSION]
18:18:06 INFO  ProfileMatch              :         release-date: 15.11.2019
18:18:06 INFO  ProfileMatch              :     lib root package: "com.facebook.all"  (in app: "b")
18:18:06 INFO  ProfileMatch              : 
18:18:06 INFO  ProfileMatch              :                 name: Facebook
18:18:06 INFO  ProfileMatch              :             category: SocialMedia
18:18:06 INFO  ProfileMatch              :              version: 5.11.1  [OLD VERSION]
18:18:06 INFO  ProfileMatch              :         release-date: 21.11.2019
18:18:06 INFO  ProfileMatch              :     lib root package: "com.facebook.all"  (in app: "b")
18:18:06 INFO  ProfileMatch              : 
18:18:06 INFO  ProfileMatch              :                 name: Facebook
18:18:06 INFO  ProfileMatch              :             category: SocialMedia
18:18:06 INFO  ProfileMatch              :              version: 5.11.2  [OLD VERSION]
18:18:06 INFO  ProfileMatch              :         release-date: 22.11.2019
18:18:06 INFO  ProfileMatch              :     lib root package: "com.facebook.all"  (in app: "b")
18:18:06 INFO  ProfileMatch              : 
18:18:06 INFO  ProfileMatch              :                 name: Facebook
18:18:06 INFO  ProfileMatch              :             category: SocialMedia
18:18:06 INFO  ProfileMatch              :              version: 5.12.0  [OLD VERSION]
18:18:06 INFO  ProfileMatch              :         release-date: 04.12.2019
18:18:06 INFO  ProfileMatch              :     lib root package: "com.facebook.all"  (in app: "b")
18:18:06 INFO  ProfileMatch              : 
18:18:06 INFO  ProfileMatch              :                 name: Facebook
18:18:06 INFO  ProfileMatch              :             category: SocialMedia
18:18:06 INFO  ProfileMatch              :              version: 5.12.1  [OLD VERSION]
18:18:06 INFO  ProfileMatch              :         release-date: 09.12.2019
18:18:06 INFO  ProfileMatch              :     lib root package: "com.facebook.all"  (in app: "b")
18:18:06 INFO  ProfileMatch              : 
18:18:06 INFO  ProfileMatch              :                 name: Facebook
18:18:06 INFO  ProfileMatch              :             category: SocialMedia
18:18:06 INFO  ProfileMatch              :              version: 5.13.0  [OLD VERSION]
18:18:06 INFO  ProfileMatch              :         release-date: 12.12.2019
18:18:06 INFO  ProfileMatch              :     lib root package: "com.facebook.all"  (in app: "b")
18:18:06 INFO  ProfileMatch              : 
18:18:06 INFO  ProfileMatch              :                 name: Facebook
18:18:06 INFO  ProfileMatch              :             category: SocialMedia
18:18:06 INFO  ProfileMatch              :              version: 5.15.0  [OLD VERSION]
18:18:06 INFO  ProfileMatch              :         release-date: 21.01.2020
18:18:06 INFO  ProfileMatch              :     lib root package: "com.facebook.all"  (in app: "b")
18:18:06 INFO  ProfileMatch              : 
18:18:06 INFO  ProfileMatch              :                 name: Facebook
18:18:06 INFO  ProfileMatch              :             category: SocialMedia
18:18:06 INFO  ProfileMatch              :              version: 5.15.1  [OLD VERSION]
18:18:06 INFO  ProfileMatch              :         release-date: 29.01.2020
18:18:06 INFO  ProfileMatch              :     lib root package: "com.facebook.all"  (in app: "b")
18:18:06 INFO  ProfileMatch              : 
18:18:06 INFO  ProfileMatch              :                 name: Facebook
18:18:06 INFO  ProfileMatch              :             category: SocialMedia
18:18:06 INFO  ProfileMatch              :              version: 5.15.2  [OLD VERSION]
18:18:06 INFO  ProfileMatch              :         release-date: 03.02.2020
18:18:06 INFO  ProfileMatch              :     lib root package: "com.facebook.all"  (in app: "b")
18:18:06 INFO  ProfileMatch              : 
18:18:06 INFO  ProfileMatch              :                 name: Facebook
18:18:06 INFO  ProfileMatch              :             category: SocialMedia
18:18:06 INFO  ProfileMatch              :              version: 5.15.3  [OLD VERSION]
18:18:06 INFO  ProfileMatch              :         release-date: 03.02.2020
18:18:06 INFO  ProfileMatch              :     lib root package: "com.facebook.all"  (in app: "b")
18:18:06 INFO  ProfileMatch              : 
18:18:06 INFO  ProfileMatch              :                 name: Facebook
18:18:06 INFO  ProfileMatch              :             category: SocialMedia
18:18:06 INFO  ProfileMatch              :              version: 6.0.0  [OLD VERSION]
18:18:06 INFO  ProfileMatch              :         release-date: 03.02.2020
18:18:06 INFO  ProfileMatch              :     lib root package: "com.facebook.all"  (in app: "b")
18:18:06 INFO  ProfileMatch              : 
18:18:06 INFO  ProfileMatch              :                 name: Facebook
18:18:06 INFO  ProfileMatch              :             category: SocialMedia
18:18:06 INFO  ProfileMatch              :              version: 6.1.0  [OLD VERSION]
18:18:06 INFO  ProfileMatch              :         release-date: 14.02.2020
18:18:06 INFO  ProfileMatch              :     lib root package: "com.facebook.all"  (in app: "b")
18:18:06 INFO  ProfileMatch              : 
18:18:06 INFO  ProfileMatch              :                 name: Facebook
18:18:06 INFO  ProfileMatch              :             category: SocialMedia
18:18:06 INFO  ProfileMatch              :              version: 6.2.0  [OLD VERSION]
18:18:06 INFO  ProfileMatch              :         release-date: 09.03.2020
18:18:06 INFO  ProfileMatch              :     lib root package: "com.facebook.all"  (in app: "b")
18:18:06 INFO  ProfileMatch              : 
18:18:06 INFO  ProfileMatch              :                 name: Facebook
18:18:06 INFO  ProfileMatch              :             category: SocialMedia
18:18:06 INFO  ProfileMatch              :              version: 6.3.0  [OLD VERSION]
18:18:06 INFO  ProfileMatch              :         release-date: 25.03.2020
18:18:06 INFO  ProfileMatch              :     lib root package: "com.facebook.all"  (in app: "b")
18:18:06 INFO  ProfileMatch              : 
18:18:06 INFO  ProfileMatch              :                 name: Facebook
18:18:06 INFO  ProfileMatch              :             category: SocialMedia
18:18:06 INFO  ProfileMatch              :              version: 6.4.0  [OLD VERSION]
18:18:06 INFO  ProfileMatch              :         release-date: 15.04.2020
18:18:06 INFO  ProfileMatch              :     lib root package: "com.facebook.all"  (in app: "b")
18:18:06 INFO  ProfileMatch              : 
18:18:06 INFO  ProfileMatch              :                 name: Facebook
18:18:06 INFO  ProfileMatch              :             category: SocialMedia
18:18:06 INFO  ProfileMatch              :              version: 6.5.0  [OLD VERSION]
18:18:06 INFO  ProfileMatch              :         release-date: 20.04.2020
18:18:06 INFO  ProfileMatch              :     lib root package: "com.facebook.all"  (in app: "b")
18:18:06 INFO  ProfileMatch              : 
18:18:06 INFO  ProfileMatch              :                 name: Facebook
18:18:06 INFO  ProfileMatch              :             category: SocialMedia
18:18:06 INFO  ProfileMatch              :              version: 6.5.1  [OLD VERSION]
18:18:06 INFO  ProfileMatch              :         release-date: 23.04.2020
18:18:06 INFO  ProfileMatch              :     lib root package: "com.facebook.all"  (in app: "b")
18:18:06 INFO  ProfileMatch              : 
18:18:06 INFO  ProfileMatch              :                 name: Facebook
18:18:06 INFO  ProfileMatch              :             category: SocialMedia
18:18:06 INFO  ProfileMatch              :              version: 7.0.0  [OLD VERSION]
18:18:06 INFO  ProfileMatch              :         release-date: 05.05.2020
18:18:06 INFO  ProfileMatch              :     lib root package: "com.facebook.all"  (in app: "b")
18:18:06 INFO  ProfileMatch              : 
18:18:06 INFO  ProfileMatch              :                 name: Facebook
18:18:06 INFO  ProfileMatch              :             category: SocialMedia
18:18:06 INFO  ProfileMatch              :              version: 7.0.1  [OLD VERSION]
18:18:06 INFO  ProfileMatch              :         release-date: 09.06.2020
18:18:06 INFO  ProfileMatch              :     lib root package: "com.facebook.all"  (in app: "b")
18:18:06 INFO  ProfileMatch              : 
18:18:06 INFO  ProfileMatch              :                 name: Facebook
18:18:06 INFO  ProfileMatch              :             category: SocialMedia
18:18:06 INFO  ProfileMatch              :              version: 7.1.0  [OLD VERSION]
18:18:06 INFO  ProfileMatch              :         release-date: 23.06.2020
18:18:06 INFO  ProfileMatch              :     lib root package: "com.facebook.all"  (in app: "b")
18:18:06 INFO  ProfileMatch              : 
18:18:06 INFO  ProfileMatch              :                 name: Facebook
18:18:06 INFO  ProfileMatch              :             category: SocialMedia
18:18:06 INFO  ProfileMatch              :              version: 8.0.0  [OLD VERSION]
18:18:06 INFO  ProfileMatch              :         release-date: 28.09.2020
18:18:06 INFO  ProfileMatch              :     lib root package: "com.facebook.all"  (in app: "b")
18:18:06 INFO  ProfileMatch              : 
18:18:06 INFO  ProfileMatch              :                 name: Facebook
18:18:06 INFO  ProfileMatch              :             category: SocialMedia
18:18:06 INFO  ProfileMatch              :              version: 8.1.0  [OLD VERSION]
18:18:06 INFO  ProfileMatch              :         release-date: 14.10.2020
18:18:06 INFO  ProfileMatch              :     lib root package: "com.facebook.all"  (in app: "b")
18:18:06 INFO  ProfileMatch              : 
18:18:06 INFO  ProfileMatch              :                 name: Facebook
18:18:06 INFO  ProfileMatch              :             category: SocialMedia
18:18:06 INFO  ProfileMatch              :              version: 8.2.0  [OLD VERSION]
18:18:06 INFO  ProfileMatch              :         release-date: 18.12.2020
18:18:06 INFO  ProfileMatch              :     lib root package: "com.facebook.all"  (in app: "b")
18:18:06 INFO  ProfileMatch              : 
18:18:06 INFO  ProfileMatch              :                 name: Facebook
18:18:06 INFO  ProfileMatch              :             category: SocialMedia
18:18:06 INFO  ProfileMatch              :              version: 9.0.0  [OLD VERSION]
18:18:06 INFO  ProfileMatch              :         release-date: 19.01.2021
18:18:06 INFO  ProfileMatch              :     lib root package: "com.facebook.all"  (in app: "b")
18:18:06 INFO  ProfileMatch              : 
18:18:06 INFO  ProfileMatch              :                 name: Facebook
18:18:06 INFO  ProfileMatch              :             category: SocialMedia
18:18:06 INFO  ProfileMatch              :              version: 9.1.0  [OLD VERSION]
18:18:06 INFO  ProfileMatch              :         release-date: 15.03.2021
18:18:06 INFO  ProfileMatch              :     lib root package: "com.facebook.all"  (in app: "b")
18:18:06 INFO  ProfileMatch              : 
18:18:06 INFO  ProfileMatch              :                 name: Facebook
18:18:06 INFO  ProfileMatch              :             category: SocialMedia
18:18:06 INFO  ProfileMatch              :              version: 9.1.1  [OLD VERSION]
18:18:06 INFO  ProfileMatch              :         release-date: 12.04.2021
18:18:06 INFO  ProfileMatch              :     lib root package: "com.facebook.all"  (in app: "b")
18:18:06 INFO  ProfileMatch              : 
18:18:06 INFO  ProfileMatch              :                 name: Facebook
18:18:06 INFO  ProfileMatch              :             category: SocialMedia
18:18:06 INFO  ProfileMatch              :              version: 11.0.0  [OLD VERSION]
18:18:06 INFO  ProfileMatch              :         release-date: 08.06.2021
18:18:06 INFO  ProfileMatch              :     lib root package: "com.facebook.all"  (in app: "b")
18:18:06 INFO  ProfileMatch              : 
18:18:06 INFO  ProfileMatch              :                 name: Facebook
18:18:06 INFO  ProfileMatch              :             category: SocialMedia
18:18:06 INFO  ProfileMatch              :              version: 11.1.0  [OLD VERSION]
18:18:06 INFO  ProfileMatch              :         release-date: 06.07.2021
18:18:06 INFO  ProfileMatch              :     lib root package: "com.facebook.all"  (in app: "b")
18:18:06 INFO  ProfileMatch              : 
18:18:06 INFO  ProfileMatch              :                 name: Facebook
18:18:06 INFO  ProfileMatch              :             category: SocialMedia
18:18:06 INFO  ProfileMatch              :              version: 11.1.1  [OLD VERSION]
18:18:06 INFO  ProfileMatch              :         release-date: 19.07.2021
18:18:06 INFO  ProfileMatch              :     lib root package: "com.facebook.all"  (in app: "b")
18:18:06 INFO  ProfileMatch              : 
18:18:06 INFO  ProfileMatch              :                 name: Facebook
18:18:06 INFO  ProfileMatch              :             category: SocialMedia
18:18:06 INFO  ProfileMatch              :              version: 11.2.0  [OLD VERSION]
18:18:06 INFO  ProfileMatch              :         release-date: 03.08.2021
18:18:06 INFO  ProfileMatch              :     lib root package: "com.facebook.all"  (in app: "b")
18:18:06 INFO  ProfileMatch              : 
18:18:06 INFO  ProfileMatch              :                 name: Facebook
18:18:06 INFO  ProfileMatch              :             category: SocialMedia
18:18:06 INFO  ProfileMatch              :              version: 11.3.0  [OLD VERSION]
18:18:06 INFO  ProfileMatch              :         release-date: 07.09.2021
18:18:06 INFO  ProfileMatch              :     lib root package: "com.facebook.all"  (in app: "b")
18:18:06 INFO  ProfileMatch              : 
18:18:06 INFO  ProfileMatch              :                 name: Facebook
18:18:06 INFO  ProfileMatch              :             category: SocialMedia
18:18:06 INFO  ProfileMatch              :              version: 12.0.0  [OLD VERSION]
18:18:06 INFO  ProfileMatch              :         release-date: 05.10.2021
18:18:06 INFO  ProfileMatch              :     lib root package: "com.facebook.all"  (in app: "b")
18:18:06 INFO  ProfileMatch              : 
18:18:06 INFO  ProfileMatch              :                 name: Facebook
18:18:06 INFO  ProfileMatch              :             category: SocialMedia
18:18:06 INFO  ProfileMatch              :              version: 12.0.1  [OLD VERSION]
18:18:06 INFO  ProfileMatch              :         release-date: 13.10.2021
18:18:06 INFO  ProfileMatch              :     lib root package: "com.facebook.all"  (in app: "b")
18:18:06 INFO  ProfileMatch              : 
18:18:06 INFO  ProfileMatch              :                 name: Facebook
18:18:06 INFO  ProfileMatch              :             category: SocialMedia
18:18:06 INFO  ProfileMatch              :              version: 12.1.0  [OLD VERSION]
18:18:06 INFO  ProfileMatch              :         release-date: 01.11.2021
18:18:06 INFO  ProfileMatch              :     lib root package: "com.facebook.all"  (in app: "b")
18:18:06 INFO  ProfileMatch              : 
18:18:06 INFO  ProfileMatch              :                 name: Facebook
18:18:06 INFO  ProfileMatch              :             category: SocialMedia
18:18:06 INFO  ProfileMatch              :              version: 12.2.0  [OLD VERSION]
18:18:06 INFO  ProfileMatch              :         release-date: 06.12.2021
18:18:06 INFO  ProfileMatch              :     lib root package: "com.facebook.all"  (in app: "b")
18:18:06 INFO  ProfileMatch              : 
18:18:06 INFO  ProfileMatch              :                 name: Facebook
18:18:06 INFO  ProfileMatch              :             category: SocialMedia
18:18:06 INFO  ProfileMatch              :              version: 12.3.0  [OLD VERSION]
18:18:06 INFO  ProfileMatch              :         release-date: 10.01.2022
18:18:06 INFO  ProfileMatch              :     lib root package: "com.facebook.all"  (in app: "b")
18:18:06 INFO  ProfileMatch              : 
18:18:06 INFO  ProfileMatch              :                 name: Facebook
18:18:06 INFO  ProfileMatch              :             category: SocialMedia
18:18:06 INFO  ProfileMatch              :              version: 13.0.0  [OLD VERSION]
18:18:06 INFO  ProfileMatch              :         release-date: 23.02.2022
18:18:06 INFO  ProfileMatch              :     lib root package: "com.facebook.all"  (in app: "b")
18:18:06 INFO  ProfileMatch              : 
18:18:06 INFO  ProfileMatch              :                 name: Facebook
18:18:06 INFO  ProfileMatch              :             category: SocialMedia
18:18:06 INFO  ProfileMatch              :              version: 13.1.0  [OLD VERSION]
18:18:06 INFO  ProfileMatch              :         release-date: 21.03.2022
18:18:06 INFO  ProfileMatch              :     lib root package: "com.facebook.all"  (in app: "b")
18:18:06 INFO  ProfileMatch              : 
18:18:06 INFO  ProfileMatch              :                 name: Facebook
18:18:06 INFO  ProfileMatch              :             category: SocialMedia
18:18:06 INFO  ProfileMatch              :              version: 13.2.0  [OLD VERSION]
18:18:06 INFO  ProfileMatch              :         release-date: 22.04.2022
18:18:06 INFO  ProfileMatch              :     lib root package: "com.facebook.all"  (in app: "b")
18:18:06 INFO  ProfileMatch              : 
18:18:06 INFO  ProfileMatch              :                 name: Facebook
18:18:06 INFO  ProfileMatch              :             category: SocialMedia
18:18:06 INFO  ProfileMatch              :              version: 14.0.0
18:18:06 INFO  ProfileMatch              :         release-date: 14.06.2022
18:18:06 INFO  ProfileMatch              :     lib root package: "com.facebook.all"  (in app: "b")
18:18:06 INFO  ProfileMatch              : 
18:18:06 INFO  LibraryIdentifier         : 
18:18:06 INFO  LibraryIdentifier         : - Partial library matches:
18:18:06 INFO  LibraryIdentifier         : 
18:18:06 INFO  LibraryIdentifier         : App processing time: 9 sec, 733 ms
