17:33:13 INFO  LibraryIdentifier         : Process app: com.smartpack.kernelprofiler_13.apk
17:33:13 INFO  LibraryIdentifier         : = Manifest Parser =
17:33:13 INFO  LibraryIdentifier         :         Package name: com.smartpack.kernelprofiler
17:33:13 INFO  LibraryIdentifier         :         Version code: 13
17:33:13 INFO  LibraryIdentifier         :        minSdkVersion: 23
17:33:13 INFO  LibraryIdentifier         :     targetSdkVersion: 30
17:33:13 INFO  LibraryIdentifier         :         SharedUserId:  - none -
17:33:13 INFO  LibraryIdentifier         :     Library dependencies:  - none -
17:33:13 INFO  LibraryIdentifier         : 
17:33:13 INFO  LibraryIdentifier         : Found 402 unique libraries in 12405 library profiles
17:33:14 INFO  LibraryIdentifier         : Generated class hierarchy (in 546 ms)
17:33:14 INFO  WalaUtils                 : 
17:33:14 INFO  WalaUtils                 : = ClassHierarchy Stats =
17:33:14 INFO  WalaUtils                 :     # of classes: 1262
17:33:14 INFO  WalaUtils                 :     # thereof inner classes: 585
17:33:14 INFO  WalaUtils                 :     # thereof public classes: 1262
17:33:14 INFO  WalaUtils                 :         Activity : 10
17:33:14 INFO  WalaUtils                 :         Application : 0
17:33:14 INFO  WalaUtils                 :         AsyncTask : 3
17:33:14 INFO  WalaUtils                 :         BroadcastReceiver : 2
17:33:14 INFO  WalaUtils                 :         ContentProvider : 0
17:33:14 INFO  WalaUtils                 :         Fragment : 1
17:33:14 INFO  WalaUtils                 :         Handler : 1
17:33:14 INFO  WalaUtils                 :         LayoutContainer : 54
17:33:14 INFO  WalaUtils                 :         Plain : 1153
17:33:14 INFO  WalaUtils                 :         Runnable : 0
17:33:14 INFO  WalaUtils                 :         Service : 1
17:33:14 INFO  WalaUtils                 :         Thread : 2
17:33:14 INFO  WalaUtils                 :         View : 35
17:33:14 INFO  WalaUtils                 :     # methods: 7808
17:33:14 INFO  WalaUtils                 :         # of publicly accessible methods: 7759
17:33:14 INFO  WalaUtils                 :         # of non-accessible methods: 49
17:33:14 INFO  WalaUtils                 : 
17:33:14 INFO  Profile                   : = PackageTree =
17:33:14 INFO  PackageTree               : Root Package: a
17:33:14 INFO  PackageTree               : └── Root
17:33:14 INFO  PackageTree               :     ├── a
17:33:14 INFO  PackageTree               :     │   ├── h (1)
17:33:14 INFO  PackageTree               :     │   │   ├── g (19)
17:33:14 INFO  PackageTree               :     │   │   ├── j (44)
17:33:14 INFO  PackageTree               :     │   │   │   └── w (11)
17:33:14 INFO  PackageTree               :     │   │   ├── i (5)
17:33:14 INFO  PackageTree               :     │   │   ├── b (9)
17:33:14 INFO  PackageTree               :     │   │   ├── d (13)
17:33:14 INFO  PackageTree               :     │   │   │   └── l (1)
17:33:14 INFO  PackageTree               :     │   │   ├── c (1)
17:33:14 INFO  PackageTree               :     │   │   │   └── b (11)
17:33:14 INFO  PackageTree               :     │   │   ├── h (11)
17:33:14 INFO  PackageTree               :     │   │   ├── k (7)
17:33:14 INFO  PackageTree               :     │   │   ├── e
17:33:14 INFO  PackageTree               :     │   │   │   └── a (3)
17:33:14 INFO  PackageTree               :     │   │   └── f (1)
17:33:14 INFO  PackageTree               :     │   ├── b (2)
17:33:14 INFO  PackageTree               :     │   │   ├── c (41)
17:33:14 INFO  PackageTree               :     │   │   ├── h (103)
17:33:14 INFO  PackageTree               :     │   │   ├── f (1)
17:33:14 INFO  PackageTree               :     │   │   ├── g (13)
17:33:14 INFO  PackageTree               :     │   │   │   └── i (38)
17:33:14 INFO  PackageTree               :     │   │   ├── e
17:33:14 INFO  PackageTree               :     │   │   │   └── a (14)
17:33:14 INFO  PackageTree               :     │   │   └── d
17:33:14 INFO  PackageTree               :     │   │       └── a (1)
17:33:14 INFO  PackageTree               :     │   ├── d (2)
17:33:14 INFO  PackageTree               :     │   │   └── c (7)
17:33:14 INFO  PackageTree               :     │   ├── q (56)
17:33:14 INFO  PackageTree               :     │   ├── k
17:33:14 INFO  PackageTree               :     │   │   └── a (50)
17:33:14 INFO  PackageTree               :     │   ├── e (15)
17:33:14 INFO  PackageTree               :     │   ├── l
17:33:14 INFO  PackageTree               :     │   │   └── a
17:33:14 INFO  PackageTree               :     │   │       └── a (4)
17:33:14 INFO  PackageTree               :     │   ├── f
17:33:14 INFO  PackageTree               :     │   │   ├── b (13)
17:33:14 INFO  PackageTree               :     │   │   │   └── j (12)
17:33:14 INFO  PackageTree               :     │   │   │       └── l (16)
17:33:14 INFO  PackageTree               :     │   │   ├── c (18)
17:33:14 INFO  PackageTree               :     │   │   └── a
17:33:14 INFO  PackageTree               :     │   │       └── a (1)
17:33:14 INFO  PackageTree               :     │   ├── m (25)
17:33:14 INFO  PackageTree               :     │   ├── o (1)
17:33:14 INFO  PackageTree               :     │   │   └── b (48)
17:33:14 INFO  PackageTree               :     │   ├── j
17:33:14 INFO  PackageTree               :     │   │   ├── b (11)
17:33:14 INFO  PackageTree               :     │   │   └── a (3)
17:33:14 INFO  PackageTree               :     │   ├── c
17:33:14 INFO  PackageTree               :     │   │   └── a
17:33:14 INFO  PackageTree               :     │   │       ├── a (4)
17:33:14 INFO  PackageTree               :     │   │       └── b (8)
17:33:14 INFO  PackageTree               :     │   ├── r
17:33:14 INFO  PackageTree               :     │   │   └── a
17:33:14 INFO  PackageTree               :     │   │       └── a (18)
17:33:14 INFO  PackageTree               :     │   ├── p (5)
17:33:14 INFO  PackageTree               :     │   ├── g (1)
17:33:14 INFO  PackageTree               :     │   │   └── b (2)
17:33:14 INFO  PackageTree               :     │   ├── s (3)
17:33:14 INFO  PackageTree               :     │   ├── i
17:33:14 INFO  PackageTree               :     │   │   └── a (6)
17:33:14 INFO  PackageTree               :     │   ├── a (3)
17:33:14 INFO  PackageTree               :     │   └── n
17:33:14 INFO  PackageTree               :     │       └── a (5)
17:33:14 INFO  PackageTree               :     ├── androidx
17:33:14 INFO  PackageTree               :     │   ├── appcompat
17:33:14 INFO  PackageTree               :     │   │   ├── widget (57)
17:33:14 INFO  PackageTree               :     │   │   ├── view
17:33:14 INFO  PackageTree               :     │   │   │   └── menu (5)
17:33:14 INFO  PackageTree               :     │   │   └── app (6)
17:33:14 INFO  PackageTree               :     │   ├── coordinatorlayout
17:33:14 INFO  PackageTree               :     │   │   └── widget (11)
17:33:14 INFO  PackageTree               :     │   ├── recyclerview
17:33:14 INFO  PackageTree               :     │   │   └── widget (58)
17:33:14 INFO  PackageTree               :     │   ├── annotation (1)
17:33:14 INFO  PackageTree               :     │   ├── activity (9)
17:33:14 INFO  PackageTree               :     │   ├── lifecycle (8)
17:33:14 INFO  PackageTree               :     │   ├── core
17:33:14 INFO  PackageTree               :     │   │   ├── app (4)
17:33:14 INFO  PackageTree               :     │   │   ├── graphics
17:33:14 INFO  PackageTree               :     │   │   │   └── drawable (2)
17:33:14 INFO  PackageTree               :     │   │   └── widget (5)
17:33:14 INFO  PackageTree               :     │   ├── constraintlayout
17:33:14 INFO  PackageTree               :     │   │   └── widget (6)
17:33:14 INFO  PackageTree               :     │   ├── fragment
17:33:14 INFO  PackageTree               :     │   │   └── app (5)
17:33:14 INFO  PackageTree               :     │   ├── versionedparcelable (3)
17:33:14 INFO  PackageTree               :     │   ├── viewpager2
17:33:14 INFO  PackageTree               :     │   │   └── adapter (3)
17:33:14 INFO  PackageTree               :     │   └── savedstate (2)
17:33:14 INFO  PackageTree               :     ├── b
17:33:14 INFO  PackageTree               :     │   ├── d
17:33:14 INFO  PackageTree               :     │   │   └── a (6)
17:33:14 INFO  PackageTree               :     │   │       └── c (17)
17:33:14 INFO  PackageTree               :     │   ├── b
17:33:14 INFO  PackageTree               :     │   │   └── a
17:33:14 INFO  PackageTree               :     │   │       └── a (2)
17:33:14 INFO  PackageTree               :     │   │           ├── p (16)
17:33:14 INFO  PackageTree               :     │   │           ├── y (38)
17:33:14 INFO  PackageTree               :     │   │           ├── l (36)
17:33:14 INFO  PackageTree               :     │   │           ├── j (3)
17:33:14 INFO  PackageTree               :     │   │           ├── v (25)
17:33:14 INFO  PackageTree               :     │   │           ├── f (8)
17:33:14 INFO  PackageTree               :     │   │           ├── q (20)
17:33:14 INFO  PackageTree               :     │   │           ├── w (19)
17:33:14 INFO  PackageTree               :     │   │           ├── z
17:33:14 INFO  PackageTree               :     │   │           │   └── a (1)
17:33:14 INFO  PackageTree               :     │   │           ├── g (3)
17:33:14 INFO  PackageTree               :     │   │           ├── a0 (7)
17:33:14 INFO  PackageTree               :     │   │           ├── c (10)
17:33:14 INFO  PackageTree               :     │   │           ├── d (9)
17:33:14 INFO  PackageTree               :     │   │           ├── k (7)
17:33:14 INFO  PackageTree               :     │   │           │   └── d (1)
17:33:14 INFO  PackageTree               :     │   │           ├── b0 (5)
17:33:14 INFO  PackageTree               :     │   │           ├── n (1)
17:33:14 INFO  PackageTree               :     │   │           ├── s (6)
17:33:14 INFO  PackageTree               :     │   │           ├── u (2)
17:33:14 INFO  PackageTree               :     │   │           ├── i (2)
17:33:14 INFO  PackageTree               :     │   │           ├── x (2)
17:33:14 INFO  PackageTree               :     │   │           ├── o (1)
17:33:14 INFO  PackageTree               :     │   │           ├── e (1)
17:33:14 INFO  PackageTree               :     │   │           ├── t (1)
17:33:14 INFO  PackageTree               :     │   │           ├── m (2)
17:33:14 INFO  PackageTree               :     │   │           ├── r (1)
17:33:14 INFO  PackageTree               :     │   │           └── h (1)
17:33:14 INFO  PackageTree               :     │   ├── c
17:33:14 INFO  PackageTree               :     │   │   └── a (1)
17:33:14 INFO  PackageTree               :     │   │       └── l (7)
17:33:14 INFO  PackageTree               :     │   └── a
17:33:14 INFO  PackageTree               :     │       └── a
17:33:14 INFO  PackageTree               :     │           └── a (1)
17:33:14 INFO  PackageTree               :     ├── com
17:33:14 INFO  PackageTree               :     │   ├── google
17:33:14 INFO  PackageTree               :     │   │   └── android
17:33:14 INFO  PackageTree               :     │   │       └── material
17:33:14 INFO  PackageTree               :     │   │           ├── transformation (10)
17:33:14 INFO  PackageTree               :     │   │           ├── bottomsheet (8)
17:33:14 INFO  PackageTree               :     │   │           ├── snackbar (15)
17:33:14 INFO  PackageTree               :     │   │           ├── behavior (6)
17:33:14 INFO  PackageTree               :     │   │           ├── textfield (11)
17:33:14 INFO  PackageTree               :     │   │           ├── button (12)
17:33:14 INFO  PackageTree               :     │   │           ├── appbar (8)
17:33:14 INFO  PackageTree               :     │   │           ├── timepicker (9)
17:33:14 INFO  PackageTree               :     │   │           ├── bottomappbar (5)
17:33:14 INFO  PackageTree               :     │   │           ├── floatingactionbutton (12)
17:33:14 INFO  PackageTree               :     │   │           ├── internal (7)
17:33:14 INFO  PackageTree               :     │   │           ├── chip (8)
17:33:14 INFO  PackageTree               :     │   │           ├── theme (1)
17:33:14 INFO  PackageTree               :     │   │           ├── datepicker (1)
17:33:14 INFO  PackageTree               :     │   │           ├── textview (1)
17:33:14 INFO  PackageTree               :     │   │           ├── card (2)
17:33:14 INFO  PackageTree               :     │   │           └── checkbox (1)
17:33:14 INFO  PackageTree               :     │   └── smartpack
17:33:14 INFO  PackageTree               :     │       └── kernelprofiler (1)
17:33:14 INFO  PackageTree               :     │           └── utils (8)
17:33:14 INFO  PackageTree               :     └── android
17:33:14 INFO  PackageTree               :         └── support
17:33:14 INFO  PackageTree               :             └── v4
17:33:14 INFO  PackageTree               :                 ├── graphics
17:33:14 INFO  PackageTree               :                 │   └── drawable (1)
17:33:14 INFO  PackageTree               :                 └── app (1)
17:33:14 INFO  Profile                   : 
17:33:14 INFO  AppProfile                : - generated app package tree (in 30 ms)
17:33:14 INFO  AppProfile                : 
17:33:14 DEBUG HashTree                  : Generate hash tree..
17:33:14 DEBUG HashTree                  :     - generated 117 package hashes.
17:33:14 DEBUG HashTree                  :     - generated 1201 clazz hashes.
17:33:14 DEBUG HashTree                  :     - generated 7808 method hashes.
17:33:14 DEBUG HashTree                  :     => Library Hash: cd1abdbd178f1d80b4a17ebd86e89bf1
17:33:14 INFO  AppProfile                : - generated app hash trees (in 134 ms)
17:33:14 INFO  AppProfile                : 
17:33:14 INFO  LibraryIdentifier         : = Scan for library root packages (heuristic) =
17:33:14 INFO  LibraryIdentifier         :     - Found lib root package androidx.annotation  (androidx.annotation::annotation)
17:33:14 INFO  LibraryIdentifier         :     - Found lib root package androidx.appcompat  (androidx.appcompat::appcompat)
17:33:14 INFO  LibraryIdentifier         :     - Found lib root package androidx.constraintlayout.widget  (androidx.constraintlayout::constraintlayout)
17:33:14 INFO  LibraryIdentifier         :     - Found lib root package androidx.coordinatorlayout.widget  (androidx.coordinatorlayout::coordinatorlayout)
17:33:14 INFO  LibraryIdentifier         :     - Found lib root package androidx.core  (androidx.core::core)
17:33:14 INFO  LibraryIdentifier         :     - Found lib root package androidx  (androidx.core::core-ktx)
17:33:14 INFO  LibraryIdentifier         :     - Found lib root package androidx.fragment.app  (androidx.fragment::fragment)
17:33:14 INFO  LibraryIdentifier         :     - Found lib root package androidx.fragment.app  (androidx.fragment::fragment-ktx)
17:33:14 INFO  LibraryIdentifier         :     - Found lib root package androidx.lifecycle  (androidx.lifecycle::lifecycle-common)
17:33:14 INFO  LibraryIdentifier         :     - Found lib root package androidx.lifecycle  (androidx.lifecycle::lifecycle-common-java8)
17:33:14 INFO  LibraryIdentifier         :     - Found lib root package androidx.lifecycle  (androidx.lifecycle::lifecycle-compiler)
17:33:14 INFO  LibraryIdentifier         :     - Found lib root package androidx.lifecycle  (androidx.lifecycle::lifecycle-extensions)
17:33:14 INFO  LibraryIdentifier         :     - Found lib root package androidx.lifecycle  (androidx.lifecycle::lifecycle-livedata)
17:33:14 INFO  LibraryIdentifier         :     - Found lib root package androidx.lifecycle  (androidx.lifecycle::lifecycle-livedata-core)
17:33:14 INFO  LibraryIdentifier         :     - Found lib root package androidx.lifecycle  (androidx.lifecycle::lifecycle-process)
17:33:14 INFO  LibraryIdentifier         :     - Found lib root package androidx.lifecycle  (androidx.lifecycle::lifecycle-reactivestreams)
17:33:14 INFO  LibraryIdentifier         :     - Found lib root package androidx.lifecycle  (androidx.lifecycle::lifecycle-reactivestreams-ktx)
17:33:14 INFO  LibraryIdentifier         :     - Found lib root package androidx.lifecycle  (androidx.lifecycle::lifecycle-runtime)
17:33:14 INFO  LibraryIdentifier         :     - Found lib root package androidx.lifecycle  (androidx.lifecycle::lifecycle-service)
17:33:14 INFO  LibraryIdentifier         :     - Found lib root package androidx.lifecycle  (androidx.lifecycle::lifecycle-viewmodel)
17:33:14 INFO  LibraryIdentifier         :     - Found lib root package androidx.lifecycle  (androidx.lifecycle::lifecycle-viewmodel-ktx)
17:33:14 INFO  LibraryIdentifier         :     - Found lib root package androidx.recyclerview.widget  (androidx.recyclerview::recyclerview)
17:33:14 INFO  LibraryIdentifier         :     - Found lib root package androidx.versionedparcelable  (androidx.versionedparcelable::versionedparcelable)
17:33:14 INFO  LibraryIdentifier         :     - Found lib root package android.support.v4  (com.android.support::customview)
17:33:14 INFO  LibraryIdentifier         :     - Found lib root package android.support.v4  (com.android.support::loader)
17:33:14 INFO  LibraryIdentifier         :     - Found lib root package android.support.v4  (com.android.support::support-compat)
17:33:14 INFO  LibraryIdentifier         :     - Found lib root package android.support.v4  (com.android.support::support-core-ui)
17:33:14 INFO  LibraryIdentifier         :     - Found lib root package android.support.v4  (com.android.support::support-core-utils)
17:33:14 INFO  LibraryIdentifier         :     - Found lib root package android.support.v4.app  (com.android.support::support-fragment)
17:33:14 INFO  LibraryIdentifier         :     - Found lib root package android.support.v4  (com.android.support::support-v4)
17:33:14 INFO  LibraryIdentifier         :     - Found lib root package androidx.versionedparcelable  (com.android.support::versionedparcelable)
17:33:14 INFO  LibraryIdentifier         :     - Found lib root package com.google.android.material  (com.google.android.material::material)
17:33:14 INFO  LibraryIdentifier         : 
17:33:14 INFO  LibraryIdentifier         : = Match profiles =
17:33:33 INFO  LibraryIdentifier         :     >> profile matching done (19 sec, 7 ms)
17:33:33 INFO  LibraryIdentifier         : 
17:33:33 INFO  LibraryIdentifier         : == Report ==
17:33:33 INFO  LibraryIdentifier         : - Full library matches:
17:33:33 INFO  ProfileMatch              :                 name: com.google.firebase::firebase-ml-vision-image-label-model
17:33:33 INFO  ProfileMatch              :             category: Android
17:33:33 INFO  ProfileMatch              :              version: 20.0.0  [OLD VERSION]
17:33:33 INFO  ProfileMatch              :         release-date:  --
17:33:33 INFO  ProfileMatch              :     lib root package: "com.google.firebase.ml.vision.imagelabel"  (in app: "a")
17:33:33 INFO  ProfileMatch              : 
17:33:33 INFO  ProfileMatch              :                 name: com.google.firebase::firebase-ml-vision-image-label-model
17:33:33 INFO  ProfileMatch              :             category: Android
17:33:33 INFO  ProfileMatch              :              version: 20.0.1  [OLD VERSION]
17:33:33 INFO  ProfileMatch              :         release-date:  --
17:33:33 INFO  ProfileMatch              :     lib root package: "com.google.firebase.ml.vision.imagelabel"  (in app: "a")
17:33:33 INFO  ProfileMatch              : 
17:33:33 INFO  ProfileMatch              :                 name: com.google.firebase::firebase-ml-vision-image-label-model
17:33:33 INFO  ProfileMatch              :             category: Android
17:33:33 INFO  ProfileMatch              :              version: 20.0.2
17:33:33 INFO  ProfileMatch              :         release-date:  --
17:33:33 INFO  ProfileMatch              :     lib root package: "com.google.firebase.ml.vision.imagelabel"  (in app: "a")
17:33:33 INFO  ProfileMatch              : 
17:33:33 INFO  ProfileMatch              :                 name: com.android.support::interpolator
17:33:33 INFO  ProfileMatch              :             category: Android
17:33:33 INFO  ProfileMatch              :              version: 28.0.0
17:33:33 INFO  ProfileMatch              :         release-date:  --
17:33:33 INFO  ProfileMatch              :     lib root package: "android.support.v4.view.animation"  (in app: "a.l.a.a")
17:33:33 INFO  ProfileMatch              : 
17:33:33 INFO  ProfileMatch              :                 name: androidx.interpolator::interpolator
17:33:33 INFO  ProfileMatch              :             category: Android
17:33:33 INFO  ProfileMatch              :              version: 1.0.0
17:33:33 INFO  ProfileMatch              :         release-date:  --
17:33:33 INFO  ProfileMatch              :     lib root package: "androidx.interpolator.view.animation"  (in app: "a.l.a.a")
17:33:33 INFO  ProfileMatch              : 
17:33:33 INFO  ProfileMatch              :                 name: Facebook
17:33:33 INFO  ProfileMatch              :             category: SocialMedia
17:33:33 INFO  ProfileMatch              :              version: 4.27.0  [OLD VERSION]
17:33:33 INFO  ProfileMatch              :         release-date: 26.09.2017
17:33:33 INFO  ProfileMatch              :     lib root package: "com.facebook.all"  (in app: "a")
17:33:33 INFO  ProfileMatch              : 
17:33:33 INFO  ProfileMatch              :                 name: Facebook
17:33:33 INFO  ProfileMatch              :             category: SocialMedia
17:33:33 INFO  ProfileMatch              :              version: 4.28.0  [OLD VERSION]
17:33:33 INFO  ProfileMatch              :         release-date: 07.11.2017
17:33:33 INFO  ProfileMatch              :     lib root package: "com.facebook.all"  (in app: "a")
17:33:33 INFO  ProfileMatch              : 
17:33:33 INFO  ProfileMatch              :                 name: Facebook
17:33:33 INFO  ProfileMatch              :             category: SocialMedia
17:33:33 INFO  ProfileMatch              :              version: 4.29.0  [OLD VERSION]
17:33:33 INFO  ProfileMatch              :         release-date: 05.12.2017
17:33:33 INFO  ProfileMatch              :     lib root package: "com.facebook.all"  (in app: "a")
17:33:33 INFO  ProfileMatch              : 
17:33:33 INFO  ProfileMatch              :                 name: Facebook
17:33:33 INFO  ProfileMatch              :             category: SocialMedia
17:33:33 INFO  ProfileMatch              :              version: 4.30.0  [OLD VERSION]
17:33:33 INFO  ProfileMatch              :         release-date: 24.01.2018
17:33:33 INFO  ProfileMatch              :     lib root package: "com.facebook.all"  (in app: "a")
17:33:33 INFO  ProfileMatch              : 
17:33:33 INFO  ProfileMatch              :                 name: Facebook
17:33:33 INFO  ProfileMatch              :             category: SocialMedia
17:33:33 INFO  ProfileMatch              :              version: 4.31.0  [OLD VERSION]
17:33:33 INFO  ProfileMatch              :         release-date: 28.02.2018
17:33:33 INFO  ProfileMatch              :     lib root package: "com.facebook.all"  (in app: "a")
17:33:33 INFO  ProfileMatch              : 
17:33:33 INFO  ProfileMatch              :                 name: Facebook
17:33:33 INFO  ProfileMatch              :             category: SocialMedia
17:33:33 INFO  ProfileMatch              :              version: 4.32.0  [OLD VERSION]
17:33:33 INFO  ProfileMatch              :         release-date: 11.04.2018
17:33:33 INFO  ProfileMatch              :     lib root package: "com.facebook.all"  (in app: "a")
17:33:33 INFO  ProfileMatch              : 
17:33:33 INFO  ProfileMatch              :                 name: Facebook
17:33:33 INFO  ProfileMatch              :             category: SocialMedia
17:33:33 INFO  ProfileMatch              :              version: 4.33.0  [OLD VERSION]
17:33:33 INFO  ProfileMatch              :         release-date: 01.05.2018
17:33:33 INFO  ProfileMatch              :     lib root package: "com.facebook.all"  (in app: "a")
17:33:33 INFO  ProfileMatch              : 
17:33:33 INFO  ProfileMatch              :                 name: Facebook
17:33:33 INFO  ProfileMatch              :             category: SocialMedia
17:33:33 INFO  ProfileMatch              :              version: 4.34.0  [OLD VERSION]
17:33:33 INFO  ProfileMatch              :         release-date: 19.06.2018
17:33:33 INFO  ProfileMatch              :     lib root package: "com.facebook.all"  (in app: "a")
17:33:33 INFO  ProfileMatch              : 
17:33:33 INFO  ProfileMatch              :                 name: Facebook
17:33:33 INFO  ProfileMatch              :             category: SocialMedia
17:33:33 INFO  ProfileMatch              :              version: 4.35.0  [OLD VERSION]
17:33:33 INFO  ProfileMatch              :         release-date: 26.07.2018
17:33:33 INFO  ProfileMatch              :     lib root package: "com.facebook.all"  (in app: "a")
17:33:33 INFO  ProfileMatch              : 
17:33:33 INFO  ProfileMatch              :                 name: Facebook
17:33:33 INFO  ProfileMatch              :             category: SocialMedia
17:33:33 INFO  ProfileMatch              :              version: 4.36.0  [OLD VERSION]
17:33:33 INFO  ProfileMatch              :         release-date: 29.08.2018
17:33:33 INFO  ProfileMatch              :     lib root package: "com.facebook.all"  (in app: "a")
17:33:33 INFO  ProfileMatch              : 
17:33:33 INFO  ProfileMatch              :                 name: Facebook
17:33:33 INFO  ProfileMatch              :             category: SocialMedia
17:33:33 INFO  ProfileMatch              :              version: 4.36.1  [OLD VERSION]
17:33:33 INFO  ProfileMatch              :         release-date: 15.09.2018
17:33:33 INFO  ProfileMatch              :     lib root package: "com.facebook.all"  (in app: "a")
17:33:33 INFO  ProfileMatch              : 
17:33:33 INFO  ProfileMatch              :                 name: Facebook
17:33:33 INFO  ProfileMatch              :             category: SocialMedia
17:33:33 INFO  ProfileMatch              :              version: 4.37.0  [OLD VERSION]
17:33:33 INFO  ProfileMatch              :         release-date: 27.09.2018
17:33:33 INFO  ProfileMatch              :     lib root package: "com.facebook.all"  (in app: "a")
17:33:33 INFO  ProfileMatch              : 
17:33:33 INFO  ProfileMatch              :                 name: Facebook
17:33:33 INFO  ProfileMatch              :             category: SocialMedia
17:33:33 INFO  ProfileMatch              :              version: 4.38.0  [OLD VERSION]
17:33:33 INFO  ProfileMatch              :         release-date: 23.10.2018
17:33:33 INFO  ProfileMatch              :     lib root package: "com.facebook.all"  (in app: "a")
17:33:33 INFO  ProfileMatch              : 
17:33:33 INFO  ProfileMatch              :                 name: Facebook
17:33:33 INFO  ProfileMatch              :             category: SocialMedia
17:33:33 INFO  ProfileMatch              :              version: 4.38.1  [OLD VERSION]
17:33:33 INFO  ProfileMatch              :         release-date: 31.10.2018
17:33:33 INFO  ProfileMatch              :     lib root package: "com.facebook.all"  (in app: "a")
17:33:33 INFO  ProfileMatch              : 
17:33:33 INFO  ProfileMatch              :                 name: Facebook
17:33:33 INFO  ProfileMatch              :             category: SocialMedia
17:33:33 INFO  ProfileMatch              :              version: 4.39.0  [OLD VERSION]
17:33:33 INFO  ProfileMatch              :         release-date: 05.12.2018
17:33:33 INFO  ProfileMatch              :     lib root package: "com.facebook.all"  (in app: "a")
17:33:33 INFO  ProfileMatch              : 
17:33:33 INFO  ProfileMatch              :                 name: Facebook
17:33:33 INFO  ProfileMatch              :             category: SocialMedia
17:33:33 INFO  ProfileMatch              :              version: 4.40.0  [OLD VERSION]
17:33:33 INFO  ProfileMatch              :         release-date: 22.01.2019
17:33:33 INFO  ProfileMatch              :     lib root package: "com.facebook.all"  (in app: "a")
17:33:33 INFO  ProfileMatch              : 
17:33:33 INFO  ProfileMatch              :                 name: Facebook
17:33:33 INFO  ProfileMatch              :             category: SocialMedia
17:33:33 INFO  ProfileMatch              :              version: 4.41.0  [OLD VERSION]
17:33:33 INFO  ProfileMatch              :         release-date: 08.03.2019
17:33:33 INFO  ProfileMatch              :     lib root package: "com.facebook.all"  (in app: "a")
17:33:33 INFO  ProfileMatch              : 
17:33:33 INFO  ProfileMatch              :                 name: Facebook
17:33:33 INFO  ProfileMatch              :             category: SocialMedia
17:33:33 INFO  ProfileMatch              :              version: 4.42.0  [OLD VERSION]
17:33:33 INFO  ProfileMatch              :         release-date: 08.04.2019
17:33:33 INFO  ProfileMatch              :     lib root package: "com.facebook.all"  (in app: "a")
17:33:33 INFO  ProfileMatch              : 
17:33:33 INFO  ProfileMatch              :                 name: Facebook
17:33:33 INFO  ProfileMatch              :             category: SocialMedia
17:33:33 INFO  ProfileMatch              :              version: 5.0.0  [OLD VERSION]
17:33:33 INFO  ProfileMatch              :         release-date: 30.04.2019
17:33:33 INFO  ProfileMatch              :     lib root package: "com.facebook.all"  (in app: "a")
17:33:33 INFO  ProfileMatch              : 
17:33:33 INFO  ProfileMatch              :                 name: Facebook
17:33:33 INFO  ProfileMatch              :             category: SocialMedia
17:33:33 INFO  ProfileMatch              :              version: 5.0.1  [OLD VERSION]
17:33:33 INFO  ProfileMatch              :         release-date: 17.05.2019
17:33:33 INFO  ProfileMatch              :     lib root package: "com.facebook.all"  (in app: "a")
17:33:33 INFO  ProfileMatch              : 
17:33:33 INFO  ProfileMatch              :                 name: Facebook
17:33:33 INFO  ProfileMatch              :             category: SocialMedia
17:33:33 INFO  ProfileMatch              :              version: 5.0.2  [OLD VERSION]
17:33:33 INFO  ProfileMatch              :         release-date: 09.06.2019
17:33:33 INFO  ProfileMatch              :     lib root package: "com.facebook.all"  (in app: "a")
17:33:33 INFO  ProfileMatch              : 
17:33:33 INFO  ProfileMatch              :                 name: Facebook
17:33:33 INFO  ProfileMatch              :             category: SocialMedia
17:33:33 INFO  ProfileMatch              :              version: 5.0.3  [OLD VERSION]
17:33:33 INFO  ProfileMatch              :         release-date: 14.06.2019
17:33:33 INFO  ProfileMatch              :     lib root package: "com.facebook.all"  (in app: "a")
17:33:33 INFO  ProfileMatch              : 
17:33:33 INFO  ProfileMatch              :                 name: Facebook
17:33:33 INFO  ProfileMatch              :             category: SocialMedia
17:33:33 INFO  ProfileMatch              :              version: 5.1.0  [OLD VERSION]
17:33:33 INFO  ProfileMatch              :         release-date: 21.06.2019
17:33:33 INFO  ProfileMatch              :     lib root package: "com.facebook.all"  (in app: "a")
17:33:33 INFO  ProfileMatch              : 
17:33:33 INFO  ProfileMatch              :                 name: Facebook
17:33:33 INFO  ProfileMatch              :             category: SocialMedia
17:33:33 INFO  ProfileMatch              :              version: 5.1.1  [OLD VERSION]
17:33:33 INFO  ProfileMatch              :         release-date: 02.07.2019
17:33:33 INFO  ProfileMatch              :     lib root package: "com.facebook.all"  (in app: "a")
17:33:33 INFO  ProfileMatch              : 
17:33:33 INFO  ProfileMatch              :                 name: Facebook
17:33:33 INFO  ProfileMatch              :             category: SocialMedia
17:33:33 INFO  ProfileMatch              :              version: 5.2.0  [OLD VERSION]
17:33:33 INFO  ProfileMatch              :         release-date: 29.07.2019
17:33:33 INFO  ProfileMatch              :     lib root package: "com.facebook.all"  (in app: "a")
17:33:33 INFO  ProfileMatch              : 
17:33:33 INFO  ProfileMatch              :                 name: Facebook
17:33:33 INFO  ProfileMatch              :             category: SocialMedia
17:33:33 INFO  ProfileMatch              :              version: 5.4.0  [OLD VERSION]
17:33:33 INFO  ProfileMatch              :         release-date: 16.08.2019
17:33:33 INFO  ProfileMatch              :     lib root package: "com.facebook.all"  (in app: "a")
17:33:33 INFO  ProfileMatch              : 
17:33:33 INFO  ProfileMatch              :                 name: Facebook
17:33:33 INFO  ProfileMatch              :             category: SocialMedia
17:33:33 INFO  ProfileMatch              :              version: 5.5.0  [OLD VERSION]
17:33:33 INFO  ProfileMatch              :         release-date: 31.08.2019
17:33:33 INFO  ProfileMatch              :     lib root package: "com.facebook.all"  (in app: "a")
17:33:33 INFO  ProfileMatch              : 
17:33:33 INFO  ProfileMatch              :                 name: Facebook
17:33:33 INFO  ProfileMatch              :             category: SocialMedia
17:33:33 INFO  ProfileMatch              :              version: 5.5.1  [OLD VERSION]
17:33:33 INFO  ProfileMatch              :         release-date: 06.09.2019
17:33:33 INFO  ProfileMatch              :     lib root package: "com.facebook.all"  (in app: "a")
17:33:33 INFO  ProfileMatch              : 
17:33:33 INFO  ProfileMatch              :                 name: Facebook
17:33:33 INFO  ProfileMatch              :             category: SocialMedia
17:33:33 INFO  ProfileMatch              :              version: 5.5.2  [OLD VERSION]
17:33:33 INFO  ProfileMatch              :         release-date: 05.10.2019
17:33:33 INFO  ProfileMatch              :     lib root package: "com.facebook.all"  (in app: "a")
17:33:33 INFO  ProfileMatch              : 
17:33:33 INFO  ProfileMatch              :                 name: Facebook
17:33:33 INFO  ProfileMatch              :             category: SocialMedia
17:33:33 INFO  ProfileMatch              :              version: 5.8.0  [OLD VERSION]
17:33:33 INFO  ProfileMatch              :         release-date: 08.10.2019
17:33:33 INFO  ProfileMatch              :     lib root package: "com.facebook.all"  (in app: "a")
17:33:33 INFO  ProfileMatch              : 
17:33:33 INFO  ProfileMatch              :                 name: Facebook
17:33:33 INFO  ProfileMatch              :             category: SocialMedia
17:33:33 INFO  ProfileMatch              :              version: 5.9.0  [OLD VERSION]
17:33:33 INFO  ProfileMatch              :         release-date: 29.10.2019
17:33:33 INFO  ProfileMatch              :     lib root package: "com.facebook.all"  (in app: "a")
17:33:33 INFO  ProfileMatch              : 
17:33:33 INFO  ProfileMatch              :                 name: Facebook
17:33:33 INFO  ProfileMatch              :             category: SocialMedia
17:33:33 INFO  ProfileMatch              :              version: 5.11.0  [OLD VERSION]
17:33:33 INFO  ProfileMatch              :         release-date: 15.11.2019
17:33:33 INFO  ProfileMatch              :     lib root package: "com.facebook.all"  (in app: "a")
17:33:33 INFO  ProfileMatch              : 
17:33:33 INFO  ProfileMatch              :                 name: Facebook
17:33:33 INFO  ProfileMatch              :             category: SocialMedia
17:33:33 INFO  ProfileMatch              :              version: 5.11.1  [OLD VERSION]
17:33:33 INFO  ProfileMatch              :         release-date: 21.11.2019
17:33:33 INFO  ProfileMatch              :     lib root package: "com.facebook.all"  (in app: "a")
17:33:33 INFO  ProfileMatch              : 
17:33:33 INFO  ProfileMatch              :                 name: Facebook
17:33:33 INFO  ProfileMatch              :             category: SocialMedia
17:33:33 INFO  ProfileMatch              :              version: 5.11.2  [OLD VERSION]
17:33:33 INFO  ProfileMatch              :         release-date: 22.11.2019
17:33:33 INFO  ProfileMatch              :     lib root package: "com.facebook.all"  (in app: "a")
17:33:33 INFO  ProfileMatch              : 
17:33:33 INFO  ProfileMatch              :                 name: Facebook
17:33:33 INFO  ProfileMatch              :             category: SocialMedia
17:33:33 INFO  ProfileMatch              :              version: 5.12.0  [OLD VERSION]
17:33:33 INFO  ProfileMatch              :         release-date: 04.12.2019
17:33:33 INFO  ProfileMatch              :     lib root package: "com.facebook.all"  (in app: "a")
17:33:33 INFO  ProfileMatch              : 
17:33:33 INFO  ProfileMatch              :                 name: Facebook
17:33:33 INFO  ProfileMatch              :             category: SocialMedia
17:33:33 INFO  ProfileMatch              :              version: 5.12.1  [OLD VERSION]
17:33:33 INFO  ProfileMatch              :         release-date: 09.12.2019
17:33:33 INFO  ProfileMatch              :     lib root package: "com.facebook.all"  (in app: "a")
17:33:33 INFO  ProfileMatch              : 
17:33:33 INFO  ProfileMatch              :                 name: Facebook
17:33:33 INFO  ProfileMatch              :             category: SocialMedia
17:33:33 INFO  ProfileMatch              :              version: 5.13.0  [OLD VERSION]
17:33:33 INFO  ProfileMatch              :         release-date: 12.12.2019
17:33:33 INFO  ProfileMatch              :     lib root package: "com.facebook.all"  (in app: "a")
17:33:33 INFO  ProfileMatch              : 
17:33:33 INFO  ProfileMatch              :                 name: Facebook
17:33:33 INFO  ProfileMatch              :             category: SocialMedia
17:33:33 INFO  ProfileMatch              :              version: 5.15.0  [OLD VERSION]
17:33:33 INFO  ProfileMatch              :         release-date: 21.01.2020
17:33:33 INFO  ProfileMatch              :     lib root package: "com.facebook.all"  (in app: "a")
17:33:33 INFO  ProfileMatch              : 
17:33:33 INFO  ProfileMatch              :                 name: Facebook
17:33:33 INFO  ProfileMatch              :             category: SocialMedia
17:33:33 INFO  ProfileMatch              :              version: 5.15.1  [OLD VERSION]
17:33:33 INFO  ProfileMatch              :         release-date: 29.01.2020
17:33:33 INFO  ProfileMatch              :     lib root package: "com.facebook.all"  (in app: "a")
17:33:33 INFO  ProfileMatch              : 
17:33:33 INFO  ProfileMatch              :                 name: Facebook
17:33:33 INFO  ProfileMatch              :             category: SocialMedia
17:33:33 INFO  ProfileMatch              :              version: 5.15.2  [OLD VERSION]
17:33:33 INFO  ProfileMatch              :         release-date: 03.02.2020
17:33:33 INFO  ProfileMatch              :     lib root package: "com.facebook.all"  (in app: "a")
17:33:33 INFO  ProfileMatch              : 
17:33:33 INFO  ProfileMatch              :                 name: Facebook
17:33:33 INFO  ProfileMatch              :             category: SocialMedia
17:33:33 INFO  ProfileMatch              :              version: 5.15.3  [OLD VERSION]
17:33:33 INFO  ProfileMatch              :         release-date: 03.02.2020
17:33:33 INFO  ProfileMatch              :     lib root package: "com.facebook.all"  (in app: "a")
17:33:33 INFO  ProfileMatch              : 
17:33:33 INFO  ProfileMatch              :                 name: Facebook
17:33:33 INFO  ProfileMatch              :             category: SocialMedia
17:33:33 INFO  ProfileMatch              :              version: 6.0.0  [OLD VERSION]
17:33:33 INFO  ProfileMatch              :         release-date: 03.02.2020
17:33:33 INFO  ProfileMatch              :     lib root package: "com.facebook.all"  (in app: "a")
17:33:33 INFO  ProfileMatch              : 
17:33:33 INFO  ProfileMatch              :                 name: Facebook
17:33:33 INFO  ProfileMatch              :             category: SocialMedia
17:33:33 INFO  ProfileMatch              :              version: 6.1.0  [OLD VERSION]
17:33:33 INFO  ProfileMatch              :         release-date: 14.02.2020
17:33:33 INFO  ProfileMatch              :     lib root package: "com.facebook.all"  (in app: "a")
17:33:33 INFO  ProfileMatch              : 
17:33:33 INFO  ProfileMatch              :                 name: Facebook
17:33:33 INFO  ProfileMatch              :             category: SocialMedia
17:33:33 INFO  ProfileMatch              :              version: 6.2.0  [OLD VERSION]
17:33:33 INFO  ProfileMatch              :         release-date: 09.03.2020
17:33:33 INFO  ProfileMatch              :     lib root package: "com.facebook.all"  (in app: "a")
17:33:33 INFO  ProfileMatch              : 
17:33:33 INFO  ProfileMatch              :                 name: Facebook
17:33:33 INFO  ProfileMatch              :             category: SocialMedia
17:33:33 INFO  ProfileMatch              :              version: 6.3.0  [OLD VERSION]
17:33:33 INFO  ProfileMatch              :         release-date: 25.03.2020
17:33:33 INFO  ProfileMatch              :     lib root package: "com.facebook.all"  (in app: "a")
17:33:33 INFO  ProfileMatch              : 
17:33:33 INFO  ProfileMatch              :                 name: Facebook
17:33:33 INFO  ProfileMatch              :             category: SocialMedia
17:33:33 INFO  ProfileMatch              :              version: 6.4.0  [OLD VERSION]
17:33:33 INFO  ProfileMatch              :         release-date: 15.04.2020
17:33:33 INFO  ProfileMatch              :     lib root package: "com.facebook.all"  (in app: "a")
17:33:33 INFO  ProfileMatch              : 
17:33:33 INFO  ProfileMatch              :                 name: Facebook
17:33:33 INFO  ProfileMatch              :             category: SocialMedia
17:33:33 INFO  ProfileMatch              :              version: 6.5.0  [OLD VERSION]
17:33:33 INFO  ProfileMatch              :         release-date: 20.04.2020
17:33:33 INFO  ProfileMatch              :     lib root package: "com.facebook.all"  (in app: "a")
17:33:33 INFO  ProfileMatch              : 
17:33:33 INFO  ProfileMatch              :                 name: Facebook
17:33:33 INFO  ProfileMatch              :             category: SocialMedia
17:33:33 INFO  ProfileMatch              :              version: 6.5.1  [OLD VERSION]
17:33:33 INFO  ProfileMatch              :         release-date: 23.04.2020
17:33:33 INFO  ProfileMatch              :     lib root package: "com.facebook.all"  (in app: "a")
17:33:33 INFO  ProfileMatch              : 
17:33:33 INFO  ProfileMatch              :                 name: Facebook
17:33:33 INFO  ProfileMatch              :             category: SocialMedia
17:33:33 INFO  ProfileMatch              :              version: 7.0.0  [OLD VERSION]
17:33:33 INFO  ProfileMatch              :         release-date: 05.05.2020
17:33:33 INFO  ProfileMatch              :     lib root package: "com.facebook.all"  (in app: "a")
17:33:33 INFO  ProfileMatch              : 
17:33:33 INFO  ProfileMatch              :                 name: Facebook
17:33:33 INFO  ProfileMatch              :             category: SocialMedia
17:33:33 INFO  ProfileMatch              :              version: 7.0.1  [OLD VERSION]
17:33:33 INFO  ProfileMatch              :         release-date: 09.06.2020
17:33:33 INFO  ProfileMatch              :     lib root package: "com.facebook.all"  (in app: "a")
17:33:33 INFO  ProfileMatch              : 
17:33:33 INFO  ProfileMatch              :                 name: Facebook
17:33:33 INFO  ProfileMatch              :             category: SocialMedia
17:33:33 INFO  ProfileMatch              :              version: 7.1.0  [OLD VERSION]
17:33:33 INFO  ProfileMatch              :         release-date: 23.06.2020
17:33:33 INFO  ProfileMatch              :     lib root package: "com.facebook.all"  (in app: "a")
17:33:33 INFO  ProfileMatch              : 
17:33:33 INFO  ProfileMatch              :                 name: Facebook
17:33:33 INFO  ProfileMatch              :             category: SocialMedia
17:33:33 INFO  ProfileMatch              :              version: 8.0.0  [OLD VERSION]
17:33:33 INFO  ProfileMatch              :         release-date: 28.09.2020
17:33:33 INFO  ProfileMatch              :     lib root package: "com.facebook.all"  (in app: "a")
17:33:33 INFO  ProfileMatch              : 
17:33:33 INFO  ProfileMatch              :                 name: Facebook
17:33:33 INFO  ProfileMatch              :             category: SocialMedia
17:33:33 INFO  ProfileMatch              :              version: 8.1.0  [OLD VERSION]
17:33:33 INFO  ProfileMatch              :         release-date: 14.10.2020
17:33:33 INFO  ProfileMatch              :     lib root package: "com.facebook.all"  (in app: "a")
17:33:33 INFO  ProfileMatch              : 
17:33:33 INFO  ProfileMatch              :                 name: Facebook
17:33:33 INFO  ProfileMatch              :             category: SocialMedia
17:33:33 INFO  ProfileMatch              :              version: 8.2.0  [OLD VERSION]
17:33:33 INFO  ProfileMatch              :         release-date: 18.12.2020
17:33:33 INFO  ProfileMatch              :     lib root package: "com.facebook.all"  (in app: "a")
17:33:33 INFO  ProfileMatch              : 
17:33:33 INFO  ProfileMatch              :                 name: Facebook
17:33:33 INFO  ProfileMatch              :             category: SocialMedia
17:33:33 INFO  ProfileMatch              :              version: 9.0.0  [OLD VERSION]
17:33:33 INFO  ProfileMatch              :         release-date: 19.01.2021
17:33:33 INFO  ProfileMatch              :     lib root package: "com.facebook.all"  (in app: "a")
17:33:33 INFO  ProfileMatch              : 
17:33:33 INFO  ProfileMatch              :                 name: Facebook
17:33:33 INFO  ProfileMatch              :             category: SocialMedia
17:33:33 INFO  ProfileMatch              :              version: 9.1.0  [OLD VERSION]
17:33:33 INFO  ProfileMatch              :         release-date: 15.03.2021
17:33:33 INFO  ProfileMatch              :     lib root package: "com.facebook.all"  (in app: "a")
17:33:33 INFO  ProfileMatch              : 
17:33:33 INFO  ProfileMatch              :                 name: Facebook
17:33:33 INFO  ProfileMatch              :             category: SocialMedia
17:33:33 INFO  ProfileMatch              :              version: 9.1.1  [OLD VERSION]
17:33:33 INFO  ProfileMatch              :         release-date: 12.04.2021
17:33:33 INFO  ProfileMatch              :     lib root package: "com.facebook.all"  (in app: "a")
17:33:33 INFO  ProfileMatch              : 
17:33:33 INFO  ProfileMatch              :                 name: Facebook
17:33:33 INFO  ProfileMatch              :             category: SocialMedia
17:33:33 INFO  ProfileMatch              :              version: 11.0.0  [OLD VERSION]
17:33:33 INFO  ProfileMatch              :         release-date: 08.06.2021
17:33:33 INFO  ProfileMatch              :     lib root package: "com.facebook.all"  (in app: "a")
17:33:33 INFO  ProfileMatch              : 
17:33:33 INFO  ProfileMatch              :                 name: Facebook
17:33:33 INFO  ProfileMatch              :             category: SocialMedia
17:33:33 INFO  ProfileMatch              :              version: 11.1.0  [OLD VERSION]
17:33:33 INFO  ProfileMatch              :         release-date: 06.07.2021
17:33:33 INFO  ProfileMatch              :     lib root package: "com.facebook.all"  (in app: "a")
17:33:33 INFO  ProfileMatch              : 
17:33:33 INFO  ProfileMatch              :                 name: Facebook
17:33:33 INFO  ProfileMatch              :             category: SocialMedia
17:33:33 INFO  ProfileMatch              :              version: 11.1.1  [OLD VERSION]
17:33:33 INFO  ProfileMatch              :         release-date: 19.07.2021
17:33:33 INFO  ProfileMatch              :     lib root package: "com.facebook.all"  (in app: "a")
17:33:33 INFO  ProfileMatch              : 
17:33:33 INFO  ProfileMatch              :                 name: Facebook
17:33:33 INFO  ProfileMatch              :             category: SocialMedia
17:33:33 INFO  ProfileMatch              :              version: 11.2.0  [OLD VERSION]
17:33:33 INFO  ProfileMatch              :         release-date: 03.08.2021
17:33:33 INFO  ProfileMatch              :     lib root package: "com.facebook.all"  (in app: "a")
17:33:33 INFO  ProfileMatch              : 
17:33:33 INFO  ProfileMatch              :                 name: Facebook
17:33:33 INFO  ProfileMatch              :             category: SocialMedia
17:33:33 INFO  ProfileMatch              :              version: 11.3.0  [OLD VERSION]
17:33:33 INFO  ProfileMatch              :         release-date: 07.09.2021
17:33:33 INFO  ProfileMatch              :     lib root package: "com.facebook.all"  (in app: "a")
17:33:33 INFO  ProfileMatch              : 
17:33:33 INFO  ProfileMatch              :                 name: Facebook
17:33:33 INFO  ProfileMatch              :             category: SocialMedia
17:33:33 INFO  ProfileMatch              :              version: 12.0.0  [OLD VERSION]
17:33:33 INFO  ProfileMatch              :         release-date: 05.10.2021
17:33:33 INFO  ProfileMatch              :     lib root package: "com.facebook.all"  (in app: "a")
17:33:33 INFO  ProfileMatch              : 
17:33:33 INFO  ProfileMatch              :                 name: Facebook
17:33:33 INFO  ProfileMatch              :             category: SocialMedia
17:33:33 INFO  ProfileMatch              :              version: 12.0.1  [OLD VERSION]
17:33:33 INFO  ProfileMatch              :         release-date: 13.10.2021
17:33:33 INFO  ProfileMatch              :     lib root package: "com.facebook.all"  (in app: "a")
17:33:33 INFO  ProfileMatch              : 
17:33:33 INFO  ProfileMatch              :                 name: Facebook
17:33:33 INFO  ProfileMatch              :             category: SocialMedia
17:33:33 INFO  ProfileMatch              :              version: 12.1.0  [OLD VERSION]
17:33:33 INFO  ProfileMatch              :         release-date: 01.11.2021
17:33:33 INFO  ProfileMatch              :     lib root package: "com.facebook.all"  (in app: "a")
17:33:33 INFO  ProfileMatch              : 
17:33:33 INFO  ProfileMatch              :                 name: Facebook
17:33:33 INFO  ProfileMatch              :             category: SocialMedia
17:33:33 INFO  ProfileMatch              :              version: 12.2.0  [OLD VERSION]
17:33:33 INFO  ProfileMatch              :         release-date: 06.12.2021
17:33:33 INFO  ProfileMatch              :     lib root package: "com.facebook.all"  (in app: "a")
17:33:33 INFO  ProfileMatch              : 
17:33:33 INFO  ProfileMatch              :                 name: Facebook
17:33:33 INFO  ProfileMatch              :             category: SocialMedia
17:33:33 INFO  ProfileMatch              :              version: 12.3.0  [OLD VERSION]
17:33:33 INFO  ProfileMatch              :         release-date: 10.01.2022
17:33:33 INFO  ProfileMatch              :     lib root package: "com.facebook.all"  (in app: "a")
17:33:33 INFO  ProfileMatch              : 
17:33:33 INFO  ProfileMatch              :                 name: Facebook
17:33:33 INFO  ProfileMatch              :             category: SocialMedia
17:33:33 INFO  ProfileMatch              :              version: 13.0.0  [OLD VERSION]
17:33:33 INFO  ProfileMatch              :         release-date: 23.02.2022
17:33:33 INFO  ProfileMatch              :     lib root package: "com.facebook.all"  (in app: "a")
17:33:33 INFO  ProfileMatch              : 
17:33:33 INFO  ProfileMatch              :                 name: Facebook
17:33:33 INFO  ProfileMatch              :             category: SocialMedia
17:33:33 INFO  ProfileMatch              :              version: 13.1.0  [OLD VERSION]
17:33:33 INFO  ProfileMatch              :         release-date: 21.03.2022
17:33:33 INFO  ProfileMatch              :     lib root package: "com.facebook.all"  (in app: "a")
17:33:33 INFO  ProfileMatch              : 
17:33:33 INFO  ProfileMatch              :                 name: Facebook
17:33:33 INFO  ProfileMatch              :             category: SocialMedia
17:33:33 INFO  ProfileMatch              :              version: 13.2.0  [OLD VERSION]
17:33:33 INFO  ProfileMatch              :         release-date: 22.04.2022
17:33:33 INFO  ProfileMatch              :     lib root package: "com.facebook.all"  (in app: "a")
17:33:33 INFO  ProfileMatch              : 
17:33:33 INFO  ProfileMatch              :                 name: Facebook
17:33:33 INFO  ProfileMatch              :             category: SocialMedia
17:33:33 INFO  ProfileMatch              :              version: 14.0.0
17:33:33 INFO  ProfileMatch              :         release-date: 14.06.2022
17:33:33 INFO  ProfileMatch              :     lib root package: "com.facebook.all"  (in app: "a")
17:33:33 INFO  ProfileMatch              : 
17:33:33 INFO  LibraryIdentifier         : 
17:33:33 INFO  LibraryIdentifier         : - Partial library matches:
17:33:34 INFO  LibraryIdentifier         : 
17:33:34 INFO  LibraryIdentifier         : App processing time: 20 sec, 582 ms
