23:48:29 INFO  LibraryIdentifier         : Process app: com.aaronjwood.portauthority_63.apk
23:48:29 INFO  LibraryIdentifier         : = Manifest Parser =
23:48:29 INFO  LibraryIdentifier         :         Package name: com.aaronjwood.portauthority
23:48:29 INFO  LibraryIdentifier         :         Version code: 63
23:48:29 INFO  LibraryIdentifier         :        minSdkVersion: 14
23:48:29 INFO  LibraryIdentifier         :     targetSdkVersion: 29
23:48:29 INFO  LibraryIdentifier         :         SharedUserId:  - none -
23:48:29 INFO  LibraryIdentifier         :     Library dependencies:  - none -
23:48:29 INFO  LibraryIdentifier         : 
23:48:29 INFO  LibraryIdentifier         : Found 402 unique libraries in 12405 library profiles
23:48:29 INFO  LibraryIdentifier         : Generated class hierarchy (in 593 ms)
23:48:29 INFO  WalaUtils                 : 
23:48:29 INFO  WalaUtils                 : = ClassHierarchy Stats =
23:48:29 INFO  WalaUtils                 :     # of classes: 1047
23:48:29 INFO  WalaUtils                 :     # thereof inner classes: 401
23:48:29 INFO  WalaUtils                 :     # thereof public classes: 1047
23:48:29 INFO  WalaUtils                 :         Activity : 10
23:48:29 INFO  WalaUtils                 :         Application : 0
23:48:29 INFO  WalaUtils                 :         AsyncTask : 8
23:48:29 INFO  WalaUtils                 :         BroadcastReceiver : 2
23:48:29 INFO  WalaUtils                 :         ContentProvider : 0
23:48:29 INFO  WalaUtils                 :         Fragment : 2
23:48:29 INFO  WalaUtils                 :         Handler : 1
23:48:29 INFO  WalaUtils                 :         LayoutContainer : 26
23:48:29 INFO  WalaUtils                 :         Plain : 978
23:48:29 INFO  WalaUtils                 :         Runnable : 0
23:48:29 INFO  WalaUtils                 :         Service : 0
23:48:29 INFO  WalaUtils                 :         Thread : 2
23:48:29 INFO  WalaUtils                 :         View : 18
23:48:29 INFO  WalaUtils                 :     # methods: 6037
23:48:29 INFO  WalaUtils                 :         # of publicly accessible methods: 6026
23:48:29 INFO  WalaUtils                 :         # of non-accessible methods: 11
23:48:29 INFO  WalaUtils                 : 
23:48:29 INFO  Profile                   : = PackageTree =
23:48:29 INFO  PackageTree               : Root Package: c
23:48:29 INFO  PackageTree               : └── Root
23:48:29 INFO  PackageTree               :     ├── androidx
23:48:29 INFO  PackageTree               :     │   ├── appcompat
23:48:29 INFO  PackageTree               :     │   │   ├── widget (55)
23:48:29 INFO  PackageTree               :     │   │   ├── view
23:48:29 INFO  PackageTree               :     │   │   │   └── menu (5)
23:48:29 INFO  PackageTree               :     │   │   └── app (6)
23:48:29 INFO  PackageTree               :     │   ├── drawerlayout
23:48:29 INFO  PackageTree               :     │   │   └── widget (9)
23:48:29 INFO  PackageTree               :     │   ├── annotation (1)
23:48:29 INFO  PackageTree               :     │   ├── activity (9)
23:48:29 INFO  PackageTree               :     │   ├── lifecycle (8)
23:48:29 INFO  PackageTree               :     │   ├── core
23:48:29 INFO  PackageTree               :     │   │   ├── app (4)
23:48:29 INFO  PackageTree               :     │   │   ├── graphics
23:48:29 INFO  PackageTree               :     │   │   │   └── drawable (2)
23:48:29 INFO  PackageTree               :     │   │   └── widget (5)
23:48:29 INFO  PackageTree               :     │   ├── media (4)
23:48:29 INFO  PackageTree               :     │   ├── fragment
23:48:29 INFO  PackageTree               :     │   │   └── app (5)
23:48:29 INFO  PackageTree               :     │   ├── versionedparcelable (3)
23:48:29 INFO  PackageTree               :     │   └── savedstate (2)
23:48:29 INFO  PackageTree               :     ├── c
23:48:29 INFO  PackageTree               :     │   ├── e (1)
23:48:29 INFO  PackageTree               :     │   │   ├── c (1)
23:48:29 INFO  PackageTree               :     │   │   │   └── b (11)
23:48:29 INFO  PackageTree               :     │   │   ├── i (41)
23:48:29 INFO  PackageTree               :     │   │   │   └── y (6)
23:48:29 INFO  PackageTree               :     │   │   ├── b (11)
23:48:29 INFO  PackageTree               :     │   │   ├── d (13)
23:48:29 INFO  PackageTree               :     │   │   │   └── l (5)
23:48:29 INFO  PackageTree               :     │   │   ├── e
23:48:29 INFO  PackageTree               :     │   │   │   └── a (3)
23:48:29 INFO  PackageTree               :     │   │   ├── f (15)
23:48:29 INFO  PackageTree               :     │   │   ├── j (9)
23:48:29 INFO  PackageTree               :     │   │   ├── g (2)
23:48:29 INFO  PackageTree               :     │   │   └── h (1)
23:48:29 INFO  PackageTree               :     │   ├── b (2)
23:48:29 INFO  PackageTree               :     │   │   ├── c (46)
23:48:29 INFO  PackageTree               :     │   │   ├── f (1)
23:48:29 INFO  PackageTree               :     │   │   ├── h (102)
23:48:29 INFO  PackageTree               :     │   │   ├── g (13)
23:48:29 INFO  PackageTree               :     │   │   │   └── i (38)
23:48:29 INFO  PackageTree               :     │   │   ├── e
23:48:29 INFO  PackageTree               :     │   │   │   └── a (14)
23:48:29 INFO  PackageTree               :     │   │   └── d
23:48:29 INFO  PackageTree               :     │   │       └── a (2)
23:48:29 INFO  PackageTree               :     │   ├── o
23:48:29 INFO  PackageTree               :     │   │   └── a
23:48:29 INFO  PackageTree               :     │   │       └── a (19)
23:48:29 INFO  PackageTree               :     │   ├── i
23:48:29 INFO  PackageTree               :     │   │   └── a (43)
23:48:29 INFO  PackageTree               :     │   ├── k (25)
23:48:29 INFO  PackageTree               :     │   ├── d (15)
23:48:29 INFO  PackageTree               :     │   ├── g
23:48:29 INFO  PackageTree               :     │   │   ├── b (4)
23:48:29 INFO  PackageTree               :     │   │   └── a (3)
23:48:29 INFO  PackageTree               :     │   ├── c
23:48:29 INFO  PackageTree               :     │   │   └── a
23:48:29 INFO  PackageTree               :     │   │       ├── a (4)
23:48:29 INFO  PackageTree               :     │   │       └── b (8)
23:48:29 INFO  PackageTree               :     │   ├── n (5)
23:48:29 INFO  PackageTree               :     │   ├── l
23:48:29 INFO  PackageTree               :     │   │   └── a (5)
23:48:29 INFO  PackageTree               :     │   ├── p (3)
23:48:29 INFO  PackageTree               :     │   ├── j
23:48:29 INFO  PackageTree               :     │   │   └── a
23:48:29 INFO  PackageTree               :     │   │       └── a (4)
23:48:29 INFO  PackageTree               :     │   ├── f
23:48:29 INFO  PackageTree               :     │   │   └── a (6)
23:48:29 INFO  PackageTree               :     │   ├── h
23:48:29 INFO  PackageTree               :     │   │   └── a (1)
23:48:29 INFO  PackageTree               :     │   ├── a (3)
23:48:29 INFO  PackageTree               :     │   └── m (3)
23:48:29 INFO  PackageTree               :     ├── e (4)
23:48:29 INFO  PackageTree               :     │   ├── e (64)
23:48:29 INFO  PackageTree               :     │   ├── f (6)
23:48:29 INFO  PackageTree               :     │   │   └── g (4)
23:48:29 INFO  PackageTree               :     │   ├── c (11)
23:48:29 INFO  PackageTree               :     │   └── d (4)
23:48:29 INFO  PackageTree               :     ├── d
23:48:29 INFO  PackageTree               :     │   ├── a
23:48:29 INFO  PackageTree               :     │   │   └── a
23:48:29 INFO  PackageTree               :     │   │       ├── a (14)
23:48:29 INFO  PackageTree               :     │   │       ├── h (4)
23:48:29 INFO  PackageTree               :     │   │       ├── c (9)
23:48:29 INFO  PackageTree               :     │   │       ├── b (2)
23:48:29 INFO  PackageTree               :     │   │       ├── d (1)
23:48:29 INFO  PackageTree               :     │   │       ├── f (5)
23:48:29 INFO  PackageTree               :     │   │       ├── i (2)
23:48:29 INFO  PackageTree               :     │   │       ├── g (3)
23:48:29 INFO  PackageTree               :     │   │       └── e (1)
23:48:29 INFO  PackageTree               :     │   └── b
23:48:29 INFO  PackageTree               :     │       └── a
23:48:29 INFO  PackageTree               :     │           └── a (1)
23:48:29 INFO  PackageTree               :     ├── f (47)
23:48:29 INFO  PackageTree               :     │   └── e0 (5)
23:48:29 INFO  PackageTree               :     │       ├── i (40)
23:48:29 INFO  PackageTree               :     │       ├── g (11)
23:48:29 INFO  PackageTree               :     │       ├── e (3)
23:48:29 INFO  PackageTree               :     │       ├── j (11)
23:48:29 INFO  PackageTree               :     │       ├── f (9)
23:48:29 INFO  PackageTree               :     │       ├── l (5)
23:48:29 INFO  PackageTree               :     │       ├── h (7)
23:48:29 INFO  PackageTree               :     │       └── k (1)
23:48:29 INFO  PackageTree               :     ├── g (30)
23:48:29 INFO  PackageTree               :     ├── h
23:48:29 INFO  PackageTree               :     │   └── a (8)
23:48:29 INFO  PackageTree               :     │       ├── n (33)
23:48:29 INFO  PackageTree               :     │       ├── p (2)
23:48:29 INFO  PackageTree               :     │       ├── g (12)
23:48:29 INFO  PackageTree               :     │       ├── k (6)
23:48:29 INFO  PackageTree               :     │       ├── j (5)
23:48:29 INFO  PackageTree               :     │       ├── i (4)
23:48:29 INFO  PackageTree               :     │       ├── m (10)
23:48:29 INFO  PackageTree               :     │       ├── o (3)
23:48:29 INFO  PackageTree               :     │       ├── h (5)
23:48:29 INFO  PackageTree               :     │       ├── l (2)
23:48:29 INFO  PackageTree               :     │       ├── e (2)
23:48:29 INFO  PackageTree               :     │       └── f (3)
23:48:29 INFO  PackageTree               :     ├── android
23:48:29 INFO  PackageTree               :     │   └── support
23:48:29 INFO  PackageTree               :     │       └── v4
23:48:29 INFO  PackageTree               :     │           ├── media (11)
23:48:29 INFO  PackageTree               :     │           │   └── session (14)
23:48:29 INFO  PackageTree               :     │           ├── graphics
23:48:29 INFO  PackageTree               :     │           │   └── drawable (1)
23:48:29 INFO  PackageTree               :     │           └── app (1)
23:48:29 INFO  PackageTree               :     ├── com
23:48:29 INFO  PackageTree               :     │   └── aaronjwood
23:48:29 INFO  PackageTree               :     │       └── portauthority
23:48:29 INFO  PackageTree               :     │           └── activity (7)
23:48:29 INFO  PackageTree               :     ├── b
23:48:29 INFO  PackageTree               :     │   └── a
23:48:29 INFO  PackageTree               :     │       └── a
23:48:29 INFO  PackageTree               :     │           ├── b (6)
23:48:29 INFO  PackageTree               :     │           └── a
23:48:29 INFO  PackageTree               :     │               └── a (1)
23:48:29 INFO  PackageTree               :     └── okhttp3
23:48:29 INFO  PackageTree               :         └── internal
23:48:29 INFO  PackageTree               :             └── publicsuffix (1)
23:48:29 INFO  Profile                   : 
23:48:29 INFO  AppProfile                : - generated app package tree (in 21 ms)
23:48:29 INFO  AppProfile                : 
23:48:29 DEBUG HashTree                  : Generate hash tree..
23:48:29 DEBUG HashTree                  :     - generated 97 package hashes.
23:48:29 DEBUG HashTree                  :     - generated 1012 clazz hashes.
23:48:29 DEBUG HashTree                  :     - generated 6037 method hashes.
23:48:29 DEBUG HashTree                  :     => Library Hash: 919a8bc468e12d1b2573e77493afd1dc
23:48:29 INFO  AppProfile                : - generated app hash trees (in 106 ms)
23:48:29 INFO  AppProfile                : 
23:48:29 INFO  LibraryIdentifier         : = Scan for library root packages (heuristic) =
23:48:29 INFO  LibraryIdentifier         :     - Found lib root package okhttp3  (OkHttp)
23:48:29 INFO  LibraryIdentifier         :     - Found lib root package androidx.annotation  (androidx.annotation::annotation)
23:48:30 INFO  LibraryIdentifier         :     - Found lib root package androidx.appcompat  (androidx.appcompat::appcompat)
23:48:30 INFO  LibraryIdentifier         :     - Found lib root package androidx.core  (androidx.core::core)
23:48:30 INFO  LibraryIdentifier         :     - Found lib root package androidx  (androidx.core::core-ktx)
23:48:30 INFO  LibraryIdentifier         :     - Found lib root package androidx.drawerlayout.widget  (androidx.drawerlayout::drawerlayout)
23:48:30 INFO  LibraryIdentifier         :     - Found lib root package androidx.fragment.app  (androidx.fragment::fragment)
23:48:30 INFO  LibraryIdentifier         :     - Found lib root package androidx.fragment.app  (androidx.fragment::fragment-ktx)
23:48:30 INFO  LibraryIdentifier         :     - Found lib root package androidx.lifecycle  (androidx.lifecycle::lifecycle-common)
23:48:30 INFO  LibraryIdentifier         :     - Found lib root package androidx.lifecycle  (androidx.lifecycle::lifecycle-common-java8)
23:48:30 INFO  LibraryIdentifier         :     - Found lib root package androidx.lifecycle  (androidx.lifecycle::lifecycle-compiler)
23:48:30 INFO  LibraryIdentifier         :     - Found lib root package androidx.lifecycle  (androidx.lifecycle::lifecycle-extensions)
23:48:30 INFO  LibraryIdentifier         :     - Found lib root package androidx.lifecycle  (androidx.lifecycle::lifecycle-livedata)
23:48:30 INFO  LibraryIdentifier         :     - Found lib root package androidx.lifecycle  (androidx.lifecycle::lifecycle-livedata-core)
23:48:30 INFO  LibraryIdentifier         :     - Found lib root package androidx.lifecycle  (androidx.lifecycle::lifecycle-process)
23:48:30 INFO  LibraryIdentifier         :     - Found lib root package androidx.lifecycle  (androidx.lifecycle::lifecycle-reactivestreams)
23:48:30 INFO  LibraryIdentifier         :     - Found lib root package androidx.lifecycle  (androidx.lifecycle::lifecycle-reactivestreams-ktx)
23:48:30 INFO  LibraryIdentifier         :     - Found lib root package androidx.lifecycle  (androidx.lifecycle::lifecycle-runtime)
23:48:30 INFO  LibraryIdentifier         :     - Found lib root package androidx.lifecycle  (androidx.lifecycle::lifecycle-service)
23:48:30 INFO  LibraryIdentifier         :     - Found lib root package androidx.lifecycle  (androidx.lifecycle::lifecycle-viewmodel)
23:48:30 INFO  LibraryIdentifier         :     - Found lib root package androidx.lifecycle  (androidx.lifecycle::lifecycle-viewmodel-ktx)
23:48:30 INFO  LibraryIdentifier         :     - Found lib root package android.support.v4.media  (androidx.media::media)
23:48:30 INFO  LibraryIdentifier         :     - Found lib root package androidx.versionedparcelable  (androidx.versionedparcelable::versionedparcelable)
23:48:30 INFO  LibraryIdentifier         :     - Found lib root package android.support.v4  (com.android.support::customview)
23:48:30 INFO  LibraryIdentifier         :     - Found lib root package android.support.v4  (com.android.support::loader)
23:48:30 INFO  LibraryIdentifier         :     - Found lib root package android.support.v4  (com.android.support::support-compat)
23:48:30 INFO  LibraryIdentifier         :     - Found lib root package android.support.v4  (com.android.support::support-core-ui)
23:48:30 INFO  LibraryIdentifier         :     - Found lib root package android.support.v4  (com.android.support::support-core-utils)
23:48:30 INFO  LibraryIdentifier         :     - Found lib root package android.support.v4.app  (com.android.support::support-fragment)
23:48:30 INFO  LibraryIdentifier         :     - Found lib root package android.support.v4.media  (com.android.support::support-media-compat)
23:48:30 INFO  LibraryIdentifier         :     - Found lib root package android.support.v4  (com.android.support::support-v4)
23:48:30 INFO  LibraryIdentifier         :     - Found lib root package androidx.versionedparcelable  (com.android.support::versionedparcelable)
23:48:30 INFO  LibraryIdentifier         : 
23:48:30 INFO  LibraryIdentifier         : = Match profiles =
23:48:46 INFO  LibraryIdentifier         :     >> profile matching done (16 sec, 195 ms)
23:48:46 INFO  LibraryIdentifier         : 
23:48:46 INFO  LibraryIdentifier         : == Report ==
23:48:46 INFO  LibraryIdentifier         : - Full library matches:
23:48:46 INFO  ProfileMatch              :                 name: com.google.firebase::firebase-ml-vision-image-label-model
23:48:46 INFO  ProfileMatch              :             category: Android
23:48:46 INFO  ProfileMatch              :              version: 20.0.0  [OLD VERSION]
23:48:46 INFO  ProfileMatch              :         release-date:  --
23:48:46 INFO  ProfileMatch              :     lib root package: "com.google.firebase.ml.vision.imagelabel"  (in app: "c")
23:48:46 INFO  ProfileMatch              : 
23:48:46 INFO  ProfileMatch              :                 name: com.google.firebase::firebase-ml-vision-image-label-model
23:48:46 INFO  ProfileMatch              :             category: Android
23:48:46 INFO  ProfileMatch              :              version: 20.0.1  [OLD VERSION]
23:48:46 INFO  ProfileMatch              :         release-date:  --
23:48:46 INFO  ProfileMatch              :     lib root package: "com.google.firebase.ml.vision.imagelabel"  (in app: "c")
23:48:46 INFO  ProfileMatch              : 
23:48:46 INFO  ProfileMatch              :                 name: com.google.firebase::firebase-ml-vision-image-label-model
23:48:46 INFO  ProfileMatch              :             category: Android
23:48:46 INFO  ProfileMatch              :              version: 20.0.2
23:48:46 INFO  ProfileMatch              :         release-date:  --
23:48:46 INFO  ProfileMatch              :     lib root package: "com.google.firebase.ml.vision.imagelabel"  (in app: "c")
23:48:46 INFO  ProfileMatch              : 
23:48:46 INFO  ProfileMatch              :                 name: com.android.support::interpolator
23:48:46 INFO  ProfileMatch              :             category: Android
23:48:46 INFO  ProfileMatch              :              version: 28.0.0
23:48:46 INFO  ProfileMatch              :         release-date:  --
23:48:46 INFO  ProfileMatch              :     lib root package: "android.support.v4.view.animation"  (in app: "c.j.a.a")
23:48:46 INFO  ProfileMatch              : 
23:48:46 INFO  ProfileMatch              :                 name: androidx.interpolator::interpolator
23:48:46 INFO  ProfileMatch              :             category: Android
23:48:46 INFO  ProfileMatch              :              version: 1.0.0
23:48:46 INFO  ProfileMatch              :         release-date:  --
23:48:46 INFO  ProfileMatch              :     lib root package: "androidx.interpolator.view.animation"  (in app: "c.j.a.a")
23:48:46 INFO  ProfileMatch              : 
23:48:46 INFO  ProfileMatch              :                 name: Facebook
23:48:46 INFO  ProfileMatch              :             category: SocialMedia
23:48:46 INFO  ProfileMatch              :              version: 4.27.0  [OLD VERSION]
23:48:46 INFO  ProfileMatch              :         release-date: 26.09.2017
23:48:46 INFO  ProfileMatch              :     lib root package: "com.facebook.all"  (in app: "c")
23:48:46 INFO  ProfileMatch              : 
23:48:46 INFO  ProfileMatch              :                 name: Facebook
23:48:46 INFO  ProfileMatch              :             category: SocialMedia
23:48:46 INFO  ProfileMatch              :              version: 4.28.0  [OLD VERSION]
23:48:46 INFO  ProfileMatch              :         release-date: 07.11.2017
23:48:46 INFO  ProfileMatch              :     lib root package: "com.facebook.all"  (in app: "c")
23:48:46 INFO  ProfileMatch              : 
23:48:46 INFO  ProfileMatch              :                 name: Facebook
23:48:46 INFO  ProfileMatch              :             category: SocialMedia
23:48:46 INFO  ProfileMatch              :              version: 4.29.0  [OLD VERSION]
23:48:46 INFO  ProfileMatch              :         release-date: 05.12.2017
23:48:46 INFO  ProfileMatch              :     lib root package: "com.facebook.all"  (in app: "c")
23:48:46 INFO  ProfileMatch              : 
23:48:46 INFO  ProfileMatch              :                 name: Facebook
23:48:46 INFO  ProfileMatch              :             category: SocialMedia
23:48:46 INFO  ProfileMatch              :              version: 4.30.0  [OLD VERSION]
23:48:46 INFO  ProfileMatch              :         release-date: 24.01.2018
23:48:46 INFO  ProfileMatch              :     lib root package: "com.facebook.all"  (in app: "c")
23:48:46 INFO  ProfileMatch              : 
23:48:46 INFO  ProfileMatch              :                 name: Facebook
23:48:46 INFO  ProfileMatch              :             category: SocialMedia
23:48:46 INFO  ProfileMatch              :              version: 4.31.0  [OLD VERSION]
23:48:46 INFO  ProfileMatch              :         release-date: 28.02.2018
23:48:46 INFO  ProfileMatch              :     lib root package: "com.facebook.all"  (in app: "c")
23:48:46 INFO  ProfileMatch              : 
23:48:46 INFO  ProfileMatch              :                 name: Facebook
23:48:46 INFO  ProfileMatch              :             category: SocialMedia
23:48:46 INFO  ProfileMatch              :              version: 4.32.0  [OLD VERSION]
23:48:46 INFO  ProfileMatch              :         release-date: 11.04.2018
23:48:46 INFO  ProfileMatch              :     lib root package: "com.facebook.all"  (in app: "c")
23:48:46 INFO  ProfileMatch              : 
23:48:46 INFO  ProfileMatch              :                 name: Facebook
23:48:46 INFO  ProfileMatch              :             category: SocialMedia
23:48:46 INFO  ProfileMatch              :              version: 4.33.0  [OLD VERSION]
23:48:46 INFO  ProfileMatch              :         release-date: 01.05.2018
23:48:46 INFO  ProfileMatch              :     lib root package: "com.facebook.all"  (in app: "c")
23:48:46 INFO  ProfileMatch              : 
23:48:46 INFO  ProfileMatch              :                 name: Facebook
23:48:46 INFO  ProfileMatch              :             category: SocialMedia
23:48:46 INFO  ProfileMatch              :              version: 4.34.0  [OLD VERSION]
23:48:46 INFO  ProfileMatch              :         release-date: 19.06.2018
23:48:46 INFO  ProfileMatch              :     lib root package: "com.facebook.all"  (in app: "c")
23:48:46 INFO  ProfileMatch              : 
23:48:46 INFO  ProfileMatch              :                 name: Facebook
23:48:46 INFO  ProfileMatch              :             category: SocialMedia
23:48:46 INFO  ProfileMatch              :              version: 4.35.0  [OLD VERSION]
23:48:46 INFO  ProfileMatch              :         release-date: 26.07.2018
23:48:46 INFO  ProfileMatch              :     lib root package: "com.facebook.all"  (in app: "c")
23:48:46 INFO  ProfileMatch              : 
23:48:46 INFO  ProfileMatch              :                 name: Facebook
23:48:46 INFO  ProfileMatch              :             category: SocialMedia
23:48:46 INFO  ProfileMatch              :              version: 4.36.0  [OLD VERSION]
23:48:46 INFO  ProfileMatch              :         release-date: 29.08.2018
23:48:46 INFO  ProfileMatch              :     lib root package: "com.facebook.all"  (in app: "c")
23:48:46 INFO  ProfileMatch              : 
23:48:46 INFO  ProfileMatch              :                 name: Facebook
23:48:46 INFO  ProfileMatch              :             category: SocialMedia
23:48:46 INFO  ProfileMatch              :              version: 4.36.1  [OLD VERSION]
23:48:46 INFO  ProfileMatch              :         release-date: 15.09.2018
23:48:46 INFO  ProfileMatch              :     lib root package: "com.facebook.all"  (in app: "c")
23:48:46 INFO  ProfileMatch              : 
23:48:46 INFO  ProfileMatch              :                 name: Facebook
23:48:46 INFO  ProfileMatch              :             category: SocialMedia
23:48:46 INFO  ProfileMatch              :              version: 4.37.0  [OLD VERSION]
23:48:46 INFO  ProfileMatch              :         release-date: 27.09.2018
23:48:46 INFO  ProfileMatch              :     lib root package: "com.facebook.all"  (in app: "c")
23:48:46 INFO  ProfileMatch              : 
23:48:46 INFO  ProfileMatch              :                 name: Facebook
23:48:46 INFO  ProfileMatch              :             category: SocialMedia
23:48:46 INFO  ProfileMatch              :              version: 4.38.0  [OLD VERSION]
23:48:46 INFO  ProfileMatch              :         release-date: 23.10.2018
23:48:46 INFO  ProfileMatch              :     lib root package: "com.facebook.all"  (in app: "c")
23:48:46 INFO  ProfileMatch              : 
23:48:46 INFO  ProfileMatch              :                 name: Facebook
23:48:46 INFO  ProfileMatch              :             category: SocialMedia
23:48:46 INFO  ProfileMatch              :              version: 4.38.1  [OLD VERSION]
23:48:46 INFO  ProfileMatch              :         release-date: 31.10.2018
23:48:46 INFO  ProfileMatch              :     lib root package: "com.facebook.all"  (in app: "c")
23:48:46 INFO  ProfileMatch              : 
23:48:46 INFO  ProfileMatch              :                 name: Facebook
23:48:46 INFO  ProfileMatch              :             category: SocialMedia
23:48:46 INFO  ProfileMatch              :              version: 4.39.0  [OLD VERSION]
23:48:46 INFO  ProfileMatch              :         release-date: 05.12.2018
23:48:46 INFO  ProfileMatch              :     lib root package: "com.facebook.all"  (in app: "c")
23:48:46 INFO  ProfileMatch              : 
23:48:46 INFO  ProfileMatch              :                 name: Facebook
23:48:46 INFO  ProfileMatch              :             category: SocialMedia
23:48:46 INFO  ProfileMatch              :              version: 4.40.0  [OLD VERSION]
23:48:46 INFO  ProfileMatch              :         release-date: 22.01.2019
23:48:46 INFO  ProfileMatch              :     lib root package: "com.facebook.all"  (in app: "c")
23:48:46 INFO  ProfileMatch              : 
23:48:46 INFO  ProfileMatch              :                 name: Facebook
23:48:46 INFO  ProfileMatch              :             category: SocialMedia
23:48:46 INFO  ProfileMatch              :              version: 4.41.0  [OLD VERSION]
23:48:46 INFO  ProfileMatch              :         release-date: 08.03.2019
23:48:46 INFO  ProfileMatch              :     lib root package: "com.facebook.all"  (in app: "c")
23:48:46 INFO  ProfileMatch              : 
23:48:46 INFO  ProfileMatch              :                 name: Facebook
23:48:46 INFO  ProfileMatch              :             category: SocialMedia
23:48:46 INFO  ProfileMatch              :              version: 4.42.0  [OLD VERSION]
23:48:46 INFO  ProfileMatch              :         release-date: 08.04.2019
23:48:46 INFO  ProfileMatch              :     lib root package: "com.facebook.all"  (in app: "c")
23:48:46 INFO  ProfileMatch              : 
23:48:46 INFO  ProfileMatch              :                 name: Facebook
23:48:46 INFO  ProfileMatch              :             category: SocialMedia
23:48:46 INFO  ProfileMatch              :              version: 5.0.0  [OLD VERSION]
23:48:46 INFO  ProfileMatch              :         release-date: 30.04.2019
23:48:46 INFO  ProfileMatch              :     lib root package: "com.facebook.all"  (in app: "c")
23:48:46 INFO  ProfileMatch              : 
23:48:46 INFO  ProfileMatch              :                 name: Facebook
23:48:46 INFO  ProfileMatch              :             category: SocialMedia
23:48:46 INFO  ProfileMatch              :              version: 5.0.1  [OLD VERSION]
23:48:46 INFO  ProfileMatch              :         release-date: 17.05.2019
23:48:46 INFO  ProfileMatch              :     lib root package: "com.facebook.all"  (in app: "c")
23:48:46 INFO  ProfileMatch              : 
23:48:46 INFO  ProfileMatch              :                 name: Facebook
23:48:46 INFO  ProfileMatch              :             category: SocialMedia
23:48:46 INFO  ProfileMatch              :              version: 5.0.2  [OLD VERSION]
23:48:46 INFO  ProfileMatch              :         release-date: 09.06.2019
23:48:46 INFO  ProfileMatch              :     lib root package: "com.facebook.all"  (in app: "c")
23:48:46 INFO  ProfileMatch              : 
23:48:46 INFO  ProfileMatch              :                 name: Facebook
23:48:46 INFO  ProfileMatch              :             category: SocialMedia
23:48:46 INFO  ProfileMatch              :              version: 5.0.3  [OLD VERSION]
23:48:46 INFO  ProfileMatch              :         release-date: 14.06.2019
23:48:46 INFO  ProfileMatch              :     lib root package: "com.facebook.all"  (in app: "c")
23:48:46 INFO  ProfileMatch              : 
23:48:46 INFO  ProfileMatch              :                 name: Facebook
23:48:46 INFO  ProfileMatch              :             category: SocialMedia
23:48:46 INFO  ProfileMatch              :              version: 5.1.0  [OLD VERSION]
23:48:46 INFO  ProfileMatch              :         release-date: 21.06.2019
23:48:46 INFO  ProfileMatch              :     lib root package: "com.facebook.all"  (in app: "c")
23:48:46 INFO  ProfileMatch              : 
23:48:46 INFO  ProfileMatch              :                 name: Facebook
23:48:46 INFO  ProfileMatch              :             category: SocialMedia
23:48:46 INFO  ProfileMatch              :              version: 5.1.1  [OLD VERSION]
23:48:46 INFO  ProfileMatch              :         release-date: 02.07.2019
23:48:46 INFO  ProfileMatch              :     lib root package: "com.facebook.all"  (in app: "c")
23:48:46 INFO  ProfileMatch              : 
23:48:46 INFO  ProfileMatch              :                 name: Facebook
23:48:46 INFO  ProfileMatch              :             category: SocialMedia
23:48:46 INFO  ProfileMatch              :              version: 5.2.0  [OLD VERSION]
23:48:46 INFO  ProfileMatch              :         release-date: 29.07.2019
23:48:46 INFO  ProfileMatch              :     lib root package: "com.facebook.all"  (in app: "c")
23:48:46 INFO  ProfileMatch              : 
23:48:46 INFO  ProfileMatch              :                 name: Facebook
23:48:46 INFO  ProfileMatch              :             category: SocialMedia
23:48:46 INFO  ProfileMatch              :              version: 5.4.0  [OLD VERSION]
23:48:46 INFO  ProfileMatch              :         release-date: 16.08.2019
23:48:46 INFO  ProfileMatch              :     lib root package: "com.facebook.all"  (in app: "c")
23:48:46 INFO  ProfileMatch              : 
23:48:46 INFO  ProfileMatch              :                 name: Facebook
23:48:46 INFO  ProfileMatch              :             category: SocialMedia
23:48:46 INFO  ProfileMatch              :              version: 5.5.0  [OLD VERSION]
23:48:46 INFO  ProfileMatch              :         release-date: 31.08.2019
23:48:46 INFO  ProfileMatch              :     lib root package: "com.facebook.all"  (in app: "c")
23:48:46 INFO  ProfileMatch              : 
23:48:46 INFO  ProfileMatch              :                 name: Facebook
23:48:46 INFO  ProfileMatch              :             category: SocialMedia
23:48:46 INFO  ProfileMatch              :              version: 5.5.1  [OLD VERSION]
23:48:46 INFO  ProfileMatch              :         release-date: 06.09.2019
23:48:46 INFO  ProfileMatch              :     lib root package: "com.facebook.all"  (in app: "c")
23:48:46 INFO  ProfileMatch              : 
23:48:46 INFO  ProfileMatch              :                 name: Facebook
23:48:46 INFO  ProfileMatch              :             category: SocialMedia
23:48:46 INFO  ProfileMatch              :              version: 5.5.2  [OLD VERSION]
23:48:46 INFO  ProfileMatch              :         release-date: 05.10.2019
23:48:46 INFO  ProfileMatch              :     lib root package: "com.facebook.all"  (in app: "c")
23:48:46 INFO  ProfileMatch              : 
23:48:46 INFO  ProfileMatch              :                 name: Facebook
23:48:46 INFO  ProfileMatch              :             category: SocialMedia
23:48:46 INFO  ProfileMatch              :              version: 5.8.0  [OLD VERSION]
23:48:46 INFO  ProfileMatch              :         release-date: 08.10.2019
23:48:46 INFO  ProfileMatch              :     lib root package: "com.facebook.all"  (in app: "c")
23:48:46 INFO  ProfileMatch              : 
23:48:46 INFO  ProfileMatch              :                 name: Facebook
23:48:46 INFO  ProfileMatch              :             category: SocialMedia
23:48:46 INFO  ProfileMatch              :              version: 5.9.0  [OLD VERSION]
23:48:46 INFO  ProfileMatch              :         release-date: 29.10.2019
23:48:46 INFO  ProfileMatch              :     lib root package: "com.facebook.all"  (in app: "c")
23:48:46 INFO  ProfileMatch              : 
23:48:46 INFO  ProfileMatch              :                 name: Facebook
23:48:46 INFO  ProfileMatch              :             category: SocialMedia
23:48:46 INFO  ProfileMatch              :              version: 5.11.0  [OLD VERSION]
23:48:46 INFO  ProfileMatch              :         release-date: 15.11.2019
23:48:46 INFO  ProfileMatch              :     lib root package: "com.facebook.all"  (in app: "c")
23:48:46 INFO  ProfileMatch              : 
23:48:46 INFO  ProfileMatch              :                 name: Facebook
23:48:46 INFO  ProfileMatch              :             category: SocialMedia
23:48:46 INFO  ProfileMatch              :              version: 5.11.1  [OLD VERSION]
23:48:46 INFO  ProfileMatch              :         release-date: 21.11.2019
23:48:46 INFO  ProfileMatch              :     lib root package: "com.facebook.all"  (in app: "c")
23:48:46 INFO  ProfileMatch              : 
23:48:46 INFO  ProfileMatch              :                 name: Facebook
23:48:46 INFO  ProfileMatch              :             category: SocialMedia
23:48:46 INFO  ProfileMatch              :              version: 5.11.2  [OLD VERSION]
23:48:46 INFO  ProfileMatch              :         release-date: 22.11.2019
23:48:46 INFO  ProfileMatch              :     lib root package: "com.facebook.all"  (in app: "c")
23:48:46 INFO  ProfileMatch              : 
23:48:46 INFO  ProfileMatch              :                 name: Facebook
23:48:46 INFO  ProfileMatch              :             category: SocialMedia
23:48:46 INFO  ProfileMatch              :              version: 5.12.0  [OLD VERSION]
23:48:46 INFO  ProfileMatch              :         release-date: 04.12.2019
23:48:46 INFO  ProfileMatch              :     lib root package: "com.facebook.all"  (in app: "c")
23:48:46 INFO  ProfileMatch              : 
23:48:46 INFO  ProfileMatch              :                 name: Facebook
23:48:46 INFO  ProfileMatch              :             category: SocialMedia
23:48:46 INFO  ProfileMatch              :              version: 5.12.1  [OLD VERSION]
23:48:46 INFO  ProfileMatch              :         release-date: 09.12.2019
23:48:46 INFO  ProfileMatch              :     lib root package: "com.facebook.all"  (in app: "c")
23:48:46 INFO  ProfileMatch              : 
23:48:46 INFO  ProfileMatch              :                 name: Facebook
23:48:46 INFO  ProfileMatch              :             category: SocialMedia
23:48:46 INFO  ProfileMatch              :              version: 5.13.0  [OLD VERSION]
23:48:46 INFO  ProfileMatch              :         release-date: 12.12.2019
23:48:46 INFO  ProfileMatch              :     lib root package: "com.facebook.all"  (in app: "c")
23:48:46 INFO  ProfileMatch              : 
23:48:46 INFO  ProfileMatch              :                 name: Facebook
23:48:46 INFO  ProfileMatch              :             category: SocialMedia
23:48:46 INFO  ProfileMatch              :              version: 5.15.0  [OLD VERSION]
23:48:46 INFO  ProfileMatch              :         release-date: 21.01.2020
23:48:46 INFO  ProfileMatch              :     lib root package: "com.facebook.all"  (in app: "c")
23:48:46 INFO  ProfileMatch              : 
23:48:46 INFO  ProfileMatch              :                 name: Facebook
23:48:46 INFO  ProfileMatch              :             category: SocialMedia
23:48:46 INFO  ProfileMatch              :              version: 5.15.1  [OLD VERSION]
23:48:46 INFO  ProfileMatch              :         release-date: 29.01.2020
23:48:46 INFO  ProfileMatch              :     lib root package: "com.facebook.all"  (in app: "c")
23:48:46 INFO  ProfileMatch              : 
23:48:46 INFO  ProfileMatch              :                 name: Facebook
23:48:46 INFO  ProfileMatch              :             category: SocialMedia
23:48:46 INFO  ProfileMatch              :              version: 5.15.2  [OLD VERSION]
23:48:46 INFO  ProfileMatch              :         release-date: 03.02.2020
23:48:46 INFO  ProfileMatch              :     lib root package: "com.facebook.all"  (in app: "c")
23:48:46 INFO  ProfileMatch              : 
23:48:46 INFO  ProfileMatch              :                 name: Facebook
23:48:46 INFO  ProfileMatch              :             category: SocialMedia
23:48:46 INFO  ProfileMatch              :              version: 5.15.3  [OLD VERSION]
23:48:46 INFO  ProfileMatch              :         release-date: 03.02.2020
23:48:46 INFO  ProfileMatch              :     lib root package: "com.facebook.all"  (in app: "c")
23:48:46 INFO  ProfileMatch              : 
23:48:46 INFO  ProfileMatch              :                 name: Facebook
23:48:46 INFO  ProfileMatch              :             category: SocialMedia
23:48:46 INFO  ProfileMatch              :              version: 6.0.0  [OLD VERSION]
23:48:46 INFO  ProfileMatch              :         release-date: 03.02.2020
23:48:46 INFO  ProfileMatch              :     lib root package: "com.facebook.all"  (in app: "c")
23:48:46 INFO  ProfileMatch              : 
23:48:46 INFO  ProfileMatch              :                 name: Facebook
23:48:46 INFO  ProfileMatch              :             category: SocialMedia
23:48:46 INFO  ProfileMatch              :              version: 6.1.0  [OLD VERSION]
23:48:46 INFO  ProfileMatch              :         release-date: 14.02.2020
23:48:46 INFO  ProfileMatch              :     lib root package: "com.facebook.all"  (in app: "c")
23:48:46 INFO  ProfileMatch              : 
23:48:46 INFO  ProfileMatch              :                 name: Facebook
23:48:46 INFO  ProfileMatch              :             category: SocialMedia
23:48:46 INFO  ProfileMatch              :              version: 6.2.0  [OLD VERSION]
23:48:46 INFO  ProfileMatch              :         release-date: 09.03.2020
23:48:46 INFO  ProfileMatch              :     lib root package: "com.facebook.all"  (in app: "c")
23:48:46 INFO  ProfileMatch              : 
23:48:46 INFO  ProfileMatch              :                 name: Facebook
23:48:46 INFO  ProfileMatch              :             category: SocialMedia
23:48:46 INFO  ProfileMatch              :              version: 6.3.0  [OLD VERSION]
23:48:46 INFO  ProfileMatch              :         release-date: 25.03.2020
23:48:46 INFO  ProfileMatch              :     lib root package: "com.facebook.all"  (in app: "c")
23:48:46 INFO  ProfileMatch              : 
23:48:46 INFO  ProfileMatch              :                 name: Facebook
23:48:46 INFO  ProfileMatch              :             category: SocialMedia
23:48:46 INFO  ProfileMatch              :              version: 6.4.0  [OLD VERSION]
23:48:46 INFO  ProfileMatch              :         release-date: 15.04.2020
23:48:46 INFO  ProfileMatch              :     lib root package: "com.facebook.all"  (in app: "c")
23:48:46 INFO  ProfileMatch              : 
23:48:46 INFO  ProfileMatch              :                 name: Facebook
23:48:46 INFO  ProfileMatch              :             category: SocialMedia
23:48:46 INFO  ProfileMatch              :              version: 6.5.0  [OLD VERSION]
23:48:46 INFO  ProfileMatch              :         release-date: 20.04.2020
23:48:46 INFO  ProfileMatch              :     lib root package: "com.facebook.all"  (in app: "c")
23:48:46 INFO  ProfileMatch              : 
23:48:46 INFO  ProfileMatch              :                 name: Facebook
23:48:46 INFO  ProfileMatch              :             category: SocialMedia
23:48:46 INFO  ProfileMatch              :              version: 6.5.1  [OLD VERSION]
23:48:46 INFO  ProfileMatch              :         release-date: 23.04.2020
23:48:46 INFO  ProfileMatch              :     lib root package: "com.facebook.all"  (in app: "c")
23:48:46 INFO  ProfileMatch              : 
23:48:46 INFO  ProfileMatch              :                 name: Facebook
23:48:46 INFO  ProfileMatch              :             category: SocialMedia
23:48:46 INFO  ProfileMatch              :              version: 7.0.0  [OLD VERSION]
23:48:46 INFO  ProfileMatch              :         release-date: 05.05.2020
23:48:46 INFO  ProfileMatch              :     lib root package: "com.facebook.all"  (in app: "c")
23:48:46 INFO  ProfileMatch              : 
23:48:46 INFO  ProfileMatch              :                 name: Facebook
23:48:46 INFO  ProfileMatch              :             category: SocialMedia
23:48:46 INFO  ProfileMatch              :              version: 7.0.1  [OLD VERSION]
23:48:46 INFO  ProfileMatch              :         release-date: 09.06.2020
23:48:46 INFO  ProfileMatch              :     lib root package: "com.facebook.all"  (in app: "c")
23:48:46 INFO  ProfileMatch              : 
23:48:46 INFO  ProfileMatch              :                 name: Facebook
23:48:46 INFO  ProfileMatch              :             category: SocialMedia
23:48:46 INFO  ProfileMatch              :              version: 7.1.0  [OLD VERSION]
23:48:46 INFO  ProfileMatch              :         release-date: 23.06.2020
23:48:46 INFO  ProfileMatch              :     lib root package: "com.facebook.all"  (in app: "c")
23:48:46 INFO  ProfileMatch              : 
23:48:46 INFO  ProfileMatch              :                 name: Facebook
23:48:46 INFO  ProfileMatch              :             category: SocialMedia
23:48:46 INFO  ProfileMatch              :              version: 8.0.0  [OLD VERSION]
23:48:46 INFO  ProfileMatch              :         release-date: 28.09.2020
23:48:46 INFO  ProfileMatch              :     lib root package: "com.facebook.all"  (in app: "c")
23:48:46 INFO  ProfileMatch              : 
23:48:46 INFO  ProfileMatch              :                 name: Facebook
23:48:46 INFO  ProfileMatch              :             category: SocialMedia
23:48:46 INFO  ProfileMatch              :              version: 8.1.0  [OLD VERSION]
23:48:46 INFO  ProfileMatch              :         release-date: 14.10.2020
23:48:46 INFO  ProfileMatch              :     lib root package: "com.facebook.all"  (in app: "c")
23:48:46 INFO  ProfileMatch              : 
23:48:46 INFO  ProfileMatch              :                 name: Facebook
23:48:46 INFO  ProfileMatch              :             category: SocialMedia
23:48:46 INFO  ProfileMatch              :              version: 8.2.0  [OLD VERSION]
23:48:46 INFO  ProfileMatch              :         release-date: 18.12.2020
23:48:46 INFO  ProfileMatch              :     lib root package: "com.facebook.all"  (in app: "c")
23:48:46 INFO  ProfileMatch              : 
23:48:46 INFO  ProfileMatch              :                 name: Facebook
23:48:46 INFO  ProfileMatch              :             category: SocialMedia
23:48:46 INFO  ProfileMatch              :              version: 9.0.0  [OLD VERSION]
23:48:46 INFO  ProfileMatch              :         release-date: 19.01.2021
23:48:46 INFO  ProfileMatch              :     lib root package: "com.facebook.all"  (in app: "c")
23:48:46 INFO  ProfileMatch              : 
23:48:46 INFO  ProfileMatch              :                 name: Facebook
23:48:46 INFO  ProfileMatch              :             category: SocialMedia
23:48:46 INFO  ProfileMatch              :              version: 9.1.0  [OLD VERSION]
23:48:46 INFO  ProfileMatch              :         release-date: 15.03.2021
23:48:46 INFO  ProfileMatch              :     lib root package: "com.facebook.all"  (in app: "c")
23:48:46 INFO  ProfileMatch              : 
23:48:46 INFO  ProfileMatch              :                 name: Facebook
23:48:46 INFO  ProfileMatch              :             category: SocialMedia
23:48:46 INFO  ProfileMatch              :              version: 9.1.1  [OLD VERSION]
23:48:46 INFO  ProfileMatch              :         release-date: 12.04.2021
23:48:46 INFO  ProfileMatch              :     lib root package: "com.facebook.all"  (in app: "c")
23:48:46 INFO  ProfileMatch              : 
23:48:46 INFO  ProfileMatch              :                 name: Facebook
23:48:46 INFO  ProfileMatch              :             category: SocialMedia
23:48:46 INFO  ProfileMatch              :              version: 11.0.0  [OLD VERSION]
23:48:46 INFO  ProfileMatch              :         release-date: 08.06.2021
23:48:46 INFO  ProfileMatch              :     lib root package: "com.facebook.all"  (in app: "c")
23:48:46 INFO  ProfileMatch              : 
23:48:46 INFO  ProfileMatch              :                 name: Facebook
23:48:46 INFO  ProfileMatch              :             category: SocialMedia
23:48:46 INFO  ProfileMatch              :              version: 11.1.0  [OLD VERSION]
23:48:46 INFO  ProfileMatch              :         release-date: 06.07.2021
23:48:46 INFO  ProfileMatch              :     lib root package: "com.facebook.all"  (in app: "c")
23:48:46 INFO  ProfileMatch              : 
23:48:46 INFO  ProfileMatch              :                 name: Facebook
23:48:46 INFO  ProfileMatch              :             category: SocialMedia
23:48:46 INFO  ProfileMatch              :              version: 11.1.1  [OLD VERSION]
23:48:46 INFO  ProfileMatch              :         release-date: 19.07.2021
23:48:46 INFO  ProfileMatch              :     lib root package: "com.facebook.all"  (in app: "c")
23:48:46 INFO  ProfileMatch              : 
23:48:46 INFO  ProfileMatch              :                 name: Facebook
23:48:46 INFO  ProfileMatch              :             category: SocialMedia
23:48:46 INFO  ProfileMatch              :              version: 11.2.0  [OLD VERSION]
23:48:46 INFO  ProfileMatch              :         release-date: 03.08.2021
23:48:46 INFO  ProfileMatch              :     lib root package: "com.facebook.all"  (in app: "c")
23:48:46 INFO  ProfileMatch              : 
23:48:46 INFO  ProfileMatch              :                 name: Facebook
23:48:46 INFO  ProfileMatch              :             category: SocialMedia
23:48:46 INFO  ProfileMatch              :              version: 11.3.0  [OLD VERSION]
23:48:46 INFO  ProfileMatch              :         release-date: 07.09.2021
23:48:46 INFO  ProfileMatch              :     lib root package: "com.facebook.all"  (in app: "c")
23:48:46 INFO  ProfileMatch              : 
23:48:46 INFO  ProfileMatch              :                 name: Facebook
23:48:46 INFO  ProfileMatch              :             category: SocialMedia
23:48:46 INFO  ProfileMatch              :              version: 12.0.0  [OLD VERSION]
23:48:46 INFO  ProfileMatch              :         release-date: 05.10.2021
23:48:46 INFO  ProfileMatch              :     lib root package: "com.facebook.all"  (in app: "c")
23:48:46 INFO  ProfileMatch              : 
23:48:46 INFO  ProfileMatch              :                 name: Facebook
23:48:46 INFO  ProfileMatch              :             category: SocialMedia
23:48:46 INFO  ProfileMatch              :              version: 12.0.1  [OLD VERSION]
23:48:46 INFO  ProfileMatch              :         release-date: 13.10.2021
23:48:46 INFO  ProfileMatch              :     lib root package: "com.facebook.all"  (in app: "c")
23:48:46 INFO  ProfileMatch              : 
23:48:46 INFO  ProfileMatch              :                 name: Facebook
23:48:46 INFO  ProfileMatch              :             category: SocialMedia
23:48:46 INFO  ProfileMatch              :              version: 12.1.0  [OLD VERSION]
23:48:46 INFO  ProfileMatch              :         release-date: 01.11.2021
23:48:46 INFO  ProfileMatch              :     lib root package: "com.facebook.all"  (in app: "c")
23:48:46 INFO  ProfileMatch              : 
23:48:46 INFO  ProfileMatch              :                 name: Facebook
23:48:46 INFO  ProfileMatch              :             category: SocialMedia
23:48:46 INFO  ProfileMatch              :              version: 12.2.0  [OLD VERSION]
23:48:46 INFO  ProfileMatch              :         release-date: 06.12.2021
23:48:46 INFO  ProfileMatch              :     lib root package: "com.facebook.all"  (in app: "c")
23:48:46 INFO  ProfileMatch              : 
23:48:46 INFO  ProfileMatch              :                 name: Facebook
23:48:46 INFO  ProfileMatch              :             category: SocialMedia
23:48:46 INFO  ProfileMatch              :              version: 12.3.0  [OLD VERSION]
23:48:46 INFO  ProfileMatch              :         release-date: 10.01.2022
23:48:46 INFO  ProfileMatch              :     lib root package: "com.facebook.all"  (in app: "c")
23:48:46 INFO  ProfileMatch              : 
23:48:46 INFO  ProfileMatch              :                 name: Facebook
23:48:46 INFO  ProfileMatch              :             category: SocialMedia
23:48:46 INFO  ProfileMatch              :              version: 13.0.0  [OLD VERSION]
23:48:46 INFO  ProfileMatch              :         release-date: 23.02.2022
23:48:46 INFO  ProfileMatch              :     lib root package: "com.facebook.all"  (in app: "c")
23:48:46 INFO  ProfileMatch              : 
23:48:46 INFO  ProfileMatch              :                 name: Facebook
23:48:46 INFO  ProfileMatch              :             category: SocialMedia
23:48:46 INFO  ProfileMatch              :              version: 13.1.0  [OLD VERSION]
23:48:46 INFO  ProfileMatch              :         release-date: 21.03.2022
23:48:46 INFO  ProfileMatch              :     lib root package: "com.facebook.all"  (in app: "c")
23:48:46 INFO  ProfileMatch              : 
23:48:46 INFO  ProfileMatch              :                 name: Facebook
23:48:46 INFO  ProfileMatch              :             category: SocialMedia
23:48:46 INFO  ProfileMatch              :              version: 13.2.0  [OLD VERSION]
23:48:46 INFO  ProfileMatch              :         release-date: 22.04.2022
23:48:46 INFO  ProfileMatch              :     lib root package: "com.facebook.all"  (in app: "c")
23:48:46 INFO  ProfileMatch              : 
23:48:46 INFO  ProfileMatch              :                 name: Facebook
23:48:46 INFO  ProfileMatch              :             category: SocialMedia
23:48:46 INFO  ProfileMatch              :              version: 14.0.0
23:48:46 INFO  ProfileMatch              :         release-date: 14.06.2022
23:48:46 INFO  ProfileMatch              :     lib root package: "com.facebook.all"  (in app: "c")
23:48:46 INFO  ProfileMatch              : 
23:48:46 INFO  LibraryIdentifier         : 
23:48:46 INFO  LibraryIdentifier         : - Partial library matches:
23:48:46 INFO  LibraryIdentifier         : 
23:48:46 INFO  LibraryIdentifier         : App processing time: 17 sec, 806 ms
