18:22:00 INFO  LibraryIdentifier         : Process app: de.k3b.android.camerafolder_1.apk
18:22:00 INFO  LibraryIdentifier         : = Manifest Parser =
18:22:00 INFO  LibraryIdentifier         :         Package name: de.k3b.android.camerafolder
18:22:00 INFO  LibraryIdentifier         :         Version code: 1
18:22:00 INFO  LibraryIdentifier         :        minSdkVersion: 19
18:22:00 INFO  LibraryIdentifier         :     targetSdkVersion: 29
18:22:00 INFO  LibraryIdentifier         :         SharedUserId:  - none -
18:22:00 INFO  LibraryIdentifier         :     Library dependencies:  - none -
18:22:00 INFO  LibraryIdentifier         : 
18:22:00 INFO  LibraryIdentifier         : Found 402 unique libraries in 12405 library profiles
18:22:01 INFO  LibraryIdentifier         : Generated class hierarchy (in 482 ms)
18:22:01 INFO  WalaUtils                 : 
18:22:01 INFO  WalaUtils                 : = ClassHierarchy Stats =
18:22:01 INFO  WalaUtils                 :     # of classes: 35
18:22:01 INFO  WalaUtils                 :     # thereof inner classes: 10
18:22:01 INFO  WalaUtils                 :     # thereof public classes: 21
18:22:01 INFO  WalaUtils                 :         Activity : 1
18:22:01 INFO  WalaUtils                 :         Application : 0
18:22:01 INFO  WalaUtils                 :         AsyncTask : 0
18:22:01 INFO  WalaUtils                 :         BroadcastReceiver : 0
18:22:01 INFO  WalaUtils                 :         ContentProvider : 1
18:22:01 INFO  WalaUtils                 :         Fragment : 0
18:22:01 INFO  WalaUtils                 :         Handler : 0
18:22:01 INFO  WalaUtils                 :         LayoutContainer : 0
18:22:01 INFO  WalaUtils                 :         Plain : 33
18:22:01 INFO  WalaUtils                 :         Runnable : 0
18:22:01 INFO  WalaUtils                 :         Service : 0
18:22:01 INFO  WalaUtils                 :         Thread : 0
18:22:01 INFO  WalaUtils                 :         View : 0
18:22:01 INFO  WalaUtils                 :     # methods: 259
18:22:01 INFO  WalaUtils                 :         # of publicly accessible methods: 168
18:22:01 INFO  WalaUtils                 :         # of non-accessible methods: 91
18:22:01 INFO  WalaUtils                 : 
18:22:01 INFO  Profile                   : = PackageTree =
18:22:01 INFO  PackageTree               : Root Package: androidx
18:22:01 INFO  PackageTree               : └── Root
18:22:01 INFO  PackageTree               :     ├── androidx
18:22:01 INFO  PackageTree               :     │   ├── versionedparcelable (6)
18:22:01 INFO  PackageTree               :     │   ├── core
18:22:01 INFO  PackageTree               :     │   │   ├── content (4)
18:22:01 INFO  PackageTree               :     │   │   ├── app (4)
18:22:01 INFO  PackageTree               :     │   │   └── graphics
18:22:01 INFO  PackageTree               :     │   │       └── drawable (2)
18:22:01 INFO  PackageTree               :     │   ├── annotation (1)
18:22:01 INFO  PackageTree               :     │   └── lifecycle (4)
18:22:01 INFO  PackageTree               :     ├── a
18:22:01 INFO  PackageTree               :     │   └── a (10)
18:22:01 INFO  PackageTree               :     ├── b
18:22:01 INFO  PackageTree               :     │   └── a
18:22:01 INFO  PackageTree               :     │       └── a (1)
18:22:01 INFO  PackageTree               :     ├── android
18:22:01 INFO  PackageTree               :     │   └── support
18:22:01 INFO  PackageTree               :     │       └── v4
18:22:01 INFO  PackageTree               :     │           ├── graphics
18:22:01 INFO  PackageTree               :     │           │   └── drawable (1)
18:22:01 INFO  PackageTree               :     │           └── app (1)
18:22:01 INFO  PackageTree               :     └── de
18:22:01 INFO  PackageTree               :         └── k3b
18:22:01 INFO  PackageTree               :             └── android
18:22:01 INFO  PackageTree               :                 └── camerafolder (1)
18:22:01 INFO  Profile                   : 
18:22:01 INFO  AppProfile                : - generated app package tree (in 14 ms)
18:22:01 INFO  AppProfile                : 
18:22:01 DEBUG HashTree                  : Generate hash tree..
18:22:01 DEBUG HashTree                  :     - generated 9 package hashes.
18:22:01 DEBUG HashTree                  :     - generated 29 clazz hashes.
18:22:01 DEBUG HashTree                  :     - generated 259 method hashes.
18:22:01 DEBUG HashTree                  :     => Library Hash: 3931f51bc004baa239a6e255e224e375
18:22:01 INFO  AppProfile                : - generated app hash trees (in 48 ms)
18:22:01 INFO  AppProfile                : 
18:22:01 INFO  LibraryIdentifier         : = Scan for library root packages (heuristic) =
18:22:01 INFO  LibraryIdentifier         :     - Found lib root package androidx.annotation  (androidx.annotation::annotation)
18:22:01 INFO  LibraryIdentifier         :     - Found lib root package androidx.core  (androidx.core::core)
18:22:01 INFO  LibraryIdentifier         :     - Found lib root package androidx  (androidx.core::core-ktx)
18:22:01 INFO  LibraryIdentifier         :     - Found lib root package androidx.lifecycle  (androidx.lifecycle::lifecycle-common)
18:22:01 INFO  LibraryIdentifier         :     - Found lib root package androidx.lifecycle  (androidx.lifecycle::lifecycle-common-java8)
18:22:01 INFO  LibraryIdentifier         :     - Found lib root package androidx.lifecycle  (androidx.lifecycle::lifecycle-compiler)
18:22:01 INFO  LibraryIdentifier         :     - Found lib root package androidx.lifecycle  (androidx.lifecycle::lifecycle-extensions)
18:22:01 INFO  LibraryIdentifier         :     - Found lib root package androidx.lifecycle  (androidx.lifecycle::lifecycle-livedata)
18:22:01 INFO  LibraryIdentifier         :     - Found lib root package androidx.lifecycle  (androidx.lifecycle::lifecycle-livedata-core)
18:22:01 INFO  LibraryIdentifier         :     - Found lib root package androidx.lifecycle  (androidx.lifecycle::lifecycle-process)
18:22:01 INFO  LibraryIdentifier         :     - Found lib root package androidx.lifecycle  (androidx.lifecycle::lifecycle-reactivestreams)
18:22:01 INFO  LibraryIdentifier         :     - Found lib root package androidx.lifecycle  (androidx.lifecycle::lifecycle-reactivestreams-ktx)
18:22:01 INFO  LibraryIdentifier         :     - Found lib root package androidx.lifecycle  (androidx.lifecycle::lifecycle-runtime)
18:22:01 INFO  LibraryIdentifier         :     - Found lib root package androidx.lifecycle  (androidx.lifecycle::lifecycle-service)
18:22:01 INFO  LibraryIdentifier         :     - Found lib root package androidx.lifecycle  (androidx.lifecycle::lifecycle-viewmodel)
18:22:01 INFO  LibraryIdentifier         :     - Found lib root package androidx.lifecycle  (androidx.lifecycle::lifecycle-viewmodel-ktx)
18:22:01 INFO  LibraryIdentifier         :     - Found lib root package androidx.versionedparcelable  (androidx.versionedparcelable::versionedparcelable)
18:22:01 INFO  LibraryIdentifier         :     - Found lib root package android.support.v4  (com.android.support::customview)
18:22:01 INFO  LibraryIdentifier         :     - Found lib root package android.support.v4  (com.android.support::loader)
18:22:01 INFO  LibraryIdentifier         :     - Found lib root package android.support.v4  (com.android.support::support-compat)
18:22:01 INFO  LibraryIdentifier         :     - Found lib root package android.support.v4  (com.android.support::support-core-ui)
18:22:01 INFO  LibraryIdentifier         :     - Found lib root package android.support.v4  (com.android.support::support-core-utils)
18:22:01 INFO  LibraryIdentifier         :     - Found lib root package android.support.v4.app  (com.android.support::support-fragment)
18:22:01 INFO  LibraryIdentifier         :     - Found lib root package android.support.v4  (com.android.support::support-v4)
18:22:01 INFO  LibraryIdentifier         :     - Found lib root package androidx.versionedparcelable  (com.android.support::versionedparcelable)
18:22:01 INFO  LibraryIdentifier         : 
18:22:01 INFO  LibraryIdentifier         : = Match profiles =
18:22:02 INFO  LibraryIdentifier         :     >> profile matching done (1 sec, 252 ms)
18:22:02 INFO  LibraryIdentifier         : 
18:22:02 INFO  LibraryIdentifier         : == Report ==
18:22:02 INFO  LibraryIdentifier         : - Full library matches:
18:22:03 INFO  LibraryIdentifier         : 
18:22:03 INFO  LibraryIdentifier         : - Partial library matches:
18:22:03 INFO  LibraryIdentifier         : 
18:22:03 INFO  LibraryIdentifier         : App processing time: 3 sec, 63 ms
