22:55:10 INFO  LibraryIdentifier         : Process app: de.schlikk.calls_100000.apk
22:55:10 INFO  LibraryIdentifier         : = Manifest Parser =
22:55:10 INFO  LibraryIdentifier         :         Package name: de.schlikk.calls
22:55:10 INFO  LibraryIdentifier         :         Version code: 100000
22:55:10 INFO  LibraryIdentifier         :        minSdkVersion: 14
22:55:10 INFO  LibraryIdentifier         :     targetSdkVersion: 29
22:55:10 INFO  LibraryIdentifier         :         SharedUserId:  - none -
22:55:10 INFO  LibraryIdentifier         :     Library dependencies:  - none -
22:55:10 INFO  LibraryIdentifier         : 
22:55:10 INFO  LibraryIdentifier         : Found 402 unique libraries in 12405 library profiles
22:55:10 INFO  LibraryIdentifier         : Generated class hierarchy (in 537 ms)
22:55:11 INFO  WalaUtils                 : 
22:55:11 INFO  WalaUtils                 : = ClassHierarchy Stats =
22:55:11 INFO  WalaUtils                 :     # of classes: 2506
22:55:11 INFO  WalaUtils                 :     # thereof inner classes: 1258
22:55:11 INFO  WalaUtils                 :     # thereof public classes: 1560
22:55:11 INFO  WalaUtils                 :         Activity : 6
22:55:11 INFO  WalaUtils                 :         Application : 0
22:55:11 INFO  WalaUtils                 :         AsyncTask : 4
22:55:11 INFO  WalaUtils                 :         BroadcastReceiver : 4
22:55:11 INFO  WalaUtils                 :         ContentProvider : 1
22:55:11 INFO  WalaUtils                 :         Fragment : 6
22:55:11 INFO  WalaUtils                 :         Handler : 6
22:55:11 INFO  WalaUtils                 :         LayoutContainer : 36
22:55:11 INFO  WalaUtils                 :         Plain : 2416
22:55:11 INFO  WalaUtils                 :         Runnable : 0
22:55:11 INFO  WalaUtils                 :         Service : 2
22:55:11 INFO  WalaUtils                 :         Thread : 2
22:55:11 INFO  WalaUtils                 :         View : 23
22:55:11 INFO  WalaUtils                 :     # methods: 21774
22:55:11 INFO  WalaUtils                 :         # of publicly accessible methods: 15098
22:55:11 INFO  WalaUtils                 :         # of non-accessible methods: 6676
22:55:11 INFO  WalaUtils                 : 
22:55:11 INFO  Profile                   : = PackageTree =
22:55:11 INFO  PackageTree               : Root Package: androidx
22:55:11 INFO  PackageTree               : └── Root
22:55:11 INFO  PackageTree               :     ├── androidx
22:55:11 INFO  PackageTree               :     │   ├── slidingpanelayout
22:55:11 INFO  PackageTree               :     │   │   └── widget (9)
22:55:11 INFO  PackageTree               :     │   ├── core
22:55:11 INFO  PackageTree               :     │   │   ├── view (84)
22:55:11 INFO  PackageTree               :     │   │   │   ├── accessibility (27)
22:55:11 INFO  PackageTree               :     │   │   │   ├── inputmethod (9)
22:55:11 INFO  PackageTree               :     │   │   │   └── animation (2)
22:55:11 INFO  PackageTree               :     │   │   ├── transition (12)
22:55:11 INFO  PackageTree               :     │   │   ├── util (40)
22:55:11 INFO  PackageTree               :     │   │   ├── provider (28)
22:55:11 INFO  PackageTree               :     │   │   ├── app (94)
22:55:11 INFO  PackageTree               :     │   │   ├── os (24)
22:55:11 INFO  PackageTree               :     │   │   ├── hardware
22:55:11 INFO  PackageTree               :     │   │   │   ├── fingerprint (5)
22:55:11 INFO  PackageTree               :     │   │   │   └── display (1)
22:55:11 INFO  PackageTree               :     │   │   ├── content (17)
22:55:11 INFO  PackageTree               :     │   │   │   ├── res (18)
22:55:11 INFO  PackageTree               :     │   │   │   └── pm (11)
22:55:11 INFO  PackageTree               :     │   │   ├── telephony
22:55:11 INFO  PackageTree               :     │   │   │   └── mbms (1)
22:55:11 INFO  PackageTree               :     │   │   ├── text (26)
22:55:11 INFO  PackageTree               :     │   │   │   └── util (6)
22:55:11 INFO  PackageTree               :     │   │   ├── graphics (33)
22:55:11 INFO  PackageTree               :     │   │   │   └── drawable (17)
22:55:11 INFO  PackageTree               :     │   │   ├── widget (35)
22:55:11 INFO  PackageTree               :     │   │   ├── internal
22:55:11 INFO  PackageTree               :     │   │   │   └── view (3)
22:55:11 INFO  PackageTree               :     │   │   ├── animation (15)
22:55:11 INFO  PackageTree               :     │   │   ├── location (2)
22:55:11 INFO  PackageTree               :     │   │   ├── accessibilityservice (1)
22:55:11 INFO  PackageTree               :     │   │   ├── database (3)
22:55:11 INFO  PackageTree               :     │   │   │   └── sqlite (2)
22:55:11 INFO  PackageTree               :     │   │   ├── math (1)
22:55:11 INFO  PackageTree               :     │   │   └── net (6)
22:55:11 INFO  PackageTree               :     │   ├── documentfile
22:55:11 INFO  PackageTree               :     │   │   └── provider (5)
22:55:11 INFO  PackageTree               :     │   ├── fragment
22:55:11 INFO  PackageTree               :     │   │   └── app (76)
22:55:11 INFO  PackageTree               :     │   ├── annotation (59)
22:55:11 INFO  PackageTree               :     │   ├── appcompat
22:55:11 INFO  PackageTree               :     │   │   ├── widget (198)
22:55:11 INFO  PackageTree               :     │   │   ├── graphics
22:55:11 INFO  PackageTree               :     │   │   │   └── drawable (16)
22:55:11 INFO  PackageTree               :     │   │   ├── app (82)
22:55:11 INFO  PackageTree               :     │   │   ├── view (14)
22:55:11 INFO  PackageTree               :     │   │   │   └── menu (45)
22:55:11 INFO  PackageTree               :     │   │   ├── content
22:55:11 INFO  PackageTree               :     │   │   │   └── res (2)
22:55:11 INFO  PackageTree               :     │   │   └── text (1)
22:55:11 INFO  PackageTree               :     │   ├── preference (96)
22:55:11 INFO  PackageTree               :     │   │   └── internal (1)
22:55:11 INFO  PackageTree               :     │   ├── recyclerview
22:55:11 INFO  PackageTree               :     │   │   └── widget (173)
22:55:11 INFO  PackageTree               :     │   ├── legacy
22:55:11 INFO  PackageTree               :     │   │   ├── app (5)
22:55:11 INFO  PackageTree               :     │   │   ├── widget (1)
22:55:11 INFO  PackageTree               :     │   │   └── content (1)
22:55:11 INFO  PackageTree               :     │   ├── viewpager
22:55:11 INFO  PackageTree               :     │   │   └── widget (24)
22:55:11 INFO  PackageTree               :     │   ├── cursoradapter
22:55:11 INFO  PackageTree               :     │   │   └── widget (9)
22:55:11 INFO  PackageTree               :     │   ├── swiperefreshlayout
22:55:11 INFO  PackageTree               :     │   │   └── widget (18)
22:55:11 INFO  PackageTree               :     │   ├── coordinatorlayout
22:55:11 INFO  PackageTree               :     │   │   └── widget (14)
22:55:11 INFO  PackageTree               :     │   ├── loader
22:55:11 INFO  PackageTree               :     │   │   ├── app (7)
22:55:11 INFO  PackageTree               :     │   │   └── content (15)
22:55:11 INFO  PackageTree               :     │   ├── savedstate (8)
22:55:11 INFO  PackageTree               :     │   ├── arch
22:55:11 INFO  PackageTree               :     │   │   └── core
22:55:11 INFO  PackageTree               :     │   │       ├── executor (6)
22:55:11 INFO  PackageTree               :     │   │       ├── internal (8)
22:55:11 INFO  PackageTree               :     │   │       └── util (1)
22:55:11 INFO  PackageTree               :     │   ├── vectordrawable
22:55:11 INFO  PackageTree               :     │   │   └── graphics
22:55:11 INFO  PackageTree               :     │   │       └── drawable (24)
22:55:11 INFO  PackageTree               :     │   ├── lifecycle (51)
22:55:11 INFO  PackageTree               :     │   ├── customview
22:55:11 INFO  PackageTree               :     │   │   ├── widget (12)
22:55:11 INFO  PackageTree               :     │   │   └── view (3)
22:55:11 INFO  PackageTree               :     │   ├── activity (12)
22:55:11 INFO  PackageTree               :     │   ├── versionedparcelable (15)
22:55:11 INFO  PackageTree               :     │   ├── print (7)
22:55:11 INFO  PackageTree               :     │   ├── collection (17)
22:55:11 INFO  PackageTree               :     │   ├── drawerlayout
22:55:11 INFO  PackageTree               :     │   │   └── widget (11)
22:55:11 INFO  PackageTree               :     │   ├── asynclayoutinflater
22:55:11 INFO  PackageTree               :     │   │   └── view (6)
22:55:11 INFO  PackageTree               :     │   ├── localbroadcastmanager
22:55:11 INFO  PackageTree               :     │   │   └── content (4)
22:55:11 INFO  PackageTree               :     │   └── interpolator
22:55:11 INFO  PackageTree               :     │       └── view
22:55:11 INFO  PackageTree               :     │           └── animation (4)
22:55:11 INFO  PackageTree               :     ├── kotlin (105)
22:55:11 INFO  PackageTree               :     │   ├── jvm (19)
22:55:11 INFO  PackageTree               :     │   │   ├── internal (85)
22:55:11 INFO  PackageTree               :     │   │   │   ├── markers (9)
22:55:11 INFO  PackageTree               :     │   │   │   └── unsafe (1)
22:55:11 INFO  PackageTree               :     │   │   └── functions (24)
22:55:11 INFO  PackageTree               :     │   ├── collections (134)
22:55:11 INFO  PackageTree               :     │   │   ├── unsigned (11)
22:55:11 INFO  PackageTree               :     │   │   └── builders (14)
22:55:11 INFO  PackageTree               :     │   ├── internal (18)
22:55:11 INFO  PackageTree               :     │   ├── io (36)
22:55:11 INFO  PackageTree               :     │   ├── time (23)
22:55:11 INFO  PackageTree               :     │   ├── text (67)
22:55:11 INFO  PackageTree               :     │   ├── ranges (37)
22:55:11 INFO  PackageTree               :     │   ├── contracts (11)
22:55:11 INFO  PackageTree               :     │   ├── reflect (47)
22:55:11 INFO  PackageTree               :     │   ├── sequences (81)
22:55:11 INFO  PackageTree               :     │   ├── properties (8)
22:55:11 INFO  PackageTree               :     │   ├── random (11)
22:55:11 INFO  PackageTree               :     │   ├── coroutines (24)
22:55:11 INFO  PackageTree               :     │   │   ├── intrinsics (10)
22:55:11 INFO  PackageTree               :     │   │   ├── jvm
22:55:11 INFO  PackageTree               :     │   │   │   └── internal (16)
22:55:11 INFO  PackageTree               :     │   │   └── cancellation (1)
22:55:11 INFO  PackageTree               :     │   ├── comparisons (23)
22:55:11 INFO  PackageTree               :     │   ├── system (2)
22:55:11 INFO  PackageTree               :     │   ├── experimental (2)
22:55:11 INFO  PackageTree               :     │   ├── math (5)
22:55:11 INFO  PackageTree               :     │   ├── annotation (6)
22:55:11 INFO  PackageTree               :     │   ├── concurrent (5)
22:55:11 INFO  PackageTree               :     │   └── js (1)
22:55:11 INFO  PackageTree               :     ├── de
22:55:11 INFO  PackageTree               :     │   └── schlikk
22:55:11 INFO  PackageTree               :     │       └── calls (31)
22:55:11 INFO  PackageTree               :     │           └── utils (1)
22:55:11 INFO  PackageTree               :     ├── android
22:55:11 INFO  PackageTree               :     │   └── support
22:55:11 INFO  PackageTree               :     │       └── v4
22:55:11 INFO  PackageTree               :     │           ├── os (7)
22:55:11 INFO  PackageTree               :     │           ├── app (4)
22:55:11 INFO  PackageTree               :     │           └── graphics
22:55:11 INFO  PackageTree               :     │               └── drawable (1)
22:55:11 INFO  PackageTree               :     ├── kotlinx
22:55:11 INFO  PackageTree               :     │   └── android
22:55:11 INFO  PackageTree               :     │       ├── parcel (7)
22:55:11 INFO  PackageTree               :     │       └── extensions (4)
22:55:11 INFO  PackageTree               :     └── org
22:55:11 INFO  PackageTree               :         ├── jetbrains
22:55:11 INFO  PackageTree               :         │   └── annotations (7)
22:55:11 INFO  PackageTree               :         └── intellij
22:55:11 INFO  PackageTree               :             └── lang
22:55:11 INFO  PackageTree               :                 └── annotations (25)
22:55:11 INFO  Profile                   : 
22:55:11 INFO  AppProfile                : - generated app package tree (in 34 ms)
22:55:11 INFO  AppProfile                : 
22:55:11 DEBUG HashTree                  : Generate hash tree..
22:55:11 DEBUG HashTree                  :     - generated 104 package hashes.
22:55:11 DEBUG HashTree                  :     - generated 2318 clazz hashes.
22:55:11 DEBUG HashTree                  :     - generated 21774 method hashes.
22:55:11 DEBUG HashTree                  :     => Library Hash: 5c599c2a2c88d4629a8fc8d660846438
22:55:11 INFO  AppProfile                : - generated app hash trees (in 495 ms)
22:55:11 INFO  AppProfile                : 
22:55:11 INFO  LibraryIdentifier         : = Scan for library root packages (heuristic) =
22:55:11 INFO  LibraryIdentifier         :     - Found lib root package androidx.annotation  (androidx.annotation::annotation)
22:55:11 INFO  LibraryIdentifier         :     - Found lib root package androidx.appcompat  (androidx.appcompat::appcompat)
22:55:11 INFO  LibraryIdentifier         :     - Found lib root package androidx.arch.core  (androidx.arch.core::core-common)
22:55:11 INFO  LibraryIdentifier         :     - Found lib root package androidx.arch.core.executor  (androidx.arch.core::core-runtime)
22:55:11 INFO  LibraryIdentifier         :     - Found lib root package androidx.asynclayoutinflater.view  (androidx.asynclayoutinflater::asynclayoutinflater)
22:55:11 INFO  LibraryIdentifier         :     - Found lib root package androidx.collection  (androidx.collection::collection)
22:55:11 INFO  LibraryIdentifier         :     - Found lib root package androidx.collection  (androidx.collection::collection-ktx)
22:55:11 INFO  LibraryIdentifier         :     - Found lib root package androidx.coordinatorlayout.widget  (androidx.coordinatorlayout::coordinatorlayout)
22:55:11 INFO  LibraryIdentifier         :     - Found lib root package androidx.core  (androidx.core::core)
22:55:11 INFO  LibraryIdentifier         :     - Found lib root package androidx  (androidx.core::core-ktx)
22:55:11 INFO  LibraryIdentifier         :     - Found lib root package androidx.cursoradapter.widget  (androidx.cursoradapter::cursoradapter)
22:55:11 INFO  LibraryIdentifier         :     - Found lib root package androidx.customview  (androidx.customview::customview)
22:55:11 INFO  LibraryIdentifier         :     - Found lib root package androidx.documentfile.provider  (androidx.documentfile::documentfile)
22:55:11 INFO  LibraryIdentifier         :     - Found lib root package androidx.drawerlayout.widget  (androidx.drawerlayout::drawerlayout)
22:55:11 INFO  LibraryIdentifier         :     - Found lib root package androidx.fragment.app  (androidx.fragment::fragment)
22:55:11 INFO  LibraryIdentifier         :     - Found lib root package androidx.fragment.app  (androidx.fragment::fragment-ktx)
22:55:11 INFO  LibraryIdentifier         :     - Found lib root package androidx.interpolator.view.animation  (androidx.interpolator::interpolator)
22:55:11 INFO  LibraryIdentifier         :     - Found lib root package androidx.legacy  (androidx.legacy::legacy-support-core-ui)
22:55:11 INFO  LibraryIdentifier         :     - Found lib root package androidx.legacy.content  (androidx.legacy::legacy-support-core-utils)
22:55:11 INFO  LibraryIdentifier         :     - Found lib root package androidx.legacy  (androidx.legacy::legacy-support-v13)
22:55:11 INFO  LibraryIdentifier         :     - Found lib root package androidx.lifecycle  (androidx.lifecycle::lifecycle-common)
22:55:11 INFO  LibraryIdentifier         :     - Found lib root package androidx.lifecycle  (androidx.lifecycle::lifecycle-common-java8)
22:55:11 INFO  LibraryIdentifier         :     - Found lib root package androidx.lifecycle  (androidx.lifecycle::lifecycle-compiler)
22:55:11 INFO  LibraryIdentifier         :     - Found lib root package androidx.lifecycle  (androidx.lifecycle::lifecycle-extensions)
22:55:11 INFO  LibraryIdentifier         :     - Found lib root package androidx.lifecycle  (androidx.lifecycle::lifecycle-livedata)
22:55:11 INFO  LibraryIdentifier         :     - Found lib root package androidx.lifecycle  (androidx.lifecycle::lifecycle-livedata-core)
22:55:11 INFO  LibraryIdentifier         :     - Found lib root package androidx.lifecycle  (androidx.lifecycle::lifecycle-process)
22:55:11 INFO  LibraryIdentifier         :     - Found lib root package androidx.lifecycle  (androidx.lifecycle::lifecycle-reactivestreams)
22:55:11 INFO  LibraryIdentifier         :     - Found lib root package androidx.lifecycle  (androidx.lifecycle::lifecycle-reactivestreams-ktx)
22:55:11 INFO  LibraryIdentifier         :     - Found lib root package androidx.lifecycle  (androidx.lifecycle::lifecycle-runtime)
22:55:11 INFO  LibraryIdentifier         :     - Found lib root package androidx.lifecycle  (androidx.lifecycle::lifecycle-service)
22:55:11 INFO  LibraryIdentifier         :     - Found lib root package androidx.lifecycle  (androidx.lifecycle::lifecycle-viewmodel)
22:55:11 INFO  LibraryIdentifier         :     - Found lib root package androidx.lifecycle  (androidx.lifecycle::lifecycle-viewmodel-ktx)
22:55:11 INFO  LibraryIdentifier         :     - Found lib root package androidx.loader  (androidx.loader::loader)
22:55:11 INFO  LibraryIdentifier         :     - Found lib root package androidx.localbroadcastmanager.content  (androidx.localbroadcastmanager::localbroadcastmanager)
22:55:11 INFO  LibraryIdentifier         :     - Found lib root package androidx.preference  (androidx.preference::preference)
22:55:11 INFO  LibraryIdentifier         :     - Found lib root package androidx.preference  (androidx.preference::preference-ktx)
22:55:11 INFO  LibraryIdentifier         :     - Found lib root package androidx.print  (androidx.print::print)
22:55:11 INFO  LibraryIdentifier         :     - Found lib root package androidx.recyclerview.widget  (androidx.recyclerview::recyclerview)
22:55:11 INFO  LibraryIdentifier         :     - Found lib root package androidx.slidingpanelayout.widget  (androidx.slidingpanelayout::slidingpanelayout)
22:55:11 INFO  LibraryIdentifier         :     - Found lib root package androidx.swiperefreshlayout.widget  (androidx.swiperefreshlayout::swiperefreshlayout)
22:55:11 INFO  LibraryIdentifier         :     - Found lib root package androidx.vectordrawable.graphics.drawable  (androidx.vectordrawable::vectordrawable)
22:55:11 INFO  LibraryIdentifier         :     - Found lib root package androidx.vectordrawable.graphics.drawable  (androidx.vectordrawable::vectordrawable-animated)
22:55:11 INFO  LibraryIdentifier         :     - Found lib root package androidx.versionedparcelable  (androidx.versionedparcelable::versionedparcelable)
22:55:11 INFO  LibraryIdentifier         :     - Found lib root package androidx.viewpager.widget  (androidx.viewpager::viewpager)
22:55:11 INFO  LibraryIdentifier         :     - Found lib root package android.support.v4  (com.android.support::customview)
22:55:11 INFO  LibraryIdentifier         :     - Found lib root package android.support.v4  (com.android.support::loader)
22:55:11 INFO  LibraryIdentifier         :     - Found lib root package android.support.v4  (com.android.support::support-compat)
22:55:11 INFO  LibraryIdentifier         :     - Found lib root package android.support.v4  (com.android.support::support-core-ui)
22:55:11 INFO  LibraryIdentifier         :     - Found lib root package android.support.v4  (com.android.support::support-core-utils)
22:55:11 INFO  LibraryIdentifier         :     - Found lib root package android.support.v4.app  (com.android.support::support-fragment)
22:55:11 INFO  LibraryIdentifier         :     - Found lib root package android.support.v4  (com.android.support::support-v4)
22:55:11 INFO  LibraryIdentifier         :     - Found lib root package androidx.versionedparcelable  (com.android.support::versionedparcelable)
22:55:11 INFO  LibraryIdentifier         : 
22:55:11 INFO  LibraryIdentifier         : = Match profiles =
22:55:45 INFO  LibraryIdentifier         :     >> profile matching done (33 sec, 412 ms)
22:55:45 INFO  LibraryIdentifier         : 
22:55:45 INFO  LibraryIdentifier         : == Report ==
22:55:45 INFO  LibraryIdentifier         : - Full library matches:
22:55:45 INFO  ProfileMatch              :                 name: androidx.customview::customview
22:55:45 INFO  ProfileMatch              :             category: Android
22:55:45 INFO  ProfileMatch              :              version: 1.0.0  [OLD VERSION]
22:55:45 INFO  ProfileMatch              :         release-date:  --
22:55:45 INFO  ProfileMatch              :     lib root package: "androidx.customview"
22:55:45 INFO  ProfileMatch              : 
22:55:45 INFO  ProfileMatch              :                 name: androidx.appcompat::appcompat
22:55:45 INFO  ProfileMatch              :             category: Android
22:55:45 INFO  ProfileMatch              :              version: 1.1.0  [OLD VERSION]
22:55:45 INFO  ProfileMatch              :         release-date:  --
22:55:45 INFO  ProfileMatch              :     lib root package: "androidx.appcompat"
22:55:45 INFO  ProfileMatch              : 
22:55:45 INFO  ProfileMatch              :                 name: androidx.cursoradapter::cursoradapter
22:55:45 INFO  ProfileMatch              :             category: Android
22:55:45 INFO  ProfileMatch              :              version: 1.0.0
22:55:45 INFO  ProfileMatch              :         release-date:  --
22:55:45 INFO  ProfileMatch              :     lib root package: "androidx.cursoradapter.widget"
22:55:45 INFO  ProfileMatch              : 
22:55:45 INFO  ProfileMatch              :                 name: androidx.recyclerview::recyclerview
22:55:45 INFO  ProfileMatch              :             category: Android
22:55:45 INFO  ProfileMatch              :              version: 1.0.0  [OLD VERSION]
22:55:45 INFO  ProfileMatch              :         release-date:  --
22:55:45 INFO  ProfileMatch              :     lib root package: "androidx.recyclerview.widget"
22:55:45 INFO  ProfileMatch              : 
22:55:45 INFO  ProfileMatch              :                 name: com.android.support::loader
22:55:45 INFO  ProfileMatch              :             category: Android
22:55:45 INFO  ProfileMatch              :              version: 28.0.0
22:55:45 INFO  ProfileMatch              :         release-date:  --
22:55:45 INFO  ProfileMatch              :     lib root package: "android.support.v4"  (in app: "androidx.loader")
22:55:45 INFO  ProfileMatch              : 
22:55:45 INFO  ProfileMatch              :                 name: androidx.annotation::annotation
22:55:45 INFO  ProfileMatch              :             category: Android
22:55:45 INFO  ProfileMatch              :              version: 1.1.0  [OLD VERSION]
22:55:45 INFO  ProfileMatch              :         release-date:  --
22:55:45 INFO  ProfileMatch              :     lib root package: "androidx.annotation"
22:55:45 INFO  ProfileMatch              : 
22:55:45 INFO  ProfileMatch              :                 name: androidx.preference::preference
22:55:45 INFO  ProfileMatch              :             category: Android
22:55:45 INFO  ProfileMatch              :              version: 1.1.0  [OLD VERSION]
22:55:45 INFO  ProfileMatch              :         release-date:  --
22:55:45 INFO  ProfileMatch              :     lib root package: "androidx.preference"
22:55:45 INFO  ProfileMatch              : 
22:55:45 INFO  ProfileMatch              :                 name: androidx.preference::preference
22:55:45 INFO  ProfileMatch              :             category: Android
22:55:45 INFO  ProfileMatch              :              version: 1.1.1  [OLD VERSION]
22:55:45 INFO  ProfileMatch              :         release-date:  --
22:55:45 INFO  ProfileMatch              :     lib root package: "androidx.preference"
22:55:45 INFO  ProfileMatch              : 
22:55:45 INFO  ProfileMatch              :                 name: androidx.coordinatorlayout::coordinatorlayout
22:55:45 INFO  ProfileMatch              :             category: Android
22:55:45 INFO  ProfileMatch              :              version: 1.0.0  [OLD VERSION]
22:55:45 INFO  ProfileMatch              :         release-date:  --
22:55:45 INFO  ProfileMatch              :     lib root package: "androidx.coordinatorlayout.widget"
22:55:45 INFO  ProfileMatch              : 
22:55:45 INFO  ProfileMatch              :                 name: androidx.swiperefreshlayout::swiperefreshlayout
22:55:45 INFO  ProfileMatch              :             category: Android
22:55:45 INFO  ProfileMatch              :              version: 1.0.0  [OLD VERSION]
22:55:45 INFO  ProfileMatch              :         release-date:  --
22:55:45 INFO  ProfileMatch              :     lib root package: "androidx.swiperefreshlayout.widget"
22:55:45 INFO  ProfileMatch              : 
22:55:45 INFO  ProfileMatch              :                 name: com.android.support::localbroadcastmanager
22:55:45 INFO  ProfileMatch              :             category: Android
22:55:45 INFO  ProfileMatch              :              version: 28.0.0
22:55:45 INFO  ProfileMatch              :         release-date:  --
22:55:45 INFO  ProfileMatch              :     lib root package: "android.support.v4.content"  (in app: "androidx.localbroadcastmanager.content")
22:55:45 INFO  ProfileMatch              : 
22:55:45 INFO  ProfileMatch              :                 name: com.android.support::customview
22:55:45 INFO  ProfileMatch              :             category: Android
22:55:45 INFO  ProfileMatch              :              version: 28.0.0
22:55:45 INFO  ProfileMatch              :         release-date:  --
22:55:45 INFO  ProfileMatch              :     lib root package: "android.support.v4"  (in app: "androidx.customview")
22:55:45 INFO  ProfileMatch              : 
22:55:45 INFO  ProfileMatch              :                 name: com.android.support::drawerlayout
22:55:45 INFO  ProfileMatch              :             category: Android
22:55:45 INFO  ProfileMatch              :              version: 28.0.0
22:55:45 INFO  ProfileMatch              :         release-date:  --
22:55:45 INFO  ProfileMatch              :     lib root package: "android.support.v4.widget"  (in app: "androidx.drawerlayout.widget")
22:55:45 INFO  ProfileMatch              : 
22:55:45 INFO  ProfileMatch              :                 name: androidx.loader::loader
22:55:45 INFO  ProfileMatch              :             category: Android
22:55:45 INFO  ProfileMatch              :              version: 1.0.0  [OLD VERSION]
22:55:45 INFO  ProfileMatch              :         release-date:  --
22:55:45 INFO  ProfileMatch              :     lib root package: "androidx.loader"
22:55:45 INFO  ProfileMatch              : 
22:55:45 INFO  ProfileMatch              :                 name: androidx.print::print
22:55:45 INFO  ProfileMatch              :             category: Android
22:55:45 INFO  ProfileMatch              :              version: 1.0.0
22:55:45 INFO  ProfileMatch              :         release-date:  --
22:55:45 INFO  ProfileMatch              :     lib root package: "androidx.print"
22:55:45 INFO  ProfileMatch              : 
22:55:45 INFO  ProfileMatch              :                 name: androidx.drawerlayout::drawerlayout
22:55:45 INFO  ProfileMatch              :             category: Android
22:55:45 INFO  ProfileMatch              :              version: 1.0.0  [OLD VERSION]
22:55:45 INFO  ProfileMatch              :         release-date:  --
22:55:45 INFO  ProfileMatch              :     lib root package: "androidx.drawerlayout.widget"
22:55:45 INFO  ProfileMatch              : 
22:55:45 INFO  ProfileMatch              :                 name: com.android.support::support-core-utils
22:55:45 INFO  ProfileMatch              :             category: Android
22:55:45 INFO  ProfileMatch              :              version: 28.0.0
22:55:45 INFO  ProfileMatch              :         release-date:  --
22:55:45 INFO  ProfileMatch              :     lib root package: "android.support.v4.content"  (in app: "androidx.legacy.content")
22:55:45 INFO  ProfileMatch              : 
22:55:45 INFO  ProfileMatch              :                 name: com.android.support::swiperefreshlayout
22:55:45 INFO  ProfileMatch              :             category: Android
22:55:45 INFO  ProfileMatch              :              version: 28.0.0
22:55:45 INFO  ProfileMatch              :         release-date:  --
22:55:45 INFO  ProfileMatch              :     lib root package: "android.support.v4.widget"  (in app: "androidx.swiperefreshlayout.widget")
22:55:45 INFO  ProfileMatch              : 
22:55:45 INFO  ProfileMatch              :                 name: com.android.support::print
22:55:45 INFO  ProfileMatch              :             category: Android
22:55:45 INFO  ProfileMatch              :              version: 28.0.0
22:55:45 INFO  ProfileMatch              :         release-date:  --
22:55:45 INFO  ProfileMatch              :     lib root package: "android.support.v4.print"  (in app: "androidx.print")
22:55:45 INFO  ProfileMatch              : 
22:55:45 INFO  ProfileMatch              :                 name: androidx.core::core-ktx
22:55:45 INFO  ProfileMatch              :             category: Android
22:55:45 INFO  ProfileMatch              :              version: 1.1.0  [OLD VERSION]
22:55:45 INFO  ProfileMatch              :         release-date:  --
22:55:45 INFO  ProfileMatch              :     lib root package: "androidx.core"
22:55:45 INFO  ProfileMatch              : 
22:55:45 INFO  ProfileMatch              :                 name: androidx.arch.core::core-runtime
22:55:45 INFO  ProfileMatch              :             category: Android
22:55:45 INFO  ProfileMatch              :              version: 2.0.0  [OLD VERSION]
22:55:45 INFO  ProfileMatch              :         release-date:  --
22:55:45 INFO  ProfileMatch              :     lib root package: "androidx.arch.core.executor"
22:55:45 INFO  ProfileMatch              : 
22:55:45 INFO  ProfileMatch              :                 name: androidx.arch.core::core-runtime
22:55:45 INFO  ProfileMatch              :             category: Android
22:55:45 INFO  ProfileMatch              :              version: 2.0.1  [OLD VERSION]
22:55:45 INFO  ProfileMatch              :         release-date:  --
22:55:45 INFO  ProfileMatch              :     lib root package: "androidx.arch.core.executor"
22:55:45 INFO  ProfileMatch              : 
22:55:45 INFO  ProfileMatch              :                 name: com.android.support::asynclayoutinflater
22:55:45 INFO  ProfileMatch              :             category: Android
22:55:45 INFO  ProfileMatch              :              version: 28.0.0
22:55:45 INFO  ProfileMatch              :         release-date:  --
22:55:45 INFO  ProfileMatch              :     lib root package: "android.support.v4.view"  (in app: "androidx.asynclayoutinflater.view")
22:55:45 INFO  ProfileMatch              : 
22:55:45 INFO  ProfileMatch              :                 name: androidx.arch.core::core-common
22:55:45 INFO  ProfileMatch              :             category: Android
22:55:45 INFO  ProfileMatch              :              version: 2.0.0  [OLD VERSION]
22:55:45 INFO  ProfileMatch              :         release-date:  --
22:55:45 INFO  ProfileMatch              :     lib root package: "androidx.arch.core"
22:55:45 INFO  ProfileMatch              : 
22:55:45 INFO  ProfileMatch              :                 name: androidx.arch.core::core-common
22:55:45 INFO  ProfileMatch              :             category: Android
22:55:45 INFO  ProfileMatch              :              version: 2.0.1  [OLD VERSION]
22:55:45 INFO  ProfileMatch              :         release-date:  --
22:55:45 INFO  ProfileMatch              :     lib root package: "androidx.arch.core"
22:55:45 INFO  ProfileMatch              : 
22:55:45 INFO  ProfileMatch              :                 name: androidx.arch.core::core-common
22:55:45 INFO  ProfileMatch              :             category: Android
22:55:45 INFO  ProfileMatch              :              version: 2.1.0
22:55:45 INFO  ProfileMatch              :         release-date:  --
22:55:45 INFO  ProfileMatch              :     lib root package: "androidx.arch.core"
22:55:45 INFO  ProfileMatch              : 
22:55:45 INFO  ProfileMatch              :                 name: com.android.support::slidingpanelayout
22:55:45 INFO  ProfileMatch              :             category: Android
22:55:45 INFO  ProfileMatch              :              version: 28.0.0
22:55:45 INFO  ProfileMatch              :         release-date:  --
22:55:45 INFO  ProfileMatch              :     lib root package: "android.support.v4.widget"  (in app: "androidx.slidingpanelayout.widget")
22:55:45 INFO  ProfileMatch              : 
22:55:45 INFO  ProfileMatch              :                 name: androidx.versionedparcelable::versionedparcelable  [OLD VERSION]
22:55:45 INFO  ProfileMatch              :             category: Android
22:55:45 INFO  ProfileMatch              :              version: 1.1.0  [OLD VERSION]
22:55:45 INFO  ProfileMatch              :         release-date:  --
22:55:45 INFO  ProfileMatch              :     lib root package: "androidx.versionedparcelable"
22:55:45 INFO  ProfileMatch              : 
22:55:45 INFO  ProfileMatch              :                 name: androidx.versionedparcelable::versionedparcelable
22:55:45 INFO  ProfileMatch              :             category: Android
22:55:45 INFO  ProfileMatch              :              version: 1.1.1
22:55:45 INFO  ProfileMatch              :         release-date:  --
22:55:45 INFO  ProfileMatch              :     lib root package: "androidx.versionedparcelable"
22:55:45 INFO  ProfileMatch              : 
22:55:45 INFO  ProfileMatch              :                 name: androidx.collection::collection
22:55:45 INFO  ProfileMatch              :             category: Android
22:55:45 INFO  ProfileMatch              :              version: 1.1.0  [OLD VERSION]
22:55:45 INFO  ProfileMatch              :         release-date:  --
22:55:45 INFO  ProfileMatch              :     lib root package: "androidx.collection"
22:55:45 INFO  ProfileMatch              : 
22:55:45 INFO  ProfileMatch              :                 name: android.arch.core::runtime
22:55:45 INFO  ProfileMatch              :             category: Android
22:55:45 INFO  ProfileMatch              :              version: 1.0.0  [OLD VERSION]
22:55:45 INFO  ProfileMatch              :         release-date:  --
22:55:45 INFO  ProfileMatch              :     lib root package: "android.arch.core"  (in app: "androidx.arch.core")
22:55:45 INFO  ProfileMatch              : 
22:55:45 INFO  ProfileMatch              :                 name: android.arch.core::runtime
22:55:45 INFO  ProfileMatch              :             category: Android
22:55:45 INFO  ProfileMatch              :              version: 1.1.0  [OLD VERSION]
22:55:45 INFO  ProfileMatch              :         release-date:  --
22:55:45 INFO  ProfileMatch              :     lib root package: "android.arch.core"  (in app: "androidx.arch.core")
22:55:45 INFO  ProfileMatch              : 
22:55:45 INFO  ProfileMatch              :                 name: com.android.support::cursoradapter
22:55:45 INFO  ProfileMatch              :             category: Android
22:55:45 INFO  ProfileMatch              :              version: 28.0.0
22:55:45 INFO  ProfileMatch              :         release-date:  --
22:55:45 INFO  ProfileMatch              :     lib root package: "android.support.v4.widget"  (in app: "androidx.cursoradapter.widget")
22:55:45 INFO  ProfileMatch              : 
22:55:45 INFO  ProfileMatch              :                 name: androidx.slidingpanelayout::slidingpanelayout
22:55:45 INFO  ProfileMatch              :             category: Android
22:55:45 INFO  ProfileMatch              :              version: 1.0.0  [OLD VERSION]
22:55:45 INFO  ProfileMatch              :         release-date:  --
22:55:45 INFO  ProfileMatch              :     lib root package: "androidx.slidingpanelayout.widget"
22:55:45 INFO  ProfileMatch              : 
22:55:45 INFO  ProfileMatch              :                 name: androidx.legacy::legacy-support-core-ui
22:55:45 INFO  ProfileMatch              :             category: Android
22:55:45 INFO  ProfileMatch              :              version: 1.0.0
22:55:45 INFO  ProfileMatch              :         release-date:  --
22:55:45 INFO  ProfileMatch              :     lib root package: "androidx.legacy"
22:55:45 INFO  ProfileMatch              : 
22:55:45 INFO  ProfileMatch              :                 name: com.android.support::interpolator
22:55:45 INFO  ProfileMatch              :             category: Android
22:55:45 INFO  ProfileMatch              :              version: 28.0.0
22:55:45 INFO  ProfileMatch              :         release-date:  --
22:55:45 INFO  ProfileMatch              :     lib root package: "android.support.v4.view.animation"  (in app: "androidx.interpolator.view.animation")
22:55:45 INFO  ProfileMatch              : 
22:55:45 INFO  ProfileMatch              :                 name: androidx.interpolator::interpolator
22:55:45 INFO  ProfileMatch              :             category: Android
22:55:45 INFO  ProfileMatch              :              version: 1.0.0
22:55:45 INFO  ProfileMatch              :         release-date:  --
22:55:45 INFO  ProfileMatch              :     lib root package: "androidx.interpolator.view.animation"
22:55:45 INFO  ProfileMatch              : 
22:55:45 INFO  ProfileMatch              :                 name: androidx.fragment::fragment
22:55:45 INFO  ProfileMatch              :             category: Android
22:55:45 INFO  ProfileMatch              :              version: 1.1.0  [OLD VERSION]
22:55:45 INFO  ProfileMatch              :         release-date:  --
22:55:45 INFO  ProfileMatch              :     lib root package: "androidx.fragment.app"
22:55:45 INFO  ProfileMatch              : 
22:55:45 INFO  ProfileMatch              :                 name: androidx.documentfile::documentfile
22:55:45 INFO  ProfileMatch              :             category: Android
22:55:45 INFO  ProfileMatch              :              version: 1.0.0  [OLD VERSION]
22:55:45 INFO  ProfileMatch              :         release-date:  --
22:55:45 INFO  ProfileMatch              :     lib root package: "androidx.documentfile.provider"
22:55:45 INFO  ProfileMatch              : 
22:55:45 INFO  ProfileMatch              :                 name: androidx.documentfile::documentfile
22:55:45 INFO  ProfileMatch              :             category: Android
22:55:45 INFO  ProfileMatch              :              version: 1.0.1
22:55:45 INFO  ProfileMatch              :         release-date:  --
22:55:45 INFO  ProfileMatch              :     lib root package: "androidx.documentfile.provider"
22:55:45 INFO  ProfileMatch              : 
22:55:45 INFO  ProfileMatch              :                 name: androidx.asynclayoutinflater::asynclayoutinflater
22:55:45 INFO  ProfileMatch              :             category: Android
22:55:45 INFO  ProfileMatch              :              version: 1.0.0
22:55:45 INFO  ProfileMatch              :         release-date:  --
22:55:45 INFO  ProfileMatch              :     lib root package: "androidx.asynclayoutinflater.view"
22:55:45 INFO  ProfileMatch              : 
22:55:45 INFO  ProfileMatch              :                 name: com.android.support::support-core-ui
22:55:45 INFO  ProfileMatch              :             category: Android
22:55:45 INFO  ProfileMatch              :              version: 28.0.0
22:55:45 INFO  ProfileMatch              :         release-date:  --
22:55:45 INFO  ProfileMatch              :     lib root package: "android.support.v4"  (in app: "androidx.legacy")
22:55:45 INFO  ProfileMatch              : 
22:55:45 INFO  ProfileMatch              :                 name: Facebook
22:55:45 INFO  ProfileMatch              :             category: SocialMedia
22:55:45 INFO  ProfileMatch              :              version: 4.27.0  [OLD VERSION]
22:55:45 INFO  ProfileMatch              :         release-date: 26.09.2017
22:55:45 INFO  ProfileMatch              :     lib root package: "com.facebook.all"  (in app: "androidx.core.view")
22:55:45 INFO  ProfileMatch              : 
22:55:45 INFO  ProfileMatch              :                 name: Facebook
22:55:45 INFO  ProfileMatch              :             category: SocialMedia
22:55:45 INFO  ProfileMatch              :              version: 4.28.0  [OLD VERSION]
22:55:45 INFO  ProfileMatch              :         release-date: 07.11.2017
22:55:45 INFO  ProfileMatch              :     lib root package: "com.facebook.all"  (in app: "androidx.core.view")
22:55:45 INFO  ProfileMatch              : 
22:55:45 INFO  ProfileMatch              :                 name: Facebook
22:55:45 INFO  ProfileMatch              :             category: SocialMedia
22:55:45 INFO  ProfileMatch              :              version: 4.29.0  [OLD VERSION]
22:55:45 INFO  ProfileMatch              :         release-date: 05.12.2017
22:55:45 INFO  ProfileMatch              :     lib root package: "com.facebook.all"  (in app: "androidx.core.view")
22:55:45 INFO  ProfileMatch              : 
22:55:45 INFO  ProfileMatch              :                 name: Facebook
22:55:45 INFO  ProfileMatch              :             category: SocialMedia
22:55:45 INFO  ProfileMatch              :              version: 4.30.0  [OLD VERSION]
22:55:45 INFO  ProfileMatch              :         release-date: 24.01.2018
22:55:45 INFO  ProfileMatch              :     lib root package: "com.facebook.all"  (in app: "androidx.core.view")
22:55:45 INFO  ProfileMatch              : 
22:55:45 INFO  ProfileMatch              :                 name: Facebook
22:55:45 INFO  ProfileMatch              :             category: SocialMedia
22:55:45 INFO  ProfileMatch              :              version: 4.31.0  [OLD VERSION]
22:55:45 INFO  ProfileMatch              :         release-date: 28.02.2018
22:55:45 INFO  ProfileMatch              :     lib root package: "com.facebook.all"  (in app: "androidx.core.view")
22:55:45 INFO  ProfileMatch              : 
22:55:45 INFO  ProfileMatch              :                 name: Facebook
22:55:45 INFO  ProfileMatch              :             category: SocialMedia
22:55:45 INFO  ProfileMatch              :              version: 4.32.0  [OLD VERSION]
22:55:45 INFO  ProfileMatch              :         release-date: 11.04.2018
22:55:45 INFO  ProfileMatch              :     lib root package: "com.facebook.all"  (in app: "androidx.core.view")
22:55:45 INFO  ProfileMatch              : 
22:55:45 INFO  ProfileMatch              :                 name: Facebook
22:55:45 INFO  ProfileMatch              :             category: SocialMedia
22:55:45 INFO  ProfileMatch              :              version: 4.33.0  [OLD VERSION]
22:55:45 INFO  ProfileMatch              :         release-date: 01.05.2018
22:55:45 INFO  ProfileMatch              :     lib root package: "com.facebook.all"  (in app: "androidx.core.view")
22:55:45 INFO  ProfileMatch              : 
22:55:45 INFO  ProfileMatch              :                 name: Facebook
22:55:45 INFO  ProfileMatch              :             category: SocialMedia
22:55:45 INFO  ProfileMatch              :              version: 4.34.0  [OLD VERSION]
22:55:45 INFO  ProfileMatch              :         release-date: 19.06.2018
22:55:45 INFO  ProfileMatch              :     lib root package: "com.facebook.all"  (in app: "androidx.core.view")
22:55:45 INFO  ProfileMatch              : 
22:55:45 INFO  ProfileMatch              :                 name: Facebook
22:55:45 INFO  ProfileMatch              :             category: SocialMedia
22:55:45 INFO  ProfileMatch              :              version: 4.35.0  [OLD VERSION]
22:55:45 INFO  ProfileMatch              :         release-date: 26.07.2018
22:55:45 INFO  ProfileMatch              :     lib root package: "com.facebook.all"  (in app: "androidx.core.view")
22:55:45 INFO  ProfileMatch              : 
22:55:45 INFO  ProfileMatch              :                 name: Facebook
22:55:45 INFO  ProfileMatch              :             category: SocialMedia
22:55:45 INFO  ProfileMatch              :              version: 4.36.0  [OLD VERSION]
22:55:45 INFO  ProfileMatch              :         release-date: 29.08.2018
22:55:45 INFO  ProfileMatch              :     lib root package: "com.facebook.all"  (in app: "androidx.core.view")
22:55:45 INFO  ProfileMatch              : 
22:55:45 INFO  ProfileMatch              :                 name: Facebook
22:55:45 INFO  ProfileMatch              :             category: SocialMedia
22:55:45 INFO  ProfileMatch              :              version: 4.36.1  [OLD VERSION]
22:55:45 INFO  ProfileMatch              :         release-date: 15.09.2018
22:55:45 INFO  ProfileMatch              :     lib root package: "com.facebook.all"  (in app: "androidx.core.view")
22:55:45 INFO  ProfileMatch              : 
22:55:45 INFO  ProfileMatch              :                 name: Facebook
22:55:45 INFO  ProfileMatch              :             category: SocialMedia
22:55:45 INFO  ProfileMatch              :              version: 4.37.0  [OLD VERSION]
22:55:45 INFO  ProfileMatch              :         release-date: 27.09.2018
22:55:45 INFO  ProfileMatch              :     lib root package: "com.facebook.all"  (in app: "androidx.core.view")
22:55:45 INFO  ProfileMatch              : 
22:55:45 INFO  ProfileMatch              :                 name: Facebook
22:55:45 INFO  ProfileMatch              :             category: SocialMedia
22:55:45 INFO  ProfileMatch              :              version: 4.38.0  [OLD VERSION]
22:55:45 INFO  ProfileMatch              :         release-date: 23.10.2018
22:55:45 INFO  ProfileMatch              :     lib root package: "com.facebook.all"  (in app: "androidx.core.view")
22:55:45 INFO  ProfileMatch              : 
22:55:45 INFO  ProfileMatch              :                 name: Facebook
22:55:45 INFO  ProfileMatch              :             category: SocialMedia
22:55:45 INFO  ProfileMatch              :              version: 4.38.1  [OLD VERSION]
22:55:45 INFO  ProfileMatch              :         release-date: 31.10.2018
22:55:45 INFO  ProfileMatch              :     lib root package: "com.facebook.all"  (in app: "androidx.core.view")
22:55:45 INFO  ProfileMatch              : 
22:55:45 INFO  ProfileMatch              :                 name: Facebook
22:55:45 INFO  ProfileMatch              :             category: SocialMedia
22:55:45 INFO  ProfileMatch              :              version: 4.39.0  [OLD VERSION]
22:55:45 INFO  ProfileMatch              :         release-date: 05.12.2018
22:55:45 INFO  ProfileMatch              :     lib root package: "com.facebook.all"  (in app: "androidx.core.view")
22:55:45 INFO  ProfileMatch              : 
22:55:45 INFO  ProfileMatch              :                 name: Facebook
22:55:45 INFO  ProfileMatch              :             category: SocialMedia
22:55:45 INFO  ProfileMatch              :              version: 4.40.0  [OLD VERSION]
22:55:45 INFO  ProfileMatch              :         release-date: 22.01.2019
22:55:45 INFO  ProfileMatch              :     lib root package: "com.facebook.all"  (in app: "androidx.core.view")
22:55:45 INFO  ProfileMatch              : 
22:55:45 INFO  ProfileMatch              :                 name: Facebook
22:55:45 INFO  ProfileMatch              :             category: SocialMedia
22:55:45 INFO  ProfileMatch              :              version: 4.41.0  [OLD VERSION]
22:55:45 INFO  ProfileMatch              :         release-date: 08.03.2019
22:55:45 INFO  ProfileMatch              :     lib root package: "com.facebook.all"  (in app: "androidx.core.view")
22:55:45 INFO  ProfileMatch              : 
22:55:45 INFO  ProfileMatch              :                 name: Facebook
22:55:45 INFO  ProfileMatch              :             category: SocialMedia
22:55:45 INFO  ProfileMatch              :              version: 4.42.0  [OLD VERSION]
22:55:45 INFO  ProfileMatch              :         release-date: 08.04.2019
22:55:45 INFO  ProfileMatch              :     lib root package: "com.facebook.all"  (in app: "androidx.core.view")
22:55:45 INFO  ProfileMatch              : 
22:55:45 INFO  ProfileMatch              :                 name: Facebook
22:55:45 INFO  ProfileMatch              :             category: SocialMedia
22:55:45 INFO  ProfileMatch              :              version: 5.0.0  [OLD VERSION]
22:55:45 INFO  ProfileMatch              :         release-date: 30.04.2019
22:55:45 INFO  ProfileMatch              :     lib root package: "com.facebook.all"  (in app: "androidx.core.view")
22:55:45 INFO  ProfileMatch              : 
22:55:45 INFO  ProfileMatch              :                 name: Facebook
22:55:45 INFO  ProfileMatch              :             category: SocialMedia
22:55:45 INFO  ProfileMatch              :              version: 5.0.1  [OLD VERSION]
22:55:45 INFO  ProfileMatch              :         release-date: 17.05.2019
22:55:45 INFO  ProfileMatch              :     lib root package: "com.facebook.all"  (in app: "androidx.core.view")
22:55:45 INFO  ProfileMatch              : 
22:55:45 INFO  ProfileMatch              :                 name: Facebook
22:55:45 INFO  ProfileMatch              :             category: SocialMedia
22:55:45 INFO  ProfileMatch              :              version: 5.0.2  [OLD VERSION]
22:55:45 INFO  ProfileMatch              :         release-date: 09.06.2019
22:55:45 INFO  ProfileMatch              :     lib root package: "com.facebook.all"  (in app: "androidx.core.view")
22:55:45 INFO  ProfileMatch              : 
22:55:45 INFO  ProfileMatch              :                 name: Facebook
22:55:45 INFO  ProfileMatch              :             category: SocialMedia
22:55:45 INFO  ProfileMatch              :              version: 5.0.3  [OLD VERSION]
22:55:45 INFO  ProfileMatch              :         release-date: 14.06.2019
22:55:45 INFO  ProfileMatch              :     lib root package: "com.facebook.all"  (in app: "androidx.core.view")
22:55:45 INFO  ProfileMatch              : 
22:55:45 INFO  ProfileMatch              :                 name: Facebook
22:55:45 INFO  ProfileMatch              :             category: SocialMedia
22:55:45 INFO  ProfileMatch              :              version: 5.1.0  [OLD VERSION]
22:55:45 INFO  ProfileMatch              :         release-date: 21.06.2019
22:55:45 INFO  ProfileMatch              :     lib root package: "com.facebook.all"  (in app: "androidx.core.view")
22:55:45 INFO  ProfileMatch              : 
22:55:45 INFO  ProfileMatch              :                 name: Facebook
22:55:45 INFO  ProfileMatch              :             category: SocialMedia
22:55:45 INFO  ProfileMatch              :              version: 5.1.1  [OLD VERSION]
22:55:45 INFO  ProfileMatch              :         release-date: 02.07.2019
22:55:45 INFO  ProfileMatch              :     lib root package: "com.facebook.all"  (in app: "androidx.core.view")
22:55:45 INFO  ProfileMatch              : 
22:55:45 INFO  ProfileMatch              :                 name: Facebook
22:55:45 INFO  ProfileMatch              :             category: SocialMedia
22:55:45 INFO  ProfileMatch              :              version: 5.2.0  [OLD VERSION]
22:55:45 INFO  ProfileMatch              :         release-date: 29.07.2019
22:55:45 INFO  ProfileMatch              :     lib root package: "com.facebook.all"  (in app: "androidx.core.view")
22:55:45 INFO  ProfileMatch              : 
22:55:45 INFO  ProfileMatch              :                 name: Facebook
22:55:45 INFO  ProfileMatch              :             category: SocialMedia
22:55:45 INFO  ProfileMatch              :              version: 5.4.0  [OLD VERSION]
22:55:45 INFO  ProfileMatch              :         release-date: 16.08.2019
22:55:45 INFO  ProfileMatch              :     lib root package: "com.facebook.all"  (in app: "androidx.core.view")
22:55:45 INFO  ProfileMatch              : 
22:55:45 INFO  ProfileMatch              :                 name: Facebook
22:55:45 INFO  ProfileMatch              :             category: SocialMedia
22:55:45 INFO  ProfileMatch              :              version: 5.5.0  [OLD VERSION]
22:55:45 INFO  ProfileMatch              :         release-date: 31.08.2019
22:55:45 INFO  ProfileMatch              :     lib root package: "com.facebook.all"  (in app: "androidx.core.view")
22:55:45 INFO  ProfileMatch              : 
22:55:45 INFO  ProfileMatch              :                 name: Facebook
22:55:45 INFO  ProfileMatch              :             category: SocialMedia
22:55:45 INFO  ProfileMatch              :              version: 5.5.1  [OLD VERSION]
22:55:45 INFO  ProfileMatch              :         release-date: 06.09.2019
22:55:45 INFO  ProfileMatch              :     lib root package: "com.facebook.all"  (in app: "androidx.core.view")
22:55:45 INFO  ProfileMatch              : 
22:55:45 INFO  ProfileMatch              :                 name: Facebook
22:55:45 INFO  ProfileMatch              :             category: SocialMedia
22:55:45 INFO  ProfileMatch              :              version: 5.5.2  [OLD VERSION]
22:55:45 INFO  ProfileMatch              :         release-date: 05.10.2019
22:55:45 INFO  ProfileMatch              :     lib root package: "com.facebook.all"  (in app: "androidx.core.view")
22:55:45 INFO  ProfileMatch              : 
22:55:45 INFO  ProfileMatch              :                 name: Facebook
22:55:45 INFO  ProfileMatch              :             category: SocialMedia
22:55:45 INFO  ProfileMatch              :              version: 5.8.0  [OLD VERSION]
22:55:45 INFO  ProfileMatch              :         release-date: 08.10.2019
22:55:45 INFO  ProfileMatch              :     lib root package: "com.facebook.all"  (in app: "androidx.core.view")
22:55:45 INFO  ProfileMatch              : 
22:55:45 INFO  ProfileMatch              :                 name: Facebook
22:55:45 INFO  ProfileMatch              :             category: SocialMedia
22:55:45 INFO  ProfileMatch              :              version: 5.9.0  [OLD VERSION]
22:55:45 INFO  ProfileMatch              :         release-date: 29.10.2019
22:55:45 INFO  ProfileMatch              :     lib root package: "com.facebook.all"  (in app: "androidx.core.view")
22:55:45 INFO  ProfileMatch              : 
22:55:45 INFO  ProfileMatch              :                 name: Facebook
22:55:45 INFO  ProfileMatch              :             category: SocialMedia
22:55:45 INFO  ProfileMatch              :              version: 5.11.0  [OLD VERSION]
22:55:45 INFO  ProfileMatch              :         release-date: 15.11.2019
22:55:45 INFO  ProfileMatch              :     lib root package: "com.facebook.all"  (in app: "androidx.core.view")
22:55:45 INFO  ProfileMatch              : 
22:55:45 INFO  ProfileMatch              :                 name: Facebook
22:55:45 INFO  ProfileMatch              :             category: SocialMedia
22:55:45 INFO  ProfileMatch              :              version: 5.11.1  [OLD VERSION]
22:55:45 INFO  ProfileMatch              :         release-date: 21.11.2019
22:55:45 INFO  ProfileMatch              :     lib root package: "com.facebook.all"  (in app: "androidx.core.view")
22:55:45 INFO  ProfileMatch              : 
22:55:45 INFO  ProfileMatch              :                 name: Facebook
22:55:45 INFO  ProfileMatch              :             category: SocialMedia
22:55:45 INFO  ProfileMatch              :              version: 5.11.2  [OLD VERSION]
22:55:45 INFO  ProfileMatch              :         release-date: 22.11.2019
22:55:45 INFO  ProfileMatch              :     lib root package: "com.facebook.all"  (in app: "androidx.core.view")
22:55:45 INFO  ProfileMatch              : 
22:55:45 INFO  ProfileMatch              :                 name: Facebook
22:55:45 INFO  ProfileMatch              :             category: SocialMedia
22:55:45 INFO  ProfileMatch              :              version: 5.12.0  [OLD VERSION]
22:55:45 INFO  ProfileMatch              :         release-date: 04.12.2019
22:55:45 INFO  ProfileMatch              :     lib root package: "com.facebook.all"  (in app: "androidx.core.view")
22:55:45 INFO  ProfileMatch              : 
22:55:45 INFO  ProfileMatch              :                 name: Facebook
22:55:45 INFO  ProfileMatch              :             category: SocialMedia
22:55:45 INFO  ProfileMatch              :              version: 5.12.1  [OLD VERSION]
22:55:45 INFO  ProfileMatch              :         release-date: 09.12.2019
22:55:45 INFO  ProfileMatch              :     lib root package: "com.facebook.all"  (in app: "androidx.core.view")
22:55:45 INFO  ProfileMatch              : 
22:55:45 INFO  ProfileMatch              :                 name: Facebook
22:55:45 INFO  ProfileMatch              :             category: SocialMedia
22:55:45 INFO  ProfileMatch              :              version: 5.13.0  [OLD VERSION]
22:55:45 INFO  ProfileMatch              :         release-date: 12.12.2019
22:55:45 INFO  ProfileMatch              :     lib root package: "com.facebook.all"  (in app: "androidx.core.view")
22:55:45 INFO  ProfileMatch              : 
22:55:45 INFO  ProfileMatch              :                 name: Facebook
22:55:45 INFO  ProfileMatch              :             category: SocialMedia
22:55:45 INFO  ProfileMatch              :              version: 5.15.0  [OLD VERSION]
22:55:45 INFO  ProfileMatch              :         release-date: 21.01.2020
22:55:45 INFO  ProfileMatch              :     lib root package: "com.facebook.all"  (in app: "androidx.core.view")
22:55:45 INFO  ProfileMatch              : 
22:55:45 INFO  ProfileMatch              :                 name: Facebook
22:55:45 INFO  ProfileMatch              :             category: SocialMedia
22:55:45 INFO  ProfileMatch              :              version: 5.15.1  [OLD VERSION]
22:55:45 INFO  ProfileMatch              :         release-date: 29.01.2020
22:55:45 INFO  ProfileMatch              :     lib root package: "com.facebook.all"  (in app: "androidx.core.view")
22:55:45 INFO  ProfileMatch              : 
22:55:45 INFO  ProfileMatch              :                 name: Facebook
22:55:45 INFO  ProfileMatch              :             category: SocialMedia
22:55:45 INFO  ProfileMatch              :              version: 5.15.2  [OLD VERSION]
22:55:45 INFO  ProfileMatch              :         release-date: 03.02.2020
22:55:45 INFO  ProfileMatch              :     lib root package: "com.facebook.all"  (in app: "androidx.core.view")
22:55:45 INFO  ProfileMatch              : 
22:55:45 INFO  ProfileMatch              :                 name: Facebook
22:55:45 INFO  ProfileMatch              :             category: SocialMedia
22:55:45 INFO  ProfileMatch              :              version: 5.15.3  [OLD VERSION]
22:55:45 INFO  ProfileMatch              :         release-date: 03.02.2020
22:55:45 INFO  ProfileMatch              :     lib root package: "com.facebook.all"  (in app: "androidx.core.view")
22:55:45 INFO  ProfileMatch              : 
22:55:45 INFO  ProfileMatch              :                 name: Facebook
22:55:45 INFO  ProfileMatch              :             category: SocialMedia
22:55:45 INFO  ProfileMatch              :              version: 6.0.0  [OLD VERSION]
22:55:45 INFO  ProfileMatch              :         release-date: 03.02.2020
22:55:45 INFO  ProfileMatch              :     lib root package: "com.facebook.all"  (in app: "androidx.core.view")
22:55:45 INFO  ProfileMatch              : 
22:55:45 INFO  ProfileMatch              :                 name: Facebook
22:55:45 INFO  ProfileMatch              :             category: SocialMedia
22:55:45 INFO  ProfileMatch              :              version: 6.1.0  [OLD VERSION]
22:55:45 INFO  ProfileMatch              :         release-date: 14.02.2020
22:55:45 INFO  ProfileMatch              :     lib root package: "com.facebook.all"  (in app: "androidx.core.view")
22:55:45 INFO  ProfileMatch              : 
22:55:45 INFO  ProfileMatch              :                 name: Facebook
22:55:45 INFO  ProfileMatch              :             category: SocialMedia
22:55:45 INFO  ProfileMatch              :              version: 6.2.0  [OLD VERSION]
22:55:45 INFO  ProfileMatch              :         release-date: 09.03.2020
22:55:45 INFO  ProfileMatch              :     lib root package: "com.facebook.all"  (in app: "androidx.core.view")
22:55:45 INFO  ProfileMatch              : 
22:55:45 INFO  ProfileMatch              :                 name: Facebook
22:55:45 INFO  ProfileMatch              :             category: SocialMedia
22:55:45 INFO  ProfileMatch              :              version: 6.3.0  [OLD VERSION]
22:55:45 INFO  ProfileMatch              :         release-date: 25.03.2020
22:55:45 INFO  ProfileMatch              :     lib root package: "com.facebook.all"  (in app: "androidx.core.view")
22:55:45 INFO  ProfileMatch              : 
22:55:45 INFO  ProfileMatch              :                 name: Facebook
22:55:45 INFO  ProfileMatch              :             category: SocialMedia
22:55:45 INFO  ProfileMatch              :              version: 6.4.0  [OLD VERSION]
22:55:45 INFO  ProfileMatch              :         release-date: 15.04.2020
22:55:45 INFO  ProfileMatch              :     lib root package: "com.facebook.all"  (in app: "androidx.core.view")
22:55:45 INFO  ProfileMatch              : 
22:55:45 INFO  ProfileMatch              :                 name: Facebook
22:55:45 INFO  ProfileMatch              :             category: SocialMedia
22:55:45 INFO  ProfileMatch              :              version: 6.5.0  [OLD VERSION]
22:55:45 INFO  ProfileMatch              :         release-date: 20.04.2020
22:55:45 INFO  ProfileMatch              :     lib root package: "com.facebook.all"  (in app: "androidx.core.view")
22:55:45 INFO  ProfileMatch              : 
22:55:45 INFO  ProfileMatch              :                 name: Facebook
22:55:45 INFO  ProfileMatch              :             category: SocialMedia
22:55:45 INFO  ProfileMatch              :              version: 6.5.1  [OLD VERSION]
22:55:45 INFO  ProfileMatch              :         release-date: 23.04.2020
22:55:45 INFO  ProfileMatch              :     lib root package: "com.facebook.all"  (in app: "androidx.core.view")
22:55:45 INFO  ProfileMatch              : 
22:55:45 INFO  ProfileMatch              :                 name: Facebook
22:55:45 INFO  ProfileMatch              :             category: SocialMedia
22:55:45 INFO  ProfileMatch              :              version: 7.0.0  [OLD VERSION]
22:55:45 INFO  ProfileMatch              :         release-date: 05.05.2020
22:55:45 INFO  ProfileMatch              :     lib root package: "com.facebook.all"  (in app: "androidx.core.view")
22:55:45 INFO  ProfileMatch              : 
22:55:45 INFO  ProfileMatch              :                 name: Facebook
22:55:45 INFO  ProfileMatch              :             category: SocialMedia
22:55:45 INFO  ProfileMatch              :              version: 7.0.1  [OLD VERSION]
22:55:45 INFO  ProfileMatch              :         release-date: 09.06.2020
22:55:45 INFO  ProfileMatch              :     lib root package: "com.facebook.all"  (in app: "androidx.core.view")
22:55:45 INFO  ProfileMatch              : 
22:55:45 INFO  ProfileMatch              :                 name: Facebook
22:55:45 INFO  ProfileMatch              :             category: SocialMedia
22:55:45 INFO  ProfileMatch              :              version: 7.1.0  [OLD VERSION]
22:55:45 INFO  ProfileMatch              :         release-date: 23.06.2020
22:55:45 INFO  ProfileMatch              :     lib root package: "com.facebook.all"  (in app: "androidx.core.view")
22:55:45 INFO  ProfileMatch              : 
22:55:45 INFO  ProfileMatch              :                 name: Facebook
22:55:45 INFO  ProfileMatch              :             category: SocialMedia
22:55:45 INFO  ProfileMatch              :              version: 8.0.0  [OLD VERSION]
22:55:45 INFO  ProfileMatch              :         release-date: 28.09.2020
22:55:45 INFO  ProfileMatch              :     lib root package: "com.facebook.all"  (in app: "androidx.core.view")
22:55:45 INFO  ProfileMatch              : 
22:55:45 INFO  ProfileMatch              :                 name: Facebook
22:55:45 INFO  ProfileMatch              :             category: SocialMedia
22:55:45 INFO  ProfileMatch              :              version: 8.1.0  [OLD VERSION]
22:55:45 INFO  ProfileMatch              :         release-date: 14.10.2020
22:55:45 INFO  ProfileMatch              :     lib root package: "com.facebook.all"  (in app: "androidx.core.view")
22:55:45 INFO  ProfileMatch              : 
22:55:45 INFO  ProfileMatch              :                 name: Facebook
22:55:45 INFO  ProfileMatch              :             category: SocialMedia
22:55:45 INFO  ProfileMatch              :              version: 8.2.0  [OLD VERSION]
22:55:45 INFO  ProfileMatch              :         release-date: 18.12.2020
22:55:45 INFO  ProfileMatch              :     lib root package: "com.facebook.all"  (in app: "androidx.core.view")
22:55:45 INFO  ProfileMatch              : 
22:55:45 INFO  ProfileMatch              :                 name: Facebook
22:55:45 INFO  ProfileMatch              :             category: SocialMedia
22:55:45 INFO  ProfileMatch              :              version: 9.0.0  [OLD VERSION]
22:55:45 INFO  ProfileMatch              :         release-date: 19.01.2021
22:55:45 INFO  ProfileMatch              :     lib root package: "com.facebook.all"  (in app: "androidx.core.view")
22:55:45 INFO  ProfileMatch              : 
22:55:45 INFO  ProfileMatch              :                 name: Facebook
22:55:45 INFO  ProfileMatch              :             category: SocialMedia
22:55:45 INFO  ProfileMatch              :              version: 9.1.0  [OLD VERSION]
22:55:45 INFO  ProfileMatch              :         release-date: 15.03.2021
22:55:45 INFO  ProfileMatch              :     lib root package: "com.facebook.all"  (in app: "androidx.core.view")
22:55:45 INFO  ProfileMatch              : 
22:55:45 INFO  ProfileMatch              :                 name: Facebook
22:55:45 INFO  ProfileMatch              :             category: SocialMedia
22:55:45 INFO  ProfileMatch              :              version: 9.1.1  [OLD VERSION]
22:55:45 INFO  ProfileMatch              :         release-date: 12.04.2021
22:55:45 INFO  ProfileMatch              :     lib root package: "com.facebook.all"  (in app: "androidx.core.view")
22:55:45 INFO  ProfileMatch              : 
22:55:45 INFO  ProfileMatch              :                 name: Facebook
22:55:45 INFO  ProfileMatch              :             category: SocialMedia
22:55:45 INFO  ProfileMatch              :              version: 11.0.0  [OLD VERSION]
22:55:45 INFO  ProfileMatch              :         release-date: 08.06.2021
22:55:45 INFO  ProfileMatch              :     lib root package: "com.facebook.all"  (in app: "androidx.core.view")
22:55:45 INFO  ProfileMatch              : 
22:55:45 INFO  ProfileMatch              :                 name: Facebook
22:55:45 INFO  ProfileMatch              :             category: SocialMedia
22:55:45 INFO  ProfileMatch              :              version: 11.1.0  [OLD VERSION]
22:55:45 INFO  ProfileMatch              :         release-date: 06.07.2021
22:55:45 INFO  ProfileMatch              :     lib root package: "com.facebook.all"  (in app: "androidx.core.view")
22:55:45 INFO  ProfileMatch              : 
22:55:45 INFO  ProfileMatch              :                 name: Facebook
22:55:45 INFO  ProfileMatch              :             category: SocialMedia
22:55:45 INFO  ProfileMatch              :              version: 11.1.1  [OLD VERSION]
22:55:45 INFO  ProfileMatch              :         release-date: 19.07.2021
22:55:45 INFO  ProfileMatch              :     lib root package: "com.facebook.all"  (in app: "androidx.core.view")
22:55:45 INFO  ProfileMatch              : 
22:55:45 INFO  ProfileMatch              :                 name: Facebook
22:55:45 INFO  ProfileMatch              :             category: SocialMedia
22:55:45 INFO  ProfileMatch              :              version: 11.2.0  [OLD VERSION]
22:55:45 INFO  ProfileMatch              :         release-date: 03.08.2021
22:55:45 INFO  ProfileMatch              :     lib root package: "com.facebook.all"  (in app: "androidx.core.view")
22:55:45 INFO  ProfileMatch              : 
22:55:45 INFO  ProfileMatch              :                 name: Facebook
22:55:45 INFO  ProfileMatch              :             category: SocialMedia
22:55:45 INFO  ProfileMatch              :              version: 11.3.0  [OLD VERSION]
22:55:45 INFO  ProfileMatch              :         release-date: 07.09.2021
22:55:45 INFO  ProfileMatch              :     lib root package: "com.facebook.all"  (in app: "androidx.core.view")
22:55:45 INFO  ProfileMatch              : 
22:55:45 INFO  ProfileMatch              :                 name: Facebook
22:55:45 INFO  ProfileMatch              :             category: SocialMedia
22:55:45 INFO  ProfileMatch              :              version: 12.0.0  [OLD VERSION]
22:55:45 INFO  ProfileMatch              :         release-date: 05.10.2021
22:55:45 INFO  ProfileMatch              :     lib root package: "com.facebook.all"  (in app: "androidx.core.view")
22:55:45 INFO  ProfileMatch              : 
22:55:45 INFO  ProfileMatch              :                 name: Facebook
22:55:45 INFO  ProfileMatch              :             category: SocialMedia
22:55:45 INFO  ProfileMatch              :              version: 12.0.1  [OLD VERSION]
22:55:45 INFO  ProfileMatch              :         release-date: 13.10.2021
22:55:45 INFO  ProfileMatch              :     lib root package: "com.facebook.all"  (in app: "androidx.core.view")
22:55:45 INFO  ProfileMatch              : 
22:55:45 INFO  ProfileMatch              :                 name: Facebook
22:55:45 INFO  ProfileMatch              :             category: SocialMedia
22:55:45 INFO  ProfileMatch              :              version: 12.1.0  [OLD VERSION]
22:55:45 INFO  ProfileMatch              :         release-date: 01.11.2021
22:55:45 INFO  ProfileMatch              :     lib root package: "com.facebook.all"  (in app: "androidx.core.view")
22:55:45 INFO  ProfileMatch              : 
22:55:45 INFO  ProfileMatch              :                 name: Facebook
22:55:45 INFO  ProfileMatch              :             category: SocialMedia
22:55:45 INFO  ProfileMatch              :              version: 12.2.0  [OLD VERSION]
22:55:45 INFO  ProfileMatch              :         release-date: 06.12.2021
22:55:45 INFO  ProfileMatch              :     lib root package: "com.facebook.all"  (in app: "androidx.core.view")
22:55:45 INFO  ProfileMatch              : 
22:55:45 INFO  ProfileMatch              :                 name: Facebook
22:55:45 INFO  ProfileMatch              :             category: SocialMedia
22:55:45 INFO  ProfileMatch              :              version: 12.3.0  [OLD VERSION]
22:55:45 INFO  ProfileMatch              :         release-date: 10.01.2022
22:55:45 INFO  ProfileMatch              :     lib root package: "com.facebook.all"  (in app: "androidx.core.view")
22:55:45 INFO  ProfileMatch              : 
22:55:45 INFO  ProfileMatch              :                 name: Facebook
22:55:45 INFO  ProfileMatch              :             category: SocialMedia
22:55:45 INFO  ProfileMatch              :              version: 13.0.0  [OLD VERSION]
22:55:45 INFO  ProfileMatch              :         release-date: 23.02.2022
22:55:45 INFO  ProfileMatch              :     lib root package: "com.facebook.all"  (in app: "androidx.core.view")
22:55:45 INFO  ProfileMatch              : 
22:55:45 INFO  ProfileMatch              :                 name: Facebook
22:55:45 INFO  ProfileMatch              :             category: SocialMedia
22:55:45 INFO  ProfileMatch              :              version: 13.1.0  [OLD VERSION]
22:55:45 INFO  ProfileMatch              :         release-date: 21.03.2022
22:55:45 INFO  ProfileMatch              :     lib root package: "com.facebook.all"  (in app: "androidx.core.view")
22:55:45 INFO  ProfileMatch              : 
22:55:45 INFO  ProfileMatch              :                 name: Facebook
22:55:45 INFO  ProfileMatch              :             category: SocialMedia
22:55:45 INFO  ProfileMatch              :              version: 13.2.0  [OLD VERSION]
22:55:45 INFO  ProfileMatch              :         release-date: 22.04.2022
22:55:45 INFO  ProfileMatch              :     lib root package: "com.facebook.all"  (in app: "androidx.core.view")
22:55:45 INFO  ProfileMatch              : 
22:55:45 INFO  ProfileMatch              :                 name: Facebook
22:55:45 INFO  ProfileMatch              :             category: SocialMedia
22:55:45 INFO  ProfileMatch              :              version: 14.0.0
22:55:45 INFO  ProfileMatch              :         release-date: 14.06.2022
22:55:45 INFO  ProfileMatch              :     lib root package: "com.facebook.all"  (in app: "androidx.core.view")
22:55:45 INFO  ProfileMatch              : 
22:55:45 INFO  ProfileMatch              :                 name: androidx.legacy::legacy-support-core-utils
22:55:45 INFO  ProfileMatch              :             category: Android
22:55:45 INFO  ProfileMatch              :              version: 1.0.0
22:55:45 INFO  ProfileMatch              :         release-date:  --
22:55:45 INFO  ProfileMatch              :     lib root package: "androidx.legacy.content"
22:55:45 INFO  ProfileMatch              : 
22:55:45 INFO  ProfileMatch              :                 name: com.android.support::documentfile
22:55:45 INFO  ProfileMatch              :             category: Android
22:55:45 INFO  ProfileMatch              :              version: 28.0.0
22:55:45 INFO  ProfileMatch              :         release-date:  --
22:55:45 INFO  ProfileMatch              :     lib root package: "android.support.v4.provider"  (in app: "androidx.documentfile.provider")
22:55:45 INFO  ProfileMatch              : 
22:55:45 INFO  ProfileMatch              :                 name: com.android.support::viewpager
22:55:45 INFO  ProfileMatch              :             category: Android
22:55:45 INFO  ProfileMatch              :              version: 28.0.0
22:55:45 INFO  ProfileMatch              :         release-date:  --
22:55:45 INFO  ProfileMatch              :     lib root package: "android.support.v4.view"  (in app: "androidx.viewpager.widget")
22:55:45 INFO  ProfileMatch              : 
22:55:45 INFO  ProfileMatch              :                 name: androidx.localbroadcastmanager::localbroadcastmanager
22:55:45 INFO  ProfileMatch              :             category: Android
22:55:45 INFO  ProfileMatch              :              version: 1.0.0  [OLD VERSION]
22:55:45 INFO  ProfileMatch              :         release-date:  --
22:55:45 INFO  ProfileMatch              :     lib root package: "androidx.localbroadcastmanager.content"
22:55:45 INFO  ProfileMatch              : 
22:55:45 INFO  ProfileMatch              :                 name: androidx.localbroadcastmanager::localbroadcastmanager
22:55:45 INFO  ProfileMatch              :             category: Android
22:55:45 INFO  ProfileMatch              :              version: 1.1.0
22:55:45 INFO  ProfileMatch              :         release-date:  --
22:55:45 INFO  ProfileMatch              :     lib root package: "androidx.localbroadcastmanager.content"
22:55:45 INFO  ProfileMatch              : 
22:55:45 INFO  ProfileMatch              :                 name: androidx.viewpager::viewpager
22:55:45 INFO  ProfileMatch              :             category: Android
22:55:45 INFO  ProfileMatch              :              version: 1.0.0
22:55:45 INFO  ProfileMatch              :         release-date:  --
22:55:45 INFO  ProfileMatch              :     lib root package: "androidx.viewpager.widget"
22:55:45 INFO  ProfileMatch              : 
22:55:45 INFO  LibraryIdentifier         : 
22:55:45 INFO  LibraryIdentifier         : - Partial library matches:
22:55:45 INFO  LibraryIdentifier         :                 name: android.arch.core::common
22:55:45 INFO  LibraryIdentifier         :             category: Android
22:55:45 INFO  LibraryIdentifier         :              version: 1.1.1
22:55:45 INFO  LibraryIdentifier         :         release-date:  --
22:55:45 INFO  LibraryIdentifier         :     lib root package: "android.arch.core"
22:55:45 INFO  LibraryIdentifier         :         Partial matching results:
22:55:45 INFO  LibraryIdentifier         :              - config: Hashing.md5() | Flags: no-flag | Keep: PN | Prune: MSIG   score: 0.875
22:55:45 INFO  LibraryIdentifier         : 
22:55:45 INFO  LibraryIdentifier         :                 name: androidx.core::core
22:55:45 INFO  LibraryIdentifier         :             category: Android
22:55:45 INFO  LibraryIdentifier         :              version: 1.1.0  [OLD VERSION]
22:55:45 INFO  LibraryIdentifier         :         release-date:  --
22:55:45 INFO  LibraryIdentifier         :     lib root package: "androidx.core"
22:55:45 INFO  LibraryIdentifier         :         Partial matching results:
22:55:45 INFO  LibraryIdentifier         :              - config: Hashing.md5() | Flags: no-flag | Keep: PN | Prune: MSIG   score: 0.9285714
22:55:45 INFO  LibraryIdentifier         : 
22:55:45 INFO  LibraryIdentifier         : 
22:55:45 INFO  LibraryIdentifier         : App processing time: 35 sec, 485 ms
