22:46:47 INFO  LibraryIdentifier         : Process app: design.codeux.authpass.fdroid_159.apk
22:46:47 INFO  LibraryIdentifier         : = Manifest Parser =
22:46:47 INFO  LibraryIdentifier         :         Package name: design.codeux.authpass.fdroid
22:46:47 INFO  LibraryIdentifier         :         Version code: 159
22:46:47 INFO  LibraryIdentifier         :        minSdkVersion: 23
22:46:47 INFO  LibraryIdentifier         :     targetSdkVersion: 30
22:46:47 INFO  LibraryIdentifier         :         SharedUserId:  - none -
22:46:47 INFO  LibraryIdentifier         :     Library dependencies:  - none -
22:46:47 INFO  LibraryIdentifier         : 
22:46:47 INFO  LibraryIdentifier         : Found 402 unique libraries in 12405 library profiles
22:46:48 INFO  LibraryIdentifier         : Generated class hierarchy (in 896 ms)
22:46:49 INFO  WalaUtils                 : 
22:46:49 INFO  WalaUtils                 : = ClassHierarchy Stats =
22:46:49 INFO  WalaUtils                 :     # of classes: 6195
22:46:49 INFO  WalaUtils                 :     # thereof inner classes: 3022
22:46:49 INFO  WalaUtils                 :     # thereof public classes: 3535
22:46:49 INFO  WalaUtils                 :         Activity : 11
22:46:49 INFO  WalaUtils                 :         Application : 1
22:46:49 INFO  WalaUtils                 :         AsyncTask : 0
22:46:49 INFO  WalaUtils                 :         BroadcastReceiver : 5
22:46:49 INFO  WalaUtils                 :         ContentProvider : 4
22:46:49 INFO  WalaUtils                 :         Fragment : 1
22:46:49 INFO  WalaUtils                 :         Handler : 7
22:46:49 INFO  WalaUtils                 :         LayoutContainer : 59
22:46:49 INFO  WalaUtils                 :         Plain : 6057
22:46:49 INFO  WalaUtils                 :         Runnable : 0
22:46:49 INFO  WalaUtils                 :         Service : 1
22:46:49 INFO  WalaUtils                 :         Thread : 6
22:46:49 INFO  WalaUtils                 :         View : 43
22:46:49 INFO  WalaUtils                 :     # methods: 39747
22:46:49 INFO  WalaUtils                 :         # of publicly accessible methods: 25739
22:46:49 INFO  WalaUtils                 :         # of non-accessible methods: 14008
22:46:49 INFO  WalaUtils                 : 
22:46:49 INFO  Profile                   : = PackageTree =
22:46:49 INFO  PackageTree               : Root Package: e
22:46:49 INFO  PackageTree               : └── Root
22:46:49 INFO  PackageTree               :     ├── kotlin (41)
22:46:49 INFO  PackageTree               :     │   ├── s0 (16)
22:46:49 INFO  PackageTree               :     │   │   ├── p (2)
22:46:49 INFO  PackageTree               :     │   │   │   └── c (135)
22:46:49 INFO  PackageTree               :     │   │   │       ├── p0 (1)
22:46:49 INFO  PackageTree               :     │   │   │       │   ├── c (103)
22:46:49 INFO  PackageTree               :     │   │   │       │   │   ├── j1 (9)
22:46:49 INFO  PackageTree               :     │   │   │       │   │   ├── m1
22:46:49 INFO  PackageTree               :     │   │   │       │   │   │   ├── b (36)
22:46:49 INFO  PackageTree               :     │   │   │       │   │   │   └── a (17)
22:46:49 INFO  PackageTree               :     │   │   │       │   │   ├── i1 (22)
22:46:49 INFO  PackageTree               :     │   │   │       │   │   ├── k1 (70)
22:46:49 INFO  PackageTree               :     │   │   │       │   │   └── l1 (3)
22:46:49 INFO  PackageTree               :     │   │   │       │   ├── n (105)
22:46:49 INFO  PackageTree               :     │   │   │       │   │   ├── j1 (38)
22:46:49 INFO  PackageTree               :     │   │   │       │   │   ├── l1 (20)
22:46:49 INFO  PackageTree               :     │   │   │       │   │   ├── m1 (3)
22:46:49 INFO  PackageTree               :     │   │   │       │   │   ├── n1 (5)
22:46:49 INFO  PackageTree               :     │   │   │       │   │   └── k1 (2)
22:46:49 INFO  PackageTree               :     │   │   │       │   ├── i (66)
22:46:49 INFO  PackageTree               :     │   │   │       │   ├── e
22:46:49 INFO  PackageTree               :     │   │   │       │   │   ├── a (52)
22:46:49 INFO  PackageTree               :     │   │   │       │   │   │   ├── g0 (19)
22:46:49 INFO  PackageTree               :     │   │   │       │   │   │   │   ├── l (61)
22:46:49 INFO  PackageTree               :     │   │   │       │   │   │   │   └── m (11)
22:46:49 INFO  PackageTree               :     │   │   │       │   │   │   ├── i0 (34)
22:46:49 INFO  PackageTree               :     │   │   │       │   │   │   ├── e0 (22)
22:46:49 INFO  PackageTree               :     │   │   │       │   │   │   ├── j0 (63)
22:46:49 INFO  PackageTree               :     │   │   │       │   │   │   ├── f0 (14)
22:46:49 INFO  PackageTree               :     │   │   │       │   │   │   └── h0 (2)
22:46:49 INFO  PackageTree               :     │   │   │       │   │   └── b (54)
22:46:49 INFO  PackageTree               :     │   │   │       │   │       └── a0 (11)
22:46:49 INFO  PackageTree               :     │   │   │       │   ├── l (1)
22:46:49 INFO  PackageTree               :     │   │   │       │   │   └── b (53)
22:46:49 INFO  PackageTree               :     │   │   │       │   │       ├── d0 (55)
22:46:49 INFO  PackageTree               :     │   │   │       │   │       └── c0 (5)
22:46:49 INFO  PackageTree               :     │   │   │       │   ├── k (33)
22:46:49 INFO  PackageTree               :     │   │   │       │   │   ├── t (4)
22:46:49 INFO  PackageTree               :     │   │   │       │   │   ├── q (39)
22:46:49 INFO  PackageTree               :     │   │   │       │   │   ├── r (2)
22:46:49 INFO  PackageTree               :     │   │   │       │   │   ├── v (32)
22:46:49 INFO  PackageTree               :     │   │   │       │   │   │   └── o (7)
22:46:49 INFO  PackageTree               :     │   │   │       │   │   ├── s (5)
22:46:49 INFO  PackageTree               :     │   │   │       │   │   ├── u (2)
22:46:49 INFO  PackageTree               :     │   │   │       │   │   └── p
22:46:49 INFO  PackageTree               :     │   │   │       │   │       └── a (6)
22:46:49 INFO  PackageTree               :     │   │   │       │   ├── b (29)
22:46:49 INFO  PackageTree               :     │   │   │       │   │   ├── p (9)
22:46:49 INFO  PackageTree               :     │   │   │       │   │   └── q (32)
22:46:49 INFO  PackageTree               :     │   │   │       │   ├── f (85)
22:46:49 INFO  PackageTree               :     │   │   │       │   │   ├── z (17)
22:46:49 INFO  PackageTree               :     │   │   │       │   │   ├── a0 (17)
22:46:49 INFO  PackageTree               :     │   │   │       │   │   │   └── b (12)
22:46:49 INFO  PackageTree               :     │   │   │       │   │   └── y (3)
22:46:49 INFO  PackageTree               :     │   │   │       │   ├── m (32)
22:46:49 INFO  PackageTree               :     │   │   │       │   ├── j (43)
22:46:49 INFO  PackageTree               :     │   │   │       │   ├── p (33)
22:46:49 INFO  PackageTree               :     │   │   │       │   ├── h (1)
22:46:49 INFO  PackageTree               :     │   │   │       │   ├── g (9)
22:46:49 INFO  PackageTree               :     │   │   │       │   ├── o (35)
22:46:49 INFO  PackageTree               :     │   │   │       │   │   ├── n (1)
22:46:49 INFO  PackageTree               :     │   │   │       │   │   └── m (1)
22:46:49 INFO  PackageTree               :     │   │   │       │   └── d (1)
22:46:49 INFO  PackageTree               :     │   │   │       │       └── b (8)
22:46:49 INFO  PackageTree               :     │   │   │       ├── o0 (45)
22:46:49 INFO  PackageTree               :     │   │   │       └── q0 (6)
22:46:49 INFO  PackageTree               :     │   │   └── o (2)
22:46:49 INFO  PackageTree               :     │   ├── j0 (57)
22:46:49 INFO  PackageTree               :     │   │   ├── u0 (12)
22:46:49 INFO  PackageTree               :     │   │   └── v0 (3)
22:46:49 INFO  PackageTree               :     │   ├── t0 (29)
22:46:49 INFO  PackageTree               :     │   ├── jvm
22:46:49 INFO  PackageTree               :     │   │   └── internal (28)
22:46:49 INFO  PackageTree               :     │   │       └── z (3)
22:46:49 INFO  PackageTree               :     │   ├── q0 (5)
22:46:49 INFO  PackageTree               :     │   ├── o0 (2)
22:46:49 INFO  PackageTree               :     │   │   └── c (23)
22:46:49 INFO  PackageTree               :     │   ├── u0 (25)
22:46:49 INFO  PackageTree               :     │   ├── l0 (16)
22:46:49 INFO  PackageTree               :     │   │   ├── j
22:46:49 INFO  PackageTree               :     │   │   │   └── a (12)
22:46:49 INFO  PackageTree               :     │   │   └── i (6)
22:46:49 INFO  PackageTree               :     │   ├── r0 (8)
22:46:49 INFO  PackageTree               :     │   ├── n0 (8)
22:46:49 INFO  PackageTree               :     │   ├── k0 (4)
22:46:49 INFO  PackageTree               :     │   ├── p0 (3)
22:46:49 INFO  PackageTree               :     │   └── m0 (4)
22:46:49 INFO  PackageTree               :     │       └── d (1)
22:46:49 INFO  PackageTree               :     ├── e
22:46:49 INFO  PackageTree               :     │   ├── b
22:46:49 INFO  PackageTree               :     │   │   ├── a
22:46:49 INFO  PackageTree               :     │   │   │   ├── a (91)
22:46:49 INFO  PackageTree               :     │   │   │   │   ├── s2 (10)
22:46:49 INFO  PackageTree               :     │   │   │   │   │   ├── k (4)
22:46:49 INFO  PackageTree               :     │   │   │   │   │   ├── m (26)
22:46:49 INFO  PackageTree               :     │   │   │   │   │   ├── n (10)
22:46:49 INFO  PackageTree               :     │   │   │   │   │   ├── l (5)
22:46:49 INFO  PackageTree               :     │   │   │   │   │   ├── o (15)
22:46:49 INFO  PackageTree               :     │   │   │   │   │   ├── i (3)
22:46:49 INFO  PackageTree               :     │   │   │   │   │   └── j (4)
22:46:49 INFO  PackageTree               :     │   │   │   │   ├── x2 (57)
22:46:49 INFO  PackageTree               :     │   │   │   │   ├── w2 (28)
22:46:49 INFO  PackageTree               :     │   │   │   │   ├── v2 (13)
22:46:49 INFO  PackageTree               :     │   │   │   │   │   ├── q (6)
22:46:49 INFO  PackageTree               :     │   │   │   │   │   ├── u (13)
22:46:49 INFO  PackageTree               :     │   │   │   │   │   ├── m (11)
22:46:49 INFO  PackageTree               :     │   │   │   │   │   ├── r (2)
22:46:49 INFO  PackageTree               :     │   │   │   │   │   ├── n (11)
22:46:49 INFO  PackageTree               :     │   │   │   │   │   ├── s (11)
22:46:49 INFO  PackageTree               :     │   │   │   │   │   ├── t (2)
22:46:49 INFO  PackageTree               :     │   │   │   │   │   ├── p (4)
22:46:49 INFO  PackageTree               :     │   │   │   │   │   └── o (3)
22:46:49 INFO  PackageTree               :     │   │   │   │   ├── u2 (62)
22:46:49 INFO  PackageTree               :     │   │   │   │   │   ├── w0 (21)
22:46:49 INFO  PackageTree               :     │   │   │   │   │   └── v0 (2)
22:46:49 INFO  PackageTree               :     │   │   │   │   ├── q2 (43)
22:46:49 INFO  PackageTree               :     │   │   │   │   │   ├── i0 (10)
22:46:49 INFO  PackageTree               :     │   │   │   │   │   ├── l0 (14)
22:46:49 INFO  PackageTree               :     │   │   │   │   │   ├── k0 (28)
22:46:49 INFO  PackageTree               :     │   │   │   │   │   ├── n0 (47)
22:46:49 INFO  PackageTree               :     │   │   │   │   │   ├── e0 (1)
22:46:49 INFO  PackageTree               :     │   │   │   │   │   ├── j0 (8)
22:46:49 INFO  PackageTree               :     │   │   │   │   │   ├── h0 (7)
22:46:49 INFO  PackageTree               :     │   │   │   │   │   ├── g0 (6)
22:46:49 INFO  PackageTree               :     │   │   │   │   │   ├── f0 (3)
22:46:49 INFO  PackageTree               :     │   │   │   │   │   ├── o0 (8)
22:46:49 INFO  PackageTree               :     │   │   │   │   │   └── m0 (1)
22:46:49 INFO  PackageTree               :     │   │   │   │   ├── y2 (55)
22:46:49 INFO  PackageTree               :     │   │   │   │   ├── p2 (47)
22:46:49 INFO  PackageTree               :     │   │   │   │   ├── m2 (52)
22:46:49 INFO  PackageTree               :     │   │   │   │   ├── r2 (26)
22:46:49 INFO  PackageTree               :     │   │   │   │   ├── l2 (5)
22:46:49 INFO  PackageTree               :     │   │   │   │   ├── t2 (4)
22:46:49 INFO  PackageTree               :     │   │   │   │   ├── z2 (21)
22:46:49 INFO  PackageTree               :     │   │   │   │   │   └── a0 (6)
22:46:49 INFO  PackageTree               :     │   │   │   │   ├── n2 (13)
22:46:49 INFO  PackageTree               :     │   │   │   │   └── o2 (2)
22:46:49 INFO  PackageTree               :     │   │   │   └── b (11)
22:46:49 INFO  PackageTree               :     │   │   │       ├── a0 (28)
22:46:49 INFO  PackageTree               :     │   │   │       ├── x (9)
22:46:49 INFO  PackageTree               :     │   │   │       ├── t (1)
22:46:49 INFO  PackageTree               :     │   │   │       ├── b0 (2)
22:46:49 INFO  PackageTree               :     │   │   │       ├── p (9)
22:46:49 INFO  PackageTree               :     │   │   │       │   └── e (1)
22:46:49 INFO  PackageTree               :     │   │   │       ├── o (1)
22:46:49 INFO  PackageTree               :     │   │   │       ├── l (11)
22:46:49 INFO  PackageTree               :     │   │   │       ├── q (1)
22:46:49 INFO  PackageTree               :     │   │   │       ├── y (3)
22:46:49 INFO  PackageTree               :     │   │   │       ├── w (1)
22:46:49 INFO  PackageTree               :     │   │   │       ├── m (1)
22:46:49 INFO  PackageTree               :     │   │   │       ├── v (1)
22:46:49 INFO  PackageTree               :     │   │   │       ├── n (3)
22:46:49 INFO  PackageTree               :     │   │   │       ├── z (2)
22:46:49 INFO  PackageTree               :     │   │   │       ├── u (2)
22:46:49 INFO  PackageTree               :     │   │   │       ├── r (1)
22:46:49 INFO  PackageTree               :     │   │   │       └── s (1)
22:46:49 INFO  PackageTree               :     │   │   ├── b
22:46:49 INFO  PackageTree               :     │   │   │   ├── a (25)
22:46:49 INFO  PackageTree               :     │   │   │   ├── b (111)
22:46:49 INFO  PackageTree               :     │   │   │   ├── e
22:46:49 INFO  PackageTree               :     │   │   │   │   └── a (23)
22:46:49 INFO  PackageTree               :     │   │   │   │       └── i (2)
22:46:49 INFO  PackageTree               :     │   │   │   ├── d (5)
22:46:49 INFO  PackageTree               :     │   │   │   └── c (3)
22:46:49 INFO  PackageTree               :     │   │   ├── d (148)
22:46:49 INFO  PackageTree               :     │   │   ├── c
22:46:49 INFO  PackageTree               :     │   │   │   └── a (26)
22:46:49 INFO  PackageTree               :     │   │   │       ├── s
22:46:49 INFO  PackageTree               :     │   │   │       │   └── a (147)
22:46:49 INFO  PackageTree               :     │   │   │       ├── r (36)
22:46:49 INFO  PackageTree               :     │   │   │       ├── q
22:46:49 INFO  PackageTree               :     │   │   │       │   └── a (7)
22:46:49 INFO  PackageTree               :     │   │   │       ├── u (18)
22:46:49 INFO  PackageTree               :     │   │   │       └── t (11)
22:46:49 INFO  PackageTree               :     │   │   └── e (17)
22:46:49 INFO  PackageTree               :     │   │       ├── s (12)
22:46:49 INFO  PackageTree               :     │   │       │   ├── n (4)
22:46:49 INFO  PackageTree               :     │   │       │   └── m (2)
22:46:49 INFO  PackageTree               :     │   │       ├── x (1)
22:46:49 INFO  PackageTree               :     │   │       │   ├── c (8)
22:46:49 INFO  PackageTree               :     │   │       │   └── b (20)
22:46:49 INFO  PackageTree               :     │   │       ├── v (17)
22:46:49 INFO  PackageTree               :     │   │       │   └── r (6)
22:46:49 INFO  PackageTree               :     │   │       │       └── g (4)
22:46:49 INFO  PackageTree               :     │   │       │           └── e (20)
22:46:49 INFO  PackageTree               :     │   │       ├── w (3)
22:46:49 INFO  PackageTree               :     │   │       │   ├── d (11)
22:46:49 INFO  PackageTree               :     │   │       │   │   └── k (3)
22:46:49 INFO  PackageTree               :     │   │       │   └── e (2)
22:46:49 INFO  PackageTree               :     │   │       ├── u (1)
22:46:49 INFO  PackageTree               :     │   │       │   └── b (3)
22:46:49 INFO  PackageTree               :     │   │       ├── t (1)
22:46:49 INFO  PackageTree               :     │   │       │   ├── c (3)
22:46:49 INFO  PackageTree               :     │   │       │   └── b (8)
22:46:49 INFO  PackageTree               :     │   │       └── r (2)
22:46:49 INFO  PackageTree               :     │   │           ├── d (2)
22:46:49 INFO  PackageTree               :     │   │           └── c (2)
22:46:49 INFO  PackageTree               :     │   ├── c
22:46:49 INFO  PackageTree               :     │   │   └── a (62)
22:46:49 INFO  PackageTree               :     │   │       └── x (5)
22:46:49 INFO  PackageTree               :     │   ├── a
22:46:49 INFO  PackageTree               :     │   │   └── a (1)
22:46:49 INFO  PackageTree               :     │   └── d
22:46:49 INFO  PackageTree               :     │       └── a (17)
22:46:49 INFO  PackageTree               :     │           ├── f (10)
22:46:49 INFO  PackageTree               :     │           └── e (1)
22:46:49 INFO  PackageTree               :     ├── androidx
22:46:49 INFO  PackageTree               :     │   ├── appcompat
22:46:49 INFO  PackageTree               :     │   │   ├── widget (162)
22:46:49 INFO  PackageTree               :     │   │   ├── app (67)
22:46:49 INFO  PackageTree               :     │   │   └── view
22:46:49 INFO  PackageTree               :     │   │       └── menu (43)
22:46:49 INFO  PackageTree               :     │   ├── biometric (74)
22:46:49 INFO  PackageTree               :     │   ├── recyclerview
22:46:49 INFO  PackageTree               :     │   │   └── widget (108)
22:46:49 INFO  PackageTree               :     │   ├── webkit (4)
22:46:49 INFO  PackageTree               :     │   │   └── d (11)
22:46:49 INFO  PackageTree               :     │   ├── fragment
22:46:49 INFO  PackageTree               :     │   │   └── app (117)
22:46:49 INFO  PackageTree               :     │   ├── lifecycle (58)
22:46:49 INFO  PackageTree               :     │   │   ├── d0 (1)
22:46:49 INFO  PackageTree               :     │   │   └── e0 (1)
22:46:49 INFO  PackageTree               :     │   ├── versionedparcelable (6)
22:46:49 INFO  PackageTree               :     │   ├── coordinatorlayout
22:46:49 INFO  PackageTree               :     │   │   └── widget (13)
22:46:49 INFO  PackageTree               :     │   ├── core
22:46:49 INFO  PackageTree               :     │   │   ├── app (24)
22:46:49 INFO  PackageTree               :     │   │   ├── widget (20)
22:46:49 INFO  PackageTree               :     │   │   └── graphics
22:46:49 INFO  PackageTree               :     │   │       └── drawable (8)
22:46:49 INFO  PackageTree               :     │   ├── activity (18)
22:46:49 INFO  PackageTree               :     │   │   ├── result (13)
22:46:49 INFO  PackageTree               :     │   │   │   └── g (4)
22:46:49 INFO  PackageTree               :     │   │   └── d (2)
22:46:49 INFO  PackageTree               :     │   ├── constraintlayout
22:46:49 INFO  PackageTree               :     │   │   └── widget (25)
22:46:49 INFO  PackageTree               :     │   ├── annotation (1)
22:46:49 INFO  PackageTree               :     │   ├── test
22:46:49 INFO  PackageTree               :     │   │   └── annotation (2)
22:46:49 INFO  PackageTree               :     │   ├── viewpager2
22:46:49 INFO  PackageTree               :     │   │   └── adapter (6)
22:46:49 INFO  PackageTree               :     │   ├── media (7)
22:46:49 INFO  PackageTree               :     │   └── savedstate (10)
22:46:49 INFO  PackageTree               :     ├── com
22:46:49 INFO  PackageTree               :     │   ├── google
22:46:49 INFO  PackageTree               :     │   │   └── android
22:46:49 INFO  PackageTree               :     │   │       ├── material
22:46:49 INFO  PackageTree               :     │   │       │   ├── transformation (15)
22:46:49 INFO  PackageTree               :     │   │       │   ├── bottomsheet (10)
22:46:49 INFO  PackageTree               :     │   │       │   ├── snackbar (35)
22:46:49 INFO  PackageTree               :     │   │       │   ├── internal (29)
22:46:49 INFO  PackageTree               :     │   │       │   ├── behavior (7)
22:46:49 INFO  PackageTree               :     │   │       │   ├── textfield (46)
22:46:49 INFO  PackageTree               :     │   │       │   ├── datepicker (49)
22:46:49 INFO  PackageTree               :     │   │       │   ├── appbar (21)
22:46:49 INFO  PackageTree               :     │   │       │   ├── floatingactionbutton (31)
22:46:49 INFO  PackageTree               :     │   │       │   ├── bottomappbar (13)
22:46:49 INFO  PackageTree               :     │   │       │   ├── theme (1)
22:46:49 INFO  PackageTree               :     │   │       │   │   └── a (1)
22:46:49 INFO  PackageTree               :     │   │       │   ├── chip (11)
22:46:49 INFO  PackageTree               :     │   │       │   ├── button (6)
22:46:49 INFO  PackageTree               :     │   │       │   └── textview (1)
22:46:49 INFO  PackageTree               :     │   │       └── exoplayer2
22:46:49 INFO  PackageTree               :     │   │           └── source
22:46:49 INFO  PackageTree               :     │   │               ├── hls (32)
22:46:49 INFO  PackageTree               :     │   │               │   └── v (24)
22:46:49 INFO  PackageTree               :     │   │               ├── dash (27)
22:46:49 INFO  PackageTree               :     │   │               │   └── l (22)
22:46:49 INFO  PackageTree               :     │   │               └── smoothstreaming (8)
22:46:49 INFO  PackageTree               :     │   │                   └── e (10)
22:46:49 INFO  PackageTree               :     │   ├── crazecoder
22:46:49 INFO  PackageTree               :     │   │   └── openfile (2)
22:46:49 INFO  PackageTree               :     │   │       └── b (2)
22:46:49 INFO  PackageTree               :     │   └── sidlatau
22:46:49 INFO  PackageTree               :     │       └── flutteremailsender (2)
22:46:49 INFO  PackageTree               :     ├── io
22:46:49 INFO  PackageTree               :     │   └── flutter
22:46:49 INFO  PackageTree               :     │       ├── embedding
22:46:49 INFO  PackageTree               :     │       │   ├── android (49)
22:46:49 INFO  PackageTree               :     │       │   └── engine (16)
22:46:49 INFO  PackageTree               :     │       │       ├── j (51)
22:46:49 INFO  PackageTree               :     │       │       ├── f (8)
22:46:49 INFO  PackageTree               :     │       │       ├── mutatorsstack (5)
22:46:49 INFO  PackageTree               :     │       │       ├── h (8)
22:46:49 INFO  PackageTree               :     │       │       ├── i (4)
22:46:49 INFO  PackageTree               :     │       │       │   ├── f (2)
22:46:49 INFO  PackageTree               :     │       │       │   ├── c (4)
22:46:49 INFO  PackageTree               :     │       │       │   ├── g (1)
22:46:49 INFO  PackageTree               :     │       │       │   ├── e (2)
22:46:49 INFO  PackageTree               :     │       │       │   └── d (2)
22:46:49 INFO  PackageTree               :     │       │       ├── renderer (8)
22:46:49 INFO  PackageTree               :     │       │       ├── plugins
22:46:49 INFO  PackageTree               :     │       │       │   └── lifecycle (1)
22:46:49 INFO  PackageTree               :     │       │       └── g (1)
22:46:49 INFO  PackageTree               :     │       ├── plugin
22:46:49 INFO  PackageTree               :     │       │   ├── platform (25)
22:46:49 INFO  PackageTree               :     │       │   └── editing (14)
22:46:49 INFO  PackageTree               :     │       ├── view (25)
22:46:49 INFO  PackageTree               :     │       ├── plugins (1)
22:46:49 INFO  PackageTree               :     │       │   ├── b (21)
22:46:49 INFO  PackageTree               :     │       │   ├── share (4)
22:46:49 INFO  PackageTree               :     │       │   ├── c (21)
22:46:49 INFO  PackageTree               :     │       │   ├── urllauncher (9)
22:46:49 INFO  PackageTree               :     │       │   └── a (4)
22:46:49 INFO  PackageTree               :     │       └── app (1)
22:46:49 INFO  PackageTree               :     ├── design
22:46:49 INFO  PackageTree               :     │   └── codeux
22:46:49 INFO  PackageTree               :     │       ├── autofill_service (81)
22:46:49 INFO  PackageTree               :     │       ├── biometric_storage (63)
22:46:49 INFO  PackageTree               :     │       └── authpass (1)
22:46:49 INFO  PackageTree               :     ├── l (14)
22:46:49 INFO  PackageTree               :     │   └── m (3)
22:46:49 INFO  PackageTree               :     ├── c
22:46:49 INFO  PackageTree               :     │   ├── a (10)
22:46:49 INFO  PackageTree               :     │   │   ├── n (14)
22:46:49 INFO  PackageTree               :     │   │   ├── l
22:46:49 INFO  PackageTree               :     │   │   │   └── a (14)
22:46:49 INFO  PackageTree               :     │   │   ├── k
22:46:49 INFO  PackageTree               :     │   │   │   └── a (2)
22:46:49 INFO  PackageTree               :     │   │   └── m (2)
22:46:49 INFO  PackageTree               :     │   ├── g (3)
22:46:49 INFO  PackageTree               :     │   │   ├── e (17)
22:46:49 INFO  PackageTree               :     │   │   ├── d (9)
22:46:49 INFO  PackageTree               :     │   │   │   └── d (20)
22:46:49 INFO  PackageTree               :     │   │   ├── m (60)
22:46:49 INFO  PackageTree               :     │   │   │   └── b0 (20)
22:46:49 INFO  PackageTree               :     │   │   ├── j (22)
22:46:49 INFO  PackageTree               :     │   │   ├── k (17)
22:46:49 INFO  PackageTree               :     │   │   ├── f
22:46:49 INFO  PackageTree               :     │   │   │   └── a (5)
22:46:49 INFO  PackageTree               :     │   │   ├── g
22:46:49 INFO  PackageTree               :     │   │   │   └── a (3)
22:46:49 INFO  PackageTree               :     │   │   ├── l (8)
22:46:49 INFO  PackageTree               :     │   │   ├── i (4)
22:46:49 INFO  PackageTree               :     │   │   └── h (1)
22:46:49 INFO  PackageTree               :     │   ├── p (74)
22:46:49 INFO  PackageTree               :     │   ├── e
22:46:49 INFO  PackageTree               :     │   │   ├── b (16)
22:46:49 INFO  PackageTree               :     │   │   │   └── k (14)
22:46:49 INFO  PackageTree               :     │   │   │       └── m (21)
22:46:49 INFO  PackageTree               :     │   │   └── a
22:46:49 INFO  PackageTree               :     │   │       ├── a (1)
22:46:49 INFO  PackageTree               :     │   │       └── b (1)
22:46:49 INFO  PackageTree               :     │   ├── j (3)
22:46:49 INFO  PackageTree               :     │   ├── n
22:46:49 INFO  PackageTree               :     │   │   └── a (8)
22:46:49 INFO  PackageTree               :     │   ├── c
22:46:49 INFO  PackageTree               :     │   │   └── a (11)
22:46:49 INFO  PackageTree               :     │   ├── o (2)
22:46:49 INFO  PackageTree               :     │   ├── i
22:46:49 INFO  PackageTree               :     │   │   ├── b (12)
22:46:49 INFO  PackageTree               :     │   │   └── a (3)
22:46:49 INFO  PackageTree               :     │   ├── l
22:46:49 INFO  PackageTree               :     │   │   ├── a (6)
22:46:49 INFO  PackageTree               :     │   │   └── b (1)
22:46:49 INFO  PackageTree               :     │   ├── q
22:46:49 INFO  PackageTree               :     │   │   └── a
22:46:49 INFO  PackageTree               :     │   │       └── a (20)
22:46:49 INFO  PackageTree               :     │   ├── d (15)
22:46:49 INFO  PackageTree               :     │   ├── b
22:46:49 INFO  PackageTree               :     │   │   └── a
22:46:49 INFO  PackageTree               :     │   │       ├── a (4)
22:46:49 INFO  PackageTree               :     │   │       └── b (8)
22:46:49 INFO  PackageTree               :     │   ├── h
22:46:49 INFO  PackageTree               :     │   │   └── a (6)
22:46:49 INFO  PackageTree               :     │   ├── k
22:46:49 INFO  PackageTree               :     │   │   └── a
22:46:49 INFO  PackageTree               :     │   │       └── a (4)
22:46:49 INFO  PackageTree               :     │   ├── f (3)
22:46:49 INFO  PackageTree               :     │   └── m (3)
22:46:49 INFO  PackageTree               :     ├── kotlinx
22:46:49 INFO  PackageTree               :     │   └── coroutines (95)
22:46:49 INFO  PackageTree               :     │       ├── c2 (15)
22:46:49 INFO  PackageTree               :     │       ├── internal (42)
22:46:49 INFO  PackageTree               :     │       ├── android (5)
22:46:49 INFO  PackageTree               :     │       └── b2 (2)
22:46:49 INFO  PackageTree               :     ├── de
22:46:49 INFO  PackageTree               :     │   └── mintware
22:46:49 INFO  PackageTree               :     │       └── barcode_scan (17)
22:46:49 INFO  PackageTree               :     ├── d
22:46:49 INFO  PackageTree               :     │   └── a
22:46:49 INFO  PackageTree               :     │       └── a
22:46:49 INFO  PackageTree               :     │           └── a (18)
22:46:49 INFO  PackageTree               :     ├── org
22:46:49 INFO  PackageTree               :     │   ├── chromium
22:46:49 INFO  PackageTree               :     │   │   └── support_lib_boundary (17)
22:46:49 INFO  PackageTree               :     │   │       └── a (1)
22:46:49 INFO  PackageTree               :     │   └── xmlpull
22:46:49 INFO  PackageTree               :     │       └── v1 (3)
22:46:49 INFO  PackageTree               :     ├── m
22:46:49 INFO  PackageTree               :     │   └── a (6)
22:46:49 INFO  PackageTree               :     │       ├── h (12)
22:46:49 INFO  PackageTree               :     │       ├── j (1)
22:46:49 INFO  PackageTree               :     │       ├── i (2)
22:46:49 INFO  PackageTree               :     │       └── g (4)
22:46:49 INFO  PackageTree               :     ├── i
22:46:49 INFO  PackageTree               :     │   ├── b (3)
22:46:49 INFO  PackageTree               :     │   │   ├── c
22:46:49 INFO  PackageTree               :     │   │   │   ├── a (35)
22:46:49 INFO  PackageTree               :     │   │   │   ├── b (2)
22:46:49 INFO  PackageTree               :     │   │   │   └── c (4)
22:46:49 INFO  PackageTree               :     │   │   └── d (4)
22:46:49 INFO  PackageTree               :     │   └── a
22:46:49 INFO  PackageTree               :     │       └── a
22:46:49 INFO  PackageTree               :     │           └── a (1)
22:46:49 INFO  PackageTree               :     ├── f
22:46:49 INFO  PackageTree               :     │   └── a (7)
22:46:49 INFO  PackageTree               :     ├── b
22:46:49 INFO  PackageTree               :     │   └── a
22:46:49 INFO  PackageTree               :     │       └── a
22:46:49 INFO  PackageTree               :     │           └── a (7)
22:46:49 INFO  PackageTree               :     ├── n
22:46:49 INFO  PackageTree               :     │   └── a
22:46:49 INFO  PackageTree               :     │       └── a
22:46:49 INFO  PackageTree               :     │           └── a (8)
22:46:49 INFO  PackageTree               :     ├── j
22:46:49 INFO  PackageTree               :     │   └── a
22:46:49 INFO  PackageTree               :     │       └── a
22:46:49 INFO  PackageTree               :     │           ├── a (14)
22:46:49 INFO  PackageTree               :     │           └── b (3)
22:46:49 INFO  PackageTree               :     ├── android
22:46:49 INFO  PackageTree               :     │   └── support
22:46:49 INFO  PackageTree               :     │       └── v4
22:46:49 INFO  PackageTree               :     │           ├── media (20)
22:46:49 INFO  PackageTree               :     │           │   └── session (34)
22:46:49 INFO  PackageTree               :     │           ├── graphics
22:46:49 INFO  PackageTree               :     │           │   └── drawable (1)
22:46:49 INFO  PackageTree               :     │           └── app (1)
22:46:49 INFO  PackageTree               :     ├── g
22:46:49 INFO  PackageTree               :     │   └── a
22:46:49 INFO  PackageTree               :     │       └── a (1)
22:46:49 INFO  PackageTree               :     ├── k (3)
22:46:49 INFO  PackageTree               :     │   └── d (4)
22:46:49 INFO  PackageTree               :     └── h
22:46:49 INFO  PackageTree               :         ├── b
22:46:49 INFO  PackageTree               :         │   └── a
22:46:49 INFO  PackageTree               :         │       ├── a (2)
22:46:49 INFO  PackageTree               :         │       └── b (1)
22:46:49 INFO  PackageTree               :         └── a
22:46:49 INFO  PackageTree               :             └── a
22:46:49 INFO  PackageTree               :                 └── a (3)
22:46:49 INFO  Profile                   : 
22:46:49 INFO  AppProfile                : - generated app package tree (in 89 ms)
22:46:49 INFO  AppProfile                : 
22:46:49 DEBUG HashTree                  : Generate hash tree..
22:46:50 DEBUG HashTree                  :     - generated 340 package hashes.
22:46:50 DEBUG HashTree                  :     - generated 5987 clazz hashes.
22:46:50 DEBUG HashTree                  :     - generated 39747 method hashes.
22:46:50 DEBUG HashTree                  :     => Library Hash: d43b6ed1766c62846db631771140ebe9
22:46:50 INFO  AppProfile                : - generated app hash trees (in 834 ms)
22:46:50 INFO  AppProfile                : 
22:46:50 INFO  LibraryIdentifier         : = Scan for library root packages (heuristic) =
22:46:50 INFO  LibraryIdentifier         :     - Found lib root package androidx.annotation  (androidx.annotation::annotation)
22:46:50 INFO  LibraryIdentifier         :     - Found lib root package androidx.appcompat  (androidx.appcompat::appcompat)
22:46:50 INFO  LibraryIdentifier         :     - Found lib root package androidx.constraintlayout.widget  (androidx.constraintlayout::constraintlayout)
22:46:50 INFO  LibraryIdentifier         :     - Found lib root package androidx.coordinatorlayout.widget  (androidx.coordinatorlayout::coordinatorlayout)
22:46:50 INFO  LibraryIdentifier         :     - Found lib root package androidx.core  (androidx.core::core)
22:46:50 INFO  LibraryIdentifier         :     - Found lib root package androidx  (androidx.core::core-ktx)
22:46:50 INFO  LibraryIdentifier         :     - Found lib root package androidx.fragment.app  (androidx.fragment::fragment)
22:46:50 INFO  LibraryIdentifier         :     - Found lib root package androidx.fragment.app  (androidx.fragment::fragment-ktx)
22:46:50 INFO  LibraryIdentifier         :     - Found lib root package androidx.lifecycle  (androidx.lifecycle::lifecycle-common)
22:46:50 INFO  LibraryIdentifier         :     - Found lib root package androidx.lifecycle  (androidx.lifecycle::lifecycle-common-java8)
22:46:50 INFO  LibraryIdentifier         :     - Found lib root package androidx.lifecycle  (androidx.lifecycle::lifecycle-compiler)
22:46:50 INFO  LibraryIdentifier         :     - Found lib root package androidx.lifecycle  (androidx.lifecycle::lifecycle-extensions)
22:46:50 INFO  LibraryIdentifier         :     - Found lib root package androidx.lifecycle  (androidx.lifecycle::lifecycle-livedata)
22:46:50 INFO  LibraryIdentifier         :     - Found lib root package androidx.lifecycle  (androidx.lifecycle::lifecycle-livedata-core)
22:46:50 INFO  LibraryIdentifier         :     - Found lib root package androidx.lifecycle  (androidx.lifecycle::lifecycle-process)
22:46:50 INFO  LibraryIdentifier         :     - Found lib root package androidx.lifecycle  (androidx.lifecycle::lifecycle-reactivestreams)
22:46:50 INFO  LibraryIdentifier         :     - Found lib root package androidx.lifecycle  (androidx.lifecycle::lifecycle-reactivestreams-ktx)
22:46:50 INFO  LibraryIdentifier         :     - Found lib root package androidx.lifecycle  (androidx.lifecycle::lifecycle-runtime)
22:46:50 INFO  LibraryIdentifier         :     - Found lib root package androidx.lifecycle  (androidx.lifecycle::lifecycle-service)
22:46:50 INFO  LibraryIdentifier         :     - Found lib root package androidx.lifecycle  (androidx.lifecycle::lifecycle-viewmodel)
22:46:50 INFO  LibraryIdentifier         :     - Found lib root package androidx.lifecycle  (androidx.lifecycle::lifecycle-viewmodel-ktx)
22:46:50 INFO  LibraryIdentifier         :     - Found lib root package android.support.v4.media  (androidx.media::media)
22:46:50 INFO  LibraryIdentifier         :     - Found lib root package androidx.recyclerview.widget  (androidx.recyclerview::recyclerview)
22:46:50 INFO  LibraryIdentifier         :     - Found lib root package androidx.versionedparcelable  (androidx.versionedparcelable::versionedparcelable)
22:46:50 INFO  LibraryIdentifier         :     - Found lib root package org.chromium.support_lib_boundary  (androidx.webkit::webkit)
22:46:50 INFO  LibraryIdentifier         :     - Found lib root package android.support.v4  (com.android.support::customview)
22:46:50 INFO  LibraryIdentifier         :     - Found lib root package android.support.v4  (com.android.support::loader)
22:46:50 INFO  LibraryIdentifier         :     - Found lib root package android.support.v4  (com.android.support::support-compat)
22:46:50 INFO  LibraryIdentifier         :     - Found lib root package android.support.v4  (com.android.support::support-core-ui)
22:46:50 INFO  LibraryIdentifier         :     - Found lib root package android.support.v4  (com.android.support::support-core-utils)
22:46:50 INFO  LibraryIdentifier         :     - Found lib root package android.support.v4.app  (com.android.support::support-fragment)
22:46:50 INFO  LibraryIdentifier         :     - Found lib root package android.support.v4.media  (com.android.support::support-media-compat)
22:46:50 INFO  LibraryIdentifier         :     - Found lib root package android.support.v4  (com.android.support::support-v4)
22:46:50 INFO  LibraryIdentifier         :     - Found lib root package androidx.versionedparcelable  (com.android.support::versionedparcelable)
22:46:50 INFO  LibraryIdentifier         :     - Found lib root package org.chromium.support_lib_boundary  (com.android.support::webkit)
22:46:50 INFO  LibraryIdentifier         :     - Found lib root package com.google.android.material  (com.google.android.material::material)
22:46:50 INFO  LibraryIdentifier         : 
22:46:50 INFO  LibraryIdentifier         : = Match profiles =
22:48:27 INFO  LibraryIdentifier         :     >> profile matching done (1 min, 37 sec, 193 ms)
22:48:27 INFO  LibraryIdentifier         : 
22:48:27 INFO  LibraryIdentifier         : == Report ==
22:48:27 INFO  LibraryIdentifier         : - Full library matches:
22:48:27 INFO  ProfileMatch              :                 name: com.google.firebase::firebase-ml-vision-image-label-model
22:48:27 INFO  ProfileMatch              :             category: Android
22:48:27 INFO  ProfileMatch              :              version: 20.0.0  [OLD VERSION]
22:48:27 INFO  ProfileMatch              :         release-date:  --
22:48:27 INFO  ProfileMatch              :     lib root package: "com.google.firebase.ml.vision.imagelabel"  (in app: "c")
22:48:27 INFO  ProfileMatch              : 
22:48:27 INFO  ProfileMatch              :                 name: com.google.firebase::firebase-ml-vision-image-label-model
22:48:27 INFO  ProfileMatch              :             category: Android
22:48:27 INFO  ProfileMatch              :              version: 20.0.1  [OLD VERSION]
22:48:27 INFO  ProfileMatch              :         release-date:  --
22:48:27 INFO  ProfileMatch              :     lib root package: "com.google.firebase.ml.vision.imagelabel"  (in app: "c")
22:48:27 INFO  ProfileMatch              : 
22:48:27 INFO  ProfileMatch              :                 name: com.google.firebase::firebase-ml-vision-image-label-model
22:48:27 INFO  ProfileMatch              :             category: Android
22:48:27 INFO  ProfileMatch              :              version: 20.0.2
22:48:27 INFO  ProfileMatch              :         release-date:  --
22:48:27 INFO  ProfileMatch              :     lib root package: "com.google.firebase.ml.vision.imagelabel"  (in app: "c")
22:48:27 INFO  ProfileMatch              : 
22:48:27 INFO  ProfileMatch              :                 name: androidx.lifecycle::lifecycle-viewmodel-ktx
22:48:27 INFO  ProfileMatch              :             category: Android
22:48:27 INFO  ProfileMatch              :              version: 2.0.0  [OLD VERSION]
22:48:27 INFO  ProfileMatch              :         release-date:  --
22:48:27 INFO  ProfileMatch              :     lib root package: "androidx.lifecycle"  (in app: "kotlinx.coroutines")
22:48:27 INFO  ProfileMatch              : 
22:48:27 INFO  ProfileMatch              :                 name: com.android.support::interpolator
22:48:27 INFO  ProfileMatch              :             category: Android
22:48:27 INFO  ProfileMatch              :              version: 28.0.0
22:48:27 INFO  ProfileMatch              :         release-date:  --
22:48:27 INFO  ProfileMatch              :     lib root package: "android.support.v4.view.animation"  (in app: "c.k.a.a")
22:48:27 INFO  ProfileMatch              : 
22:48:27 INFO  ProfileMatch              :                 name: androidx.interpolator::interpolator
22:48:27 INFO  ProfileMatch              :             category: Android
22:48:27 INFO  ProfileMatch              :              version: 1.0.0
22:48:27 INFO  ProfileMatch              :         release-date:  --
22:48:27 INFO  ProfileMatch              :     lib root package: "androidx.interpolator.view.animation"  (in app: "c.k.a.a")
22:48:27 INFO  ProfileMatch              : 
22:48:27 INFO  ProfileMatch              :                 name: Facebook
22:48:27 INFO  ProfileMatch              :             category: SocialMedia
22:48:27 INFO  ProfileMatch              :              version: 4.27.0  [OLD VERSION]
22:48:27 INFO  ProfileMatch              :         release-date: 26.09.2017
22:48:27 INFO  ProfileMatch              :     lib root package: "com.facebook.all"  (in app: "c")
22:48:27 INFO  ProfileMatch              : 
22:48:27 INFO  ProfileMatch              :                 name: Facebook
22:48:27 INFO  ProfileMatch              :             category: SocialMedia
22:48:27 INFO  ProfileMatch              :              version: 4.28.0  [OLD VERSION]
22:48:27 INFO  ProfileMatch              :         release-date: 07.11.2017
22:48:27 INFO  ProfileMatch              :     lib root package: "com.facebook.all"  (in app: "c")
22:48:27 INFO  ProfileMatch              : 
22:48:27 INFO  ProfileMatch              :                 name: Facebook
22:48:27 INFO  ProfileMatch              :             category: SocialMedia
22:48:27 INFO  ProfileMatch              :              version: 4.29.0  [OLD VERSION]
22:48:27 INFO  ProfileMatch              :         release-date: 05.12.2017
22:48:27 INFO  ProfileMatch              :     lib root package: "com.facebook.all"  (in app: "c")
22:48:27 INFO  ProfileMatch              : 
22:48:27 INFO  ProfileMatch              :                 name: Facebook
22:48:27 INFO  ProfileMatch              :             category: SocialMedia
22:48:27 INFO  ProfileMatch              :              version: 4.30.0  [OLD VERSION]
22:48:27 INFO  ProfileMatch              :         release-date: 24.01.2018
22:48:27 INFO  ProfileMatch              :     lib root package: "com.facebook.all"  (in app: "c")
22:48:27 INFO  ProfileMatch              : 
22:48:27 INFO  ProfileMatch              :                 name: Facebook
22:48:27 INFO  ProfileMatch              :             category: SocialMedia
22:48:27 INFO  ProfileMatch              :              version: 4.31.0  [OLD VERSION]
22:48:27 INFO  ProfileMatch              :         release-date: 28.02.2018
22:48:27 INFO  ProfileMatch              :     lib root package: "com.facebook.all"  (in app: "c")
22:48:27 INFO  ProfileMatch              : 
22:48:27 INFO  ProfileMatch              :                 name: Facebook
22:48:27 INFO  ProfileMatch              :             category: SocialMedia
22:48:27 INFO  ProfileMatch              :              version: 4.32.0  [OLD VERSION]
22:48:27 INFO  ProfileMatch              :         release-date: 11.04.2018
22:48:27 INFO  ProfileMatch              :     lib root package: "com.facebook.all"  (in app: "c")
22:48:27 INFO  ProfileMatch              : 
22:48:27 INFO  ProfileMatch              :                 name: Facebook
22:48:27 INFO  ProfileMatch              :             category: SocialMedia
22:48:27 INFO  ProfileMatch              :              version: 4.33.0  [OLD VERSION]
22:48:27 INFO  ProfileMatch              :         release-date: 01.05.2018
22:48:27 INFO  ProfileMatch              :     lib root package: "com.facebook.all"  (in app: "c")
22:48:27 INFO  ProfileMatch              : 
22:48:27 INFO  ProfileMatch              :                 name: Facebook
22:48:27 INFO  ProfileMatch              :             category: SocialMedia
22:48:27 INFO  ProfileMatch              :              version: 4.34.0  [OLD VERSION]
22:48:27 INFO  ProfileMatch              :         release-date: 19.06.2018
22:48:27 INFO  ProfileMatch              :     lib root package: "com.facebook.all"  (in app: "c")
22:48:27 INFO  ProfileMatch              : 
22:48:27 INFO  ProfileMatch              :                 name: Facebook
22:48:27 INFO  ProfileMatch              :             category: SocialMedia
22:48:27 INFO  ProfileMatch              :              version: 4.35.0  [OLD VERSION]
22:48:27 INFO  ProfileMatch              :         release-date: 26.07.2018
22:48:27 INFO  ProfileMatch              :     lib root package: "com.facebook.all"  (in app: "c")
22:48:27 INFO  ProfileMatch              : 
22:48:27 INFO  ProfileMatch              :                 name: Facebook
22:48:27 INFO  ProfileMatch              :             category: SocialMedia
22:48:27 INFO  ProfileMatch              :              version: 4.36.0  [OLD VERSION]
22:48:27 INFO  ProfileMatch              :         release-date: 29.08.2018
22:48:27 INFO  ProfileMatch              :     lib root package: "com.facebook.all"  (in app: "c")
22:48:27 INFO  ProfileMatch              : 
22:48:27 INFO  ProfileMatch              :                 name: Facebook
22:48:27 INFO  ProfileMatch              :             category: SocialMedia
22:48:27 INFO  ProfileMatch              :              version: 4.36.1  [OLD VERSION]
22:48:27 INFO  ProfileMatch              :         release-date: 15.09.2018
22:48:27 INFO  ProfileMatch              :     lib root package: "com.facebook.all"  (in app: "c")
22:48:27 INFO  ProfileMatch              : 
22:48:27 INFO  ProfileMatch              :                 name: Facebook
22:48:27 INFO  ProfileMatch              :             category: SocialMedia
22:48:27 INFO  ProfileMatch              :              version: 4.37.0  [OLD VERSION]
22:48:27 INFO  ProfileMatch              :         release-date: 27.09.2018
22:48:27 INFO  ProfileMatch              :     lib root package: "com.facebook.all"  (in app: "c")
22:48:27 INFO  ProfileMatch              : 
22:48:27 INFO  ProfileMatch              :                 name: Facebook
22:48:27 INFO  ProfileMatch              :             category: SocialMedia
22:48:27 INFO  ProfileMatch              :              version: 4.38.0  [OLD VERSION]
22:48:27 INFO  ProfileMatch              :         release-date: 23.10.2018
22:48:27 INFO  ProfileMatch              :     lib root package: "com.facebook.all"  (in app: "c")
22:48:27 INFO  ProfileMatch              : 
22:48:27 INFO  ProfileMatch              :                 name: Facebook
22:48:27 INFO  ProfileMatch              :             category: SocialMedia
22:48:27 INFO  ProfileMatch              :              version: 4.38.1  [OLD VERSION]
22:48:27 INFO  ProfileMatch              :         release-date: 31.10.2018
22:48:27 INFO  ProfileMatch              :     lib root package: "com.facebook.all"  (in app: "c")
22:48:27 INFO  ProfileMatch              : 
22:48:27 INFO  ProfileMatch              :                 name: Facebook
22:48:27 INFO  ProfileMatch              :             category: SocialMedia
22:48:27 INFO  ProfileMatch              :              version: 4.39.0  [OLD VERSION]
22:48:27 INFO  ProfileMatch              :         release-date: 05.12.2018
22:48:27 INFO  ProfileMatch              :     lib root package: "com.facebook.all"  (in app: "c")
22:48:27 INFO  ProfileMatch              : 
22:48:27 INFO  ProfileMatch              :                 name: Facebook
22:48:27 INFO  ProfileMatch              :             category: SocialMedia
22:48:27 INFO  ProfileMatch              :              version: 4.40.0  [OLD VERSION]
22:48:27 INFO  ProfileMatch              :         release-date: 22.01.2019
22:48:27 INFO  ProfileMatch              :     lib root package: "com.facebook.all"  (in app: "c")
22:48:27 INFO  ProfileMatch              : 
22:48:27 INFO  ProfileMatch              :                 name: Facebook
22:48:27 INFO  ProfileMatch              :             category: SocialMedia
22:48:27 INFO  ProfileMatch              :              version: 4.41.0  [OLD VERSION]
22:48:27 INFO  ProfileMatch              :         release-date: 08.03.2019
22:48:27 INFO  ProfileMatch              :     lib root package: "com.facebook.all"  (in app: "c")
22:48:27 INFO  ProfileMatch              : 
22:48:27 INFO  ProfileMatch              :                 name: Facebook
22:48:27 INFO  ProfileMatch              :             category: SocialMedia
22:48:27 INFO  ProfileMatch              :              version: 4.42.0  [OLD VERSION]
22:48:27 INFO  ProfileMatch              :         release-date: 08.04.2019
22:48:27 INFO  ProfileMatch              :     lib root package: "com.facebook.all"  (in app: "c")
22:48:27 INFO  ProfileMatch              : 
22:48:27 INFO  ProfileMatch              :                 name: Facebook
22:48:27 INFO  ProfileMatch              :             category: SocialMedia
22:48:27 INFO  ProfileMatch              :              version: 5.0.0  [OLD VERSION]
22:48:27 INFO  ProfileMatch              :         release-date: 30.04.2019
22:48:27 INFO  ProfileMatch              :     lib root package: "com.facebook.all"  (in app: "c")
22:48:27 INFO  ProfileMatch              : 
22:48:27 INFO  ProfileMatch              :                 name: Facebook
22:48:27 INFO  ProfileMatch              :             category: SocialMedia
22:48:27 INFO  ProfileMatch              :              version: 5.0.1  [OLD VERSION]
22:48:27 INFO  ProfileMatch              :         release-date: 17.05.2019
22:48:27 INFO  ProfileMatch              :     lib root package: "com.facebook.all"  (in app: "c")
22:48:27 INFO  ProfileMatch              : 
22:48:27 INFO  ProfileMatch              :                 name: Facebook
22:48:27 INFO  ProfileMatch              :             category: SocialMedia
22:48:27 INFO  ProfileMatch              :              version: 5.0.2  [OLD VERSION]
22:48:27 INFO  ProfileMatch              :         release-date: 09.06.2019
22:48:27 INFO  ProfileMatch              :     lib root package: "com.facebook.all"  (in app: "c")
22:48:27 INFO  ProfileMatch              : 
22:48:27 INFO  ProfileMatch              :                 name: Facebook
22:48:27 INFO  ProfileMatch              :             category: SocialMedia
22:48:27 INFO  ProfileMatch              :              version: 5.0.3  [OLD VERSION]
22:48:27 INFO  ProfileMatch              :         release-date: 14.06.2019
22:48:27 INFO  ProfileMatch              :     lib root package: "com.facebook.all"  (in app: "c")
22:48:27 INFO  ProfileMatch              : 
22:48:27 INFO  ProfileMatch              :                 name: Facebook
22:48:27 INFO  ProfileMatch              :             category: SocialMedia
22:48:27 INFO  ProfileMatch              :              version: 5.1.0  [OLD VERSION]
22:48:27 INFO  ProfileMatch              :         release-date: 21.06.2019
22:48:27 INFO  ProfileMatch              :     lib root package: "com.facebook.all"  (in app: "c")
22:48:27 INFO  ProfileMatch              : 
22:48:27 INFO  ProfileMatch              :                 name: Facebook
22:48:27 INFO  ProfileMatch              :             category: SocialMedia
22:48:27 INFO  ProfileMatch              :              version: 5.1.1  [OLD VERSION]
22:48:27 INFO  ProfileMatch              :         release-date: 02.07.2019
22:48:27 INFO  ProfileMatch              :     lib root package: "com.facebook.all"  (in app: "c")
22:48:27 INFO  ProfileMatch              : 
22:48:27 INFO  ProfileMatch              :                 name: Facebook
22:48:27 INFO  ProfileMatch              :             category: SocialMedia
22:48:27 INFO  ProfileMatch              :              version: 5.2.0  [OLD VERSION]
22:48:27 INFO  ProfileMatch              :         release-date: 29.07.2019
22:48:27 INFO  ProfileMatch              :     lib root package: "com.facebook.all"  (in app: "c")
22:48:27 INFO  ProfileMatch              : 
22:48:27 INFO  ProfileMatch              :                 name: Facebook
22:48:27 INFO  ProfileMatch              :             category: SocialMedia
22:48:27 INFO  ProfileMatch              :              version: 5.4.0  [OLD VERSION]
22:48:27 INFO  ProfileMatch              :         release-date: 16.08.2019
22:48:27 INFO  ProfileMatch              :     lib root package: "com.facebook.all"  (in app: "c")
22:48:27 INFO  ProfileMatch              : 
22:48:27 INFO  ProfileMatch              :                 name: Facebook
22:48:27 INFO  ProfileMatch              :             category: SocialMedia
22:48:27 INFO  ProfileMatch              :              version: 5.5.0  [OLD VERSION]
22:48:27 INFO  ProfileMatch              :         release-date: 31.08.2019
22:48:27 INFO  ProfileMatch              :     lib root package: "com.facebook.all"  (in app: "c")
22:48:27 INFO  ProfileMatch              : 
22:48:27 INFO  ProfileMatch              :                 name: Facebook
22:48:27 INFO  ProfileMatch              :             category: SocialMedia
22:48:27 INFO  ProfileMatch              :              version: 5.5.1  [OLD VERSION]
22:48:27 INFO  ProfileMatch              :         release-date: 06.09.2019
22:48:27 INFO  ProfileMatch              :     lib root package: "com.facebook.all"  (in app: "c")
22:48:27 INFO  ProfileMatch              : 
22:48:27 INFO  ProfileMatch              :                 name: Facebook
22:48:27 INFO  ProfileMatch              :             category: SocialMedia
22:48:27 INFO  ProfileMatch              :              version: 5.5.2  [OLD VERSION]
22:48:27 INFO  ProfileMatch              :         release-date: 05.10.2019
22:48:27 INFO  ProfileMatch              :     lib root package: "com.facebook.all"  (in app: "c")
22:48:27 INFO  ProfileMatch              : 
22:48:27 INFO  ProfileMatch              :                 name: Facebook
22:48:27 INFO  ProfileMatch              :             category: SocialMedia
22:48:27 INFO  ProfileMatch              :              version: 5.8.0  [OLD VERSION]
22:48:27 INFO  ProfileMatch              :         release-date: 08.10.2019
22:48:27 INFO  ProfileMatch              :     lib root package: "com.facebook.all"  (in app: "c")
22:48:27 INFO  ProfileMatch              : 
22:48:27 INFO  ProfileMatch              :                 name: Facebook
22:48:27 INFO  ProfileMatch              :             category: SocialMedia
22:48:27 INFO  ProfileMatch              :              version: 5.9.0  [OLD VERSION]
22:48:27 INFO  ProfileMatch              :         release-date: 29.10.2019
22:48:27 INFO  ProfileMatch              :     lib root package: "com.facebook.all"  (in app: "c")
22:48:27 INFO  ProfileMatch              : 
22:48:27 INFO  ProfileMatch              :                 name: Facebook
22:48:27 INFO  ProfileMatch              :             category: SocialMedia
22:48:27 INFO  ProfileMatch              :              version: 5.11.0  [OLD VERSION]
22:48:27 INFO  ProfileMatch              :         release-date: 15.11.2019
22:48:27 INFO  ProfileMatch              :     lib root package: "com.facebook.all"  (in app: "c")
22:48:27 INFO  ProfileMatch              : 
22:48:27 INFO  ProfileMatch              :                 name: Facebook
22:48:27 INFO  ProfileMatch              :             category: SocialMedia
22:48:27 INFO  ProfileMatch              :              version: 5.11.1  [OLD VERSION]
22:48:27 INFO  ProfileMatch              :         release-date: 21.11.2019
22:48:27 INFO  ProfileMatch              :     lib root package: "com.facebook.all"  (in app: "c")
22:48:27 INFO  ProfileMatch              : 
22:48:27 INFO  ProfileMatch              :                 name: Facebook
22:48:27 INFO  ProfileMatch              :             category: SocialMedia
22:48:27 INFO  ProfileMatch              :              version: 5.11.2  [OLD VERSION]
22:48:27 INFO  ProfileMatch              :         release-date: 22.11.2019
22:48:27 INFO  ProfileMatch              :     lib root package: "com.facebook.all"  (in app: "c")
22:48:27 INFO  ProfileMatch              : 
22:48:27 INFO  ProfileMatch              :                 name: Facebook
22:48:27 INFO  ProfileMatch              :             category: SocialMedia
22:48:27 INFO  ProfileMatch              :              version: 5.12.0  [OLD VERSION]
22:48:27 INFO  ProfileMatch              :         release-date: 04.12.2019
22:48:27 INFO  ProfileMatch              :     lib root package: "com.facebook.all"  (in app: "c")
22:48:27 INFO  ProfileMatch              : 
22:48:27 INFO  ProfileMatch              :                 name: Facebook
22:48:27 INFO  ProfileMatch              :             category: SocialMedia
22:48:27 INFO  ProfileMatch              :              version: 5.12.1  [OLD VERSION]
22:48:27 INFO  ProfileMatch              :         release-date: 09.12.2019
22:48:27 INFO  ProfileMatch              :     lib root package: "com.facebook.all"  (in app: "c")
22:48:27 INFO  ProfileMatch              : 
22:48:27 INFO  ProfileMatch              :                 name: Facebook
22:48:27 INFO  ProfileMatch              :             category: SocialMedia
22:48:27 INFO  ProfileMatch              :              version: 5.13.0  [OLD VERSION]
22:48:27 INFO  ProfileMatch              :         release-date: 12.12.2019
22:48:27 INFO  ProfileMatch              :     lib root package: "com.facebook.all"  (in app: "c")
22:48:27 INFO  ProfileMatch              : 
22:48:27 INFO  ProfileMatch              :                 name: Facebook
22:48:27 INFO  ProfileMatch              :             category: SocialMedia
22:48:27 INFO  ProfileMatch              :              version: 5.15.0  [OLD VERSION]
22:48:27 INFO  ProfileMatch              :         release-date: 21.01.2020
22:48:27 INFO  ProfileMatch              :     lib root package: "com.facebook.all"  (in app: "c")
22:48:27 INFO  ProfileMatch              : 
22:48:27 INFO  ProfileMatch              :                 name: Facebook
22:48:27 INFO  ProfileMatch              :             category: SocialMedia
22:48:27 INFO  ProfileMatch              :              version: 5.15.1  [OLD VERSION]
22:48:27 INFO  ProfileMatch              :         release-date: 29.01.2020
22:48:27 INFO  ProfileMatch              :     lib root package: "com.facebook.all"  (in app: "c")
22:48:27 INFO  ProfileMatch              : 
22:48:27 INFO  ProfileMatch              :                 name: Facebook
22:48:27 INFO  ProfileMatch              :             category: SocialMedia
22:48:27 INFO  ProfileMatch              :              version: 5.15.2  [OLD VERSION]
22:48:27 INFO  ProfileMatch              :         release-date: 03.02.2020
22:48:27 INFO  ProfileMatch              :     lib root package: "com.facebook.all"  (in app: "c")
22:48:27 INFO  ProfileMatch              : 
22:48:27 INFO  ProfileMatch              :                 name: Facebook
22:48:27 INFO  ProfileMatch              :             category: SocialMedia
22:48:27 INFO  ProfileMatch              :              version: 5.15.3  [OLD VERSION]
22:48:27 INFO  ProfileMatch              :         release-date: 03.02.2020
22:48:27 INFO  ProfileMatch              :     lib root package: "com.facebook.all"  (in app: "c")
22:48:27 INFO  ProfileMatch              : 
22:48:27 INFO  ProfileMatch              :                 name: Facebook
22:48:27 INFO  ProfileMatch              :             category: SocialMedia
22:48:27 INFO  ProfileMatch              :              version: 6.0.0  [OLD VERSION]
22:48:27 INFO  ProfileMatch              :         release-date: 03.02.2020
22:48:27 INFO  ProfileMatch              :     lib root package: "com.facebook.all"  (in app: "c")
22:48:27 INFO  ProfileMatch              : 
22:48:27 INFO  ProfileMatch              :                 name: Facebook
22:48:27 INFO  ProfileMatch              :             category: SocialMedia
22:48:27 INFO  ProfileMatch              :              version: 6.1.0  [OLD VERSION]
22:48:27 INFO  ProfileMatch              :         release-date: 14.02.2020
22:48:27 INFO  ProfileMatch              :     lib root package: "com.facebook.all"  (in app: "c")
22:48:27 INFO  ProfileMatch              : 
22:48:27 INFO  ProfileMatch              :                 name: Facebook
22:48:27 INFO  ProfileMatch              :             category: SocialMedia
22:48:27 INFO  ProfileMatch              :              version: 6.2.0  [OLD VERSION]
22:48:27 INFO  ProfileMatch              :         release-date: 09.03.2020
22:48:27 INFO  ProfileMatch              :     lib root package: "com.facebook.all"  (in app: "c")
22:48:27 INFO  ProfileMatch              : 
22:48:27 INFO  ProfileMatch              :                 name: Facebook
22:48:27 INFO  ProfileMatch              :             category: SocialMedia
22:48:27 INFO  ProfileMatch              :              version: 6.3.0  [OLD VERSION]
22:48:27 INFO  ProfileMatch              :         release-date: 25.03.2020
22:48:27 INFO  ProfileMatch              :     lib root package: "com.facebook.all"  (in app: "c")
22:48:27 INFO  ProfileMatch              : 
22:48:27 INFO  ProfileMatch              :                 name: Facebook
22:48:27 INFO  ProfileMatch              :             category: SocialMedia
22:48:27 INFO  ProfileMatch              :              version: 6.4.0  [OLD VERSION]
22:48:27 INFO  ProfileMatch              :         release-date: 15.04.2020
22:48:27 INFO  ProfileMatch              :     lib root package: "com.facebook.all"  (in app: "c")
22:48:27 INFO  ProfileMatch              : 
22:48:27 INFO  ProfileMatch              :                 name: Facebook
22:48:27 INFO  ProfileMatch              :             category: SocialMedia
22:48:27 INFO  ProfileMatch              :              version: 6.5.0  [OLD VERSION]
22:48:27 INFO  ProfileMatch              :         release-date: 20.04.2020
22:48:27 INFO  ProfileMatch              :     lib root package: "com.facebook.all"  (in app: "c")
22:48:27 INFO  ProfileMatch              : 
22:48:27 INFO  ProfileMatch              :                 name: Facebook
22:48:27 INFO  ProfileMatch              :             category: SocialMedia
22:48:27 INFO  ProfileMatch              :              version: 6.5.1  [OLD VERSION]
22:48:27 INFO  ProfileMatch              :         release-date: 23.04.2020
22:48:27 INFO  ProfileMatch              :     lib root package: "com.facebook.all"  (in app: "c")
22:48:27 INFO  ProfileMatch              : 
22:48:27 INFO  ProfileMatch              :                 name: Facebook
22:48:27 INFO  ProfileMatch              :             category: SocialMedia
22:48:27 INFO  ProfileMatch              :              version: 7.0.0  [OLD VERSION]
22:48:27 INFO  ProfileMatch              :         release-date: 05.05.2020
22:48:27 INFO  ProfileMatch              :     lib root package: "com.facebook.all"  (in app: "c")
22:48:27 INFO  ProfileMatch              : 
22:48:27 INFO  ProfileMatch              :                 name: Facebook
22:48:27 INFO  ProfileMatch              :             category: SocialMedia
22:48:27 INFO  ProfileMatch              :              version: 7.0.1  [OLD VERSION]
22:48:27 INFO  ProfileMatch              :         release-date: 09.06.2020
22:48:27 INFO  ProfileMatch              :     lib root package: "com.facebook.all"  (in app: "c")
22:48:27 INFO  ProfileMatch              : 
22:48:27 INFO  ProfileMatch              :                 name: Facebook
22:48:27 INFO  ProfileMatch              :             category: SocialMedia
22:48:27 INFO  ProfileMatch              :              version: 7.1.0  [OLD VERSION]
22:48:27 INFO  ProfileMatch              :         release-date: 23.06.2020
22:48:27 INFO  ProfileMatch              :     lib root package: "com.facebook.all"  (in app: "c")
22:48:27 INFO  ProfileMatch              : 
22:48:27 INFO  ProfileMatch              :                 name: Facebook
22:48:27 INFO  ProfileMatch              :             category: SocialMedia
22:48:27 INFO  ProfileMatch              :              version: 8.0.0  [OLD VERSION]
22:48:27 INFO  ProfileMatch              :         release-date: 28.09.2020
22:48:27 INFO  ProfileMatch              :     lib root package: "com.facebook.all"  (in app: "c")
22:48:27 INFO  ProfileMatch              : 
22:48:27 INFO  ProfileMatch              :                 name: Facebook
22:48:27 INFO  ProfileMatch              :             category: SocialMedia
22:48:27 INFO  ProfileMatch              :              version: 8.1.0  [OLD VERSION]
22:48:27 INFO  ProfileMatch              :         release-date: 14.10.2020
22:48:27 INFO  ProfileMatch              :     lib root package: "com.facebook.all"  (in app: "c")
22:48:27 INFO  ProfileMatch              : 
22:48:27 INFO  ProfileMatch              :                 name: Facebook
22:48:27 INFO  ProfileMatch              :             category: SocialMedia
22:48:27 INFO  ProfileMatch              :              version: 8.2.0  [OLD VERSION]
22:48:27 INFO  ProfileMatch              :         release-date: 18.12.2020
22:48:27 INFO  ProfileMatch              :     lib root package: "com.facebook.all"  (in app: "c")
22:48:27 INFO  ProfileMatch              : 
22:48:27 INFO  ProfileMatch              :                 name: Facebook
22:48:27 INFO  ProfileMatch              :             category: SocialMedia
22:48:27 INFO  ProfileMatch              :              version: 9.0.0  [OLD VERSION]
22:48:27 INFO  ProfileMatch              :         release-date: 19.01.2021
22:48:27 INFO  ProfileMatch              :     lib root package: "com.facebook.all"  (in app: "c")
22:48:27 INFO  ProfileMatch              : 
22:48:27 INFO  ProfileMatch              :                 name: Facebook
22:48:27 INFO  ProfileMatch              :             category: SocialMedia
22:48:27 INFO  ProfileMatch              :              version: 9.1.0  [OLD VERSION]
22:48:27 INFO  ProfileMatch              :         release-date: 15.03.2021
22:48:27 INFO  ProfileMatch              :     lib root package: "com.facebook.all"  (in app: "c")
22:48:27 INFO  ProfileMatch              : 
22:48:27 INFO  ProfileMatch              :                 name: Facebook
22:48:27 INFO  ProfileMatch              :             category: SocialMedia
22:48:27 INFO  ProfileMatch              :              version: 9.1.1  [OLD VERSION]
22:48:27 INFO  ProfileMatch              :         release-date: 12.04.2021
22:48:27 INFO  ProfileMatch              :     lib root package: "com.facebook.all"  (in app: "c")
22:48:27 INFO  ProfileMatch              : 
22:48:27 INFO  ProfileMatch              :                 name: Facebook
22:48:27 INFO  ProfileMatch              :             category: SocialMedia
22:48:27 INFO  ProfileMatch              :              version: 11.0.0  [OLD VERSION]
22:48:27 INFO  ProfileMatch              :         release-date: 08.06.2021
22:48:27 INFO  ProfileMatch              :     lib root package: "com.facebook.all"  (in app: "c")
22:48:27 INFO  ProfileMatch              : 
22:48:27 INFO  ProfileMatch              :                 name: Facebook
22:48:27 INFO  ProfileMatch              :             category: SocialMedia
22:48:27 INFO  ProfileMatch              :              version: 11.1.0  [OLD VERSION]
22:48:27 INFO  ProfileMatch              :         release-date: 06.07.2021
22:48:27 INFO  ProfileMatch              :     lib root package: "com.facebook.all"  (in app: "c")
22:48:27 INFO  ProfileMatch              : 
22:48:27 INFO  ProfileMatch              :                 name: Facebook
22:48:27 INFO  ProfileMatch              :             category: SocialMedia
22:48:27 INFO  ProfileMatch              :              version: 11.1.1  [OLD VERSION]
22:48:27 INFO  ProfileMatch              :         release-date: 19.07.2021
22:48:27 INFO  ProfileMatch              :     lib root package: "com.facebook.all"  (in app: "c")
22:48:27 INFO  ProfileMatch              : 
22:48:27 INFO  ProfileMatch              :                 name: Facebook
22:48:27 INFO  ProfileMatch              :             category: SocialMedia
22:48:27 INFO  ProfileMatch              :              version: 11.2.0  [OLD VERSION]
22:48:27 INFO  ProfileMatch              :         release-date: 03.08.2021
22:48:27 INFO  ProfileMatch              :     lib root package: "com.facebook.all"  (in app: "c")
22:48:27 INFO  ProfileMatch              : 
22:48:27 INFO  ProfileMatch              :                 name: Facebook
22:48:27 INFO  ProfileMatch              :             category: SocialMedia
22:48:27 INFO  ProfileMatch              :              version: 11.3.0  [OLD VERSION]
22:48:27 INFO  ProfileMatch              :         release-date: 07.09.2021
22:48:27 INFO  ProfileMatch              :     lib root package: "com.facebook.all"  (in app: "c")
22:48:27 INFO  ProfileMatch              : 
22:48:27 INFO  ProfileMatch              :                 name: Facebook
22:48:27 INFO  ProfileMatch              :             category: SocialMedia
22:48:27 INFO  ProfileMatch              :              version: 12.0.0  [OLD VERSION]
22:48:27 INFO  ProfileMatch              :         release-date: 05.10.2021
22:48:27 INFO  ProfileMatch              :     lib root package: "com.facebook.all"  (in app: "c")
22:48:27 INFO  ProfileMatch              : 
22:48:27 INFO  ProfileMatch              :                 name: Facebook
22:48:27 INFO  ProfileMatch              :             category: SocialMedia
22:48:27 INFO  ProfileMatch              :              version: 12.0.1  [OLD VERSION]
22:48:27 INFO  ProfileMatch              :         release-date: 13.10.2021
22:48:27 INFO  ProfileMatch              :     lib root package: "com.facebook.all"  (in app: "c")
22:48:27 INFO  ProfileMatch              : 
22:48:27 INFO  ProfileMatch              :                 name: Facebook
22:48:27 INFO  ProfileMatch              :             category: SocialMedia
22:48:27 INFO  ProfileMatch              :              version: 12.1.0  [OLD VERSION]
22:48:27 INFO  ProfileMatch              :         release-date: 01.11.2021
22:48:27 INFO  ProfileMatch              :     lib root package: "com.facebook.all"  (in app: "c")
22:48:27 INFO  ProfileMatch              : 
22:48:27 INFO  ProfileMatch              :                 name: Facebook
22:48:27 INFO  ProfileMatch              :             category: SocialMedia
22:48:27 INFO  ProfileMatch              :              version: 12.2.0  [OLD VERSION]
22:48:27 INFO  ProfileMatch              :         release-date: 06.12.2021
22:48:27 INFO  ProfileMatch              :     lib root package: "com.facebook.all"  (in app: "c")
22:48:27 INFO  ProfileMatch              : 
22:48:27 INFO  ProfileMatch              :                 name: Facebook
22:48:27 INFO  ProfileMatch              :             category: SocialMedia
22:48:27 INFO  ProfileMatch              :              version: 12.3.0  [OLD VERSION]
22:48:27 INFO  ProfileMatch              :         release-date: 10.01.2022
22:48:27 INFO  ProfileMatch              :     lib root package: "com.facebook.all"  (in app: "c")
22:48:27 INFO  ProfileMatch              : 
22:48:27 INFO  ProfileMatch              :                 name: Facebook
22:48:27 INFO  ProfileMatch              :             category: SocialMedia
22:48:27 INFO  ProfileMatch              :              version: 13.0.0  [OLD VERSION]
22:48:27 INFO  ProfileMatch              :         release-date: 23.02.2022
22:48:27 INFO  ProfileMatch              :     lib root package: "com.facebook.all"  (in app: "c")
22:48:27 INFO  ProfileMatch              : 
22:48:27 INFO  ProfileMatch              :                 name: Facebook
22:48:27 INFO  ProfileMatch              :             category: SocialMedia
22:48:27 INFO  ProfileMatch              :              version: 13.1.0  [OLD VERSION]
22:48:27 INFO  ProfileMatch              :         release-date: 21.03.2022
22:48:27 INFO  ProfileMatch              :     lib root package: "com.facebook.all"  (in app: "c")
22:48:27 INFO  ProfileMatch              : 
22:48:27 INFO  ProfileMatch              :                 name: Facebook
22:48:27 INFO  ProfileMatch              :             category: SocialMedia
22:48:27 INFO  ProfileMatch              :              version: 13.2.0  [OLD VERSION]
22:48:27 INFO  ProfileMatch              :         release-date: 22.04.2022
22:48:27 INFO  ProfileMatch              :     lib root package: "com.facebook.all"  (in app: "c")
22:48:27 INFO  ProfileMatch              : 
22:48:27 INFO  ProfileMatch              :                 name: Facebook
22:48:27 INFO  ProfileMatch              :             category: SocialMedia
22:48:27 INFO  ProfileMatch              :              version: 14.0.0
22:48:27 INFO  ProfileMatch              :         release-date: 14.06.2022
22:48:27 INFO  ProfileMatch              :     lib root package: "com.facebook.all"  (in app: "c")
22:48:27 INFO  ProfileMatch              : 
22:48:28 INFO  LibraryIdentifier         : 
22:48:28 INFO  LibraryIdentifier         : - Partial library matches:
22:48:28 INFO  LibraryIdentifier         :                 name: androidx.customview::customview
22:48:28 INFO  LibraryIdentifier         :             category: Android
22:48:28 INFO  LibraryIdentifier         :              version: 1.0.0  [OLD VERSION]
22:48:28 INFO  LibraryIdentifier         :         release-date:  --
22:48:28 INFO  LibraryIdentifier         :     lib root package: "androidx.customview"
22:48:28 INFO  LibraryIdentifier         :         Partial matching results:
22:48:28 INFO  LibraryIdentifier         :              - config: Hashing.md5() | Flags: no-flag | Keep: PN | Prune: MSIG   score: 0.7083334
22:48:28 INFO  LibraryIdentifier         : 
22:48:28 INFO  LibraryIdentifier         : 
22:48:28 INFO  LibraryIdentifier         : App processing time: 1 min, 41 sec, 161 ms
 324 ms
