16:40:55 INFO  LibraryIdentifier         : Process app: ee.smkv.calc.loan_52.apk
16:40:55 INFO  LibraryIdentifier         : = Manifest Parser =
16:40:55 INFO  LibraryIdentifier         :         Package name: ee.smkv.calc.loan
16:40:55 INFO  LibraryIdentifier         :         Version code: 52
16:40:55 INFO  LibraryIdentifier         :        minSdkVersion: 5
16:40:55 INFO  LibraryIdentifier         :     targetSdkVersion: 5
16:40:55 INFO  LibraryIdentifier         :         SharedUserId:  - none -
16:40:55 INFO  LibraryIdentifier         :     Library dependencies:  - none -
16:40:55 INFO  LibraryIdentifier         : 
16:40:55 INFO  LibraryIdentifier         : Found 402 unique libraries in 12405 library profiles
16:40:56 INFO  LibraryIdentifier         : Generated class hierarchy (in 488 ms)
16:40:56 INFO  WalaUtils                 : 
16:40:56 INFO  WalaUtils                 : = ClassHierarchy Stats =
16:40:56 INFO  WalaUtils                 :     # of classes: 527
16:40:56 INFO  WalaUtils                 :     # thereof inner classes: 284
16:40:56 INFO  WalaUtils                 :     # thereof public classes: 278
16:40:56 INFO  WalaUtils                 :         Activity : 14
16:40:56 INFO  WalaUtils                 :         Application : 0
16:40:56 INFO  WalaUtils                 :         AsyncTask : 2
16:40:56 INFO  WalaUtils                 :         BroadcastReceiver : 0
16:40:56 INFO  WalaUtils                 :         ContentProvider : 0
16:40:56 INFO  WalaUtils                 :         Fragment : 13
16:40:56 INFO  WalaUtils                 :         Handler : 4
16:40:56 INFO  WalaUtils                 :         LayoutContainer : 26
16:40:56 INFO  WalaUtils                 :         Plain : 462
16:40:56 INFO  WalaUtils                 :         Runnable : 0
16:40:56 INFO  WalaUtils                 :         Service : 0
16:40:56 INFO  WalaUtils                 :         Thread : 0
16:40:56 INFO  WalaUtils                 :         View : 6
16:40:56 INFO  WalaUtils                 :     # methods: 5128
16:40:56 INFO  WalaUtils                 :         # of publicly accessible methods: 4153
16:40:56 INFO  WalaUtils                 :         # of non-accessible methods: 975
16:40:56 INFO  WalaUtils                 : 
16:40:56 INFO  Profile                   : = PackageTree =
16:40:56 INFO  PackageTree               : Root Package: com.actionbarsherlock
16:40:56 INFO  PackageTree               : └── Root
16:40:56 INFO  PackageTree               :     ├── com
16:40:56 INFO  PackageTree               :     │   └── actionbarsherlock (10)
16:40:56 INFO  PackageTree               :     │       ├── internal (7)
16:40:56 INFO  PackageTree               :     │       │   ├── widget (55)
16:40:56 INFO  PackageTree               :     │       │   ├── view (4)
16:40:56 INFO  PackageTree               :     │       │   │   └── menu (33)
16:40:56 INFO  PackageTree               :     │       │   ├── nineoldandroids
16:40:56 INFO  PackageTree               :     │       │   │   ├── animation (32)
16:40:56 INFO  PackageTree               :     │       │   │   ├── widget (3)
16:40:56 INFO  PackageTree               :     │       │   │   └── view (1)
16:40:56 INFO  PackageTree               :     │       │   │       └── animation (1)
16:40:56 INFO  PackageTree               :     │       │   └── app (7)
16:40:56 INFO  PackageTree               :     │       ├── app (14)
16:40:56 INFO  PackageTree               :     │       ├── widget (40)
16:40:56 INFO  PackageTree               :     │       └── view (15)
16:40:56 INFO  PackageTree               :     ├── org
16:40:56 INFO  PackageTree               :     │   └── achartengine (8)
16:40:56 INFO  PackageTree               :     │       ├── util (3)
16:40:56 INFO  PackageTree               :     │       ├── model (9)
16:40:56 INFO  PackageTree               :     │       ├── chart (19)
16:40:56 INFO  PackageTree               :     │       ├── renderer (8)
16:40:56 INFO  PackageTree               :     │       └── tools (7)
16:40:56 INFO  PackageTree               :     ├── android
16:40:56 INFO  PackageTree               :     │   └── support
16:40:56 INFO  PackageTree               :     │       └── v4
16:40:56 INFO  PackageTree               :     │           ├── app (65)
16:40:56 INFO  PackageTree               :     │           ├── view (64)
16:40:56 INFO  PackageTree               :     │           │   └── accessibility (24)
16:40:56 INFO  PackageTree               :     │           ├── widget (23)
16:40:56 INFO  PackageTree               :     │           ├── content (19)
16:40:56 INFO  PackageTree               :     │           │   └── pm (1)
16:40:56 INFO  PackageTree               :     │           ├── util (4)
16:40:56 INFO  PackageTree               :     │           ├── os (5)
16:40:56 INFO  PackageTree               :     │           ├── accessibilityservice (5)
16:40:56 INFO  PackageTree               :     │           └── database (1)
16:40:56 INFO  PackageTree               :     └── ee
16:40:56 INFO  PackageTree               :         └── smkv
16:40:56 INFO  PackageTree               :             └── calc
16:40:56 INFO  PackageTree               :                 └── loan (33)
16:40:56 INFO  PackageTree               :                     ├── calculators (5)
16:40:56 INFO  PackageTree               :                     └── model (2)
16:40:56 INFO  Profile                   : 
16:40:56 INFO  AppProfile                : - generated app package tree (in 25 ms)
16:40:56 INFO  AppProfile                : 
16:40:56 DEBUG HashTree                  : Generate hash tree..
16:40:56 DEBUG HashTree                  :     - generated 32 package hashes.
16:40:56 DEBUG HashTree                  :     - generated 526 clazz hashes.
16:40:56 DEBUG HashTree                  :     - generated 5128 method hashes.
16:40:56 DEBUG HashTree                  :     => Library Hash: e3a6a9707883fcf662621a0a0c6995dd
16:40:56 INFO  AppProfile                : - generated app hash trees (in 136 ms)
16:40:56 INFO  AppProfile                : 
16:40:56 INFO  LibraryIdentifier         : = Scan for library root packages (heuristic) =
16:40:56 INFO  LibraryIdentifier         :     - Found lib root package android.support.v4.view  (com.android.support::asynclayoutinflater)
16:40:56 INFO  LibraryIdentifier         :     - Found lib root package android.support.v4.util  (com.android.support::collections)
16:40:56 INFO  LibraryIdentifier         :     - Found lib root package android.support.v4.widget  (com.android.support::cursoradapter)
16:40:56 INFO  LibraryIdentifier         :     - Found lib root package android.support.v4  (com.android.support::customview)
16:40:56 INFO  LibraryIdentifier         :     - Found lib root package android.support.v4.widget  (com.android.support::drawerlayout)
16:40:56 INFO  LibraryIdentifier         :     - Found lib root package android.support.v4  (com.android.support::loader)
16:40:56 INFO  LibraryIdentifier         :     - Found lib root package android.support.v4.content  (com.android.support::localbroadcastmanager)
16:40:56 INFO  LibraryIdentifier         :     - Found lib root package android.support.v4.widget  (com.android.support::slidingpanelayout)
16:40:56 INFO  LibraryIdentifier         :     - Found lib root package android.support.v4  (com.android.support::support-compat)
16:40:56 INFO  LibraryIdentifier         :     - Found lib root package android.support.v4  (com.android.support::support-core-ui)
16:40:56 INFO  LibraryIdentifier         :     - Found lib root package android.support.v4  (com.android.support::support-core-utils)
16:40:56 INFO  LibraryIdentifier         :     - Found lib root package android.support.v4.app  (com.android.support::support-fragment)
16:40:56 INFO  LibraryIdentifier         :     - Found lib root package android.support.v4  (com.android.support::support-v4)
16:40:56 INFO  LibraryIdentifier         :     - Found lib root package android.support.v4.widget  (com.android.support::swiperefreshlayout)
16:40:56 INFO  LibraryIdentifier         :     - Found lib root package android.support.v4.view  (com.android.support::viewpager)
16:40:56 INFO  LibraryIdentifier         : 
16:40:56 INFO  LibraryIdentifier         : = Match profiles =
16:41:01 INFO  LibraryIdentifier         :     >> profile matching done (4 sec, 442 ms)
16:41:01 INFO  LibraryIdentifier         : 
16:41:01 INFO  LibraryIdentifier         : == Report ==
16:41:01 INFO  LibraryIdentifier         : - Full library matches:
16:41:01 INFO  ProfileMatch              :                 name: com.android.support::localbroadcastmanager
16:41:01 INFO  ProfileMatch              :             category: Android
16:41:01 INFO  ProfileMatch              :              version: 28.0.0
16:41:01 INFO  ProfileMatch              :         release-date:  --
16:41:01 INFO  ProfileMatch              :     lib root package: "android.support.v4.content"
16:41:01 INFO  ProfileMatch              : 
16:41:01 INFO  ProfileMatch              :                 name: com.google.firebase::firebase-ml-vision-image-label-model
16:41:01 INFO  ProfileMatch              :             category: Android
16:41:01 INFO  ProfileMatch              :              version: 20.0.0  [OLD VERSION]
16:41:01 INFO  ProfileMatch              :         release-date:  --
16:41:01 INFO  ProfileMatch              :     lib root package: "com.google.firebase.ml.vision.imagelabel"  (in app: "android.support.v4.content.pm")
16:41:01 INFO  ProfileMatch              : 
16:41:01 INFO  ProfileMatch              :                 name: com.google.firebase::firebase-ml-vision-image-label-model
16:41:01 INFO  ProfileMatch              :             category: Android
16:41:01 INFO  ProfileMatch              :              version: 20.0.1  [OLD VERSION]
16:41:01 INFO  ProfileMatch              :         release-date:  --
16:41:01 INFO  ProfileMatch              :     lib root package: "com.google.firebase.ml.vision.imagelabel"  (in app: "android.support.v4.content.pm")
16:41:01 INFO  ProfileMatch              : 
16:41:01 INFO  ProfileMatch              :                 name: com.google.firebase::firebase-ml-vision-image-label-model
16:41:01 INFO  ProfileMatch              :             category: Android
16:41:01 INFO  ProfileMatch              :              version: 20.0.2
16:41:01 INFO  ProfileMatch              :         release-date:  --
16:41:01 INFO  ProfileMatch              :     lib root package: "com.google.firebase.ml.vision.imagelabel"  (in app: "android.support.v4.content.pm")
16:41:01 INFO  ProfileMatch              : 
16:41:01 INFO  ProfileMatch              :                 name: Facebook
16:41:01 INFO  ProfileMatch              :             category: SocialMedia
16:41:01 INFO  ProfileMatch              :              version: 4.27.0  [OLD VERSION]
16:41:01 INFO  ProfileMatch              :         release-date: 26.09.2017
16:41:01 INFO  ProfileMatch              :     lib root package: "com.facebook.all"  (in app: "android.support.v4.content.pm")
16:41:01 INFO  ProfileMatch              : 
16:41:01 INFO  ProfileMatch              :                 name: Facebook
16:41:01 INFO  ProfileMatch              :             category: SocialMedia
16:41:01 INFO  ProfileMatch              :              version: 4.28.0  [OLD VERSION]
16:41:01 INFO  ProfileMatch              :         release-date: 07.11.2017
16:41:01 INFO  ProfileMatch              :     lib root package: "com.facebook.all"  (in app: "android.support.v4.content.pm")
16:41:01 INFO  ProfileMatch              : 
16:41:01 INFO  ProfileMatch              :                 name: Facebook
16:41:01 INFO  ProfileMatch              :             category: SocialMedia
16:41:01 INFO  ProfileMatch              :              version: 4.29.0  [OLD VERSION]
16:41:01 INFO  ProfileMatch              :         release-date: 05.12.2017
16:41:01 INFO  ProfileMatch              :     lib root package: "com.facebook.all"  (in app: "android.support.v4.content.pm")
16:41:01 INFO  ProfileMatch              : 
16:41:01 INFO  ProfileMatch              :                 name: Facebook
16:41:01 INFO  ProfileMatch              :             category: SocialMedia
16:41:01 INFO  ProfileMatch              :              version: 4.30.0  [OLD VERSION]
16:41:01 INFO  ProfileMatch              :         release-date: 24.01.2018
16:41:01 INFO  ProfileMatch              :     lib root package: "com.facebook.all"  (in app: "android.support.v4.content.pm")
16:41:01 INFO  ProfileMatch              : 
16:41:01 INFO  ProfileMatch              :                 name: Facebook
16:41:01 INFO  ProfileMatch              :             category: SocialMedia
16:41:01 INFO  ProfileMatch              :              version: 4.31.0  [OLD VERSION]
16:41:01 INFO  ProfileMatch              :         release-date: 28.02.2018
16:41:01 INFO  ProfileMatch              :     lib root package: "com.facebook.all"  (in app: "android.support.v4.content.pm")
16:41:01 INFO  ProfileMatch              : 
16:41:01 INFO  ProfileMatch              :                 name: Facebook
16:41:01 INFO  ProfileMatch              :             category: SocialMedia
16:41:01 INFO  ProfileMatch              :              version: 4.32.0  [OLD VERSION]
16:41:01 INFO  ProfileMatch              :         release-date: 11.04.2018
16:41:01 INFO  ProfileMatch              :     lib root package: "com.facebook.all"  (in app: "android.support.v4.content.pm")
16:41:01 INFO  ProfileMatch              : 
16:41:01 INFO  ProfileMatch              :                 name: Facebook
16:41:01 INFO  ProfileMatch              :             category: SocialMedia
16:41:01 INFO  ProfileMatch              :              version: 4.33.0  [OLD VERSION]
16:41:01 INFO  ProfileMatch              :         release-date: 01.05.2018
16:41:01 INFO  ProfileMatch              :     lib root package: "com.facebook.all"  (in app: "android.support.v4.content.pm")
16:41:01 INFO  ProfileMatch              : 
16:41:01 INFO  ProfileMatch              :                 name: Facebook
16:41:01 INFO  ProfileMatch              :             category: SocialMedia
16:41:01 INFO  ProfileMatch              :              version: 4.34.0  [OLD VERSION]
16:41:01 INFO  ProfileMatch              :         release-date: 19.06.2018
16:41:01 INFO  ProfileMatch              :     lib root package: "com.facebook.all"  (in app: "android.support.v4.content.pm")
16:41:01 INFO  ProfileMatch              : 
16:41:01 INFO  ProfileMatch              :                 name: Facebook
16:41:01 INFO  ProfileMatch              :             category: SocialMedia
16:41:01 INFO  ProfileMatch              :              version: 4.35.0  [OLD VERSION]
16:41:01 INFO  ProfileMatch              :         release-date: 26.07.2018
16:41:01 INFO  ProfileMatch              :     lib root package: "com.facebook.all"  (in app: "android.support.v4.content.pm")
16:41:01 INFO  ProfileMatch              : 
16:41:01 INFO  ProfileMatch              :                 name: Facebook
16:41:01 INFO  ProfileMatch              :             category: SocialMedia
16:41:01 INFO  ProfileMatch              :              version: 4.36.0  [OLD VERSION]
16:41:01 INFO  ProfileMatch              :         release-date: 29.08.2018
16:41:01 INFO  ProfileMatch              :     lib root package: "com.facebook.all"  (in app: "android.support.v4.content.pm")
16:41:01 INFO  ProfileMatch              : 
16:41:01 INFO  ProfileMatch              :                 name: Facebook
16:41:01 INFO  ProfileMatch              :             category: SocialMedia
16:41:01 INFO  ProfileMatch              :              version: 4.36.1  [OLD VERSION]
16:41:01 INFO  ProfileMatch              :         release-date: 15.09.2018
16:41:01 INFO  ProfileMatch              :     lib root package: "com.facebook.all"  (in app: "android.support.v4.content.pm")
16:41:01 INFO  ProfileMatch              : 
16:41:01 INFO  ProfileMatch              :                 name: Facebook
16:41:01 INFO  ProfileMatch              :             category: SocialMedia
16:41:01 INFO  ProfileMatch              :              version: 4.37.0  [OLD VERSION]
16:41:01 INFO  ProfileMatch              :         release-date: 27.09.2018
16:41:01 INFO  ProfileMatch              :     lib root package: "com.facebook.all"  (in app: "android.support.v4.content.pm")
16:41:01 INFO  ProfileMatch              : 
16:41:01 INFO  ProfileMatch              :                 name: Facebook
16:41:01 INFO  ProfileMatch              :             category: SocialMedia
16:41:01 INFO  ProfileMatch              :              version: 4.38.0  [OLD VERSION]
16:41:01 INFO  ProfileMatch              :         release-date: 23.10.2018
16:41:01 INFO  ProfileMatch              :     lib root package: "com.facebook.all"  (in app: "android.support.v4.content.pm")
16:41:01 INFO  ProfileMatch              : 
16:41:01 INFO  ProfileMatch              :                 name: Facebook
16:41:01 INFO  ProfileMatch              :             category: SocialMedia
16:41:01 INFO  ProfileMatch              :              version: 4.38.1  [OLD VERSION]
16:41:01 INFO  ProfileMatch              :         release-date: 31.10.2018
16:41:01 INFO  ProfileMatch              :     lib root package: "com.facebook.all"  (in app: "android.support.v4.content.pm")
16:41:01 INFO  ProfileMatch              : 
16:41:01 INFO  ProfileMatch              :                 name: Facebook
16:41:01 INFO  ProfileMatch              :             category: SocialMedia
16:41:01 INFO  ProfileMatch              :              version: 4.39.0  [OLD VERSION]
16:41:01 INFO  ProfileMatch              :         release-date: 05.12.2018
16:41:01 INFO  ProfileMatch              :     lib root package: "com.facebook.all"  (in app: "android.support.v4.content.pm")
16:41:01 INFO  ProfileMatch              : 
16:41:01 INFO  ProfileMatch              :                 name: Facebook
16:41:01 INFO  ProfileMatch              :             category: SocialMedia
16:41:01 INFO  ProfileMatch              :              version: 4.40.0  [OLD VERSION]
16:41:01 INFO  ProfileMatch              :         release-date: 22.01.2019
16:41:01 INFO  ProfileMatch              :     lib root package: "com.facebook.all"  (in app: "android.support.v4.content.pm")
16:41:01 INFO  ProfileMatch              : 
16:41:01 INFO  ProfileMatch              :                 name: Facebook
16:41:01 INFO  ProfileMatch              :             category: SocialMedia
16:41:01 INFO  ProfileMatch              :              version: 4.41.0  [OLD VERSION]
16:41:01 INFO  ProfileMatch              :         release-date: 08.03.2019
16:41:01 INFO  ProfileMatch              :     lib root package: "com.facebook.all"  (in app: "android.support.v4.content.pm")
16:41:01 INFO  ProfileMatch              : 
16:41:01 INFO  ProfileMatch              :                 name: Facebook
16:41:01 INFO  ProfileMatch              :             category: SocialMedia
16:41:01 INFO  ProfileMatch              :              version: 4.42.0  [OLD VERSION]
16:41:01 INFO  ProfileMatch              :         release-date: 08.04.2019
16:41:01 INFO  ProfileMatch              :     lib root package: "com.facebook.all"  (in app: "android.support.v4.content.pm")
16:41:01 INFO  ProfileMatch              : 
16:41:01 INFO  ProfileMatch              :                 name: Facebook
16:41:01 INFO  ProfileMatch              :             category: SocialMedia
16:41:01 INFO  ProfileMatch              :              version: 5.0.0  [OLD VERSION]
16:41:01 INFO  ProfileMatch              :         release-date: 30.04.2019
16:41:01 INFO  ProfileMatch              :     lib root package: "com.facebook.all"  (in app: "android.support.v4.content.pm")
16:41:01 INFO  ProfileMatch              : 
16:41:01 INFO  ProfileMatch              :                 name: Facebook
16:41:01 INFO  ProfileMatch              :             category: SocialMedia
16:41:01 INFO  ProfileMatch              :              version: 5.0.1  [OLD VERSION]
16:41:01 INFO  ProfileMatch              :         release-date: 17.05.2019
16:41:01 INFO  ProfileMatch              :     lib root package: "com.facebook.all"  (in app: "android.support.v4.content.pm")
16:41:01 INFO  ProfileMatch              : 
16:41:01 INFO  ProfileMatch              :                 name: Facebook
16:41:01 INFO  ProfileMatch              :             category: SocialMedia
16:41:01 INFO  ProfileMatch              :              version: 5.0.2  [OLD VERSION]
16:41:01 INFO  ProfileMatch              :         release-date: 09.06.2019
16:41:01 INFO  ProfileMatch              :     lib root package: "com.facebook.all"  (in app: "android.support.v4.content.pm")
16:41:01 INFO  ProfileMatch              : 
16:41:01 INFO  ProfileMatch              :                 name: Facebook
16:41:01 INFO  ProfileMatch              :             category: SocialMedia
16:41:01 INFO  ProfileMatch              :              version: 5.0.3  [OLD VERSION]
16:41:01 INFO  ProfileMatch              :         release-date: 14.06.2019
16:41:01 INFO  ProfileMatch              :     lib root package: "com.facebook.all"  (in app: "android.support.v4.content.pm")
16:41:01 INFO  ProfileMatch              : 
16:41:01 INFO  ProfileMatch              :                 name: Facebook
16:41:01 INFO  ProfileMatch              :             category: SocialMedia
16:41:01 INFO  ProfileMatch              :              version: 5.1.0  [OLD VERSION]
16:41:01 INFO  ProfileMatch              :         release-date: 21.06.2019
16:41:01 INFO  ProfileMatch              :     lib root package: "com.facebook.all"  (in app: "android.support.v4.content.pm")
16:41:01 INFO  ProfileMatch              : 
16:41:01 INFO  ProfileMatch              :                 name: Facebook
16:41:01 INFO  ProfileMatch              :             category: SocialMedia
16:41:01 INFO  ProfileMatch              :              version: 5.1.1  [OLD VERSION]
16:41:01 INFO  ProfileMatch              :         release-date: 02.07.2019
16:41:01 INFO  ProfileMatch              :     lib root package: "com.facebook.all"  (in app: "android.support.v4.content.pm")
16:41:01 INFO  ProfileMatch              : 
16:41:01 INFO  ProfileMatch              :                 name: Facebook
16:41:01 INFO  ProfileMatch              :             category: SocialMedia
16:41:01 INFO  ProfileMatch              :              version: 5.2.0  [OLD VERSION]
16:41:01 INFO  ProfileMatch              :         release-date: 29.07.2019
16:41:01 INFO  ProfileMatch              :     lib root package: "com.facebook.all"  (in app: "android.support.v4.content.pm")
16:41:01 INFO  ProfileMatch              : 
16:41:01 INFO  ProfileMatch              :                 name: Facebook
16:41:01 INFO  ProfileMatch              :             category: SocialMedia
16:41:01 INFO  ProfileMatch              :              version: 5.4.0  [OLD VERSION]
16:41:01 INFO  ProfileMatch              :         release-date: 16.08.2019
16:41:01 INFO  ProfileMatch              :     lib root package: "com.facebook.all"  (in app: "android.support.v4.content.pm")
16:41:01 INFO  ProfileMatch              : 
16:41:01 INFO  ProfileMatch              :                 name: Facebook
16:41:01 INFO  ProfileMatch              :             category: SocialMedia
16:41:01 INFO  ProfileMatch              :              version: 5.5.0  [OLD VERSION]
16:41:01 INFO  ProfileMatch              :         release-date: 31.08.2019
16:41:01 INFO  ProfileMatch              :     lib root package: "com.facebook.all"  (in app: "android.support.v4.content.pm")
16:41:01 INFO  ProfileMatch              : 
16:41:01 INFO  ProfileMatch              :                 name: Facebook
16:41:01 INFO  ProfileMatch              :             category: SocialMedia
16:41:01 INFO  ProfileMatch              :              version: 5.5.1  [OLD VERSION]
16:41:01 INFO  ProfileMatch              :         release-date: 06.09.2019
16:41:01 INFO  ProfileMatch              :     lib root package: "com.facebook.all"  (in app: "android.support.v4.content.pm")
16:41:01 INFO  ProfileMatch              : 
16:41:01 INFO  ProfileMatch              :                 name: Facebook
16:41:01 INFO  ProfileMatch              :             category: SocialMedia
16:41:01 INFO  ProfileMatch              :              version: 5.5.2  [OLD VERSION]
16:41:01 INFO  ProfileMatch              :         release-date: 05.10.2019
16:41:01 INFO  ProfileMatch              :     lib root package: "com.facebook.all"  (in app: "android.support.v4.content.pm")
16:41:01 INFO  ProfileMatch              : 
16:41:01 INFO  ProfileMatch              :                 name: Facebook
16:41:01 INFO  ProfileMatch              :             category: SocialMedia
16:41:01 INFO  ProfileMatch              :              version: 5.8.0  [OLD VERSION]
16:41:01 INFO  ProfileMatch              :         release-date: 08.10.2019
16:41:01 INFO  ProfileMatch              :     lib root package: "com.facebook.all"  (in app: "android.support.v4.content.pm")
16:41:01 INFO  ProfileMatch              : 
16:41:01 INFO  ProfileMatch              :                 name: Facebook
16:41:01 INFO  ProfileMatch              :             category: SocialMedia
16:41:01 INFO  ProfileMatch              :              version: 5.9.0  [OLD VERSION]
16:41:01 INFO  ProfileMatch              :         release-date: 29.10.2019
16:41:01 INFO  ProfileMatch              :     lib root package: "com.facebook.all"  (in app: "android.support.v4.content.pm")
16:41:01 INFO  ProfileMatch              : 
16:41:01 INFO  ProfileMatch              :                 name: Facebook
16:41:01 INFO  ProfileMatch              :             category: SocialMedia
16:41:01 INFO  ProfileMatch              :              version: 5.11.0  [OLD VERSION]
16:41:01 INFO  ProfileMatch              :         release-date: 15.11.2019
16:41:01 INFO  ProfileMatch              :     lib root package: "com.facebook.all"  (in app: "android.support.v4.content.pm")
16:41:01 INFO  ProfileMatch              : 
16:41:01 INFO  ProfileMatch              :                 name: Facebook
16:41:01 INFO  ProfileMatch              :             category: SocialMedia
16:41:01 INFO  ProfileMatch              :              version: 5.11.1  [OLD VERSION]
16:41:01 INFO  ProfileMatch              :         release-date: 21.11.2019
16:41:01 INFO  ProfileMatch              :     lib root package: "com.facebook.all"  (in app: "android.support.v4.content.pm")
16:41:01 INFO  ProfileMatch              : 
16:41:01 INFO  ProfileMatch              :                 name: Facebook
16:41:01 INFO  ProfileMatch              :             category: SocialMedia
16:41:01 INFO  ProfileMatch              :              version: 5.11.2  [OLD VERSION]
16:41:01 INFO  ProfileMatch              :         release-date: 22.11.2019
16:41:01 INFO  ProfileMatch              :     lib root package: "com.facebook.all"  (in app: "android.support.v4.content.pm")
16:41:01 INFO  ProfileMatch              : 
16:41:01 INFO  ProfileMatch              :                 name: Facebook
16:41:01 INFO  ProfileMatch              :             category: SocialMedia
16:41:01 INFO  ProfileMatch              :              version: 5.12.0  [OLD VERSION]
16:41:01 INFO  ProfileMatch              :         release-date: 04.12.2019
16:41:01 INFO  ProfileMatch              :     lib root package: "com.facebook.all"  (in app: "android.support.v4.content.pm")
16:41:01 INFO  ProfileMatch              : 
16:41:01 INFO  ProfileMatch              :                 name: Facebook
16:41:01 INFO  ProfileMatch              :             category: SocialMedia
16:41:01 INFO  ProfileMatch              :              version: 5.12.1  [OLD VERSION]
16:41:01 INFO  ProfileMatch              :         release-date: 09.12.2019
16:41:01 INFO  ProfileMatch              :     lib root package: "com.facebook.all"  (in app: "android.support.v4.content.pm")
16:41:01 INFO  ProfileMatch              : 
16:41:01 INFO  ProfileMatch              :                 name: Facebook
16:41:01 INFO  ProfileMatch              :             category: SocialMedia
16:41:01 INFO  ProfileMatch              :              version: 5.13.0  [OLD VERSION]
16:41:01 INFO  ProfileMatch              :         release-date: 12.12.2019
16:41:01 INFO  ProfileMatch              :     lib root package: "com.facebook.all"  (in app: "android.support.v4.content.pm")
16:41:01 INFO  ProfileMatch              : 
16:41:01 INFO  ProfileMatch              :                 name: Facebook
16:41:01 INFO  ProfileMatch              :             category: SocialMedia
16:41:01 INFO  ProfileMatch              :              version: 5.15.0  [OLD VERSION]
16:41:01 INFO  ProfileMatch              :         release-date: 21.01.2020
16:41:01 INFO  ProfileMatch              :     lib root package: "com.facebook.all"  (in app: "android.support.v4.content.pm")
16:41:01 INFO  ProfileMatch              : 
16:41:01 INFO  ProfileMatch              :                 name: Facebook
16:41:01 INFO  ProfileMatch              :             category: SocialMedia
16:41:01 INFO  ProfileMatch              :              version: 5.15.1  [OLD VERSION]
16:41:01 INFO  ProfileMatch              :         release-date: 29.01.2020
16:41:01 INFO  ProfileMatch              :     lib root package: "com.facebook.all"  (in app: "android.support.v4.content.pm")
16:41:01 INFO  ProfileMatch              : 
16:41:01 INFO  ProfileMatch              :                 name: Facebook
16:41:01 INFO  ProfileMatch              :             category: SocialMedia
16:41:01 INFO  ProfileMatch              :              version: 5.15.2  [OLD VERSION]
16:41:01 INFO  ProfileMatch              :         release-date: 03.02.2020
16:41:01 INFO  ProfileMatch              :     lib root package: "com.facebook.all"  (in app: "android.support.v4.content.pm")
16:41:01 INFO  ProfileMatch              : 
16:41:01 INFO  ProfileMatch              :                 name: Facebook
16:41:01 INFO  ProfileMatch              :             category: SocialMedia
16:41:01 INFO  ProfileMatch              :              version: 5.15.3  [OLD VERSION]
16:41:01 INFO  ProfileMatch              :         release-date: 03.02.2020
16:41:01 INFO  ProfileMatch              :     lib root package: "com.facebook.all"  (in app: "android.support.v4.content.pm")
16:41:01 INFO  ProfileMatch              : 
16:41:01 INFO  ProfileMatch              :                 name: Facebook
16:41:01 INFO  ProfileMatch              :             category: SocialMedia
16:41:01 INFO  ProfileMatch              :              version: 6.0.0  [OLD VERSION]
16:41:01 INFO  ProfileMatch              :         release-date: 03.02.2020
16:41:01 INFO  ProfileMatch              :     lib root package: "com.facebook.all"  (in app: "android.support.v4.content.pm")
16:41:01 INFO  ProfileMatch              : 
16:41:01 INFO  ProfileMatch              :                 name: Facebook
16:41:01 INFO  ProfileMatch              :             category: SocialMedia
16:41:01 INFO  ProfileMatch              :              version: 6.1.0  [OLD VERSION]
16:41:01 INFO  ProfileMatch              :         release-date: 14.02.2020
16:41:01 INFO  ProfileMatch              :     lib root package: "com.facebook.all"  (in app: "android.support.v4.content.pm")
16:41:01 INFO  ProfileMatch              : 
16:41:01 INFO  ProfileMatch              :                 name: Facebook
16:41:01 INFO  ProfileMatch              :             category: SocialMedia
16:41:01 INFO  ProfileMatch              :              version: 6.2.0  [OLD VERSION]
16:41:01 INFO  ProfileMatch              :         release-date: 09.03.2020
16:41:01 INFO  ProfileMatch              :     lib root package: "com.facebook.all"  (in app: "android.support.v4.content.pm")
16:41:01 INFO  ProfileMatch              : 
16:41:01 INFO  ProfileMatch              :                 name: Facebook
16:41:01 INFO  ProfileMatch              :             category: SocialMedia
16:41:01 INFO  ProfileMatch              :              version: 6.3.0  [OLD VERSION]
16:41:01 INFO  ProfileMatch              :         release-date: 25.03.2020
16:41:01 INFO  ProfileMatch              :     lib root package: "com.facebook.all"  (in app: "android.support.v4.content.pm")
16:41:01 INFO  ProfileMatch              : 
16:41:01 INFO  ProfileMatch              :                 name: Facebook
16:41:01 INFO  ProfileMatch              :             category: SocialMedia
16:41:01 INFO  ProfileMatch              :              version: 6.4.0  [OLD VERSION]
16:41:01 INFO  ProfileMatch              :         release-date: 15.04.2020
16:41:01 INFO  ProfileMatch              :     lib root package: "com.facebook.all"  (in app: "android.support.v4.content.pm")
16:41:01 INFO  ProfileMatch              : 
16:41:01 INFO  ProfileMatch              :                 name: Facebook
16:41:01 INFO  ProfileMatch              :             category: SocialMedia
16:41:01 INFO  ProfileMatch              :              version: 6.5.0  [OLD VERSION]
16:41:01 INFO  ProfileMatch              :         release-date: 20.04.2020
16:41:01 INFO  ProfileMatch              :     lib root package: "com.facebook.all"  (in app: "android.support.v4.content.pm")
16:41:01 INFO  ProfileMatch              : 
16:41:01 INFO  ProfileMatch              :                 name: Facebook
16:41:01 INFO  ProfileMatch              :             category: SocialMedia
16:41:01 INFO  ProfileMatch              :              version: 6.5.1  [OLD VERSION]
16:41:01 INFO  ProfileMatch              :         release-date: 23.04.2020
16:41:01 INFO  ProfileMatch              :     lib root package: "com.facebook.all"  (in app: "android.support.v4.content.pm")
16:41:01 INFO  ProfileMatch              : 
16:41:01 INFO  ProfileMatch              :                 name: Facebook
16:41:01 INFO  ProfileMatch              :             category: SocialMedia
16:41:01 INFO  ProfileMatch              :              version: 7.0.0  [OLD VERSION]
16:41:01 INFO  ProfileMatch              :         release-date: 05.05.2020
16:41:01 INFO  ProfileMatch              :     lib root package: "com.facebook.all"  (in app: "android.support.v4.content.pm")
16:41:01 INFO  ProfileMatch              : 
16:41:01 INFO  ProfileMatch              :                 name: Facebook
16:41:01 INFO  ProfileMatch              :             category: SocialMedia
16:41:01 INFO  ProfileMatch              :              version: 7.0.1  [OLD VERSION]
16:41:01 INFO  ProfileMatch              :         release-date: 09.06.2020
16:41:01 INFO  ProfileMatch              :     lib root package: "com.facebook.all"  (in app: "android.support.v4.content.pm")
16:41:01 INFO  ProfileMatch              : 
16:41:01 INFO  ProfileMatch              :                 name: Facebook
16:41:01 INFO  ProfileMatch              :             category: SocialMedia
16:41:01 INFO  ProfileMatch              :              version: 7.1.0  [OLD VERSION]
16:41:01 INFO  ProfileMatch              :         release-date: 23.06.2020
16:41:01 INFO  ProfileMatch              :     lib root package: "com.facebook.all"  (in app: "android.support.v4.content.pm")
16:41:01 INFO  ProfileMatch              : 
16:41:01 INFO  ProfileMatch              :                 name: Facebook
16:41:01 INFO  ProfileMatch              :             category: SocialMedia
16:41:01 INFO  ProfileMatch              :              version: 8.0.0  [OLD VERSION]
16:41:01 INFO  ProfileMatch              :         release-date: 28.09.2020
16:41:01 INFO  ProfileMatch              :     lib root package: "com.facebook.all"  (in app: "android.support.v4.content.pm")
16:41:01 INFO  ProfileMatch              : 
16:41:01 INFO  ProfileMatch              :                 name: Facebook
16:41:01 INFO  ProfileMatch              :             category: SocialMedia
16:41:01 INFO  ProfileMatch              :              version: 8.1.0  [OLD VERSION]
16:41:01 INFO  ProfileMatch              :         release-date: 14.10.2020
16:41:01 INFO  ProfileMatch              :     lib root package: "com.facebook.all"  (in app: "android.support.v4.content.pm")
16:41:01 INFO  ProfileMatch              : 
16:41:01 INFO  ProfileMatch              :                 name: Facebook
16:41:01 INFO  ProfileMatch              :             category: SocialMedia
16:41:01 INFO  ProfileMatch              :              version: 8.2.0  [OLD VERSION]
16:41:01 INFO  ProfileMatch              :         release-date: 18.12.2020
16:41:01 INFO  ProfileMatch              :     lib root package: "com.facebook.all"  (in app: "android.support.v4.content.pm")
16:41:01 INFO  ProfileMatch              : 
16:41:01 INFO  ProfileMatch              :                 name: Facebook
16:41:01 INFO  ProfileMatch              :             category: SocialMedia
16:41:01 INFO  ProfileMatch              :              version: 9.0.0  [OLD VERSION]
16:41:01 INFO  ProfileMatch              :         release-date: 19.01.2021
16:41:01 INFO  ProfileMatch              :     lib root package: "com.facebook.all"  (in app: "android.support.v4.content.pm")
16:41:01 INFO  ProfileMatch              : 
16:41:01 INFO  ProfileMatch              :                 name: Facebook
16:41:01 INFO  ProfileMatch              :             category: SocialMedia
16:41:01 INFO  ProfileMatch              :              version: 9.1.0  [OLD VERSION]
16:41:01 INFO  ProfileMatch              :         release-date: 15.03.2021
16:41:01 INFO  ProfileMatch              :     lib root package: "com.facebook.all"  (in app: "android.support.v4.content.pm")
16:41:01 INFO  ProfileMatch              : 
16:41:01 INFO  ProfileMatch              :                 name: Facebook
16:41:01 INFO  ProfileMatch              :             category: SocialMedia
16:41:01 INFO  ProfileMatch              :              version: 9.1.1  [OLD VERSION]
16:41:01 INFO  ProfileMatch              :         release-date: 12.04.2021
16:41:01 INFO  ProfileMatch              :     lib root package: "com.facebook.all"  (in app: "android.support.v4.content.pm")
16:41:01 INFO  ProfileMatch              : 
16:41:01 INFO  ProfileMatch              :                 name: Facebook
16:41:01 INFO  ProfileMatch              :             category: SocialMedia
16:41:01 INFO  ProfileMatch              :              version: 11.0.0  [OLD VERSION]
16:41:01 INFO  ProfileMatch              :         release-date: 08.06.2021
16:41:01 INFO  ProfileMatch              :     lib root package: "com.facebook.all"  (in app: "android.support.v4.content.pm")
16:41:01 INFO  ProfileMatch              : 
16:41:01 INFO  ProfileMatch              :                 name: Facebook
16:41:01 INFO  ProfileMatch              :             category: SocialMedia
16:41:01 INFO  ProfileMatch              :              version: 11.1.0  [OLD VERSION]
16:41:01 INFO  ProfileMatch              :         release-date: 06.07.2021
16:41:01 INFO  ProfileMatch              :     lib root package: "com.facebook.all"  (in app: "android.support.v4.content.pm")
16:41:01 INFO  ProfileMatch              : 
16:41:01 INFO  ProfileMatch              :                 name: Facebook
16:41:01 INFO  ProfileMatch              :             category: SocialMedia
16:41:01 INFO  ProfileMatch              :              version: 11.1.1  [OLD VERSION]
16:41:01 INFO  ProfileMatch              :         release-date: 19.07.2021
16:41:01 INFO  ProfileMatch              :     lib root package: "com.facebook.all"  (in app: "android.support.v4.content.pm")
16:41:01 INFO  ProfileMatch              : 
16:41:01 INFO  ProfileMatch              :                 name: Facebook
16:41:01 INFO  ProfileMatch              :             category: SocialMedia
16:41:01 INFO  ProfileMatch              :              version: 11.2.0  [OLD VERSION]
16:41:01 INFO  ProfileMatch              :         release-date: 03.08.2021
16:41:01 INFO  ProfileMatch              :     lib root package: "com.facebook.all"  (in app: "android.support.v4.content.pm")
16:41:01 INFO  ProfileMatch              : 
16:41:01 INFO  ProfileMatch              :                 name: Facebook
16:41:01 INFO  ProfileMatch              :             category: SocialMedia
16:41:01 INFO  ProfileMatch              :              version: 11.3.0  [OLD VERSION]
16:41:01 INFO  ProfileMatch              :         release-date: 07.09.2021
16:41:01 INFO  ProfileMatch              :     lib root package: "com.facebook.all"  (in app: "android.support.v4.content.pm")
16:41:01 INFO  ProfileMatch              : 
16:41:01 INFO  ProfileMatch              :                 name: Facebook
16:41:01 INFO  ProfileMatch              :             category: SocialMedia
16:41:01 INFO  ProfileMatch              :              version: 12.0.0  [OLD VERSION]
16:41:01 INFO  ProfileMatch              :         release-date: 05.10.2021
16:41:01 INFO  ProfileMatch              :     lib root package: "com.facebook.all"  (in app: "android.support.v4.content.pm")
16:41:01 INFO  ProfileMatch              : 
16:41:01 INFO  ProfileMatch              :                 name: Facebook
16:41:01 INFO  ProfileMatch              :             category: SocialMedia
16:41:01 INFO  ProfileMatch              :              version: 12.0.1  [OLD VERSION]
16:41:01 INFO  ProfileMatch              :         release-date: 13.10.2021
16:41:01 INFO  ProfileMatch              :     lib root package: "com.facebook.all"  (in app: "android.support.v4.content.pm")
16:41:01 INFO  ProfileMatch              : 
16:41:01 INFO  ProfileMatch              :                 name: Facebook
16:41:01 INFO  ProfileMatch              :             category: SocialMedia
16:41:01 INFO  ProfileMatch              :              version: 12.1.0  [OLD VERSION]
16:41:01 INFO  ProfileMatch              :         release-date: 01.11.2021
16:41:01 INFO  ProfileMatch              :     lib root package: "com.facebook.all"  (in app: "android.support.v4.content.pm")
16:41:01 INFO  ProfileMatch              : 
16:41:01 INFO  ProfileMatch              :                 name: Facebook
16:41:01 INFO  ProfileMatch              :             category: SocialMedia
16:41:01 INFO  ProfileMatch              :              version: 12.2.0  [OLD VERSION]
16:41:01 INFO  ProfileMatch              :         release-date: 06.12.2021
16:41:01 INFO  ProfileMatch              :     lib root package: "com.facebook.all"  (in app: "android.support.v4.content.pm")
16:41:01 INFO  ProfileMatch              : 
16:41:01 INFO  ProfileMatch              :                 name: Facebook
16:41:01 INFO  ProfileMatch              :             category: SocialMedia
16:41:01 INFO  ProfileMatch              :              version: 12.3.0  [OLD VERSION]
16:41:01 INFO  ProfileMatch              :         release-date: 10.01.2022
16:41:01 INFO  ProfileMatch              :     lib root package: "com.facebook.all"  (in app: "android.support.v4.content.pm")
16:41:01 INFO  ProfileMatch              : 
16:41:01 INFO  ProfileMatch              :                 name: Facebook
16:41:01 INFO  ProfileMatch              :             category: SocialMedia
16:41:01 INFO  ProfileMatch              :              version: 13.0.0  [OLD VERSION]
16:41:01 INFO  ProfileMatch              :         release-date: 23.02.2022
16:41:01 INFO  ProfileMatch              :     lib root package: "com.facebook.all"  (in app: "android.support.v4.content.pm")
16:41:01 INFO  ProfileMatch              : 
16:41:01 INFO  ProfileMatch              :                 name: Facebook
16:41:01 INFO  ProfileMatch              :             category: SocialMedia
16:41:01 INFO  ProfileMatch              :              version: 13.1.0  [OLD VERSION]
16:41:01 INFO  ProfileMatch              :         release-date: 21.03.2022
16:41:01 INFO  ProfileMatch              :     lib root package: "com.facebook.all"  (in app: "android.support.v4.content.pm")
16:41:01 INFO  ProfileMatch              : 
16:41:01 INFO  ProfileMatch              :                 name: Facebook
16:41:01 INFO  ProfileMatch              :             category: SocialMedia
16:41:01 INFO  ProfileMatch              :              version: 13.2.0  [OLD VERSION]
16:41:01 INFO  ProfileMatch              :         release-date: 22.04.2022
16:41:01 INFO  ProfileMatch              :     lib root package: "com.facebook.all"  (in app: "android.support.v4.content.pm")
16:41:01 INFO  ProfileMatch              : 
16:41:01 INFO  ProfileMatch              :                 name: Facebook
16:41:01 INFO  ProfileMatch              :             category: SocialMedia
16:41:01 INFO  ProfileMatch              :              version: 14.0.0
16:41:01 INFO  ProfileMatch              :         release-date: 14.06.2022
16:41:01 INFO  ProfileMatch              :     lib root package: "com.facebook.all"  (in app: "android.support.v4.content.pm")
16:41:01 INFO  ProfileMatch              : 
16:41:01 INFO  LibraryIdentifier         : 
16:41:01 INFO  LibraryIdentifier         : - Partial library matches:
16:41:01 INFO  LibraryIdentifier         : 
16:41:01 INFO  LibraryIdentifier         : App processing time: 6 sec, 4 ms
