18:31:29 INFO  LibraryIdentifier         : Process app: eu.roggstar.luigithehunter.batterycalibrate_13.apk
18:31:29 INFO  LibraryIdentifier         : = Manifest Parser =
18:31:29 INFO  LibraryIdentifier         :         Package name: eu.roggstar.luigithehunter.batterycalibrate
18:31:29 INFO  LibraryIdentifier         :         Version code: 13
18:31:29 INFO  LibraryIdentifier         :        minSdkVersion: 14
18:31:29 INFO  LibraryIdentifier         :     targetSdkVersion: 28
18:31:29 INFO  LibraryIdentifier         :         SharedUserId:  - none -
18:31:29 INFO  LibraryIdentifier         :     Library dependencies:  - none -
18:31:29 INFO  LibraryIdentifier         : 
18:31:29 INFO  LibraryIdentifier         : Found 402 unique libraries in 12405 library profiles
18:31:30 INFO  LibraryIdentifier         : Generated class hierarchy (in 615 ms)
18:31:30 INFO  WalaUtils                 : 
18:31:30 INFO  WalaUtils                 : = ClassHierarchy Stats =
18:31:30 INFO  WalaUtils                 :     # of classes: 2230
18:31:30 INFO  WalaUtils                 :     # thereof inner classes: 1356
18:31:30 INFO  WalaUtils                 :     # thereof public classes: 1085
18:31:30 INFO  WalaUtils                 :         Activity : 6
18:31:30 INFO  WalaUtils                 :         Application : 0
18:31:30 INFO  WalaUtils                 :         AsyncTask : 4
18:31:30 INFO  WalaUtils                 :         BroadcastReceiver : 5
18:31:30 INFO  WalaUtils                 :         ContentProvider : 1
18:31:30 INFO  WalaUtils                 :         Fragment : 6
18:31:30 INFO  WalaUtils                 :         Handler : 10
18:31:30 INFO  WalaUtils                 :         LayoutContainer : 70
18:31:30 INFO  WalaUtils                 :         Plain : 2078
18:31:30 INFO  WalaUtils                 :         Runnable : 0
18:31:30 INFO  WalaUtils                 :         Service : 6
18:31:30 INFO  WalaUtils                 :         Thread : 1
18:31:30 INFO  WalaUtils                 :         View : 43
18:31:30 INFO  WalaUtils                 :     # methods: 19320
18:31:30 INFO  WalaUtils                 :         # of publicly accessible methods: 13572
18:31:30 INFO  WalaUtils                 :         # of non-accessible methods: 5748
18:31:30 INFO  WalaUtils                 : 
18:31:30 INFO  Profile                   : = PackageTree =
18:31:30 INFO  PackageTree               : Root Package: android
18:31:30 INFO  PackageTree               : └── Root
18:31:30 INFO  PackageTree               :     ├── android
18:31:30 INFO  PackageTree               :     │   ├── support
18:31:30 INFO  PackageTree               :     │   │   ├── design
18:31:30 INFO  PackageTree               :     │   │   │   ├── circularreveal (14)
18:31:30 INFO  PackageTree               :     │   │   │   │   ├── coordinatorlayout (1)
18:31:30 INFO  PackageTree               :     │   │   │   │   └── cardview (1)
18:31:30 INFO  PackageTree               :     │   │   │   ├── widget (162)
18:31:30 INFO  PackageTree               :     │   │   │   ├── internal (36)
18:31:30 INFO  PackageTree               :     │   │   │   ├── transformation (15)
18:31:30 INFO  PackageTree               :     │   │   │   ├── chip (12)
18:31:30 INFO  PackageTree               :     │   │   │   ├── behavior (2)
18:31:30 INFO  PackageTree               :     │   │   │   ├── stateful (2)
18:31:30 INFO  PackageTree               :     │   │   │   ├── resources (4)
18:31:30 INFO  PackageTree               :     │   │   │   ├── ripple (1)
18:31:30 INFO  PackageTree               :     │   │   │   ├── shape (14)
18:31:30 INFO  PackageTree               :     │   │   │   ├── bottomappbar (13)
18:31:30 INFO  PackageTree               :     │   │   │   ├── theme (1)
18:31:30 INFO  PackageTree               :     │   │   │   ├── animation (10)
18:31:30 INFO  PackageTree               :     │   │   │   ├── expandable (3)
18:31:30 INFO  PackageTree               :     │   │   │   ├── button (4)
18:31:30 INFO  PackageTree               :     │   │   │   ├── card (2)
18:31:30 INFO  PackageTree               :     │   │   │   ├── bottomnavigation (1)
18:31:30 INFO  PackageTree               :     │   │   │   ├── snackbar (1)
18:31:30 INFO  PackageTree               :     │   │   │   ├── drawable (1)
18:31:30 INFO  PackageTree               :     │   │   │   └── canvas (1)
18:31:30 INFO  PackageTree               :     │   │   ├── transition (132)
18:31:30 INFO  PackageTree               :     │   │   ├── v4
18:31:30 INFO  PackageTree               :     │   │   │   ├── media (150)
18:31:30 INFO  PackageTree               :     │   │   │   │   ├── session (94)
18:31:30 INFO  PackageTree               :     │   │   │   │   └── app (3)
18:31:30 INFO  PackageTree               :     │   │   │   ├── os (26)
18:31:30 INFO  PackageTree               :     │   │   │   ├── widget (88)
18:31:30 INFO  PackageTree               :     │   │   │   ├── net (5)
18:31:30 INFO  PackageTree               :     │   │   │   ├── content (33)
18:31:30 INFO  PackageTree               :     │   │   │   │   ├── res (17)
18:31:30 INFO  PackageTree               :     │   │   │   │   └── pm (9)
18:31:30 INFO  PackageTree               :     │   │   │   ├── graphics (18)
18:31:30 INFO  PackageTree               :     │   │   │   │   └── drawable (15)
18:31:30 INFO  PackageTree               :     │   │   │   ├── text (19)
18:31:30 INFO  PackageTree               :     │   │   │   │   └── util (6)
18:31:30 INFO  PackageTree               :     │   │   │   ├── app (175)
18:31:30 INFO  PackageTree               :     │   │   │   ├── provider (33)
18:31:30 INFO  PackageTree               :     │   │   │   ├── view (92)
18:31:30 INFO  PackageTree               :     │   │   │   │   ├── accessibility (17)
18:31:30 INFO  PackageTree               :     │   │   │   │   └── animation (6)
18:31:30 INFO  PackageTree               :     │   │   │   ├── util (30)
18:31:30 INFO  PackageTree               :     │   │   │   ├── hardware
18:31:30 INFO  PackageTree               :     │   │   │   │   ├── fingerprint (5)
18:31:30 INFO  PackageTree               :     │   │   │   │   └── display (1)
18:31:30 INFO  PackageTree               :     │   │   │   ├── print (7)
18:31:30 INFO  PackageTree               :     │   │   │   ├── math (1)
18:31:30 INFO  PackageTree               :     │   │   │   ├── internal
18:31:30 INFO  PackageTree               :     │   │   │   │   └── view (3)
18:31:30 INFO  PackageTree               :     │   │   │   ├── database (2)
18:31:30 INFO  PackageTree               :     │   │   │   │   └── sqlite (1)
18:31:30 INFO  PackageTree               :     │   │   │   └── accessibilityservice (1)
18:31:30 INFO  PackageTree               :     │   │   ├── constraint (28)
18:31:30 INFO  PackageTree               :     │   │   │   ├── solver (18)
18:31:30 INFO  PackageTree               :     │   │   │   │   ├── state (12)
18:31:30 INFO  PackageTree               :     │   │   │   │   │   └── helpers (7)
18:31:30 INFO  PackageTree               :     │   │   │   │   └── widgets (17)
18:31:30 INFO  PackageTree               :     │   │   │   │       └── analyzer (21)
18:31:30 INFO  PackageTree               :     │   │   │   ├── motion (94)
18:31:30 INFO  PackageTree               :     │   │   │   │   └── utils (13)
18:31:30 INFO  PackageTree               :     │   │   │   ├── utils (9)
18:31:30 INFO  PackageTree               :     │   │   │   └── helper (2)
18:31:30 INFO  PackageTree               :     │   │   ├── v7
18:31:30 INFO  PackageTree               :     │   │   │   ├── widget (316)
18:31:30 INFO  PackageTree               :     │   │   │   │   ├── helper (16)
18:31:30 INFO  PackageTree               :     │   │   │   │   └── util (1)
18:31:30 INFO  PackageTree               :     │   │   │   ├── app (80)
18:31:30 INFO  PackageTree               :     │   │   │   ├── util (31)
18:31:30 INFO  PackageTree               :     │   │   │   ├── view (14)
18:31:30 INFO  PackageTree               :     │   │   │   │   └── menu (48)
18:31:30 INFO  PackageTree               :     │   │   │   ├── content
18:31:30 INFO  PackageTree               :     │   │   │   │   └── res (2)
18:31:30 INFO  PackageTree               :     │   │   │   ├── graphics
18:31:30 INFO  PackageTree               :     │   │   │   │   └── drawable (16)
18:31:30 INFO  PackageTree               :     │   │   │   ├── text (1)
18:31:30 INFO  PackageTree               :     │   │   │   └── recyclerview
18:31:30 INFO  PackageTree               :     │   │   │       └── extensions (8)
18:31:30 INFO  PackageTree               :     │   │   ├── annotation (54)
18:31:30 INFO  PackageTree               :     │   │   ├── v13
18:31:30 INFO  PackageTree               :     │   │   │   └── view (5)
18:31:30 INFO  PackageTree               :     │   │   │       └── inputmethod (9)
18:31:30 INFO  PackageTree               :     │   │   └── graphics
18:31:30 INFO  PackageTree               :     │   │       └── drawable (24)
18:31:30 INFO  PackageTree               :     │   └── arch
18:31:30 INFO  PackageTree               :     │       ├── lifecycle (48)
18:31:30 INFO  PackageTree               :     │       └── core
18:31:30 INFO  PackageTree               :     │           ├── internal (8)
18:31:30 INFO  PackageTree               :     │           ├── executor (5)
18:31:30 INFO  PackageTree               :     │           └── util (1)
18:31:30 INFO  PackageTree               :     ├── eu
18:31:30 INFO  PackageTree               :     │   └── roggstar
18:31:30 INFO  PackageTree               :     │       └── batterycalibrator (13)
18:31:30 INFO  PackageTree               :     └── androidx
18:31:30 INFO  PackageTree               :         ├── versionedparcelable (15)
18:31:30 INFO  PackageTree               :         ├── core
18:31:30 INFO  PackageTree               :         │   └── graphics
18:31:30 INFO  PackageTree               :         │       └── drawable (1)
18:31:30 INFO  PackageTree               :         └── media (3)
18:31:30 INFO  Profile                   : 
18:31:30 INFO  AppProfile                : - generated app package tree (in 53 ms)
18:31:30 INFO  AppProfile                : 
18:31:30 DEBUG HashTree                  : Generate hash tree..
18:31:31 DEBUG HashTree                  :     - generated 82 package hashes.
18:31:31 DEBUG HashTree                  :     - generated 2103 clazz hashes.
18:31:31 DEBUG HashTree                  :     - generated 19320 method hashes.
18:31:31 DEBUG HashTree                  :     => Library Hash: 5659cf77f8470753fdffc39abde5a64a
18:31:31 INFO  AppProfile                : - generated app hash trees (in 515 ms)
18:31:31 INFO  AppProfile                : 
18:31:31 INFO  LibraryIdentifier         : = Scan for library root packages (heuristic) =
18:31:31 INFO  LibraryIdentifier         :     - Found lib root package android.arch.core.internal  (android.arch.core::common)
18:31:31 INFO  LibraryIdentifier         :     - Found lib root package android.arch.core  (android.arch.core::runtime)
18:31:31 INFO  LibraryIdentifier         :     - Found lib root package android.arch.lifecycle  (android.arch.lifecycle::common)
18:31:31 INFO  LibraryIdentifier         :     - Found lib root package android.arch.lifecycle  (android.arch.lifecycle::common-java8)
18:31:31 INFO  LibraryIdentifier         :     - Found lib root package android.arch.lifecycle  (android.arch.lifecycle::compiler)
18:31:31 INFO  LibraryIdentifier         :     - Found lib root package android.arch.lifecycle  (android.arch.lifecycle::extensions)
18:31:31 INFO  LibraryIdentifier         :     - Found lib root package android.arch.lifecycle  (android.arch.lifecycle::livedata)
18:31:31 INFO  LibraryIdentifier         :     - Found lib root package android.arch.lifecycle  (android.arch.lifecycle::livedata-core)
18:31:31 INFO  LibraryIdentifier         :     - Found lib root package android.arch.lifecycle  (android.arch.lifecycle::reactivestreams)
18:31:31 INFO  LibraryIdentifier         :     - Found lib root package android.arch.lifecycle  (android.arch.lifecycle::runtime)
18:31:31 INFO  LibraryIdentifier         :     - Found lib root package android.arch.lifecycle  (android.arch.lifecycle::viewmodel)
18:31:31 INFO  LibraryIdentifier         :     - Found lib root package androidx.core  (androidx.core::core)
18:31:31 INFO  LibraryIdentifier         :     - Found lib root package androidx  (androidx.core::core-ktx)
18:31:31 INFO  LibraryIdentifier         :     - Found lib root package android.support.v4.media  (androidx.media::media)
18:31:31 INFO  LibraryIdentifier         :     - Found lib root package androidx.versionedparcelable  (androidx.versionedparcelable::versionedparcelable)
18:31:31 INFO  LibraryIdentifier         :     - Found lib root package android.support.constraint  (com.android.support.constraint::constraint-layout)
18:31:31 INFO  LibraryIdentifier         :     - Found lib root package android.support.constraint.solver  (com.android.support.constraint::constraint-layout-solver)
18:31:31 INFO  LibraryIdentifier         :     - Found lib root package android.support.graphics.drawable  (com.android.support::animated-vector-drawable)
18:31:31 INFO  LibraryIdentifier         :     - Found lib root package android.support.v7  (com.android.support::appcompat-v7)
18:31:31 INFO  LibraryIdentifier         :     - Found lib root package android.support.v4.view  (com.android.support::asynclayoutinflater)
18:31:31 INFO  LibraryIdentifier         :     - Found lib root package android.support.v7.widget  (com.android.support::cardview-v7)
18:31:31 INFO  LibraryIdentifier         :     - Found lib root package android.support.v4.util  (com.android.support::collections)
18:31:31 INFO  LibraryIdentifier         :     - Found lib root package android.support.v4.widget  (com.android.support::cursoradapter)
18:31:31 INFO  LibraryIdentifier         :     - Found lib root package android.support.v4  (com.android.support::customview)
18:31:31 INFO  LibraryIdentifier         :     - Found lib root package android.support.design  (com.android.support::design)
18:31:31 INFO  LibraryIdentifier         :     - Found lib root package android.support.v4.provider  (com.android.support::documentfile)
18:31:31 INFO  LibraryIdentifier         :     - Found lib root package android.support.v4.widget  (com.android.support::drawerlayout)
18:31:31 INFO  LibraryIdentifier         :     - Found lib root package android.support.v7.widget  (com.android.support::gridlayout-v7)
18:31:31 INFO  LibraryIdentifier         :     - Found lib root package android.support.v4.view.animation  (com.android.support::interpolator)
18:31:31 INFO  LibraryIdentifier         :     - Found lib root package android.support.v4  (com.android.support::loader)
18:31:31 INFO  LibraryIdentifier         :     - Found lib root package android.support.v4.content  (com.android.support::localbroadcastmanager)
18:31:31 INFO  LibraryIdentifier         :     - Found lib root package android.support.v7  (com.android.support::mediarouter-v7)
18:31:31 INFO  LibraryIdentifier         :     - Found lib root package android.support.v7.graphics  (com.android.support::palette-v7)
18:31:31 INFO  LibraryIdentifier         :     - Found lib root package android.support.v7  (com.android.support::preference-v7)
18:31:31 INFO  LibraryIdentifier         :     - Found lib root package android.support.v4.print  (com.android.support::print)
18:31:31 INFO  LibraryIdentifier         :     - Found lib root package android.support.v7.widget  (com.android.support::recyclerview-v7)
18:31:31 INFO  LibraryIdentifier         :     - Found lib root package android.support.v4.widget  (com.android.support::slidingpanelayout)
18:31:31 INFO  LibraryIdentifier         :     - Found lib root package android.support.annotation  (com.android.support::support-annotations)
18:31:31 INFO  LibraryIdentifier         :     - Found lib root package android.support.v4  (com.android.support::support-compat)
18:31:31 INFO  LibraryIdentifier         :     - Found lib root package android.support.v4  (com.android.support::support-core-ui)
18:31:31 INFO  LibraryIdentifier         :     - Found lib root package android.support.v4  (com.android.support::support-core-utils)
18:31:31 INFO  LibraryIdentifier         :     - Found lib root package android.support.v4.app  (com.android.support::support-fragment)
18:31:31 INFO  LibraryIdentifier         :     - Found lib root package android.support.v4.media  (com.android.support::support-media-compat)
18:31:31 INFO  LibraryIdentifier         :     - Found lib root package android.support.v13  (com.android.support::support-v13)
18:31:31 INFO  LibraryIdentifier         :     - Found lib root package android.support.v4  (com.android.support::support-v4)
18:31:31 INFO  LibraryIdentifier         :     - Found lib root package android.support.graphics.drawable  (com.android.support::support-vector-drawable)
18:31:31 INFO  LibraryIdentifier         :     - Found lib root package android.support.v4.widget  (com.android.support::swiperefreshlayout)
18:31:31 INFO  LibraryIdentifier         :     - Found lib root package android.support.transition  (com.android.support::transition)
18:31:31 INFO  LibraryIdentifier         :     - Found lib root package androidx.versionedparcelable  (com.android.support::versionedparcelable)
18:31:31 INFO  LibraryIdentifier         :     - Found lib root package android.support.v4.view  (com.android.support::viewpager)
18:31:31 INFO  LibraryIdentifier         : 
18:31:31 INFO  LibraryIdentifier         : = Match profiles =
18:32:02 INFO  LibraryIdentifier         :     >> profile matching done (31 sec, 125 ms)
18:32:02 INFO  LibraryIdentifier         : 
18:32:02 INFO  LibraryIdentifier         : == Report ==
18:32:02 INFO  LibraryIdentifier         : - Full library matches:
18:32:02 INFO  ProfileMatch              :                 name: com.android.support::loader
18:32:02 INFO  ProfileMatch              :             category: Android
18:32:02 INFO  ProfileMatch              :              version: 28.0.0
18:32:02 INFO  ProfileMatch              :         release-date:  --
18:32:02 INFO  ProfileMatch              :     lib root package: "android.support.v4"
18:32:02 INFO  ProfileMatch              : 
18:32:02 INFO  ProfileMatch              :                 name: androidx.constraintlayout::constraintlayout-solver
18:32:02 INFO  ProfileMatch              :             category: Android
18:32:02 INFO  ProfileMatch              :              version: 2.0.3  [OLD VERSION]
18:32:02 INFO  ProfileMatch              :         release-date:  --
18:32:02 INFO  ProfileMatch              :     lib root package: "androidx.constraintlayout.solver"  (in app: "android.support.constraint.solver")
18:32:02 INFO  ProfileMatch              : 
18:32:02 INFO  ProfileMatch              :                 name: androidx.constraintlayout::constraintlayout-solver
18:32:02 INFO  ProfileMatch              :             category: Android
18:32:02 INFO  ProfileMatch              :              version: 2.0.4
18:32:02 INFO  ProfileMatch              :         release-date:  --
18:32:02 INFO  ProfileMatch              :     lib root package: "androidx.constraintlayout.solver"  (in app: "android.support.constraint.solver")
18:32:02 INFO  ProfileMatch              : 
18:32:02 INFO  ProfileMatch              :                 name: androidx.annotation::annotation
18:32:02 INFO  ProfileMatch              :             category: Android
18:32:02 INFO  ProfileMatch              :              version: 1.0.0  [OLD VERSION]
18:32:02 INFO  ProfileMatch              :         release-date:  --
18:32:02 INFO  ProfileMatch              :     lib root package: "androidx.annotation"  (in app: "android.support.annotation")
18:32:02 INFO  ProfileMatch              : 
18:32:02 INFO  ProfileMatch              :                 name: com.android.support::coordinatorlayout
18:32:02 INFO  ProfileMatch              :             category: Android
18:32:02 INFO  ProfileMatch              :              version: 28.0.0
18:32:02 INFO  ProfileMatch              :         release-date:  --
18:32:02 INFO  ProfileMatch              :     lib root package: "android.support"
18:32:02 INFO  ProfileMatch              : 
18:32:02 INFO  ProfileMatch              :                 name: com.android.support::localbroadcastmanager
18:32:02 INFO  ProfileMatch              :             category: Android
18:32:02 INFO  ProfileMatch              :              version: 28.0.0
18:32:02 INFO  ProfileMatch              :         release-date:  --
18:32:02 INFO  ProfileMatch              :     lib root package: "android.support.v4.content"
18:32:02 INFO  ProfileMatch              : 
18:32:02 INFO  ProfileMatch              :                 name: com.android.support::versionedparcelable
18:32:02 INFO  ProfileMatch              :             category: Android
18:32:02 INFO  ProfileMatch              :              version: 28.0.0
18:32:02 INFO  ProfileMatch              :         release-date:  --
18:32:02 INFO  ProfileMatch              :     lib root package: "androidx.versionedparcelable"
18:32:02 INFO  ProfileMatch              : 
18:32:02 INFO  ProfileMatch              :                 name: com.android.support::appcompat-v7
18:32:02 INFO  ProfileMatch              :             category: Android
18:32:02 INFO  ProfileMatch              :              version: 28.0.0
18:32:02 INFO  ProfileMatch              :         release-date:  --
18:32:02 INFO  ProfileMatch              :     lib root package: "android.support.v7"
18:32:02 INFO  ProfileMatch              : 
18:32:02 INFO  ProfileMatch              :                 name: com.android.support.constraint::constraint-layout
18:32:02 INFO  ProfileMatch              :             category: Android
18:32:02 INFO  ProfileMatch              :              version: 2.0.3  [OLD VERSION]
18:32:02 INFO  ProfileMatch              :         release-date:  --
18:32:02 INFO  ProfileMatch              :     lib root package: "android.support.constraint"
18:32:02 INFO  ProfileMatch              : 
18:32:02 INFO  ProfileMatch              :                 name: com.android.support.constraint::constraint-layout
18:32:02 INFO  ProfileMatch              :             category: Android
18:32:02 INFO  ProfileMatch              :              version: 2.0.4
18:32:02 INFO  ProfileMatch              :         release-date:  --
18:32:02 INFO  ProfileMatch              :     lib root package: "android.support.constraint"
18:32:02 INFO  ProfileMatch              : 
18:32:02 INFO  ProfileMatch              :                 name: com.android.support::customview
18:32:02 INFO  ProfileMatch              :             category: Android
18:32:02 INFO  ProfileMatch              :              version: 28.0.0
18:32:02 INFO  ProfileMatch              :         release-date:  --
18:32:02 INFO  ProfileMatch              :     lib root package: "android.support.v4"
18:32:02 INFO  ProfileMatch              : 
18:32:02 INFO  ProfileMatch              :                 name: androidx.print::print
18:32:02 INFO  ProfileMatch              :             category: Android
18:32:02 INFO  ProfileMatch              :              version: 1.0.0
18:32:02 INFO  ProfileMatch              :         release-date:  --
18:32:02 INFO  ProfileMatch              :     lib root package: "androidx.print"  (in app: "android.support.v4.print")
18:32:02 INFO  ProfileMatch              : 
18:32:02 INFO  ProfileMatch              :                 name: com.android.support::support-core-utils
18:32:02 INFO  ProfileMatch              :             category: Android
18:32:02 INFO  ProfileMatch              :              version: 28.0.0
18:32:02 INFO  ProfileMatch              :         release-date:  --
18:32:02 INFO  ProfileMatch              :     lib root package: "android.support.v4.content"
18:32:02 INFO  ProfileMatch              : 
18:32:02 INFO  ProfileMatch              :                 name: com.android.support::support-annotations
18:32:02 INFO  ProfileMatch              :             category: Android
18:32:02 INFO  ProfileMatch              :              version: 28.0.0
18:32:02 INFO  ProfileMatch              :         release-date:  --
18:32:02 INFO  ProfileMatch              :     lib root package: "android.support.annotation"
18:32:02 INFO  ProfileMatch              : 
18:32:02 INFO  ProfileMatch              :                 name: com.android.support::print
18:32:02 INFO  ProfileMatch              :             category: Android
18:32:02 INFO  ProfileMatch              :              version: 28.0.0
18:32:02 INFO  ProfileMatch              :         release-date:  --
18:32:02 INFO  ProfileMatch              :     lib root package: "android.support.v4.print"
18:32:02 INFO  ProfileMatch              : 
18:32:02 INFO  ProfileMatch              :                 name: com.android.support::design
18:32:02 INFO  ProfileMatch              :             category: Android
18:32:02 INFO  ProfileMatch              :              version: 28.0.0
18:32:02 INFO  ProfileMatch              :         release-date:  --
18:32:02 INFO  ProfileMatch              :     lib root package: "android.support.design"  (in app: "android.support.design")
18:32:02 INFO  ProfileMatch              : 
18:32:02 INFO  ProfileMatch              :                 name: com.android.support.constraint::constraint-layout-solver
18:32:02 INFO  ProfileMatch              :             category: Android
18:32:02 INFO  ProfileMatch              :              version: 2.0.3  [OLD VERSION]
18:32:02 INFO  ProfileMatch              :         release-date:  --
18:32:02 INFO  ProfileMatch              :     lib root package: "android.support.constraint.solver"
18:32:02 INFO  ProfileMatch              : 
18:32:02 INFO  ProfileMatch              :                 name: com.android.support.constraint::constraint-layout-solver
18:32:02 INFO  ProfileMatch              :             category: Android
18:32:02 INFO  ProfileMatch              :              version: 2.0.4
18:32:02 INFO  ProfileMatch              :         release-date:  --
18:32:02 INFO  ProfileMatch              :     lib root package: "android.support.constraint.solver"
18:32:02 INFO  ProfileMatch              : 
18:32:02 INFO  ProfileMatch              :                 name: com.android.support::support-compat
18:32:02 INFO  ProfileMatch              :             category: Android
18:32:02 INFO  ProfileMatch              :              version: 28.0.0
18:32:02 INFO  ProfileMatch              :         release-date:  --
18:32:02 INFO  ProfileMatch              :     lib root package: "android.support"
18:32:02 INFO  ProfileMatch              : 
18:32:02 INFO  ProfileMatch              :                 name: com.android.support::support-media-compat
18:32:02 INFO  ProfileMatch              :             category: Android
18:32:02 INFO  ProfileMatch              :              version: 28.0.0
18:32:02 INFO  ProfileMatch              :         release-date:  --
18:32:02 INFO  ProfileMatch              :     lib root package: "android.support.v4.media"
18:32:02 INFO  ProfileMatch              : 
18:32:02 INFO  ProfileMatch              :                 name: android.arch.core::common
18:32:02 INFO  ProfileMatch              :             category: Android
18:32:02 INFO  ProfileMatch              :              version: 1.0.0  [OLD VERSION]
18:32:02 INFO  ProfileMatch              :         release-date:  --
18:32:02 INFO  ProfileMatch              :     lib root package: "android.arch.core.internal"
18:32:02 INFO  ProfileMatch              : 
18:32:02 INFO  ProfileMatch              :                 name: android.arch.core::common
18:32:02 INFO  ProfileMatch              :             category: Android
18:32:02 INFO  ProfileMatch              :              version: 1.1.0  [OLD VERSION]
18:32:02 INFO  ProfileMatch              :         release-date:  --
18:32:02 INFO  ProfileMatch              :     lib root package: "android.arch.core.internal"
18:32:02 INFO  ProfileMatch              : 
18:32:02 INFO  ProfileMatch              :                 name: android.arch.core::common
18:32:02 INFO  ProfileMatch              :             category: Android
18:32:02 INFO  ProfileMatch              :              version: 1.1.1
18:32:02 INFO  ProfileMatch              :         release-date:  --
18:32:02 INFO  ProfileMatch              :     lib root package: "android.arch.core"
18:32:02 INFO  ProfileMatch              : 
18:32:02 INFO  ProfileMatch              :                 name: com.android.support::asynclayoutinflater
18:32:02 INFO  ProfileMatch              :             category: Android
18:32:02 INFO  ProfileMatch              :              version: 28.0.0
18:32:02 INFO  ProfileMatch              :         release-date:  --
18:32:02 INFO  ProfileMatch              :     lib root package: "android.support.v4.view"
18:32:02 INFO  ProfileMatch              : 
18:32:02 INFO  ProfileMatch              :                 name: androidx.versionedparcelable::versionedparcelable  [OLD VERSION]
18:32:02 INFO  ProfileMatch              :             category: Android
18:32:02 INFO  ProfileMatch              :              version: 1.0.0  [OLD VERSION]
18:32:02 INFO  ProfileMatch              :         release-date:  --
18:32:02 INFO  ProfileMatch              :     lib root package: "androidx.versionedparcelable"
18:32:02 INFO  ProfileMatch              : 
18:32:02 INFO  ProfileMatch              :                 name: android.arch.core::runtime
18:32:02 INFO  ProfileMatch              :             category: Android
18:32:02 INFO  ProfileMatch              :              version: 1.0.0  [OLD VERSION]
18:32:02 INFO  ProfileMatch              :         release-date:  --
18:32:02 INFO  ProfileMatch              :     lib root package: "android.arch.core"
18:32:02 INFO  ProfileMatch              : 
18:32:02 INFO  ProfileMatch              :                 name: android.arch.core::runtime
18:32:02 INFO  ProfileMatch              :             category: Android
18:32:02 INFO  ProfileMatch              :              version: 1.1.0  [OLD VERSION]
18:32:02 INFO  ProfileMatch              :         release-date:  --
18:32:02 INFO  ProfileMatch              :     lib root package: "android.arch.core"
18:32:02 INFO  ProfileMatch              : 
18:32:02 INFO  ProfileMatch              :                 name: android.arch.core::runtime
18:32:02 INFO  ProfileMatch              :             category: Android
18:32:02 INFO  ProfileMatch              :              version: 1.1.1
18:32:02 INFO  ProfileMatch              :         release-date:  --
18:32:02 INFO  ProfileMatch              :     lib root package: "android.arch.core.executor"
18:32:02 INFO  ProfileMatch              : 
18:32:02 INFO  ProfileMatch              :                 name: com.android.support::recyclerview-v7
18:32:02 INFO  ProfileMatch              :             category: Android
18:32:02 INFO  ProfileMatch              :              version: 28.0.0
18:32:02 INFO  ProfileMatch              :         release-date:  --
18:32:02 INFO  ProfileMatch              :     lib root package: "android.support.v7"
18:32:02 INFO  ProfileMatch              : 
18:32:02 INFO  ProfileMatch              :                 name: com.android.support::support-core-ui
18:32:02 INFO  ProfileMatch              :             category: Android
18:32:02 INFO  ProfileMatch              :              version: 28.0.0
18:32:02 INFO  ProfileMatch              :         release-date:  --
18:32:02 INFO  ProfileMatch              :     lib root package: "android.support.v4"
18:32:02 INFO  ProfileMatch              : 
18:32:02 INFO  ProfileMatch              :                 name: com.android.support::viewpager
18:32:02 INFO  ProfileMatch              :             category: Android
18:32:02 INFO  ProfileMatch              :              version: 28.0.0
18:32:02 INFO  ProfileMatch              :         release-date:  --
18:32:02 INFO  ProfileMatch              :     lib root package: "android.support.v4.view"
18:32:02 INFO  ProfileMatch              : 
18:32:02 INFO  ProfileMatch              :                 name: com.android.support::cardview-v7
18:32:02 INFO  ProfileMatch              :             category: Android
18:32:02 INFO  ProfileMatch              :              version: 27.1.0  [OLD VERSION]
18:32:02 INFO  ProfileMatch              :         release-date:  --
18:32:02 INFO  ProfileMatch              :     lib root package: "android.support.v7.widget"
18:32:02 INFO  ProfileMatch              : 
18:32:02 INFO  ProfileMatch              :                 name: com.android.support::cardview-v7
18:32:02 INFO  ProfileMatch              :             category: Android
18:32:02 INFO  ProfileMatch              :              version: 27.1.1  [OLD VERSION]
18:32:02 INFO  ProfileMatch              :         release-date:  --
18:32:02 INFO  ProfileMatch              :     lib root package: "android.support.v7.widget"
18:32:02 INFO  ProfileMatch              : 
18:32:02 INFO  ProfileMatch              :                 name: com.android.support::cardview-v7
18:32:02 INFO  ProfileMatch              :             category: Android
18:32:02 INFO  ProfileMatch              :              version: 28.0.0
18:32:02 INFO  ProfileMatch              :         release-date:  --
18:32:02 INFO  ProfileMatch              :     lib root package: "android.support.v7.widget"
18:32:02 INFO  ProfileMatch              : 
18:32:03 INFO  LibraryIdentifier         : 
18:32:03 INFO  LibraryIdentifier         : - Partial library matches:
18:32:03 INFO  LibraryIdentifier         :                 name: androidx.arch.core::core-common
18:32:03 INFO  LibraryIdentifier         :             category: Android
18:32:03 INFO  LibraryIdentifier         :              version: 2.1.0
18:32:03 INFO  LibraryIdentifier         :         release-date:  --
18:32:03 INFO  LibraryIdentifier         :     lib root package: "androidx.arch.core"
18:32:03 INFO  LibraryIdentifier         :         Partial matching results:
18:32:03 INFO  LibraryIdentifier         :              - config: Hashing.md5() | Flags: no-flag | Keep: PN | Prune: MSIG   score: 0.875
18:32:03 INFO  LibraryIdentifier         : 
18:32:03 INFO  LibraryIdentifier         :                 name: androidx.interpolator::interpolator
18:32:03 INFO  LibraryIdentifier         :             category: Android
18:32:03 INFO  LibraryIdentifier         :              version: 1.0.0
18:32:03 INFO  LibraryIdentifier         :         release-date:  --
18:32:03 INFO  LibraryIdentifier         :     lib root package: "androidx.interpolator.view.animation"
18:32:03 INFO  LibraryIdentifier         :         Partial matching results:
18:32:03 INFO  LibraryIdentifier         :              - config: Hashing.md5() | Flags: no-flag | Keep: PN | Prune: MSIG   score: 0.75
18:32:03 INFO  LibraryIdentifier         : 
18:32:03 INFO  LibraryIdentifier         : 
18:32:03 INFO  LibraryIdentifier         : App processing time: 33 sec, 324 ms
