22:59:24 INFO  LibraryIdentifier         : Process app: hans.b.skewy1_0_1.apk
22:59:24 INFO  LibraryIdentifier         : = Manifest Parser =
22:59:24 INFO  LibraryIdentifier         :         Package name: hans.b.skewy1_0
22:59:24 INFO  LibraryIdentifier         :         Version code: 1
22:59:24 INFO  LibraryIdentifier         :        minSdkVersion: 17
22:59:24 INFO  LibraryIdentifier         :     targetSdkVersion: 28
22:59:24 INFO  LibraryIdentifier         :         SharedUserId:  - none -
22:59:24 INFO  LibraryIdentifier         :     Library dependencies:  - none -
22:59:24 INFO  LibraryIdentifier         : 
22:59:24 INFO  LibraryIdentifier         : Found 402 unique libraries in 12405 library profiles
22:59:25 INFO  LibraryIdentifier         : Generated class hierarchy (in 983 ms)
22:59:26 INFO  WalaUtils                 : 
22:59:26 INFO  WalaUtils                 : = ClassHierarchy Stats =
22:59:26 INFO  WalaUtils                 :     # of classes: 2323
22:59:26 INFO  WalaUtils                 :     # thereof inner classes: 1412
22:59:26 INFO  WalaUtils                 :     # thereof public classes: 1138
22:59:26 INFO  WalaUtils                 :         Activity : 4
22:59:26 INFO  WalaUtils                 :         Application : 1
22:59:26 INFO  WalaUtils                 :         AsyncTask : 10
22:59:26 INFO  WalaUtils                 :         BroadcastReceiver : 4
22:59:26 INFO  WalaUtils                 :         ContentProvider : 2
22:59:26 INFO  WalaUtils                 :         Fragment : 1
22:59:26 INFO  WalaUtils                 :         Handler : 10
22:59:26 INFO  WalaUtils                 :         LayoutContainer : 69
22:59:26 INFO  WalaUtils                 :         Plain : 2176
22:59:26 INFO  WalaUtils                 :         Runnable : 0
22:59:26 INFO  WalaUtils                 :         Service : 10
22:59:26 INFO  WalaUtils                 :         Thread : 1
22:59:26 INFO  WalaUtils                 :         View : 35
22:59:26 INFO  WalaUtils                 :     # methods: 19110
22:59:26 INFO  WalaUtils                 :         # of publicly accessible methods: 13503
22:59:26 INFO  WalaUtils                 :         # of non-accessible methods: 5607
22:59:26 INFO  WalaUtils                 : 
22:59:26 INFO  Profile                   : = PackageTree =
22:59:26 INFO  PackageTree               : Root Package: androidx
22:59:26 INFO  PackageTree               : └── Root
22:59:26 INFO  PackageTree               :     ├── androidx
22:59:26 INFO  PackageTree               :     │   ├── slidingpanelayout
22:59:26 INFO  PackageTree               :     │   │   └── widget (9)
22:59:26 INFO  PackageTree               :     │   ├── core
22:59:26 INFO  PackageTree               :     │   │   ├── view (64)
22:59:26 INFO  PackageTree               :     │   │   │   ├── accessibility (17)
22:59:26 INFO  PackageTree               :     │   │   │   ├── inputmethod (9)
22:59:26 INFO  PackageTree               :     │   │   │   └── animation (2)
22:59:26 INFO  PackageTree               :     │   │   ├── provider (28)
22:59:26 INFO  PackageTree               :     │   │   ├── app (85)
22:59:26 INFO  PackageTree               :     │   │   ├── hardware
22:59:26 INFO  PackageTree               :     │   │   │   ├── fingerprint (5)
22:59:26 INFO  PackageTree               :     │   │   │   └── display (1)
22:59:26 INFO  PackageTree               :     │   │   ├── content (13)
22:59:26 INFO  PackageTree               :     │   │   │   ├── res (17)
22:59:26 INFO  PackageTree               :     │   │   │   └── pm (9)
22:59:26 INFO  PackageTree               :     │   │   ├── graphics (18)
22:59:26 INFO  PackageTree               :     │   │   │   └── drawable (15)
22:59:26 INFO  PackageTree               :     │   │   ├── widget (26)
22:59:26 INFO  PackageTree               :     │   │   ├── os (19)
22:59:26 INFO  PackageTree               :     │   │   ├── util (13)
22:59:26 INFO  PackageTree               :     │   │   ├── internal
22:59:26 INFO  PackageTree               :     │   │   │   └── view (3)
22:59:26 INFO  PackageTree               :     │   │   ├── text (19)
22:59:26 INFO  PackageTree               :     │   │   │   └── util (6)
22:59:26 INFO  PackageTree               :     │   │   ├── accessibilityservice (1)
22:59:26 INFO  PackageTree               :     │   │   ├── database (2)
22:59:26 INFO  PackageTree               :     │   │   │   └── sqlite (1)
22:59:26 INFO  PackageTree               :     │   │   ├── math (1)
22:59:26 INFO  PackageTree               :     │   │   └── net (5)
22:59:26 INFO  PackageTree               :     │   ├── documentfile
22:59:26 INFO  PackageTree               :     │   │   └── provider (5)
22:59:26 INFO  PackageTree               :     │   ├── fragment
22:59:26 INFO  PackageTree               :     │   │   └── app (75)
22:59:26 INFO  PackageTree               :     │   ├── annotation (59)
22:59:26 INFO  PackageTree               :     │   ├── appcompat
22:59:26 INFO  PackageTree               :     │   │   ├── widget (187)
22:59:26 INFO  PackageTree               :     │   │   ├── graphics
22:59:26 INFO  PackageTree               :     │   │   │   └── drawable (16)
22:59:26 INFO  PackageTree               :     │   │   ├── app (80)
22:59:26 INFO  PackageTree               :     │   │   ├── view (14)
22:59:26 INFO  PackageTree               :     │   │   │   └── menu (48)
22:59:26 INFO  PackageTree               :     │   │   ├── content
22:59:26 INFO  PackageTree               :     │   │   │   └── res (2)
22:59:26 INFO  PackageTree               :     │   │   └── text (1)
22:59:26 INFO  PackageTree               :     │   ├── recyclerview
22:59:26 INFO  PackageTree               :     │   │   └── widget (173)
22:59:26 INFO  PackageTree               :     │   ├── legacy
22:59:26 INFO  PackageTree               :     │   │   ├── app (5)
22:59:26 INFO  PackageTree               :     │   │   ├── widget (1)
22:59:26 INFO  PackageTree               :     │   │   └── content (1)
22:59:26 INFO  PackageTree               :     │   ├── room (75)
22:59:26 INFO  PackageTree               :     │   │   ├── util (11)
22:59:26 INFO  PackageTree               :     │   │   ├── migration (1)
22:59:26 INFO  PackageTree               :     │   │   └── paging (2)
22:59:26 INFO  PackageTree               :     │   ├── transition (132)
22:59:26 INFO  PackageTree               :     │   ├── viewpager
22:59:26 INFO  PackageTree               :     │   │   └── widget (24)
22:59:26 INFO  PackageTree               :     │   ├── media (78)
22:59:26 INFO  PackageTree               :     │   │   ├── app (3)
22:59:26 INFO  PackageTree               :     │   │   └── session (2)
22:59:26 INFO  PackageTree               :     │   ├── cursoradapter
22:59:26 INFO  PackageTree               :     │   │   └── widget (9)
22:59:26 INFO  PackageTree               :     │   ├── swiperefreshlayout
22:59:26 INFO  PackageTree               :     │   │   └── widget (18)
22:59:26 INFO  PackageTree               :     │   ├── coordinatorlayout
22:59:26 INFO  PackageTree               :     │   │   └── widget (14)
22:59:26 INFO  PackageTree               :     │   ├── loader
22:59:26 INFO  PackageTree               :     │   │   ├── app (7)
22:59:26 INFO  PackageTree               :     │   │   └── content (15)
22:59:26 INFO  PackageTree               :     │   ├── constraintlayout
22:59:26 INFO  PackageTree               :     │   │   ├── solver (12)
22:59:26 INFO  PackageTree               :     │   │   │   └── widgets (28)
22:59:26 INFO  PackageTree               :     │   │   └── widget (12)
22:59:26 INFO  PackageTree               :     │   ├── arch
22:59:26 INFO  PackageTree               :     │   │   └── core
22:59:26 INFO  PackageTree               :     │   │       ├── executor (6)
22:59:26 INFO  PackageTree               :     │   │       ├── internal (8)
22:59:26 INFO  PackageTree               :     │   │       └── util (1)
22:59:26 INFO  PackageTree               :     │   ├── vectordrawable
22:59:26 INFO  PackageTree               :     │   │   └── graphics
22:59:26 INFO  PackageTree               :     │   │       └── drawable (24)
22:59:26 INFO  PackageTree               :     │   ├── lifecycle (62)
22:59:26 INFO  PackageTree               :     │   ├── customview
22:59:26 INFO  PackageTree               :     │   │   ├── widget (12)
22:59:26 INFO  PackageTree               :     │   │   └── view (3)
22:59:26 INFO  PackageTree               :     │   ├── cardview
22:59:26 INFO  PackageTree               :     │   │   └── widget (12)
22:59:26 INFO  PackageTree               :     │   ├── versionedparcelable (15)
22:59:26 INFO  PackageTree               :     │   ├── print (7)
22:59:26 INFO  PackageTree               :     │   ├── sqlite
22:59:26 INFO  PackageTree               :     │   │   └── db (11)
22:59:26 INFO  PackageTree               :     │   │       └── framework (9)
22:59:26 INFO  PackageTree               :     │   ├── collection (17)
22:59:26 INFO  PackageTree               :     │   ├── drawerlayout
22:59:26 INFO  PackageTree               :     │   │   └── widget (11)
22:59:26 INFO  PackageTree               :     │   ├── asynclayoutinflater
22:59:26 INFO  PackageTree               :     │   │   └── view (6)
22:59:26 INFO  PackageTree               :     │   ├── localbroadcastmanager
22:59:26 INFO  PackageTree               :     │   │   └── content (4)
22:59:26 INFO  PackageTree               :     │   └── interpolator
22:59:26 INFO  PackageTree               :     │       └── view
22:59:26 INFO  PackageTree               :     │           └── animation (4)
22:59:26 INFO  PackageTree               :     ├── hans
22:59:26 INFO  PackageTree               :     │   └── b
22:59:26 INFO  PackageTree               :     │       └── skewy1_0 (44)
22:59:26 INFO  PackageTree               :     │           └── ui
22:59:26 INFO  PackageTree               :     │               └── main (64)
22:59:26 INFO  PackageTree               :     │                   └── Dialogs (38)
22:59:26 INFO  PackageTree               :     ├── android
22:59:26 INFO  PackageTree               :     │   └── support
22:59:26 INFO  PackageTree               :     │       └── v4
22:59:26 INFO  PackageTree               :     │           ├── media (75)
22:59:26 INFO  PackageTree               :     │           │   └── session (92)
22:59:26 INFO  PackageTree               :     │           ├── os (7)
22:59:26 INFO  PackageTree               :     │           ├── app (3)
22:59:26 INFO  PackageTree               :     │           └── graphics
22:59:26 INFO  PackageTree               :     │               └── drawable (1)
22:59:26 INFO  PackageTree               :     └── com
22:59:26 INFO  PackageTree               :         └── google
22:59:26 INFO  PackageTree               :             └── android
22:59:26 INFO  PackageTree               :                 └── material
22:59:26 INFO  PackageTree               :                     ├── snackbar (34)
22:59:26 INFO  PackageTree               :                     ├── internal (41)
22:59:26 INFO  PackageTree               :                     ├── bottomnavigation (14)
22:59:26 INFO  PackageTree               :                     ├── appbar (25)
22:59:26 INFO  PackageTree               :                     ├── tabs (17)
22:59:26 INFO  PackageTree               :                     ├── behavior (6)
22:59:26 INFO  PackageTree               :                     ├── transformation (15)
22:59:26 INFO  PackageTree               :                     ├── bottomappbar (13)
22:59:26 INFO  PackageTree               :                     ├── floatingactionbutton (19)
22:59:26 INFO  PackageTree               :                     ├── chip (12)
22:59:26 INFO  PackageTree               :                     ├── bottomsheet (14)
22:59:26 INFO  PackageTree               :                     ├── shape (14)
22:59:26 INFO  PackageTree               :                     ├── textfield (12)
22:59:26 INFO  PackageTree               :                     ├── shadow (2)
22:59:26 INFO  PackageTree               :                     ├── resources (4)
22:59:26 INFO  PackageTree               :                     ├── animation (10)
22:59:26 INFO  PackageTree               :                     ├── circularreveal (14)
22:59:26 INFO  PackageTree               :                     │   ├── coordinatorlayout (1)
22:59:26 INFO  PackageTree               :                     │   └── cardview (1)
22:59:26 INFO  PackageTree               :                     ├── expandable (3)
22:59:26 INFO  PackageTree               :                     ├── math (1)
22:59:26 INFO  PackageTree               :                     ├── theme (1)
22:59:26 INFO  PackageTree               :                     ├── navigation (5)
22:59:26 INFO  PackageTree               :                     ├── stateful (2)
22:59:26 INFO  PackageTree               :                     ├── drawable (1)
22:59:26 INFO  PackageTree               :                     ├── button (4)
22:59:26 INFO  PackageTree               :                     ├── card (2)
22:59:26 INFO  PackageTree               :                     ├── ripple (1)
22:59:26 INFO  PackageTree               :                     └── canvas (1)
22:59:26 INFO  Profile                   : 
22:59:26 INFO  AppProfile                : - generated app package tree (in 49 ms)
22:59:26 INFO  AppProfile                : 
22:59:26 DEBUG HashTree                  : Generate hash tree..
22:59:26 DEBUG HashTree                  :     - generated 110 package hashes.
22:59:26 DEBUG HashTree                  :     - generated 2185 clazz hashes.
22:59:26 DEBUG HashTree                  :     - generated 19110 method hashes.
22:59:26 DEBUG HashTree                  :     => Library Hash: 630930f74e7c4b04f51ceb2ec953a656
22:59:26 INFO  AppProfile                : - generated app hash trees (in 530 ms)
22:59:26 INFO  AppProfile                : 
22:59:26 INFO  LibraryIdentifier         : = Scan for library root packages (heuristic) =
22:59:26 INFO  LibraryIdentifier         :     - Found lib root package androidx.annotation  (androidx.annotation::annotation)
22:59:26 INFO  LibraryIdentifier         :     - Found lib root package androidx.appcompat  (androidx.appcompat::appcompat)
22:59:26 INFO  LibraryIdentifier         :     - Found lib root package androidx.arch.core  (androidx.arch.core::core-common)
22:59:26 INFO  LibraryIdentifier         :     - Found lib root package androidx.arch.core.executor  (androidx.arch.core::core-runtime)
22:59:26 INFO  LibraryIdentifier         :     - Found lib root package androidx.asynclayoutinflater.view  (androidx.asynclayoutinflater::asynclayoutinflater)
22:59:26 INFO  LibraryIdentifier         :     - Found lib root package androidx.cardview.widget  (androidx.cardview::cardview)
22:59:26 INFO  LibraryIdentifier         :     - Found lib root package androidx.collection  (androidx.collection::collection)
22:59:26 INFO  LibraryIdentifier         :     - Found lib root package androidx.collection  (androidx.collection::collection-ktx)
22:59:26 INFO  LibraryIdentifier         :     - Found lib root package androidx.constraintlayout.widget  (androidx.constraintlayout::constraintlayout)
22:59:26 INFO  LibraryIdentifier         :     - Found lib root package androidx.constraintlayout.solver  (androidx.constraintlayout::constraintlayout-solver)
22:59:26 INFO  LibraryIdentifier         :     - Found lib root package androidx.coordinatorlayout.widget  (androidx.coordinatorlayout::coordinatorlayout)
22:59:26 INFO  LibraryIdentifier         :     - Found lib root package androidx.core  (androidx.core::core)
22:59:26 INFO  LibraryIdentifier         :     - Found lib root package androidx  (androidx.core::core-ktx)
22:59:26 INFO  LibraryIdentifier         :     - Found lib root package androidx.cursoradapter.widget  (androidx.cursoradapter::cursoradapter)
22:59:26 INFO  LibraryIdentifier         :     - Found lib root package androidx.customview  (androidx.customview::customview)
22:59:26 INFO  LibraryIdentifier         :     - Found lib root package androidx.documentfile.provider  (androidx.documentfile::documentfile)
22:59:26 INFO  LibraryIdentifier         :     - Found lib root package androidx.drawerlayout.widget  (androidx.drawerlayout::drawerlayout)
22:59:26 INFO  LibraryIdentifier         :     - Found lib root package androidx.fragment.app  (androidx.fragment::fragment)
22:59:26 INFO  LibraryIdentifier         :     - Found lib root package androidx.fragment.app  (androidx.fragment::fragment-ktx)
22:59:26 INFO  LibraryIdentifier         :     - Found lib root package androidx.interpolator.view.animation  (androidx.interpolator::interpolator)
22:59:26 INFO  LibraryIdentifier         :     - Found lib root package androidx.legacy  (androidx.legacy::legacy-support-core-ui)
22:59:26 INFO  LibraryIdentifier         :     - Found lib root package androidx.legacy.content  (androidx.legacy::legacy-support-core-utils)
22:59:26 INFO  LibraryIdentifier         :     - Found lib root package androidx.legacy  (androidx.legacy::legacy-support-v13)
22:59:26 INFO  LibraryIdentifier         :     - Found lib root package androidx.lifecycle  (androidx.lifecycle::lifecycle-common)
22:59:26 INFO  LibraryIdentifier         :     - Found lib root package androidx.lifecycle  (androidx.lifecycle::lifecycle-common-java8)
22:59:26 INFO  LibraryIdentifier         :     - Found lib root package androidx.lifecycle  (androidx.lifecycle::lifecycle-compiler)
22:59:26 INFO  LibraryIdentifier         :     - Found lib root package androidx.lifecycle  (androidx.lifecycle::lifecycle-extensions)
22:59:26 INFO  LibraryIdentifier         :     - Found lib root package androidx.lifecycle  (androidx.lifecycle::lifecycle-livedata)
22:59:26 INFO  LibraryIdentifier         :     - Found lib root package androidx.lifecycle  (androidx.lifecycle::lifecycle-livedata-core)
22:59:26 INFO  LibraryIdentifier         :     - Found lib root package androidx.lifecycle  (androidx.lifecycle::lifecycle-process)
22:59:26 INFO  LibraryIdentifier         :     - Found lib root package androidx.lifecycle  (androidx.lifecycle::lifecycle-reactivestreams)
22:59:26 INFO  LibraryIdentifier         :     - Found lib root package androidx.lifecycle  (androidx.lifecycle::lifecycle-reactivestreams-ktx)
22:59:26 INFO  LibraryIdentifier         :     - Found lib root package androidx.lifecycle  (androidx.lifecycle::lifecycle-runtime)
22:59:26 INFO  LibraryIdentifier         :     - Found lib root package androidx.lifecycle  (androidx.lifecycle::lifecycle-service)
22:59:26 INFO  LibraryIdentifier         :     - Found lib root package androidx.lifecycle  (androidx.lifecycle::lifecycle-viewmodel)
22:59:26 INFO  LibraryIdentifier         :     - Found lib root package androidx.lifecycle  (androidx.lifecycle::lifecycle-viewmodel-ktx)
22:59:26 INFO  LibraryIdentifier         :     - Found lib root package androidx.loader  (androidx.loader::loader)
22:59:26 INFO  LibraryIdentifier         :     - Found lib root package androidx.localbroadcastmanager.content  (androidx.localbroadcastmanager::localbroadcastmanager)
22:59:26 INFO  LibraryIdentifier         :     - Found lib root package android.support.v4.media  (androidx.media::media)
22:59:26 INFO  LibraryIdentifier         :     - Found lib root package androidx.print  (androidx.print::print)
22:59:26 INFO  LibraryIdentifier         :     - Found lib root package androidx.recyclerview.widget  (androidx.recyclerview::recyclerview)
22:59:26 INFO  LibraryIdentifier         :     - Found lib root package androidx.room  (androidx.room::room-common)
22:59:26 INFO  LibraryIdentifier         :     - Found lib root package androidx.room  (androidx.room::room-compiler)
22:59:26 INFO  LibraryIdentifier         :     - Found lib root package androidx.room  (androidx.room::room-runtime)
22:59:26 INFO  LibraryIdentifier         :     - Found lib root package androidx.room  (androidx.room::room-rxjava2)
22:59:26 INFO  LibraryIdentifier         :     - Found lib root package androidx.slidingpanelayout.widget  (androidx.slidingpanelayout::slidingpanelayout)
22:59:26 INFO  LibraryIdentifier         :     - Found lib root package androidx.sqlite.db  (androidx.sqlite::sqlite)
22:59:26 INFO  LibraryIdentifier         :     - Found lib root package androidx.sqlite.db.framework  (androidx.sqlite::sqlite-framework)
22:59:26 INFO  LibraryIdentifier         :     - Found lib root package androidx.sqlite.db  (androidx.sqlite::sqlite-ktx)
22:59:26 INFO  LibraryIdentifier         :     - Found lib root package androidx.swiperefreshlayout.widget  (androidx.swiperefreshlayout::swiperefreshlayout)
22:59:26 INFO  LibraryIdentifier         :     - Found lib root package androidx.transition  (androidx.transition::transition)
22:59:26 INFO  LibraryIdentifier         :     - Found lib root package androidx.vectordrawable.graphics.drawable  (androidx.vectordrawable::vectordrawable)
22:59:26 INFO  LibraryIdentifier         :     - Found lib root package androidx.vectordrawable.graphics.drawable  (androidx.vectordrawable::vectordrawable-animated)
22:59:26 INFO  LibraryIdentifier         :     - Found lib root package androidx.versionedparcelable  (androidx.versionedparcelable::versionedparcelable)
22:59:26 INFO  LibraryIdentifier         :     - Found lib root package androidx.viewpager.widget  (androidx.viewpager::viewpager)
22:59:26 INFO  LibraryIdentifier         :     - Found lib root package android.support.v4  (com.android.support::customview)
22:59:26 INFO  LibraryIdentifier         :     - Found lib root package android.support.v4  (com.android.support::loader)
22:59:26 INFO  LibraryIdentifier         :     - Found lib root package android.support.v4  (com.android.support::support-compat)
22:59:26 INFO  LibraryIdentifier         :     - Found lib root package android.support.v4  (com.android.support::support-core-ui)
22:59:26 INFO  LibraryIdentifier         :     - Found lib root package android.support.v4  (com.android.support::support-core-utils)
22:59:26 INFO  LibraryIdentifier         :     - Found lib root package android.support.v4.app  (com.android.support::support-fragment)
22:59:26 INFO  LibraryIdentifier         :     - Found lib root package android.support.v4.media  (com.android.support::support-media-compat)
22:59:26 INFO  LibraryIdentifier         :     - Found lib root package android.support.v4  (com.android.support::support-v4)
22:59:26 INFO  LibraryIdentifier         :     - Found lib root package androidx.versionedparcelable  (com.android.support::versionedparcelable)
22:59:26 INFO  LibraryIdentifier         :     - Found lib root package com.google.android.material  (com.google.android.material::material)
22:59:26 INFO  LibraryIdentifier         : 
22:59:26 INFO  LibraryIdentifier         : = Match profiles =
22:59:49 INFO  LibraryIdentifier         :     >> profile matching done (22 sec, 335 ms)
22:59:49 INFO  LibraryIdentifier         : 
22:59:49 INFO  LibraryIdentifier         : == Report ==
22:59:49 INFO  LibraryIdentifier         : - Full library matches:
22:59:49 INFO  ProfileMatch              :                 name: androidx.customview::customview
22:59:49 INFO  ProfileMatch              :             category: Android
22:59:49 INFO  ProfileMatch              :              version: 1.0.0  [OLD VERSION]
22:59:49 INFO  ProfileMatch              :         release-date:  --
22:59:49 INFO  ProfileMatch              :     lib root package: "androidx.customview"
22:59:49 INFO  ProfileMatch              : 
22:59:49 INFO  ProfileMatch              :                 name: androidx.appcompat::appcompat
22:59:49 INFO  ProfileMatch              :             category: Android
22:59:49 INFO  ProfileMatch              :              version: 1.0.0  [OLD VERSION]
22:59:49 INFO  ProfileMatch              :         release-date:  --
22:59:49 INFO  ProfileMatch              :     lib root package: "androidx.appcompat"
22:59:49 INFO  ProfileMatch              : 
22:59:49 INFO  ProfileMatch              :                 name: androidx.appcompat::appcompat
22:59:49 INFO  ProfileMatch              :             category: Android
22:59:49 INFO  ProfileMatch              :              version: 1.0.1  [OLD VERSION]
22:59:49 INFO  ProfileMatch              :         release-date:  --
22:59:49 INFO  ProfileMatch              :     lib root package: "androidx.appcompat"
22:59:49 INFO  ProfileMatch              : 
22:59:49 INFO  ProfileMatch              :                 name: androidx.appcompat::appcompat
22:59:49 INFO  ProfileMatch              :             category: Android
22:59:49 INFO  ProfileMatch              :              version: 1.0.2  [OLD VERSION]
22:59:49 INFO  ProfileMatch              :         release-date:  --
22:59:49 INFO  ProfileMatch              :     lib root package: "androidx.appcompat"
22:59:49 INFO  ProfileMatch              : 
22:59:49 INFO  ProfileMatch              :                 name: androidx.cursoradapter::cursoradapter
22:59:49 INFO  ProfileMatch              :             category: Android
22:59:49 INFO  ProfileMatch              :              version: 1.0.0
22:59:49 INFO  ProfileMatch              :         release-date:  --
22:59:49 INFO  ProfileMatch              :     lib root package: "androidx.cursoradapter.widget"
22:59:49 INFO  ProfileMatch              : 
22:59:49 INFO  ProfileMatch              :                 name: androidx.room::room-common
22:59:49 INFO  ProfileMatch              :             category: Android
22:59:49 INFO  ProfileMatch              :              version: 2.1.0  [OLD VERSION]
22:59:49 INFO  ProfileMatch              :         release-date:  --
22:59:49 INFO  ProfileMatch              :     lib root package: "androidx.room"
22:59:49 INFO  ProfileMatch              : 
22:59:49 INFO  ProfileMatch              :                 name: androidx.recyclerview::recyclerview
22:59:49 INFO  ProfileMatch              :             category: Android
22:59:49 INFO  ProfileMatch              :              version: 1.0.0  [OLD VERSION]
22:59:49 INFO  ProfileMatch              :         release-date:  --
22:59:49 INFO  ProfileMatch              :     lib root package: "androidx.recyclerview.widget"
22:59:49 INFO  ProfileMatch              : 
22:59:49 INFO  ProfileMatch              :                 name: com.android.support::loader
22:59:49 INFO  ProfileMatch              :             category: Android
22:59:49 INFO  ProfileMatch              :              version: 28.0.0
22:59:49 INFO  ProfileMatch              :         release-date:  --
22:59:49 INFO  ProfileMatch              :     lib root package: "android.support.v4"  (in app: "androidx.loader")
22:59:49 INFO  ProfileMatch              : 
22:59:49 INFO  ProfileMatch              :                 name: androidx.constraintlayout::constraintlayout-solver
22:59:49 INFO  ProfileMatch              :             category: Android
22:59:49 INFO  ProfileMatch              :              version: 1.1.3  [OLD VERSION]
22:59:49 INFO  ProfileMatch              :         release-date:  --
22:59:49 INFO  ProfileMatch              :     lib root package: "androidx.constraintlayout.solver"
22:59:49 INFO  ProfileMatch              : 
22:59:49 INFO  ProfileMatch              :                 name: com.android.support::collections
22:59:49 INFO  ProfileMatch              :             category: Android
22:59:49 INFO  ProfileMatch              :              version: 28.0.0
22:59:49 INFO  ProfileMatch              :         release-date:  --
22:59:49 INFO  ProfileMatch              :     lib root package: "android.support.v4.util"  (in app: "androidx.collection")
22:59:49 INFO  ProfileMatch              : 
22:59:49 INFO  ProfileMatch              :                 name: androidx.annotation::annotation
22:59:49 INFO  ProfileMatch              :             category: Android
22:59:49 INFO  ProfileMatch              :              version: 1.1.0  [OLD VERSION]
22:59:49 INFO  ProfileMatch              :         release-date:  --
22:59:49 INFO  ProfileMatch              :     lib root package: "androidx.annotation"
22:59:49 INFO  ProfileMatch              : 
22:59:49 INFO  ProfileMatch              :                 name: androidx.coordinatorlayout::coordinatorlayout
22:59:49 INFO  ProfileMatch              :             category: Android
22:59:49 INFO  ProfileMatch              :              version: 1.0.0  [OLD VERSION]
22:59:49 INFO  ProfileMatch              :         release-date:  --
22:59:49 INFO  ProfileMatch              :     lib root package: "androidx.coordinatorlayout.widget"
22:59:49 INFO  ProfileMatch              : 
22:59:49 INFO  ProfileMatch              :                 name: androidx.swiperefreshlayout::swiperefreshlayout
22:59:49 INFO  ProfileMatch              :             category: Android
22:59:49 INFO  ProfileMatch              :              version: 1.0.0  [OLD VERSION]
22:59:49 INFO  ProfileMatch              :         release-date:  --
22:59:49 INFO  ProfileMatch              :     lib root package: "androidx.swiperefreshlayout.widget"
22:59:49 INFO  ProfileMatch              : 
22:59:49 INFO  ProfileMatch              :                 name: com.android.support::localbroadcastmanager
22:59:49 INFO  ProfileMatch              :             category: Android
22:59:49 INFO  ProfileMatch              :              version: 28.0.0
22:59:49 INFO  ProfileMatch              :         release-date:  --
22:59:49 INFO  ProfileMatch              :     lib root package: "android.support.v4.content"  (in app: "androidx.localbroadcastmanager.content")
22:59:49 INFO  ProfileMatch              : 
22:59:49 INFO  ProfileMatch              :                 name: android.arch.persistence::db
22:59:49 INFO  ProfileMatch              :             category: Android
22:59:49 INFO  ProfileMatch              :              version: 1.1.0  [OLD VERSION]
22:59:49 INFO  ProfileMatch              :         release-date:  --
22:59:49 INFO  ProfileMatch              :     lib root package: "android.arch.persistence.db"  (in app: "androidx.sqlite.db")
22:59:49 INFO  ProfileMatch              : 
22:59:49 INFO  ProfileMatch              :                 name: android.arch.persistence::db
22:59:49 INFO  ProfileMatch              :             category: Android
22:59:49 INFO  ProfileMatch              :              version: 1.1.1
22:59:49 INFO  ProfileMatch              :         release-date:  --
22:59:49 INFO  ProfileMatch              :     lib root package: "android.arch.persistence.db"  (in app: "androidx.sqlite.db")
22:59:49 INFO  ProfileMatch              : 
22:59:49 INFO  ProfileMatch              :                 name: com.android.support::versionedparcelable
22:59:49 INFO  ProfileMatch              :             category: Android
22:59:49 INFO  ProfileMatch              :              version: 28.0.0
22:59:49 INFO  ProfileMatch              :         release-date:  --
22:59:49 INFO  ProfileMatch              :     lib root package: "androidx.versionedparcelable"
22:59:49 INFO  ProfileMatch              : 
22:59:49 INFO  ProfileMatch              :                 name: com.android.support::appcompat-v7
22:59:49 INFO  ProfileMatch              :             category: Android
22:59:49 INFO  ProfileMatch              :              version: 28.0.0
22:59:49 INFO  ProfileMatch              :         release-date:  --
22:59:49 INFO  ProfileMatch              :     lib root package: "android.support.v7"  (in app: "androidx.appcompat")
22:59:49 INFO  ProfileMatch              : 
22:59:49 INFO  ProfileMatch              :                 name: androidx.constraintlayout::constraintlayout
22:59:49 INFO  ProfileMatch              :             category: Android
22:59:49 INFO  ProfileMatch              :              version: 1.1.3  [OLD VERSION]
22:59:49 INFO  ProfileMatch              :         release-date:  --
22:59:49 INFO  ProfileMatch              :     lib root package: "androidx.constraintlayout.widget"
22:59:49 INFO  ProfileMatch              : 
22:59:49 INFO  ProfileMatch              :                 name: com.android.support.constraint::constraint-layout
22:59:49 INFO  ProfileMatch              :             category: Android
22:59:49 INFO  ProfileMatch              :              version: 1.1.3  [OLD VERSION]
22:59:49 INFO  ProfileMatch              :         release-date:  --
22:59:49 INFO  ProfileMatch              :     lib root package: "android.support.constraint"  (in app: "androidx.constraintlayout.widget")
22:59:49 INFO  ProfileMatch              : 
22:59:49 INFO  ProfileMatch              :                 name: com.android.support::customview
22:59:49 INFO  ProfileMatch              :             category: Android
22:59:49 INFO  ProfileMatch              :              version: 28.0.0
22:59:49 INFO  ProfileMatch              :         release-date:  --
22:59:49 INFO  ProfileMatch              :     lib root package: "android.support.v4"  (in app: "androidx.customview")
22:59:49 INFO  ProfileMatch              : 
22:59:49 INFO  ProfileMatch              :                 name: com.android.support::drawerlayout
22:59:49 INFO  ProfileMatch              :             category: Android
22:59:49 INFO  ProfileMatch              :              version: 28.0.0
22:59:49 INFO  ProfileMatch              :         release-date:  --
22:59:49 INFO  ProfileMatch              :     lib root package: "android.support.v4.widget"  (in app: "androidx.drawerlayout.widget")
22:59:49 INFO  ProfileMatch              : 
22:59:49 INFO  ProfileMatch              :                 name: androidx.loader::loader
22:59:49 INFO  ProfileMatch              :             category: Android
22:59:49 INFO  ProfileMatch              :              version: 1.0.0  [OLD VERSION]
22:59:49 INFO  ProfileMatch              :         release-date:  --
22:59:49 INFO  ProfileMatch              :     lib root package: "androidx.loader"
22:59:49 INFO  ProfileMatch              : 
22:59:49 INFO  ProfileMatch              :                 name: androidx.cardview::cardview
22:59:49 INFO  ProfileMatch              :             category: Android
22:59:49 INFO  ProfileMatch              :              version: 1.0.0
22:59:49 INFO  ProfileMatch              :         release-date:  --
22:59:49 INFO  ProfileMatch              :     lib root package: "androidx.cardview.widget"
22:59:49 INFO  ProfileMatch              : 
22:59:49 INFO  ProfileMatch              :                 name: androidx.print::print
22:59:49 INFO  ProfileMatch              :             category: Android
22:59:49 INFO  ProfileMatch              :              version: 1.0.0
22:59:49 INFO  ProfileMatch              :         release-date:  --
22:59:49 INFO  ProfileMatch              :     lib root package: "androidx.print"
22:59:49 INFO  ProfileMatch              : 
22:59:49 INFO  ProfileMatch              :                 name: androidx.drawerlayout::drawerlayout
22:59:49 INFO  ProfileMatch              :             category: Android
22:59:49 INFO  ProfileMatch              :              version: 1.0.0  [OLD VERSION]
22:59:49 INFO  ProfileMatch              :         release-date:  --
22:59:49 INFO  ProfileMatch              :     lib root package: "androidx.drawerlayout.widget"
22:59:49 INFO  ProfileMatch              : 
22:59:49 INFO  ProfileMatch              :                 name: com.android.support::support-core-utils
22:59:49 INFO  ProfileMatch              :             category: Android
22:59:49 INFO  ProfileMatch              :              version: 28.0.0
22:59:49 INFO  ProfileMatch              :         release-date:  --
22:59:49 INFO  ProfileMatch              :     lib root package: "android.support.v4.content"  (in app: "androidx.legacy.content")
22:59:49 INFO  ProfileMatch              : 
22:59:49 INFO  ProfileMatch              :                 name: com.android.support::swiperefreshlayout
22:59:49 INFO  ProfileMatch              :             category: Android
22:59:49 INFO  ProfileMatch              :              version: 28.0.0
22:59:49 INFO  ProfileMatch              :         release-date:  --
22:59:49 INFO  ProfileMatch              :     lib root package: "android.support.v4.widget"  (in app: "androidx.swiperefreshlayout.widget")
22:59:49 INFO  ProfileMatch              : 
22:59:49 INFO  ProfileMatch              :                 name: com.android.support::print
22:59:49 INFO  ProfileMatch              :             category: Android
22:59:49 INFO  ProfileMatch              :              version: 28.0.0
22:59:49 INFO  ProfileMatch              :         release-date:  --
22:59:49 INFO  ProfileMatch              :     lib root package: "android.support.v4.print"  (in app: "androidx.print")
22:59:49 INFO  ProfileMatch              : 
22:59:49 INFO  ProfileMatch              :                 name: androidx.sqlite::sqlite-framework
22:59:49 INFO  ProfileMatch              :             category: Android
22:59:49 INFO  ProfileMatch              :              version: 2.0.1  [OLD VERSION]
22:59:49 INFO  ProfileMatch              :         release-date:  --
22:59:49 INFO  ProfileMatch              :     lib root package: "androidx.sqlite.db.framework"
22:59:49 INFO  ProfileMatch              : 
22:59:49 INFO  ProfileMatch              :                 name: com.google.android.material::material
22:59:49 INFO  ProfileMatch              :             category: Android
22:59:49 INFO  ProfileMatch              :              version: 1.0.0  [OLD VERSION]
22:59:49 INFO  ProfileMatch              :         release-date:  --
22:59:49 INFO  ProfileMatch              :     lib root package: "com.google.android.material"
22:59:49 INFO  ProfileMatch              : 
22:59:49 INFO  ProfileMatch              :                 name: androidx.arch.core::core-runtime
22:59:49 INFO  ProfileMatch              :             category: Android
22:59:49 INFO  ProfileMatch              :              version: 2.0.0  [OLD VERSION]
22:59:49 INFO  ProfileMatch              :         release-date:  --
22:59:49 INFO  ProfileMatch              :     lib root package: "androidx.arch.core.executor"
22:59:49 INFO  ProfileMatch              : 
22:59:49 INFO  ProfileMatch              :                 name: androidx.arch.core::core-runtime
22:59:49 INFO  ProfileMatch              :             category: Android
22:59:49 INFO  ProfileMatch              :              version: 2.0.1  [OLD VERSION]
22:59:49 INFO  ProfileMatch              :         release-date:  --
22:59:49 INFO  ProfileMatch              :     lib root package: "androidx.arch.core.executor"
22:59:49 INFO  ProfileMatch              : 
22:59:49 INFO  ProfileMatch              :                 name: androidx.media::media
22:59:49 INFO  ProfileMatch              :             category: Android
22:59:49 INFO  ProfileMatch              :              version: 1.0.0  [OLD VERSION]
22:59:49 INFO  ProfileMatch              :         release-date:  --
22:59:49 INFO  ProfileMatch              :     lib root package: "android.support.v4.media"
22:59:49 INFO  ProfileMatch              : 
22:59:49 INFO  ProfileMatch              :                 name: com.android.support.constraint::constraint-layout-solver
22:59:49 INFO  ProfileMatch              :             category: Android
22:59:49 INFO  ProfileMatch              :              version: 1.1.3  [OLD VERSION]
22:59:49 INFO  ProfileMatch              :         release-date:  --
22:59:49 INFO  ProfileMatch              :     lib root package: "android.support.constraint.solver"  (in app: "androidx.constraintlayout.solver")
22:59:49 INFO  ProfileMatch              : 
22:59:49 INFO  ProfileMatch              :                 name: com.android.support::asynclayoutinflater
22:59:49 INFO  ProfileMatch              :             category: Android
22:59:49 INFO  ProfileMatch              :              version: 28.0.0
22:59:49 INFO  ProfileMatch              :         release-date:  --
22:59:49 INFO  ProfileMatch              :     lib root package: "android.support.v4.view"  (in app: "androidx.asynclayoutinflater.view")
22:59:49 INFO  ProfileMatch              : 
22:59:49 INFO  ProfileMatch              :                 name: com.android.support::support-fragment
22:59:49 INFO  ProfileMatch              :             category: Android
22:59:49 INFO  ProfileMatch              :              version: 28.0.0
22:59:49 INFO  ProfileMatch              :         release-date:  --
22:59:49 INFO  ProfileMatch              :     lib root package: "android.support.v4.app"  (in app: "androidx.fragment.app")
22:59:49 INFO  ProfileMatch              : 
22:59:49 INFO  ProfileMatch              :                 name: androidx.arch.core::core-common
22:59:49 INFO  ProfileMatch              :             category: Android
22:59:49 INFO  ProfileMatch              :              version: 2.0.0  [OLD VERSION]
22:59:49 INFO  ProfileMatch              :         release-date:  --
22:59:49 INFO  ProfileMatch              :     lib root package: "androidx.arch.core"
22:59:49 INFO  ProfileMatch              : 
22:59:49 INFO  ProfileMatch              :                 name: androidx.arch.core::core-common
22:59:49 INFO  ProfileMatch              :             category: Android
22:59:49 INFO  ProfileMatch              :              version: 2.0.1  [OLD VERSION]
22:59:49 INFO  ProfileMatch              :         release-date:  --
22:59:49 INFO  ProfileMatch              :     lib root package: "androidx.arch.core"
22:59:49 INFO  ProfileMatch              : 
22:59:49 INFO  ProfileMatch              :                 name: androidx.arch.core::core-common
22:59:49 INFO  ProfileMatch              :             category: Android
22:59:49 INFO  ProfileMatch              :              version: 2.1.0
22:59:49 INFO  ProfileMatch              :         release-date:  --
22:59:49 INFO  ProfileMatch              :     lib root package: "androidx.arch.core"
22:59:49 INFO  ProfileMatch              : 
22:59:49 INFO  ProfileMatch              :                 name: com.android.support::slidingpanelayout
22:59:49 INFO  ProfileMatch              :             category: Android
22:59:49 INFO  ProfileMatch              :              version: 28.0.0
22:59:49 INFO  ProfileMatch              :         release-date:  --
22:59:49 INFO  ProfileMatch              :     lib root package: "android.support.v4.widget"  (in app: "androidx.slidingpanelayout.widget")
22:59:49 INFO  ProfileMatch              : 
22:59:49 INFO  ProfileMatch              :                 name: androidx.core::core
22:59:49 INFO  ProfileMatch              :             category: Android
22:59:49 INFO  ProfileMatch              :              version: 1.0.1  [OLD VERSION]
22:59:49 INFO  ProfileMatch              :         release-date:  --
22:59:49 INFO  ProfileMatch              :     lib root package: "androidx.core"
22:59:49 INFO  ProfileMatch              : 
22:59:49 INFO  ProfileMatch              :                 name: androidx.core::core
22:59:49 INFO  ProfileMatch              :             category: Android
22:59:49 INFO  ProfileMatch              :              version: 1.0.2  [OLD VERSION]
22:59:49 INFO  ProfileMatch              :         release-date:  --
22:59:49 INFO  ProfileMatch              :     lib root package: "androidx.core"
22:59:49 INFO  ProfileMatch              : 
22:59:49 INFO  ProfileMatch              :                 name: androidx.versionedparcelable::versionedparcelable  [OLD VERSION]
22:59:49 INFO  ProfileMatch              :             category: Android
22:59:49 INFO  ProfileMatch              :              version: 1.0.0  [OLD VERSION]
22:59:49 INFO  ProfileMatch              :         release-date:  --
22:59:49 INFO  ProfileMatch              :     lib root package: "androidx.versionedparcelable"
22:59:49 INFO  ProfileMatch              : 
22:59:49 INFO  ProfileMatch              :                 name: androidx.collection::collection
22:59:49 INFO  ProfileMatch              :             category: Android
22:59:49 INFO  ProfileMatch              :              version: 1.0.0  [OLD VERSION]
22:59:49 INFO  ProfileMatch              :         release-date:  --
22:59:49 INFO  ProfileMatch              :     lib root package: "androidx.collection"
22:59:49 INFO  ProfileMatch              : 
22:59:49 INFO  ProfileMatch              :                 name: android.arch.core::runtime
22:59:49 INFO  ProfileMatch              :             category: Android
22:59:49 INFO  ProfileMatch              :              version: 1.0.0  [OLD VERSION]
22:59:49 INFO  ProfileMatch              :         release-date:  --
22:59:49 INFO  ProfileMatch              :     lib root package: "android.arch.core"  (in app: "androidx.arch.core")
22:59:49 INFO  ProfileMatch              : 
22:59:49 INFO  ProfileMatch              :                 name: android.arch.core::runtime
22:59:49 INFO  ProfileMatch              :             category: Android
22:59:49 INFO  ProfileMatch              :              version: 1.1.0  [OLD VERSION]
22:59:49 INFO  ProfileMatch              :         release-date:  --
22:59:49 INFO  ProfileMatch              :     lib root package: "android.arch.core"  (in app: "androidx.arch.core")
22:59:49 INFO  ProfileMatch              : 
22:59:49 INFO  ProfileMatch              :                 name: com.android.support::cursoradapter
22:59:49 INFO  ProfileMatch              :             category: Android
22:59:49 INFO  ProfileMatch              :              version: 28.0.0
22:59:49 INFO  ProfileMatch              :         release-date:  --
22:59:49 INFO  ProfileMatch              :     lib root package: "android.support.v4.widget"  (in app: "androidx.cursoradapter.widget")
22:59:49 INFO  ProfileMatch              : 
22:59:49 INFO  ProfileMatch              :                 name: androidx.slidingpanelayout::slidingpanelayout
22:59:49 INFO  ProfileMatch              :             category: Android
22:59:49 INFO  ProfileMatch              :              version: 1.0.0  [OLD VERSION]
22:59:49 INFO  ProfileMatch              :         release-date:  --
22:59:49 INFO  ProfileMatch              :     lib root package: "androidx.slidingpanelayout.widget"
22:59:49 INFO  ProfileMatch              : 
22:59:49 INFO  ProfileMatch              :                 name: androidx.legacy::legacy-support-core-ui
22:59:49 INFO  ProfileMatch              :             category: Android
22:59:49 INFO  ProfileMatch              :              version: 1.0.0
22:59:49 INFO  ProfileMatch              :         release-date:  --
22:59:49 INFO  ProfileMatch              :     lib root package: "androidx.legacy"
22:59:49 INFO  ProfileMatch              : 
22:59:49 INFO  ProfileMatch              :                 name: com.android.support::interpolator
22:59:49 INFO  ProfileMatch              :             category: Android
22:59:49 INFO  ProfileMatch              :              version: 28.0.0
22:59:49 INFO  ProfileMatch              :         release-date:  --
22:59:49 INFO  ProfileMatch              :     lib root package: "android.support.v4.view.animation"  (in app: "androidx.interpolator.view.animation")
22:59:49 INFO  ProfileMatch              : 
22:59:49 INFO  ProfileMatch              :                 name: androidx.interpolator::interpolator
22:59:49 INFO  ProfileMatch              :             category: Android
22:59:49 INFO  ProfileMatch              :              version: 1.0.0
22:59:49 INFO  ProfileMatch              :         release-date:  --
22:59:49 INFO  ProfileMatch              :     lib root package: "androidx.interpolator.view.animation"
22:59:49 INFO  ProfileMatch              : 
22:59:49 INFO  ProfileMatch              :                 name: androidx.fragment::fragment
22:59:49 INFO  ProfileMatch              :             category: Android
22:59:49 INFO  ProfileMatch              :              version: 1.0.0  [OLD VERSION]
22:59:49 INFO  ProfileMatch              :         release-date:  --
22:59:49 INFO  ProfileMatch              :     lib root package: "androidx.fragment.app"
22:59:49 INFO  ProfileMatch              : 
22:59:49 INFO  ProfileMatch              :                 name: androidx.documentfile::documentfile
22:59:49 INFO  ProfileMatch              :             category: Android
22:59:49 INFO  ProfileMatch              :              version: 1.0.0  [OLD VERSION]
22:59:49 INFO  ProfileMatch              :         release-date:  --
22:59:49 INFO  ProfileMatch              :     lib root package: "androidx.documentfile.provider"
22:59:49 INFO  ProfileMatch              : 
22:59:49 INFO  ProfileMatch              :                 name: androidx.documentfile::documentfile
22:59:49 INFO  ProfileMatch              :             category: Android
22:59:49 INFO  ProfileMatch              :              version: 1.0.1
22:59:49 INFO  ProfileMatch              :         release-date:  --
22:59:49 INFO  ProfileMatch              :     lib root package: "androidx.documentfile.provider"
22:59:49 INFO  ProfileMatch              : 
22:59:49 INFO  ProfileMatch              :                 name: androidx.asynclayoutinflater::asynclayoutinflater
22:59:49 INFO  ProfileMatch              :             category: Android
22:59:49 INFO  ProfileMatch              :              version: 1.0.0
22:59:49 INFO  ProfileMatch              :         release-date:  --
22:59:49 INFO  ProfileMatch              :     lib root package: "androidx.asynclayoutinflater.view"
22:59:49 INFO  ProfileMatch              : 
22:59:49 INFO  ProfileMatch              :                 name: com.android.support::support-core-ui
22:59:49 INFO  ProfileMatch              :             category: Android
22:59:49 INFO  ProfileMatch              :              version: 28.0.0
22:59:49 INFO  ProfileMatch              :         release-date:  --
22:59:49 INFO  ProfileMatch              :     lib root package: "android.support.v4"  (in app: "androidx.legacy")
22:59:49 INFO  ProfileMatch              : 
22:59:49 INFO  ProfileMatch              :                 name: Facebook
22:59:49 INFO  ProfileMatch              :             category: SocialMedia
22:59:49 INFO  ProfileMatch              :              version: 4.27.0  [OLD VERSION]
22:59:49 INFO  ProfileMatch              :         release-date: 26.09.2017
22:59:49 INFO  ProfileMatch              :     lib root package: "com.facebook.all"  (in app: "androidx.core.view")
22:59:49 INFO  ProfileMatch              : 
22:59:49 INFO  ProfileMatch              :                 name: Facebook
22:59:49 INFO  ProfileMatch              :             category: SocialMedia
22:59:49 INFO  ProfileMatch              :              version: 4.28.0  [OLD VERSION]
22:59:49 INFO  ProfileMatch              :         release-date: 07.11.2017
22:59:49 INFO  ProfileMatch              :     lib root package: "com.facebook.all"  (in app: "androidx.core.view")
22:59:49 INFO  ProfileMatch              : 
22:59:49 INFO  ProfileMatch              :                 name: Facebook
22:59:49 INFO  ProfileMatch              :             category: SocialMedia
22:59:49 INFO  ProfileMatch              :              version: 4.29.0  [OLD VERSION]
22:59:49 INFO  ProfileMatch              :         release-date: 05.12.2017
22:59:49 INFO  ProfileMatch              :     lib root package: "com.facebook.all"  (in app: "androidx.core.view")
22:59:49 INFO  ProfileMatch              : 
22:59:49 INFO  ProfileMatch              :                 name: Facebook
22:59:49 INFO  ProfileMatch              :             category: SocialMedia
22:59:49 INFO  ProfileMatch              :              version: 4.30.0  [OLD VERSION]
22:59:49 INFO  ProfileMatch              :         release-date: 24.01.2018
22:59:49 INFO  ProfileMatch              :     lib root package: "com.facebook.all"  (in app: "androidx.core.view")
22:59:49 INFO  ProfileMatch              : 
22:59:49 INFO  ProfileMatch              :                 name: Facebook
22:59:49 INFO  ProfileMatch              :             category: SocialMedia
22:59:49 INFO  ProfileMatch              :              version: 4.31.0  [OLD VERSION]
22:59:49 INFO  ProfileMatch              :         release-date: 28.02.2018
22:59:49 INFO  ProfileMatch              :     lib root package: "com.facebook.all"  (in app: "androidx.core.view")
22:59:49 INFO  ProfileMatch              : 
22:59:49 INFO  ProfileMatch              :                 name: Facebook
22:59:49 INFO  ProfileMatch              :             category: SocialMedia
22:59:49 INFO  ProfileMatch              :              version: 4.32.0  [OLD VERSION]
22:59:49 INFO  ProfileMatch              :         release-date: 11.04.2018
22:59:49 INFO  ProfileMatch              :     lib root package: "com.facebook.all"  (in app: "androidx.core.view")
22:59:49 INFO  ProfileMatch              : 
22:59:49 INFO  ProfileMatch              :                 name: Facebook
22:59:49 INFO  ProfileMatch              :             category: SocialMedia
22:59:49 INFO  ProfileMatch              :              version: 4.33.0  [OLD VERSION]
22:59:49 INFO  ProfileMatch              :         release-date: 01.05.2018
22:59:49 INFO  ProfileMatch              :     lib root package: "com.facebook.all"  (in app: "androidx.core.view")
22:59:49 INFO  ProfileMatch              : 
22:59:49 INFO  ProfileMatch              :                 name: Facebook
22:59:49 INFO  ProfileMatch              :             category: SocialMedia
22:59:49 INFO  ProfileMatch              :              version: 4.34.0  [OLD VERSION]
22:59:49 INFO  ProfileMatch              :         release-date: 19.06.2018
22:59:49 INFO  ProfileMatch              :     lib root package: "com.facebook.all"  (in app: "androidx.core.view")
22:59:49 INFO  ProfileMatch              : 
22:59:49 INFO  ProfileMatch              :                 name: Facebook
22:59:49 INFO  ProfileMatch              :             category: SocialMedia
22:59:49 INFO  ProfileMatch              :              version: 4.35.0  [OLD VERSION]
22:59:49 INFO  ProfileMatch              :         release-date: 26.07.2018
22:59:49 INFO  ProfileMatch              :     lib root package: "com.facebook.all"  (in app: "androidx.core.view")
22:59:49 INFO  ProfileMatch              : 
22:59:49 INFO  ProfileMatch              :                 name: Facebook
22:59:49 INFO  ProfileMatch              :             category: SocialMedia
22:59:49 INFO  ProfileMatch              :              version: 4.36.0  [OLD VERSION]
22:59:49 INFO  ProfileMatch              :         release-date: 29.08.2018
22:59:49 INFO  ProfileMatch              :     lib root package: "com.facebook.all"  (in app: "androidx.core.view")
22:59:49 INFO  ProfileMatch              : 
22:59:49 INFO  ProfileMatch              :                 name: Facebook
22:59:49 INFO  ProfileMatch              :             category: SocialMedia
22:59:49 INFO  ProfileMatch              :              version: 4.36.1  [OLD VERSION]
22:59:49 INFO  ProfileMatch              :         release-date: 15.09.2018
22:59:49 INFO  ProfileMatch              :     lib root package: "com.facebook.all"  (in app: "androidx.core.view")
22:59:49 INFO  ProfileMatch              : 
22:59:49 INFO  ProfileMatch              :                 name: Facebook
22:59:49 INFO  ProfileMatch              :             category: SocialMedia
22:59:49 INFO  ProfileMatch              :              version: 4.37.0  [OLD VERSION]
22:59:49 INFO  ProfileMatch              :         release-date: 27.09.2018
22:59:49 INFO  ProfileMatch              :     lib root package: "com.facebook.all"  (in app: "androidx.core.view")
22:59:49 INFO  ProfileMatch              : 
22:59:49 INFO  ProfileMatch              :                 name: Facebook
22:59:49 INFO  ProfileMatch              :             category: SocialMedia
22:59:49 INFO  ProfileMatch              :              version: 4.38.0  [OLD VERSION]
22:59:49 INFO  ProfileMatch              :         release-date: 23.10.2018
22:59:49 INFO  ProfileMatch              :     lib root package: "com.facebook.all"  (in app: "androidx.core.view")
22:59:49 INFO  ProfileMatch              : 
22:59:49 INFO  ProfileMatch              :                 name: Facebook
22:59:49 INFO  ProfileMatch              :             category: SocialMedia
22:59:49 INFO  ProfileMatch              :              version: 4.38.1  [OLD VERSION]
22:59:49 INFO  ProfileMatch              :         release-date: 31.10.2018
22:59:49 INFO  ProfileMatch              :     lib root package: "com.facebook.all"  (in app: "androidx.core.view")
22:59:49 INFO  ProfileMatch              : 
22:59:49 INFO  ProfileMatch              :                 name: Facebook
22:59:49 INFO  ProfileMatch              :             category: SocialMedia
22:59:49 INFO  ProfileMatch              :              version: 4.39.0  [OLD VERSION]
22:59:49 INFO  ProfileMatch              :         release-date: 05.12.2018
22:59:49 INFO  ProfileMatch              :     lib root package: "com.facebook.all"  (in app: "androidx.core.view")
22:59:49 INFO  ProfileMatch              : 
22:59:49 INFO  ProfileMatch              :                 name: Facebook
22:59:49 INFO  ProfileMatch              :             category: SocialMedia
22:59:49 INFO  ProfileMatch              :              version: 4.40.0  [OLD VERSION]
22:59:49 INFO  ProfileMatch              :         release-date: 22.01.2019
22:59:49 INFO  ProfileMatch              :     lib root package: "com.facebook.all"  (in app: "androidx.core.view")
22:59:49 INFO  ProfileMatch              : 
22:59:49 INFO  ProfileMatch              :                 name: Facebook
22:59:49 INFO  ProfileMatch              :             category: SocialMedia
22:59:49 INFO  ProfileMatch              :              version: 4.41.0  [OLD VERSION]
22:59:49 INFO  ProfileMatch              :         release-date: 08.03.2019
22:59:49 INFO  ProfileMatch              :     lib root package: "com.facebook.all"  (in app: "androidx.core.view")
22:59:49 INFO  ProfileMatch              : 
22:59:49 INFO  ProfileMatch              :                 name: Facebook
22:59:49 INFO  ProfileMatch              :             category: SocialMedia
22:59:49 INFO  ProfileMatch              :              version: 4.42.0  [OLD VERSION]
22:59:49 INFO  ProfileMatch              :         release-date: 08.04.2019
22:59:49 INFO  ProfileMatch              :     lib root package: "com.facebook.all"  (in app: "androidx.core.view")
22:59:49 INFO  ProfileMatch              : 
22:59:49 INFO  ProfileMatch              :                 name: Facebook
22:59:49 INFO  ProfileMatch              :             category: SocialMedia
22:59:49 INFO  ProfileMatch              :              version: 5.0.0  [OLD VERSION]
22:59:49 INFO  ProfileMatch              :         release-date: 30.04.2019
22:59:49 INFO  ProfileMatch              :     lib root package: "com.facebook.all"  (in app: "androidx.core.view")
22:59:49 INFO  ProfileMatch              : 
22:59:49 INFO  ProfileMatch              :                 name: Facebook
22:59:49 INFO  ProfileMatch              :             category: SocialMedia
22:59:49 INFO  ProfileMatch              :              version: 5.0.1  [OLD VERSION]
22:59:49 INFO  ProfileMatch              :         release-date: 17.05.2019
22:59:49 INFO  ProfileMatch              :     lib root package: "com.facebook.all"  (in app: "androidx.core.view")
22:59:49 INFO  ProfileMatch              : 
22:59:49 INFO  ProfileMatch              :                 name: Facebook
22:59:49 INFO  ProfileMatch              :             category: SocialMedia
22:59:49 INFO  ProfileMatch              :              version: 5.0.2  [OLD VERSION]
22:59:49 INFO  ProfileMatch              :         release-date: 09.06.2019
22:59:49 INFO  ProfileMatch              :     lib root package: "com.facebook.all"  (in app: "androidx.core.view")
22:59:49 INFO  ProfileMatch              : 
22:59:49 INFO  ProfileMatch              :                 name: Facebook
22:59:49 INFO  ProfileMatch              :             category: SocialMedia
22:59:49 INFO  ProfileMatch              :              version: 5.0.3  [OLD VERSION]
22:59:49 INFO  ProfileMatch              :         release-date: 14.06.2019
22:59:49 INFO  ProfileMatch              :     lib root package: "com.facebook.all"  (in app: "androidx.core.view")
22:59:49 INFO  ProfileMatch              : 
22:59:49 INFO  ProfileMatch              :                 name: Facebook
22:59:49 INFO  ProfileMatch              :             category: SocialMedia
22:59:49 INFO  ProfileMatch              :              version: 5.1.0  [OLD VERSION]
22:59:49 INFO  ProfileMatch              :         release-date: 21.06.2019
22:59:49 INFO  ProfileMatch              :     lib root package: "com.facebook.all"  (in app: "androidx.core.view")
22:59:49 INFO  ProfileMatch              : 
22:59:49 INFO  ProfileMatch              :                 name: Facebook
22:59:49 INFO  ProfileMatch              :             category: SocialMedia
22:59:49 INFO  ProfileMatch              :              version: 5.1.1  [OLD VERSION]
22:59:49 INFO  ProfileMatch              :         release-date: 02.07.2019
22:59:49 INFO  ProfileMatch              :     lib root package: "com.facebook.all"  (in app: "androidx.core.view")
22:59:49 INFO  ProfileMatch              : 
22:59:49 INFO  ProfileMatch              :                 name: Facebook
22:59:49 INFO  ProfileMatch              :             category: SocialMedia
22:59:49 INFO  ProfileMatch              :              version: 5.2.0  [OLD VERSION]
22:59:49 INFO  ProfileMatch              :         release-date: 29.07.2019
22:59:49 INFO  ProfileMatch              :     lib root package: "com.facebook.all"  (in app: "androidx.core.view")
22:59:49 INFO  ProfileMatch              : 
22:59:49 INFO  ProfileMatch              :                 name: Facebook
22:59:49 INFO  ProfileMatch              :             category: SocialMedia
22:59:49 INFO  ProfileMatch              :              version: 5.4.0  [OLD VERSION]
22:59:49 INFO  ProfileMatch              :         release-date: 16.08.2019
22:59:49 INFO  ProfileMatch              :     lib root package: "com.facebook.all"  (in app: "androidx.core.view")
22:59:49 INFO  ProfileMatch              : 
22:59:49 INFO  ProfileMatch              :                 name: Facebook
22:59:49 INFO  ProfileMatch              :             category: SocialMedia
22:59:49 INFO  ProfileMatch              :              version: 5.5.0  [OLD VERSION]
22:59:49 INFO  ProfileMatch              :         release-date: 31.08.2019
22:59:49 INFO  ProfileMatch              :     lib root package: "com.facebook.all"  (in app: "androidx.core.view")
22:59:49 INFO  ProfileMatch              : 
22:59:49 INFO  ProfileMatch              :                 name: Facebook
22:59:49 INFO  ProfileMatch              :             category: SocialMedia
22:59:49 INFO  ProfileMatch              :              version: 5.5.1  [OLD VERSION]
22:59:49 INFO  ProfileMatch              :         release-date: 06.09.2019
22:59:49 INFO  ProfileMatch              :     lib root package: "com.facebook.all"  (in app: "androidx.core.view")
22:59:49 INFO  ProfileMatch              : 
22:59:49 INFO  ProfileMatch              :                 name: Facebook
22:59:49 INFO  ProfileMatch              :             category: SocialMedia
22:59:49 INFO  ProfileMatch              :              version: 5.5.2  [OLD VERSION]
22:59:49 INFO  ProfileMatch              :         release-date: 05.10.2019
22:59:49 INFO  ProfileMatch              :     lib root package: "com.facebook.all"  (in app: "androidx.core.view")
22:59:49 INFO  ProfileMatch              : 
22:59:49 INFO  ProfileMatch              :                 name: Facebook
22:59:49 INFO  ProfileMatch              :             category: SocialMedia
22:59:49 INFO  ProfileMatch              :              version: 5.8.0  [OLD VERSION]
22:59:49 INFO  ProfileMatch              :         release-date: 08.10.2019
22:59:49 INFO  ProfileMatch              :     lib root package: "com.facebook.all"  (in app: "androidx.core.view")
22:59:49 INFO  ProfileMatch              : 
22:59:49 INFO  ProfileMatch              :                 name: Facebook
22:59:49 INFO  ProfileMatch              :             category: SocialMedia
22:59:49 INFO  ProfileMatch              :              version: 5.9.0  [OLD VERSION]
22:59:49 INFO  ProfileMatch              :         release-date: 29.10.2019
22:59:49 INFO  ProfileMatch              :     lib root package: "com.facebook.all"  (in app: "androidx.core.view")
22:59:49 INFO  ProfileMatch              : 
22:59:49 INFO  ProfileMatch              :                 name: Facebook
22:59:49 INFO  ProfileMatch              :             category: SocialMedia
22:59:49 INFO  ProfileMatch              :              version: 5.11.0  [OLD VERSION]
22:59:49 INFO  ProfileMatch              :         release-date: 15.11.2019
22:59:49 INFO  ProfileMatch              :     lib root package: "com.facebook.all"  (in app: "androidx.core.view")
22:59:49 INFO  ProfileMatch              : 
22:59:49 INFO  ProfileMatch              :                 name: Facebook
22:59:49 INFO  ProfileMatch              :             category: SocialMedia
22:59:49 INFO  ProfileMatch              :              version: 5.11.1  [OLD VERSION]
22:59:49 INFO  ProfileMatch              :         release-date: 21.11.2019
22:59:49 INFO  ProfileMatch              :     lib root package: "com.facebook.all"  (in app: "androidx.core.view")
22:59:49 INFO  ProfileMatch              : 
22:59:49 INFO  ProfileMatch              :                 name: Facebook
22:59:49 INFO  ProfileMatch              :             category: SocialMedia
22:59:49 INFO  ProfileMatch              :              version: 5.11.2  [OLD VERSION]
22:59:49 INFO  ProfileMatch              :         release-date: 22.11.2019
22:59:49 INFO  ProfileMatch              :     lib root package: "com.facebook.all"  (in app: "androidx.core.view")
22:59:49 INFO  ProfileMatch              : 
22:59:49 INFO  ProfileMatch              :                 name: Facebook
22:59:49 INFO  ProfileMatch              :             category: SocialMedia
22:59:49 INFO  ProfileMatch              :              version: 5.12.0  [OLD VERSION]
22:59:49 INFO  ProfileMatch              :         release-date: 04.12.2019
22:59:49 INFO  ProfileMatch              :     lib root package: "com.facebook.all"  (in app: "androidx.core.view")
22:59:49 INFO  ProfileMatch              : 
22:59:49 INFO  ProfileMatch              :                 name: Facebook
22:59:49 INFO  ProfileMatch              :             category: SocialMedia
22:59:49 INFO  ProfileMatch              :              version: 5.12.1  [OLD VERSION]
22:59:49 INFO  ProfileMatch              :         release-date: 09.12.2019
22:59:49 INFO  ProfileMatch              :     lib root package: "com.facebook.all"  (in app: "androidx.core.view")
22:59:49 INFO  ProfileMatch              : 
22:59:49 INFO  ProfileMatch              :                 name: Facebook
22:59:49 INFO  ProfileMatch              :             category: SocialMedia
22:59:49 INFO  ProfileMatch              :              version: 5.13.0  [OLD VERSION]
22:59:49 INFO  ProfileMatch              :         release-date: 12.12.2019
22:59:49 INFO  ProfileMatch              :     lib root package: "com.facebook.all"  (in app: "androidx.core.view")
22:59:49 INFO  ProfileMatch              : 
22:59:49 INFO  ProfileMatch              :                 name: Facebook
22:59:49 INFO  ProfileMatch              :             category: SocialMedia
22:59:49 INFO  ProfileMatch              :              version: 5.15.0  [OLD VERSION]
22:59:49 INFO  ProfileMatch              :         release-date: 21.01.2020
22:59:49 INFO  ProfileMatch              :     lib root package: "com.facebook.all"  (in app: "androidx.core.view")
22:59:49 INFO  ProfileMatch              : 
22:59:49 INFO  ProfileMatch              :                 name: Facebook
22:59:49 INFO  ProfileMatch              :             category: SocialMedia
22:59:49 INFO  ProfileMatch              :              version: 5.15.1  [OLD VERSION]
22:59:49 INFO  ProfileMatch              :         release-date: 29.01.2020
22:59:49 INFO  ProfileMatch              :     lib root package: "com.facebook.all"  (in app: "androidx.core.view")
22:59:49 INFO  ProfileMatch              : 
22:59:49 INFO  ProfileMatch              :                 name: Facebook
22:59:49 INFO  ProfileMatch              :             category: SocialMedia
22:59:49 INFO  ProfileMatch              :              version: 5.15.2  [OLD VERSION]
22:59:49 INFO  ProfileMatch              :         release-date: 03.02.2020
22:59:49 INFO  ProfileMatch              :     lib root package: "com.facebook.all"  (in app: "androidx.core.view")
22:59:49 INFO  ProfileMatch              : 
22:59:49 INFO  ProfileMatch              :                 name: Facebook
22:59:49 INFO  ProfileMatch              :             category: SocialMedia
22:59:49 INFO  ProfileMatch              :              version: 5.15.3  [OLD VERSION]
22:59:49 INFO  ProfileMatch              :         release-date: 03.02.2020
22:59:49 INFO  ProfileMatch              :     lib root package: "com.facebook.all"  (in app: "androidx.core.view")
22:59:49 INFO  ProfileMatch              : 
22:59:49 INFO  ProfileMatch              :                 name: Facebook
22:59:49 INFO  ProfileMatch              :             category: SocialMedia
22:59:49 INFO  ProfileMatch              :              version: 6.0.0  [OLD VERSION]
22:59:49 INFO  ProfileMatch              :         release-date: 03.02.2020
22:59:49 INFO  ProfileMatch              :     lib root package: "com.facebook.all"  (in app: "androidx.core.view")
22:59:49 INFO  ProfileMatch              : 
22:59:49 INFO  ProfileMatch              :                 name: Facebook
22:59:49 INFO  ProfileMatch              :             category: SocialMedia
22:59:49 INFO  ProfileMatch              :              version: 6.1.0  [OLD VERSION]
22:59:49 INFO  ProfileMatch              :         release-date: 14.02.2020
22:59:49 INFO  ProfileMatch              :     lib root package: "com.facebook.all"  (in app: "androidx.core.view")
22:59:49 INFO  ProfileMatch              : 
22:59:49 INFO  ProfileMatch              :                 name: Facebook
22:59:49 INFO  ProfileMatch              :             category: SocialMedia
22:59:49 INFO  ProfileMatch              :              version: 6.2.0  [OLD VERSION]
22:59:49 INFO  ProfileMatch              :         release-date: 09.03.2020
22:59:49 INFO  ProfileMatch              :     lib root package: "com.facebook.all"  (in app: "androidx.core.view")
22:59:49 INFO  ProfileMatch              : 
22:59:49 INFO  ProfileMatch              :                 name: Facebook
22:59:49 INFO  ProfileMatch              :             category: SocialMedia
22:59:49 INFO  ProfileMatch              :              version: 6.3.0  [OLD VERSION]
22:59:49 INFO  ProfileMatch              :         release-date: 25.03.2020
22:59:49 INFO  ProfileMatch              :     lib root package: "com.facebook.all"  (in app: "androidx.core.view")
22:59:49 INFO  ProfileMatch              : 
22:59:49 INFO  ProfileMatch              :                 name: Facebook
22:59:49 INFO  ProfileMatch              :             category: SocialMedia
22:59:49 INFO  ProfileMatch              :              version: 6.4.0  [OLD VERSION]
22:59:49 INFO  ProfileMatch              :         release-date: 15.04.2020
22:59:49 INFO  ProfileMatch              :     lib root package: "com.facebook.all"  (in app: "androidx.core.view")
22:59:49 INFO  ProfileMatch              : 
22:59:49 INFO  ProfileMatch              :                 name: Facebook
22:59:49 INFO  ProfileMatch              :             category: SocialMedia
22:59:49 INFO  ProfileMatch              :              version: 6.5.0  [OLD VERSION]
22:59:49 INFO  ProfileMatch              :         release-date: 20.04.2020
22:59:49 INFO  ProfileMatch              :     lib root package: "com.facebook.all"  (in app: "androidx.core.view")
22:59:49 INFO  ProfileMatch              : 
22:59:49 INFO  ProfileMatch              :                 name: Facebook
22:59:49 INFO  ProfileMatch              :             category: SocialMedia
22:59:49 INFO  ProfileMatch              :              version: 6.5.1  [OLD VERSION]
22:59:49 INFO  ProfileMatch              :         release-date: 23.04.2020
22:59:49 INFO  ProfileMatch              :     lib root package: "com.facebook.all"  (in app: "androidx.core.view")
22:59:49 INFO  ProfileMatch              : 
22:59:49 INFO  ProfileMatch              :                 name: Facebook
22:59:49 INFO  ProfileMatch              :             category: SocialMedia
22:59:49 INFO  ProfileMatch              :              version: 7.0.0  [OLD VERSION]
22:59:49 INFO  ProfileMatch              :         release-date: 05.05.2020
22:59:49 INFO  ProfileMatch              :     lib root package: "com.facebook.all"  (in app: "androidx.core.view")
22:59:49 INFO  ProfileMatch              : 
22:59:49 INFO  ProfileMatch              :                 name: Facebook
22:59:49 INFO  ProfileMatch              :             category: SocialMedia
22:59:49 INFO  ProfileMatch              :              version: 7.0.1  [OLD VERSION]
22:59:49 INFO  ProfileMatch              :         release-date: 09.06.2020
22:59:49 INFO  ProfileMatch              :     lib root package: "com.facebook.all"  (in app: "androidx.core.view")
22:59:49 INFO  ProfileMatch              : 
22:59:49 INFO  ProfileMatch              :                 name: Facebook
22:59:49 INFO  ProfileMatch              :             category: SocialMedia
22:59:49 INFO  ProfileMatch              :              version: 7.1.0  [OLD VERSION]
22:59:49 INFO  ProfileMatch              :         release-date: 23.06.2020
22:59:49 INFO  ProfileMatch              :     lib root package: "com.facebook.all"  (in app: "androidx.core.view")
22:59:49 INFO  ProfileMatch              : 
22:59:49 INFO  ProfileMatch              :                 name: Facebook
22:59:49 INFO  ProfileMatch              :             category: SocialMedia
22:59:49 INFO  ProfileMatch              :              version: 8.0.0  [OLD VERSION]
22:59:49 INFO  ProfileMatch              :         release-date: 28.09.2020
22:59:49 INFO  ProfileMatch              :     lib root package: "com.facebook.all"  (in app: "androidx.core.view")
22:59:49 INFO  ProfileMatch              : 
22:59:49 INFO  ProfileMatch              :                 name: Facebook
22:59:49 INFO  ProfileMatch              :             category: SocialMedia
22:59:49 INFO  ProfileMatch              :              version: 8.1.0  [OLD VERSION]
22:59:49 INFO  ProfileMatch              :         release-date: 14.10.2020
22:59:49 INFO  ProfileMatch              :     lib root package: "com.facebook.all"  (in app: "androidx.core.view")
22:59:49 INFO  ProfileMatch              : 
22:59:49 INFO  ProfileMatch              :                 name: Facebook
22:59:49 INFO  ProfileMatch              :             category: SocialMedia
22:59:49 INFO  ProfileMatch              :              version: 8.2.0  [OLD VERSION]
22:59:49 INFO  ProfileMatch              :         release-date: 18.12.2020
22:59:49 INFO  ProfileMatch              :     lib root package: "com.facebook.all"  (in app: "androidx.core.view")
22:59:49 INFO  ProfileMatch              : 
22:59:49 INFO  ProfileMatch              :                 name: Facebook
22:59:49 INFO  ProfileMatch              :             category: SocialMedia
22:59:49 INFO  ProfileMatch              :              version: 9.0.0  [OLD VERSION]
22:59:49 INFO  ProfileMatch              :         release-date: 19.01.2021
22:59:49 INFO  ProfileMatch              :     lib root package: "com.facebook.all"  (in app: "androidx.core.view")
22:59:49 INFO  ProfileMatch              : 
22:59:49 INFO  ProfileMatch              :                 name: Facebook
22:59:49 INFO  ProfileMatch              :             category: SocialMedia
22:59:49 INFO  ProfileMatch              :              version: 9.1.0  [OLD VERSION]
22:59:49 INFO  ProfileMatch              :         release-date: 15.03.2021
22:59:49 INFO  ProfileMatch              :     lib root package: "com.facebook.all"  (in app: "androidx.core.view")
22:59:49 INFO  ProfileMatch              : 
22:59:49 INFO  ProfileMatch              :                 name: Facebook
22:59:49 INFO  ProfileMatch              :             category: SocialMedia
22:59:49 INFO  ProfileMatch              :              version: 9.1.1  [OLD VERSION]
22:59:49 INFO  ProfileMatch              :         release-date: 12.04.2021
22:59:49 INFO  ProfileMatch              :     lib root package: "com.facebook.all"  (in app: "androidx.core.view")
22:59:49 INFO  ProfileMatch              : 
22:59:49 INFO  ProfileMatch              :                 name: Facebook
22:59:49 INFO  ProfileMatch              :             category: SocialMedia
22:59:49 INFO  ProfileMatch              :              version: 11.0.0  [OLD VERSION]
22:59:49 INFO  ProfileMatch              :         release-date: 08.06.2021
22:59:49 INFO  ProfileMatch              :     lib root package: "com.facebook.all"  (in app: "androidx.core.view")
22:59:49 INFO  ProfileMatch              : 
22:59:49 INFO  ProfileMatch              :                 name: Facebook
22:59:49 INFO  ProfileMatch              :             category: SocialMedia
22:59:49 INFO  ProfileMatch              :              version: 11.1.0  [OLD VERSION]
22:59:49 INFO  ProfileMatch              :         release-date: 06.07.2021
22:59:49 INFO  ProfileMatch              :     lib root package: "com.facebook.all"  (in app: "androidx.core.view")
22:59:49 INFO  ProfileMatch              : 
22:59:49 INFO  ProfileMatch              :                 name: Facebook
22:59:49 INFO  ProfileMatch              :             category: SocialMedia
22:59:49 INFO  ProfileMatch              :              version: 11.1.1  [OLD VERSION]
22:59:49 INFO  ProfileMatch              :         release-date: 19.07.2021
22:59:49 INFO  ProfileMatch              :     lib root package: "com.facebook.all"  (in app: "androidx.core.view")
22:59:49 INFO  ProfileMatch              : 
22:59:49 INFO  ProfileMatch              :                 name: Facebook
22:59:49 INFO  ProfileMatch              :             category: SocialMedia
22:59:49 INFO  ProfileMatch              :              version: 11.2.0  [OLD VERSION]
22:59:49 INFO  ProfileMatch              :         release-date: 03.08.2021
22:59:49 INFO  ProfileMatch              :     lib root package: "com.facebook.all"  (in app: "androidx.core.view")
22:59:49 INFO  ProfileMatch              : 
22:59:49 INFO  ProfileMatch              :                 name: Facebook
22:59:49 INFO  ProfileMatch              :             category: SocialMedia
22:59:49 INFO  ProfileMatch              :              version: 11.3.0  [OLD VERSION]
22:59:49 INFO  ProfileMatch              :         release-date: 07.09.2021
22:59:49 INFO  ProfileMatch              :     lib root package: "com.facebook.all"  (in app: "androidx.core.view")
22:59:49 INFO  ProfileMatch              : 
22:59:49 INFO  ProfileMatch              :                 name: Facebook
22:59:49 INFO  ProfileMatch              :             category: SocialMedia
22:59:49 INFO  ProfileMatch              :              version: 12.0.0  [OLD VERSION]
22:59:49 INFO  ProfileMatch              :         release-date: 05.10.2021
22:59:49 INFO  ProfileMatch              :     lib root package: "com.facebook.all"  (in app: "androidx.core.view")
22:59:49 INFO  ProfileMatch              : 
22:59:49 INFO  ProfileMatch              :                 name: Facebook
22:59:49 INFO  ProfileMatch              :             category: SocialMedia
22:59:49 INFO  ProfileMatch              :              version: 12.0.1  [OLD VERSION]
22:59:49 INFO  ProfileMatch              :         release-date: 13.10.2021
22:59:49 INFO  ProfileMatch              :     lib root package: "com.facebook.all"  (in app: "androidx.core.view")
22:59:49 INFO  ProfileMatch              : 
22:59:49 INFO  ProfileMatch              :                 name: Facebook
22:59:49 INFO  ProfileMatch              :             category: SocialMedia
22:59:49 INFO  ProfileMatch              :              version: 12.1.0  [OLD VERSION]
22:59:49 INFO  ProfileMatch              :         release-date: 01.11.2021
22:59:49 INFO  ProfileMatch              :     lib root package: "com.facebook.all"  (in app: "androidx.core.view")
22:59:49 INFO  ProfileMatch              : 
22:59:49 INFO  ProfileMatch              :                 name: Facebook
22:59:49 INFO  ProfileMatch              :             category: SocialMedia
22:59:49 INFO  ProfileMatch              :              version: 12.2.0  [OLD VERSION]
22:59:49 INFO  ProfileMatch              :         release-date: 06.12.2021
22:59:49 INFO  ProfileMatch              :     lib root package: "com.facebook.all"  (in app: "androidx.core.view")
22:59:49 INFO  ProfileMatch              : 
22:59:49 INFO  ProfileMatch              :                 name: Facebook
22:59:49 INFO  ProfileMatch              :             category: SocialMedia
22:59:49 INFO  ProfileMatch              :              version: 12.3.0  [OLD VERSION]
22:59:49 INFO  ProfileMatch              :         release-date: 10.01.2022
22:59:49 INFO  ProfileMatch              :     lib root package: "com.facebook.all"  (in app: "androidx.core.view")
22:59:49 INFO  ProfileMatch              : 
22:59:49 INFO  ProfileMatch              :                 name: Facebook
22:59:49 INFO  ProfileMatch              :             category: SocialMedia
22:59:49 INFO  ProfileMatch              :              version: 13.0.0  [OLD VERSION]
22:59:49 INFO  ProfileMatch              :         release-date: 23.02.2022
22:59:49 INFO  ProfileMatch              :     lib root package: "com.facebook.all"  (in app: "androidx.core.view")
22:59:49 INFO  ProfileMatch              : 
22:59:49 INFO  ProfileMatch              :                 name: Facebook
22:59:49 INFO  ProfileMatch              :             category: SocialMedia
22:59:49 INFO  ProfileMatch              :              version: 13.1.0  [OLD VERSION]
22:59:49 INFO  ProfileMatch              :         release-date: 21.03.2022
22:59:49 INFO  ProfileMatch              :     lib root package: "com.facebook.all"  (in app: "androidx.core.view")
22:59:49 INFO  ProfileMatch              : 
22:59:49 INFO  ProfileMatch              :                 name: Facebook
22:59:49 INFO  ProfileMatch              :             category: SocialMedia
22:59:49 INFO  ProfileMatch              :              version: 13.2.0  [OLD VERSION]
22:59:49 INFO  ProfileMatch              :         release-date: 22.04.2022
22:59:49 INFO  ProfileMatch              :     lib root package: "com.facebook.all"  (in app: "androidx.core.view")
22:59:49 INFO  ProfileMatch              : 
22:59:49 INFO  ProfileMatch              :                 name: Facebook
22:59:49 INFO  ProfileMatch              :             category: SocialMedia
22:59:49 INFO  ProfileMatch              :              version: 14.0.0
22:59:49 INFO  ProfileMatch              :         release-date: 14.06.2022
22:59:49 INFO  ProfileMatch              :     lib root package: "com.facebook.all"  (in app: "androidx.core.view")
22:59:49 INFO  ProfileMatch              : 
22:59:49 INFO  ProfileMatch              :                 name: androidx.sqlite::sqlite
22:59:49 INFO  ProfileMatch              :             category: Android
22:59:49 INFO  ProfileMatch              :              version: 2.0.0  [OLD VERSION]
22:59:49 INFO  ProfileMatch              :         release-date:  --
22:59:49 INFO  ProfileMatch              :     lib root package: "androidx.sqlite.db"
22:59:49 INFO  ProfileMatch              : 
22:59:49 INFO  ProfileMatch              :                 name: androidx.sqlite::sqlite
22:59:49 INFO  ProfileMatch              :             category: Android
22:59:49 INFO  ProfileMatch              :              version: 2.0.1  [OLD VERSION]
22:59:49 INFO  ProfileMatch              :         release-date:  --
22:59:49 INFO  ProfileMatch              :     lib root package: "androidx.sqlite.db"
22:59:49 INFO  ProfileMatch              : 
22:59:49 INFO  ProfileMatch              :                 name: androidx.legacy::legacy-support-core-utils
22:59:49 INFO  ProfileMatch              :             category: Android
22:59:49 INFO  ProfileMatch              :              version: 1.0.0
22:59:49 INFO  ProfileMatch              :         release-date:  --
22:59:49 INFO  ProfileMatch              :     lib root package: "androidx.legacy.content"
22:59:49 INFO  ProfileMatch              : 
22:59:49 INFO  ProfileMatch              :                 name: com.android.support::documentfile
22:59:49 INFO  ProfileMatch              :             category: Android
22:59:49 INFO  ProfileMatch              :              version: 28.0.0
22:59:49 INFO  ProfileMatch              :         release-date:  --
22:59:49 INFO  ProfileMatch              :     lib root package: "android.support.v4.provider"  (in app: "androidx.documentfile.provider")
22:59:49 INFO  ProfileMatch              : 
22:59:49 INFO  ProfileMatch              :                 name: com.android.support::viewpager
22:59:49 INFO  ProfileMatch              :             category: Android
22:59:49 INFO  ProfileMatch              :              version: 28.0.0
22:59:49 INFO  ProfileMatch              :         release-date:  --
22:59:49 INFO  ProfileMatch              :     lib root package: "android.support.v4.view"  (in app: "androidx.viewpager.widget")
22:59:49 INFO  ProfileMatch              : 
22:59:49 INFO  ProfileMatch              :                 name: com.android.support::cardview-v7
22:59:49 INFO  ProfileMatch              :             category: Android
22:59:49 INFO  ProfileMatch              :              version: 27.1.0  [OLD VERSION]
22:59:49 INFO  ProfileMatch              :         release-date:  --
22:59:49 INFO  ProfileMatch              :     lib root package: "android.support.v7.widget"  (in app: "androidx.cardview.widget")
22:59:49 INFO  ProfileMatch              : 
22:59:49 INFO  ProfileMatch              :                 name: com.android.support::cardview-v7
22:59:49 INFO  ProfileMatch              :             category: Android
22:59:49 INFO  ProfileMatch              :              version: 27.1.1  [OLD VERSION]
22:59:49 INFO  ProfileMatch              :         release-date:  --
22:59:49 INFO  ProfileMatch              :     lib root package: "android.support.v7.widget"  (in app: "androidx.cardview.widget")
22:59:49 INFO  ProfileMatch              : 
22:59:49 INFO  ProfileMatch              :                 name: com.android.support::cardview-v7
22:59:49 INFO  ProfileMatch              :             category: Android
22:59:49 INFO  ProfileMatch              :              version: 28.0.0
22:59:49 INFO  ProfileMatch              :         release-date:  --
22:59:49 INFO  ProfileMatch              :     lib root package: "android.support.v7.widget"  (in app: "androidx.cardview.widget")
22:59:49 INFO  ProfileMatch              : 
22:59:49 INFO  ProfileMatch              :                 name: androidx.localbroadcastmanager::localbroadcastmanager
22:59:49 INFO  ProfileMatch              :             category: Android
22:59:49 INFO  ProfileMatch              :              version: 1.0.0  [OLD VERSION]
22:59:49 INFO  ProfileMatch              :         release-date:  --
22:59:49 INFO  ProfileMatch              :     lib root package: "androidx.localbroadcastmanager.content"
22:59:49 INFO  ProfileMatch              : 
22:59:49 INFO  ProfileMatch              :                 name: androidx.localbroadcastmanager::localbroadcastmanager
22:59:49 INFO  ProfileMatch              :             category: Android
22:59:49 INFO  ProfileMatch              :              version: 1.1.0
22:59:49 INFO  ProfileMatch              :         release-date:  --
22:59:49 INFO  ProfileMatch              :     lib root package: "androidx.localbroadcastmanager.content"
22:59:49 INFO  ProfileMatch              : 
22:59:49 INFO  ProfileMatch              :                 name: androidx.viewpager::viewpager
22:59:49 INFO  ProfileMatch              :             category: Android
22:59:49 INFO  ProfileMatch              :              version: 1.0.0
22:59:49 INFO  ProfileMatch              :         release-date:  --
22:59:49 INFO  ProfileMatch              :     lib root package: "androidx.viewpager.widget"
22:59:49 INFO  ProfileMatch              : 
22:59:49 INFO  LibraryIdentifier         : 
22:59:49 INFO  LibraryIdentifier         : - Partial library matches:
22:59:49 INFO  LibraryIdentifier         :                 name: android.arch.core::common
22:59:49 INFO  LibraryIdentifier         :             category: Android
22:59:49 INFO  LibraryIdentifier         :              version: 1.1.1
22:59:49 INFO  LibraryIdentifier         :         release-date:  --
22:59:49 INFO  LibraryIdentifier         :     lib root package: "android.arch.core"
22:59:49 INFO  LibraryIdentifier         :         Partial matching results:
22:59:49 INFO  LibraryIdentifier         :              - config: Hashing.md5() | Flags: no-flag | Keep: PN | Prune: MSIG   score: 0.875
22:59:49 INFO  LibraryIdentifier         : 
22:59:49 INFO  LibraryIdentifier         :                 name: androidx.room::room-runtime
22:59:49 INFO  LibraryIdentifier         :             category: Android
22:59:49 INFO  LibraryIdentifier         :              version: 2.1.0  [OLD VERSION]
22:59:49 INFO  LibraryIdentifier         :         release-date:  --
22:59:49 INFO  LibraryIdentifier         :     lib root package: "androidx.room"
22:59:49 INFO  LibraryIdentifier         :         Partial matching results:
22:59:49 INFO  LibraryIdentifier         :              - config: Hashing.md5() | Flags: no-flag | Keep: PN | Prune: MSIG   score: 0.9886364
22:59:49 INFO  LibraryIdentifier         : 
22:59:49 INFO  LibraryIdentifier         : 
22:59:49 INFO  LibraryIdentifier         : App processing time: 25 sec, 141 ms
