23:36:18 INFO  LibraryIdentifier         : Process app: net.yolosec.routerkeygen2_80.apk
23:36:18 INFO  LibraryIdentifier         : = Manifest Parser =
23:36:18 INFO  LibraryIdentifier         :         Package name: net.yolosec.routerkeygen2
23:36:18 INFO  LibraryIdentifier         :         Version code: 80
23:36:18 INFO  LibraryIdentifier         :        minSdkVersion: 16
23:36:18 INFO  LibraryIdentifier         :     targetSdkVersion: 29
23:36:18 INFO  LibraryIdentifier         :         SharedUserId:  - none -
23:36:18 INFO  LibraryIdentifier         :     Library dependencies:  - none -
23:36:18 INFO  LibraryIdentifier         : 
23:36:18 INFO  LibraryIdentifier         : Found 402 unique libraries in 12405 library profiles
23:36:19 INFO  LibraryIdentifier         : Generated class hierarchy (in 945 ms)
23:36:19 INFO  WalaUtils                 : 
23:36:19 INFO  WalaUtils                 : = ClassHierarchy Stats =
23:36:19 INFO  WalaUtils                 :     # of classes: 1331
23:36:19 INFO  WalaUtils                 :     # thereof inner classes: 769
23:36:19 INFO  WalaUtils                 :     # thereof public classes: 693
23:36:19 INFO  WalaUtils                 :         Activity : 9
23:36:19 INFO  WalaUtils                 :         Application : 1
23:36:19 INFO  WalaUtils                 :         AsyncTask : 9
23:36:19 INFO  WalaUtils                 :         BroadcastReceiver : 7
23:36:19 INFO  WalaUtils                 :         ContentProvider : 2
23:36:19 INFO  WalaUtils                 :         Fragment : 4
23:36:19 INFO  WalaUtils                 :         Handler : 8
23:36:19 INFO  WalaUtils                 :         LayoutContainer : 12
23:36:19 INFO  WalaUtils                 :         Plain : 1264
23:36:19 INFO  WalaUtils                 :         Runnable : 0
23:36:19 INFO  WalaUtils                 :         Service : 9
23:36:19 INFO  WalaUtils                 :         Thread : 3
23:36:19 INFO  WalaUtils                 :         View : 3
23:36:19 INFO  WalaUtils                 :     # methods: 9269
23:36:19 INFO  WalaUtils                 :         # of publicly accessible methods: 6514
23:36:19 INFO  WalaUtils                 :         # of non-accessible methods: 2755
23:36:19 INFO  WalaUtils                 : 
23:36:19 INFO  Profile                   : = PackageTree =
23:36:19 INFO  PackageTree               : Root Package: androidx
23:36:19 INFO  PackageTree               : └── Root
23:36:19 INFO  PackageTree               :     ├── androidx
23:36:19 INFO  PackageTree               :     │   ├── slidingpanelayout
23:36:19 INFO  PackageTree               :     │   │   └── widget (9)
23:36:19 INFO  PackageTree               :     │   ├── core
23:36:19 INFO  PackageTree               :     │   │   ├── view (72)
23:36:19 INFO  PackageTree               :     │   │   │   ├── accessibility (27)
23:36:19 INFO  PackageTree               :     │   │   │   ├── inputmethod (9)
23:36:19 INFO  PackageTree               :     │   │   │   └── animation (2)
23:36:19 INFO  PackageTree               :     │   │   ├── provider (28)
23:36:19 INFO  PackageTree               :     │   │   ├── app (94)
23:36:19 INFO  PackageTree               :     │   │   ├── os (18)
23:36:19 INFO  PackageTree               :     │   │   ├── hardware
23:36:19 INFO  PackageTree               :     │   │   │   ├── fingerprint (5)
23:36:19 INFO  PackageTree               :     │   │   │   └── display (1)
23:36:19 INFO  PackageTree               :     │   │   ├── content (14)
23:36:19 INFO  PackageTree               :     │   │   │   ├── res (17)
23:36:19 INFO  PackageTree               :     │   │   │   └── pm (11)
23:36:19 INFO  PackageTree               :     │   │   ├── telephony
23:36:19 INFO  PackageTree               :     │   │   │   └── mbms (1)
23:36:19 INFO  PackageTree               :     │   │   ├── graphics (18)
23:36:19 INFO  PackageTree               :     │   │   │   └── drawable (13)
23:36:19 INFO  PackageTree               :     │   │   ├── widget (27)
23:36:19 INFO  PackageTree               :     │   │   ├── util (14)
23:36:19 INFO  PackageTree               :     │   │   ├── internal
23:36:19 INFO  PackageTree               :     │   │   │   └── view (3)
23:36:19 INFO  PackageTree               :     │   │   ├── text (19)
23:36:19 INFO  PackageTree               :     │   │   │   └── util (6)
23:36:19 INFO  PackageTree               :     │   │   ├── location (1)
23:36:19 INFO  PackageTree               :     │   │   ├── accessibilityservice (1)
23:36:19 INFO  PackageTree               :     │   │   ├── database (2)
23:36:19 INFO  PackageTree               :     │   │   │   └── sqlite (1)
23:36:19 INFO  PackageTree               :     │   │   ├── math (1)
23:36:19 INFO  PackageTree               :     │   │   └── net (5)
23:36:19 INFO  PackageTree               :     │   ├── documentfile
23:36:19 INFO  PackageTree               :     │   │   └── provider (5)
23:36:19 INFO  PackageTree               :     │   ├── fragment
23:36:19 INFO  PackageTree               :     │   │   └── app (89)
23:36:19 INFO  PackageTree               :     │   ├── annotation (59)
23:36:19 INFO  PackageTree               :     │   ├── legacy
23:36:19 INFO  PackageTree               :     │   │   ├── app (5)
23:36:19 INFO  PackageTree               :     │   │   ├── widget (1)
23:36:19 INFO  PackageTree               :     │   │   └── content (1)
23:36:19 INFO  PackageTree               :     │   ├── viewpager
23:36:19 INFO  PackageTree               :     │   │   └── widget (24)
23:36:19 INFO  PackageTree               :     │   ├── media (78)
23:36:19 INFO  PackageTree               :     │   │   ├── app (3)
23:36:19 INFO  PackageTree               :     │   │   └── session (2)
23:36:19 INFO  PackageTree               :     │   ├── cursoradapter
23:36:19 INFO  PackageTree               :     │   │   └── widget (9)
23:36:19 INFO  PackageTree               :     │   ├── swiperefreshlayout
23:36:19 INFO  PackageTree               :     │   │   └── widget (18)
23:36:19 INFO  PackageTree               :     │   ├── coordinatorlayout
23:36:19 INFO  PackageTree               :     │   │   └── widget (14)
23:36:19 INFO  PackageTree               :     │   ├── loader
23:36:19 INFO  PackageTree               :     │   │   ├── app (7)
23:36:19 INFO  PackageTree               :     │   │   └── content (15)
23:36:19 INFO  PackageTree               :     │   ├── savedstate (8)
23:36:19 INFO  PackageTree               :     │   ├── arch
23:36:19 INFO  PackageTree               :     │   │   └── core
23:36:19 INFO  PackageTree               :     │   │       ├── executor (6)
23:36:19 INFO  PackageTree               :     │   │       ├── internal (8)
23:36:19 INFO  PackageTree               :     │   │       └── util (1)
23:36:19 INFO  PackageTree               :     │   ├── lifecycle (62)
23:36:19 INFO  PackageTree               :     │   ├── customview
23:36:19 INFO  PackageTree               :     │   │   ├── widget (12)
23:36:19 INFO  PackageTree               :     │   │   └── view (3)
23:36:19 INFO  PackageTree               :     │   ├── activity (12)
23:36:19 INFO  PackageTree               :     │   ├── versionedparcelable (15)
23:36:19 INFO  PackageTree               :     │   ├── print (7)
23:36:19 INFO  PackageTree               :     │   ├── collection (17)
23:36:19 INFO  PackageTree               :     │   ├── drawerlayout
23:36:19 INFO  PackageTree               :     │   │   └── widget (11)
23:36:19 INFO  PackageTree               :     │   ├── asynclayoutinflater
23:36:19 INFO  PackageTree               :     │   │   └── view (6)
23:36:19 INFO  PackageTree               :     │   ├── localbroadcastmanager
23:36:19 INFO  PackageTree               :     │   │   └── content (4)
23:36:19 INFO  PackageTree               :     │   └── interpolator
23:36:19 INFO  PackageTree               :     │       └── view
23:36:19 INFO  PackageTree               :     │           └── animation (4)
23:36:19 INFO  PackageTree               :     ├── android
23:36:19 INFO  PackageTree               :     │   └── support
23:36:19 INFO  PackageTree               :     │       └── v4
23:36:19 INFO  PackageTree               :     │           ├── media (75)
23:36:19 INFO  PackageTree               :     │           │   └── session (92)
23:36:19 INFO  PackageTree               :     │           ├── os (7)
23:36:19 INFO  PackageTree               :     │           ├── app (4)
23:36:19 INFO  PackageTree               :     │           └── graphics
23:36:19 INFO  PackageTree               :     │               └── drawable (1)
23:36:19 INFO  PackageTree               :     ├── org
23:36:19 INFO  PackageTree               :     │   └── exobel
23:36:19 INFO  PackageTree               :     │       └── routerkeygen (24)
23:36:19 INFO  PackageTree               :     │           ├── algorithms (100)
23:36:19 INFO  PackageTree               :     │           ├── config (14)
23:36:19 INFO  PackageTree               :     │           ├── ui (41)
23:36:19 INFO  PackageTree               :     │           └── utils (4)
23:36:19 INFO  PackageTree               :     │               └── dns (6)
23:36:19 INFO  PackageTree               :     ├── com
23:36:19 INFO  PackageTree               :     │   ├── robobunny (1)
23:36:19 INFO  PackageTree               :     │   ├── hb
23:36:19 INFO  PackageTree               :     │   │   └── views (6)
23:36:19 INFO  PackageTree               :     │   ├── ipaulpro
23:36:19 INFO  PackageTree               :     │   │   └── afilechooser (7)
23:36:19 INFO  PackageTree               :     │   │       └── utils (4)
23:36:19 INFO  PackageTree               :     │   ├── farproc
23:36:19 INFO  PackageTree               :     │   │   └── wifi
23:36:19 INFO  PackageTree               :     │   │       └── connecter (7)
23:36:19 INFO  PackageTree               :     │   └── ianhanniballake
23:36:19 INFO  PackageTree               :     │       └── localstorage (1)
23:36:19 INFO  PackageTree               :     └── it
23:36:19 INFO  PackageTree               :         └── gmariotti
23:36:19 INFO  PackageTree               :             └── changelibs
23:36:19 INFO  PackageTree               :                 └── library (1)
23:36:19 INFO  PackageTree               :                     ├── parser (2)
23:36:19 INFO  PackageTree               :                     ├── internal (7)
23:36:19 INFO  PackageTree               :                     └── view (2)
23:36:19 INFO  Profile                   : 
23:36:19 INFO  AppProfile                : - generated app package tree (in 57 ms)
23:36:19 INFO  AppProfile                : 
23:36:19 DEBUG HashTree                  : Generate hash tree..
23:36:19 DEBUG HashTree                  :     - generated 78 package hashes.
23:36:19 DEBUG HashTree                  :     - generated 1244 clazz hashes.
23:36:19 DEBUG HashTree                  :     - generated 9269 method hashes.
23:36:19 DEBUG HashTree                  :     => Library Hash: 5fb2f9fbb8cbcb5a99c2fa34177aeb57
23:36:19 INFO  AppProfile                : - generated app hash trees (in 256 ms)
23:36:19 INFO  AppProfile                : 
23:36:19 INFO  LibraryIdentifier         : = Scan for library root packages (heuristic) =
23:36:20 INFO  LibraryIdentifier         :     - Found lib root package androidx.annotation  (androidx.annotation::annotation)
23:36:20 INFO  LibraryIdentifier         :     - Found lib root package androidx.arch.core  (androidx.arch.core::core-common)
23:36:20 INFO  LibraryIdentifier         :     - Found lib root package androidx.arch.core.executor  (androidx.arch.core::core-runtime)
23:36:20 INFO  LibraryIdentifier         :     - Found lib root package androidx.asynclayoutinflater.view  (androidx.asynclayoutinflater::asynclayoutinflater)
23:36:20 INFO  LibraryIdentifier         :     - Found lib root package androidx.collection  (androidx.collection::collection)
23:36:20 INFO  LibraryIdentifier         :     - Found lib root package androidx.collection  (androidx.collection::collection-ktx)
23:36:20 INFO  LibraryIdentifier         :     - Found lib root package androidx.coordinatorlayout.widget  (androidx.coordinatorlayout::coordinatorlayout)
23:36:20 INFO  LibraryIdentifier         :     - Found lib root package androidx.core  (androidx.core::core)
23:36:20 INFO  LibraryIdentifier         :     - Found lib root package androidx  (androidx.core::core-ktx)
23:36:20 INFO  LibraryIdentifier         :     - Found lib root package androidx.cursoradapter.widget  (androidx.cursoradapter::cursoradapter)
23:36:20 INFO  LibraryIdentifier         :     - Found lib root package androidx.customview  (androidx.customview::customview)
23:36:20 INFO  LibraryIdentifier         :     - Found lib root package androidx.documentfile.provider  (androidx.documentfile::documentfile)
23:36:20 INFO  LibraryIdentifier         :     - Found lib root package androidx.drawerlayout.widget  (androidx.drawerlayout::drawerlayout)
23:36:20 INFO  LibraryIdentifier         :     - Found lib root package androidx.fragment.app  (androidx.fragment::fragment)
23:36:20 INFO  LibraryIdentifier         :     - Found lib root package androidx.fragment.app  (androidx.fragment::fragment-ktx)
23:36:20 INFO  LibraryIdentifier         :     - Found lib root package androidx.interpolator.view.animation  (androidx.interpolator::interpolator)
23:36:20 INFO  LibraryIdentifier         :     - Found lib root package androidx.legacy  (androidx.legacy::legacy-support-core-ui)
23:36:20 INFO  LibraryIdentifier         :     - Found lib root package androidx.legacy.content  (androidx.legacy::legacy-support-core-utils)
23:36:20 INFO  LibraryIdentifier         :     - Found lib root package androidx.legacy  (androidx.legacy::legacy-support-v13)
23:36:20 INFO  LibraryIdentifier         :     - Found lib root package androidx.lifecycle  (androidx.lifecycle::lifecycle-common)
23:36:20 INFO  LibraryIdentifier         :     - Found lib root package androidx.lifecycle  (androidx.lifecycle::lifecycle-common-java8)
23:36:20 INFO  LibraryIdentifier         :     - Found lib root package androidx.lifecycle  (androidx.lifecycle::lifecycle-compiler)
23:36:20 INFO  LibraryIdentifier         :     - Found lib root package androidx.lifecycle  (androidx.lifecycle::lifecycle-extensions)
23:36:20 INFO  LibraryIdentifier         :     - Found lib root package androidx.lifecycle  (androidx.lifecycle::lifecycle-livedata)
23:36:20 INFO  LibraryIdentifier         :     - Found lib root package androidx.lifecycle  (androidx.lifecycle::lifecycle-livedata-core)
23:36:20 INFO  LibraryIdentifier         :     - Found lib root package androidx.lifecycle  (androidx.lifecycle::lifecycle-process)
23:36:20 INFO  LibraryIdentifier         :     - Found lib root package androidx.lifecycle  (androidx.lifecycle::lifecycle-reactivestreams)
23:36:20 INFO  LibraryIdentifier         :     - Found lib root package androidx.lifecycle  (androidx.lifecycle::lifecycle-reactivestreams-ktx)
23:36:20 INFO  LibraryIdentifier         :     - Found lib root package androidx.lifecycle  (androidx.lifecycle::lifecycle-runtime)
23:36:20 INFO  LibraryIdentifier         :     - Found lib root package androidx.lifecycle  (androidx.lifecycle::lifecycle-service)
23:36:20 INFO  LibraryIdentifier         :     - Found lib root package androidx.lifecycle  (androidx.lifecycle::lifecycle-viewmodel)
23:36:20 INFO  LibraryIdentifier         :     - Found lib root package androidx.lifecycle  (androidx.lifecycle::lifecycle-viewmodel-ktx)
23:36:20 INFO  LibraryIdentifier         :     - Found lib root package androidx.loader  (androidx.loader::loader)
23:36:20 INFO  LibraryIdentifier         :     - Found lib root package androidx.localbroadcastmanager.content  (androidx.localbroadcastmanager::localbroadcastmanager)
23:36:20 INFO  LibraryIdentifier         :     - Found lib root package android.support.v4.media  (androidx.media::media)
23:36:20 INFO  LibraryIdentifier         :     - Found lib root package androidx.print  (androidx.print::print)
23:36:20 INFO  LibraryIdentifier         :     - Found lib root package androidx.slidingpanelayout.widget  (androidx.slidingpanelayout::slidingpanelayout)
23:36:20 INFO  LibraryIdentifier         :     - Found lib root package androidx.swiperefreshlayout.widget  (androidx.swiperefreshlayout::swiperefreshlayout)
23:36:20 INFO  LibraryIdentifier         :     - Found lib root package androidx.versionedparcelable  (androidx.versionedparcelable::versionedparcelable)
23:36:20 INFO  LibraryIdentifier         :     - Found lib root package androidx.viewpager.widget  (androidx.viewpager::viewpager)
23:36:20 INFO  LibraryIdentifier         :     - Found lib root package android.support.v4  (com.android.support::customview)
23:36:20 INFO  LibraryIdentifier         :     - Found lib root package android.support.v4  (com.android.support::loader)
23:36:20 INFO  LibraryIdentifier         :     - Found lib root package android.support.v4  (com.android.support::support-compat)
23:36:20 INFO  LibraryIdentifier         :     - Found lib root package android.support.v4  (com.android.support::support-core-ui)
23:36:20 INFO  LibraryIdentifier         :     - Found lib root package android.support.v4  (com.android.support::support-core-utils)
23:36:20 INFO  LibraryIdentifier         :     - Found lib root package android.support.v4.app  (com.android.support::support-fragment)
23:36:20 INFO  LibraryIdentifier         :     - Found lib root package android.support.v4.media  (com.android.support::support-media-compat)
23:36:20 INFO  LibraryIdentifier         :     - Found lib root package android.support.v4  (com.android.support::support-v4)
23:36:20 INFO  LibraryIdentifier         :     - Found lib root package androidx.versionedparcelable  (com.android.support::versionedparcelable)
23:36:20 INFO  LibraryIdentifier         : 
23:36:20 INFO  LibraryIdentifier         : = Match profiles =
23:36:43 INFO  LibraryIdentifier         :     >> profile matching done (23 sec, 332 ms)
23:36:43 INFO  LibraryIdentifier         : 
23:36:43 INFO  LibraryIdentifier         : == Report ==
23:36:43 INFO  LibraryIdentifier         : - Full library matches:
23:36:43 INFO  ProfileMatch              :                 name: androidx.customview::customview
23:36:43 INFO  ProfileMatch              :             category: Android
23:36:43 INFO  ProfileMatch              :              version: 1.0.0  [OLD VERSION]
23:36:43 INFO  ProfileMatch              :         release-date:  --
23:36:43 INFO  ProfileMatch              :     lib root package: "androidx.customview"
23:36:43 INFO  ProfileMatch              : 
23:36:43 INFO  ProfileMatch              :                 name: androidx.cursoradapter::cursoradapter
23:36:43 INFO  ProfileMatch              :             category: Android
23:36:43 INFO  ProfileMatch              :              version: 1.0.0
23:36:43 INFO  ProfileMatch              :         release-date:  --
23:36:43 INFO  ProfileMatch              :     lib root package: "androidx.cursoradapter.widget"
23:36:43 INFO  ProfileMatch              : 
23:36:43 INFO  ProfileMatch              :                 name: com.android.support::loader
23:36:43 INFO  ProfileMatch              :             category: Android
23:36:43 INFO  ProfileMatch              :              version: 28.0.0
23:36:43 INFO  ProfileMatch              :         release-date:  --
23:36:43 INFO  ProfileMatch              :     lib root package: "android.support.v4"  (in app: "androidx.loader")
23:36:43 INFO  ProfileMatch              : 
23:36:43 INFO  ProfileMatch              :                 name: androidx.annotation::annotation
23:36:43 INFO  ProfileMatch              :             category: Android
23:36:43 INFO  ProfileMatch              :              version: 1.1.0  [OLD VERSION]
23:36:43 INFO  ProfileMatch              :         release-date:  --
23:36:43 INFO  ProfileMatch              :     lib root package: "androidx.annotation"
23:36:43 INFO  ProfileMatch              : 
23:36:43 INFO  ProfileMatch              :                 name: androidx.coordinatorlayout::coordinatorlayout
23:36:43 INFO  ProfileMatch              :             category: Android
23:36:43 INFO  ProfileMatch              :              version: 1.0.0  [OLD VERSION]
23:36:43 INFO  ProfileMatch              :         release-date:  --
23:36:43 INFO  ProfileMatch              :     lib root package: "androidx.coordinatorlayout.widget"
23:36:43 INFO  ProfileMatch              : 
23:36:43 INFO  ProfileMatch              :                 name: androidx.swiperefreshlayout::swiperefreshlayout
23:36:43 INFO  ProfileMatch              :             category: Android
23:36:43 INFO  ProfileMatch              :              version: 1.0.0  [OLD VERSION]
23:36:43 INFO  ProfileMatch              :         release-date:  --
23:36:43 INFO  ProfileMatch              :     lib root package: "androidx.swiperefreshlayout.widget"
23:36:43 INFO  ProfileMatch              : 
23:36:43 INFO  ProfileMatch              :                 name: com.android.support::localbroadcastmanager
23:36:43 INFO  ProfileMatch              :             category: Android
23:36:43 INFO  ProfileMatch              :              version: 28.0.0
23:36:43 INFO  ProfileMatch              :         release-date:  --
23:36:43 INFO  ProfileMatch              :     lib root package: "android.support.v4.content"  (in app: "androidx.localbroadcastmanager.content")
23:36:43 INFO  ProfileMatch              : 
23:36:43 INFO  ProfileMatch              :                 name: com.android.support::customview
23:36:43 INFO  ProfileMatch              :             category: Android
23:36:43 INFO  ProfileMatch              :              version: 28.0.0
23:36:43 INFO  ProfileMatch              :         release-date:  --
23:36:43 INFO  ProfileMatch              :     lib root package: "android.support.v4"  (in app: "androidx.customview")
23:36:43 INFO  ProfileMatch              : 
23:36:43 INFO  ProfileMatch              :                 name: com.android.support::drawerlayout
23:36:43 INFO  ProfileMatch              :             category: Android
23:36:43 INFO  ProfileMatch              :              version: 28.0.0
23:36:43 INFO  ProfileMatch              :         release-date:  --
23:36:43 INFO  ProfileMatch              :     lib root package: "android.support.v4.widget"  (in app: "androidx.drawerlayout.widget")
23:36:43 INFO  ProfileMatch              : 
23:36:43 INFO  ProfileMatch              :                 name: androidx.loader::loader
23:36:43 INFO  ProfileMatch              :             category: Android
23:36:43 INFO  ProfileMatch              :              version: 1.0.0  [OLD VERSION]
23:36:43 INFO  ProfileMatch              :         release-date:  --
23:36:43 INFO  ProfileMatch              :     lib root package: "androidx.loader"
23:36:43 INFO  ProfileMatch              : 
23:36:43 INFO  ProfileMatch              :                 name: androidx.print::print
23:36:43 INFO  ProfileMatch              :             category: Android
23:36:43 INFO  ProfileMatch              :              version: 1.0.0
23:36:43 INFO  ProfileMatch              :         release-date:  --
23:36:43 INFO  ProfileMatch              :     lib root package: "androidx.print"
23:36:43 INFO  ProfileMatch              : 
23:36:43 INFO  ProfileMatch              :                 name: androidx.drawerlayout::drawerlayout
23:36:43 INFO  ProfileMatch              :             category: Android
23:36:43 INFO  ProfileMatch              :              version: 1.0.0  [OLD VERSION]
23:36:43 INFO  ProfileMatch              :         release-date:  --
23:36:43 INFO  ProfileMatch              :     lib root package: "androidx.drawerlayout.widget"
23:36:43 INFO  ProfileMatch              : 
23:36:43 INFO  ProfileMatch              :                 name: com.android.support::support-core-utils
23:36:43 INFO  ProfileMatch              :             category: Android
23:36:43 INFO  ProfileMatch              :              version: 28.0.0
23:36:43 INFO  ProfileMatch              :         release-date:  --
23:36:43 INFO  ProfileMatch              :     lib root package: "android.support.v4.content"  (in app: "androidx.legacy.content")
23:36:43 INFO  ProfileMatch              : 
23:36:43 INFO  ProfileMatch              :                 name: com.android.support::swiperefreshlayout
23:36:43 INFO  ProfileMatch              :             category: Android
23:36:43 INFO  ProfileMatch              :              version: 28.0.0
23:36:43 INFO  ProfileMatch              :         release-date:  --
23:36:43 INFO  ProfileMatch              :     lib root package: "android.support.v4.widget"  (in app: "androidx.swiperefreshlayout.widget")
23:36:43 INFO  ProfileMatch              : 
23:36:43 INFO  ProfileMatch              :                 name: com.android.support::print
23:36:43 INFO  ProfileMatch              :             category: Android
23:36:43 INFO  ProfileMatch              :              version: 28.0.0
23:36:43 INFO  ProfileMatch              :         release-date:  --
23:36:43 INFO  ProfileMatch              :     lib root package: "android.support.v4.print"  (in app: "androidx.print")
23:36:43 INFO  ProfileMatch              : 
23:36:43 INFO  ProfileMatch              :                 name: androidx.arch.core::core-runtime
23:36:43 INFO  ProfileMatch              :             category: Android
23:36:43 INFO  ProfileMatch              :              version: 2.1.0
23:36:43 INFO  ProfileMatch              :         release-date:  --
23:36:43 INFO  ProfileMatch              :     lib root package: "androidx.arch.core.executor"
23:36:43 INFO  ProfileMatch              : 
23:36:43 INFO  ProfileMatch              :                 name: androidx.media::media
23:36:43 INFO  ProfileMatch              :             category: Android
23:36:43 INFO  ProfileMatch              :              version: 1.0.0  [OLD VERSION]
23:36:43 INFO  ProfileMatch              :         release-date:  --
23:36:43 INFO  ProfileMatch              :     lib root package: "android.support.v4.media"
23:36:43 INFO  ProfileMatch              : 
23:36:43 INFO  ProfileMatch              :                 name: com.google.firebase::firebase-ml-vision-image-label-model
23:36:43 INFO  ProfileMatch              :             category: Android
23:36:43 INFO  ProfileMatch              :              version: 20.0.0  [OLD VERSION]
23:36:43 INFO  ProfileMatch              :         release-date:  --
23:36:43 INFO  ProfileMatch              :     lib root package: "com.google.firebase.ml.vision.imagelabel"  (in app: "it.gmariotti.changelibs.library")
23:36:43 INFO  ProfileMatch              : 
23:36:43 INFO  ProfileMatch              :                 name: com.google.firebase::firebase-ml-vision-image-label-model
23:36:43 INFO  ProfileMatch              :             category: Android
23:36:43 INFO  ProfileMatch              :              version: 20.0.1  [OLD VERSION]
23:36:43 INFO  ProfileMatch              :         release-date:  --
23:36:43 INFO  ProfileMatch              :     lib root package: "com.google.firebase.ml.vision.imagelabel"  (in app: "it.gmariotti.changelibs.library")
23:36:43 INFO  ProfileMatch              : 
23:36:43 INFO  ProfileMatch              :                 name: com.google.firebase::firebase-ml-vision-image-label-model
23:36:43 INFO  ProfileMatch              :             category: Android
23:36:43 INFO  ProfileMatch              :              version: 20.0.2
23:36:43 INFO  ProfileMatch              :         release-date:  --
23:36:43 INFO  ProfileMatch              :     lib root package: "com.google.firebase.ml.vision.imagelabel"  (in app: "it.gmariotti.changelibs.library")
23:36:43 INFO  ProfileMatch              : 
23:36:43 INFO  ProfileMatch              :                 name: com.android.support::asynclayoutinflater
23:36:43 INFO  ProfileMatch              :             category: Android
23:36:43 INFO  ProfileMatch              :              version: 28.0.0
23:36:43 INFO  ProfileMatch              :         release-date:  --
23:36:43 INFO  ProfileMatch              :     lib root package: "android.support.v4.view"  (in app: "androidx.asynclayoutinflater.view")
23:36:43 INFO  ProfileMatch              : 
23:36:43 INFO  ProfileMatch              :                 name: androidx.arch.core::core-common
23:36:43 INFO  ProfileMatch              :             category: Android
23:36:43 INFO  ProfileMatch              :              version: 2.0.0  [OLD VERSION]
23:36:43 INFO  ProfileMatch              :         release-date:  --
23:36:43 INFO  ProfileMatch              :     lib root package: "androidx.arch.core"
23:36:43 INFO  ProfileMatch              : 
23:36:43 INFO  ProfileMatch              :                 name: androidx.arch.core::core-common
23:36:43 INFO  ProfileMatch              :             category: Android
23:36:43 INFO  ProfileMatch              :              version: 2.0.1  [OLD VERSION]
23:36:43 INFO  ProfileMatch              :         release-date:  --
23:36:43 INFO  ProfileMatch              :     lib root package: "androidx.arch.core"
23:36:43 INFO  ProfileMatch              : 
23:36:43 INFO  ProfileMatch              :                 name: androidx.arch.core::core-common
23:36:43 INFO  ProfileMatch              :             category: Android
23:36:43 INFO  ProfileMatch              :              version: 2.1.0
23:36:43 INFO  ProfileMatch              :         release-date:  --
23:36:43 INFO  ProfileMatch              :     lib root package: "androidx.arch.core"
23:36:43 INFO  ProfileMatch              : 
23:36:43 INFO  ProfileMatch              :                 name: com.android.support::slidingpanelayout
23:36:43 INFO  ProfileMatch              :             category: Android
23:36:43 INFO  ProfileMatch              :              version: 28.0.0
23:36:43 INFO  ProfileMatch              :         release-date:  --
23:36:43 INFO  ProfileMatch              :     lib root package: "android.support.v4.widget"  (in app: "androidx.slidingpanelayout.widget")
23:36:43 INFO  ProfileMatch              : 
23:36:43 INFO  ProfileMatch              :                 name: androidx.core::core
23:36:43 INFO  ProfileMatch              :             category: Android
23:36:43 INFO  ProfileMatch              :              version: 1.1.0  [OLD VERSION]
23:36:43 INFO  ProfileMatch              :         release-date:  --
23:36:43 INFO  ProfileMatch              :     lib root package: "androidx.core"
23:36:43 INFO  ProfileMatch              : 
23:36:43 INFO  ProfileMatch              :                 name: androidx.versionedparcelable::versionedparcelable  [OLD VERSION]
23:36:43 INFO  ProfileMatch              :             category: Android
23:36:43 INFO  ProfileMatch              :              version: 1.1.0  [OLD VERSION]
23:36:43 INFO  ProfileMatch              :         release-date:  --
23:36:43 INFO  ProfileMatch              :     lib root package: "androidx.versionedparcelable"
23:36:43 INFO  ProfileMatch              : 
23:36:43 INFO  ProfileMatch              :                 name: androidx.versionedparcelable::versionedparcelable
23:36:43 INFO  ProfileMatch              :             category: Android
23:36:43 INFO  ProfileMatch              :              version: 1.1.1
23:36:43 INFO  ProfileMatch              :         release-date:  --
23:36:43 INFO  ProfileMatch              :     lib root package: "androidx.versionedparcelable"
23:36:43 INFO  ProfileMatch              : 
23:36:43 INFO  ProfileMatch              :                 name: androidx.collection::collection
23:36:43 INFO  ProfileMatch              :             category: Android
23:36:43 INFO  ProfileMatch              :              version: 1.1.0  [OLD VERSION]
23:36:43 INFO  ProfileMatch              :         release-date:  --
23:36:43 INFO  ProfileMatch              :     lib root package: "androidx.collection"
23:36:43 INFO  ProfileMatch              : 
23:36:43 INFO  ProfileMatch              :                 name: com.android.support::cursoradapter
23:36:43 INFO  ProfileMatch              :             category: Android
23:36:43 INFO  ProfileMatch              :              version: 28.0.0
23:36:43 INFO  ProfileMatch              :         release-date:  --
23:36:43 INFO  ProfileMatch              :     lib root package: "android.support.v4.widget"  (in app: "androidx.cursoradapter.widget")
23:36:43 INFO  ProfileMatch              : 
23:36:43 INFO  ProfileMatch              :                 name: androidx.slidingpanelayout::slidingpanelayout
23:36:43 INFO  ProfileMatch              :             category: Android
23:36:43 INFO  ProfileMatch              :              version: 1.0.0  [OLD VERSION]
23:36:43 INFO  ProfileMatch              :         release-date:  --
23:36:43 INFO  ProfileMatch              :     lib root package: "androidx.slidingpanelayout.widget"
23:36:43 INFO  ProfileMatch              : 
23:36:43 INFO  ProfileMatch              :                 name: androidx.legacy::legacy-support-core-ui
23:36:43 INFO  ProfileMatch              :             category: Android
23:36:43 INFO  ProfileMatch              :              version: 1.0.0
23:36:43 INFO  ProfileMatch              :         release-date:  --
23:36:43 INFO  ProfileMatch              :     lib root package: "androidx.legacy"
23:36:43 INFO  ProfileMatch              : 
23:36:43 INFO  ProfileMatch              :                 name: com.android.support::interpolator
23:36:43 INFO  ProfileMatch              :             category: Android
23:36:43 INFO  ProfileMatch              :              version: 28.0.0
23:36:43 INFO  ProfileMatch              :         release-date:  --
23:36:43 INFO  ProfileMatch              :     lib root package: "android.support.v4.view.animation"  (in app: "androidx.interpolator.view.animation")
23:36:43 INFO  ProfileMatch              : 
23:36:43 INFO  ProfileMatch              :                 name: androidx.interpolator::interpolator
23:36:43 INFO  ProfileMatch              :             category: Android
23:36:43 INFO  ProfileMatch              :              version: 1.0.0
23:36:43 INFO  ProfileMatch              :         release-date:  --
23:36:43 INFO  ProfileMatch              :     lib root package: "androidx.interpolator.view.animation"
23:36:43 INFO  ProfileMatch              : 
23:36:43 INFO  ProfileMatch              :                 name: androidx.fragment::fragment
23:36:43 INFO  ProfileMatch              :             category: Android
23:36:43 INFO  ProfileMatch              :              version: 1.2.0  [OLD VERSION]
23:36:43 INFO  ProfileMatch              :         release-date:  --
23:36:43 INFO  ProfileMatch              :     lib root package: "androidx.fragment.app"
23:36:43 INFO  ProfileMatch              : 
23:36:43 INFO  ProfileMatch              :                 name: androidx.fragment::fragment
23:36:43 INFO  ProfileMatch              :             category: Android
23:36:43 INFO  ProfileMatch              :              version: 1.2.1  [OLD VERSION]
23:36:43 INFO  ProfileMatch              :         release-date:  --
23:36:43 INFO  ProfileMatch              :     lib root package: "androidx.fragment.app"
23:36:43 INFO  ProfileMatch              : 
23:36:43 INFO  ProfileMatch              :                 name: androidx.fragment::fragment
23:36:43 INFO  ProfileMatch              :             category: Android
23:36:43 INFO  ProfileMatch              :              version: 1.2.2  [OLD VERSION]
23:36:43 INFO  ProfileMatch              :         release-date:  --
23:36:43 INFO  ProfileMatch              :     lib root package: "androidx.fragment.app"
23:36:43 INFO  ProfileMatch              : 
23:36:43 INFO  ProfileMatch              :                 name: androidx.fragment::fragment
23:36:43 INFO  ProfileMatch              :             category: Android
23:36:43 INFO  ProfileMatch              :              version: 1.2.3  [OLD VERSION]
23:36:43 INFO  ProfileMatch              :         release-date:  --
23:36:43 INFO  ProfileMatch              :     lib root package: "androidx.fragment.app"
23:36:43 INFO  ProfileMatch              : 
23:36:43 INFO  ProfileMatch              :                 name: androidx.fragment::fragment
23:36:43 INFO  ProfileMatch              :             category: Android
23:36:43 INFO  ProfileMatch              :              version: 1.2.4  [OLD VERSION]
23:36:43 INFO  ProfileMatch              :         release-date:  --
23:36:43 INFO  ProfileMatch              :     lib root package: "androidx.fragment.app"
23:36:43 INFO  ProfileMatch              : 
23:36:43 INFO  ProfileMatch              :                 name: androidx.documentfile::documentfile
23:36:43 INFO  ProfileMatch              :             category: Android
23:36:43 INFO  ProfileMatch              :              version: 1.0.0  [OLD VERSION]
23:36:43 INFO  ProfileMatch              :         release-date:  --
23:36:43 INFO  ProfileMatch              :     lib root package: "androidx.documentfile.provider"
23:36:43 INFO  ProfileMatch              : 
23:36:43 INFO  ProfileMatch              :                 name: androidx.documentfile::documentfile
23:36:43 INFO  ProfileMatch              :             category: Android
23:36:43 INFO  ProfileMatch              :              version: 1.0.1
23:36:43 INFO  ProfileMatch              :         release-date:  --
23:36:43 INFO  ProfileMatch              :     lib root package: "androidx.documentfile.provider"
23:36:43 INFO  ProfileMatch              : 
23:36:43 INFO  ProfileMatch              :                 name: androidx.asynclayoutinflater::asynclayoutinflater
23:36:43 INFO  ProfileMatch              :             category: Android
23:36:43 INFO  ProfileMatch              :              version: 1.0.0
23:36:43 INFO  ProfileMatch              :         release-date:  --
23:36:43 INFO  ProfileMatch              :     lib root package: "androidx.asynclayoutinflater.view"
23:36:43 INFO  ProfileMatch              : 
23:36:43 INFO  ProfileMatch              :                 name: com.android.support::support-core-ui
23:36:43 INFO  ProfileMatch              :             category: Android
23:36:43 INFO  ProfileMatch              :              version: 28.0.0
23:36:43 INFO  ProfileMatch              :         release-date:  --
23:36:43 INFO  ProfileMatch              :     lib root package: "android.support.v4"  (in app: "androidx.legacy")
23:36:43 INFO  ProfileMatch              : 
23:36:43 INFO  ProfileMatch              :                 name: Facebook
23:36:43 INFO  ProfileMatch              :             category: SocialMedia
23:36:43 INFO  ProfileMatch              :              version: 4.27.0  [OLD VERSION]
23:36:43 INFO  ProfileMatch              :         release-date: 26.09.2017
23:36:43 INFO  ProfileMatch              :     lib root package: "com.facebook.all"  (in app: "it.gmariotti.changelibs.library")
23:36:43 INFO  ProfileMatch              : 
23:36:43 INFO  ProfileMatch              :                 name: Facebook
23:36:43 INFO  ProfileMatch              :             category: SocialMedia
23:36:43 INFO  ProfileMatch              :              version: 4.28.0  [OLD VERSION]
23:36:43 INFO  ProfileMatch              :         release-date: 07.11.2017
23:36:43 INFO  ProfileMatch              :     lib root package: "com.facebook.all"  (in app: "it.gmariotti.changelibs.library")
23:36:43 INFO  ProfileMatch              : 
23:36:43 INFO  ProfileMatch              :                 name: Facebook
23:36:43 INFO  ProfileMatch              :             category: SocialMedia
23:36:43 INFO  ProfileMatch              :              version: 4.29.0  [OLD VERSION]
23:36:43 INFO  ProfileMatch              :         release-date: 05.12.2017
23:36:43 INFO  ProfileMatch              :     lib root package: "com.facebook.all"  (in app: "it.gmariotti.changelibs.library")
23:36:43 INFO  ProfileMatch              : 
23:36:43 INFO  ProfileMatch              :                 name: Facebook
23:36:43 INFO  ProfileMatch              :             category: SocialMedia
23:36:43 INFO  ProfileMatch              :              version: 4.30.0  [OLD VERSION]
23:36:43 INFO  ProfileMatch              :         release-date: 24.01.2018
23:36:43 INFO  ProfileMatch              :     lib root package: "com.facebook.all"  (in app: "it.gmariotti.changelibs.library")
23:36:43 INFO  ProfileMatch              : 
23:36:43 INFO  ProfileMatch              :                 name: Facebook
23:36:43 INFO  ProfileMatch              :             category: SocialMedia
23:36:43 INFO  ProfileMatch              :              version: 4.31.0  [OLD VERSION]
23:36:43 INFO  ProfileMatch              :         release-date: 28.02.2018
23:36:43 INFO  ProfileMatch              :     lib root package: "com.facebook.all"  (in app: "it.gmariotti.changelibs.library")
23:36:43 INFO  ProfileMatch              : 
23:36:43 INFO  ProfileMatch              :                 name: Facebook
23:36:43 INFO  ProfileMatch              :             category: SocialMedia
23:36:43 INFO  ProfileMatch              :              version: 4.32.0  [OLD VERSION]
23:36:43 INFO  ProfileMatch              :         release-date: 11.04.2018
23:36:43 INFO  ProfileMatch              :     lib root package: "com.facebook.all"  (in app: "it.gmariotti.changelibs.library")
23:36:43 INFO  ProfileMatch              : 
23:36:43 INFO  ProfileMatch              :                 name: Facebook
23:36:43 INFO  ProfileMatch              :             category: SocialMedia
23:36:43 INFO  ProfileMatch              :              version: 4.33.0  [OLD VERSION]
23:36:43 INFO  ProfileMatch              :         release-date: 01.05.2018
23:36:43 INFO  ProfileMatch              :     lib root package: "com.facebook.all"  (in app: "it.gmariotti.changelibs.library")
23:36:43 INFO  ProfileMatch              : 
23:36:43 INFO  ProfileMatch              :                 name: Facebook
23:36:43 INFO  ProfileMatch              :             category: SocialMedia
23:36:43 INFO  ProfileMatch              :              version: 4.34.0  [OLD VERSION]
23:36:43 INFO  ProfileMatch              :         release-date: 19.06.2018
23:36:43 INFO  ProfileMatch              :     lib root package: "com.facebook.all"  (in app: "it.gmariotti.changelibs.library")
23:36:43 INFO  ProfileMatch              : 
23:36:43 INFO  ProfileMatch              :                 name: Facebook
23:36:43 INFO  ProfileMatch              :             category: SocialMedia
23:36:43 INFO  ProfileMatch              :              version: 4.35.0  [OLD VERSION]
23:36:43 INFO  ProfileMatch              :         release-date: 26.07.2018
23:36:43 INFO  ProfileMatch              :     lib root package: "com.facebook.all"  (in app: "it.gmariotti.changelibs.library")
23:36:43 INFO  ProfileMatch              : 
23:36:43 INFO  ProfileMatch              :                 name: Facebook
23:36:43 INFO  ProfileMatch              :             category: SocialMedia
23:36:43 INFO  ProfileMatch              :              version: 4.36.0  [OLD VERSION]
23:36:43 INFO  ProfileMatch              :         release-date: 29.08.2018
23:36:43 INFO  ProfileMatch              :     lib root package: "com.facebook.all"  (in app: "it.gmariotti.changelibs.library")
23:36:43 INFO  ProfileMatch              : 
23:36:43 INFO  ProfileMatch              :                 name: Facebook
23:36:43 INFO  ProfileMatch              :             category: SocialMedia
23:36:43 INFO  ProfileMatch              :              version: 4.36.1  [OLD VERSION]
23:36:43 INFO  ProfileMatch              :         release-date: 15.09.2018
23:36:43 INFO  ProfileMatch              :     lib root package: "com.facebook.all"  (in app: "it.gmariotti.changelibs.library")
23:36:43 INFO  ProfileMatch              : 
23:36:43 INFO  ProfileMatch              :                 name: Facebook
23:36:43 INFO  ProfileMatch              :             category: SocialMedia
23:36:43 INFO  ProfileMatch              :              version: 4.37.0  [OLD VERSION]
23:36:43 INFO  ProfileMatch              :         release-date: 27.09.2018
23:36:43 INFO  ProfileMatch              :     lib root package: "com.facebook.all"  (in app: "it.gmariotti.changelibs.library")
23:36:43 INFO  ProfileMatch              : 
23:36:43 INFO  ProfileMatch              :                 name: Facebook
23:36:43 INFO  ProfileMatch              :             category: SocialMedia
23:36:43 INFO  ProfileMatch              :              version: 4.38.0  [OLD VERSION]
23:36:43 INFO  ProfileMatch              :         release-date: 23.10.2018
23:36:43 INFO  ProfileMatch              :     lib root package: "com.facebook.all"  (in app: "it.gmariotti.changelibs.library")
23:36:43 INFO  ProfileMatch              : 
23:36:43 INFO  ProfileMatch              :                 name: Facebook
23:36:43 INFO  ProfileMatch              :             category: SocialMedia
23:36:43 INFO  ProfileMatch              :              version: 4.38.1  [OLD VERSION]
23:36:43 INFO  ProfileMatch              :         release-date: 31.10.2018
23:36:43 INFO  ProfileMatch              :     lib root package: "com.facebook.all"  (in app: "it.gmariotti.changelibs.library")
23:36:43 INFO  ProfileMatch              : 
23:36:43 INFO  ProfileMatch              :                 name: Facebook
23:36:43 INFO  ProfileMatch              :             category: SocialMedia
23:36:43 INFO  ProfileMatch              :              version: 4.39.0  [OLD VERSION]
23:36:43 INFO  ProfileMatch              :         release-date: 05.12.2018
23:36:43 INFO  ProfileMatch              :     lib root package: "com.facebook.all"  (in app: "it.gmariotti.changelibs.library")
23:36:43 INFO  ProfileMatch              : 
23:36:43 INFO  ProfileMatch              :                 name: Facebook
23:36:43 INFO  ProfileMatch              :             category: SocialMedia
23:36:43 INFO  ProfileMatch              :              version: 4.40.0  [OLD VERSION]
23:36:43 INFO  ProfileMatch              :         release-date: 22.01.2019
23:36:43 INFO  ProfileMatch              :     lib root package: "com.facebook.all"  (in app: "it.gmariotti.changelibs.library")
23:36:43 INFO  ProfileMatch              : 
23:36:43 INFO  ProfileMatch              :                 name: Facebook
23:36:43 INFO  ProfileMatch              :             category: SocialMedia
23:36:43 INFO  ProfileMatch              :              version: 4.41.0  [OLD VERSION]
23:36:43 INFO  ProfileMatch              :         release-date: 08.03.2019
23:36:43 INFO  ProfileMatch              :     lib root package: "com.facebook.all"  (in app: "it.gmariotti.changelibs.library")
23:36:43 INFO  ProfileMatch              : 
23:36:43 INFO  ProfileMatch              :                 name: Facebook
23:36:43 INFO  ProfileMatch              :             category: SocialMedia
23:36:43 INFO  ProfileMatch              :              version: 4.42.0  [OLD VERSION]
23:36:43 INFO  ProfileMatch              :         release-date: 08.04.2019
23:36:43 INFO  ProfileMatch              :     lib root package: "com.facebook.all"  (in app: "it.gmariotti.changelibs.library")
23:36:43 INFO  ProfileMatch              : 
23:36:43 INFO  ProfileMatch              :                 name: Facebook
23:36:43 INFO  ProfileMatch              :             category: SocialMedia
23:36:43 INFO  ProfileMatch              :              version: 5.0.0  [OLD VERSION]
23:36:43 INFO  ProfileMatch              :         release-date: 30.04.2019
23:36:43 INFO  ProfileMatch              :     lib root package: "com.facebook.all"  (in app: "it.gmariotti.changelibs.library")
23:36:43 INFO  ProfileMatch              : 
23:36:43 INFO  ProfileMatch              :                 name: Facebook
23:36:43 INFO  ProfileMatch              :             category: SocialMedia
23:36:43 INFO  ProfileMatch              :              version: 5.0.1  [OLD VERSION]
23:36:43 INFO  ProfileMatch              :         release-date: 17.05.2019
23:36:43 INFO  ProfileMatch              :     lib root package: "com.facebook.all"  (in app: "it.gmariotti.changelibs.library")
23:36:43 INFO  ProfileMatch              : 
23:36:43 INFO  ProfileMatch              :                 name: Facebook
23:36:43 INFO  ProfileMatch              :             category: SocialMedia
23:36:43 INFO  ProfileMatch              :              version: 5.0.2  [OLD VERSION]
23:36:43 INFO  ProfileMatch              :         release-date: 09.06.2019
23:36:43 INFO  ProfileMatch              :     lib root package: "com.facebook.all"  (in app: "it.gmariotti.changelibs.library")
23:36:43 INFO  ProfileMatch              : 
23:36:43 INFO  ProfileMatch              :                 name: Facebook
23:36:43 INFO  ProfileMatch              :             category: SocialMedia
23:36:43 INFO  ProfileMatch              :              version: 5.0.3  [OLD VERSION]
23:36:43 INFO  ProfileMatch              :         release-date: 14.06.2019
23:36:43 INFO  ProfileMatch              :     lib root package: "com.facebook.all"  (in app: "it.gmariotti.changelibs.library")
23:36:43 INFO  ProfileMatch              : 
23:36:43 INFO  ProfileMatch              :                 name: Facebook
23:36:43 INFO  ProfileMatch              :             category: SocialMedia
23:36:43 INFO  ProfileMatch              :              version: 5.1.0  [OLD VERSION]
23:36:43 INFO  ProfileMatch              :         release-date: 21.06.2019
23:36:43 INFO  ProfileMatch              :     lib root package: "com.facebook.all"  (in app: "it.gmariotti.changelibs.library")
23:36:43 INFO  ProfileMatch              : 
23:36:43 INFO  ProfileMatch              :                 name: Facebook
23:36:43 INFO  ProfileMatch              :             category: SocialMedia
23:36:43 INFO  ProfileMatch              :              version: 5.1.1  [OLD VERSION]
23:36:43 INFO  ProfileMatch              :         release-date: 02.07.2019
23:36:43 INFO  ProfileMatch              :     lib root package: "com.facebook.all"  (in app: "it.gmariotti.changelibs.library")
23:36:43 INFO  ProfileMatch              : 
23:36:43 INFO  ProfileMatch              :                 name: Facebook
23:36:43 INFO  ProfileMatch              :             category: SocialMedia
23:36:43 INFO  ProfileMatch              :              version: 5.2.0  [OLD VERSION]
23:36:43 INFO  ProfileMatch              :         release-date: 29.07.2019
23:36:43 INFO  ProfileMatch              :     lib root package: "com.facebook.all"  (in app: "it.gmariotti.changelibs.library")
23:36:43 INFO  ProfileMatch              : 
23:36:43 INFO  ProfileMatch              :                 name: Facebook
23:36:43 INFO  ProfileMatch              :             category: SocialMedia
23:36:43 INFO  ProfileMatch              :              version: 5.4.0  [OLD VERSION]
23:36:43 INFO  ProfileMatch              :         release-date: 16.08.2019
23:36:43 INFO  ProfileMatch              :     lib root package: "com.facebook.all"  (in app: "it.gmariotti.changelibs.library")
23:36:43 INFO  ProfileMatch              : 
23:36:43 INFO  ProfileMatch              :                 name: Facebook
23:36:43 INFO  ProfileMatch              :             category: SocialMedia
23:36:43 INFO  ProfileMatch              :              version: 5.5.0  [OLD VERSION]
23:36:43 INFO  ProfileMatch              :         release-date: 31.08.2019
23:36:43 INFO  ProfileMatch              :     lib root package: "com.facebook.all"  (in app: "it.gmariotti.changelibs.library")
23:36:43 INFO  ProfileMatch              : 
23:36:43 INFO  ProfileMatch              :                 name: Facebook
23:36:43 INFO  ProfileMatch              :             category: SocialMedia
23:36:43 INFO  ProfileMatch              :              version: 5.5.1  [OLD VERSION]
23:36:43 INFO  ProfileMatch              :         release-date: 06.09.2019
23:36:43 INFO  ProfileMatch              :     lib root package: "com.facebook.all"  (in app: "it.gmariotti.changelibs.library")
23:36:43 INFO  ProfileMatch              : 
23:36:43 INFO  ProfileMatch              :                 name: Facebook
23:36:43 INFO  ProfileMatch              :             category: SocialMedia
23:36:43 INFO  ProfileMatch              :              version: 5.5.2  [OLD VERSION]
23:36:43 INFO  ProfileMatch              :         release-date: 05.10.2019
23:36:43 INFO  ProfileMatch              :     lib root package: "com.facebook.all"  (in app: "it.gmariotti.changelibs.library")
23:36:43 INFO  ProfileMatch              : 
23:36:43 INFO  ProfileMatch              :                 name: Facebook
23:36:43 INFO  ProfileMatch              :             category: SocialMedia
23:36:43 INFO  ProfileMatch              :              version: 5.8.0  [OLD VERSION]
23:36:43 INFO  ProfileMatch              :         release-date: 08.10.2019
23:36:43 INFO  ProfileMatch              :     lib root package: "com.facebook.all"  (in app: "it.gmariotti.changelibs.library")
23:36:43 INFO  ProfileMatch              : 
23:36:43 INFO  ProfileMatch              :                 name: Facebook
23:36:43 INFO  ProfileMatch              :             category: SocialMedia
23:36:43 INFO  ProfileMatch              :              version: 5.9.0  [OLD VERSION]
23:36:43 INFO  ProfileMatch              :         release-date: 29.10.2019
23:36:43 INFO  ProfileMatch              :     lib root package: "com.facebook.all"  (in app: "it.gmariotti.changelibs.library")
23:36:43 INFO  ProfileMatch              : 
23:36:43 INFO  ProfileMatch              :                 name: Facebook
23:36:43 INFO  ProfileMatch              :             category: SocialMedia
23:36:43 INFO  ProfileMatch              :              version: 5.11.0  [OLD VERSION]
23:36:43 INFO  ProfileMatch              :         release-date: 15.11.2019
23:36:43 INFO  ProfileMatch              :     lib root package: "com.facebook.all"  (in app: "it.gmariotti.changelibs.library")
23:36:43 INFO  ProfileMatch              : 
23:36:43 INFO  ProfileMatch              :                 name: Facebook
23:36:43 INFO  ProfileMatch              :             category: SocialMedia
23:36:43 INFO  ProfileMatch              :              version: 5.11.1  [OLD VERSION]
23:36:43 INFO  ProfileMatch              :         release-date: 21.11.2019
23:36:43 INFO  ProfileMatch              :     lib root package: "com.facebook.all"  (in app: "it.gmariotti.changelibs.library")
23:36:43 INFO  ProfileMatch              : 
23:36:43 INFO  ProfileMatch              :                 name: Facebook
23:36:43 INFO  ProfileMatch              :             category: SocialMedia
23:36:43 INFO  ProfileMatch              :              version: 5.11.2  [OLD VERSION]
23:36:43 INFO  ProfileMatch              :         release-date: 22.11.2019
23:36:43 INFO  ProfileMatch              :     lib root package: "com.facebook.all"  (in app: "it.gmariotti.changelibs.library")
23:36:43 INFO  ProfileMatch              : 
23:36:43 INFO  ProfileMatch              :                 name: Facebook
23:36:43 INFO  ProfileMatch              :             category: SocialMedia
23:36:43 INFO  ProfileMatch              :              version: 5.12.0  [OLD VERSION]
23:36:43 INFO  ProfileMatch              :         release-date: 04.12.2019
23:36:43 INFO  ProfileMatch              :     lib root package: "com.facebook.all"  (in app: "it.gmariotti.changelibs.library")
23:36:43 INFO  ProfileMatch              : 
23:36:43 INFO  ProfileMatch              :                 name: Facebook
23:36:43 INFO  ProfileMatch              :             category: SocialMedia
23:36:43 INFO  ProfileMatch              :              version: 5.12.1  [OLD VERSION]
23:36:43 INFO  ProfileMatch              :         release-date: 09.12.2019
23:36:43 INFO  ProfileMatch              :     lib root package: "com.facebook.all"  (in app: "it.gmariotti.changelibs.library")
23:36:43 INFO  ProfileMatch              : 
23:36:43 INFO  ProfileMatch              :                 name: Facebook
23:36:43 INFO  ProfileMatch              :             category: SocialMedia
23:36:43 INFO  ProfileMatch              :              version: 5.13.0  [OLD VERSION]
23:36:43 INFO  ProfileMatch              :         release-date: 12.12.2019
23:36:43 INFO  ProfileMatch              :     lib root package: "com.facebook.all"  (in app: "it.gmariotti.changelibs.library")
23:36:43 INFO  ProfileMatch              : 
23:36:43 INFO  ProfileMatch              :                 name: Facebook
23:36:43 INFO  ProfileMatch              :             category: SocialMedia
23:36:43 INFO  ProfileMatch              :              version: 5.15.0  [OLD VERSION]
23:36:43 INFO  ProfileMatch              :         release-date: 21.01.2020
23:36:43 INFO  ProfileMatch              :     lib root package: "com.facebook.all"  (in app: "it.gmariotti.changelibs.library")
23:36:43 INFO  ProfileMatch              : 
23:36:43 INFO  ProfileMatch              :                 name: Facebook
23:36:43 INFO  ProfileMatch              :             category: SocialMedia
23:36:43 INFO  ProfileMatch              :              version: 5.15.1  [OLD VERSION]
23:36:43 INFO  ProfileMatch              :         release-date: 29.01.2020
23:36:43 INFO  ProfileMatch              :     lib root package: "com.facebook.all"  (in app: "it.gmariotti.changelibs.library")
23:36:43 INFO  ProfileMatch              : 
23:36:43 INFO  ProfileMatch              :                 name: Facebook
23:36:43 INFO  ProfileMatch              :             category: SocialMedia
23:36:43 INFO  ProfileMatch              :              version: 5.15.2  [OLD VERSION]
23:36:43 INFO  ProfileMatch              :         release-date: 03.02.2020
23:36:43 INFO  ProfileMatch              :     lib root package: "com.facebook.all"  (in app: "it.gmariotti.changelibs.library")
23:36:43 INFO  ProfileMatch              : 
23:36:43 INFO  ProfileMatch              :                 name: Facebook
23:36:43 INFO  ProfileMatch              :             category: SocialMedia
23:36:43 INFO  ProfileMatch              :              version: 5.15.3  [OLD VERSION]
23:36:43 INFO  ProfileMatch              :         release-date: 03.02.2020
23:36:43 INFO  ProfileMatch              :     lib root package: "com.facebook.all"  (in app: "it.gmariotti.changelibs.library")
23:36:43 INFO  ProfileMatch              : 
23:36:43 INFO  ProfileMatch              :                 name: Facebook
23:36:43 INFO  ProfileMatch              :             category: SocialMedia
23:36:43 INFO  ProfileMatch              :              version: 6.0.0  [OLD VERSION]
23:36:43 INFO  ProfileMatch              :         release-date: 03.02.2020
23:36:43 INFO  ProfileMatch              :     lib root package: "com.facebook.all"  (in app: "it.gmariotti.changelibs.library")
23:36:43 INFO  ProfileMatch              : 
23:36:43 INFO  ProfileMatch              :                 name: Facebook
23:36:43 INFO  ProfileMatch              :             category: SocialMedia
23:36:43 INFO  ProfileMatch              :              version: 6.1.0  [OLD VERSION]
23:36:43 INFO  ProfileMatch              :         release-date: 14.02.2020
23:36:43 INFO  ProfileMatch              :     lib root package: "com.facebook.all"  (in app: "it.gmariotti.changelibs.library")
23:36:43 INFO  ProfileMatch              : 
23:36:43 INFO  ProfileMatch              :                 name: Facebook
23:36:43 INFO  ProfileMatch              :             category: SocialMedia
23:36:43 INFO  ProfileMatch              :              version: 6.2.0  [OLD VERSION]
23:36:43 INFO  ProfileMatch              :         release-date: 09.03.2020
23:36:43 INFO  ProfileMatch              :     lib root package: "com.facebook.all"  (in app: "it.gmariotti.changelibs.library")
23:36:43 INFO  ProfileMatch              : 
23:36:43 INFO  ProfileMatch              :                 name: Facebook
23:36:43 INFO  ProfileMatch              :             category: SocialMedia
23:36:43 INFO  ProfileMatch              :              version: 6.3.0  [OLD VERSION]
23:36:43 INFO  ProfileMatch              :         release-date: 25.03.2020
23:36:43 INFO  ProfileMatch              :     lib root package: "com.facebook.all"  (in app: "it.gmariotti.changelibs.library")
23:36:43 INFO  ProfileMatch              : 
23:36:43 INFO  ProfileMatch              :                 name: Facebook
23:36:43 INFO  ProfileMatch              :             category: SocialMedia
23:36:43 INFO  ProfileMatch              :              version: 6.4.0  [OLD VERSION]
23:36:43 INFO  ProfileMatch              :         release-date: 15.04.2020
23:36:43 INFO  ProfileMatch              :     lib root package: "com.facebook.all"  (in app: "it.gmariotti.changelibs.library")
23:36:43 INFO  ProfileMatch              : 
23:36:43 INFO  ProfileMatch              :                 name: Facebook
23:36:43 INFO  ProfileMatch              :             category: SocialMedia
23:36:43 INFO  ProfileMatch              :              version: 6.5.0  [OLD VERSION]
23:36:43 INFO  ProfileMatch              :         release-date: 20.04.2020
23:36:43 INFO  ProfileMatch              :     lib root package: "com.facebook.all"  (in app: "it.gmariotti.changelibs.library")
23:36:43 INFO  ProfileMatch              : 
23:36:43 INFO  ProfileMatch              :                 name: Facebook
23:36:43 INFO  ProfileMatch              :             category: SocialMedia
23:36:43 INFO  ProfileMatch              :              version: 6.5.1  [OLD VERSION]
23:36:43 INFO  ProfileMatch              :         release-date: 23.04.2020
23:36:43 INFO  ProfileMatch              :     lib root package: "com.facebook.all"  (in app: "it.gmariotti.changelibs.library")
23:36:43 INFO  ProfileMatch              : 
23:36:43 INFO  ProfileMatch              :                 name: Facebook
23:36:43 INFO  ProfileMatch              :             category: SocialMedia
23:36:43 INFO  ProfileMatch              :              version: 7.0.0  [OLD VERSION]
23:36:43 INFO  ProfileMatch              :         release-date: 05.05.2020
23:36:43 INFO  ProfileMatch              :     lib root package: "com.facebook.all"  (in app: "it.gmariotti.changelibs.library")
23:36:43 INFO  ProfileMatch              : 
23:36:43 INFO  ProfileMatch              :                 name: Facebook
23:36:43 INFO  ProfileMatch              :             category: SocialMedia
23:36:43 INFO  ProfileMatch              :              version: 7.0.1  [OLD VERSION]
23:36:43 INFO  ProfileMatch              :         release-date: 09.06.2020
23:36:43 INFO  ProfileMatch              :     lib root package: "com.facebook.all"  (in app: "it.gmariotti.changelibs.library")
23:36:43 INFO  ProfileMatch              : 
23:36:43 INFO  ProfileMatch              :                 name: Facebook
23:36:43 INFO  ProfileMatch              :             category: SocialMedia
23:36:43 INFO  ProfileMatch              :              version: 7.1.0  [OLD VERSION]
23:36:43 INFO  ProfileMatch              :         release-date: 23.06.2020
23:36:43 INFO  ProfileMatch              :     lib root package: "com.facebook.all"  (in app: "it.gmariotti.changelibs.library")
23:36:43 INFO  ProfileMatch              : 
23:36:43 INFO  ProfileMatch              :                 name: Facebook
23:36:43 INFO  ProfileMatch              :             category: SocialMedia
23:36:43 INFO  ProfileMatch              :              version: 8.0.0  [OLD VERSION]
23:36:43 INFO  ProfileMatch              :         release-date: 28.09.2020
23:36:43 INFO  ProfileMatch              :     lib root package: "com.facebook.all"  (in app: "it.gmariotti.changelibs.library")
23:36:43 INFO  ProfileMatch              : 
23:36:43 INFO  ProfileMatch              :                 name: Facebook
23:36:43 INFO  ProfileMatch              :             category: SocialMedia
23:36:43 INFO  ProfileMatch              :              version: 8.1.0  [OLD VERSION]
23:36:43 INFO  ProfileMatch              :         release-date: 14.10.2020
23:36:43 INFO  ProfileMatch              :     lib root package: "com.facebook.all"  (in app: "it.gmariotti.changelibs.library")
23:36:43 INFO  ProfileMatch              : 
23:36:43 INFO  ProfileMatch              :                 name: Facebook
23:36:43 INFO  ProfileMatch              :             category: SocialMedia
23:36:43 INFO  ProfileMatch              :              version: 8.2.0  [OLD VERSION]
23:36:43 INFO  ProfileMatch              :         release-date: 18.12.2020
23:36:43 INFO  ProfileMatch              :     lib root package: "com.facebook.all"  (in app: "it.gmariotti.changelibs.library")
23:36:43 INFO  ProfileMatch              : 
23:36:43 INFO  ProfileMatch              :                 name: Facebook
23:36:43 INFO  ProfileMatch              :             category: SocialMedia
23:36:43 INFO  ProfileMatch              :              version: 9.0.0  [OLD VERSION]
23:36:43 INFO  ProfileMatch              :         release-date: 19.01.2021
23:36:43 INFO  ProfileMatch              :     lib root package: "com.facebook.all"  (in app: "it.gmariotti.changelibs.library")
23:36:43 INFO  ProfileMatch              : 
23:36:43 INFO  ProfileMatch              :                 name: Facebook
23:36:43 INFO  ProfileMatch              :             category: SocialMedia
23:36:43 INFO  ProfileMatch              :              version: 9.1.0  [OLD VERSION]
23:36:43 INFO  ProfileMatch              :         release-date: 15.03.2021
23:36:43 INFO  ProfileMatch              :     lib root package: "com.facebook.all"  (in app: "it.gmariotti.changelibs.library")
23:36:43 INFO  ProfileMatch              : 
23:36:43 INFO  ProfileMatch              :                 name: Facebook
23:36:43 INFO  ProfileMatch              :             category: SocialMedia
23:36:43 INFO  ProfileMatch              :              version: 9.1.1  [OLD VERSION]
23:36:43 INFO  ProfileMatch              :         release-date: 12.04.2021
23:36:43 INFO  ProfileMatch              :     lib root package: "com.facebook.all"  (in app: "it.gmariotti.changelibs.library")
23:36:43 INFO  ProfileMatch              : 
23:36:43 INFO  ProfileMatch              :                 name: Facebook
23:36:43 INFO  ProfileMatch              :             category: SocialMedia
23:36:43 INFO  ProfileMatch              :              version: 11.0.0  [OLD VERSION]
23:36:43 INFO  ProfileMatch              :         release-date: 08.06.2021
23:36:43 INFO  ProfileMatch              :     lib root package: "com.facebook.all"  (in app: "it.gmariotti.changelibs.library")
23:36:43 INFO  ProfileMatch              : 
23:36:43 INFO  ProfileMatch              :                 name: Facebook
23:36:43 INFO  ProfileMatch              :             category: SocialMedia
23:36:43 INFO  ProfileMatch              :              version: 11.1.0  [OLD VERSION]
23:36:43 INFO  ProfileMatch              :         release-date: 06.07.2021
23:36:43 INFO  ProfileMatch              :     lib root package: "com.facebook.all"  (in app: "it.gmariotti.changelibs.library")
23:36:43 INFO  ProfileMatch              : 
23:36:43 INFO  ProfileMatch              :                 name: Facebook
23:36:43 INFO  ProfileMatch              :             category: SocialMedia
23:36:43 INFO  ProfileMatch              :              version: 11.1.1  [OLD VERSION]
23:36:43 INFO  ProfileMatch              :         release-date: 19.07.2021
23:36:43 INFO  ProfileMatch              :     lib root package: "com.facebook.all"  (in app: "it.gmariotti.changelibs.library")
23:36:43 INFO  ProfileMatch              : 
23:36:43 INFO  ProfileMatch              :                 name: Facebook
23:36:43 INFO  ProfileMatch              :             category: SocialMedia
23:36:43 INFO  ProfileMatch              :              version: 11.2.0  [OLD VERSION]
23:36:43 INFO  ProfileMatch              :         release-date: 03.08.2021
23:36:43 INFO  ProfileMatch              :     lib root package: "com.facebook.all"  (in app: "it.gmariotti.changelibs.library")
23:36:43 INFO  ProfileMatch              : 
23:36:43 INFO  ProfileMatch              :                 name: Facebook
23:36:43 INFO  ProfileMatch              :             category: SocialMedia
23:36:43 INFO  ProfileMatch              :              version: 11.3.0  [OLD VERSION]
23:36:43 INFO  ProfileMatch              :         release-date: 07.09.2021
23:36:43 INFO  ProfileMatch              :     lib root package: "com.facebook.all"  (in app: "it.gmariotti.changelibs.library")
23:36:43 INFO  ProfileMatch              : 
23:36:43 INFO  ProfileMatch              :                 name: Facebook
23:36:43 INFO  ProfileMatch              :             category: SocialMedia
23:36:43 INFO  ProfileMatch              :              version: 12.0.0  [OLD VERSION]
23:36:43 INFO  ProfileMatch              :         release-date: 05.10.2021
23:36:43 INFO  ProfileMatch              :     lib root package: "com.facebook.all"  (in app: "it.gmariotti.changelibs.library")
23:36:43 INFO  ProfileMatch              : 
23:36:43 INFO  ProfileMatch              :                 name: Facebook
23:36:43 INFO  ProfileMatch              :             category: SocialMedia
23:36:43 INFO  ProfileMatch              :              version: 12.0.1  [OLD VERSION]
23:36:43 INFO  ProfileMatch              :         release-date: 13.10.2021
23:36:43 INFO  ProfileMatch              :     lib root package: "com.facebook.all"  (in app: "it.gmariotti.changelibs.library")
23:36:43 INFO  ProfileMatch              : 
23:36:43 INFO  ProfileMatch              :                 name: Facebook
23:36:43 INFO  ProfileMatch              :             category: SocialMedia
23:36:43 INFO  ProfileMatch              :              version: 12.1.0  [OLD VERSION]
23:36:43 INFO  ProfileMatch              :         release-date: 01.11.2021
23:36:43 INFO  ProfileMatch              :     lib root package: "com.facebook.all"  (in app: "it.gmariotti.changelibs.library")
23:36:43 INFO  ProfileMatch              : 
23:36:43 INFO  ProfileMatch              :                 name: Facebook
23:36:43 INFO  ProfileMatch              :             category: SocialMedia
23:36:43 INFO  ProfileMatch              :              version: 12.2.0  [OLD VERSION]
23:36:43 INFO  ProfileMatch              :         release-date: 06.12.2021
23:36:43 INFO  ProfileMatch              :     lib root package: "com.facebook.all"  (in app: "it.gmariotti.changelibs.library")
23:36:43 INFO  ProfileMatch              : 
23:36:43 INFO  ProfileMatch              :                 name: Facebook
23:36:43 INFO  ProfileMatch              :             category: SocialMedia
23:36:43 INFO  ProfileMatch              :              version: 12.3.0  [OLD VERSION]
23:36:43 INFO  ProfileMatch              :         release-date: 10.01.2022
23:36:43 INFO  ProfileMatch              :     lib root package: "com.facebook.all"  (in app: "it.gmariotti.changelibs.library")
23:36:43 INFO  ProfileMatch              : 
23:36:43 INFO  ProfileMatch              :                 name: Facebook
23:36:43 INFO  ProfileMatch              :             category: SocialMedia
23:36:43 INFO  ProfileMatch              :              version: 13.0.0  [OLD VERSION]
23:36:43 INFO  ProfileMatch              :         release-date: 23.02.2022
23:36:43 INFO  ProfileMatch              :     lib root package: "com.facebook.all"  (in app: "it.gmariotti.changelibs.library")
23:36:43 INFO  ProfileMatch              : 
23:36:43 INFO  ProfileMatch              :                 name: Facebook
23:36:43 INFO  ProfileMatch              :             category: SocialMedia
23:36:43 INFO  ProfileMatch              :              version: 13.1.0  [OLD VERSION]
23:36:43 INFO  ProfileMatch              :         release-date: 21.03.2022
23:36:43 INFO  ProfileMatch              :     lib root package: "com.facebook.all"  (in app: "it.gmariotti.changelibs.library")
23:36:43 INFO  ProfileMatch              : 
23:36:43 INFO  ProfileMatch              :                 name: Facebook
23:36:43 INFO  ProfileMatch              :             category: SocialMedia
23:36:43 INFO  ProfileMatch              :              version: 13.2.0  [OLD VERSION]
23:36:43 INFO  ProfileMatch              :         release-date: 22.04.2022
23:36:43 INFO  ProfileMatch              :     lib root package: "com.facebook.all"  (in app: "it.gmariotti.changelibs.library")
23:36:43 INFO  ProfileMatch              : 
23:36:43 INFO  ProfileMatch              :                 name: Facebook
23:36:43 INFO  ProfileMatch              :             category: SocialMedia
23:36:43 INFO  ProfileMatch              :              version: 14.0.0
23:36:43 INFO  ProfileMatch              :         release-date: 14.06.2022
23:36:43 INFO  ProfileMatch              :     lib root package: "com.facebook.all"  (in app: "it.gmariotti.changelibs.library")
23:36:43 INFO  ProfileMatch              : 
23:36:43 INFO  ProfileMatch              :                 name: androidx.legacy::legacy-support-core-utils
23:36:43 INFO  ProfileMatch              :             category: Android
23:36:43 INFO  ProfileMatch              :              version: 1.0.0
23:36:43 INFO  ProfileMatch              :         release-date:  --
23:36:43 INFO  ProfileMatch              :     lib root package: "androidx.legacy.content"
23:36:43 INFO  ProfileMatch              : 
23:36:43 INFO  ProfileMatch              :                 name: com.android.support::documentfile
23:36:43 INFO  ProfileMatch              :             category: Android
23:36:43 INFO  ProfileMatch              :              version: 28.0.0
23:36:43 INFO  ProfileMatch              :         release-date:  --
23:36:43 INFO  ProfileMatch              :     lib root package: "android.support.v4.provider"  (in app: "androidx.documentfile.provider")
23:36:43 INFO  ProfileMatch              : 
23:36:43 INFO  ProfileMatch              :                 name: com.android.support::viewpager
23:36:43 INFO  ProfileMatch              :             category: Android
23:36:43 INFO  ProfileMatch              :              version: 28.0.0
23:36:43 INFO  ProfileMatch              :         release-date:  --
23:36:43 INFO  ProfileMatch              :     lib root package: "android.support.v4.view"  (in app: "androidx.viewpager.widget")
23:36:43 INFO  ProfileMatch              : 
23:36:43 INFO  ProfileMatch              :                 name: androidx.localbroadcastmanager::localbroadcastmanager
23:36:43 INFO  ProfileMatch              :             category: Android
23:36:43 INFO  ProfileMatch              :              version: 1.0.0  [OLD VERSION]
23:36:43 INFO  ProfileMatch              :         release-date:  --
23:36:43 INFO  ProfileMatch              :     lib root package: "androidx.localbroadcastmanager.content"
23:36:43 INFO  ProfileMatch              : 
23:36:43 INFO  ProfileMatch              :                 name: androidx.localbroadcastmanager::localbroadcastmanager
23:36:43 INFO  ProfileMatch              :             category: Android
23:36:43 INFO  ProfileMatch              :              version: 1.1.0
23:36:43 INFO  ProfileMatch              :         release-date:  --
23:36:43 INFO  ProfileMatch              :     lib root package: "androidx.localbroadcastmanager.content"
23:36:43 INFO  ProfileMatch              : 
23:36:43 INFO  ProfileMatch              :                 name: androidx.viewpager::viewpager
23:36:43 INFO  ProfileMatch              :             category: Android
23:36:43 INFO  ProfileMatch              :              version: 1.0.0
23:36:43 INFO  ProfileMatch              :         release-date:  --
23:36:43 INFO  ProfileMatch              :     lib root package: "androidx.viewpager.widget"
23:36:43 INFO  ProfileMatch              : 
23:36:44 INFO  LibraryIdentifier         : 
23:36:44 INFO  LibraryIdentifier         : - Partial library matches:
23:36:44 INFO  LibraryIdentifier         :                 name: android.arch.core::common
23:36:44 INFO  LibraryIdentifier         :             category: Android
23:36:44 INFO  LibraryIdentifier         :              version: 1.1.1
23:36:44 INFO  LibraryIdentifier         :         release-date:  --
23:36:44 INFO  LibraryIdentifier         :     lib root package: "android.arch.core"
23:36:44 INFO  LibraryIdentifier         :         Partial matching results:
23:36:44 INFO  LibraryIdentifier         :              - config: Hashing.md5() | Flags: no-flag | Keep: PN | Prune: MSIG   score: 0.875
23:36:44 INFO  LibraryIdentifier         : 
23:36:44 INFO  LibraryIdentifier         :                 name: android.arch.core::runtime
23:36:44 INFO  LibraryIdentifier         :             category: Android
23:36:44 INFO  LibraryIdentifier         :              version: 1.1.0  [OLD VERSION]
23:36:44 INFO  LibraryIdentifier         :         release-date:  --
23:36:44 INFO  LibraryIdentifier         :     lib root package: "android.arch.core"
23:36:44 INFO  LibraryIdentifier         :         Partial matching results:
23:36:44 INFO  LibraryIdentifier         :              - config: Hashing.md5() | Flags: no-flag | Keep: PN | Prune: MSIG   score: 0.9
23:36:44 INFO  LibraryIdentifier         : 
23:36:44 INFO  LibraryIdentifier         : 
23:36:44 INFO  LibraryIdentifier         : App processing time: 26 sec, 156 ms
