17:11:26 INFO  LibraryIdentifier         : Process app: net.taler.wallet.fdroid_9.apk
17:11:26 INFO  LibraryIdentifier         : = Manifest Parser =
17:11:26 INFO  LibraryIdentifier         :         Package name: net.taler.wallet.fdroid
17:11:26 INFO  LibraryIdentifier         :         Version code: 9
17:11:26 INFO  LibraryIdentifier         :        minSdkVersion: 21
17:11:26 INFO  LibraryIdentifier         :     targetSdkVersion: 30
17:11:26 INFO  LibraryIdentifier         :         SharedUserId:  - none -
17:11:26 INFO  LibraryIdentifier         :     Library dependencies:  - none -
17:11:26 INFO  LibraryIdentifier         : 
17:11:26 INFO  LibraryIdentifier         : Found 402 unique libraries in 12405 library profiles
17:11:26 INFO  LibraryIdentifier         : Multi-dex apk detected - Code is merged to single class hierarchy!
17:11:26 INFO  LibraryIdentifier         : Generated class hierarchy (in 631 ms)
17:11:27 INFO  WalaUtils                 : 
17:11:27 INFO  WalaUtils                 : = ClassHierarchy Stats =
17:11:27 INFO  WalaUtils                 :     # of classes: 5223
17:11:27 INFO  WalaUtils                 :     # thereof inner classes: 2785
17:11:27 INFO  WalaUtils                 :     # thereof public classes: 4914
17:11:27 INFO  WalaUtils                 :         Activity : 8
17:11:27 INFO  WalaUtils                 :         Application : 0
17:11:27 INFO  WalaUtils                 :         AsyncTask : 0
17:11:27 INFO  WalaUtils                 :         BroadcastReceiver : 7
17:11:27 INFO  WalaUtils                 :         ContentProvider : 0
17:11:27 INFO  WalaUtils                 :         Fragment : 1
17:11:27 INFO  WalaUtils                 :         Handler : 4
17:11:27 INFO  WalaUtils                 :         LayoutContainer : 58
17:11:27 INFO  WalaUtils                 :         Plain : 5102
17:11:27 INFO  WalaUtils                 :         Runnable : 0
17:11:27 INFO  WalaUtils                 :         Service : 2
17:11:27 INFO  WalaUtils                 :         Thread : 3
17:11:27 INFO  WalaUtils                 :         View : 38
17:11:27 INFO  WalaUtils                 :     # methods: 26936
17:11:27 INFO  WalaUtils                 :         # of publicly accessible methods: 24724
17:11:27 INFO  WalaUtils                 :         # of non-accessible methods: 2212
17:11:27 INFO  WalaUtils                 : 
17:11:27 INFO  Profile                   : = PackageTree =
17:11:27 INFO  PackageTree               : Root Package: kotlin
17:11:27 INFO  PackageTree               : └── Root (7)
17:11:27 INFO  PackageTree               :     ├── kotlin (20)
17:11:27 INFO  PackageTree               :     │   ├── reflect (47)
17:11:27 INFO  PackageTree               :     │   │   ├── jvm (5)
17:11:27 INFO  PackageTree               :     │   │   │   └── internal (138)
17:11:27 INFO  PackageTree               :     │   │   │       ├── impl
17:11:27 INFO  PackageTree               :     │   │   │       │   ├── load
17:11:27 INFO  PackageTree               :     │   │   │       │   │   ├── java (45)
17:11:27 INFO  PackageTree               :     │   │   │       │   │   │   ├── typeEnhancement (63)
17:11:27 INFO  PackageTree               :     │   │   │       │   │   │   ├── lazy (21)
17:11:27 INFO  PackageTree               :     │   │   │       │   │   │   │   ├── descriptors (62)
17:11:27 INFO  PackageTree               :     │   │   │       │   │   │   │   └── types (16)
17:11:27 INFO  PackageTree               :     │   │   │       │   │   │   ├── structure (29)
17:11:27 INFO  PackageTree               :     │   │   │       │   │   │   ├── descriptors (14)
17:11:27 INFO  PackageTree               :     │   │   │       │   │   │   ├── components (22)
17:11:27 INFO  PackageTree               :     │   │   │       │   │   │   └── sources (2)
17:11:27 INFO  PackageTree               :     │   │   │       │   │   └── kotlin (56)
17:11:27 INFO  PackageTree               :     │   │   │       │   │       └── header (11)
17:11:27 INFO  PackageTree               :     │   │   │       │   ├── metadata (123)
17:11:27 INFO  PackageTree               :     │   │   │       │   │   ├── jvm (23)
17:11:27 INFO  PackageTree               :     │   │   │       │   │   │   └── deserialization (15)
17:11:27 INFO  PackageTree               :     │   │   │       │   │   ├── deserialization (18)
17:11:27 INFO  PackageTree               :     │   │   │       │   │   └── builtins (3)
17:11:27 INFO  PackageTree               :     │   │   │       │   ├── types (111)
17:11:27 INFO  PackageTree               :     │   │   │       │   │   ├── model (26)
17:11:27 INFO  PackageTree               :     │   │   │       │   │   ├── checker (40)
17:11:27 INFO  PackageTree               :     │   │   │       │   │   ├── error (2)
17:11:27 INFO  PackageTree               :     │   │   │       │   │   ├── typesApproximation (8)
17:11:27 INFO  PackageTree               :     │   │   │       │   │   └── typeUtil (4)
17:11:27 INFO  PackageTree               :     │   │   │       │   ├── descriptors (106)
17:11:27 INFO  PackageTree               :     │   │   │       │   │   ├── runtime
17:11:27 INFO  PackageTree               :     │   │   │       │   │   │   ├── structure (36)
17:11:27 INFO  PackageTree               :     │   │   │       │   │   │   └── components (17)
17:11:27 INFO  PackageTree               :     │   │   │       │   │   ├── impl (70)
17:11:27 INFO  PackageTree               :     │   │   │       │   │   ├── annotations (23)
17:11:27 INFO  PackageTree               :     │   │   │       │   │   ├── deserialization (9)
17:11:27 INFO  PackageTree               :     │   │   │       │   │   └── java (4)
17:11:27 INFO  PackageTree               :     │   │   │       │   ├── resolve (35)
17:11:27 INFO  PackageTree               :     │   │   │       │   │   ├── calls
17:11:27 INFO  PackageTree               :     │   │   │       │   │   │   └── inference (6)
17:11:27 INFO  PackageTree               :     │   │   │       │   │   ├── scopes (33)
17:11:27 INFO  PackageTree               :     │   │   │       │   │   │   └── receivers (8)
17:11:27 INFO  PackageTree               :     │   │   │       │   │   ├── constants (39)
17:11:27 INFO  PackageTree               :     │   │   │       │   │   ├── deprecation (2)
17:11:27 INFO  PackageTree               :     │   │   │       │   │   ├── descriptorUtil (6)
17:11:27 INFO  PackageTree               :     │   │   │       │   │   ├── sam (2)
17:11:27 INFO  PackageTree               :     │   │   │       │   │   └── jvm (4)
17:11:27 INFO  PackageTree               :     │   │   │       │   ├── serialization (1)
17:11:27 INFO  PackageTree               :     │   │   │       │   │   └── deserialization (54)
17:11:27 INFO  PackageTree               :     │   │   │       │   │       ├── descriptors (56)
17:11:27 INFO  PackageTree               :     │   │   │       │   │       └── builtins (5)
17:11:27 INFO  PackageTree               :     │   │   │       │   ├── renderer (44)
17:11:27 INFO  PackageTree               :     │   │   │       │   ├── protobuf (67)
17:11:27 INFO  PackageTree               :     │   │   │       │   ├── name (9)
17:11:27 INFO  PackageTree               :     │   │   │       │   ├── builtins (29)
17:11:27 INFO  PackageTree               :     │   │   │       │   │   ├── jvm (32)
17:11:27 INFO  PackageTree               :     │   │   │       │   │   └── functions (11)
17:11:27 INFO  PackageTree               :     │   │   │       │   ├── util (36)
17:11:27 INFO  PackageTree               :     │   │   │       │   │   ├── capitalizeDecapitalize (1)
17:11:27 INFO  PackageTree               :     │   │   │       │   │   └── collectionUtils (1)
17:11:27 INFO  PackageTree               :     │   │   │       │   ├── storage (32)
17:11:27 INFO  PackageTree               :     │   │   │       │   ├── utils (37)
17:11:27 INFO  PackageTree               :     │   │   │       │   ├── incremental (1)
17:11:27 INFO  PackageTree               :     │   │   │       │   │   └── components (8)
17:11:27 INFO  PackageTree               :     │   │   │       │   └── platform (4)
17:11:27 INFO  PackageTree               :     │   │   │       ├── pcollections (6)
17:11:27 INFO  PackageTree               :     │   │   │       └── calls (45)
17:11:27 INFO  PackageTree               :     │   │   └── full (16)
17:11:27 INFO  PackageTree               :     │   ├── jvm (1)
17:11:27 INFO  PackageTree               :     │   │   ├── internal (35)
17:11:27 INFO  PackageTree               :     │   │   │   └── markers (4)
17:11:27 INFO  PackageTree               :     │   │   └── functions (23)
17:11:27 INFO  PackageTree               :     │   ├── text (17)
17:11:27 INFO  PackageTree               :     │   ├── collections (26)
17:11:27 INFO  PackageTree               :     │   │   └── builders (10)
17:11:27 INFO  PackageTree               :     │   ├── sequences (27)
17:11:27 INFO  PackageTree               :     │   ├── random (5)
17:11:27 INFO  PackageTree               :     │   ├── comparisons (1)
17:11:27 INFO  PackageTree               :     │   ├── internal (3)
17:11:27 INFO  PackageTree               :     │   ├── coroutines (14)
17:11:27 INFO  PackageTree               :     │   │   ├── jvm
17:11:27 INFO  PackageTree               :     │   │   │   └── internal (9)
17:11:27 INFO  PackageTree               :     │   │   └── intrinsics (3)
17:11:27 INFO  PackageTree               :     │   ├── concurrent (1)
17:11:27 INFO  PackageTree               :     │   ├── ranges (4)
17:11:27 INFO  PackageTree               :     │   └── properties (2)
17:11:27 INFO  PackageTree               :     ├── j$
17:11:27 INFO  PackageTree               :     │   ├── util (43)
17:11:27 INFO  PackageTree               :     │   │   ├── stream (289)
17:11:27 INFO  PackageTree               :     │   │   ├── function (32)
17:11:27 INFO  PackageTree               :     │   │   └── concurrent (29)
17:11:27 INFO  PackageTree               :     │   └── lang (1)
17:11:27 INFO  PackageTree               :     ├── androidx
17:11:27 INFO  PackageTree               :     │   ├── customview
17:11:27 INFO  PackageTree               :     │   │   ├── widget (12)
17:11:27 INFO  PackageTree               :     │   │   └── view (3)
17:11:27 INFO  PackageTree               :     │   ├── fragment
17:11:27 INFO  PackageTree               :     │   │   └── app (74)
17:11:27 INFO  PackageTree               :     │   ├── constraintlayout
17:11:27 INFO  PackageTree               :     │   │   ├── solver (12)
17:11:27 INFO  PackageTree               :     │   │   │   └── widgets (13)
17:11:27 INFO  PackageTree               :     │   │   │       └── analyzer (20)
17:11:27 INFO  PackageTree               :     │   │   ├── widget (23)
17:11:27 INFO  PackageTree               :     │   │   └── motion
17:11:27 INFO  PackageTree               :     │   │       └── utils (1)
17:11:27 INFO  PackageTree               :     │   ├── appcompat
17:11:27 INFO  PackageTree               :     │   │   ├── widget (164)
17:11:27 INFO  PackageTree               :     │   │   ├── graphics
17:11:27 INFO  PackageTree               :     │   │   │   └── drawable (15)
17:11:27 INFO  PackageTree               :     │   │   ├── app (61)
17:11:27 INFO  PackageTree               :     │   │   ├── view (13)
17:11:27 INFO  PackageTree               :     │   │   │   └── menu (43)
17:11:27 INFO  PackageTree               :     │   │   ├── content
17:11:27 INFO  PackageTree               :     │   │   │   └── res (2)
17:11:27 INFO  PackageTree               :     │   │   └── text (1)
17:11:27 INFO  PackageTree               :     │   ├── recyclerview
17:11:27 INFO  PackageTree               :     │   │   ├── selection (69)
17:11:27 INFO  PackageTree               :     │   │   └── widget (108)
17:11:27 INFO  PackageTree               :     │   ├── transition (58)
17:11:27 INFO  PackageTree               :     │   ├── core
17:11:27 INFO  PackageTree               :     │   │   ├── provider (15)
17:11:27 INFO  PackageTree               :     │   │   ├── app (20)
17:11:27 INFO  PackageTree               :     │   │   ├── view (38)
17:11:27 INFO  PackageTree               :     │   │   │   └── accessibility (10)
17:11:27 INFO  PackageTree               :     │   │   ├── os (7)
17:11:27 INFO  PackageTree               :     │   │   ├── content (2)
17:11:27 INFO  PackageTree               :     │   │   │   └── res (11)
17:11:27 INFO  PackageTree               :     │   │   ├── graphics (12)
17:11:27 INFO  PackageTree               :     │   │   │   └── drawable (7)
17:11:27 INFO  PackageTree               :     │   │   ├── widget (12)
17:11:27 INFO  PackageTree               :     │   │   ├── internal
17:11:27 INFO  PackageTree               :     │   │   │   └── view (3)
17:11:27 INFO  PackageTree               :     │   │   ├── util (4)
17:11:27 INFO  PackageTree               :     │   │   └── text (11)
17:11:27 INFO  PackageTree               :     │   ├── cursoradapter
17:11:27 INFO  PackageTree               :     │   │   └── widget (6)
17:11:27 INFO  PackageTree               :     │   ├── navigation (49)
17:11:27 INFO  PackageTree               :     │   │   ├── ui (8)
17:11:27 INFO  PackageTree               :     │   │   └── fragment (7)
17:11:27 INFO  PackageTree               :     │   ├── preference (73)
17:11:27 INFO  PackageTree               :     │   │   └── internal (1)
17:11:27 INFO  PackageTree               :     │   ├── lifecycle (56)
17:11:27 INFO  PackageTree               :     │   ├── coordinatorlayout
17:11:27 INFO  PackageTree               :     │   │   └── widget (13)
17:11:27 INFO  PackageTree               :     │   ├── savedstate (8)
17:11:27 INFO  PackageTree               :     │   ├── vectordrawable
17:11:27 INFO  PackageTree               :     │   │   └── graphics
17:11:27 INFO  PackageTree               :     │   │       └── drawable (18)
17:11:27 INFO  PackageTree               :     │   ├── loader
17:11:27 INFO  PackageTree               :     │   │   └── app (5)
17:11:27 INFO  PackageTree               :     │   ├── arch
17:11:27 INFO  PackageTree               :     │   │   └── core
17:11:27 INFO  PackageTree               :     │   │       ├── internal (8)
17:11:27 INFO  PackageTree               :     │   │       ├── util (1)
17:11:27 INFO  PackageTree               :     │   │       └── executor (4)
17:11:27 INFO  PackageTree               :     │   ├── annotation (1)
17:11:27 INFO  PackageTree               :     │   ├── cardview
17:11:27 INFO  PackageTree               :     │   │   └── widget (7)
17:11:27 INFO  PackageTree               :     │   ├── activity (12)
17:11:27 INFO  PackageTree               :     │   ├── versionedparcelable (6)
17:11:27 INFO  PackageTree               :     │   ├── collection (15)
17:11:27 INFO  PackageTree               :     │   ├── drawerlayout
17:11:27 INFO  PackageTree               :     │   │   └── widget (11)
17:11:27 INFO  PackageTree               :     │   ├── viewpager2
17:11:27 INFO  PackageTree               :     │   │   └── adapter (3)
17:11:27 INFO  PackageTree               :     │   └── interpolator
17:11:27 INFO  PackageTree               :     │       └── view
17:11:27 INFO  PackageTree               :     │           └── animation (4)
17:11:27 INFO  PackageTree               :     ├── net
17:11:27 INFO  PackageTree               :     │   └── taler
17:11:27 INFO  PackageTree               :     │       ├── wallet (37)
17:11:27 INFO  PackageTree               :     │       │   ├── withdraw (99)
17:11:27 INFO  PackageTree               :     │       │   ├── payment (64)
17:11:27 INFO  PackageTree               :     │       │   ├── backend (27)
17:11:27 INFO  PackageTree               :     │       │   ├── databinding (30)
17:11:27 INFO  PackageTree               :     │       │   ├── transactions (82)
17:11:27 INFO  PackageTree               :     │       │   ├── exchanges (55)
17:11:27 INFO  PackageTree               :     │       │   ├── settings (16)
17:11:27 INFO  PackageTree               :     │       │   ├── pending (14)
17:11:27 INFO  PackageTree               :     │       │   ├── refund (14)
17:11:27 INFO  PackageTree               :     │       │   └── balances (14)
17:11:27 INFO  PackageTree               :     │       ├── common (29)
17:11:27 INFO  PackageTree               :     │       │   └── databinding (1)
17:11:27 INFO  PackageTree               :     │       └── lib
17:11:27 INFO  PackageTree               :     │           ├── android (4)
17:11:27 INFO  PackageTree               :     │           └── common (9)
17:11:27 INFO  PackageTree               :     ├── kotlinx
17:11:27 INFO  PackageTree               :     │   ├── coroutines (66)
17:11:27 INFO  PackageTree               :     │   │   ├── internal (32)
17:11:27 INFO  PackageTree               :     │   │   ├── scheduling (16)
17:11:27 INFO  PackageTree               :     │   │   └── android (5)
17:11:27 INFO  PackageTree               :     │   └── serialization (11)
17:11:27 INFO  PackageTree               :     │       ├── internal (57)
17:11:27 INFO  PackageTree               :     │       ├── descriptors (32)
17:11:27 INFO  PackageTree               :     │       ├── encoding (4)
17:11:27 INFO  PackageTree               :     │       ├── json (12)
17:11:27 INFO  PackageTree               :     │       │   └── internal (18)
17:11:27 INFO  PackageTree               :     │       └── modules (4)
17:11:27 INFO  PackageTree               :     ├── com
17:11:27 INFO  PackageTree               :     │   ├── google
17:11:27 INFO  PackageTree               :     │   │   ├── android
17:11:27 INFO  PackageTree               :     │   │   │   └── material
17:11:27 INFO  PackageTree               :     │   │   │       ├── textfield (46)
17:11:27 INFO  PackageTree               :     │   │   │       ├── transition (25)
17:11:27 INFO  PackageTree               :     │   │   │       ├── snackbar (33)
17:11:27 INFO  PackageTree               :     │   │   │       ├── internal (47)
17:11:27 INFO  PackageTree               :     │   │   │       ├── appbar (19)
17:11:27 INFO  PackageTree               :     │   │   │       ├── datepicker (48)
17:11:27 INFO  PackageTree               :     │   │   │       ├── behavior (7)
17:11:27 INFO  PackageTree               :     │   │   │       ├── transformation (15)
17:11:27 INFO  PackageTree               :     │   │   │       ├── shape (26)
17:11:27 INFO  PackageTree               :     │   │   │       ├── floatingactionbutton (29)
17:11:27 INFO  PackageTree               :     │   │   │       ├── dialog (1)
17:11:27 INFO  PackageTree               :     │   │   │       ├── bottomappbar (12)
17:11:27 INFO  PackageTree               :     │   │   │       ├── card (4)
17:11:27 INFO  PackageTree               :     │   │   │       ├── chip (11)
17:11:27 INFO  PackageTree               :     │   │   │       ├── bottomsheet (16)
17:11:27 INFO  PackageTree               :     │   │   │       ├── elevation (1)
17:11:27 INFO  PackageTree               :     │   │   │       ├── shadow (2)
17:11:27 INFO  PackageTree               :     │   │   │       ├── animation (10)
17:11:27 INFO  PackageTree               :     │   │   │       ├── resources (6)
17:11:27 INFO  PackageTree               :     │   │   │       ├── theme (1)
17:11:27 INFO  PackageTree               :     │   │   │       │   └── overlay (1)
17:11:27 INFO  PackageTree               :     │   │   │       ├── circularreveal (9)
17:11:27 INFO  PackageTree               :     │   │   │       │   └── cardview (1)
17:11:27 INFO  PackageTree               :     │   │   │       ├── button (6)
17:11:27 INFO  PackageTree               :     │   │   │       ├── navigation (6)
17:11:27 INFO  PackageTree               :     │   │   │       ├── stateful (2)
17:11:27 INFO  PackageTree               :     │   │   │       ├── expandable (2)
17:11:27 INFO  PackageTree               :     │   │   │       ├── radiobutton (1)
17:11:27 INFO  PackageTree               :     │   │   │       ├── textview (1)
17:11:27 INFO  PackageTree               :     │   │   │       ├── ripple (1)
17:11:27 INFO  PackageTree               :     │   │   │       └── checkbox (1)
17:11:27 INFO  PackageTree               :     │   │   └── zxing (18)
17:11:27 INFO  PackageTree               :     │   │       ├── pdf417 (3)
17:11:27 INFO  PackageTree               :     │   │       │   ├── decoder (11)
17:11:27 INFO  PackageTree               :     │   │       │   │   └── ec (3)
17:11:27 INFO  PackageTree               :     │   │       │   └── detector (1)
17:11:27 INFO  PackageTree               :     │   │       ├── client
17:11:27 INFO  PackageTree               :     │   │       │   └── android (10)
17:11:27 INFO  PackageTree               :     │   │       │       └── camera (1)
17:11:27 INFO  PackageTree               :     │   │       │           └── open (1)
17:11:27 INFO  PackageTree               :     │   │       ├── datamatrix (1)
17:11:27 INFO  PackageTree               :     │   │       │   ├── decoder (8)
17:11:27 INFO  PackageTree               :     │   │       │   └── detector (1)
17:11:27 INFO  PackageTree               :     │   │       ├── qrcode (1)
17:11:27 INFO  PackageTree               :     │   │       │   ├── detector (7)
17:11:27 INFO  PackageTree               :     │   │       │   ├── decoder (20)
17:11:27 INFO  PackageTree               :     │   │       │   └── encoder (4)
17:11:27 INFO  PackageTree               :     │   │       ├── oned (17)
17:11:27 INFO  PackageTree               :     │   │       │   └── rss (5)
17:11:27 INFO  PackageTree               :     │   │       │       └── expanded (3)
17:11:27 INFO  PackageTree               :     │   │       │           └── decoders (20)
17:11:27 INFO  PackageTree               :     │   │       ├── common (10)
17:11:27 INFO  PackageTree               :     │   │       │   ├── reedsolomon (5)
17:11:27 INFO  PackageTree               :     │   │       │   └── detector (1)
17:11:27 INFO  PackageTree               :     │   │       ├── aztec (2)
17:11:27 INFO  PackageTree               :     │   │       │   ├── detector (2)
17:11:27 INFO  PackageTree               :     │   │       │   └── decoder (2)
17:11:27 INFO  PackageTree               :     │   │       ├── maxicode (1)
17:11:27 INFO  PackageTree               :     │   │       │   └── decoder (3)
17:11:27 INFO  PackageTree               :     │   │       └── integration
17:11:27 INFO  PackageTree               :     │   │           └── android (2)
17:11:27 INFO  PackageTree               :     │   ├── journeyapps
17:11:27 INFO  PackageTree               :     │   │   └── barcodescanner (42)
17:11:27 INFO  PackageTree               :     │   │       └── camera (24)
17:11:27 INFO  PackageTree               :     │   ├── github
17:11:27 INFO  PackageTree               :     │   │   └── pedrovgs
17:11:27 INFO  PackageTree               :     │   │       └── lynx (7)
17:11:27 INFO  PackageTree               :     │   │           ├── renderer (8)
17:11:27 INFO  PackageTree               :     │   │           ├── model (10)
17:11:27 INFO  PackageTree               :     │   │           ├── exception (1)
17:11:27 INFO  PackageTree               :     │   │           └── presenter (3)
17:11:27 INFO  PackageTree               :     │   ├── pedrogomez
17:11:27 INFO  PackageTree               :     │   │   └── renderers (5)
17:11:27 INFO  PackageTree               :     │   │       └── exception (6)
17:11:27 INFO  PackageTree               :     │   └── android
17:11:27 INFO  PackageTree               :     │       └── tools
17:11:27 INFO  PackageTree               :     │           └── r8 (1)
17:11:27 INFO  PackageTree               :     ├── org
17:11:27 INFO  PackageTree               :     │   ├── commonmark
17:11:27 INFO  PackageTree               :     │   │   ├── node (25)
17:11:27 INFO  PackageTree               :     │   │   ├── internal (32)
17:11:27 INFO  PackageTree               :     │   │   │   ├── inline (3)
17:11:27 INFO  PackageTree               :     │   │   │   └── util (5)
17:11:27 INFO  PackageTree               :     │   │   └── parser (6)
17:11:27 INFO  PackageTree               :     │   │       ├── block (6)
17:11:27 INFO  PackageTree               :     │   │       └── delimiter (1)
17:11:27 INFO  PackageTree               :     │   └── gnu
17:11:27 INFO  PackageTree               :     │       └── anastasis
17:11:27 INFO  PackageTree               :     │           └── ui (6)
17:11:27 INFO  PackageTree               :     │               ├── identity (11)
17:11:27 INFO  PackageTree               :     │               └── authentication (15)
17:11:27 INFO  PackageTree               :     ├── akono (7)
17:11:27 INFO  PackageTree               :     ├── me
17:11:27 INFO  PackageTree               :     │   └── zhanghai
17:11:27 INFO  PackageTree               :     │       └── android
17:11:27 INFO  PackageTree               :     │           └── materialprogressbar (36)
17:11:27 INFO  PackageTree               :     │               └── internal (12)
17:11:27 INFO  PackageTree               :     ├── io
17:11:27 INFO  PackageTree               :     │   └── noties
17:11:27 INFO  PackageTree               :     │       └── markwon (30)
17:11:27 INFO  PackageTree               :     │           ├── core (22)
17:11:27 INFO  PackageTree               :     │           │   ├── spans (12)
17:11:27 INFO  PackageTree               :     │           │   └── factory (9)
17:11:27 INFO  PackageTree               :     │           ├── image (3)
17:11:27 INFO  PackageTree               :     │           │   └── destination (2)
17:11:27 INFO  PackageTree               :     │           └── syntax (1)
17:11:27 INFO  PackageTree               :     └── android
17:11:27 INFO  PackageTree               :         └── support
17:11:27 INFO  PackageTree               :             └── v4
17:11:27 INFO  PackageTree               :                 ├── graphics
17:11:27 INFO  PackageTree               :                 │   └── drawable (1)
17:11:27 INFO  PackageTree               :                 └── app (1)
17:11:27 INFO  Profile                   : 
17:11:27 INFO  AppProfile                : - generated app package tree (in 57 ms)
17:11:27 INFO  AppProfile                : 
17:11:27 DEBUG HashTree                  : Generate hash tree..
17:11:27 DEBUG HashTree                  :     - generated 254 package hashes.
17:11:27 DEBUG HashTree                  :     - generated 4994 clazz hashes.
17:11:27 DEBUG HashTree                  :     - generated 26936 method hashes.
17:11:27 DEBUG HashTree                  :     => Library Hash: e891f8ce79a7c78345900d4dd28a2b97
17:11:27 INFO  AppProfile                : - generated app hash trees (in 467 ms)
17:11:27 INFO  AppProfile                : 
17:11:27 INFO  LibraryIdentifier         : = Scan for library root packages (heuristic) =
17:11:27 INFO  LibraryIdentifier         :     - Found lib root package androidx.navigation  (android.arch.navigation::navigation-common)
17:11:27 INFO  LibraryIdentifier         :     - Found lib root package androidx.navigation  (android.arch.navigation::navigation-common-ktx)
17:11:27 INFO  LibraryIdentifier         :     - Found lib root package androidx.navigation.fragment  (android.arch.navigation::navigation-fragment)
17:11:27 INFO  LibraryIdentifier         :     - Found lib root package androidx.navigation.fragment  (android.arch.navigation::navigation-fragment-ktx)
17:11:27 INFO  LibraryIdentifier         :     - Found lib root package androidx.navigation  (android.arch.navigation::navigation-runtime)
17:11:27 INFO  LibraryIdentifier         :     - Found lib root package androidx.navigation  (android.arch.navigation::navigation-runtime-ktx)
17:11:27 INFO  LibraryIdentifier         :     - Found lib root package androidx.navigation.ui  (android.arch.navigation::navigation-ui)
17:11:27 INFO  LibraryIdentifier         :     - Found lib root package androidx.navigation.ui  (android.arch.navigation::navigation-ui-ktx)
17:11:27 INFO  LibraryIdentifier         :     - Found lib root package androidx.annotation  (androidx.annotation::annotation)
17:11:27 INFO  LibraryIdentifier         :     - Found lib root package androidx.appcompat  (androidx.appcompat::appcompat)
17:11:27 INFO  LibraryIdentifier         :     - Found lib root package androidx.arch.core  (androidx.arch.core::core-common)
17:11:27 INFO  LibraryIdentifier         :     - Found lib root package androidx.arch.core.executor  (androidx.arch.core::core-runtime)
17:11:27 INFO  LibraryIdentifier         :     - Found lib root package androidx.cardview.widget  (androidx.cardview::cardview)
17:11:27 INFO  LibraryIdentifier         :     - Found lib root package androidx.collection  (androidx.collection::collection)
17:11:27 INFO  LibraryIdentifier         :     - Found lib root package androidx.collection  (androidx.collection::collection-ktx)
17:11:27 INFO  LibraryIdentifier         :     - Found lib root package androidx.constraintlayout.widget  (androidx.constraintlayout::constraintlayout)
17:11:27 INFO  LibraryIdentifier         :     - Found lib root package androidx.constraintlayout.solver  (androidx.constraintlayout::constraintlayout-solver)
17:11:27 INFO  LibraryIdentifier         :     - Found lib root package androidx.coordinatorlayout.widget  (androidx.coordinatorlayout::coordinatorlayout)
17:11:27 INFO  LibraryIdentifier         :     - Found lib root package androidx.core  (androidx.core::core)
17:11:27 INFO  LibraryIdentifier         :     - Found lib root package androidx  (androidx.core::core-ktx)
17:11:27 INFO  LibraryIdentifier         :     - Found lib root package androidx.cursoradapter.widget  (androidx.cursoradapter::cursoradapter)
17:11:27 INFO  LibraryIdentifier         :     - Found lib root package androidx.customview  (androidx.customview::customview)
17:11:27 INFO  LibraryIdentifier         :     - Found lib root package androidx.drawerlayout.widget  (androidx.drawerlayout::drawerlayout)
17:11:27 INFO  LibraryIdentifier         :     - Found lib root package androidx.fragment.app  (androidx.fragment::fragment)
17:11:27 INFO  LibraryIdentifier         :     - Found lib root package androidx.fragment.app  (androidx.fragment::fragment-ktx)
17:11:27 INFO  LibraryIdentifier         :     - Found lib root package androidx.interpolator.view.animation  (androidx.interpolator::interpolator)
17:11:27 INFO  LibraryIdentifier         :     - Found lib root package androidx.lifecycle  (androidx.lifecycle::lifecycle-common)
17:11:27 INFO  LibraryIdentifier         :     - Found lib root package androidx.lifecycle  (androidx.lifecycle::lifecycle-common-java8)
17:11:27 INFO  LibraryIdentifier         :     - Found lib root package androidx.lifecycle  (androidx.lifecycle::lifecycle-compiler)
17:11:27 INFO  LibraryIdentifier         :     - Found lib root package androidx.lifecycle  (androidx.lifecycle::lifecycle-extensions)
17:11:27 INFO  LibraryIdentifier         :     - Found lib root package androidx.lifecycle  (androidx.lifecycle::lifecycle-livedata)
17:11:27 INFO  LibraryIdentifier         :     - Found lib root package androidx.lifecycle  (androidx.lifecycle::lifecycle-livedata-core)
17:11:27 INFO  LibraryIdentifier         :     - Found lib root package androidx.lifecycle  (androidx.lifecycle::lifecycle-process)
17:11:27 INFO  LibraryIdentifier         :     - Found lib root package androidx.lifecycle  (androidx.lifecycle::lifecycle-reactivestreams)
17:11:27 INFO  LibraryIdentifier         :     - Found lib root package androidx.lifecycle  (androidx.lifecycle::lifecycle-reactivestreams-ktx)
17:11:27 INFO  LibraryIdentifier         :     - Found lib root package androidx.lifecycle  (androidx.lifecycle::lifecycle-runtime)
17:11:27 INFO  LibraryIdentifier         :     - Found lib root package androidx.lifecycle  (androidx.lifecycle::lifecycle-service)
17:11:27 INFO  LibraryIdentifier         :     - Found lib root package androidx.lifecycle  (androidx.lifecycle::lifecycle-viewmodel)
17:11:27 INFO  LibraryIdentifier         :     - Found lib root package androidx.lifecycle  (androidx.lifecycle::lifecycle-viewmodel-ktx)
17:11:27 INFO  LibraryIdentifier         :     - Found lib root package androidx.loader  (androidx.loader::loader)
17:11:27 INFO  LibraryIdentifier         :     - Found lib root package androidx.preference  (androidx.preference::preference)
17:11:27 INFO  LibraryIdentifier         :     - Found lib root package androidx.preference  (androidx.preference::preference-ktx)
17:11:27 INFO  LibraryIdentifier         :     - Found lib root package androidx.recyclerview.widget  (androidx.recyclerview::recyclerview)
17:11:27 INFO  LibraryIdentifier         :     - Found lib root package androidx.recyclerview.selection  (androidx.recyclerview::recyclerview-selection)
17:11:27 INFO  LibraryIdentifier         :     - Found lib root package androidx.transition  (androidx.transition::transition)
17:11:27 INFO  LibraryIdentifier         :     - Found lib root package androidx.vectordrawable.graphics.drawable  (androidx.vectordrawable::vectordrawable)
17:11:27 INFO  LibraryIdentifier         :     - Found lib root package androidx.vectordrawable.graphics.drawable  (androidx.vectordrawable::vectordrawable-animated)
17:11:27 INFO  LibraryIdentifier         :     - Found lib root package androidx.versionedparcelable  (androidx.versionedparcelable::versionedparcelable)
17:11:27 INFO  LibraryIdentifier         :     - Found lib root package android.support.v4  (com.android.support::customview)
17:11:27 INFO  LibraryIdentifier         :     - Found lib root package android.support.v4  (com.android.support::loader)
17:11:27 INFO  LibraryIdentifier         :     - Found lib root package androidx.recyclerview.selection  (com.android.support::recyclerview-selection)
17:11:27 INFO  LibraryIdentifier         :     - Found lib root package android.support.v4  (com.android.support::support-compat)
17:11:27 INFO  LibraryIdentifier         :     - Found lib root package android.support.v4  (com.android.support::support-core-ui)
17:11:27 INFO  LibraryIdentifier         :     - Found lib root package android.support.v4  (com.android.support::support-core-utils)
17:11:27 INFO  LibraryIdentifier         :     - Found lib root package android.support.v4.app  (com.android.support::support-fragment)
17:11:27 INFO  LibraryIdentifier         :     - Found lib root package android.support.v4  (com.android.support::support-v4)
17:11:27 INFO  LibraryIdentifier         :     - Found lib root package androidx.versionedparcelable  (com.android.support::versionedparcelable)
17:11:27 INFO  LibraryIdentifier         :     - Found lib root package com.android  (com.android.tools::common)
17:11:27 INFO  LibraryIdentifier         :     - Found lib root package com.android.tools.r8  (com.android.tools::r8)
17:11:28 INFO  LibraryIdentifier         :     - Found lib root package com.android  (com.android.tools::sdk-common)
17:11:28 INFO  LibraryIdentifier         :     - Found lib root package com.google.android.material  (com.google.android.material::material)
17:11:28 INFO  LibraryIdentifier         : 
17:11:28 INFO  LibraryIdentifier         : = Match profiles =
17:12:38 INFO  LibraryIdentifier         :     >> profile matching done (1 min, 10 sec, 51 ms)
17:12:38 INFO  LibraryIdentifier         : 
17:12:38 INFO  LibraryIdentifier         : == Report ==
17:12:38 INFO  LibraryIdentifier         : - Full library matches:
17:12:38 INFO  ProfileMatch              :                 name: com.google.firebase::firebase-ml-vision-image-label-model
17:12:38 INFO  ProfileMatch              :             category: Android
17:12:38 INFO  ProfileMatch              :              version: 20.0.0  [OLD VERSION]
17:12:38 INFO  ProfileMatch              :         release-date:  --
17:12:38 INFO  ProfileMatch              :     lib root package: "com.google.firebase.ml.vision.imagelabel"  (in app: "androidx.constraintlayout.motion.utils")
17:12:38 INFO  ProfileMatch              : 
17:12:38 INFO  ProfileMatch              :                 name: com.google.firebase::firebase-ml-vision-image-label-model
17:12:38 INFO  ProfileMatch              :             category: Android
17:12:38 INFO  ProfileMatch              :              version: 20.0.1  [OLD VERSION]
17:12:38 INFO  ProfileMatch              :         release-date:  --
17:12:38 INFO  ProfileMatch              :     lib root package: "com.google.firebase.ml.vision.imagelabel"  (in app: "androidx.constraintlayout.motion.utils")
17:12:38 INFO  ProfileMatch              : 
17:12:38 INFO  ProfileMatch              :                 name: com.google.firebase::firebase-ml-vision-image-label-model
17:12:38 INFO  ProfileMatch              :             category: Android
17:12:38 INFO  ProfileMatch              :              version: 20.0.2
17:12:38 INFO  ProfileMatch              :         release-date:  --
17:12:38 INFO  ProfileMatch              :     lib root package: "com.google.firebase.ml.vision.imagelabel"  (in app: "androidx.constraintlayout.motion.utils")
17:12:38 INFO  ProfileMatch              : 
17:12:38 INFO  ProfileMatch              :                 name: com.android.support::interpolator
17:12:38 INFO  ProfileMatch              :             category: Android
17:12:38 INFO  ProfileMatch              :              version: 28.0.0
17:12:38 INFO  ProfileMatch              :         release-date:  --
17:12:38 INFO  ProfileMatch              :     lib root package: "android.support.v4.view.animation"  (in app: "androidx.interpolator.view.animation")
17:12:38 INFO  ProfileMatch              : 
17:12:38 INFO  ProfileMatch              :                 name: androidx.interpolator::interpolator
17:12:38 INFO  ProfileMatch              :             category: Android
17:12:38 INFO  ProfileMatch              :              version: 1.0.0
17:12:38 INFO  ProfileMatch              :         release-date:  --
17:12:38 INFO  ProfileMatch              :     lib root package: "androidx.interpolator.view.animation"
17:12:38 INFO  ProfileMatch              : 
17:12:38 INFO  ProfileMatch              :                 name: Facebook
17:12:38 INFO  ProfileMatch              :             category: SocialMedia
17:12:38 INFO  ProfileMatch              :              version: 4.27.0  [OLD VERSION]
17:12:38 INFO  ProfileMatch              :         release-date: 26.09.2017
17:12:38 INFO  ProfileMatch              :     lib root package: "com.facebook.all"  (in app: "androidx.constraintlayout.motion.utils")
17:12:38 INFO  ProfileMatch              : 
17:12:38 INFO  ProfileMatch              :                 name: Facebook
17:12:38 INFO  ProfileMatch              :             category: SocialMedia
17:12:38 INFO  ProfileMatch              :              version: 4.28.0  [OLD VERSION]
17:12:38 INFO  ProfileMatch              :         release-date: 07.11.2017
17:12:38 INFO  ProfileMatch              :     lib root package: "com.facebook.all"  (in app: "androidx.constraintlayout.motion.utils")
17:12:38 INFO  ProfileMatch              : 
17:12:38 INFO  ProfileMatch              :                 name: Facebook
17:12:38 INFO  ProfileMatch              :             category: SocialMedia
17:12:38 INFO  ProfileMatch              :              version: 4.29.0  [OLD VERSION]
17:12:38 INFO  ProfileMatch              :         release-date: 05.12.2017
17:12:38 INFO  ProfileMatch              :     lib root package: "com.facebook.all"  (in app: "androidx.constraintlayout.motion.utils")
17:12:38 INFO  ProfileMatch              : 
17:12:38 INFO  ProfileMatch              :                 name: Facebook
17:12:38 INFO  ProfileMatch              :             category: SocialMedia
17:12:38 INFO  ProfileMatch              :              version: 4.30.0  [OLD VERSION]
17:12:38 INFO  ProfileMatch              :         release-date: 24.01.2018
17:12:38 INFO  ProfileMatch              :     lib root package: "com.facebook.all"  (in app: "androidx.constraintlayout.motion.utils")
17:12:38 INFO  ProfileMatch              : 
17:12:38 INFO  ProfileMatch              :                 name: Facebook
17:12:38 INFO  ProfileMatch              :             category: SocialMedia
17:12:38 INFO  ProfileMatch              :              version: 4.31.0  [OLD VERSION]
17:12:38 INFO  ProfileMatch              :         release-date: 28.02.2018
17:12:38 INFO  ProfileMatch              :     lib root package: "com.facebook.all"  (in app: "androidx.constraintlayout.motion.utils")
17:12:38 INFO  ProfileMatch              : 
17:12:38 INFO  ProfileMatch              :                 name: Facebook
17:12:38 INFO  ProfileMatch              :             category: SocialMedia
17:12:38 INFO  ProfileMatch              :              version: 4.32.0  [OLD VERSION]
17:12:38 INFO  ProfileMatch              :         release-date: 11.04.2018
17:12:38 INFO  ProfileMatch              :     lib root package: "com.facebook.all"  (in app: "androidx.constraintlayout.motion.utils")
17:12:38 INFO  ProfileMatch              : 
17:12:38 INFO  ProfileMatch              :                 name: Facebook
17:12:38 INFO  ProfileMatch              :             category: SocialMedia
17:12:38 INFO  ProfileMatch              :              version: 4.33.0  [OLD VERSION]
17:12:38 INFO  ProfileMatch              :         release-date: 01.05.2018
17:12:38 INFO  ProfileMatch              :     lib root package: "com.facebook.all"  (in app: "androidx.constraintlayout.motion.utils")
17:12:38 INFO  ProfileMatch              : 
17:12:38 INFO  ProfileMatch              :                 name: Facebook
17:12:38 INFO  ProfileMatch              :             category: SocialMedia
17:12:38 INFO  ProfileMatch              :              version: 4.34.0  [OLD VERSION]
17:12:38 INFO  ProfileMatch              :         release-date: 19.06.2018
17:12:38 INFO  ProfileMatch              :     lib root package: "com.facebook.all"  (in app: "androidx.constraintlayout.motion.utils")
17:12:38 INFO  ProfileMatch              : 
17:12:38 INFO  ProfileMatch              :                 name: Facebook
17:12:38 INFO  ProfileMatch              :             category: SocialMedia
17:12:38 INFO  ProfileMatch              :              version: 4.35.0  [OLD VERSION]
17:12:38 INFO  ProfileMatch              :         release-date: 26.07.2018
17:12:38 INFO  ProfileMatch              :     lib root package: "com.facebook.all"  (in app: "androidx.constraintlayout.motion.utils")
17:12:38 INFO  ProfileMatch              : 
17:12:38 INFO  ProfileMatch              :                 name: Facebook
17:12:38 INFO  ProfileMatch              :             category: SocialMedia
17:12:38 INFO  ProfileMatch              :              version: 4.36.0  [OLD VERSION]
17:12:38 INFO  ProfileMatch              :         release-date: 29.08.2018
17:12:38 INFO  ProfileMatch              :     lib root package: "com.facebook.all"  (in app: "androidx.constraintlayout.motion.utils")
17:12:38 INFO  ProfileMatch              : 
17:12:38 INFO  ProfileMatch              :                 name: Facebook
17:12:38 INFO  ProfileMatch              :             category: SocialMedia
17:12:38 INFO  ProfileMatch              :              version: 4.36.1  [OLD VERSION]
17:12:38 INFO  ProfileMatch              :         release-date: 15.09.2018
17:12:38 INFO  ProfileMatch              :     lib root package: "com.facebook.all"  (in app: "androidx.constraintlayout.motion.utils")
17:12:38 INFO  ProfileMatch              : 
17:12:38 INFO  ProfileMatch              :                 name: Facebook
17:12:38 INFO  ProfileMatch              :             category: SocialMedia
17:12:38 INFO  ProfileMatch              :              version: 4.37.0  [OLD VERSION]
17:12:38 INFO  ProfileMatch              :         release-date: 27.09.2018
17:12:38 INFO  ProfileMatch              :     lib root package: "com.facebook.all"  (in app: "androidx.constraintlayout.motion.utils")
17:12:38 INFO  ProfileMatch              : 
17:12:38 INFO  ProfileMatch              :                 name: Facebook
17:12:38 INFO  ProfileMatch              :             category: SocialMedia
17:12:38 INFO  ProfileMatch              :              version: 4.38.0  [OLD VERSION]
17:12:38 INFO  ProfileMatch              :         release-date: 23.10.2018
17:12:38 INFO  ProfileMatch              :     lib root package: "com.facebook.all"  (in app: "androidx.constraintlayout.motion.utils")
17:12:38 INFO  ProfileMatch              : 
17:12:38 INFO  ProfileMatch              :                 name: Facebook
17:12:38 INFO  ProfileMatch              :             category: SocialMedia
17:12:38 INFO  ProfileMatch              :              version: 4.38.1  [OLD VERSION]
17:12:38 INFO  ProfileMatch              :         release-date: 31.10.2018
17:12:38 INFO  ProfileMatch              :     lib root package: "com.facebook.all"  (in app: "androidx.constraintlayout.motion.utils")
17:12:38 INFO  ProfileMatch              : 
17:12:38 INFO  ProfileMatch              :                 name: Facebook
17:12:38 INFO  ProfileMatch              :             category: SocialMedia
17:12:38 INFO  ProfileMatch              :              version: 4.39.0  [OLD VERSION]
17:12:38 INFO  ProfileMatch              :         release-date: 05.12.2018
17:12:38 INFO  ProfileMatch              :     lib root package: "com.facebook.all"  (in app: "androidx.constraintlayout.motion.utils")
17:12:38 INFO  ProfileMatch              : 
17:12:38 INFO  ProfileMatch              :                 name: Facebook
17:12:38 INFO  ProfileMatch              :             category: SocialMedia
17:12:38 INFO  ProfileMatch              :              version: 4.40.0  [OLD VERSION]
17:12:38 INFO  ProfileMatch              :         release-date: 22.01.2019
17:12:38 INFO  ProfileMatch              :     lib root package: "com.facebook.all"  (in app: "androidx.constraintlayout.motion.utils")
17:12:38 INFO  ProfileMatch              : 
17:12:38 INFO  ProfileMatch              :                 name: Facebook
17:12:38 INFO  ProfileMatch              :             category: SocialMedia
17:12:38 INFO  ProfileMatch              :              version: 4.41.0  [OLD VERSION]
17:12:38 INFO  ProfileMatch              :         release-date: 08.03.2019
17:12:38 INFO  ProfileMatch              :     lib root package: "com.facebook.all"  (in app: "androidx.constraintlayout.motion.utils")
17:12:38 INFO  ProfileMatch              : 
17:12:38 INFO  ProfileMatch              :                 name: Facebook
17:12:38 INFO  ProfileMatch              :             category: SocialMedia
17:12:38 INFO  ProfileMatch              :              version: 4.42.0  [OLD VERSION]
17:12:38 INFO  ProfileMatch              :         release-date: 08.04.2019
17:12:38 INFO  ProfileMatch              :     lib root package: "com.facebook.all"  (in app: "androidx.constraintlayout.motion.utils")
17:12:38 INFO  ProfileMatch              : 
17:12:38 INFO  ProfileMatch              :                 name: Facebook
17:12:38 INFO  ProfileMatch              :             category: SocialMedia
17:12:38 INFO  ProfileMatch              :              version: 5.0.0  [OLD VERSION]
17:12:38 INFO  ProfileMatch              :         release-date: 30.04.2019
17:12:38 INFO  ProfileMatch              :     lib root package: "com.facebook.all"  (in app: "androidx.constraintlayout.motion.utils")
17:12:38 INFO  ProfileMatch              : 
17:12:38 INFO  ProfileMatch              :                 name: Facebook
17:12:38 INFO  ProfileMatch              :             category: SocialMedia
17:12:38 INFO  ProfileMatch              :              version: 5.0.1  [OLD VERSION]
17:12:38 INFO  ProfileMatch              :         release-date: 17.05.2019
17:12:38 INFO  ProfileMatch              :     lib root package: "com.facebook.all"  (in app: "androidx.constraintlayout.motion.utils")
17:12:38 INFO  ProfileMatch              : 
17:12:38 INFO  ProfileMatch              :                 name: Facebook
17:12:38 INFO  ProfileMatch              :             category: SocialMedia
17:12:38 INFO  ProfileMatch              :              version: 5.0.2  [OLD VERSION]
17:12:38 INFO  ProfileMatch              :         release-date: 09.06.2019
17:12:38 INFO  ProfileMatch              :     lib root package: "com.facebook.all"  (in app: "androidx.constraintlayout.motion.utils")
17:12:38 INFO  ProfileMatch              : 
17:12:38 INFO  ProfileMatch              :                 name: Facebook
17:12:38 INFO  ProfileMatch              :             category: SocialMedia
17:12:38 INFO  ProfileMatch              :              version: 5.0.3  [OLD VERSION]
17:12:38 INFO  ProfileMatch              :         release-date: 14.06.2019
17:12:38 INFO  ProfileMatch              :     lib root package: "com.facebook.all"  (in app: "androidx.constraintlayout.motion.utils")
17:12:38 INFO  ProfileMatch              : 
17:12:38 INFO  ProfileMatch              :                 name: Facebook
17:12:38 INFO  ProfileMatch              :             category: SocialMedia
17:12:38 INFO  ProfileMatch              :              version: 5.1.0  [OLD VERSION]
17:12:38 INFO  ProfileMatch              :         release-date: 21.06.2019
17:12:38 INFO  ProfileMatch              :     lib root package: "com.facebook.all"  (in app: "androidx.constraintlayout.motion.utils")
17:12:38 INFO  ProfileMatch              : 
17:12:38 INFO  ProfileMatch              :                 name: Facebook
17:12:38 INFO  ProfileMatch              :             category: SocialMedia
17:12:38 INFO  ProfileMatch              :              version: 5.1.1  [OLD VERSION]
17:12:38 INFO  ProfileMatch              :         release-date: 02.07.2019
17:12:38 INFO  ProfileMatch              :     lib root package: "com.facebook.all"  (in app: "androidx.constraintlayout.motion.utils")
17:12:38 INFO  ProfileMatch              : 
17:12:38 INFO  ProfileMatch              :                 name: Facebook
17:12:38 INFO  ProfileMatch              :             category: SocialMedia
17:12:38 INFO  ProfileMatch              :              version: 5.2.0  [OLD VERSION]
17:12:38 INFO  ProfileMatch              :         release-date: 29.07.2019
17:12:38 INFO  ProfileMatch              :     lib root package: "com.facebook.all"  (in app: "androidx.constraintlayout.motion.utils")
17:12:38 INFO  ProfileMatch              : 
17:12:38 INFO  ProfileMatch              :                 name: Facebook
17:12:38 INFO  ProfileMatch              :             category: SocialMedia
17:12:38 INFO  ProfileMatch              :              version: 5.4.0  [OLD VERSION]
17:12:38 INFO  ProfileMatch              :         release-date: 16.08.2019
17:12:38 INFO  ProfileMatch              :     lib root package: "com.facebook.all"  (in app: "androidx.constraintlayout.motion.utils")
17:12:38 INFO  ProfileMatch              : 
17:12:38 INFO  ProfileMatch              :                 name: Facebook
17:12:38 INFO  ProfileMatch              :             category: SocialMedia
17:12:38 INFO  ProfileMatch              :              version: 5.5.0  [OLD VERSION]
17:12:38 INFO  ProfileMatch              :         release-date: 31.08.2019
17:12:38 INFO  ProfileMatch              :     lib root package: "com.facebook.all"  (in app: "androidx.constraintlayout.motion.utils")
17:12:38 INFO  ProfileMatch              : 
17:12:38 INFO  ProfileMatch              :                 name: Facebook
17:12:38 INFO  ProfileMatch              :             category: SocialMedia
17:12:38 INFO  ProfileMatch              :              version: 5.5.1  [OLD VERSION]
17:12:38 INFO  ProfileMatch              :         release-date: 06.09.2019
17:12:38 INFO  ProfileMatch              :     lib root package: "com.facebook.all"  (in app: "androidx.constraintlayout.motion.utils")
17:12:38 INFO  ProfileMatch              : 
17:12:38 INFO  ProfileMatch              :                 name: Facebook
17:12:38 INFO  ProfileMatch              :             category: SocialMedia
17:12:38 INFO  ProfileMatch              :              version: 5.5.2  [OLD VERSION]
17:12:38 INFO  ProfileMatch              :         release-date: 05.10.2019
17:12:38 INFO  ProfileMatch              :     lib root package: "com.facebook.all"  (in app: "androidx.constraintlayout.motion.utils")
17:12:38 INFO  ProfileMatch              : 
17:12:38 INFO  ProfileMatch              :                 name: Facebook
17:12:38 INFO  ProfileMatch              :             category: SocialMedia
17:12:38 INFO  ProfileMatch              :              version: 5.8.0  [OLD VERSION]
17:12:38 INFO  ProfileMatch              :         release-date: 08.10.2019
17:12:38 INFO  ProfileMatch              :     lib root package: "com.facebook.all"  (in app: "androidx.constraintlayout.motion.utils")
17:12:38 INFO  ProfileMatch              : 
17:12:38 INFO  ProfileMatch              :                 name: Facebook
17:12:38 INFO  ProfileMatch              :             category: SocialMedia
17:12:38 INFO  ProfileMatch              :              version: 5.9.0  [OLD VERSION]
17:12:38 INFO  ProfileMatch              :         release-date: 29.10.2019
17:12:38 INFO  ProfileMatch              :     lib root package: "com.facebook.all"  (in app: "androidx.constraintlayout.motion.utils")
17:12:38 INFO  ProfileMatch              : 
17:12:38 INFO  ProfileMatch              :                 name: Facebook
17:12:38 INFO  ProfileMatch              :             category: SocialMedia
17:12:38 INFO  ProfileMatch              :              version: 5.11.0  [OLD VERSION]
17:12:38 INFO  ProfileMatch              :         release-date: 15.11.2019
17:12:38 INFO  ProfileMatch              :     lib root package: "com.facebook.all"  (in app: "androidx.constraintlayout.motion.utils")
17:12:38 INFO  ProfileMatch              : 
17:12:38 INFO  ProfileMatch              :                 name: Facebook
17:12:38 INFO  ProfileMatch              :             category: SocialMedia
17:12:38 INFO  ProfileMatch              :              version: 5.11.1  [OLD VERSION]
17:12:38 INFO  ProfileMatch              :         release-date: 21.11.2019
17:12:38 INFO  ProfileMatch              :     lib root package: "com.facebook.all"  (in app: "androidx.constraintlayout.motion.utils")
17:12:38 INFO  ProfileMatch              : 
17:12:38 INFO  ProfileMatch              :                 name: Facebook
17:12:38 INFO  ProfileMatch              :             category: SocialMedia
17:12:38 INFO  ProfileMatch              :              version: 5.11.2  [OLD VERSION]
17:12:38 INFO  ProfileMatch              :         release-date: 22.11.2019
17:12:38 INFO  ProfileMatch              :     lib root package: "com.facebook.all"  (in app: "androidx.constraintlayout.motion.utils")
17:12:38 INFO  ProfileMatch              : 
17:12:38 INFO  ProfileMatch              :                 name: Facebook
17:12:38 INFO  ProfileMatch              :             category: SocialMedia
17:12:38 INFO  ProfileMatch              :              version: 5.12.0  [OLD VERSION]
17:12:38 INFO  ProfileMatch              :         release-date: 04.12.2019
17:12:38 INFO  ProfileMatch              :     lib root package: "com.facebook.all"  (in app: "androidx.constraintlayout.motion.utils")
17:12:38 INFO  ProfileMatch              : 
17:12:38 INFO  ProfileMatch              :                 name: Facebook
17:12:38 INFO  ProfileMatch              :             category: SocialMedia
17:12:38 INFO  ProfileMatch              :              version: 5.12.1  [OLD VERSION]
17:12:38 INFO  ProfileMatch              :         release-date: 09.12.2019
17:12:38 INFO  ProfileMatch              :     lib root package: "com.facebook.all"  (in app: "androidx.constraintlayout.motion.utils")
17:12:38 INFO  ProfileMatch              : 
17:12:38 INFO  ProfileMatch              :                 name: Facebook
17:12:38 INFO  ProfileMatch              :             category: SocialMedia
17:12:38 INFO  ProfileMatch              :              version: 5.13.0  [OLD VERSION]
17:12:38 INFO  ProfileMatch              :         release-date: 12.12.2019
17:12:38 INFO  ProfileMatch              :     lib root package: "com.facebook.all"  (in app: "androidx.constraintlayout.motion.utils")
17:12:38 INFO  ProfileMatch              : 
17:12:38 INFO  ProfileMatch              :                 name: Facebook
17:12:38 INFO  ProfileMatch              :             category: SocialMedia
17:12:38 INFO  ProfileMatch              :              version: 5.15.0  [OLD VERSION]
17:12:38 INFO  ProfileMatch              :         release-date: 21.01.2020
17:12:38 INFO  ProfileMatch              :     lib root package: "com.facebook.all"  (in app: "androidx.constraintlayout.motion.utils")
17:12:38 INFO  ProfileMatch              : 
17:12:38 INFO  ProfileMatch              :                 name: Facebook
17:12:38 INFO  ProfileMatch              :             category: SocialMedia
17:12:38 INFO  ProfileMatch              :              version: 5.15.1  [OLD VERSION]
17:12:38 INFO  ProfileMatch              :         release-date: 29.01.2020
17:12:38 INFO  ProfileMatch              :     lib root package: "com.facebook.all"  (in app: "androidx.constraintlayout.motion.utils")
17:12:38 INFO  ProfileMatch              : 
17:12:38 INFO  ProfileMatch              :                 name: Facebook
17:12:38 INFO  ProfileMatch              :             category: SocialMedia
17:12:38 INFO  ProfileMatch              :              version: 5.15.2  [OLD VERSION]
17:12:38 INFO  ProfileMatch              :         release-date: 03.02.2020
17:12:38 INFO  ProfileMatch              :     lib root package: "com.facebook.all"  (in app: "androidx.constraintlayout.motion.utils")
17:12:38 INFO  ProfileMatch              : 
17:12:38 INFO  ProfileMatch              :                 name: Facebook
17:12:38 INFO  ProfileMatch              :             category: SocialMedia
17:12:38 INFO  ProfileMatch              :              version: 5.15.3  [OLD VERSION]
17:12:38 INFO  ProfileMatch              :         release-date: 03.02.2020
17:12:38 INFO  ProfileMatch              :     lib root package: "com.facebook.all"  (in app: "androidx.constraintlayout.motion.utils")
17:12:38 INFO  ProfileMatch              : 
17:12:38 INFO  ProfileMatch              :                 name: Facebook
17:12:38 INFO  ProfileMatch              :             category: SocialMedia
17:12:38 INFO  ProfileMatch              :              version: 6.0.0  [OLD VERSION]
17:12:38 INFO  ProfileMatch              :         release-date: 03.02.2020
17:12:38 INFO  ProfileMatch              :     lib root package: "com.facebook.all"  (in app: "androidx.constraintlayout.motion.utils")
17:12:38 INFO  ProfileMatch              : 
17:12:38 INFO  ProfileMatch              :                 name: Facebook
17:12:38 INFO  ProfileMatch              :             category: SocialMedia
17:12:38 INFO  ProfileMatch              :              version: 6.1.0  [OLD VERSION]
17:12:38 INFO  ProfileMatch              :         release-date: 14.02.2020
17:12:38 INFO  ProfileMatch              :     lib root package: "com.facebook.all"  (in app: "androidx.constraintlayout.motion.utils")
17:12:38 INFO  ProfileMatch              : 
17:12:38 INFO  ProfileMatch              :                 name: Facebook
17:12:38 INFO  ProfileMatch              :             category: SocialMedia
17:12:38 INFO  ProfileMatch              :              version: 6.2.0  [OLD VERSION]
17:12:38 INFO  ProfileMatch              :         release-date: 09.03.2020
17:12:38 INFO  ProfileMatch              :     lib root package: "com.facebook.all"  (in app: "androidx.constraintlayout.motion.utils")
17:12:38 INFO  ProfileMatch              : 
17:12:38 INFO  ProfileMatch              :                 name: Facebook
17:12:38 INFO  ProfileMatch              :             category: SocialMedia
17:12:38 INFO  ProfileMatch              :              version: 6.3.0  [OLD VERSION]
17:12:38 INFO  ProfileMatch              :         release-date: 25.03.2020
17:12:38 INFO  ProfileMatch              :     lib root package: "com.facebook.all"  (in app: "androidx.constraintlayout.motion.utils")
17:12:38 INFO  ProfileMatch              : 
17:12:38 INFO  ProfileMatch              :                 name: Facebook
17:12:38 INFO  ProfileMatch              :             category: SocialMedia
17:12:38 INFO  ProfileMatch              :              version: 6.4.0  [OLD VERSION]
17:12:38 INFO  ProfileMatch              :         release-date: 15.04.2020
17:12:38 INFO  ProfileMatch              :     lib root package: "com.facebook.all"  (in app: "androidx.constraintlayout.motion.utils")
17:12:38 INFO  ProfileMatch              : 
17:12:38 INFO  ProfileMatch              :                 name: Facebook
17:12:38 INFO  ProfileMatch              :             category: SocialMedia
17:12:38 INFO  ProfileMatch              :              version: 6.5.0  [OLD VERSION]
17:12:38 INFO  ProfileMatch              :         release-date: 20.04.2020
17:12:38 INFO  ProfileMatch              :     lib root package: "com.facebook.all"  (in app: "androidx.constraintlayout.motion.utils")
17:12:38 INFO  ProfileMatch              : 
17:12:38 INFO  ProfileMatch              :                 name: Facebook
17:12:38 INFO  ProfileMatch              :             category: SocialMedia
17:12:38 INFO  ProfileMatch              :              version: 6.5.1  [OLD VERSION]
17:12:38 INFO  ProfileMatch              :         release-date: 23.04.2020
17:12:38 INFO  ProfileMatch              :     lib root package: "com.facebook.all"  (in app: "androidx.constraintlayout.motion.utils")
17:12:38 INFO  ProfileMatch              : 
17:12:38 INFO  ProfileMatch              :                 name: Facebook
17:12:38 INFO  ProfileMatch              :             category: SocialMedia
17:12:38 INFO  ProfileMatch              :              version: 7.0.0  [OLD VERSION]
17:12:38 INFO  ProfileMatch              :         release-date: 05.05.2020
17:12:38 INFO  ProfileMatch              :     lib root package: "com.facebook.all"  (in app: "androidx.constraintlayout.motion.utils")
17:12:38 INFO  ProfileMatch              : 
17:12:38 INFO  ProfileMatch              :                 name: Facebook
17:12:38 INFO  ProfileMatch              :             category: SocialMedia
17:12:38 INFO  ProfileMatch              :              version: 7.0.1  [OLD VERSION]
17:12:38 INFO  ProfileMatch              :         release-date: 09.06.2020
17:12:38 INFO  ProfileMatch              :     lib root package: "com.facebook.all"  (in app: "androidx.constraintlayout.motion.utils")
17:12:38 INFO  ProfileMatch              : 
17:12:38 INFO  ProfileMatch              :                 name: Facebook
17:12:38 INFO  ProfileMatch              :             category: SocialMedia
17:12:38 INFO  ProfileMatch              :              version: 7.1.0  [OLD VERSION]
17:12:38 INFO  ProfileMatch              :         release-date: 23.06.2020
17:12:38 INFO  ProfileMatch              :     lib root package: "com.facebook.all"  (in app: "androidx.constraintlayout.motion.utils")
17:12:38 INFO  ProfileMatch              : 
17:12:38 INFO  ProfileMatch              :                 name: Facebook
17:12:38 INFO  ProfileMatch              :             category: SocialMedia
17:12:38 INFO  ProfileMatch              :              version: 8.0.0  [OLD VERSION]
17:12:38 INFO  ProfileMatch              :         release-date: 28.09.2020
17:12:38 INFO  ProfileMatch              :     lib root package: "com.facebook.all"  (in app: "androidx.constraintlayout.motion.utils")
17:12:38 INFO  ProfileMatch              : 
17:12:38 INFO  ProfileMatch              :                 name: Facebook
17:12:38 INFO  ProfileMatch              :             category: SocialMedia
17:12:38 INFO  ProfileMatch              :              version: 8.1.0  [OLD VERSION]
17:12:38 INFO  ProfileMatch              :         release-date: 14.10.2020
17:12:38 INFO  ProfileMatch              :     lib root package: "com.facebook.all"  (in app: "androidx.constraintlayout.motion.utils")
17:12:38 INFO  ProfileMatch              : 
17:12:38 INFO  ProfileMatch              :                 name: Facebook
17:12:38 INFO  ProfileMatch              :             category: SocialMedia
17:12:38 INFO  ProfileMatch              :              version: 8.2.0  [OLD VERSION]
17:12:38 INFO  ProfileMatch              :         release-date: 18.12.2020
17:12:38 INFO  ProfileMatch              :     lib root package: "com.facebook.all"  (in app: "androidx.constraintlayout.motion.utils")
17:12:38 INFO  ProfileMatch              : 
17:12:38 INFO  ProfileMatch              :                 name: Facebook
17:12:38 INFO  ProfileMatch              :             category: SocialMedia
17:12:38 INFO  ProfileMatch              :              version: 9.0.0  [OLD VERSION]
17:12:38 INFO  ProfileMatch              :         release-date: 19.01.2021
17:12:38 INFO  ProfileMatch              :     lib root package: "com.facebook.all"  (in app: "androidx.constraintlayout.motion.utils")
17:12:38 INFO  ProfileMatch              : 
17:12:38 INFO  ProfileMatch              :                 name: Facebook
17:12:38 INFO  ProfileMatch              :             category: SocialMedia
17:12:38 INFO  ProfileMatch              :              version: 9.1.0  [OLD VERSION]
17:12:38 INFO  ProfileMatch              :         release-date: 15.03.2021
17:12:38 INFO  ProfileMatch              :     lib root package: "com.facebook.all"  (in app: "androidx.constraintlayout.motion.utils")
17:12:38 INFO  ProfileMatch              : 
17:12:38 INFO  ProfileMatch              :                 name: Facebook
17:12:38 INFO  ProfileMatch              :             category: SocialMedia
17:12:38 INFO  ProfileMatch              :              version: 9.1.1  [OLD VERSION]
17:12:38 INFO  ProfileMatch              :         release-date: 12.04.2021
17:12:38 INFO  ProfileMatch              :     lib root package: "com.facebook.all"  (in app: "androidx.constraintlayout.motion.utils")
17:12:38 INFO  ProfileMatch              : 
17:12:38 INFO  ProfileMatch              :                 name: Facebook
17:12:38 INFO  ProfileMatch              :             category: SocialMedia
17:12:38 INFO  ProfileMatch              :              version: 11.0.0  [OLD VERSION]
17:12:38 INFO  ProfileMatch              :         release-date: 08.06.2021
17:12:38 INFO  ProfileMatch              :     lib root package: "com.facebook.all"  (in app: "androidx.constraintlayout.motion.utils")
17:12:38 INFO  ProfileMatch              : 
17:12:38 INFO  ProfileMatch              :                 name: Facebook
17:12:38 INFO  ProfileMatch              :             category: SocialMedia
17:12:38 INFO  ProfileMatch              :              version: 11.1.0  [OLD VERSION]
17:12:38 INFO  ProfileMatch              :         release-date: 06.07.2021
17:12:38 INFO  ProfileMatch              :     lib root package: "com.facebook.all"  (in app: "androidx.constraintlayout.motion.utils")
17:12:38 INFO  ProfileMatch              : 
17:12:38 INFO  ProfileMatch              :                 name: Facebook
17:12:38 INFO  ProfileMatch              :             category: SocialMedia
17:12:38 INFO  ProfileMatch              :              version: 11.1.1  [OLD VERSION]
17:12:38 INFO  ProfileMatch              :         release-date: 19.07.2021
17:12:38 INFO  ProfileMatch              :     lib root package: "com.facebook.all"  (in app: "androidx.constraintlayout.motion.utils")
17:12:38 INFO  ProfileMatch              : 
17:12:38 INFO  ProfileMatch              :                 name: Facebook
17:12:38 INFO  ProfileMatch              :             category: SocialMedia
17:12:38 INFO  ProfileMatch              :              version: 11.2.0  [OLD VERSION]
17:12:38 INFO  ProfileMatch              :         release-date: 03.08.2021
17:12:38 INFO  ProfileMatch              :     lib root package: "com.facebook.all"  (in app: "androidx.constraintlayout.motion.utils")
17:12:38 INFO  ProfileMatch              : 
17:12:38 INFO  ProfileMatch              :                 name: Facebook
17:12:38 INFO  ProfileMatch              :             category: SocialMedia
17:12:38 INFO  ProfileMatch              :              version: 11.3.0  [OLD VERSION]
17:12:38 INFO  ProfileMatch              :         release-date: 07.09.2021
17:12:38 INFO  ProfileMatch              :     lib root package: "com.facebook.all"  (in app: "androidx.constraintlayout.motion.utils")
17:12:38 INFO  ProfileMatch              : 
17:12:38 INFO  ProfileMatch              :                 name: Facebook
17:12:38 INFO  ProfileMatch              :             category: SocialMedia
17:12:38 INFO  ProfileMatch              :              version: 12.0.0  [OLD VERSION]
17:12:38 INFO  ProfileMatch              :         release-date: 05.10.2021
17:12:38 INFO  ProfileMatch              :     lib root package: "com.facebook.all"  (in app: "androidx.constraintlayout.motion.utils")
17:12:38 INFO  ProfileMatch              : 
17:12:38 INFO  ProfileMatch              :                 name: Facebook
17:12:38 INFO  ProfileMatch              :             category: SocialMedia
17:12:38 INFO  ProfileMatch              :              version: 12.0.1  [OLD VERSION]
17:12:38 INFO  ProfileMatch              :         release-date: 13.10.2021
17:12:38 INFO  ProfileMatch              :     lib root package: "com.facebook.all"  (in app: "androidx.constraintlayout.motion.utils")
17:12:38 INFO  ProfileMatch              : 
17:12:38 INFO  ProfileMatch              :                 name: Facebook
17:12:38 INFO  ProfileMatch              :             category: SocialMedia
17:12:38 INFO  ProfileMatch              :              version: 12.1.0  [OLD VERSION]
17:12:38 INFO  ProfileMatch              :         release-date: 01.11.2021
17:12:38 INFO  ProfileMatch              :     lib root package: "com.facebook.all"  (in app: "androidx.constraintlayout.motion.utils")
17:12:38 INFO  ProfileMatch              : 
17:12:38 INFO  ProfileMatch              :                 name: Facebook
17:12:38 INFO  ProfileMatch              :             category: SocialMedia
17:12:38 INFO  ProfileMatch              :              version: 12.2.0  [OLD VERSION]
17:12:38 INFO  ProfileMatch              :         release-date: 06.12.2021
17:12:38 INFO  ProfileMatch              :     lib root package: "com.facebook.all"  (in app: "androidx.constraintlayout.motion.utils")
17:12:38 INFO  ProfileMatch              : 
17:12:38 INFO  ProfileMatch              :                 name: Facebook
17:12:38 INFO  ProfileMatch              :             category: SocialMedia
17:12:38 INFO  ProfileMatch              :              version: 12.3.0  [OLD VERSION]
17:12:38 INFO  ProfileMatch              :         release-date: 10.01.2022
17:12:38 INFO  ProfileMatch              :     lib root package: "com.facebook.all"  (in app: "androidx.constraintlayout.motion.utils")
17:12:38 INFO  ProfileMatch              : 
17:12:38 INFO  ProfileMatch              :                 name: Facebook
17:12:38 INFO  ProfileMatch              :             category: SocialMedia
17:12:38 INFO  ProfileMatch              :              version: 13.0.0  [OLD VERSION]
17:12:38 INFO  ProfileMatch              :         release-date: 23.02.2022
17:12:38 INFO  ProfileMatch              :     lib root package: "com.facebook.all"  (in app: "androidx.constraintlayout.motion.utils")
17:12:38 INFO  ProfileMatch              : 
17:12:38 INFO  ProfileMatch              :                 name: Facebook
17:12:38 INFO  ProfileMatch              :             category: SocialMedia
17:12:38 INFO  ProfileMatch              :              version: 13.1.0  [OLD VERSION]
17:12:38 INFO  ProfileMatch              :         release-date: 21.03.2022
17:12:38 INFO  ProfileMatch              :     lib root package: "com.facebook.all"  (in app: "androidx.constraintlayout.motion.utils")
17:12:38 INFO  ProfileMatch              : 
17:12:38 INFO  ProfileMatch              :                 name: Facebook
17:12:38 INFO  ProfileMatch              :             category: SocialMedia
17:12:38 INFO  ProfileMatch              :              version: 13.2.0  [OLD VERSION]
17:12:38 INFO  ProfileMatch              :         release-date: 22.04.2022
17:12:38 INFO  ProfileMatch              :     lib root package: "com.facebook.all"  (in app: "androidx.constraintlayout.motion.utils")
17:12:38 INFO  ProfileMatch              : 
17:12:38 INFO  ProfileMatch              :                 name: Facebook
17:12:38 INFO  ProfileMatch              :             category: SocialMedia
17:12:38 INFO  ProfileMatch              :              version: 14.0.0
17:12:38 INFO  ProfileMatch              :         release-date: 14.06.2022
17:12:38 INFO  ProfileMatch              :     lib root package: "com.facebook.all"  (in app: "androidx.constraintlayout.motion.utils")
17:12:38 INFO  ProfileMatch              : 
17:12:38 INFO  LibraryIdentifier         : 
17:12:38 INFO  LibraryIdentifier         : - Partial library matches:
17:12:38 INFO  LibraryIdentifier         :                 name: androidx.arch.core::core-common
17:12:38 INFO  LibraryIdentifier         :             category: Android
17:12:38 INFO  LibraryIdentifier         :              version: 2.1.0
17:12:38 INFO  LibraryIdentifier         :         release-date:  --
17:12:38 INFO  LibraryIdentifier         :     lib root package: "androidx.arch.core"
17:12:38 INFO  LibraryIdentifier         :         Partial matching results:
17:12:38 INFO  LibraryIdentifier         :              - config: Hashing.md5() | Flags: no-flag | Keep: PN | Prune: MSIG   score: 0.75
17:12:38 INFO  LibraryIdentifier         : 
17:12:38 INFO  LibraryIdentifier         : 
17:12:38 INFO  LibraryIdentifier         : App processing time: 1 min, 12 sec, 570 ms
