23:00:32 INFO  LibraryIdentifier         : Process app: org.cry.otp_22.apk
23:00:32 INFO  LibraryIdentifier         : = Manifest Parser =
23:00:32 INFO  LibraryIdentifier         :         Package name: org.cry.otp
23:00:32 INFO  LibraryIdentifier         :         Version code: 22
23:00:32 INFO  LibraryIdentifier         :        minSdkVersion: 16
23:00:32 INFO  LibraryIdentifier         :     targetSdkVersion: 29
23:00:32 INFO  LibraryIdentifier         :         SharedUserId:  - none -
23:00:32 INFO  LibraryIdentifier         :     Library dependencies:  - none -
23:00:32 INFO  LibraryIdentifier         : 
23:00:32 INFO  LibraryIdentifier         : Found 402 unique libraries in 12405 library profiles
23:00:33 INFO  LibraryIdentifier         : Generated class hierarchy (in 819 ms)
23:00:33 INFO  WalaUtils                 : 
23:00:33 INFO  WalaUtils                 : = ClassHierarchy Stats =
23:00:33 INFO  WalaUtils                 :     # of classes: 2219
23:00:33 INFO  WalaUtils                 :     # thereof inner classes: 1322
23:00:33 INFO  WalaUtils                 :     # thereof public classes: 1070
23:00:33 INFO  WalaUtils                 :         Activity : 7
23:00:33 INFO  WalaUtils                 :         Application : 0
23:00:33 INFO  WalaUtils                 :         AsyncTask : 2
23:00:33 INFO  WalaUtils                 :         BroadcastReceiver : 2
23:00:33 INFO  WalaUtils                 :         ContentProvider : 1
23:00:33 INFO  WalaUtils                 :         Fragment : 1
23:00:33 INFO  WalaUtils                 :         Handler : 3
23:00:33 INFO  WalaUtils                 :         LayoutContainer : 73
23:00:33 INFO  WalaUtils                 :         Plain : 2091
23:00:33 INFO  WalaUtils                 :         Runnable : 0
23:00:33 INFO  WalaUtils                 :         Service : 2
23:00:33 INFO  WalaUtils                 :         Thread : 0
23:00:33 INFO  WalaUtils                 :         View : 37
23:00:33 INFO  WalaUtils                 :     # methods: 18634
23:00:33 INFO  WalaUtils                 :         # of publicly accessible methods: 12430
23:00:33 INFO  WalaUtils                 :         # of non-accessible methods: 6204
23:00:33 INFO  WalaUtils                 : 
23:00:33 INFO  Profile                   : = PackageTree =
23:00:33 INFO  PackageTree               : Root Package: androidx
23:00:33 INFO  PackageTree               : └── Root
23:00:33 INFO  PackageTree               :     ├── androidx
23:00:33 INFO  PackageTree               :     │   ├── core
23:00:33 INFO  PackageTree               :     │   │   ├── view (86)
23:00:33 INFO  PackageTree               :     │   │   │   ├── accessibility (28)
23:00:33 INFO  PackageTree               :     │   │   │   ├── inputmethod (9)
23:00:33 INFO  PackageTree               :     │   │   │   └── animation (2)
23:00:33 INFO  PackageTree               :     │   │   ├── content (15)
23:00:33 INFO  PackageTree               :     │   │   │   ├── res (20)
23:00:33 INFO  PackageTree               :     │   │   │   └── pm (11)
23:00:33 INFO  PackageTree               :     │   │   ├── provider (28)
23:00:33 INFO  PackageTree               :     │   │   ├── app (97)
23:00:33 INFO  PackageTree               :     │   │   ├── os (18)
23:00:33 INFO  PackageTree               :     │   │   ├── hardware
23:00:33 INFO  PackageTree               :     │   │   │   ├── fingerprint (5)
23:00:33 INFO  PackageTree               :     │   │   │   └── display (1)
23:00:33 INFO  PackageTree               :     │   │   ├── telephony
23:00:33 INFO  PackageTree               :     │   │   │   └── mbms (1)
23:00:33 INFO  PackageTree               :     │   │   ├── graphics (23)
23:00:33 INFO  PackageTree               :     │   │   │   └── drawable (13)
23:00:33 INFO  PackageTree               :     │   │   ├── widget (27)
23:00:33 INFO  PackageTree               :     │   │   ├── util (15)
23:00:33 INFO  PackageTree               :     │   │   ├── internal
23:00:33 INFO  PackageTree               :     │   │   │   └── view (3)
23:00:33 INFO  PackageTree               :     │   │   ├── text (19)
23:00:33 INFO  PackageTree               :     │   │   │   └── util (6)
23:00:33 INFO  PackageTree               :     │   │   ├── location (1)
23:00:33 INFO  PackageTree               :     │   │   ├── accessibilityservice (1)
23:00:33 INFO  PackageTree               :     │   │   ├── database (2)
23:00:33 INFO  PackageTree               :     │   │   │   └── sqlite (1)
23:00:33 INFO  PackageTree               :     │   │   ├── net (6)
23:00:33 INFO  PackageTree               :     │   │   └── math (1)
23:00:33 INFO  PackageTree               :     │   ├── fragment
23:00:33 INFO  PackageTree               :     │   │   └── app (76)
23:00:33 INFO  PackageTree               :     │   ├── annotation (59)
23:00:33 INFO  PackageTree               :     │   │   └── experimental (3)
23:00:33 INFO  PackageTree               :     │   ├── appcompat
23:00:33 INFO  PackageTree               :     │   │   ├── widget (199)
23:00:33 INFO  PackageTree               :     │   │   ├── graphics
23:00:33 INFO  PackageTree               :     │   │   │   └── drawable (16)
23:00:33 INFO  PackageTree               :     │   │   ├── app (86)
23:00:33 INFO  PackageTree               :     │   │   ├── view (14)
23:00:33 INFO  PackageTree               :     │   │   │   └── menu (45)
23:00:33 INFO  PackageTree               :     │   │   ├── content
23:00:33 INFO  PackageTree               :     │   │   │   └── res (2)
23:00:33 INFO  PackageTree               :     │   │   └── text (1)
23:00:33 INFO  PackageTree               :     │   ├── recyclerview
23:00:33 INFO  PackageTree               :     │   │   └── widget (175)
23:00:33 INFO  PackageTree               :     │   ├── transition (133)
23:00:33 INFO  PackageTree               :     │   ├── viewpager
23:00:33 INFO  PackageTree               :     │   │   └── widget (24)
23:00:33 INFO  PackageTree               :     │   ├── cursoradapter
23:00:33 INFO  PackageTree               :     │   │   └── widget (9)
23:00:33 INFO  PackageTree               :     │   ├── coordinatorlayout
23:00:33 INFO  PackageTree               :     │   │   └── widget (14)
23:00:33 INFO  PackageTree               :     │   ├── loader
23:00:33 INFO  PackageTree               :     │   │   ├── app (7)
23:00:33 INFO  PackageTree               :     │   │   └── content (15)
23:00:33 INFO  PackageTree               :     │   ├── viewpager2
23:00:33 INFO  PackageTree               :     │   │   ├── adapter (13)
23:00:33 INFO  PackageTree               :     │   │   └── widget (32)
23:00:33 INFO  PackageTree               :     │   ├── savedstate (8)
23:00:33 INFO  PackageTree               :     │   ├── arch
23:00:33 INFO  PackageTree               :     │   │   └── core
23:00:33 INFO  PackageTree               :     │   │       ├── executor (6)
23:00:33 INFO  PackageTree               :     │   │       ├── internal (8)
23:00:33 INFO  PackageTree               :     │   │       └── util (1)
23:00:33 INFO  PackageTree               :     │   ├── vectordrawable
23:00:33 INFO  PackageTree               :     │   │   └── graphics
23:00:33 INFO  PackageTree               :     │   │       └── drawable (24)
23:00:33 INFO  PackageTree               :     │   ├── lifecycle (51)
23:00:33 INFO  PackageTree               :     │   ├── customview
23:00:33 INFO  PackageTree               :     │   │   ├── widget (12)
23:00:33 INFO  PackageTree               :     │   │   └── view (3)
23:00:33 INFO  PackageTree               :     │   ├── cardview
23:00:33 INFO  PackageTree               :     │   │   └── widget (12)
23:00:33 INFO  PackageTree               :     │   ├── activity (12)
23:00:33 INFO  PackageTree               :     │   ├── versionedparcelable (15)
23:00:33 INFO  PackageTree               :     │   ├── collection (17)
23:00:33 INFO  PackageTree               :     │   ├── drawerlayout
23:00:33 INFO  PackageTree               :     │   │   └── widget (11)
23:00:33 INFO  PackageTree               :     │   └── interpolator
23:00:33 INFO  PackageTree               :     │       └── view
23:00:33 INFO  PackageTree               :     │           └── animation (4)
23:00:33 INFO  PackageTree               :     ├── com
23:00:33 INFO  PackageTree               :     │   └── google
23:00:33 INFO  PackageTree               :     │       └── android
23:00:33 INFO  PackageTree               :     │           └── material
23:00:33 INFO  PackageTree               :     │               ├── textfield (48)
23:00:33 INFO  PackageTree               :     │               ├── transition (46)
23:00:33 INFO  PackageTree               :     │               │   └── platform (52)
23:00:33 INFO  PackageTree               :     │               ├── snackbar (40)
23:00:33 INFO  PackageTree               :     │               ├── internal (66)
23:00:33 INFO  PackageTree               :     │               ├── bottomnavigation (16)
23:00:33 INFO  PackageTree               :     │               ├── appbar (29)
23:00:33 INFO  PackageTree               :     │               ├── tabs (24)
23:00:33 INFO  PackageTree               :     │               ├── datepicker (64)
23:00:33 INFO  PackageTree               :     │               ├── behavior (7)
23:00:33 INFO  PackageTree               :     │               ├── transformation (15)
23:00:33 INFO  PackageTree               :     │               ├── bottomsheet (19)
23:00:33 INFO  PackageTree               :     │               ├── shape (38)
23:00:33 INFO  PackageTree               :     │               ├── button (14)
23:00:33 INFO  PackageTree               :     │               ├── floatingactionbutton (40)
23:00:33 INFO  PackageTree               :     │               ├── bottomappbar (18)
23:00:33 INFO  PackageTree               :     │               ├── dialog (3)
23:00:33 INFO  PackageTree               :     │               ├── card (4)
23:00:33 INFO  PackageTree               :     │               ├── chip (11)
23:00:33 INFO  PackageTree               :     │               ├── slider (17)
23:00:33 INFO  PackageTree               :     │               ├── elevation (1)
23:00:33 INFO  PackageTree               :     │               ├── shadow (3)
23:00:33 INFO  PackageTree               :     │               ├── resources (9)
23:00:33 INFO  PackageTree               :     │               ├── animation (11)
23:00:33 INFO  PackageTree               :     │               ├── badge (5)
23:00:33 INFO  PackageTree               :     │               ├── theme (1)
23:00:33 INFO  PackageTree               :     │               │   └── overlay (1)
23:00:33 INFO  PackageTree               :     │               ├── circularreveal (14)
23:00:33 INFO  PackageTree               :     │               │   ├── coordinatorlayout (1)
23:00:33 INFO  PackageTree               :     │               │   └── cardview (1)
23:00:33 INFO  PackageTree               :     │               ├── tooltip (2)
23:00:33 INFO  PackageTree               :     │               ├── expandable (3)
23:00:33 INFO  PackageTree               :     │               ├── math (1)
23:00:33 INFO  PackageTree               :     │               ├── ripple (3)
23:00:33 INFO  PackageTree               :     │               ├── imageview (2)
23:00:33 INFO  PackageTree               :     │               ├── navigation (6)
23:00:33 INFO  PackageTree               :     │               ├── stateful (2)
23:00:33 INFO  PackageTree               :     │               ├── drawable (1)
23:00:33 INFO  PackageTree               :     │               ├── radiobutton (1)
23:00:33 INFO  PackageTree               :     │               ├── textview (1)
23:00:33 INFO  PackageTree               :     │               ├── canvas (1)
23:00:33 INFO  PackageTree               :     │               ├── color (1)
23:00:33 INFO  PackageTree               :     │               ├── switchmaterial (1)
23:00:33 INFO  PackageTree               :     │               └── checkbox (1)
23:00:33 INFO  PackageTree               :     ├── android
23:00:33 INFO  PackageTree               :     │   └── support
23:00:33 INFO  PackageTree               :     │       └── v4
23:00:33 INFO  PackageTree               :     │           ├── os (8)
23:00:33 INFO  PackageTree               :     │           ├── app (5)
23:00:33 INFO  PackageTree               :     │           └── graphics
23:00:33 INFO  PackageTree               :     │               └── drawable (1)
23:00:33 INFO  PackageTree               :     └── org
23:00:33 INFO  PackageTree               :         └── cry
23:00:33 INFO  PackageTree               :             └── otp (15)
23:00:33 INFO  Profile                   : 
23:00:33 INFO  AppProfile                : - generated app package tree (in 64 ms)
23:00:33 INFO  AppProfile                : 
23:00:33 DEBUG HashTree                  : Generate hash tree..
23:00:34 DEBUG HashTree                  :     - generated 107 package hashes.
23:00:34 DEBUG HashTree                  :     - generated 2081 clazz hashes.
23:00:34 DEBUG HashTree                  :     - generated 18634 method hashes.
23:00:34 DEBUG HashTree                  :     => Library Hash: ad3ecc0c9bade0c05de7be05b0ad01f2
23:00:34 INFO  AppProfile                : - generated app hash trees (in 679 ms)
23:00:34 INFO  AppProfile                : 
23:00:34 INFO  LibraryIdentifier         : = Scan for library root packages (heuristic) =
23:00:34 INFO  LibraryIdentifier         :     - Found lib root package androidx.annotation  (androidx.annotation::annotation)
23:00:34 INFO  LibraryIdentifier         :     - Found lib root package androidx.appcompat  (androidx.appcompat::appcompat)
23:00:34 INFO  LibraryIdentifier         :     - Found lib root package androidx.arch.core  (androidx.arch.core::core-common)
23:00:34 INFO  LibraryIdentifier         :     - Found lib root package androidx.arch.core.executor  (androidx.arch.core::core-runtime)
23:00:34 INFO  LibraryIdentifier         :     - Found lib root package androidx.cardview.widget  (androidx.cardview::cardview)
23:00:34 INFO  LibraryIdentifier         :     - Found lib root package androidx.collection  (androidx.collection::collection)
23:00:34 INFO  LibraryIdentifier         :     - Found lib root package androidx.collection  (androidx.collection::collection-ktx)
23:00:34 INFO  LibraryIdentifier         :     - Found lib root package androidx.coordinatorlayout.widget  (androidx.coordinatorlayout::coordinatorlayout)
23:00:34 INFO  LibraryIdentifier         :     - Found lib root package androidx.core  (androidx.core::core)
23:00:34 INFO  LibraryIdentifier         :     - Found lib root package androidx  (androidx.core::core-ktx)
23:00:34 INFO  LibraryIdentifier         :     - Found lib root package androidx.cursoradapter.widget  (androidx.cursoradapter::cursoradapter)
23:00:34 INFO  LibraryIdentifier         :     - Found lib root package androidx.customview  (androidx.customview::customview)
23:00:34 INFO  LibraryIdentifier         :     - Found lib root package androidx.drawerlayout.widget  (androidx.drawerlayout::drawerlayout)
23:00:34 INFO  LibraryIdentifier         :     - Found lib root package androidx.fragment.app  (androidx.fragment::fragment)
23:00:34 INFO  LibraryIdentifier         :     - Found lib root package androidx.fragment.app  (androidx.fragment::fragment-ktx)
23:00:34 INFO  LibraryIdentifier         :     - Found lib root package androidx.interpolator.view.animation  (androidx.interpolator::interpolator)
23:00:34 INFO  LibraryIdentifier         :     - Found lib root package androidx.lifecycle  (androidx.lifecycle::lifecycle-common)
23:00:34 INFO  LibraryIdentifier         :     - Found lib root package androidx.lifecycle  (androidx.lifecycle::lifecycle-common-java8)
23:00:34 INFO  LibraryIdentifier         :     - Found lib root package androidx.lifecycle  (androidx.lifecycle::lifecycle-compiler)
23:00:34 INFO  LibraryIdentifier         :     - Found lib root package androidx.lifecycle  (androidx.lifecycle::lifecycle-extensions)
23:00:34 INFO  LibraryIdentifier         :     - Found lib root package androidx.lifecycle  (androidx.lifecycle::lifecycle-livedata)
23:00:34 INFO  LibraryIdentifier         :     - Found lib root package androidx.lifecycle  (androidx.lifecycle::lifecycle-livedata-core)
23:00:34 INFO  LibraryIdentifier         :     - Found lib root package androidx.lifecycle  (androidx.lifecycle::lifecycle-process)
23:00:34 INFO  LibraryIdentifier         :     - Found lib root package androidx.lifecycle  (androidx.lifecycle::lifecycle-reactivestreams)
23:00:34 INFO  LibraryIdentifier         :     - Found lib root package androidx.lifecycle  (androidx.lifecycle::lifecycle-reactivestreams-ktx)
23:00:34 INFO  LibraryIdentifier         :     - Found lib root package androidx.lifecycle  (androidx.lifecycle::lifecycle-runtime)
23:00:34 INFO  LibraryIdentifier         :     - Found lib root package androidx.lifecycle  (androidx.lifecycle::lifecycle-service)
23:00:34 INFO  LibraryIdentifier         :     - Found lib root package androidx.lifecycle  (androidx.lifecycle::lifecycle-viewmodel)
23:00:34 INFO  LibraryIdentifier         :     - Found lib root package androidx.lifecycle  (androidx.lifecycle::lifecycle-viewmodel-ktx)
23:00:34 INFO  LibraryIdentifier         :     - Found lib root package androidx.loader  (androidx.loader::loader)
23:00:34 INFO  LibraryIdentifier         :     - Found lib root package androidx.recyclerview.widget  (androidx.recyclerview::recyclerview)
23:00:34 INFO  LibraryIdentifier         :     - Found lib root package androidx.transition  (androidx.transition::transition)
23:00:34 INFO  LibraryIdentifier         :     - Found lib root package androidx.vectordrawable.graphics.drawable  (androidx.vectordrawable::vectordrawable)
23:00:34 INFO  LibraryIdentifier         :     - Found lib root package androidx.vectordrawable.graphics.drawable  (androidx.vectordrawable::vectordrawable-animated)
23:00:34 INFO  LibraryIdentifier         :     - Found lib root package androidx.versionedparcelable  (androidx.versionedparcelable::versionedparcelable)
23:00:34 INFO  LibraryIdentifier         :     - Found lib root package androidx.viewpager.widget  (androidx.viewpager::viewpager)
23:00:34 INFO  LibraryIdentifier         :     - Found lib root package android.support.v4  (com.android.support::customview)
23:00:34 INFO  LibraryIdentifier         :     - Found lib root package android.support.v4  (com.android.support::loader)
23:00:34 INFO  LibraryIdentifier         :     - Found lib root package android.support.v4  (com.android.support::support-compat)
23:00:34 INFO  LibraryIdentifier         :     - Found lib root package android.support.v4  (com.android.support::support-core-ui)
23:00:34 INFO  LibraryIdentifier         :     - Found lib root package android.support.v4  (com.android.support::support-core-utils)
23:00:34 INFO  LibraryIdentifier         :     - Found lib root package android.support.v4.app  (com.android.support::support-fragment)
23:00:34 INFO  LibraryIdentifier         :     - Found lib root package android.support.v4  (com.android.support::support-v4)
23:00:34 INFO  LibraryIdentifier         :     - Found lib root package androidx.versionedparcelable  (com.android.support::versionedparcelable)
23:00:34 INFO  LibraryIdentifier         :     - Found lib root package com.google.android.material  (com.google.android.material::material)
23:00:34 INFO  LibraryIdentifier         : 
23:00:34 INFO  LibraryIdentifier         : = Match profiles =
23:01:12 INFO  LibraryIdentifier         :     >> profile matching done (37 sec, 819 ms)
23:01:12 INFO  LibraryIdentifier         : 
23:01:12 INFO  LibraryIdentifier         : == Report ==
23:01:12 INFO  LibraryIdentifier         : - Full library matches:
23:01:12 INFO  ProfileMatch              :                 name: androidx.customview::customview
23:01:12 INFO  ProfileMatch              :             category: Android
23:01:12 INFO  ProfileMatch              :              version: 1.0.0  [OLD VERSION]
23:01:12 INFO  ProfileMatch              :         release-date:  --
23:01:12 INFO  ProfileMatch              :     lib root package: "androidx.customview"
23:01:12 INFO  ProfileMatch              : 
23:01:12 INFO  ProfileMatch              :                 name: androidx.appcompat::appcompat
23:01:12 INFO  ProfileMatch              :             category: Android
23:01:12 INFO  ProfileMatch              :              version: 1.2.0  [OLD VERSION]
23:01:12 INFO  ProfileMatch              :         release-date:  --
23:01:12 INFO  ProfileMatch              :     lib root package: "androidx.appcompat"
23:01:12 INFO  ProfileMatch              : 
23:01:12 INFO  ProfileMatch              :                 name: androidx.cursoradapter::cursoradapter
23:01:12 INFO  ProfileMatch              :             category: Android
23:01:12 INFO  ProfileMatch              :              version: 1.0.0
23:01:12 INFO  ProfileMatch              :         release-date:  --
23:01:12 INFO  ProfileMatch              :     lib root package: "androidx.cursoradapter.widget"
23:01:12 INFO  ProfileMatch              : 
23:01:12 INFO  ProfileMatch              :                 name: androidx.recyclerview::recyclerview
23:01:12 INFO  ProfileMatch              :             category: Android
23:01:12 INFO  ProfileMatch              :              version: 1.1.0  [OLD VERSION]
23:01:12 INFO  ProfileMatch              :         release-date:  --
23:01:12 INFO  ProfileMatch              :     lib root package: "androidx.recyclerview.widget"
23:01:12 INFO  ProfileMatch              : 
23:01:12 INFO  ProfileMatch              :                 name: com.android.support::loader
23:01:12 INFO  ProfileMatch              :             category: Android
23:01:12 INFO  ProfileMatch              :              version: 28.0.0
23:01:12 INFO  ProfileMatch              :         release-date:  --
23:01:12 INFO  ProfileMatch              :     lib root package: "android.support.v4"  (in app: "androidx.loader")
23:01:12 INFO  ProfileMatch              : 
23:01:12 INFO  ProfileMatch              :                 name: androidx.annotation::annotation
23:01:12 INFO  ProfileMatch              :             category: Android
23:01:12 INFO  ProfileMatch              :              version: 1.0.1  [OLD VERSION]
23:01:12 INFO  ProfileMatch              :         release-date:  --
23:01:12 INFO  ProfileMatch              :     lib root package: "androidx.annotation"
23:01:12 INFO  ProfileMatch              : 
23:01:12 INFO  ProfileMatch              :                 name: androidx.annotation::annotation
23:01:12 INFO  ProfileMatch              :             category: Android
23:01:12 INFO  ProfileMatch              :              version: 1.0.2  [OLD VERSION]
23:01:12 INFO  ProfileMatch              :         release-date:  --
23:01:12 INFO  ProfileMatch              :     lib root package: "androidx.annotation"
23:01:12 INFO  ProfileMatch              : 
23:01:12 INFO  ProfileMatch              :                 name: androidx.annotation::annotation
23:01:12 INFO  ProfileMatch              :             category: Android
23:01:12 INFO  ProfileMatch              :              version: 1.1.0  [OLD VERSION]
23:01:12 INFO  ProfileMatch              :         release-date:  --
23:01:12 INFO  ProfileMatch              :     lib root package: "androidx.annotation"
23:01:12 INFO  ProfileMatch              : 
23:01:12 INFO  ProfileMatch              :                 name: androidx.coordinatorlayout::coordinatorlayout
23:01:12 INFO  ProfileMatch              :             category: Android
23:01:12 INFO  ProfileMatch              :              version: 1.1.0  [OLD VERSION]
23:01:12 INFO  ProfileMatch              :         release-date:  --
23:01:12 INFO  ProfileMatch              :     lib root package: "androidx.coordinatorlayout.widget"
23:01:12 INFO  ProfileMatch              : 
23:01:12 INFO  ProfileMatch              :                 name: com.android.support::customview
23:01:12 INFO  ProfileMatch              :             category: Android
23:01:12 INFO  ProfileMatch              :              version: 28.0.0
23:01:12 INFO  ProfileMatch              :         release-date:  --
23:01:12 INFO  ProfileMatch              :     lib root package: "android.support.v4"  (in app: "androidx.customview")
23:01:12 INFO  ProfileMatch              : 
23:01:12 INFO  ProfileMatch              :                 name: com.android.support::drawerlayout
23:01:12 INFO  ProfileMatch              :             category: Android
23:01:12 INFO  ProfileMatch              :              version: 28.0.0
23:01:12 INFO  ProfileMatch              :         release-date:  --
23:01:12 INFO  ProfileMatch              :     lib root package: "android.support.v4.widget"  (in app: "androidx.drawerlayout.widget")
23:01:12 INFO  ProfileMatch              : 
23:01:12 INFO  ProfileMatch              :                 name: androidx.loader::loader
23:01:12 INFO  ProfileMatch              :             category: Android
23:01:12 INFO  ProfileMatch              :              version: 1.0.0  [OLD VERSION]
23:01:12 INFO  ProfileMatch              :         release-date:  --
23:01:12 INFO  ProfileMatch              :     lib root package: "androidx.loader"
23:01:12 INFO  ProfileMatch              : 
23:01:12 INFO  ProfileMatch              :                 name: androidx.cardview::cardview
23:01:12 INFO  ProfileMatch              :             category: Android
23:01:12 INFO  ProfileMatch              :              version: 1.0.0
23:01:12 INFO  ProfileMatch              :         release-date:  --
23:01:12 INFO  ProfileMatch              :     lib root package: "androidx.cardview.widget"
23:01:12 INFO  ProfileMatch              : 
23:01:12 INFO  ProfileMatch              :                 name: androidx.drawerlayout::drawerlayout
23:01:12 INFO  ProfileMatch              :             category: Android
23:01:12 INFO  ProfileMatch              :              version: 1.0.0  [OLD VERSION]
23:01:12 INFO  ProfileMatch              :         release-date:  --
23:01:12 INFO  ProfileMatch              :     lib root package: "androidx.drawerlayout.widget"
23:01:12 INFO  ProfileMatch              : 
23:01:12 INFO  ProfileMatch              :                 name: com.google.android.material::material
23:01:12 INFO  ProfileMatch              :             category: Android
23:01:12 INFO  ProfileMatch              :              version: 1.2.1  [OLD VERSION]
23:01:12 INFO  ProfileMatch              :         release-date:  --
23:01:12 INFO  ProfileMatch              :     lib root package: "com.google.android.material"
23:01:12 INFO  ProfileMatch              : 
23:01:12 INFO  ProfileMatch              :                 name: androidx.arch.core::core-runtime
23:01:12 INFO  ProfileMatch              :             category: Android
23:01:12 INFO  ProfileMatch              :              version: 2.0.0  [OLD VERSION]
23:01:12 INFO  ProfileMatch              :         release-date:  --
23:01:12 INFO  ProfileMatch              :     lib root package: "androidx.arch.core.executor"
23:01:12 INFO  ProfileMatch              : 
23:01:12 INFO  ProfileMatch              :                 name: androidx.arch.core::core-runtime
23:01:12 INFO  ProfileMatch              :             category: Android
23:01:12 INFO  ProfileMatch              :              version: 2.0.1  [OLD VERSION]
23:01:12 INFO  ProfileMatch              :         release-date:  --
23:01:12 INFO  ProfileMatch              :     lib root package: "androidx.arch.core.executor"
23:01:12 INFO  ProfileMatch              : 
23:01:12 INFO  ProfileMatch              :                 name: androidx.arch.core::core-common
23:01:12 INFO  ProfileMatch              :             category: Android
23:01:12 INFO  ProfileMatch              :              version: 2.0.0  [OLD VERSION]
23:01:12 INFO  ProfileMatch              :         release-date:  --
23:01:12 INFO  ProfileMatch              :     lib root package: "androidx.arch.core"
23:01:12 INFO  ProfileMatch              : 
23:01:12 INFO  ProfileMatch              :                 name: androidx.arch.core::core-common
23:01:12 INFO  ProfileMatch              :             category: Android
23:01:12 INFO  ProfileMatch              :              version: 2.0.1  [OLD VERSION]
23:01:12 INFO  ProfileMatch              :         release-date:  --
23:01:12 INFO  ProfileMatch              :     lib root package: "androidx.arch.core"
23:01:12 INFO  ProfileMatch              : 
23:01:12 INFO  ProfileMatch              :                 name: androidx.arch.core::core-common
23:01:12 INFO  ProfileMatch              :             category: Android
23:01:12 INFO  ProfileMatch              :              version: 2.1.0
23:01:12 INFO  ProfileMatch              :         release-date:  --
23:01:12 INFO  ProfileMatch              :     lib root package: "androidx.arch.core"
23:01:12 INFO  ProfileMatch              : 
23:01:12 INFO  ProfileMatch              :                 name: androidx.core::core
23:01:12 INFO  ProfileMatch              :             category: Android
23:01:12 INFO  ProfileMatch              :              version: 1.3.0  [OLD VERSION]
23:01:12 INFO  ProfileMatch              :         release-date:  --
23:01:12 INFO  ProfileMatch              :     lib root package: "androidx.core"
23:01:12 INFO  ProfileMatch              : 
23:01:12 INFO  ProfileMatch              :                 name: androidx.core::core
23:01:12 INFO  ProfileMatch              :             category: Android
23:01:12 INFO  ProfileMatch              :              version: 1.3.1  [OLD VERSION]
23:01:12 INFO  ProfileMatch              :         release-date:  --
23:01:12 INFO  ProfileMatch              :     lib root package: "androidx.core"
23:01:12 INFO  ProfileMatch              : 
23:01:12 INFO  ProfileMatch              :                 name: androidx.versionedparcelable::versionedparcelable  [OLD VERSION]
23:01:12 INFO  ProfileMatch              :             category: Android
23:01:12 INFO  ProfileMatch              :              version: 1.1.0  [OLD VERSION]
23:01:12 INFO  ProfileMatch              :         release-date:  --
23:01:12 INFO  ProfileMatch              :     lib root package: "androidx.versionedparcelable"
23:01:12 INFO  ProfileMatch              : 
23:01:12 INFO  ProfileMatch              :                 name: androidx.versionedparcelable::versionedparcelable
23:01:12 INFO  ProfileMatch              :             category: Android
23:01:12 INFO  ProfileMatch              :              version: 1.1.1
23:01:12 INFO  ProfileMatch              :         release-date:  --
23:01:12 INFO  ProfileMatch              :     lib root package: "androidx.versionedparcelable"
23:01:12 INFO  ProfileMatch              : 
23:01:12 INFO  ProfileMatch              :                 name: androidx.collection::collection
23:01:12 INFO  ProfileMatch              :             category: Android
23:01:12 INFO  ProfileMatch              :              version: 1.1.0  [OLD VERSION]
23:01:12 INFO  ProfileMatch              :         release-date:  --
23:01:12 INFO  ProfileMatch              :     lib root package: "androidx.collection"
23:01:12 INFO  ProfileMatch              : 
23:01:12 INFO  ProfileMatch              :                 name: android.arch.core::runtime
23:01:12 INFO  ProfileMatch              :             category: Android
23:01:12 INFO  ProfileMatch              :              version: 1.0.0  [OLD VERSION]
23:01:12 INFO  ProfileMatch              :         release-date:  --
23:01:12 INFO  ProfileMatch              :     lib root package: "android.arch.core"  (in app: "androidx.arch.core")
23:01:12 INFO  ProfileMatch              : 
23:01:12 INFO  ProfileMatch              :                 name: android.arch.core::runtime
23:01:12 INFO  ProfileMatch              :             category: Android
23:01:12 INFO  ProfileMatch              :              version: 1.1.0  [OLD VERSION]
23:01:12 INFO  ProfileMatch              :         release-date:  --
23:01:12 INFO  ProfileMatch              :     lib root package: "android.arch.core"  (in app: "androidx.arch.core")
23:01:12 INFO  ProfileMatch              : 
23:01:12 INFO  ProfileMatch              :                 name: com.android.support::cursoradapter
23:01:12 INFO  ProfileMatch              :             category: Android
23:01:12 INFO  ProfileMatch              :              version: 28.0.0
23:01:12 INFO  ProfileMatch              :         release-date:  --
23:01:12 INFO  ProfileMatch              :     lib root package: "android.support.v4.widget"  (in app: "androidx.cursoradapter.widget")
23:01:12 INFO  ProfileMatch              : 
23:01:12 INFO  ProfileMatch              :                 name: com.android.support::interpolator
23:01:12 INFO  ProfileMatch              :             category: Android
23:01:12 INFO  ProfileMatch              :              version: 28.0.0
23:01:12 INFO  ProfileMatch              :         release-date:  --
23:01:12 INFO  ProfileMatch              :     lib root package: "android.support.v4.view.animation"  (in app: "androidx.interpolator.view.animation")
23:01:12 INFO  ProfileMatch              : 
23:01:12 INFO  ProfileMatch              :                 name: androidx.interpolator::interpolator
23:01:12 INFO  ProfileMatch              :             category: Android
23:01:12 INFO  ProfileMatch              :              version: 1.0.0
23:01:12 INFO  ProfileMatch              :         release-date:  --
23:01:12 INFO  ProfileMatch              :     lib root package: "androidx.interpolator.view.animation"
23:01:12 INFO  ProfileMatch              : 
23:01:12 INFO  ProfileMatch              :                 name: androidx.fragment::fragment
23:01:12 INFO  ProfileMatch              :             category: Android
23:01:12 INFO  ProfileMatch              :              version: 1.1.0  [OLD VERSION]
23:01:12 INFO  ProfileMatch              :         release-date:  --
23:01:12 INFO  ProfileMatch              :     lib root package: "androidx.fragment.app"
23:01:12 INFO  ProfileMatch              : 
23:01:12 INFO  ProfileMatch              :                 name: Facebook
23:01:12 INFO  ProfileMatch              :             category: SocialMedia
23:01:12 INFO  ProfileMatch              :              version: 4.27.0  [OLD VERSION]
23:01:12 INFO  ProfileMatch              :         release-date: 26.09.2017
23:01:12 INFO  ProfileMatch              :     lib root package: "com.facebook.all"  (in app: "androidx.core.view")
23:01:12 INFO  ProfileMatch              : 
23:01:12 INFO  ProfileMatch              :                 name: Facebook
23:01:12 INFO  ProfileMatch              :             category: SocialMedia
23:01:12 INFO  ProfileMatch              :              version: 4.28.0  [OLD VERSION]
23:01:12 INFO  ProfileMatch              :         release-date: 07.11.2017
23:01:12 INFO  ProfileMatch              :     lib root package: "com.facebook.all"  (in app: "androidx.core.view")
23:01:12 INFO  ProfileMatch              : 
23:01:12 INFO  ProfileMatch              :                 name: Facebook
23:01:12 INFO  ProfileMatch              :             category: SocialMedia
23:01:12 INFO  ProfileMatch              :              version: 4.29.0  [OLD VERSION]
23:01:12 INFO  ProfileMatch              :         release-date: 05.12.2017
23:01:12 INFO  ProfileMatch              :     lib root package: "com.facebook.all"  (in app: "androidx.core.view")
23:01:12 INFO  ProfileMatch              : 
23:01:12 INFO  ProfileMatch              :                 name: Facebook
23:01:12 INFO  ProfileMatch              :             category: SocialMedia
23:01:12 INFO  ProfileMatch              :              version: 4.30.0  [OLD VERSION]
23:01:12 INFO  ProfileMatch              :         release-date: 24.01.2018
23:01:12 INFO  ProfileMatch              :     lib root package: "com.facebook.all"  (in app: "androidx.core.view")
23:01:12 INFO  ProfileMatch              : 
23:01:12 INFO  ProfileMatch              :                 name: Facebook
23:01:12 INFO  ProfileMatch              :             category: SocialMedia
23:01:12 INFO  ProfileMatch              :              version: 4.31.0  [OLD VERSION]
23:01:12 INFO  ProfileMatch              :         release-date: 28.02.2018
23:01:12 INFO  ProfileMatch              :     lib root package: "com.facebook.all"  (in app: "androidx.core.view")
23:01:12 INFO  ProfileMatch              : 
23:01:12 INFO  ProfileMatch              :                 name: Facebook
23:01:12 INFO  ProfileMatch              :             category: SocialMedia
23:01:12 INFO  ProfileMatch              :              version: 4.32.0  [OLD VERSION]
23:01:12 INFO  ProfileMatch              :         release-date: 11.04.2018
23:01:12 INFO  ProfileMatch              :     lib root package: "com.facebook.all"  (in app: "androidx.core.view")
23:01:12 INFO  ProfileMatch              : 
23:01:12 INFO  ProfileMatch              :                 name: Facebook
23:01:12 INFO  ProfileMatch              :             category: SocialMedia
23:01:12 INFO  ProfileMatch              :              version: 4.33.0  [OLD VERSION]
23:01:12 INFO  ProfileMatch              :         release-date: 01.05.2018
23:01:12 INFO  ProfileMatch              :     lib root package: "com.facebook.all"  (in app: "androidx.core.view")
23:01:12 INFO  ProfileMatch              : 
23:01:12 INFO  ProfileMatch              :                 name: Facebook
23:01:12 INFO  ProfileMatch              :             category: SocialMedia
23:01:12 INFO  ProfileMatch              :              version: 4.34.0  [OLD VERSION]
23:01:12 INFO  ProfileMatch              :         release-date: 19.06.2018
23:01:12 INFO  ProfileMatch              :     lib root package: "com.facebook.all"  (in app: "androidx.core.view")
23:01:12 INFO  ProfileMatch              : 
23:01:12 INFO  ProfileMatch              :                 name: Facebook
23:01:12 INFO  ProfileMatch              :             category: SocialMedia
23:01:12 INFO  ProfileMatch              :              version: 4.35.0  [OLD VERSION]
23:01:12 INFO  ProfileMatch              :         release-date: 26.07.2018
23:01:12 INFO  ProfileMatch              :     lib root package: "com.facebook.all"  (in app: "androidx.core.view")
23:01:12 INFO  ProfileMatch              : 
23:01:12 INFO  ProfileMatch              :                 name: Facebook
23:01:12 INFO  ProfileMatch              :             category: SocialMedia
23:01:12 INFO  ProfileMatch              :              version: 4.36.0  [OLD VERSION]
23:01:12 INFO  ProfileMatch              :         release-date: 29.08.2018
23:01:12 INFO  ProfileMatch              :     lib root package: "com.facebook.all"  (in app: "androidx.core.view")
23:01:12 INFO  ProfileMatch              : 
23:01:12 INFO  ProfileMatch              :                 name: Facebook
23:01:12 INFO  ProfileMatch              :             category: SocialMedia
23:01:12 INFO  ProfileMatch              :              version: 4.36.1  [OLD VERSION]
23:01:12 INFO  ProfileMatch              :         release-date: 15.09.2018
23:01:12 INFO  ProfileMatch              :     lib root package: "com.facebook.all"  (in app: "androidx.core.view")
23:01:12 INFO  ProfileMatch              : 
23:01:12 INFO  ProfileMatch              :                 name: Facebook
23:01:12 INFO  ProfileMatch              :             category: SocialMedia
23:01:12 INFO  ProfileMatch              :              version: 4.37.0  [OLD VERSION]
23:01:12 INFO  ProfileMatch              :         release-date: 27.09.2018
23:01:12 INFO  ProfileMatch              :     lib root package: "com.facebook.all"  (in app: "androidx.core.view")
23:01:12 INFO  ProfileMatch              : 
23:01:12 INFO  ProfileMatch              :                 name: Facebook
23:01:12 INFO  ProfileMatch              :             category: SocialMedia
23:01:12 INFO  ProfileMatch              :              version: 4.38.0  [OLD VERSION]
23:01:12 INFO  ProfileMatch              :         release-date: 23.10.2018
23:01:12 INFO  ProfileMatch              :     lib root package: "com.facebook.all"  (in app: "androidx.core.view")
23:01:12 INFO  ProfileMatch              : 
23:01:12 INFO  ProfileMatch              :                 name: Facebook
23:01:12 INFO  ProfileMatch              :             category: SocialMedia
23:01:12 INFO  ProfileMatch              :              version: 4.38.1  [OLD VERSION]
23:01:12 INFO  ProfileMatch              :         release-date: 31.10.2018
23:01:12 INFO  ProfileMatch              :     lib root package: "com.facebook.all"  (in app: "androidx.core.view")
23:01:12 INFO  ProfileMatch              : 
23:01:12 INFO  ProfileMatch              :                 name: Facebook
23:01:12 INFO  ProfileMatch              :             category: SocialMedia
23:01:12 INFO  ProfileMatch              :              version: 4.39.0  [OLD VERSION]
23:01:12 INFO  ProfileMatch              :         release-date: 05.12.2018
23:01:12 INFO  ProfileMatch              :     lib root package: "com.facebook.all"  (in app: "androidx.core.view")
23:01:12 INFO  ProfileMatch              : 
23:01:12 INFO  ProfileMatch              :                 name: Facebook
23:01:12 INFO  ProfileMatch              :             category: SocialMedia
23:01:12 INFO  ProfileMatch              :              version: 4.40.0  [OLD VERSION]
23:01:12 INFO  ProfileMatch              :         release-date: 22.01.2019
23:01:12 INFO  ProfileMatch              :     lib root package: "com.facebook.all"  (in app: "androidx.core.view")
23:01:12 INFO  ProfileMatch              : 
23:01:12 INFO  ProfileMatch              :                 name: Facebook
23:01:12 INFO  ProfileMatch              :             category: SocialMedia
23:01:12 INFO  ProfileMatch              :              version: 4.41.0  [OLD VERSION]
23:01:12 INFO  ProfileMatch              :         release-date: 08.03.2019
23:01:12 INFO  ProfileMatch              :     lib root package: "com.facebook.all"  (in app: "androidx.core.view")
23:01:12 INFO  ProfileMatch              : 
23:01:12 INFO  ProfileMatch              :                 name: Facebook
23:01:12 INFO  ProfileMatch              :             category: SocialMedia
23:01:12 INFO  ProfileMatch              :              version: 4.42.0  [OLD VERSION]
23:01:12 INFO  ProfileMatch              :         release-date: 08.04.2019
23:01:12 INFO  ProfileMatch              :     lib root package: "com.facebook.all"  (in app: "androidx.core.view")
23:01:12 INFO  ProfileMatch              : 
23:01:12 INFO  ProfileMatch              :                 name: Facebook
23:01:12 INFO  ProfileMatch              :             category: SocialMedia
23:01:12 INFO  ProfileMatch              :              version: 5.0.0  [OLD VERSION]
23:01:12 INFO  ProfileMatch              :         release-date: 30.04.2019
23:01:12 INFO  ProfileMatch              :     lib root package: "com.facebook.all"  (in app: "androidx.core.view")
23:01:12 INFO  ProfileMatch              : 
23:01:12 INFO  ProfileMatch              :                 name: Facebook
23:01:12 INFO  ProfileMatch              :             category: SocialMedia
23:01:12 INFO  ProfileMatch              :              version: 5.0.1  [OLD VERSION]
23:01:12 INFO  ProfileMatch              :         release-date: 17.05.2019
23:01:12 INFO  ProfileMatch              :     lib root package: "com.facebook.all"  (in app: "androidx.core.view")
23:01:12 INFO  ProfileMatch              : 
23:01:12 INFO  ProfileMatch              :                 name: Facebook
23:01:12 INFO  ProfileMatch              :             category: SocialMedia
23:01:12 INFO  ProfileMatch              :              version: 5.0.2  [OLD VERSION]
23:01:12 INFO  ProfileMatch              :         release-date: 09.06.2019
23:01:12 INFO  ProfileMatch              :     lib root package: "com.facebook.all"  (in app: "androidx.core.view")
23:01:12 INFO  ProfileMatch              : 
23:01:12 INFO  ProfileMatch              :                 name: Facebook
23:01:12 INFO  ProfileMatch              :             category: SocialMedia
23:01:12 INFO  ProfileMatch              :              version: 5.0.3  [OLD VERSION]
23:01:12 INFO  ProfileMatch              :         release-date: 14.06.2019
23:01:12 INFO  ProfileMatch              :     lib root package: "com.facebook.all"  (in app: "androidx.core.view")
23:01:12 INFO  ProfileMatch              : 
23:01:12 INFO  ProfileMatch              :                 name: Facebook
23:01:12 INFO  ProfileMatch              :             category: SocialMedia
23:01:12 INFO  ProfileMatch              :              version: 5.1.0  [OLD VERSION]
23:01:12 INFO  ProfileMatch              :         release-date: 21.06.2019
23:01:12 INFO  ProfileMatch              :     lib root package: "com.facebook.all"  (in app: "androidx.core.view")
23:01:12 INFO  ProfileMatch              : 
23:01:12 INFO  ProfileMatch              :                 name: Facebook
23:01:12 INFO  ProfileMatch              :             category: SocialMedia
23:01:12 INFO  ProfileMatch              :              version: 5.1.1  [OLD VERSION]
23:01:12 INFO  ProfileMatch              :         release-date: 02.07.2019
23:01:12 INFO  ProfileMatch              :     lib root package: "com.facebook.all"  (in app: "androidx.core.view")
23:01:12 INFO  ProfileMatch              : 
23:01:12 INFO  ProfileMatch              :                 name: Facebook
23:01:12 INFO  ProfileMatch              :             category: SocialMedia
23:01:12 INFO  ProfileMatch              :              version: 5.2.0  [OLD VERSION]
23:01:12 INFO  ProfileMatch              :         release-date: 29.07.2019
23:01:12 INFO  ProfileMatch              :     lib root package: "com.facebook.all"  (in app: "androidx.core.view")
23:01:12 INFO  ProfileMatch              : 
23:01:12 INFO  ProfileMatch              :                 name: Facebook
23:01:12 INFO  ProfileMatch              :             category: SocialMedia
23:01:12 INFO  ProfileMatch              :              version: 5.4.0  [OLD VERSION]
23:01:12 INFO  ProfileMatch              :         release-date: 16.08.2019
23:01:12 INFO  ProfileMatch              :     lib root package: "com.facebook.all"  (in app: "androidx.core.view")
23:01:12 INFO  ProfileMatch              : 
23:01:12 INFO  ProfileMatch              :                 name: Facebook
23:01:12 INFO  ProfileMatch              :             category: SocialMedia
23:01:12 INFO  ProfileMatch              :              version: 5.5.0  [OLD VERSION]
23:01:12 INFO  ProfileMatch              :         release-date: 31.08.2019
23:01:12 INFO  ProfileMatch              :     lib root package: "com.facebook.all"  (in app: "androidx.core.view")
23:01:12 INFO  ProfileMatch              : 
23:01:12 INFO  ProfileMatch              :                 name: Facebook
23:01:12 INFO  ProfileMatch              :             category: SocialMedia
23:01:12 INFO  ProfileMatch              :              version: 5.5.1  [OLD VERSION]
23:01:12 INFO  ProfileMatch              :         release-date: 06.09.2019
23:01:12 INFO  ProfileMatch              :     lib root package: "com.facebook.all"  (in app: "androidx.core.view")
23:01:12 INFO  ProfileMatch              : 
23:01:12 INFO  ProfileMatch              :                 name: Facebook
23:01:12 INFO  ProfileMatch              :             category: SocialMedia
23:01:12 INFO  ProfileMatch              :              version: 5.5.2  [OLD VERSION]
23:01:12 INFO  ProfileMatch              :         release-date: 05.10.2019
23:01:12 INFO  ProfileMatch              :     lib root package: "com.facebook.all"  (in app: "androidx.core.view")
23:01:12 INFO  ProfileMatch              : 
23:01:12 INFO  ProfileMatch              :                 name: Facebook
23:01:12 INFO  ProfileMatch              :             category: SocialMedia
23:01:12 INFO  ProfileMatch              :              version: 5.8.0  [OLD VERSION]
23:01:12 INFO  ProfileMatch              :         release-date: 08.10.2019
23:01:12 INFO  ProfileMatch              :     lib root package: "com.facebook.all"  (in app: "androidx.core.view")
23:01:12 INFO  ProfileMatch              : 
23:01:12 INFO  ProfileMatch              :                 name: Facebook
23:01:12 INFO  ProfileMatch              :             category: SocialMedia
23:01:12 INFO  ProfileMatch              :              version: 5.9.0  [OLD VERSION]
23:01:12 INFO  ProfileMatch              :         release-date: 29.10.2019
23:01:12 INFO  ProfileMatch              :     lib root package: "com.facebook.all"  (in app: "androidx.core.view")
23:01:12 INFO  ProfileMatch              : 
23:01:12 INFO  ProfileMatch              :                 name: Facebook
23:01:12 INFO  ProfileMatch              :             category: SocialMedia
23:01:12 INFO  ProfileMatch              :              version: 5.11.0  [OLD VERSION]
23:01:12 INFO  ProfileMatch              :         release-date: 15.11.2019
23:01:12 INFO  ProfileMatch              :     lib root package: "com.facebook.all"  (in app: "androidx.core.view")
23:01:12 INFO  ProfileMatch              : 
23:01:12 INFO  ProfileMatch              :                 name: Facebook
23:01:12 INFO  ProfileMatch              :             category: SocialMedia
23:01:12 INFO  ProfileMatch              :              version: 5.11.1  [OLD VERSION]
23:01:12 INFO  ProfileMatch              :         release-date: 21.11.2019
23:01:12 INFO  ProfileMatch              :     lib root package: "com.facebook.all"  (in app: "androidx.core.view")
23:01:12 INFO  ProfileMatch              : 
23:01:12 INFO  ProfileMatch              :                 name: Facebook
23:01:12 INFO  ProfileMatch              :             category: SocialMedia
23:01:12 INFO  ProfileMatch              :              version: 5.11.2  [OLD VERSION]
23:01:12 INFO  ProfileMatch              :         release-date: 22.11.2019
23:01:12 INFO  ProfileMatch              :     lib root package: "com.facebook.all"  (in app: "androidx.core.view")
23:01:12 INFO  ProfileMatch              : 
23:01:12 INFO  ProfileMatch              :                 name: Facebook
23:01:12 INFO  ProfileMatch              :             category: SocialMedia
23:01:12 INFO  ProfileMatch              :              version: 5.12.0  [OLD VERSION]
23:01:12 INFO  ProfileMatch              :         release-date: 04.12.2019
23:01:12 INFO  ProfileMatch              :     lib root package: "com.facebook.all"  (in app: "androidx.core.view")
23:01:12 INFO  ProfileMatch              : 
23:01:12 INFO  ProfileMatch              :                 name: Facebook
23:01:12 INFO  ProfileMatch              :             category: SocialMedia
23:01:12 INFO  ProfileMatch              :              version: 5.12.1  [OLD VERSION]
23:01:12 INFO  ProfileMatch              :         release-date: 09.12.2019
23:01:12 INFO  ProfileMatch              :     lib root package: "com.facebook.all"  (in app: "androidx.core.view")
23:01:12 INFO  ProfileMatch              : 
23:01:12 INFO  ProfileMatch              :                 name: Facebook
23:01:12 INFO  ProfileMatch              :             category: SocialMedia
23:01:12 INFO  ProfileMatch              :              version: 5.13.0  [OLD VERSION]
23:01:12 INFO  ProfileMatch              :         release-date: 12.12.2019
23:01:12 INFO  ProfileMatch              :     lib root package: "com.facebook.all"  (in app: "androidx.core.view")
23:01:12 INFO  ProfileMatch              : 
23:01:12 INFO  ProfileMatch              :                 name: Facebook
23:01:12 INFO  ProfileMatch              :             category: SocialMedia
23:01:12 INFO  ProfileMatch              :              version: 5.15.0  [OLD VERSION]
23:01:12 INFO  ProfileMatch              :         release-date: 21.01.2020
23:01:12 INFO  ProfileMatch              :     lib root package: "com.facebook.all"  (in app: "androidx.core.view")
23:01:12 INFO  ProfileMatch              : 
23:01:12 INFO  ProfileMatch              :                 name: Facebook
23:01:12 INFO  ProfileMatch              :             category: SocialMedia
23:01:12 INFO  ProfileMatch              :              version: 5.15.1  [OLD VERSION]
23:01:12 INFO  ProfileMatch              :         release-date: 29.01.2020
23:01:12 INFO  ProfileMatch              :     lib root package: "com.facebook.all"  (in app: "androidx.core.view")
23:01:12 INFO  ProfileMatch              : 
23:01:12 INFO  ProfileMatch              :                 name: Facebook
23:01:12 INFO  ProfileMatch              :             category: SocialMedia
23:01:12 INFO  ProfileMatch              :              version: 5.15.2  [OLD VERSION]
23:01:12 INFO  ProfileMatch              :         release-date: 03.02.2020
23:01:12 INFO  ProfileMatch              :     lib root package: "com.facebook.all"  (in app: "androidx.core.view")
23:01:12 INFO  ProfileMatch              : 
23:01:12 INFO  ProfileMatch              :                 name: Facebook
23:01:12 INFO  ProfileMatch              :             category: SocialMedia
23:01:12 INFO  ProfileMatch              :              version: 5.15.3  [OLD VERSION]
23:01:12 INFO  ProfileMatch              :         release-date: 03.02.2020
23:01:12 INFO  ProfileMatch              :     lib root package: "com.facebook.all"  (in app: "androidx.core.view")
23:01:12 INFO  ProfileMatch              : 
23:01:12 INFO  ProfileMatch              :                 name: Facebook
23:01:12 INFO  ProfileMatch              :             category: SocialMedia
23:01:12 INFO  ProfileMatch              :              version: 6.0.0  [OLD VERSION]
23:01:12 INFO  ProfileMatch              :         release-date: 03.02.2020
23:01:12 INFO  ProfileMatch              :     lib root package: "com.facebook.all"  (in app: "androidx.core.view")
23:01:12 INFO  ProfileMatch              : 
23:01:12 INFO  ProfileMatch              :                 name: Facebook
23:01:12 INFO  ProfileMatch              :             category: SocialMedia
23:01:12 INFO  ProfileMatch              :              version: 6.1.0  [OLD VERSION]
23:01:12 INFO  ProfileMatch              :         release-date: 14.02.2020
23:01:12 INFO  ProfileMatch              :     lib root package: "com.facebook.all"  (in app: "androidx.core.view")
23:01:12 INFO  ProfileMatch              : 
23:01:12 INFO  ProfileMatch              :                 name: Facebook
23:01:12 INFO  ProfileMatch              :             category: SocialMedia
23:01:12 INFO  ProfileMatch              :              version: 6.2.0  [OLD VERSION]
23:01:12 INFO  ProfileMatch              :         release-date: 09.03.2020
23:01:12 INFO  ProfileMatch              :     lib root package: "com.facebook.all"  (in app: "androidx.core.view")
23:01:12 INFO  ProfileMatch              : 
23:01:12 INFO  ProfileMatch              :                 name: Facebook
23:01:12 INFO  ProfileMatch              :             category: SocialMedia
23:01:12 INFO  ProfileMatch              :              version: 6.3.0  [OLD VERSION]
23:01:12 INFO  ProfileMatch              :         release-date: 25.03.2020
23:01:12 INFO  ProfileMatch              :     lib root package: "com.facebook.all"  (in app: "androidx.core.view")
23:01:12 INFO  ProfileMatch              : 
23:01:12 INFO  ProfileMatch              :                 name: Facebook
23:01:12 INFO  ProfileMatch              :             category: SocialMedia
23:01:12 INFO  ProfileMatch              :              version: 6.4.0  [OLD VERSION]
23:01:12 INFO  ProfileMatch              :         release-date: 15.04.2020
23:01:12 INFO  ProfileMatch              :     lib root package: "com.facebook.all"  (in app: "androidx.core.view")
23:01:12 INFO  ProfileMatch              : 
23:01:12 INFO  ProfileMatch              :                 name: Facebook
23:01:12 INFO  ProfileMatch              :             category: SocialMedia
23:01:12 INFO  ProfileMatch              :              version: 6.5.0  [OLD VERSION]
23:01:12 INFO  ProfileMatch              :         release-date: 20.04.2020
23:01:12 INFO  ProfileMatch              :     lib root package: "com.facebook.all"  (in app: "androidx.core.view")
23:01:12 INFO  ProfileMatch              : 
23:01:12 INFO  ProfileMatch              :                 name: Facebook
23:01:12 INFO  ProfileMatch              :             category: SocialMedia
23:01:12 INFO  ProfileMatch              :              version: 6.5.1  [OLD VERSION]
23:01:12 INFO  ProfileMatch              :         release-date: 23.04.2020
23:01:12 INFO  ProfileMatch              :     lib root package: "com.facebook.all"  (in app: "androidx.core.view")
23:01:12 INFO  ProfileMatch              : 
23:01:12 INFO  ProfileMatch              :                 name: Facebook
23:01:12 INFO  ProfileMatch              :             category: SocialMedia
23:01:12 INFO  ProfileMatch              :              version: 7.0.0  [OLD VERSION]
23:01:12 INFO  ProfileMatch              :         release-date: 05.05.2020
23:01:12 INFO  ProfileMatch              :     lib root package: "com.facebook.all"  (in app: "androidx.core.view")
23:01:12 INFO  ProfileMatch              : 
23:01:12 INFO  ProfileMatch              :                 name: Facebook
23:01:12 INFO  ProfileMatch              :             category: SocialMedia
23:01:12 INFO  ProfileMatch              :              version: 7.0.1  [OLD VERSION]
23:01:12 INFO  ProfileMatch              :         release-date: 09.06.2020
23:01:12 INFO  ProfileMatch              :     lib root package: "com.facebook.all"  (in app: "androidx.core.view")
23:01:12 INFO  ProfileMatch              : 
23:01:12 INFO  ProfileMatch              :                 name: Facebook
23:01:12 INFO  ProfileMatch              :             category: SocialMedia
23:01:12 INFO  ProfileMatch              :              version: 7.1.0  [OLD VERSION]
23:01:12 INFO  ProfileMatch              :         release-date: 23.06.2020
23:01:12 INFO  ProfileMatch              :     lib root package: "com.facebook.all"  (in app: "androidx.core.view")
23:01:12 INFO  ProfileMatch              : 
23:01:12 INFO  ProfileMatch              :                 name: Facebook
23:01:12 INFO  ProfileMatch              :             category: SocialMedia
23:01:12 INFO  ProfileMatch              :              version: 8.0.0  [OLD VERSION]
23:01:12 INFO  ProfileMatch              :         release-date: 28.09.2020
23:01:12 INFO  ProfileMatch              :     lib root package: "com.facebook.all"  (in app: "androidx.core.view")
23:01:12 INFO  ProfileMatch              : 
23:01:12 INFO  ProfileMatch              :                 name: Facebook
23:01:12 INFO  ProfileMatch              :             category: SocialMedia
23:01:12 INFO  ProfileMatch              :              version: 8.1.0  [OLD VERSION]
23:01:12 INFO  ProfileMatch              :         release-date: 14.10.2020
23:01:12 INFO  ProfileMatch              :     lib root package: "com.facebook.all"  (in app: "androidx.core.view")
23:01:12 INFO  ProfileMatch              : 
23:01:12 INFO  ProfileMatch              :                 name: Facebook
23:01:12 INFO  ProfileMatch              :             category: SocialMedia
23:01:12 INFO  ProfileMatch              :              version: 8.2.0  [OLD VERSION]
23:01:12 INFO  ProfileMatch              :         release-date: 18.12.2020
23:01:12 INFO  ProfileMatch              :     lib root package: "com.facebook.all"  (in app: "androidx.core.view")
23:01:12 INFO  ProfileMatch              : 
23:01:12 INFO  ProfileMatch              :                 name: Facebook
23:01:12 INFO  ProfileMatch              :             category: SocialMedia
23:01:12 INFO  ProfileMatch              :              version: 9.0.0  [OLD VERSION]
23:01:12 INFO  ProfileMatch              :         release-date: 19.01.2021
23:01:12 INFO  ProfileMatch              :     lib root package: "com.facebook.all"  (in app: "androidx.core.view")
23:01:12 INFO  ProfileMatch              : 
23:01:12 INFO  ProfileMatch              :                 name: Facebook
23:01:12 INFO  ProfileMatch              :             category: SocialMedia
23:01:12 INFO  ProfileMatch              :              version: 9.1.0  [OLD VERSION]
23:01:12 INFO  ProfileMatch              :         release-date: 15.03.2021
23:01:12 INFO  ProfileMatch              :     lib root package: "com.facebook.all"  (in app: "androidx.core.view")
23:01:12 INFO  ProfileMatch              : 
23:01:12 INFO  ProfileMatch              :                 name: Facebook
23:01:12 INFO  ProfileMatch              :             category: SocialMedia
23:01:12 INFO  ProfileMatch              :              version: 9.1.1  [OLD VERSION]
23:01:12 INFO  ProfileMatch              :         release-date: 12.04.2021
23:01:12 INFO  ProfileMatch              :     lib root package: "com.facebook.all"  (in app: "androidx.core.view")
23:01:12 INFO  ProfileMatch              : 
23:01:12 INFO  ProfileMatch              :                 name: Facebook
23:01:12 INFO  ProfileMatch              :             category: SocialMedia
23:01:12 INFO  ProfileMatch              :              version: 11.0.0  [OLD VERSION]
23:01:12 INFO  ProfileMatch              :         release-date: 08.06.2021
23:01:12 INFO  ProfileMatch              :     lib root package: "com.facebook.all"  (in app: "androidx.core.view")
23:01:12 INFO  ProfileMatch              : 
23:01:12 INFO  ProfileMatch              :                 name: Facebook
23:01:12 INFO  ProfileMatch              :             category: SocialMedia
23:01:12 INFO  ProfileMatch              :              version: 11.1.0  [OLD VERSION]
23:01:12 INFO  ProfileMatch              :         release-date: 06.07.2021
23:01:12 INFO  ProfileMatch              :     lib root package: "com.facebook.all"  (in app: "androidx.core.view")
23:01:12 INFO  ProfileMatch              : 
23:01:12 INFO  ProfileMatch              :                 name: Facebook
23:01:12 INFO  ProfileMatch              :             category: SocialMedia
23:01:12 INFO  ProfileMatch              :              version: 11.1.1  [OLD VERSION]
23:01:12 INFO  ProfileMatch              :         release-date: 19.07.2021
23:01:12 INFO  ProfileMatch              :     lib root package: "com.facebook.all"  (in app: "androidx.core.view")
23:01:12 INFO  ProfileMatch              : 
23:01:12 INFO  ProfileMatch              :                 name: Facebook
23:01:12 INFO  ProfileMatch              :             category: SocialMedia
23:01:12 INFO  ProfileMatch              :              version: 11.2.0  [OLD VERSION]
23:01:12 INFO  ProfileMatch              :         release-date: 03.08.2021
23:01:12 INFO  ProfileMatch              :     lib root package: "com.facebook.all"  (in app: "androidx.core.view")
23:01:12 INFO  ProfileMatch              : 
23:01:12 INFO  ProfileMatch              :                 name: Facebook
23:01:12 INFO  ProfileMatch              :             category: SocialMedia
23:01:12 INFO  ProfileMatch              :              version: 11.3.0  [OLD VERSION]
23:01:12 INFO  ProfileMatch              :         release-date: 07.09.2021
23:01:12 INFO  ProfileMatch              :     lib root package: "com.facebook.all"  (in app: "androidx.core.view")
23:01:12 INFO  ProfileMatch              : 
23:01:12 INFO  ProfileMatch              :                 name: Facebook
23:01:12 INFO  ProfileMatch              :             category: SocialMedia
23:01:12 INFO  ProfileMatch              :              version: 12.0.0  [OLD VERSION]
23:01:12 INFO  ProfileMatch              :         release-date: 05.10.2021
23:01:12 INFO  ProfileMatch              :     lib root package: "com.facebook.all"  (in app: "androidx.core.view")
23:01:12 INFO  ProfileMatch              : 
23:01:12 INFO  ProfileMatch              :                 name: Facebook
23:01:12 INFO  ProfileMatch              :             category: SocialMedia
23:01:12 INFO  ProfileMatch              :              version: 12.0.1  [OLD VERSION]
23:01:12 INFO  ProfileMatch              :         release-date: 13.10.2021
23:01:12 INFO  ProfileMatch              :     lib root package: "com.facebook.all"  (in app: "androidx.core.view")
23:01:12 INFO  ProfileMatch              : 
23:01:12 INFO  ProfileMatch              :                 name: Facebook
23:01:12 INFO  ProfileMatch              :             category: SocialMedia
23:01:12 INFO  ProfileMatch              :              version: 12.1.0  [OLD VERSION]
23:01:12 INFO  ProfileMatch              :         release-date: 01.11.2021
23:01:12 INFO  ProfileMatch              :     lib root package: "com.facebook.all"  (in app: "androidx.core.view")
23:01:12 INFO  ProfileMatch              : 
23:01:12 INFO  ProfileMatch              :                 name: Facebook
23:01:12 INFO  ProfileMatch              :             category: SocialMedia
23:01:12 INFO  ProfileMatch              :              version: 12.2.0  [OLD VERSION]
23:01:12 INFO  ProfileMatch              :         release-date: 06.12.2021
23:01:12 INFO  ProfileMatch              :     lib root package: "com.facebook.all"  (in app: "androidx.core.view")
23:01:12 INFO  ProfileMatch              : 
23:01:12 INFO  ProfileMatch              :                 name: Facebook
23:01:12 INFO  ProfileMatch              :             category: SocialMedia
23:01:12 INFO  ProfileMatch              :              version: 12.3.0  [OLD VERSION]
23:01:12 INFO  ProfileMatch              :         release-date: 10.01.2022
23:01:12 INFO  ProfileMatch              :     lib root package: "com.facebook.all"  (in app: "androidx.core.view")
23:01:12 INFO  ProfileMatch              : 
23:01:12 INFO  ProfileMatch              :                 name: Facebook
23:01:12 INFO  ProfileMatch              :             category: SocialMedia
23:01:12 INFO  ProfileMatch              :              version: 13.0.0  [OLD VERSION]
23:01:12 INFO  ProfileMatch              :         release-date: 23.02.2022
23:01:12 INFO  ProfileMatch              :     lib root package: "com.facebook.all"  (in app: "androidx.core.view")
23:01:12 INFO  ProfileMatch              : 
23:01:12 INFO  ProfileMatch              :                 name: Facebook
23:01:12 INFO  ProfileMatch              :             category: SocialMedia
23:01:12 INFO  ProfileMatch              :              version: 13.1.0  [OLD VERSION]
23:01:12 INFO  ProfileMatch              :         release-date: 21.03.2022
23:01:12 INFO  ProfileMatch              :     lib root package: "com.facebook.all"  (in app: "androidx.core.view")
23:01:12 INFO  ProfileMatch              : 
23:01:12 INFO  ProfileMatch              :                 name: Facebook
23:01:12 INFO  ProfileMatch              :             category: SocialMedia
23:01:12 INFO  ProfileMatch              :              version: 13.2.0  [OLD VERSION]
23:01:12 INFO  ProfileMatch              :         release-date: 22.04.2022
23:01:12 INFO  ProfileMatch              :     lib root package: "com.facebook.all"  (in app: "androidx.core.view")
23:01:12 INFO  ProfileMatch              : 
23:01:12 INFO  ProfileMatch              :                 name: Facebook
23:01:12 INFO  ProfileMatch              :             category: SocialMedia
23:01:12 INFO  ProfileMatch              :              version: 14.0.0
23:01:12 INFO  ProfileMatch              :         release-date: 14.06.2022
23:01:12 INFO  ProfileMatch              :     lib root package: "com.facebook.all"  (in app: "androidx.core.view")
23:01:12 INFO  ProfileMatch              : 
23:01:12 INFO  ProfileMatch              :                 name: com.android.support::viewpager
23:01:12 INFO  ProfileMatch              :             category: Android
23:01:12 INFO  ProfileMatch              :              version: 28.0.0
23:01:12 INFO  ProfileMatch              :         release-date:  --
23:01:12 INFO  ProfileMatch              :     lib root package: "android.support.v4.view"  (in app: "androidx.viewpager.widget")
23:01:12 INFO  ProfileMatch              : 
23:01:12 INFO  ProfileMatch              :                 name: com.android.support::cardview-v7
23:01:12 INFO  ProfileMatch              :             category: Android
23:01:12 INFO  ProfileMatch              :              version: 27.1.0  [OLD VERSION]
23:01:12 INFO  ProfileMatch              :         release-date:  --
23:01:12 INFO  ProfileMatch              :     lib root package: "android.support.v7.widget"  (in app: "androidx.cardview.widget")
23:01:12 INFO  ProfileMatch              : 
23:01:12 INFO  ProfileMatch              :                 name: com.android.support::cardview-v7
23:01:12 INFO  ProfileMatch              :             category: Android
23:01:12 INFO  ProfileMatch              :              version: 27.1.1  [OLD VERSION]
23:01:12 INFO  ProfileMatch              :         release-date:  --
23:01:12 INFO  ProfileMatch              :     lib root package: "android.support.v7.widget"  (in app: "androidx.cardview.widget")
23:01:12 INFO  ProfileMatch              : 
23:01:12 INFO  ProfileMatch              :                 name: com.android.support::cardview-v7
23:01:12 INFO  ProfileMatch              :             category: Android
23:01:12 INFO  ProfileMatch              :              version: 28.0.0
23:01:12 INFO  ProfileMatch              :         release-date:  --
23:01:12 INFO  ProfileMatch              :     lib root package: "android.support.v7.widget"  (in app: "androidx.cardview.widget")
23:01:12 INFO  ProfileMatch              : 
23:01:12 INFO  ProfileMatch              :                 name: androidx.viewpager::viewpager
23:01:12 INFO  ProfileMatch              :             category: Android
23:01:12 INFO  ProfileMatch              :              version: 1.0.0
23:01:12 INFO  ProfileMatch              :         release-date:  --
23:01:12 INFO  ProfileMatch              :     lib root package: "androidx.viewpager.widget"
23:01:12 INFO  ProfileMatch              : 
23:01:13 INFO  LibraryIdentifier         : 
23:01:13 INFO  LibraryIdentifier         : - Partial library matches:
23:01:13 INFO  LibraryIdentifier         :                 name: android.arch.core::common
23:01:13 INFO  LibraryIdentifier         :             category: Android
23:01:13 INFO  LibraryIdentifier         :              version: 1.1.1
23:01:13 INFO  LibraryIdentifier         :         release-date:  --
23:01:13 INFO  LibraryIdentifier         :     lib root package: "android.arch.core"
23:01:13 INFO  LibraryIdentifier         :         Partial matching results:
23:01:13 INFO  LibraryIdentifier         :              - config: Hashing.md5() | Flags: no-flag | Keep: PN | Prune: MSIG   score: 0.875
23:01:13 INFO  LibraryIdentifier         : 
23:01:13 INFO  LibraryIdentifier         : 
23:01:13 INFO  LibraryIdentifier         : App processing time: 40 sec, 851 ms
