16:48:53 INFO  LibraryIdentifier         : Process app: org.totschnig.myexpenses_500.apk
16:48:53 INFO  LibraryIdentifier         : = Manifest Parser =
16:48:53 INFO  LibraryIdentifier         :         Package name: org.totschnig.myexpenses
16:48:53 INFO  LibraryIdentifier         :         Version code: 500
16:48:53 INFO  LibraryIdentifier         :        minSdkVersion: 16
16:48:53 INFO  LibraryIdentifier         :     targetSdkVersion: 30
16:48:53 INFO  LibraryIdentifier         :         SharedUserId:  - none -
16:48:53 INFO  LibraryIdentifier         :     Library dependencies:  - none -
16:48:53 INFO  LibraryIdentifier         : 
16:48:53 INFO  LibraryIdentifier         : Found 402 unique libraries in 12405 library profiles
16:48:53 INFO  LibraryIdentifier         : Generated class hierarchy (in 681 ms)
16:48:54 INFO  WalaUtils                 : 
16:48:54 INFO  WalaUtils                 : = ClassHierarchy Stats =
16:48:54 INFO  WalaUtils                 :     # of classes: 9485
16:48:54 INFO  WalaUtils                 :     # thereof inner classes: 3835
16:48:54 INFO  WalaUtils                 :     # thereof public classes: 9082
16:48:54 INFO  WalaUtils                 :         Activity : 53
16:48:54 INFO  WalaUtils                 :         Application : 1
16:48:54 INFO  WalaUtils                 :         AsyncTask : 16
16:48:54 INFO  WalaUtils                 :         BroadcastReceiver : 8
16:48:54 INFO  WalaUtils                 :         ContentProvider : 6
16:48:54 INFO  WalaUtils                 :         Fragment : 1
16:48:54 INFO  WalaUtils                 :         Handler : 12
16:48:54 INFO  WalaUtils                 :         LayoutContainer : 112
16:48:54 INFO  WalaUtils                 :         Plain : 9192
16:48:54 INFO  WalaUtils                 :         Runnable : 0
16:48:54 INFO  WalaUtils                 :         Service : 13
16:48:54 INFO  WalaUtils                 :         Thread : 10
16:48:54 INFO  WalaUtils                 :         View : 61
16:48:54 INFO  WalaUtils                 :     # methods: 53239
16:48:54 INFO  WalaUtils                 :         # of publicly accessible methods: 51391
16:48:54 INFO  WalaUtils                 :         # of non-accessible methods: 1848
16:48:54 INFO  WalaUtils                 : 
16:48:54 INFO  Profile                   : = PackageTree =
16:48:54 INFO  PackageTree               : Root Package:  - none -
16:48:54 INFO  PackageTree               : └── Root
16:48:54 INFO  PackageTree               :     ├── xa (56)
16:48:54 INFO  PackageTree               :     ├── m (8)
16:48:54 INFO  PackageTree               :     ├── w (9)
16:48:54 INFO  PackageTree               :     ├── i7 (85)
16:48:54 INFO  PackageTree               :     ├── b7 (27)
16:48:54 INFO  PackageTree               :     ├── u (20)
16:48:54 INFO  PackageTree               :     ├── androidx
16:48:54 INFO  PackageTree               :     │   ├── appcompat
16:48:54 INFO  PackageTree               :     │   │   ├── widget (170)
16:48:54 INFO  PackageTree               :     │   │   ├── view
16:48:54 INFO  PackageTree               :     │   │   │   └── menu (31)
16:48:54 INFO  PackageTree               :     │   │   └── app (14)
16:48:54 INFO  PackageTree               :     │   ├── recyclerview
16:48:54 INFO  PackageTree               :     │   │   └── widget (145)
16:48:54 INFO  PackageTree               :     │   ├── gridlayout
16:48:54 INFO  PackageTree               :     │   │   └── widget (21)
16:48:54 INFO  PackageTree               :     │   ├── preference (63)
16:48:54 INFO  PackageTree               :     │   │   └── internal (1)
16:48:54 INFO  PackageTree               :     │   ├── fragment
16:48:54 INFO  PackageTree               :     │   │   └── app (117)
16:48:54 INFO  PackageTree               :     │   ├── constraintlayout
16:48:54 INFO  PackageTree               :     │   │   └── widget (17)
16:48:54 INFO  PackageTree               :     │   ├── lifecycle (76)
16:48:54 INFO  PackageTree               :     │   ├── drawerlayout
16:48:54 INFO  PackageTree               :     │   │   └── widget (9)
16:48:54 INFO  PackageTree               :     │   ├── annotation (1)
16:48:54 INFO  PackageTree               :     │   ├── coordinatorlayout
16:48:54 INFO  PackageTree               :     │   │   └── widget (11)
16:48:54 INFO  PackageTree               :     │   ├── activity (18)
16:48:54 INFO  PackageTree               :     │   │   └── result (12)
16:48:54 INFO  PackageTree               :     │   ├── room (10)
16:48:54 INFO  PackageTree               :     │   ├── core
16:48:54 INFO  PackageTree               :     │   │   ├── graphics
16:48:54 INFO  PackageTree               :     │   │   │   └── drawable (2)
16:48:54 INFO  PackageTree               :     │   │   ├── app (5)
16:48:54 INFO  PackageTree               :     │   │   ├── content (3)
16:48:54 INFO  PackageTree               :     │   │   └── widget (5)
16:48:54 INFO  PackageTree               :     │   ├── exifinterface
16:48:54 INFO  PackageTree               :     │   │   └── media (7)
16:48:54 INFO  PackageTree               :     │   ├── savedstate (8)
16:48:54 INFO  PackageTree               :     │   ├── viewpager
16:48:54 INFO  PackageTree               :     │   │   └── widget (13)
16:48:54 INFO  PackageTree               :     │   ├── versionedparcelable (4)
16:48:54 INFO  PackageTree               :     │   ├── media (7)
16:48:54 INFO  PackageTree               :     │   ├── cardview
16:48:54 INFO  PackageTree               :     │   │   └── widget (2)
16:48:54 INFO  PackageTree               :     │   └── viewpager2
16:48:54 INFO  PackageTree               :     │       └── adapter (3)
16:48:54 INFO  PackageTree               :     ├── a (6)
16:48:54 INFO  PackageTree               :     ├── m7 (24)
16:48:54 INFO  PackageTree               :     ├── ka (44)
16:48:54 INFO  PackageTree               :     ├── g (15)
16:48:54 INFO  PackageTree               :     ├── w9 (61)
16:48:54 INFO  PackageTree               :     ├── org
16:48:54 INFO  PackageTree               :     │   ├── totschnig
16:48:54 INFO  PackageTree               :     │   │   ├── myexpenses (1)
16:48:54 INFO  PackageTree               :     │   │   │   ├── dialog (14)
16:48:54 INFO  PackageTree               :     │   │   │   ├── sync (19)
16:48:54 INFO  PackageTree               :     │   │   │   │   └── json (14)
16:48:54 INFO  PackageTree               :     │   │   │   ├── activity (132)
16:48:54 INFO  PackageTree               :     │   │   │   ├── ui (41)
16:48:54 INFO  PackageTree               :     │   │   │   │   └── filter (1)
16:48:54 INFO  PackageTree               :     │   │   │   ├── delegate (14)
16:48:54 INFO  PackageTree               :     │   │   │   ├── adapter (8)
16:48:54 INFO  PackageTree               :     │   │   │   ├── fragment (116)
16:48:54 INFO  PackageTree               :     │   │   │   ├── service (6)
16:48:54 INFO  PackageTree               :     │   │   │   ├── util
16:48:54 INFO  PackageTree               :     │   │   │   │   └── licence (34)
16:48:54 INFO  PackageTree               :     │   │   │   ├── retrofit (6)
16:48:54 INFO  PackageTree               :     │   │   │   ├── room (8)
16:48:54 INFO  PackageTree               :     │   │   │   ├── provider (5)
16:48:54 INFO  PackageTree               :     │   │   │   ├── preference (13)
16:48:54 INFO  PackageTree               :     │   │   │   ├── model2 (1)
16:48:54 INFO  PackageTree               :     │   │   │   └── widget (8)
16:48:54 INFO  PackageTree               :     │   │   ├── webui (15)
16:48:54 INFO  PackageTree               :     │   │   └── ocr (12)
16:48:54 INFO  PackageTree               :     │   ├── conscrypt (273)
16:48:54 INFO  PackageTree               :     │   │   ├── ct (19)
16:48:54 INFO  PackageTree               :     │   │   └── io (1)
16:48:54 INFO  PackageTree               :     │   ├── slf4j (8)
16:48:54 INFO  PackageTree               :     │   │   ├── helpers (15)
16:48:54 INFO  PackageTree               :     │   │   ├── spi (4)
16:48:54 INFO  PackageTree               :     │   │   ├── event (5)
16:48:54 INFO  PackageTree               :     │   │   └── impl (3)
16:48:54 INFO  PackageTree               :     │   └── acra (1)
16:48:54 INFO  PackageTree               :     │       ├── collector (33)
16:48:54 INFO  PackageTree               :     │       ├── interaction (3)
16:48:54 INFO  PackageTree               :     │       ├── file (9)
16:48:54 INFO  PackageTree               :     │       ├── sender (7)
16:48:54 INFO  PackageTree               :     │       ├── attachment (2)
16:48:54 INFO  PackageTree               :     │       ├── startup (3)
16:48:54 INFO  PackageTree               :     │       ├── config (8)
16:48:54 INFO  PackageTree               :     │       ├── dialog (1)
16:48:54 INFO  PackageTree               :     │       ├── data (3)
16:48:54 INFO  PackageTree               :     │       ├── scheduler (1)
16:48:54 INFO  PackageTree               :     │       └── plugins (1)
16:48:54 INFO  PackageTree               :     ├── va (52)
16:48:54 INFO  PackageTree               :     ├── e9 (131)
16:48:54 INFO  PackageTree               :     ├── da (98)
16:48:54 INFO  PackageTree               :     ├── com
16:48:54 INFO  PackageTree               :     │   ├── itextpdf
16:48:54 INFO  PackageTree               :     │   │   ├── text (60)
16:48:54 INFO  PackageTree               :     │   │   │   ├── pdf (290)
16:48:54 INFO  PackageTree               :     │   │   │   │   ├── security (51)
16:48:54 INFO  PackageTree               :     │   │   │   │   ├── parser (105)
16:48:54 INFO  PackageTree               :     │   │   │   │   │   └── clipper (31)
16:48:54 INFO  PackageTree               :     │   │   │   │   ├── fonts (1)
16:48:54 INFO  PackageTree               :     │   │   │   │   │   ├── otf (8)
16:48:54 INFO  PackageTree               :     │   │   │   │   │   └── cmaps (13)
16:48:54 INFO  PackageTree               :     │   │   │   │   ├── hyphenation (12)
16:48:54 INFO  PackageTree               :     │   │   │   │   ├── codec (33)
16:48:54 INFO  PackageTree               :     │   │   │   │   │   └── wmf (8)
16:48:54 INFO  PackageTree               :     │   │   │   │   ├── interfaces (12)
16:48:54 INFO  PackageTree               :     │   │   │   │   ├── languages (11)
16:48:54 INFO  PackageTree               :     │   │   │   │   ├── qrcode (24)
16:48:54 INFO  PackageTree               :     │   │   │   │   ├── collection (6)
16:48:54 INFO  PackageTree               :     │   │   │   │   ├── internal (5)
16:48:54 INFO  PackageTree               :     │   │   │   │   ├── events (7)
16:48:54 INFO  PackageTree               :     │   │   │   │   ├── draw (4)
16:48:54 INFO  PackageTree               :     │   │   │   │   └── crypto (4)
16:48:54 INFO  PackageTree               :     │   │   │   ├── html (4)
16:48:54 INFO  PackageTree               :     │   │   │   │   └── simpleparser (27)
16:48:54 INFO  PackageTree               :     │   │   │   ├── io (20)
16:48:54 INFO  PackageTree               :     │   │   │   ├── log (10)
16:48:54 INFO  PackageTree               :     │   │   │   ├── exceptions (5)
16:48:54 INFO  PackageTree               :     │   │   │   ├── xml (3)
16:48:54 INFO  PackageTree               :     │   │   │   │   ├── xmp (14)
16:48:54 INFO  PackageTree               :     │   │   │   │   └── simpleparser (7)
16:48:54 INFO  PackageTree               :     │   │   │   │       └── handler (2)
16:48:54 INFO  PackageTree               :     │   │   │   ├── factories (4)
16:48:54 INFO  PackageTree               :     │   │   │   ├── api (3)
16:48:54 INFO  PackageTree               :     │   │   │   └── error_messages (1)
16:48:54 INFO  PackageTree               :     │   │   ├── testutils (15)
16:48:54 INFO  PackageTree               :     │   │   ├── awt (9)
16:48:54 INFO  PackageTree               :     │   │   │   └── geom (34)
16:48:54 INFO  PackageTree               :     │   │   │       ├── misc (6)
16:48:54 INFO  PackageTree               :     │   │   │       └── gl (3)
16:48:54 INFO  PackageTree               :     │   │   └── xmp (13)
16:48:54 INFO  PackageTree               :     │   │       ├── impl (29)
16:48:54 INFO  PackageTree               :     │   │       │   └── xpath (4)
16:48:54 INFO  PackageTree               :     │   │       ├── options (6)
16:48:54 INFO  PackageTree               :     │   │       └── properties (3)
16:48:54 INFO  PackageTree               :     │   ├── squareup
16:48:54 INFO  PackageTree               :     │   │   └── picasso (43)
16:48:54 INFO  PackageTree               :     │   ├── google
16:48:54 INFO  PackageTree               :     │   │   └── android
16:48:54 INFO  PackageTree               :     │   │       ├── flexbox (9)
16:48:54 INFO  PackageTree               :     │   │       ├── material
16:48:54 INFO  PackageTree               :     │   │       │   ├── tabs (15)
16:48:54 INFO  PackageTree               :     │   │       │   ├── snackbar (31)
16:48:54 INFO  PackageTree               :     │   │       │   ├── textfield (33)
16:48:54 INFO  PackageTree               :     │   │       │   ├── datepicker (54)
16:48:54 INFO  PackageTree               :     │   │       │   ├── button (12)
16:48:54 INFO  PackageTree               :     │   │       │   ├── navigation (5)
16:48:54 INFO  PackageTree               :     │   │       │   ├── bottomsheet (8)
16:48:54 INFO  PackageTree               :     │   │       │   ├── appbar (11)
16:48:54 INFO  PackageTree               :     │   │       │   ├── timepicker (16)
16:48:54 INFO  PackageTree               :     │   │       │   ├── transformation (13)
16:48:54 INFO  PackageTree               :     │   │       │   ├── chip (10)
16:48:54 INFO  PackageTree               :     │   │       │   ├── internal (10)
16:48:54 INFO  PackageTree               :     │   │       │   ├── theme (1)
16:48:54 INFO  PackageTree               :     │   │       │   ├── floatingactionbutton (25)
16:48:54 INFO  PackageTree               :     │   │       │   ├── bottomappbar (5)
16:48:54 INFO  PackageTree               :     │   │       │   ├── behavior (7)
16:48:54 INFO  PackageTree               :     │   │       │   ├── textview (1)
16:48:54 INFO  PackageTree               :     │   │       │   ├── card (2)
16:48:54 INFO  PackageTree               :     │   │       │   └── switchmaterial (1)
16:48:54 INFO  PackageTree               :     │   │       └── vending
16:48:54 INFO  PackageTree               :     │   │           └── licensing (3)
16:48:54 INFO  PackageTree               :     │   ├── rd (5)
16:48:54 INFO  PackageTree               :     │   ├── theartofdev
16:48:54 INFO  PackageTree               :     │   │   └── edmodo
16:48:54 INFO  PackageTree               :     │   │       └── cropper (28)
16:48:54 INFO  PackageTree               :     │   ├── pavelsikun
16:48:54 INFO  PackageTree               :     │   │   └── seekbarpreference (4)
16:48:54 INFO  PackageTree               :     │   ├── afollestad
16:48:54 INFO  PackageTree               :     │   │   └── materialdialogs
16:48:54 INFO  PackageTree               :     │   │       └── internal
16:48:54 INFO  PackageTree               :     │   │           ├── button (5)
16:48:54 INFO  PackageTree               :     │   │           ├── main (4)
16:48:54 INFO  PackageTree               :     │   │           ├── list (3)
16:48:54 INFO  PackageTree               :     │   │           ├── rtl (1)
16:48:54 INFO  PackageTree               :     │   │           └── message (2)
16:48:54 INFO  PackageTree               :     │   ├── ortiz
16:48:54 INFO  PackageTree               :     │   │   └── touch (10)
16:48:54 INFO  PackageTree               :     │   ├── android
16:48:54 INFO  PackageTree               :     │   │   └── setupwizardlib (6)
16:48:54 INFO  PackageTree               :     │   │       └── view (23)
16:48:54 INFO  PackageTree               :     │   ├── alimuzaffar
16:48:54 INFO  PackageTree               :     │   │   └── lib
16:48:54 INFO  PackageTree               :     │   │       └── pin (4)
16:48:54 INFO  PackageTree               :     │   ├── dropbox
16:48:54 INFO  PackageTree               :     │   │   └── core
16:48:54 INFO  PackageTree               :     │   │       └── android (6)
16:48:54 INFO  PackageTree               :     │   ├── roomorama
16:48:54 INFO  PackageTree               :     │   │   └── caldroid (2)
16:48:54 INFO  PackageTree               :     │   ├── antonyt
16:48:54 INFO  PackageTree               :     │   │   └── infiniteviewpager (1)
16:48:54 INFO  PackageTree               :     │   └── github
16:48:54 INFO  PackageTree               :     │       ├── mikephil
16:48:54 INFO  PackageTree               :     │       │   └── charting
16:48:54 INFO  PackageTree               :     │       │       └── charts (3)
16:48:54 INFO  PackageTree               :     │       └── lzyzsd
16:48:54 INFO  PackageTree               :     │           └── circleprogress (1)
16:48:54 INFO  PackageTree               :     ├── ja (59)
16:48:54 INFO  PackageTree               :     ├── ef (83)
16:48:54 INFO  PackageTree               :     ├── yd (70)
16:48:54 INFO  PackageTree               :     ├── e (60)
16:48:54 INFO  PackageTree               :     ├── butterknife (34)
16:48:54 INFO  PackageTree               :     ├── q (15)
16:48:54 INFO  PackageTree               :     ├── j (13)
16:48:54 INFO  PackageTree               :     ├── ch
16:48:54 INFO  PackageTree               :     │   └── qos
16:48:54 INFO  PackageTree               :     │       └── logback
16:48:54 INFO  PackageTree               :     │           ├── core (18)
16:48:54 INFO  PackageTree               :     │           │   ├── joran (2)
16:48:54 INFO  PackageTree               :     │           │   │   ├── action (23)
16:48:54 INFO  PackageTree               :     │           │   │   ├── event (6)
16:48:54 INFO  PackageTree               :     │           │   │   ├── util (7)
16:48:54 INFO  PackageTree               :     │           │   │   └── spi (19)
16:48:54 INFO  PackageTree               :     │           │   ├── pattern (13)
16:48:54 INFO  PackageTree               :     │           │   │   ├── parser (10)
16:48:54 INFO  PackageTree               :     │           │   │   └── util (5)
16:48:54 INFO  PackageTree               :     │           │   ├── net (23)
16:48:54 INFO  PackageTree               :     │           │   │   ├── ssl (15)
16:48:54 INFO  PackageTree               :     │           │   │   └── server (17)
16:48:54 INFO  PackageTree               :     │           │   ├── spi (23)
16:48:54 INFO  PackageTree               :     │           │   ├── util (31)
16:48:54 INFO  PackageTree               :     │           │   ├── rolling (15)
16:48:54 INFO  PackageTree               :     │           │   │   └── helper (30)
16:48:54 INFO  PackageTree               :     │           │   ├── encoder (6)
16:48:54 INFO  PackageTree               :     │           │   ├── property (2)
16:48:54 INFO  PackageTree               :     │           │   ├── subst (8)
16:48:54 INFO  PackageTree               :     │           │   ├── helpers (4)
16:48:54 INFO  PackageTree               :     │           │   ├── html (4)
16:48:54 INFO  PackageTree               :     │           │   ├── sift (8)
16:48:54 INFO  PackageTree               :     │           │   ├── status (13)
16:48:54 INFO  PackageTree               :     │           │   ├── filter (3)
16:48:54 INFO  PackageTree               :     │           │   ├── boolex (3)
16:48:54 INFO  PackageTree               :     │           │   ├── hook (3)
16:48:54 INFO  PackageTree               :     │           │   ├── read (1)
16:48:54 INFO  PackageTree               :     │           │   ├── recovery (4)
16:48:54 INFO  PackageTree               :     │           │   └── android (2)
16:48:54 INFO  PackageTree               :     │           └── classic (7)
16:48:54 INFO  PackageTree               :     │               ├── pattern (29)
16:48:54 INFO  PackageTree               :     │               ├── turbo (10)
16:48:54 INFO  PackageTree               :     │               ├── spi (21)
16:48:54 INFO  PackageTree               :     │               ├── net (11)
16:48:54 INFO  PackageTree               :     │               │   └── server (9)
16:48:54 INFO  PackageTree               :     │               ├── sift (6)
16:48:54 INFO  PackageTree               :     │               ├── html (4)
16:48:54 INFO  PackageTree               :     │               ├── boolex (2)
16:48:54 INFO  PackageTree               :     │               ├── util (7)
16:48:54 INFO  PackageTree               :     │               ├── encoder (1)
16:48:54 INFO  PackageTree               :     │               ├── log4j (1)
16:48:54 INFO  PackageTree               :     │               ├── joran (3)
16:48:54 INFO  PackageTree               :     │               │   └── action (10)
16:48:54 INFO  PackageTree               :     │               ├── selector (2)
16:48:54 INFO  PackageTree               :     │               ├── db (1)
16:48:54 INFO  PackageTree               :     │               │   └── names (5)
16:48:54 INFO  PackageTree               :     │               ├── android (7)
16:48:54 INFO  PackageTree               :     │               ├── jul (2)
16:48:54 INFO  PackageTree               :     │               ├── filter (2)
16:48:54 INFO  PackageTree               :     │               └── layout (1)
16:48:54 INFO  PackageTree               :     ├── t (13)
16:48:54 INFO  PackageTree               :     ├── c1 (26)
16:48:54 INFO  PackageTree               :     ├── i1 (63)
16:48:54 INFO  PackageTree               :     ├── fd (41)
16:48:54 INFO  PackageTree               :     ├── z2 (94)
16:48:54 INFO  PackageTree               :     ├── hd (33)
16:48:54 INFO  PackageTree               :     ├── z6 (65)
16:48:54 INFO  PackageTree               :     ├── m4 (39)
16:48:54 INFO  PackageTree               :     ├── s4 (24)
16:48:54 INFO  PackageTree               :     ├── j1 (20)
16:48:54 INFO  PackageTree               :     ├── e7 (19)
16:48:54 INFO  PackageTree               :     ├── o7 (22)
16:48:54 INFO  PackageTree               :     ├── n9 (70)
16:48:54 INFO  PackageTree               :     ├── xe (206)
16:48:54 INFO  PackageTree               :     ├── x6 (31)
16:48:54 INFO  PackageTree               :     ├── kb (100)
16:48:54 INFO  PackageTree               :     ├── rd (76)
16:48:54 INFO  PackageTree               :     ├── id (13)
16:48:54 INFO  PackageTree               :     ├── ba (44)
16:48:54 INFO  PackageTree               :     ├── ca (11)
16:48:54 INFO  PackageTree               :     ├── fa (12)
16:48:54 INFO  PackageTree               :     ├── ke (21)
16:48:54 INFO  PackageTree               :     ├── je (15)
16:48:54 INFO  PackageTree               :     ├── me (35)
16:48:54 INFO  PackageTree               :     ├── ce (26)
16:48:54 INFO  PackageTree               :     ├── de (6)
16:48:54 INFO  PackageTree               :     ├── be (14)
16:48:54 INFO  PackageTree               :     ├── he (5)
16:48:54 INFO  PackageTree               :     ├── cd (8)
16:48:54 INFO  PackageTree               :     ├── lb (6)
16:48:54 INFO  PackageTree               :     ├── mb (40)
16:48:54 INFO  PackageTree               :     ├── nb (5)
16:48:54 INFO  PackageTree               :     ├── ye (30)
16:48:54 INFO  PackageTree               :     ├── ob (7)
16:48:54 INFO  PackageTree               :     ├── ze (14)
16:48:54 INFO  PackageTree               :     ├── yb (2)
16:48:54 INFO  PackageTree               :     ├── bb (2)
16:48:54 INFO  PackageTree               :     ├── gb (21)
16:48:54 INFO  PackageTree               :     ├── hb (6)
16:48:54 INFO  PackageTree               :     ├── nd (41)
16:48:54 INFO  PackageTree               :     ├── qd (27)
16:48:54 INFO  PackageTree               :     ├── kd (31)
16:48:54 INFO  PackageTree               :     ├── zd (44)
16:48:54 INFO  PackageTree               :     ├── za (93)
16:48:54 INFO  PackageTree               :     ├── k9 (92)
16:48:54 INFO  PackageTree               :     ├── na (30)
16:48:54 INFO  PackageTree               :     ├── w4 (16)
16:48:54 INFO  PackageTree               :     ├── t5 (5)
16:48:54 INFO  PackageTree               :     ├── q5 (20)
16:48:54 INFO  PackageTree               :     ├── e5 (66)
16:48:54 INFO  PackageTree               :     ├── y2 (16)
16:48:54 INFO  PackageTree               :     ├── x2 (9)
16:48:54 INFO  PackageTree               :     ├── d2 (17)
16:48:54 INFO  PackageTree               :     ├── z4 (2)
16:48:54 INFO  PackageTree               :     ├── y4 (2)
16:48:54 INFO  PackageTree               :     ├── l6 (42)
16:48:54 INFO  PackageTree               :     ├── x4 (1)
16:48:54 INFO  PackageTree               :     ├── v4 (2)
16:48:54 INFO  PackageTree               :     ├── u4 (2)
16:48:54 INFO  PackageTree               :     ├── o6 (60)
16:48:54 INFO  PackageTree               :     ├── t4 (5)
16:48:54 INFO  PackageTree               :     ├── n6 (39)
16:48:54 INFO  PackageTree               :     ├── r4 (2)
16:48:54 INFO  PackageTree               :     ├── q4 (3)
16:48:54 INFO  PackageTree               :     ├── p4 (8)
16:48:54 INFO  PackageTree               :     ├── o4 (1)
16:48:54 INFO  PackageTree               :     ├── n4 (1)
16:48:54 INFO  PackageTree               :     ├── l4 (6)
16:48:54 INFO  PackageTree               :     ├── w6 (37)
16:48:54 INFO  PackageTree               :     ├── k4 (2)
16:48:54 INFO  PackageTree               :     ├── j4 (1)
16:48:54 INFO  PackageTree               :     ├── i4 (1)
16:48:54 INFO  PackageTree               :     ├── h4 (2)
16:48:54 INFO  PackageTree               :     ├── g4 (1)
16:48:54 INFO  PackageTree               :     ├── f4 (9)
16:48:54 INFO  PackageTree               :     ├── e4 (1)
16:48:54 INFO  PackageTree               :     ├── d4 (1)
16:48:54 INFO  PackageTree               :     ├── c4 (2)
16:48:54 INFO  PackageTree               :     ├── b4 (1)
16:48:54 INFO  PackageTree               :     ├── a4 (3)
16:48:54 INFO  PackageTree               :     ├── k8 (43)
16:48:54 INFO  PackageTree               :     ├── s6 (33)
16:48:54 INFO  PackageTree               :     ├── x1 (5)
16:48:54 INFO  PackageTree               :     ├── q9 (33)
16:48:54 INFO  PackageTree               :     ├── s9 (56)
16:48:54 INFO  PackageTree               :     ├── q1 (2)
16:48:54 INFO  PackageTree               :     ├── o1 (11)
16:48:54 INFO  PackageTree               :     ├── j9 (28)
16:48:54 INFO  PackageTree               :     ├── v1 (9)
16:48:54 INFO  PackageTree               :     ├── g1 (8)
16:48:54 INFO  PackageTree               :     ├── m1 (2)
16:48:54 INFO  PackageTree               :     ├── n1 (2)
16:48:54 INFO  PackageTree               :     ├── k1 (2)
16:48:54 INFO  PackageTree               :     ├── a1 (9)
16:48:54 INFO  PackageTree               :     ├── z9 (27)
16:48:54 INFO  PackageTree               :     ├── e1 (7)
16:48:54 INFO  PackageTree               :     ├── d5 (43)
16:48:54 INFO  PackageTree               :     ├── b5 (38)
16:48:54 INFO  PackageTree               :     ├── y8 (5)
16:48:54 INFO  PackageTree               :     ├── sa (30)
16:48:54 INFO  PackageTree               :     ├── b8 (11)
16:48:54 INFO  PackageTree               :     ├── d8 (22)
16:48:54 INFO  PackageTree               :     ├── e8 (8)
16:48:54 INFO  PackageTree               :     ├── l8 (10)
16:48:54 INFO  PackageTree               :     ├── la (23)
16:48:54 INFO  PackageTree               :     ├── ya (28)
16:48:54 INFO  PackageTree               :     ├── aa (57)
16:48:54 INFO  PackageTree               :     ├── dd (25)
16:48:54 INFO  PackageTree               :     ├── ed (23)
16:48:54 INFO  PackageTree               :     ├── r (11)
16:48:54 INFO  PackageTree               :     ├── v (10)
16:48:54 INFO  PackageTree               :     ├── m3 (24)
16:48:54 INFO  PackageTree               :     ├── xd (15)
16:48:54 INFO  PackageTree               :     ├── ga (18)
16:48:54 INFO  PackageTree               :     ├── a0 (30)
16:48:54 INFO  PackageTree               :     ├── k0 (60)
16:48:54 INFO  PackageTree               :     ├── h8 (9)
16:48:54 INFO  PackageTree               :     ├── a6 (19)
16:48:54 INFO  PackageTree               :     ├── dc (32)
16:48:54 INFO  PackageTree               :     ├── j6 (16)
16:48:54 INFO  PackageTree               :     ├── w3 (10)
16:48:54 INFO  PackageTree               :     ├── s3 (21)
16:48:54 INFO  PackageTree               :     ├── t3 (10)
16:48:54 INFO  PackageTree               :     ├── q3 (9)
16:48:54 INFO  PackageTree               :     ├── q6 (18)
16:48:54 INFO  PackageTree               :     ├── r6 (21)
16:48:54 INFO  PackageTree               :     ├── o3 (9)
16:48:54 INFO  PackageTree               :     ├── p6 (18)
16:48:54 INFO  PackageTree               :     ├── u6 (9)
16:48:54 INFO  PackageTree               :     ├── l3 (10)
16:48:54 INFO  PackageTree               :     ├── y6 (14)
16:48:54 INFO  PackageTree               :     ├── g3 (24)
16:48:54 INFO  PackageTree               :     ├── c3 (9)
16:48:54 INFO  PackageTree               :     ├── d3 (9)
16:48:54 INFO  PackageTree               :     ├── a3 (15)
16:48:54 INFO  PackageTree               :     ├── b9 (21)
16:48:54 INFO  PackageTree               :     ├── a9 (6)
16:48:54 INFO  PackageTree               :     ├── h9 (28)
16:48:54 INFO  PackageTree               :     ├── f9 (42)
16:48:54 INFO  PackageTree               :     ├── gf (25)
16:48:54 INFO  PackageTree               :     ├── r9 (7)
16:48:54 INFO  PackageTree               :     ├── p9 (11)
16:48:54 INFO  PackageTree               :     ├── l9 (22)
16:48:54 INFO  PackageTree               :     ├── h0 (19)
16:48:54 INFO  PackageTree               :     ├── x9 (13)
16:48:54 INFO  PackageTree               :     ├── v9 (18)
16:48:54 INFO  PackageTree               :     ├── u9 (10)
16:48:54 INFO  PackageTree               :     ├── t9 (22)
16:48:54 INFO  PackageTree               :     ├── n0 (15)
16:48:54 INFO  PackageTree               :     ├── d0 (13)
16:48:54 INFO  PackageTree               :     ├── f6 (13)
16:48:54 INFO  PackageTree               :     ├── b6 (16)
16:48:54 INFO  PackageTree               :     ├── f3 (9)
16:48:54 INFO  PackageTree               :     ├── c0 (16)
16:48:54 INFO  PackageTree               :     ├── m0 (8)
16:48:54 INFO  PackageTree               :     ├── rb (66)
16:48:54 INFO  PackageTree               :     ├── w2 (12)
16:48:54 INFO  PackageTree               :     ├── xb (39)
16:48:54 INFO  PackageTree               :     ├── r2 (7)
16:48:54 INFO  PackageTree               :     ├── s2 (9)
16:48:54 INFO  PackageTree               :     ├── u2 (10)
16:48:54 INFO  PackageTree               :     ├── q2 (11)
16:48:54 INFO  PackageTree               :     ├── se (3)
16:48:54 INFO  PackageTree               :     │   └── emilsjolander
16:48:54 INFO  PackageTree               :     │       └── stickylistheaders (27)
16:48:54 INFO  PackageTree               :     ├── y5 (9)
16:48:54 INFO  PackageTree               :     ├── z5 (5)
16:48:54 INFO  PackageTree               :     ├── pb (32)
16:48:54 INFO  PackageTree               :     ├── fb (35)
16:48:54 INFO  PackageTree               :     ├── s5 (3)
16:48:54 INFO  PackageTree               :     ├── ib (29)
16:48:54 INFO  PackageTree               :     ├── q0 (12)
16:48:54 INFO  PackageTree               :     ├── android
16:48:54 INFO  PackageTree               :     │   └── support
16:48:54 INFO  PackageTree               :     │       └── v4
16:48:54 INFO  PackageTree               :     │           ├── media (12)
16:48:54 INFO  PackageTree               :     │           │   └── session (15)
16:48:54 INFO  PackageTree               :     │           ├── graphics
16:48:54 INFO  PackageTree               :     │           │   └── drawable (1)
16:48:54 INFO  PackageTree               :     │           └── app (1)
16:48:54 INFO  PackageTree               :     ├── j8 (18)
16:48:54 INFO  PackageTree               :     ├── u8 (23)
16:48:54 INFO  PackageTree               :     ├── v8 (29)
16:48:54 INFO  PackageTree               :     ├── eltos
16:48:54 INFO  PackageTree               :     │   └── simpledialogfragment
16:48:54 INFO  PackageTree               :     │       ├── form (28)
16:48:54 INFO  PackageTree               :     │       ├── color (18)
16:48:54 INFO  PackageTree               :     │       ├── list (4)
16:48:54 INFO  PackageTree               :     │       └── input (1)
16:48:54 INFO  PackageTree               :     ├── at
16:48:54 INFO  PackageTree               :     │   └── bitfire
16:48:54 INFO  PackageTree               :     │       └── dav4android (19)
16:48:54 INFO  PackageTree               :     │           ├── property (44)
16:48:54 INFO  PackageTree               :     │           └── exception (9)
16:48:54 INFO  PackageTree               :     ├── o2 (35)
16:48:54 INFO  PackageTree               :     ├── bc (5)
16:48:54 INFO  PackageTree               :     ├── s7 (10)
16:48:54 INFO  PackageTree               :     ├── uc (2)
16:48:54 INFO  PackageTree               :     ├── xc (10)
16:48:54 INFO  PackageTree               :     ├── vc (9)
16:48:54 INFO  PackageTree               :     ├── bf (11)
16:48:54 INFO  PackageTree               :     ├── hf (11)
16:48:54 INFO  PackageTree               :     ├── af (5)
16:48:54 INFO  PackageTree               :     ├── ha (9)
16:48:54 INFO  PackageTree               :     ├── ia (9)
16:48:54 INFO  PackageTree               :     ├── qa (7)
16:48:54 INFO  PackageTree               :     ├── ma (6)
16:48:54 INFO  PackageTree               :     ├── ta (6)
16:48:54 INFO  PackageTree               :     ├── jb (25)
16:48:54 INFO  PackageTree               :     ├── pd (12)
16:48:54 INFO  PackageTree               :     ├── sd (20)
16:48:54 INFO  PackageTree               :     ├── ud (5)
16:48:54 INFO  PackageTree               :     ├── wd (7)
16:48:54 INFO  PackageTree               :     ├── ld (20)
16:48:54 INFO  PackageTree               :     ├── md (4)
16:48:54 INFO  PackageTree               :     ├── h7 (20)
16:48:54 INFO  PackageTree               :     ├── p7 (12)
16:48:54 INFO  PackageTree               :     ├── f (2)
16:48:54 INFO  PackageTree               :     ├── h (1)
16:48:54 INFO  PackageTree               :     ├── b (2)
16:48:54 INFO  PackageTree               :     ├── c (4)
16:48:54 INFO  PackageTree               :     ├── n (1)
16:48:54 INFO  PackageTree               :     ├── p (10)
16:48:54 INFO  PackageTree               :     ├── o (1)
16:48:54 INFO  PackageTree               :     ├── i (1)
16:48:54 INFO  PackageTree               :     ├── l (5)
16:48:54 INFO  PackageTree               :     ├── k (12)
16:48:54 INFO  PackageTree               :     ├── x (1)
16:48:54 INFO  PackageTree               :     ├── s (1)
16:48:54 INFO  PackageTree               :     ├── z (1)
16:48:54 INFO  PackageTree               :     ├── y (1)
16:48:54 INFO  PackageTree               :     ├── jc (11)
16:48:54 INFO  PackageTree               :     ├── hc (4)
16:48:54 INFO  PackageTree               :     ├── ic (2)
16:48:54 INFO  PackageTree               :     ├── kc (4)
16:48:54 INFO  PackageTree               :     ├── y0 (13)
16:48:54 INFO  PackageTree               :     ├── cc (3)
16:48:54 INFO  PackageTree               :     ├── l0 (18)
16:48:54 INFO  PackageTree               :     ├── z3 (8)
16:48:54 INFO  PackageTree               :     ├── v3 (1)
16:48:54 INFO  PackageTree               :     ├── y3 (5)
16:48:54 INFO  PackageTree               :     ├── x3 (8)
16:48:54 INFO  PackageTree               :     ├── r3 (8)
16:48:54 INFO  PackageTree               :     ├── u3 (3)
16:48:54 INFO  PackageTree               :     ├── n3 (5)
16:48:54 INFO  PackageTree               :     ├── p3 (7)
16:48:54 INFO  PackageTree               :     ├── k3 (5)
16:48:54 INFO  PackageTree               :     ├── j3 (1)
16:48:54 INFO  PackageTree               :     ├── i3 (1)
16:48:54 INFO  PackageTree               :     ├── h3 (1)
16:48:54 INFO  PackageTree               :     ├── b3 (3)
16:48:54 INFO  PackageTree               :     ├── e3 (4)
16:48:54 INFO  PackageTree               :     ├── v0 (4)
16:48:54 INFO  PackageTree               :     ├── x0 (7)
16:48:54 INFO  PackageTree               :     ├── z0 (10)
16:48:54 INFO  PackageTree               :     ├── o0 (6)
16:48:54 INFO  PackageTree               :     ├── r0 (4)
16:48:54 INFO  PackageTree               :     ├── g0 (4)
16:48:54 INFO  PackageTree               :     ├── f0 (3)
16:48:54 INFO  PackageTree               :     ├── i0 (13)
16:48:54 INFO  PackageTree               :     ├── j0 (4)
16:48:54 INFO  PackageTree               :     ├── b0 (7)
16:48:54 INFO  PackageTree               :     ├── e0 (6)
16:48:54 INFO  PackageTree               :     ├── i9 (8)
16:48:54 INFO  PackageTree               :     ├── icepick (8)
16:48:54 INFO  PackageTree               :     ├── i6 (8)
16:48:54 INFO  PackageTree               :     ├── g6 (4)
16:48:54 INFO  PackageTree               :     ├── h6 (17)
16:48:54 INFO  PackageTree               :     ├── ab (32)
16:48:54 INFO  PackageTree               :     ├── cb (19)
16:48:54 INFO  PackageTree               :     ├── eb (5)
16:48:54 INFO  PackageTree               :     ├── qb (14)
16:48:54 INFO  PackageTree               :     ├── tb (13)
16:48:54 INFO  PackageTree               :     ├── t2 (15)
16:48:54 INFO  PackageTree               :     ├── zb (11)
16:48:54 INFO  PackageTree               :     ├── vb (12)
16:48:54 INFO  PackageTree               :     ├── ub (8)
16:48:54 INFO  PackageTree               :     ├── l2 (8)
16:48:54 INFO  PackageTree               :     ├── g2 (10)
16:48:54 INFO  PackageTree               :     ├── i2 (15)
16:48:54 INFO  PackageTree               :     ├── l5 (7)
16:48:54 INFO  PackageTree               :     ├── p5 (8)
16:48:54 INFO  PackageTree               :     ├── n8 (13)
16:48:54 INFO  PackageTree               :     ├── p8 (11)
16:48:54 INFO  PackageTree               :     ├── qe (5)
16:48:54 INFO  PackageTree               :     ├── kotlin (3)
16:48:54 INFO  PackageTree               :     ├── wb (7)
16:48:54 INFO  PackageTree               :     ├── ie (5)
16:48:54 INFO  PackageTree               :     ├── ae (8)
16:48:54 INFO  PackageTree               :     ├── f1 (7)
16:48:54 INFO  PackageTree               :     ├── c2 (4)
16:48:54 INFO  PackageTree               :     ├── f2 (3)
16:48:54 INFO  PackageTree               :     ├── m6 (4)
16:48:54 INFO  PackageTree               :     ├── v6 (7)
16:48:54 INFO  PackageTree               :     ├── a7 (4)
16:48:54 INFO  PackageTree               :     ├── d7 (13)
16:48:54 INFO  PackageTree               :     ├── c7 (5)
16:48:54 INFO  PackageTree               :     ├── g7 (5)
16:48:54 INFO  PackageTree               :     ├── f7 (1)
16:48:54 INFO  PackageTree               :     ├── l7 (1)
16:48:54 INFO  PackageTree               :     ├── k7 (3)
16:48:54 INFO  PackageTree               :     ├── j7 (3)
16:48:54 INFO  PackageTree               :     ├── q7 (5)
16:48:54 INFO  PackageTree               :     ├── n7 (6)
16:48:54 INFO  PackageTree               :     ├── u7 (3)
16:48:54 INFO  PackageTree               :     ├── t7 (5)
16:48:54 INFO  PackageTree               :     ├── r7 (4)
16:48:54 INFO  PackageTree               :     ├── y7 (5)
16:48:54 INFO  PackageTree               :     ├── x7 (4)
16:48:54 INFO  PackageTree               :     ├── w7 (4)
16:48:54 INFO  PackageTree               :     ├── v7 (5)
16:48:54 INFO  PackageTree               :     ├── z7 (2)
16:48:54 INFO  PackageTree               :     ├── m9 (9)
16:48:54 INFO  PackageTree               :     ├── a5 (2)
16:48:54 INFO  PackageTree               :     ├── c5 (2)
16:48:54 INFO  PackageTree               :     ├── v2 (8)
16:48:54 INFO  PackageTree               :     ├── f5 (1)
16:48:54 INFO  PackageTree               :     ├── g5 (3)
16:48:54 INFO  PackageTree               :     ├── h5 (1)
16:48:54 INFO  PackageTree               :     ├── p2 (5)
16:48:54 INFO  PackageTree               :     ├── i5 (5)
16:48:54 INFO  PackageTree               :     ├── k5 (2)
16:48:54 INFO  PackageTree               :     ├── m5 (1)
16:48:54 INFO  PackageTree               :     ├── n5 (3)
16:48:54 INFO  PackageTree               :     ├── o5 (1)
16:48:54 INFO  PackageTree               :     ├── h2 (3)
16:48:54 INFO  PackageTree               :     ├── r5 (1)
16:48:54 INFO  PackageTree               :     ├── j2 (7)
16:48:54 INFO  PackageTree               :     ├── k2 (4)
16:48:54 INFO  PackageTree               :     ├── e2 (2)
16:48:54 INFO  PackageTree               :     ├── u5 (1)
16:48:54 INFO  PackageTree               :     ├── v5 (6)
16:48:54 INFO  PackageTree               :     ├── w5 (1)
16:48:54 INFO  PackageTree               :     ├── x5 (1)
16:48:54 INFO  PackageTree               :     ├── a2 (4)
16:48:54 INFO  PackageTree               :     ├── b2 (7)
16:48:54 INFO  PackageTree               :     ├── ge (3)
16:48:54 INFO  PackageTree               :     ├── if (4)
16:48:54 INFO  PackageTree               :     ├── kotlinx
16:48:54 INFO  PackageTree               :     │   └── coroutines (3)
16:48:54 INFO  PackageTree               :     │       ├── android (2)
16:48:54 INFO  PackageTree               :     │       └── internal (1)
16:48:54 INFO  PackageTree               :     ├── c6 (3)
16:48:54 INFO  PackageTree               :     ├── d6 (2)
16:48:54 INFO  PackageTree               :     ├── e6 (8)
16:48:54 INFO  PackageTree               :     ├── k6 (6)
16:48:54 INFO  PackageTree               :     ├── t6 (5)
16:48:54 INFO  PackageTree               :     ├── oa (2)
16:48:54 INFO  PackageTree               :     ├── pa (5)
16:48:54 INFO  PackageTree               :     ├── g9 (1)
16:48:54 INFO  PackageTree               :     ├── c9 (2)
16:48:54 INFO  PackageTree               :     ├── o9 (3)
16:48:54 INFO  PackageTree               :     ├── y9 (2)
16:48:54 INFO  PackageTree               :     ├── okhttp3
16:48:54 INFO  PackageTree               :     │   └── internal
16:48:54 INFO  PackageTree               :     │       └── publicsuffix (1)
16:48:54 INFO  PackageTree               :     ├── p0 (3)
16:48:54 INFO  PackageTree               :     ├── ne (4)
16:48:54 INFO  PackageTree               :     ├── pe (5)
16:48:54 INFO  PackageTree               :     ├── sb (5)
16:48:54 INFO  PackageTree               :     ├── pc (5)
16:48:54 INFO  PackageTree               :     ├── c8 (1)
16:48:54 INFO  PackageTree               :     ├── f8 (2)
16:48:54 INFO  PackageTree               :     ├── a8 (3)
16:48:54 INFO  PackageTree               :     ├── m8 (2)
16:48:54 INFO  PackageTree               :     ├── g8 (1)
16:48:54 INFO  PackageTree               :     ├── i8 (1)
16:48:54 INFO  PackageTree               :     ├── t8 (1)
16:48:54 INFO  PackageTree               :     ├── s8 (1)
16:48:54 INFO  PackageTree               :     ├── o8 (1)
16:48:54 INFO  PackageTree               :     ├── r8 (1)
16:48:54 INFO  PackageTree               :     ├── q8 (3)
16:48:54 INFO  PackageTree               :     ├── x8 (2)
16:48:54 INFO  PackageTree               :     ├── w8 (5)
16:48:54 INFO  PackageTree               :     ├── z8 (1)
16:48:54 INFO  PackageTree               :     ├── d (3)
16:48:54 INFO  PackageTree               :     ├── db (3)
16:48:54 INFO  PackageTree               :     ├── oe (3)
16:48:54 INFO  PackageTree               :     ├── ea (2)
16:48:54 INFO  PackageTree               :     ├── ra (2)
16:48:54 INFO  PackageTree               :     ├── wa (4)
16:48:54 INFO  PackageTree               :     ├── ua (1)
16:48:54 INFO  PackageTree               :     ├── le (1)
16:48:54 INFO  PackageTree               :     ├── re (3)
16:48:54 INFO  PackageTree               :     ├── fe (1)
16:48:54 INFO  PackageTree               :     ├── ee (2)
16:48:54 INFO  PackageTree               :     ├── ve (1)
16:48:54 INFO  PackageTree               :     ├── we (1)
16:48:54 INFO  PackageTree               :     ├── ue (2)
16:48:54 INFO  PackageTree               :     ├── lc (2)
16:48:54 INFO  PackageTree               :     ├── yc (3)
16:48:54 INFO  PackageTree               :     ├── sc (3)
16:48:54 INFO  PackageTree               :     ├── rc (1)
16:48:54 INFO  PackageTree               :     ├── zc (1)
16:48:54 INFO  PackageTree               :     ├── ac (1)
16:48:54 INFO  PackageTree               :     ├── gc (2)
16:48:54 INFO  PackageTree               :     ├── fc (3)
16:48:54 INFO  PackageTree               :     ├── ec (3)
16:48:54 INFO  PackageTree               :     ├── qc (1)
16:48:54 INFO  PackageTree               :     ├── oc (2)
16:48:54 INFO  PackageTree               :     ├── mc (4)
16:48:54 INFO  PackageTree               :     ├── gd (3)
16:48:54 INFO  PackageTree               :     ├── jd (2)
16:48:54 INFO  PackageTree               :     ├── ad (4)
16:48:54 INFO  PackageTree               :     ├── bd (1)
16:48:54 INFO  PackageTree               :     ├── td (2)
16:48:54 INFO  PackageTree               :     ├── vd (2)
16:48:54 INFO  PackageTree               :     ├── od (3)
16:48:54 INFO  PackageTree               :     ├── wc (1)
16:48:54 INFO  PackageTree               :     ├── tc (2)
16:48:54 INFO  PackageTree               :     ├── ff (3)
16:48:54 INFO  PackageTree               :     ├── cf (1)
16:48:54 INFO  PackageTree               :     ├── te (3)
16:48:54 INFO  PackageTree               :     ├── nc (1)
16:48:54 INFO  PackageTree               :     ├── m2 (1)
16:48:54 INFO  PackageTree               :     ├── n2 (1)
16:48:54 INFO  PackageTree               :     ├── w0 (1)
16:48:54 INFO  PackageTree               :     ├── t0 (1)
16:48:54 INFO  PackageTree               :     ├── s0 (1)
16:48:54 INFO  PackageTree               :     ├── u0 (1)
16:48:54 INFO  PackageTree               :     ├── z1 (1)
16:48:54 INFO  PackageTree               :     ├── y1 (1)
16:48:54 INFO  PackageTree               :     ├── w1 (1)
16:48:54 INFO  PackageTree               :     ├── h1 (1)
16:48:54 INFO  PackageTree               :     ├── l1 (1)
16:48:54 INFO  PackageTree               :     ├── b1 (1)
16:48:54 INFO  PackageTree               :     └── d1 (1)
16:48:54 INFO  Profile                   : 
16:48:54 INFO  AppProfile                : - generated app package tree (in 81 ms)
16:48:54 INFO  AppProfile                : 
16:48:54 DEBUG HashTree                  : Generate hash tree..
16:48:55 DEBUG HashTree                  :     - generated 629 package hashes.
16:48:55 DEBUG HashTree                  :     - generated 9220 clazz hashes.
16:48:55 DEBUG HashTree                  :     - generated 53239 method hashes.
16:48:55 DEBUG HashTree                  :     => Library Hash: bcc1251a1d007f70011bf21d0b7f5878
16:48:55 INFO  AppProfile                : - generated app hash trees (in 826 ms)
16:48:55 INFO  AppProfile                : 
16:48:55 INFO  LibraryIdentifier         : = Scan for library root packages (heuristic) =
16:48:55 INFO  LibraryIdentifier         :     - Found lib root package org.acra  (ACRA)
16:48:55 INFO  LibraryIdentifier         :     - Found lib root package butterknife  (Butter-Knife)
16:48:55 INFO  LibraryIdentifier         :     - Found lib root package com.dropbox.core  (Dropbox)
16:48:55 INFO  LibraryIdentifier         :     - Found lib root package okhttp3  (OkHttp)
16:48:55 INFO  LibraryIdentifier         :     - Found lib root package com.squareup.picasso  (Picasso)
16:48:55 INFO  LibraryIdentifier         :     - Found lib root package androidx.annotation  (androidx.annotation::annotation)
16:48:55 INFO  LibraryIdentifier         :     - Found lib root package androidx.appcompat  (androidx.appcompat::appcompat)
16:48:55 INFO  LibraryIdentifier         :     - Found lib root package androidx.cardview.widget  (androidx.cardview::cardview)
16:48:55 INFO  LibraryIdentifier         :     - Found lib root package androidx.constraintlayout.widget  (androidx.constraintlayout::constraintlayout)
16:48:55 INFO  LibraryIdentifier         :     - Found lib root package androidx.coordinatorlayout.widget  (androidx.coordinatorlayout::coordinatorlayout)
16:48:55 INFO  LibraryIdentifier         :     - Found lib root package androidx.core  (androidx.core::core)
16:48:55 INFO  LibraryIdentifier         :     - Found lib root package androidx  (androidx.core::core-ktx)
16:48:55 INFO  LibraryIdentifier         :     - Found lib root package androidx.drawerlayout.widget  (androidx.drawerlayout::drawerlayout)
16:48:55 INFO  LibraryIdentifier         :     - Found lib root package androidx.exifinterface.media  (androidx.exifinterface::exifinterface)
16:48:55 INFO  LibraryIdentifier         :     - Found lib root package androidx.fragment.app  (androidx.fragment::fragment)
16:48:55 INFO  LibraryIdentifier         :     - Found lib root package androidx.fragment.app  (androidx.fragment::fragment-ktx)
16:48:55 INFO  LibraryIdentifier         :     - Found lib root package androidx.gridlayout.widget  (androidx.gridlayout::gridlayout)
16:48:55 INFO  LibraryIdentifier         :     - Found lib root package androidx.lifecycle  (androidx.lifecycle::lifecycle-common)
16:48:55 INFO  LibraryIdentifier         :     - Found lib root package androidx.lifecycle  (androidx.lifecycle::lifecycle-common-java8)
16:48:55 INFO  LibraryIdentifier         :     - Found lib root package androidx.lifecycle  (androidx.lifecycle::lifecycle-compiler)
16:48:55 INFO  LibraryIdentifier         :     - Found lib root package androidx.lifecycle  (androidx.lifecycle::lifecycle-extensions)
16:48:55 INFO  LibraryIdentifier         :     - Found lib root package androidx.lifecycle  (androidx.lifecycle::lifecycle-livedata)
16:48:55 INFO  LibraryIdentifier         :     - Found lib root package androidx.lifecycle  (androidx.lifecycle::lifecycle-livedata-core)
16:48:55 INFO  LibraryIdentifier         :     - Found lib root package androidx.lifecycle  (androidx.lifecycle::lifecycle-process)
16:48:55 INFO  LibraryIdentifier         :     - Found lib root package androidx.lifecycle  (androidx.lifecycle::lifecycle-reactivestreams)
16:48:55 INFO  LibraryIdentifier         :     - Found lib root package androidx.lifecycle  (androidx.lifecycle::lifecycle-reactivestreams-ktx)
16:48:55 INFO  LibraryIdentifier         :     - Found lib root package androidx.lifecycle  (androidx.lifecycle::lifecycle-runtime)
16:48:55 INFO  LibraryIdentifier         :     - Found lib root package androidx.lifecycle  (androidx.lifecycle::lifecycle-service)
16:48:55 INFO  LibraryIdentifier         :     - Found lib root package androidx.lifecycle  (androidx.lifecycle::lifecycle-viewmodel)
16:48:55 INFO  LibraryIdentifier         :     - Found lib root package androidx.lifecycle  (androidx.lifecycle::lifecycle-viewmodel-ktx)
16:48:55 INFO  LibraryIdentifier         :     - Found lib root package android.support.v4.media  (androidx.media::media)
16:48:55 INFO  LibraryIdentifier         :     - Found lib root package androidx.preference  (androidx.preference::preference)
16:48:55 INFO  LibraryIdentifier         :     - Found lib root package androidx.preference  (androidx.preference::preference-ktx)
16:48:55 INFO  LibraryIdentifier         :     - Found lib root package androidx.recyclerview.widget  (androidx.recyclerview::recyclerview)
16:48:55 INFO  LibraryIdentifier         :     - Found lib root package androidx.room  (androidx.room::room-common)
16:48:55 INFO  LibraryIdentifier         :     - Found lib root package androidx.room  (androidx.room::room-compiler)
16:48:55 INFO  LibraryIdentifier         :     - Found lib root package androidx.room  (androidx.room::room-runtime)
16:48:55 INFO  LibraryIdentifier         :     - Found lib root package androidx.room  (androidx.room::room-rxjava2)
16:48:55 INFO  LibraryIdentifier         :     - Found lib root package androidx.versionedparcelable  (androidx.versionedparcelable::versionedparcelable)
16:48:55 INFO  LibraryIdentifier         :     - Found lib root package androidx.viewpager.widget  (androidx.viewpager::viewpager)
16:48:55 INFO  LibraryIdentifier         :     - Found lib root package android.support.v4  (com.android.support::customview)
16:48:55 INFO  LibraryIdentifier         :     - Found lib root package android.support.v4  (com.android.support::loader)
16:48:55 INFO  LibraryIdentifier         :     - Found lib root package android.support.v4  (com.android.support::support-compat)
16:48:55 INFO  LibraryIdentifier         :     - Found lib root package android.support.v4  (com.android.support::support-core-ui)
16:48:55 INFO  LibraryIdentifier         :     - Found lib root package android.support.v4  (com.android.support::support-core-utils)
16:48:55 INFO  LibraryIdentifier         :     - Found lib root package android.support.v4.app  (com.android.support::support-fragment)
16:48:55 INFO  LibraryIdentifier         :     - Found lib root package android.support.v4.media  (com.android.support::support-media-compat)
16:48:55 INFO  LibraryIdentifier         :     - Found lib root package android.support.v4  (com.android.support::support-v4)
16:48:55 INFO  LibraryIdentifier         :     - Found lib root package androidx.versionedparcelable  (com.android.support::versionedparcelable)
16:48:55 INFO  LibraryIdentifier         :     - Found lib root package com.android  (com.android.tools::common)
16:48:55 INFO  LibraryIdentifier         :     - Found lib root package com.android  (com.android.tools::sdk-common)
16:48:55 INFO  LibraryIdentifier         :     - Found lib root package com.google.android.material  (com.google.android.material::material)
16:48:55 INFO  LibraryIdentifier         : 
16:48:55 INFO  LibraryIdentifier         : = Match profiles =
16:50:58 INFO  LibraryIdentifier         :     >> profile matching done (2 min, 2 sec, 891 ms)
16:50:58 INFO  LibraryIdentifier         : 
16:50:58 INFO  LibraryIdentifier         : == Report ==
16:50:58 INFO  LibraryIdentifier         : - Full library matches:
16:50:58 INFO  ProfileMatch              :                 name: com.google.firebase::firebase-ml-vision-image-label-model
16:50:58 INFO  ProfileMatch              :             category: Android
16:50:58 INFO  ProfileMatch              :              version: 20.0.0  [OLD VERSION]
16:50:58 INFO  ProfileMatch              :         release-date:  --
16:50:58 INFO  ProfileMatch              :     lib root package: "com.google.firebase.ml.vision.imagelabel"  (in app: "com.itextpdf.text.pdf.fonts")
16:50:58 INFO  ProfileMatch              : 
16:50:58 INFO  ProfileMatch              :                 name: com.google.firebase::firebase-ml-vision-image-label-model
16:50:58 INFO  ProfileMatch              :             category: Android
16:50:58 INFO  ProfileMatch              :              version: 20.0.1  [OLD VERSION]
16:50:58 INFO  ProfileMatch              :         release-date:  --
16:50:58 INFO  ProfileMatch              :     lib root package: "com.google.firebase.ml.vision.imagelabel"  (in app: "com.itextpdf.text.pdf.fonts")
16:50:58 INFO  ProfileMatch              : 
16:50:58 INFO  ProfileMatch              :                 name: com.google.firebase::firebase-ml-vision-image-label-model
16:50:58 INFO  ProfileMatch              :             category: Android
16:50:58 INFO  ProfileMatch              :              version: 20.0.2
16:50:58 INFO  ProfileMatch              :         release-date:  --
16:50:58 INFO  ProfileMatch              :     lib root package: "com.google.firebase.ml.vision.imagelabel"  (in app: "com.itextpdf.text.pdf.fonts")
16:50:58 INFO  ProfileMatch              : 
16:50:58 INFO  ProfileMatch              :                 name: com.android.support::interpolator
16:50:58 INFO  ProfileMatch              :             category: Android
16:50:58 INFO  ProfileMatch              :              version: 28.0.0
16:50:58 INFO  ProfileMatch              :         release-date:  --
16:50:58 INFO  ProfileMatch              :     lib root package: "android.support.v4.view.animation"  (in app: "v0")
16:50:58 INFO  ProfileMatch              : 
16:50:58 INFO  ProfileMatch              :                 name: androidx.interpolator::interpolator
16:50:58 INFO  ProfileMatch              :             category: Android
16:50:58 INFO  ProfileMatch              :              version: 1.0.0
16:50:58 INFO  ProfileMatch              :         release-date:  --
16:50:58 INFO  ProfileMatch              :     lib root package: "androidx.interpolator.view.animation"  (in app: "v0")
16:50:58 INFO  ProfileMatch              : 
16:50:58 INFO  ProfileMatch              :                 name: Facebook
16:50:58 INFO  ProfileMatch              :             category: SocialMedia
16:50:58 INFO  ProfileMatch              :              version: 4.27.0  [OLD VERSION]
16:50:58 INFO  ProfileMatch              :         release-date: 26.09.2017
16:50:58 INFO  ProfileMatch              :     lib root package: "com.facebook.all"  (in app: "com.itextpdf.text.pdf.fonts")
16:50:58 INFO  ProfileMatch              : 
16:50:58 INFO  ProfileMatch              :                 name: Facebook
16:50:58 INFO  ProfileMatch              :             category: SocialMedia
16:50:58 INFO  ProfileMatch              :              version: 4.28.0  [OLD VERSION]
16:50:58 INFO  ProfileMatch              :         release-date: 07.11.2017
16:50:58 INFO  ProfileMatch              :     lib root package: "com.facebook.all"  (in app: "com.itextpdf.text.pdf.fonts")
16:50:58 INFO  ProfileMatch              : 
16:50:58 INFO  ProfileMatch              :                 name: Facebook
16:50:58 INFO  ProfileMatch              :             category: SocialMedia
16:50:58 INFO  ProfileMatch              :              version: 4.29.0  [OLD VERSION]
16:50:58 INFO  ProfileMatch              :         release-date: 05.12.2017
16:50:58 INFO  ProfileMatch              :     lib root package: "com.facebook.all"  (in app: "com.itextpdf.text.pdf.fonts")
16:50:58 INFO  ProfileMatch              : 
16:50:58 INFO  ProfileMatch              :                 name: Facebook
16:50:58 INFO  ProfileMatch              :             category: SocialMedia
16:50:58 INFO  ProfileMatch              :              version: 4.30.0  [OLD VERSION]
16:50:58 INFO  ProfileMatch              :         release-date: 24.01.2018
16:50:58 INFO  ProfileMatch              :     lib root package: "com.facebook.all"  (in app: "com.itextpdf.text.pdf.fonts")
16:50:58 INFO  ProfileMatch              : 
16:50:58 INFO  ProfileMatch              :                 name: Facebook
16:50:58 INFO  ProfileMatch              :             category: SocialMedia
16:50:58 INFO  ProfileMatch              :              version: 4.31.0  [OLD VERSION]
16:50:58 INFO  ProfileMatch              :         release-date: 28.02.2018
16:50:58 INFO  ProfileMatch              :     lib root package: "com.facebook.all"  (in app: "com.itextpdf.text.pdf.fonts")
16:50:58 INFO  ProfileMatch              : 
16:50:58 INFO  ProfileMatch              :                 name: Facebook
16:50:58 INFO  ProfileMatch              :             category: SocialMedia
16:50:58 INFO  ProfileMatch              :              version: 4.32.0  [OLD VERSION]
16:50:58 INFO  ProfileMatch              :         release-date: 11.04.2018
16:50:58 INFO  ProfileMatch              :     lib root package: "com.facebook.all"  (in app: "com.itextpdf.text.pdf.fonts")
16:50:58 INFO  ProfileMatch              : 
16:50:58 INFO  ProfileMatch              :                 name: Facebook
16:50:58 INFO  ProfileMatch              :             category: SocialMedia
16:50:58 INFO  ProfileMatch              :              version: 4.33.0  [OLD VERSION]
16:50:58 INFO  ProfileMatch              :         release-date: 01.05.2018
16:50:58 INFO  ProfileMatch              :     lib root package: "com.facebook.all"  (in app: "com.itextpdf.text.pdf.fonts")
16:50:58 INFO  ProfileMatch              : 
16:50:58 INFO  ProfileMatch              :                 name: Facebook
16:50:58 INFO  ProfileMatch              :             category: SocialMedia
16:50:58 INFO  ProfileMatch              :              version: 4.34.0  [OLD VERSION]
16:50:58 INFO  ProfileMatch              :         release-date: 19.06.2018
16:50:58 INFO  ProfileMatch              :     lib root package: "com.facebook.all"  (in app: "com.itextpdf.text.pdf.fonts")
16:50:58 INFO  ProfileMatch              : 
16:50:58 INFO  ProfileMatch              :                 name: Facebook
16:50:58 INFO  ProfileMatch              :             category: SocialMedia
16:50:58 INFO  ProfileMatch              :              version: 4.35.0  [OLD VERSION]
16:50:58 INFO  ProfileMatch              :         release-date: 26.07.2018
16:50:58 INFO  ProfileMatch              :     lib root package: "com.facebook.all"  (in app: "com.itextpdf.text.pdf.fonts")
16:50:58 INFO  ProfileMatch              : 
16:50:58 INFO  ProfileMatch              :                 name: Facebook
16:50:58 INFO  ProfileMatch              :             category: SocialMedia
16:50:58 INFO  ProfileMatch              :              version: 4.36.0  [OLD VERSION]
16:50:58 INFO  ProfileMatch              :         release-date: 29.08.2018
16:50:58 INFO  ProfileMatch              :     lib root package: "com.facebook.all"  (in app: "com.itextpdf.text.pdf.fonts")
16:50:58 INFO  ProfileMatch              : 
16:50:58 INFO  ProfileMatch              :                 name: Facebook
16:50:58 INFO  ProfileMatch              :             category: SocialMedia
16:50:58 INFO  ProfileMatch              :              version: 4.36.1  [OLD VERSION]
16:50:58 INFO  ProfileMatch              :         release-date: 15.09.2018
16:50:58 INFO  ProfileMatch              :     lib root package: "com.facebook.all"  (in app: "com.itextpdf.text.pdf.fonts")
16:50:58 INFO  ProfileMatch              : 
16:50:58 INFO  ProfileMatch              :                 name: Facebook
16:50:58 INFO  ProfileMatch              :             category: SocialMedia
16:50:58 INFO  ProfileMatch              :              version: 4.37.0  [OLD VERSION]
16:50:58 INFO  ProfileMatch              :         release-date: 27.09.2018
16:50:58 INFO  ProfileMatch              :     lib root package: "com.facebook.all"  (in app: "com.itextpdf.text.pdf.fonts")
16:50:58 INFO  ProfileMatch              : 
16:50:58 INFO  ProfileMatch              :                 name: Facebook
16:50:58 INFO  ProfileMatch              :             category: SocialMedia
16:50:58 INFO  ProfileMatch              :              version: 4.38.0  [OLD VERSION]
16:50:58 INFO  ProfileMatch              :         release-date: 23.10.2018
16:50:58 INFO  ProfileMatch              :     lib root package: "com.facebook.all"  (in app: "com.itextpdf.text.pdf.fonts")
16:50:58 INFO  ProfileMatch              : 
16:50:58 INFO  ProfileMatch              :                 name: Facebook
16:50:58 INFO  ProfileMatch              :             category: SocialMedia
16:50:58 INFO  ProfileMatch              :              version: 4.38.1  [OLD VERSION]
16:50:58 INFO  ProfileMatch              :         release-date: 31.10.2018
16:50:58 INFO  ProfileMatch              :     lib root package: "com.facebook.all"  (in app: "com.itextpdf.text.pdf.fonts")
16:50:58 INFO  ProfileMatch              : 
16:50:58 INFO  ProfileMatch              :                 name: Facebook
16:50:58 INFO  ProfileMatch              :             category: SocialMedia
16:50:58 INFO  ProfileMatch              :              version: 4.39.0  [OLD VERSION]
16:50:58 INFO  ProfileMatch              :         release-date: 05.12.2018
16:50:58 INFO  ProfileMatch              :     lib root package: "com.facebook.all"  (in app: "com.itextpdf.text.pdf.fonts")
16:50:58 INFO  ProfileMatch              : 
16:50:58 INFO  ProfileMatch              :                 name: Facebook
16:50:58 INFO  ProfileMatch              :             category: SocialMedia
16:50:58 INFO  ProfileMatch              :              version: 4.40.0  [OLD VERSION]
16:50:58 INFO  ProfileMatch              :         release-date: 22.01.2019
16:50:58 INFO  ProfileMatch              :     lib root package: "com.facebook.all"  (in app: "com.itextpdf.text.pdf.fonts")
16:50:58 INFO  ProfileMatch              : 
16:50:58 INFO  ProfileMatch              :                 name: Facebook
16:50:58 INFO  ProfileMatch              :             category: SocialMedia
16:50:58 INFO  ProfileMatch              :              version: 4.41.0  [OLD VERSION]
16:50:58 INFO  ProfileMatch              :         release-date: 08.03.2019
16:50:58 INFO  ProfileMatch              :     lib root package: "com.facebook.all"  (in app: "com.itextpdf.text.pdf.fonts")
16:50:58 INFO  ProfileMatch              : 
16:50:58 INFO  ProfileMatch              :                 name: Facebook
16:50:58 INFO  ProfileMatch              :             category: SocialMedia
16:50:58 INFO  ProfileMatch              :              version: 4.42.0  [OLD VERSION]
16:50:58 INFO  ProfileMatch              :         release-date: 08.04.2019
16:50:58 INFO  ProfileMatch              :     lib root package: "com.facebook.all"  (in app: "com.itextpdf.text.pdf.fonts")
16:50:58 INFO  ProfileMatch              : 
16:50:58 INFO  ProfileMatch              :                 name: Facebook
16:50:58 INFO  ProfileMatch              :             category: SocialMedia
16:50:58 INFO  ProfileMatch              :              version: 5.0.0  [OLD VERSION]
16:50:58 INFO  ProfileMatch              :         release-date: 30.04.2019
16:50:58 INFO  ProfileMatch              :     lib root package: "com.facebook.all"  (in app: "com.itextpdf.text.pdf.fonts")
16:50:58 INFO  ProfileMatch              : 
16:50:58 INFO  ProfileMatch              :                 name: Facebook
16:50:58 INFO  ProfileMatch              :             category: SocialMedia
16:50:58 INFO  ProfileMatch              :              version: 5.0.1  [OLD VERSION]
16:50:58 INFO  ProfileMatch              :         release-date: 17.05.2019
16:50:58 INFO  ProfileMatch              :     lib root package: "com.facebook.all"  (in app: "com.itextpdf.text.pdf.fonts")
16:50:58 INFO  ProfileMatch              : 
16:50:58 INFO  ProfileMatch              :                 name: Facebook
16:50:58 INFO  ProfileMatch              :             category: SocialMedia
16:50:58 INFO  ProfileMatch              :              version: 5.0.2  [OLD VERSION]
16:50:58 INFO  ProfileMatch              :         release-date: 09.06.2019
16:50:58 INFO  ProfileMatch              :     lib root package: "com.facebook.all"  (in app: "com.itextpdf.text.pdf.fonts")
16:50:58 INFO  ProfileMatch              : 
16:50:58 INFO  ProfileMatch              :                 name: Facebook
16:50:58 INFO  ProfileMatch              :             category: SocialMedia
16:50:58 INFO  ProfileMatch              :              version: 5.0.3  [OLD VERSION]
16:50:58 INFO  ProfileMatch              :         release-date: 14.06.2019
16:50:58 INFO  ProfileMatch              :     lib root package: "com.facebook.all"  (in app: "com.itextpdf.text.pdf.fonts")
16:50:58 INFO  ProfileMatch              : 
16:50:58 INFO  ProfileMatch              :                 name: Facebook
16:50:58 INFO  ProfileMatch              :             category: SocialMedia
16:50:58 INFO  ProfileMatch              :              version: 5.1.0  [OLD VERSION]
16:50:58 INFO  ProfileMatch              :         release-date: 21.06.2019
16:50:58 INFO  ProfileMatch              :     lib root package: "com.facebook.all"  (in app: "com.itextpdf.text.pdf.fonts")
16:50:58 INFO  ProfileMatch              : 
16:50:58 INFO  ProfileMatch              :                 name: Facebook
16:50:58 INFO  ProfileMatch              :             category: SocialMedia
16:50:58 INFO  ProfileMatch              :              version: 5.1.1  [OLD VERSION]
16:50:58 INFO  ProfileMatch              :         release-date: 02.07.2019
16:50:58 INFO  ProfileMatch              :     lib root package: "com.facebook.all"  (in app: "com.itextpdf.text.pdf.fonts")
16:50:58 INFO  ProfileMatch              : 
16:50:58 INFO  ProfileMatch              :                 name: Facebook
16:50:58 INFO  ProfileMatch              :             category: SocialMedia
16:50:58 INFO  ProfileMatch              :              version: 5.2.0  [OLD VERSION]
16:50:58 INFO  ProfileMatch              :         release-date: 29.07.2019
16:50:58 INFO  ProfileMatch              :     lib root package: "com.facebook.all"  (in app: "com.itextpdf.text.pdf.fonts")
16:50:58 INFO  ProfileMatch              : 
16:50:58 INFO  ProfileMatch              :                 name: Facebook
16:50:58 INFO  ProfileMatch              :             category: SocialMedia
16:50:58 INFO  ProfileMatch              :              version: 5.4.0  [OLD VERSION]
16:50:58 INFO  ProfileMatch              :         release-date: 16.08.2019
16:50:58 INFO  ProfileMatch              :     lib root package: "com.facebook.all"  (in app: "com.itextpdf.text.pdf.fonts")
16:50:58 INFO  ProfileMatch              : 
16:50:58 INFO  ProfileMatch              :                 name: Facebook
16:50:58 INFO  ProfileMatch              :             category: SocialMedia
16:50:58 INFO  ProfileMatch              :              version: 5.5.0  [OLD VERSION]
16:50:58 INFO  ProfileMatch              :         release-date: 31.08.2019
16:50:58 INFO  ProfileMatch              :     lib root package: "com.facebook.all"  (in app: "com.itextpdf.text.pdf.fonts")
16:50:58 INFO  ProfileMatch              : 
16:50:58 INFO  ProfileMatch              :                 name: Facebook
16:50:58 INFO  ProfileMatch              :             category: SocialMedia
16:50:58 INFO  ProfileMatch              :              version: 5.5.1  [OLD VERSION]
16:50:58 INFO  ProfileMatch              :         release-date: 06.09.2019
16:50:58 INFO  ProfileMatch              :     lib root package: "com.facebook.all"  (in app: "com.itextpdf.text.pdf.fonts")
16:50:58 INFO  ProfileMatch              : 
16:50:58 INFO  ProfileMatch              :                 name: Facebook
16:50:58 INFO  ProfileMatch              :             category: SocialMedia
16:50:58 INFO  ProfileMatch              :              version: 5.5.2  [OLD VERSION]
16:50:58 INFO  ProfileMatch              :         release-date: 05.10.2019
16:50:58 INFO  ProfileMatch              :     lib root package: "com.facebook.all"  (in app: "com.itextpdf.text.pdf.fonts")
16:50:58 INFO  ProfileMatch              : 
16:50:58 INFO  ProfileMatch              :                 name: Facebook
16:50:58 INFO  ProfileMatch              :             category: SocialMedia
16:50:58 INFO  ProfileMatch              :              version: 5.8.0  [OLD VERSION]
16:50:58 INFO  ProfileMatch              :         release-date: 08.10.2019
16:50:58 INFO  ProfileMatch              :     lib root package: "com.facebook.all"  (in app: "com.itextpdf.text.pdf.fonts")
16:50:58 INFO  ProfileMatch              : 
16:50:58 INFO  ProfileMatch              :                 name: Facebook
16:50:58 INFO  ProfileMatch              :             category: SocialMedia
16:50:58 INFO  ProfileMatch              :              version: 5.9.0  [OLD VERSION]
16:50:58 INFO  ProfileMatch              :         release-date: 29.10.2019
16:50:58 INFO  ProfileMatch              :     lib root package: "com.facebook.all"  (in app: "com.itextpdf.text.pdf.fonts")
16:50:58 INFO  ProfileMatch              : 
16:50:58 INFO  ProfileMatch              :                 name: Facebook
16:50:58 INFO  ProfileMatch              :             category: SocialMedia
16:50:58 INFO  ProfileMatch              :              version: 5.11.0  [OLD VERSION]
16:50:58 INFO  ProfileMatch              :         release-date: 15.11.2019
16:50:58 INFO  ProfileMatch              :     lib root package: "com.facebook.all"  (in app: "com.itextpdf.text.pdf.fonts")
16:50:58 INFO  ProfileMatch              : 
16:50:58 INFO  ProfileMatch              :                 name: Facebook
16:50:58 INFO  ProfileMatch              :             category: SocialMedia
16:50:58 INFO  ProfileMatch              :              version: 5.11.1  [OLD VERSION]
16:50:58 INFO  ProfileMatch              :         release-date: 21.11.2019
16:50:58 INFO  ProfileMatch              :     lib root package: "com.facebook.all"  (in app: "com.itextpdf.text.pdf.fonts")
16:50:58 INFO  ProfileMatch              : 
16:50:58 INFO  ProfileMatch              :                 name: Facebook
16:50:58 INFO  ProfileMatch              :             category: SocialMedia
16:50:58 INFO  ProfileMatch              :              version: 5.11.2  [OLD VERSION]
16:50:58 INFO  ProfileMatch              :         release-date: 22.11.2019
16:50:58 INFO  ProfileMatch              :     lib root package: "com.facebook.all"  (in app: "com.itextpdf.text.pdf.fonts")
16:50:58 INFO  ProfileMatch              : 
16:50:58 INFO  ProfileMatch              :                 name: Facebook
16:50:58 INFO  ProfileMatch              :             category: SocialMedia
16:50:58 INFO  ProfileMatch              :              version: 5.12.0  [OLD VERSION]
16:50:58 INFO  ProfileMatch              :         release-date: 04.12.2019
16:50:58 INFO  ProfileMatch              :     lib root package: "com.facebook.all"  (in app: "com.itextpdf.text.pdf.fonts")
16:50:58 INFO  ProfileMatch              : 
16:50:58 INFO  ProfileMatch              :                 name: Facebook
16:50:58 INFO  ProfileMatch              :             category: SocialMedia
16:50:58 INFO  ProfileMatch              :              version: 5.12.1  [OLD VERSION]
16:50:58 INFO  ProfileMatch              :         release-date: 09.12.2019
16:50:58 INFO  ProfileMatch              :     lib root package: "com.facebook.all"  (in app: "com.itextpdf.text.pdf.fonts")
16:50:58 INFO  ProfileMatch              : 
16:50:58 INFO  ProfileMatch              :                 name: Facebook
16:50:58 INFO  ProfileMatch              :             category: SocialMedia
16:50:58 INFO  ProfileMatch              :              version: 5.13.0  [OLD VERSION]
16:50:58 INFO  ProfileMatch              :         release-date: 12.12.2019
16:50:58 INFO  ProfileMatch              :     lib root package: "com.facebook.all"  (in app: "com.itextpdf.text.pdf.fonts")
16:50:58 INFO  ProfileMatch              : 
16:50:58 INFO  ProfileMatch              :                 name: Facebook
16:50:58 INFO  ProfileMatch              :             category: SocialMedia
16:50:58 INFO  ProfileMatch              :              version: 5.15.0  [OLD VERSION]
16:50:58 INFO  ProfileMatch              :         release-date: 21.01.2020
16:50:58 INFO  ProfileMatch              :     lib root package: "com.facebook.all"  (in app: "com.itextpdf.text.pdf.fonts")
16:50:58 INFO  ProfileMatch              : 
16:50:58 INFO  ProfileMatch              :                 name: Facebook
16:50:58 INFO  ProfileMatch              :             category: SocialMedia
16:50:58 INFO  ProfileMatch              :              version: 5.15.1  [OLD VERSION]
16:50:58 INFO  ProfileMatch              :         release-date: 29.01.2020
16:50:58 INFO  ProfileMatch              :     lib root package: "com.facebook.all"  (in app: "com.itextpdf.text.pdf.fonts")
16:50:58 INFO  ProfileMatch              : 
16:50:58 INFO  ProfileMatch              :                 name: Facebook
16:50:58 INFO  ProfileMatch              :             category: SocialMedia
16:50:58 INFO  ProfileMatch              :              version: 5.15.2  [OLD VERSION]
16:50:58 INFO  ProfileMatch              :         release-date: 03.02.2020
16:50:58 INFO  ProfileMatch              :     lib root package: "com.facebook.all"  (in app: "com.itextpdf.text.pdf.fonts")
16:50:58 INFO  ProfileMatch              : 
16:50:58 INFO  ProfileMatch              :                 name: Facebook
16:50:58 INFO  ProfileMatch              :             category: SocialMedia
16:50:58 INFO  ProfileMatch              :              version: 5.15.3  [OLD VERSION]
16:50:58 INFO  ProfileMatch              :         release-date: 03.02.2020
16:50:58 INFO  ProfileMatch              :     lib root package: "com.facebook.all"  (in app: "com.itextpdf.text.pdf.fonts")
16:50:58 INFO  ProfileMatch              : 
16:50:58 INFO  ProfileMatch              :                 name: Facebook
16:50:58 INFO  ProfileMatch              :             category: SocialMedia
16:50:58 INFO  ProfileMatch              :              version: 6.0.0  [OLD VERSION]
16:50:58 INFO  ProfileMatch              :         release-date: 03.02.2020
16:50:58 INFO  ProfileMatch              :     lib root package: "com.facebook.all"  (in app: "com.itextpdf.text.pdf.fonts")
16:50:58 INFO  ProfileMatch              : 
16:50:58 INFO  ProfileMatch              :                 name: Facebook
16:50:58 INFO  ProfileMatch              :             category: SocialMedia
16:50:58 INFO  ProfileMatch              :              version: 6.1.0  [OLD VERSION]
16:50:58 INFO  ProfileMatch              :         release-date: 14.02.2020
16:50:58 INFO  ProfileMatch              :     lib root package: "com.facebook.all"  (in app: "com.itextpdf.text.pdf.fonts")
16:50:58 INFO  ProfileMatch              : 
16:50:58 INFO  ProfileMatch              :                 name: Facebook
16:50:58 INFO  ProfileMatch              :             category: SocialMedia
16:50:58 INFO  ProfileMatch              :              version: 6.2.0  [OLD VERSION]
16:50:58 INFO  ProfileMatch              :         release-date: 09.03.2020
16:50:58 INFO  ProfileMatch              :     lib root package: "com.facebook.all"  (in app: "com.itextpdf.text.pdf.fonts")
16:50:58 INFO  ProfileMatch              : 
16:50:58 INFO  ProfileMatch              :                 name: Facebook
16:50:58 INFO  ProfileMatch              :             category: SocialMedia
16:50:58 INFO  ProfileMatch              :              version: 6.3.0  [OLD VERSION]
16:50:58 INFO  ProfileMatch              :         release-date: 25.03.2020
16:50:58 INFO  ProfileMatch              :     lib root package: "com.facebook.all"  (in app: "com.itextpdf.text.pdf.fonts")
16:50:58 INFO  ProfileMatch              : 
16:50:58 INFO  ProfileMatch              :                 name: Facebook
16:50:58 INFO  ProfileMatch              :             category: SocialMedia
16:50:58 INFO  ProfileMatch              :              version: 6.4.0  [OLD VERSION]
16:50:58 INFO  ProfileMatch              :         release-date: 15.04.2020
16:50:58 INFO  ProfileMatch              :     lib root package: "com.facebook.all"  (in app: "com.itextpdf.text.pdf.fonts")
16:50:58 INFO  ProfileMatch              : 
16:50:58 INFO  ProfileMatch              :                 name: Facebook
16:50:58 INFO  ProfileMatch              :             category: SocialMedia
16:50:58 INFO  ProfileMatch              :              version: 6.5.0  [OLD VERSION]
16:50:58 INFO  ProfileMatch              :         release-date: 20.04.2020
16:50:58 INFO  ProfileMatch              :     lib root package: "com.facebook.all"  (in app: "com.itextpdf.text.pdf.fonts")
16:50:58 INFO  ProfileMatch              : 
16:50:58 INFO  ProfileMatch              :                 name: Facebook
16:50:58 INFO  ProfileMatch              :             category: SocialMedia
16:50:58 INFO  ProfileMatch              :              version: 6.5.1  [OLD VERSION]
16:50:58 INFO  ProfileMatch              :         release-date: 23.04.2020
16:50:58 INFO  ProfileMatch              :     lib root package: "com.facebook.all"  (in app: "com.itextpdf.text.pdf.fonts")
16:50:58 INFO  ProfileMatch              : 
16:50:58 INFO  ProfileMatch              :                 name: Facebook
16:50:58 INFO  ProfileMatch              :             category: SocialMedia
16:50:58 INFO  ProfileMatch              :              version: 7.0.0  [OLD VERSION]
16:50:58 INFO  ProfileMatch              :         release-date: 05.05.2020
16:50:58 INFO  ProfileMatch              :     lib root package: "com.facebook.all"  (in app: "com.itextpdf.text.pdf.fonts")
16:50:58 INFO  ProfileMatch              : 
16:50:58 INFO  ProfileMatch              :                 name: Facebook
16:50:58 INFO  ProfileMatch              :             category: SocialMedia
16:50:58 INFO  ProfileMatch              :              version: 7.0.1  [OLD VERSION]
16:50:58 INFO  ProfileMatch              :         release-date: 09.06.2020
16:50:58 INFO  ProfileMatch              :     lib root package: "com.facebook.all"  (in app: "com.itextpdf.text.pdf.fonts")
16:50:58 INFO  ProfileMatch              : 
16:50:58 INFO  ProfileMatch              :                 name: Facebook
16:50:58 INFO  ProfileMatch              :             category: SocialMedia
16:50:58 INFO  ProfileMatch              :              version: 7.1.0  [OLD VERSION]
16:50:58 INFO  ProfileMatch              :         release-date: 23.06.2020
16:50:58 INFO  ProfileMatch              :     lib root package: "com.facebook.all"  (in app: "com.itextpdf.text.pdf.fonts")
16:50:58 INFO  ProfileMatch              : 
16:50:58 INFO  ProfileMatch              :                 name: Facebook
16:50:58 INFO  ProfileMatch              :             category: SocialMedia
16:50:58 INFO  ProfileMatch              :              version: 8.0.0  [OLD VERSION]
16:50:58 INFO  ProfileMatch              :         release-date: 28.09.2020
16:50:58 INFO  ProfileMatch              :     lib root package: "com.facebook.all"  (in app: "com.itextpdf.text.pdf.fonts")
16:50:58 INFO  ProfileMatch              : 
16:50:58 INFO  ProfileMatch              :                 name: Facebook
16:50:58 INFO  ProfileMatch              :             category: SocialMedia
16:50:58 INFO  ProfileMatch              :              version: 8.1.0  [OLD VERSION]
16:50:58 INFO  ProfileMatch              :         release-date: 14.10.2020
16:50:58 INFO  ProfileMatch              :     lib root package: "com.facebook.all"  (in app: "com.itextpdf.text.pdf.fonts")
16:50:58 INFO  ProfileMatch              : 
16:50:58 INFO  ProfileMatch              :                 name: Facebook
16:50:58 INFO  ProfileMatch              :             category: SocialMedia
16:50:58 INFO  ProfileMatch              :              version: 8.2.0  [OLD VERSION]
16:50:58 INFO  ProfileMatch              :         release-date: 18.12.2020
16:50:58 INFO  ProfileMatch              :     lib root package: "com.facebook.all"  (in app: "com.itextpdf.text.pdf.fonts")
16:50:58 INFO  ProfileMatch              : 
16:50:58 INFO  ProfileMatch              :                 name: Facebook
16:50:58 INFO  ProfileMatch              :             category: SocialMedia
16:50:58 INFO  ProfileMatch              :              version: 9.0.0  [OLD VERSION]
16:50:58 INFO  ProfileMatch              :         release-date: 19.01.2021
16:50:58 INFO  ProfileMatch              :     lib root package: "com.facebook.all"  (in app: "com.itextpdf.text.pdf.fonts")
16:50:58 INFO  ProfileMatch              : 
16:50:58 INFO  ProfileMatch              :                 name: Facebook
16:50:58 INFO  ProfileMatch              :             category: SocialMedia
16:50:58 INFO  ProfileMatch              :              version: 9.1.0  [OLD VERSION]
16:50:58 INFO  ProfileMatch              :         release-date: 15.03.2021
16:50:58 INFO  ProfileMatch              :     lib root package: "com.facebook.all"  (in app: "com.itextpdf.text.pdf.fonts")
16:50:58 INFO  ProfileMatch              : 
16:50:58 INFO  ProfileMatch              :                 name: Facebook
16:50:58 INFO  ProfileMatch              :             category: SocialMedia
16:50:58 INFO  ProfileMatch              :              version: 9.1.1  [OLD VERSION]
16:50:58 INFO  ProfileMatch              :         release-date: 12.04.2021
16:50:58 INFO  ProfileMatch              :     lib root package: "com.facebook.all"  (in app: "com.itextpdf.text.pdf.fonts")
16:50:58 INFO  ProfileMatch              : 
16:50:58 INFO  ProfileMatch              :                 name: Facebook
16:50:58 INFO  ProfileMatch              :             category: SocialMedia
16:50:58 INFO  ProfileMatch              :              version: 11.0.0  [OLD VERSION]
16:50:58 INFO  ProfileMatch              :         release-date: 08.06.2021
16:50:58 INFO  ProfileMatch              :     lib root package: "com.facebook.all"  (in app: "com.itextpdf.text.pdf.fonts")
16:50:58 INFO  ProfileMatch              : 
16:50:58 INFO  ProfileMatch              :                 name: Facebook
16:50:58 INFO  ProfileMatch              :             category: SocialMedia
16:50:58 INFO  ProfileMatch              :              version: 11.1.0  [OLD VERSION]
16:50:58 INFO  ProfileMatch              :         release-date: 06.07.2021
16:50:58 INFO  ProfileMatch              :     lib root package: "com.facebook.all"  (in app: "com.itextpdf.text.pdf.fonts")
16:50:58 INFO  ProfileMatch              : 
16:50:58 INFO  ProfileMatch              :                 name: Facebook
16:50:58 INFO  ProfileMatch              :             category: SocialMedia
16:50:58 INFO  ProfileMatch              :              version: 11.1.1  [OLD VERSION]
16:50:58 INFO  ProfileMatch              :         release-date: 19.07.2021
16:50:58 INFO  ProfileMatch              :     lib root package: "com.facebook.all"  (in app: "com.itextpdf.text.pdf.fonts")
16:50:58 INFO  ProfileMatch              : 
16:50:58 INFO  ProfileMatch              :                 name: Facebook
16:50:58 INFO  ProfileMatch              :             category: SocialMedia
16:50:58 INFO  ProfileMatch              :              version: 11.2.0  [OLD VERSION]
16:50:58 INFO  ProfileMatch              :         release-date: 03.08.2021
16:50:58 INFO  ProfileMatch              :     lib root package: "com.facebook.all"  (in app: "com.itextpdf.text.pdf.fonts")
16:50:58 INFO  ProfileMatch              : 
16:50:58 INFO  ProfileMatch              :                 name: Facebook
16:50:58 INFO  ProfileMatch              :             category: SocialMedia
16:50:58 INFO  ProfileMatch              :              version: 11.3.0  [OLD VERSION]
16:50:58 INFO  ProfileMatch              :         release-date: 07.09.2021
16:50:58 INFO  ProfileMatch              :     lib root package: "com.facebook.all"  (in app: "com.itextpdf.text.pdf.fonts")
16:50:58 INFO  ProfileMatch              : 
16:50:58 INFO  ProfileMatch              :                 name: Facebook
16:50:58 INFO  ProfileMatch              :             category: SocialMedia
16:50:58 INFO  ProfileMatch              :              version: 12.0.0  [OLD VERSION]
16:50:58 INFO  ProfileMatch              :         release-date: 05.10.2021
16:50:58 INFO  ProfileMatch              :     lib root package: "com.facebook.all"  (in app: "com.itextpdf.text.pdf.fonts")
16:50:58 INFO  ProfileMatch              : 
16:50:58 INFO  ProfileMatch              :                 name: Facebook
16:50:58 INFO  ProfileMatch              :             category: SocialMedia
16:50:58 INFO  ProfileMatch              :              version: 12.0.1  [OLD VERSION]
16:50:58 INFO  ProfileMatch              :         release-date: 13.10.2021
16:50:58 INFO  ProfileMatch              :     lib root package: "com.facebook.all"  (in app: "com.itextpdf.text.pdf.fonts")
16:50:58 INFO  ProfileMatch              : 
16:50:58 INFO  ProfileMatch              :                 name: Facebook
16:50:58 INFO  ProfileMatch              :             category: SocialMedia
16:50:58 INFO  ProfileMatch              :              version: 12.1.0  [OLD VERSION]
16:50:58 INFO  ProfileMatch              :         release-date: 01.11.2021
16:50:58 INFO  ProfileMatch              :     lib root package: "com.facebook.all"  (in app: "com.itextpdf.text.pdf.fonts")
16:50:58 INFO  ProfileMatch              : 
16:50:58 INFO  ProfileMatch              :                 name: Facebook
16:50:58 INFO  ProfileMatch              :             category: SocialMedia
16:50:58 INFO  ProfileMatch              :              version: 12.2.0  [OLD VERSION]
16:50:58 INFO  ProfileMatch              :         release-date: 06.12.2021
16:50:58 INFO  ProfileMatch              :     lib root package: "com.facebook.all"  (in app: "com.itextpdf.text.pdf.fonts")
16:50:58 INFO  ProfileMatch              : 
16:50:58 INFO  ProfileMatch              :                 name: Facebook
16:50:58 INFO  ProfileMatch              :             category: SocialMedia
16:50:58 INFO  ProfileMatch              :              version: 12.3.0  [OLD VERSION]
16:50:58 INFO  ProfileMatch              :         release-date: 10.01.2022
16:50:58 INFO  ProfileMatch              :     lib root package: "com.facebook.all"  (in app: "com.itextpdf.text.pdf.fonts")
16:50:58 INFO  ProfileMatch              : 
16:50:58 INFO  ProfileMatch              :                 name: Facebook
16:50:58 INFO  ProfileMatch              :             category: SocialMedia
16:50:58 INFO  ProfileMatch              :              version: 13.0.0  [OLD VERSION]
16:50:58 INFO  ProfileMatch              :         release-date: 23.02.2022
16:50:58 INFO  ProfileMatch              :     lib root package: "com.facebook.all"  (in app: "com.itextpdf.text.pdf.fonts")
16:50:58 INFO  ProfileMatch              : 
16:50:58 INFO  ProfileMatch              :                 name: Facebook
16:50:58 INFO  ProfileMatch              :             category: SocialMedia
16:50:58 INFO  ProfileMatch              :              version: 13.1.0  [OLD VERSION]
16:50:58 INFO  ProfileMatch              :         release-date: 21.03.2022
16:50:58 INFO  ProfileMatch              :     lib root package: "com.facebook.all"  (in app: "com.itextpdf.text.pdf.fonts")
16:50:58 INFO  ProfileMatch              : 
16:50:58 INFO  ProfileMatch              :                 name: Facebook
16:50:58 INFO  ProfileMatch              :             category: SocialMedia
16:50:58 INFO  ProfileMatch              :              version: 13.2.0  [OLD VERSION]
16:50:58 INFO  ProfileMatch              :         release-date: 22.04.2022
16:50:58 INFO  ProfileMatch              :     lib root package: "com.facebook.all"  (in app: "com.itextpdf.text.pdf.fonts")
16:50:58 INFO  ProfileMatch              : 
16:50:58 INFO  ProfileMatch              :                 name: Facebook
16:50:58 INFO  ProfileMatch              :             category: SocialMedia
16:50:58 INFO  ProfileMatch              :              version: 14.0.0
16:50:58 INFO  ProfileMatch              :         release-date: 14.06.2022
16:50:58 INFO  ProfileMatch              :     lib root package: "com.facebook.all"  (in app: "com.itextpdf.text.pdf.fonts")
16:50:58 INFO  ProfileMatch              : 
16:50:58 INFO  LibraryIdentifier         : 
16:50:58 INFO  LibraryIdentifier         : - Partial library matches:
16:50:59 INFO  LibraryIdentifier         : 
16:50:59 INFO  LibraryIdentifier         : App processing time: 2 min, 5 sec, 968 ms
