17:23:00 INFO  LibraryIdentifier         : Process app: org.ebur.debitum_14.apk
17:23:00 INFO  LibraryIdentifier         : = Manifest Parser =
17:23:00 INFO  LibraryIdentifier         :         Package name: org.ebur.debitum
17:23:00 INFO  LibraryIdentifier         :         Version code: 14
17:23:00 INFO  LibraryIdentifier         :        minSdkVersion: 24
17:23:00 INFO  LibraryIdentifier         :     targetSdkVersion: 30
17:23:00 INFO  LibraryIdentifier         :         SharedUserId:  - none -
17:23:00 INFO  LibraryIdentifier         :     Library dependencies:  - none -
17:23:00 INFO  LibraryIdentifier         : 
17:23:00 INFO  LibraryIdentifier         : Found 402 unique libraries in 12405 library profiles
17:23:01 INFO  LibraryIdentifier         : Generated class hierarchy (in 706 ms)
17:23:01 INFO  WalaUtils                 : 
17:23:01 INFO  WalaUtils                 : = ClassHierarchy Stats =
17:23:01 INFO  WalaUtils                 :     # of classes: 3334
17:23:01 INFO  WalaUtils                 :     # thereof inner classes: 1976
17:23:01 INFO  WalaUtils                 :     # thereof public classes: 1582
17:23:01 INFO  WalaUtils                 :         Activity : 5
17:23:01 INFO  WalaUtils                 :         Application : 0
17:23:01 INFO  WalaUtils                 :         AsyncTask : 4
17:23:01 INFO  WalaUtils                 :         BroadcastReceiver : 3
17:23:01 INFO  WalaUtils                 :         ContentProvider : 1
17:23:01 INFO  WalaUtils                 :         Fragment : 6
17:23:01 INFO  WalaUtils                 :         Handler : 6
17:23:01 INFO  WalaUtils                 :         LayoutContainer : 88
17:23:01 INFO  WalaUtils                 :         Plain : 3162
17:23:01 INFO  WalaUtils                 :         Runnable : 0
17:23:01 INFO  WalaUtils                 :         Service : 3
17:23:01 INFO  WalaUtils                 :         Thread : 1
17:23:01 INFO  WalaUtils                 :         View : 55
17:23:01 INFO  WalaUtils                 :     # methods: 26590
17:23:01 INFO  WalaUtils                 :         # of publicly accessible methods: 17600
17:23:01 INFO  WalaUtils                 :         # of non-accessible methods: 8990
17:23:01 INFO  WalaUtils                 : 
17:23:01 INFO  Profile                   : = PackageTree =
17:23:01 INFO  PackageTree               : Root Package: androidx
17:23:01 INFO  PackageTree               : └── Root
17:23:01 INFO  PackageTree               :     ├── androidx
17:23:01 INFO  PackageTree               :     │   ├── navigation (67)
17:23:01 INFO  PackageTree               :     │   │   ├── ui (14)
17:23:01 INFO  PackageTree               :     │   │   └── fragment (8)
17:23:01 INFO  PackageTree               :     │   ├── core
17:23:01 INFO  PackageTree               :     │   │   ├── view (132)
17:23:01 INFO  PackageTree               :     │   │   │   ├── accessibility (30)
17:23:01 INFO  PackageTree               :     │   │   │   ├── inputmethod (10)
17:23:01 INFO  PackageTree               :     │   │   │   └── animation (2)
17:23:01 INFO  PackageTree               :     │   │   ├── content (17)
17:23:01 INFO  PackageTree               :     │   │   │   ├── res (20)
17:23:01 INFO  PackageTree               :     │   │   │   └── pm (14)
17:23:01 INFO  PackageTree               :     │   │   ├── provider (31)
17:23:01 INFO  PackageTree               :     │   │   ├── app (108)
17:23:01 INFO  PackageTree               :     │   │   ├── os (24)
17:23:01 INFO  PackageTree               :     │   │   ├── location (20)
17:23:01 INFO  PackageTree               :     │   │   ├── hardware
17:23:01 INFO  PackageTree               :     │   │   │   ├── fingerprint (5)
17:23:01 INFO  PackageTree               :     │   │   │   └── display (1)
17:23:01 INFO  PackageTree               :     │   │   ├── telephony
17:23:01 INFO  PackageTree               :     │   │   │   └── mbms (1)
17:23:01 INFO  PackageTree               :     │   │   ├── graphics (24)
17:23:01 INFO  PackageTree               :     │   │   │   └── drawable (13)
17:23:01 INFO  PackageTree               :     │   │   ├── widget (30)
17:23:01 INFO  PackageTree               :     │   │   ├── util (15)
17:23:01 INFO  PackageTree               :     │   │   ├── internal
17:23:01 INFO  PackageTree               :     │   │   │   └── view (3)
17:23:01 INFO  PackageTree               :     │   │   ├── text (19)
17:23:01 INFO  PackageTree               :     │   │   │   └── util (6)
17:23:01 INFO  PackageTree               :     │   │   ├── accessibilityservice (1)
17:23:01 INFO  PackageTree               :     │   │   ├── database (2)
17:23:01 INFO  PackageTree               :     │   │   │   └── sqlite (1)
17:23:01 INFO  PackageTree               :     │   │   ├── net (8)
17:23:01 INFO  PackageTree               :     │   │   └── math (1)
17:23:01 INFO  PackageTree               :     │   ├── customview
17:23:01 INFO  PackageTree               :     │   │   ├── widget (13)
17:23:01 INFO  PackageTree               :     │   │   └── view (3)
17:23:01 INFO  PackageTree               :     │   ├── documentfile
17:23:01 INFO  PackageTree               :     │   │   └── provider (5)
17:23:01 INFO  PackageTree               :     │   ├── fragment
17:23:01 INFO  PackageTree               :     │   │   └── app (139)
17:23:01 INFO  PackageTree               :     │   ├── constraintlayout
17:23:01 INFO  PackageTree               :     │   │   ├── solver (18)
17:23:01 INFO  PackageTree               :     │   │   │   ├── widgets (17)
17:23:01 INFO  PackageTree               :     │   │   │   │   └── analyzer (21)
17:23:01 INFO  PackageTree               :     │   │   │   └── state (12)
17:23:01 INFO  PackageTree               :     │   │   │       └── helpers (7)
17:23:01 INFO  PackageTree               :     │   │   ├── motion
17:23:01 INFO  PackageTree               :     │   │   │   ├── widget (94)
17:23:01 INFO  PackageTree               :     │   │   │   └── utils (13)
17:23:01 INFO  PackageTree               :     │   │   ├── widget (28)
17:23:01 INFO  PackageTree               :     │   │   ├── utils
17:23:01 INFO  PackageTree               :     │   │   │   └── widget (9)
17:23:01 INFO  PackageTree               :     │   │   └── helper
17:23:01 INFO  PackageTree               :     │   │       └── widget (2)
17:23:01 INFO  PackageTree               :     │   ├── annotation (64)
17:23:01 INFO  PackageTree               :     │   │   └── experimental (3)
17:23:01 INFO  PackageTree               :     │   ├── appcompat
17:23:01 INFO  PackageTree               :     │   │   ├── widget (204)
17:23:01 INFO  PackageTree               :     │   │   ├── graphics
17:23:01 INFO  PackageTree               :     │   │   │   └── drawable (17)
17:23:01 INFO  PackageTree               :     │   │   ├── app (90)
17:23:01 INFO  PackageTree               :     │   │   ├── view (14)
17:23:01 INFO  PackageTree               :     │   │   │   └── menu (45)
17:23:01 INFO  PackageTree               :     │   │   ├── content
17:23:01 INFO  PackageTree               :     │   │   │   └── res (2)
17:23:01 INFO  PackageTree               :     │   │   └── text (1)
17:23:01 INFO  PackageTree               :     │   ├── recyclerview
17:23:01 INFO  PackageTree               :     │   │   ├── selection (80)
17:23:01 INFO  PackageTree               :     │   │   └── widget (175)
17:23:01 INFO  PackageTree               :     │   ├── preference (96)
17:23:01 INFO  PackageTree               :     │   │   └── internal (1)
17:23:01 INFO  PackageTree               :     │   ├── room (101)
17:23:01 INFO  PackageTree               :     │   │   ├── util (13)
17:23:01 INFO  PackageTree               :     │   │   ├── migration (2)
17:23:01 INFO  PackageTree               :     │   │   └── paging (2)
17:23:01 INFO  PackageTree               :     │   ├── transition (135)
17:23:01 INFO  PackageTree               :     │   ├── viewpager
17:23:01 INFO  PackageTree               :     │   │   └── widget (24)
17:23:01 INFO  PackageTree               :     │   ├── cursoradapter
17:23:01 INFO  PackageTree               :     │   │   └── widget (9)
17:23:01 INFO  PackageTree               :     │   ├── dynamicanimation
17:23:01 INFO  PackageTree               :     │   │   └── animation (36)
17:23:01 INFO  PackageTree               :     │   ├── activity (16)
17:23:01 INFO  PackageTree               :     │   │   ├── result (15)
17:23:01 INFO  PackageTree               :     │   │   │   └── contract (17)
17:23:01 INFO  PackageTree               :     │   │   └── contextaware (3)
17:23:01 INFO  PackageTree               :     │   ├── coordinatorlayout
17:23:01 INFO  PackageTree               :     │   │   └── widget (14)
17:23:01 INFO  PackageTree               :     │   ├── loader
17:23:01 INFO  PackageTree               :     │   │   ├── app (7)
17:23:01 INFO  PackageTree               :     │   │   └── content (15)
17:23:01 INFO  PackageTree               :     │   ├── viewpager2
17:23:01 INFO  PackageTree               :     │   │   ├── adapter (13)
17:23:01 INFO  PackageTree               :     │   │   └── widget (32)
17:23:01 INFO  PackageTree               :     │   ├── savedstate (9)
17:23:01 INFO  PackageTree               :     │   ├── arch
17:23:01 INFO  PackageTree               :     │   │   └── core
17:23:01 INFO  PackageTree               :     │   │       ├── executor (6)
17:23:01 INFO  PackageTree               :     │   │       ├── internal (8)
17:23:01 INFO  PackageTree               :     │   │       └── util (1)
17:23:01 INFO  PackageTree               :     │   ├── vectordrawable
17:23:01 INFO  PackageTree               :     │   │   └── graphics
17:23:01 INFO  PackageTree               :     │   │       └── drawable (24)
17:23:01 INFO  PackageTree               :     │   ├── lifecycle (66)
17:23:01 INFO  PackageTree               :     │   ├── cardview
17:23:01 INFO  PackageTree               :     │   │   └── widget (12)
17:23:01 INFO  PackageTree               :     │   ├── legacy
17:23:01 INFO  PackageTree               :     │   │   └── content (1)
17:23:01 INFO  PackageTree               :     │   ├── versionedparcelable (15)
17:23:01 INFO  PackageTree               :     │   ├── print (7)
17:23:01 INFO  PackageTree               :     │   ├── sqlite
17:23:01 INFO  PackageTree               :     │   │   └── db (11)
17:23:01 INFO  PackageTree               :     │   │       └── framework (9)
17:23:01 INFO  PackageTree               :     │   ├── collection (17)
17:23:01 INFO  PackageTree               :     │   ├── drawerlayout
17:23:01 INFO  PackageTree               :     │   │   └── widget (12)
17:23:01 INFO  PackageTree               :     │   ├── localbroadcastmanager
17:23:01 INFO  PackageTree               :     │   │   └── content (4)
17:23:01 INFO  PackageTree               :     │   ├── interpolator
17:23:01 INFO  PackageTree               :     │   │   └── view
17:23:01 INFO  PackageTree               :     │   │       └── animation (4)
17:23:01 INFO  PackageTree               :     │   └── tracing (3)
17:23:01 INFO  PackageTree               :     ├── com
17:23:01 INFO  PackageTree               :     │   └── google
17:23:01 INFO  PackageTree               :     │       └── android
17:23:01 INFO  PackageTree               :     │           └── material
17:23:01 INFO  PackageTree               :     │               ├── textfield (51)
17:23:01 INFO  PackageTree               :     │               ├── timepicker (42)
17:23:01 INFO  PackageTree               :     │               ├── transition (51)
17:23:01 INFO  PackageTree               :     │               │   └── platform (57)
17:23:01 INFO  PackageTree               :     │               ├── snackbar (41)
17:23:01 INFO  PackageTree               :     │               ├── internal (68)
17:23:01 INFO  PackageTree               :     │               ├── appbar (30)
17:23:01 INFO  PackageTree               :     │               ├── tabs (27)
17:23:01 INFO  PackageTree               :     │               ├── datepicker (69)
17:23:01 INFO  PackageTree               :     │               ├── behavior (7)
17:23:01 INFO  PackageTree               :     │               ├── transformation (15)
17:23:01 INFO  PackageTree               :     │               ├── bottomsheet (22)
17:23:01 INFO  PackageTree               :     │               ├── shape (39)
17:23:01 INFO  PackageTree               :     │               ├── floatingactionbutton (43)
17:23:01 INFO  PackageTree               :     │               ├── button (14)
17:23:01 INFO  PackageTree               :     │               ├── bottomappbar (19)
17:23:01 INFO  PackageTree               :     │               ├── dialog (3)
17:23:01 INFO  PackageTree               :     │               ├── progressindicator (38)
17:23:01 INFO  PackageTree               :     │               ├── card (4)
17:23:01 INFO  PackageTree               :     │               ├── chip (11)
17:23:01 INFO  PackageTree               :     │               ├── slider (21)
17:23:01 INFO  PackageTree               :     │               ├── navigation (22)
17:23:01 INFO  PackageTree               :     │               ├── elevation (1)
17:23:01 INFO  PackageTree               :     │               ├── shadow (3)
17:23:01 INFO  PackageTree               :     │               ├── resources (9)
17:23:01 INFO  PackageTree               :     │               ├── animation (11)
17:23:01 INFO  PackageTree               :     │               ├── bottomnavigation (6)
17:23:01 INFO  PackageTree               :     │               ├── badge (8)
17:23:01 INFO  PackageTree               :     │               ├── theme (1)
17:23:01 INFO  PackageTree               :     │               │   └── overlay (1)
17:23:01 INFO  PackageTree               :     │               ├── navigationrail (3)
17:23:01 INFO  PackageTree               :     │               ├── circularreveal (14)
17:23:01 INFO  PackageTree               :     │               │   ├── coordinatorlayout (1)
17:23:01 INFO  PackageTree               :     │               │   └── cardview (1)
17:23:01 INFO  PackageTree               :     │               ├── tooltip (2)
17:23:01 INFO  PackageTree               :     │               ├── expandable (3)
17:23:01 INFO  PackageTree               :     │               ├── math (1)
17:23:01 INFO  PackageTree               :     │               ├── ripple (3)
17:23:01 INFO  PackageTree               :     │               ├── imageview (2)
17:23:01 INFO  PackageTree               :     │               ├── stateful (2)
17:23:01 INFO  PackageTree               :     │               ├── drawable (1)
17:23:01 INFO  PackageTree               :     │               ├── radiobutton (1)
17:23:01 INFO  PackageTree               :     │               ├── textview (1)
17:23:01 INFO  PackageTree               :     │               ├── canvas (1)
17:23:01 INFO  PackageTree               :     │               ├── color (1)
17:23:01 INFO  PackageTree               :     │               ├── switchmaterial (1)
17:23:01 INFO  PackageTree               :     │               └── checkbox (1)
17:23:01 INFO  PackageTree               :     ├── org
17:23:01 INFO  PackageTree               :     │   └── ebur
17:23:01 INFO  PackageTree               :     │       └── debitum
17:23:01 INFO  PackageTree               :     │           ├── ui (5)
17:23:01 INFO  PackageTree               :     │           │   ├── list (20)
17:23:01 INFO  PackageTree               :     │           │   └── edit_transaction (7)
17:23:01 INFO  PackageTree               :     │           ├── database (38)
17:23:01 INFO  PackageTree               :     │           ├── viewModel (9)
17:23:01 INFO  PackageTree               :     │           └── util (5)
17:23:01 INFO  PackageTree               :     └── android
17:23:01 INFO  PackageTree               :         └── support
17:23:01 INFO  PackageTree               :             └── v4
17:23:01 INFO  PackageTree               :                 ├── os (8)
17:23:01 INFO  PackageTree               :                 ├── app (5)
17:23:01 INFO  PackageTree               :                 └── graphics
17:23:01 INFO  PackageTree               :                     └── drawable (1)
17:23:01 INFO  Profile                   : 
17:23:01 INFO  AppProfile                : - generated app package tree (in 30 ms)
17:23:01 INFO  AppProfile                : 
17:23:01 DEBUG HashTree                  : Generate hash tree..
17:23:02 DEBUG HashTree                  :     - generated 146 package hashes.
17:23:02 DEBUG HashTree                  :     - generated 3157 clazz hashes.
17:23:02 DEBUG HashTree                  :     - generated 26590 method hashes.
17:23:02 DEBUG HashTree                  :     => Library Hash: f4edc1f5972c9a1e56e824bbfee4ef60
17:23:02 INFO  AppProfile                : - generated app hash trees (in 470 ms)
17:23:02 INFO  AppProfile                : 
17:23:02 INFO  LibraryIdentifier         : = Scan for library root packages (heuristic) =
17:23:02 INFO  LibraryIdentifier         :     - Found lib root package androidx.navigation  (android.arch.navigation::navigation-common)
17:23:02 INFO  LibraryIdentifier         :     - Found lib root package androidx.navigation  (android.arch.navigation::navigation-common-ktx)
17:23:02 INFO  LibraryIdentifier         :     - Found lib root package androidx.navigation.fragment  (android.arch.navigation::navigation-fragment)
17:23:02 INFO  LibraryIdentifier         :     - Found lib root package androidx.navigation.fragment  (android.arch.navigation::navigation-fragment-ktx)
17:23:02 INFO  LibraryIdentifier         :     - Found lib root package androidx.navigation  (android.arch.navigation::navigation-runtime)
17:23:02 INFO  LibraryIdentifier         :     - Found lib root package androidx.navigation  (android.arch.navigation::navigation-runtime-ktx)
17:23:02 INFO  LibraryIdentifier         :     - Found lib root package androidx.navigation.ui  (android.arch.navigation::navigation-ui)
17:23:02 INFO  LibraryIdentifier         :     - Found lib root package androidx.navigation.ui  (android.arch.navigation::navigation-ui-ktx)
17:23:02 INFO  LibraryIdentifier         :     - Found lib root package androidx.annotation  (androidx.annotation::annotation)
17:23:02 INFO  LibraryIdentifier         :     - Found lib root package androidx.appcompat  (androidx.appcompat::appcompat)
17:23:02 INFO  LibraryIdentifier         :     - Found lib root package androidx.arch.core  (androidx.arch.core::core-common)
17:23:02 INFO  LibraryIdentifier         :     - Found lib root package androidx.arch.core.executor  (androidx.arch.core::core-runtime)
17:23:02 INFO  LibraryIdentifier         :     - Found lib root package androidx.cardview.widget  (androidx.cardview::cardview)
17:23:02 INFO  LibraryIdentifier         :     - Found lib root package androidx.collection  (androidx.collection::collection)
17:23:02 INFO  LibraryIdentifier         :     - Found lib root package androidx.collection  (androidx.collection::collection-ktx)
17:23:02 INFO  LibraryIdentifier         :     - Found lib root package androidx.constraintlayout.widget  (androidx.constraintlayout::constraintlayout)
17:23:02 INFO  LibraryIdentifier         :     - Found lib root package androidx.constraintlayout.solver  (androidx.constraintlayout::constraintlayout-solver)
17:23:02 INFO  LibraryIdentifier         :     - Found lib root package androidx.coordinatorlayout.widget  (androidx.coordinatorlayout::coordinatorlayout)
17:23:02 INFO  LibraryIdentifier         :     - Found lib root package androidx.core  (androidx.core::core)
17:23:02 INFO  LibraryIdentifier         :     - Found lib root package androidx  (androidx.core::core-ktx)
17:23:02 INFO  LibraryIdentifier         :     - Found lib root package androidx.cursoradapter.widget  (androidx.cursoradapter::cursoradapter)
17:23:02 INFO  LibraryIdentifier         :     - Found lib root package androidx.customview  (androidx.customview::customview)
17:23:02 INFO  LibraryIdentifier         :     - Found lib root package androidx.documentfile.provider  (androidx.documentfile::documentfile)
17:23:02 INFO  LibraryIdentifier         :     - Found lib root package androidx.drawerlayout.widget  (androidx.drawerlayout::drawerlayout)
17:23:02 INFO  LibraryIdentifier         :     - Found lib root package androidx.dynamicanimation.animation  (androidx.dynamicanimation::dynamicanimation)
17:23:02 INFO  LibraryIdentifier         :     - Found lib root package androidx.fragment.app  (androidx.fragment::fragment)
17:23:02 INFO  LibraryIdentifier         :     - Found lib root package androidx.fragment.app  (androidx.fragment::fragment-ktx)
17:23:02 INFO  LibraryIdentifier         :     - Found lib root package androidx.interpolator.view.animation  (androidx.interpolator::interpolator)
17:23:02 INFO  LibraryIdentifier         :     - Found lib root package androidx.legacy  (androidx.legacy::legacy-support-core-ui)
17:23:02 INFO  LibraryIdentifier         :     - Found lib root package androidx.legacy.content  (androidx.legacy::legacy-support-core-utils)
17:23:02 INFO  LibraryIdentifier         :     - Found lib root package androidx.legacy  (androidx.legacy::legacy-support-v13)
17:23:02 INFO  LibraryIdentifier         :     - Found lib root package androidx.lifecycle  (androidx.lifecycle::lifecycle-common)
17:23:02 INFO  LibraryIdentifier         :     - Found lib root package androidx.lifecycle  (androidx.lifecycle::lifecycle-common-java8)
17:23:02 INFO  LibraryIdentifier         :     - Found lib root package androidx.lifecycle  (androidx.lifecycle::lifecycle-compiler)
17:23:02 INFO  LibraryIdentifier         :     - Found lib root package androidx.lifecycle  (androidx.lifecycle::lifecycle-extensions)
17:23:02 INFO  LibraryIdentifier         :     - Found lib root package androidx.lifecycle  (androidx.lifecycle::lifecycle-livedata)
17:23:02 INFO  LibraryIdentifier         :     - Found lib root package androidx.lifecycle  (androidx.lifecycle::lifecycle-livedata-core)
17:23:02 INFO  LibraryIdentifier         :     - Found lib root package androidx.lifecycle  (androidx.lifecycle::lifecycle-process)
17:23:02 INFO  LibraryIdentifier         :     - Found lib root package androidx.lifecycle  (androidx.lifecycle::lifecycle-reactivestreams)
17:23:02 INFO  LibraryIdentifier         :     - Found lib root package androidx.lifecycle  (androidx.lifecycle::lifecycle-reactivestreams-ktx)
17:23:02 INFO  LibraryIdentifier         :     - Found lib root package androidx.lifecycle  (androidx.lifecycle::lifecycle-runtime)
17:23:02 INFO  LibraryIdentifier         :     - Found lib root package androidx.lifecycle  (androidx.lifecycle::lifecycle-service)
17:23:02 INFO  LibraryIdentifier         :     - Found lib root package androidx.lifecycle  (androidx.lifecycle::lifecycle-viewmodel)
17:23:02 INFO  LibraryIdentifier         :     - Found lib root package androidx.lifecycle  (androidx.lifecycle::lifecycle-viewmodel-ktx)
17:23:02 INFO  LibraryIdentifier         :     - Found lib root package androidx.loader  (androidx.loader::loader)
17:23:02 INFO  LibraryIdentifier         :     - Found lib root package androidx.localbroadcastmanager.content  (androidx.localbroadcastmanager::localbroadcastmanager)
17:23:02 INFO  LibraryIdentifier         :     - Found lib root package androidx.preference  (androidx.preference::preference)
17:23:02 INFO  LibraryIdentifier         :     - Found lib root package androidx.preference  (androidx.preference::preference-ktx)
17:23:02 INFO  LibraryIdentifier         :     - Found lib root package androidx.print  (androidx.print::print)
17:23:02 INFO  LibraryIdentifier         :     - Found lib root package androidx.recyclerview.widget  (androidx.recyclerview::recyclerview)
17:23:02 INFO  LibraryIdentifier         :     - Found lib root package androidx.recyclerview.selection  (androidx.recyclerview::recyclerview-selection)
17:23:02 INFO  LibraryIdentifier         :     - Found lib root package androidx.room  (androidx.room::room-common)
17:23:02 INFO  LibraryIdentifier         :     - Found lib root package androidx.room  (androidx.room::room-compiler)
17:23:02 INFO  LibraryIdentifier         :     - Found lib root package androidx.room  (androidx.room::room-runtime)
17:23:02 INFO  LibraryIdentifier         :     - Found lib root package androidx.room  (androidx.room::room-rxjava2)
17:23:02 INFO  LibraryIdentifier         :     - Found lib root package androidx.sqlite.db  (androidx.sqlite::sqlite)
17:23:02 INFO  LibraryIdentifier         :     - Found lib root package androidx.sqlite.db.framework  (androidx.sqlite::sqlite-framework)
17:23:02 INFO  LibraryIdentifier         :     - Found lib root package androidx.sqlite.db  (androidx.sqlite::sqlite-ktx)
17:23:02 INFO  LibraryIdentifier         :     - Found lib root package androidx.transition  (androidx.transition::transition)
17:23:02 INFO  LibraryIdentifier         :     - Found lib root package androidx.vectordrawable.graphics.drawable  (androidx.vectordrawable::vectordrawable)
17:23:02 INFO  LibraryIdentifier         :     - Found lib root package androidx.vectordrawable.graphics.drawable  (androidx.vectordrawable::vectordrawable-animated)
17:23:02 INFO  LibraryIdentifier         :     - Found lib root package androidx.versionedparcelable  (androidx.versionedparcelable::versionedparcelable)
17:23:02 INFO  LibraryIdentifier         :     - Found lib root package androidx.viewpager.widget  (androidx.viewpager::viewpager)
17:23:02 INFO  LibraryIdentifier         :     - Found lib root package android.support.v4  (com.android.support::customview)
17:23:02 INFO  LibraryIdentifier         :     - Found lib root package android.support.v4  (com.android.support::loader)
17:23:02 INFO  LibraryIdentifier         :     - Found lib root package androidx.recyclerview.selection  (com.android.support::recyclerview-selection)
17:23:02 INFO  LibraryIdentifier         :     - Found lib root package android.support.v4  (com.android.support::support-compat)
17:23:02 INFO  LibraryIdentifier         :     - Found lib root package android.support.v4  (com.android.support::support-core-ui)
17:23:02 INFO  LibraryIdentifier         :     - Found lib root package android.support.v4  (com.android.support::support-core-utils)
17:23:02 INFO  LibraryIdentifier         :     - Found lib root package android.support.v4.app  (com.android.support::support-fragment)
17:23:02 INFO  LibraryIdentifier         :     - Found lib root package android.support.v4  (com.android.support::support-v4)
17:23:02 INFO  LibraryIdentifier         :     - Found lib root package androidx.versionedparcelable  (com.android.support::versionedparcelable)
17:23:02 INFO  LibraryIdentifier         :     - Found lib root package com.google.android.material  (com.google.android.material::material)
17:23:02 INFO  LibraryIdentifier         : 
17:23:02 INFO  LibraryIdentifier         : = Match profiles =
17:23:46 INFO  LibraryIdentifier         :     >> profile matching done (44 sec, 26 ms)
17:23:46 INFO  LibraryIdentifier         : 
17:23:46 INFO  LibraryIdentifier         : == Report ==
17:23:46 INFO  LibraryIdentifier         : - Full library matches:
17:23:46 INFO  ProfileMatch              :                 name: androidx.customview::customview
17:23:46 INFO  ProfileMatch              :             category: Android
17:23:46 INFO  ProfileMatch              :              version: 1.1.0
17:23:46 INFO  ProfileMatch              :         release-date:  --
17:23:46 INFO  ProfileMatch              :     lib root package: "androidx.customview"
17:23:46 INFO  ProfileMatch              : 
17:23:46 INFO  ProfileMatch              :                 name: androidx.appcompat::appcompat
17:23:46 INFO  ProfileMatch              :             category: Android
17:23:46 INFO  ProfileMatch              :              version: 1.3.0  [OLD VERSION]
17:23:46 INFO  ProfileMatch              :         release-date:  --
17:23:46 INFO  ProfileMatch              :     lib root package: "androidx.appcompat"
17:23:46 INFO  ProfileMatch              : 
17:23:46 INFO  ProfileMatch              :                 name: androidx.appcompat::appcompat
17:23:46 INFO  ProfileMatch              :             category: Android
17:23:46 INFO  ProfileMatch              :              version: 1.3.1  [OLD VERSION]
17:23:46 INFO  ProfileMatch              :         release-date:  --
17:23:46 INFO  ProfileMatch              :     lib root package: "androidx.appcompat"
17:23:46 INFO  ProfileMatch              : 
17:23:46 INFO  ProfileMatch              :                 name: androidx.cursoradapter::cursoradapter
17:23:46 INFO  ProfileMatch              :             category: Android
17:23:46 INFO  ProfileMatch              :              version: 1.0.0
17:23:46 INFO  ProfileMatch              :         release-date:  --
17:23:46 INFO  ProfileMatch              :     lib root package: "androidx.cursoradapter.widget"
17:23:46 INFO  ProfileMatch              : 
17:23:46 INFO  ProfileMatch              :                 name: androidx.room::room-common
17:23:46 INFO  ProfileMatch              :             category: Android
17:23:46 INFO  ProfileMatch              :              version: 2.3.0  [OLD VERSION]
17:23:46 INFO  ProfileMatch              :         release-date:  --
17:23:46 INFO  ProfileMatch              :     lib root package: "androidx.room"
17:23:46 INFO  ProfileMatch              : 
17:23:46 INFO  ProfileMatch              :                 name: androidx.recyclerview::recyclerview
17:23:46 INFO  ProfileMatch              :             category: Android
17:23:46 INFO  ProfileMatch              :              version: 1.1.0  [OLD VERSION]
17:23:46 INFO  ProfileMatch              :         release-date:  --
17:23:46 INFO  ProfileMatch              :     lib root package: "androidx.recyclerview.widget"
17:23:46 INFO  ProfileMatch              : 
17:23:46 INFO  ProfileMatch              :                 name: com.android.support::loader
17:23:46 INFO  ProfileMatch              :             category: Android
17:23:46 INFO  ProfileMatch              :              version: 28.0.0
17:23:46 INFO  ProfileMatch              :         release-date:  --
17:23:46 INFO  ProfileMatch              :     lib root package: "android.support.v4"  (in app: "androidx.loader")
17:23:46 INFO  ProfileMatch              : 
17:23:46 INFO  ProfileMatch              :                 name: androidx.constraintlayout::constraintlayout-solver
17:23:46 INFO  ProfileMatch              :             category: Android
17:23:46 INFO  ProfileMatch              :              version: 2.0.3  [OLD VERSION]
17:23:46 INFO  ProfileMatch              :         release-date:  --
17:23:46 INFO  ProfileMatch              :     lib root package: "androidx.constraintlayout.solver"
17:23:46 INFO  ProfileMatch              : 
17:23:46 INFO  ProfileMatch              :                 name: androidx.constraintlayout::constraintlayout-solver
17:23:46 INFO  ProfileMatch              :             category: Android
17:23:46 INFO  ProfileMatch              :              version: 2.0.4
17:23:46 INFO  ProfileMatch              :         release-date:  --
17:23:46 INFO  ProfileMatch              :     lib root package: "androidx.constraintlayout.solver"
17:23:46 INFO  ProfileMatch              : 
17:23:46 INFO  ProfileMatch              :                 name: androidx.annotation::annotation
17:23:46 INFO  ProfileMatch              :             category: Android
17:23:46 INFO  ProfileMatch              :              version: 1.0.1  [OLD VERSION]
17:23:46 INFO  ProfileMatch              :         release-date:  --
17:23:46 INFO  ProfileMatch              :     lib root package: "androidx.annotation"
17:23:46 INFO  ProfileMatch              : 
17:23:46 INFO  ProfileMatch              :                 name: androidx.annotation::annotation
17:23:46 INFO  ProfileMatch              :             category: Android
17:23:46 INFO  ProfileMatch              :              version: 1.0.2  [OLD VERSION]
17:23:46 INFO  ProfileMatch              :         release-date:  --
17:23:46 INFO  ProfileMatch              :     lib root package: "androidx.annotation"
17:23:46 INFO  ProfileMatch              : 
17:23:46 INFO  ProfileMatch              :                 name: androidx.annotation::annotation
17:23:46 INFO  ProfileMatch              :             category: Android
17:23:46 INFO  ProfileMatch              :              version: 1.1.0  [OLD VERSION]
17:23:46 INFO  ProfileMatch              :         release-date:  --
17:23:46 INFO  ProfileMatch              :     lib root package: "androidx.annotation"
17:23:46 INFO  ProfileMatch              : 
17:23:46 INFO  ProfileMatch              :                 name: androidx.annotation::annotation
17:23:46 INFO  ProfileMatch              :             category: Android
17:23:46 INFO  ProfileMatch              :              version: 1.2.0  [OLD VERSION]
17:23:46 INFO  ProfileMatch              :         release-date:  --
17:23:46 INFO  ProfileMatch              :     lib root package: "androidx.annotation"
17:23:46 INFO  ProfileMatch              : 
17:23:46 INFO  ProfileMatch              :                 name: androidx.annotation::annotation
17:23:46 INFO  ProfileMatch              :             category: Android
17:23:46 INFO  ProfileMatch              :              version: 1.3.0  [OLD VERSION]
17:23:46 INFO  ProfileMatch              :         release-date:  --
17:23:46 INFO  ProfileMatch              :     lib root package: "androidx.annotation"
17:23:46 INFO  ProfileMatch              : 
17:23:46 INFO  ProfileMatch              :                 name: androidx.annotation::annotation
17:23:46 INFO  ProfileMatch              :             category: Android
17:23:46 INFO  ProfileMatch              :              version: 1.4.0
17:23:46 INFO  ProfileMatch              :         release-date:  --
17:23:46 INFO  ProfileMatch              :     lib root package: "androidx.annotation"
17:23:46 INFO  ProfileMatch              : 
17:23:46 INFO  ProfileMatch              :                 name: androidx.preference::preference
17:23:46 INFO  ProfileMatch              :             category: Android
17:23:46 INFO  ProfileMatch              :              version: 1.1.0  [OLD VERSION]
17:23:46 INFO  ProfileMatch              :         release-date:  --
17:23:46 INFO  ProfileMatch              :     lib root package: "androidx.preference"
17:23:46 INFO  ProfileMatch              : 
17:23:46 INFO  ProfileMatch              :                 name: androidx.preference::preference
17:23:46 INFO  ProfileMatch              :             category: Android
17:23:46 INFO  ProfileMatch              :              version: 1.1.1  [OLD VERSION]
17:23:46 INFO  ProfileMatch              :         release-date:  --
17:23:46 INFO  ProfileMatch              :     lib root package: "androidx.preference"
17:23:46 INFO  ProfileMatch              : 
17:23:46 INFO  ProfileMatch              :                 name: androidx.coordinatorlayout::coordinatorlayout
17:23:46 INFO  ProfileMatch              :             category: Android
17:23:46 INFO  ProfileMatch              :              version: 1.1.0  [OLD VERSION]
17:23:46 INFO  ProfileMatch              :         release-date:  --
17:23:46 INFO  ProfileMatch              :     lib root package: "androidx.coordinatorlayout.widget"
17:23:46 INFO  ProfileMatch              : 
17:23:46 INFO  ProfileMatch              :                 name: com.android.support::localbroadcastmanager
17:23:46 INFO  ProfileMatch              :             category: Android
17:23:46 INFO  ProfileMatch              :              version: 28.0.0
17:23:46 INFO  ProfileMatch              :         release-date:  --
17:23:46 INFO  ProfileMatch              :     lib root package: "android.support.v4.content"  (in app: "androidx.localbroadcastmanager.content")
17:23:46 INFO  ProfileMatch              : 
17:23:46 INFO  ProfileMatch              :                 name: androidx.constraintlayout::constraintlayout
17:23:46 INFO  ProfileMatch              :             category: Android
17:23:46 INFO  ProfileMatch              :              version: 2.0.3  [OLD VERSION]
17:23:46 INFO  ProfileMatch              :         release-date:  --
17:23:46 INFO  ProfileMatch              :     lib root package: "androidx.constraintlayout"
17:23:46 INFO  ProfileMatch              : 
17:23:46 INFO  ProfileMatch              :                 name: androidx.constraintlayout::constraintlayout
17:23:46 INFO  ProfileMatch              :             category: Android
17:23:46 INFO  ProfileMatch              :              version: 2.0.4  [OLD VERSION]
17:23:46 INFO  ProfileMatch              :         release-date:  --
17:23:46 INFO  ProfileMatch              :     lib root package: "androidx.constraintlayout"
17:23:46 INFO  ProfileMatch              : 
17:23:46 INFO  ProfileMatch              :                 name: androidx.loader::loader
17:23:46 INFO  ProfileMatch              :             category: Android
17:23:46 INFO  ProfileMatch              :              version: 1.0.0  [OLD VERSION]
17:23:46 INFO  ProfileMatch              :         release-date:  --
17:23:46 INFO  ProfileMatch              :     lib root package: "androidx.loader"
17:23:46 INFO  ProfileMatch              : 
17:23:46 INFO  ProfileMatch              :                 name: androidx.cardview::cardview
17:23:46 INFO  ProfileMatch              :             category: Android
17:23:46 INFO  ProfileMatch              :              version: 1.0.0
17:23:46 INFO  ProfileMatch              :         release-date:  --
17:23:46 INFO  ProfileMatch              :     lib root package: "androidx.cardview.widget"
17:23:46 INFO  ProfileMatch              : 
17:23:46 INFO  ProfileMatch              :                 name: com.android.support::support-dynamic-animation
17:23:46 INFO  ProfileMatch              :             category: Android
17:23:46 INFO  ProfileMatch              :              version: 27.0.0  [OLD VERSION]
17:23:46 INFO  ProfileMatch              :         release-date:  --
17:23:46 INFO  ProfileMatch              :     lib root package: "android.support.animation"  (in app: "androidx.dynamicanimation.animation")
17:23:46 INFO  ProfileMatch              : 
17:23:46 INFO  ProfileMatch              :                 name: com.android.support::support-dynamic-animation
17:23:46 INFO  ProfileMatch              :             category: Android
17:23:46 INFO  ProfileMatch              :              version: 27.0.1  [OLD VERSION]
17:23:46 INFO  ProfileMatch              :         release-date:  --
17:23:46 INFO  ProfileMatch              :     lib root package: "android.support.animation"  (in app: "androidx.dynamicanimation.animation")
17:23:46 INFO  ProfileMatch              : 
17:23:46 INFO  ProfileMatch              :                 name: com.android.support::support-dynamic-animation
17:23:46 INFO  ProfileMatch              :             category: Android
17:23:46 INFO  ProfileMatch              :              version: 27.0.2  [OLD VERSION]
17:23:46 INFO  ProfileMatch              :         release-date:  --
17:23:46 INFO  ProfileMatch              :     lib root package: "android.support.animation"  (in app: "androidx.dynamicanimation.animation")
17:23:46 INFO  ProfileMatch              : 
17:23:46 INFO  ProfileMatch              :                 name: com.android.support::support-dynamic-animation
17:23:46 INFO  ProfileMatch              :             category: Android
17:23:46 INFO  ProfileMatch              :              version: 27.1.0  [OLD VERSION]
17:23:46 INFO  ProfileMatch              :         release-date:  --
17:23:46 INFO  ProfileMatch              :     lib root package: "android.support.animation"  (in app: "androidx.dynamicanimation.animation")
17:23:46 INFO  ProfileMatch              : 
17:23:46 INFO  ProfileMatch              :                 name: com.android.support::support-dynamic-animation
17:23:46 INFO  ProfileMatch              :             category: Android
17:23:46 INFO  ProfileMatch              :              version: 27.1.1  [OLD VERSION]
17:23:46 INFO  ProfileMatch              :         release-date:  --
17:23:46 INFO  ProfileMatch              :     lib root package: "android.support.animation"  (in app: "androidx.dynamicanimation.animation")
17:23:46 INFO  ProfileMatch              : 
17:23:46 INFO  ProfileMatch              :                 name: com.android.support::support-dynamic-animation
17:23:46 INFO  ProfileMatch              :             category: Android
17:23:46 INFO  ProfileMatch              :              version: 28.0.0
17:23:46 INFO  ProfileMatch              :         release-date:  --
17:23:46 INFO  ProfileMatch              :     lib root package: "android.support.animation"  (in app: "androidx.dynamicanimation.animation")
17:23:46 INFO  ProfileMatch              : 
17:23:46 INFO  ProfileMatch              :                 name: androidx.print::print
17:23:46 INFO  ProfileMatch              :             category: Android
17:23:46 INFO  ProfileMatch              :              version: 1.0.0
17:23:46 INFO  ProfileMatch              :         release-date:  --
17:23:46 INFO  ProfileMatch              :     lib root package: "androidx.print"
17:23:46 INFO  ProfileMatch              : 
17:23:46 INFO  ProfileMatch              :                 name: androidx.drawerlayout::drawerlayout
17:23:46 INFO  ProfileMatch              :             category: Android
17:23:46 INFO  ProfileMatch              :              version: 1.1.0  [OLD VERSION]
17:23:46 INFO  ProfileMatch              :         release-date:  --
17:23:46 INFO  ProfileMatch              :     lib root package: "androidx.drawerlayout.widget"
17:23:46 INFO  ProfileMatch              : 
17:23:46 INFO  ProfileMatch              :                 name: androidx.drawerlayout::drawerlayout
17:23:46 INFO  ProfileMatch              :             category: Android
17:23:46 INFO  ProfileMatch              :              version: 1.1.1
17:23:46 INFO  ProfileMatch              :         release-date:  --
17:23:46 INFO  ProfileMatch              :     lib root package: "androidx.drawerlayout.widget"
17:23:46 INFO  ProfileMatch              : 
17:23:46 INFO  ProfileMatch              :                 name: com.android.support::support-core-utils
17:23:46 INFO  ProfileMatch              :             category: Android
17:23:46 INFO  ProfileMatch              :              version: 28.0.0
17:23:46 INFO  ProfileMatch              :         release-date:  --
17:23:46 INFO  ProfileMatch              :     lib root package: "android.support.v4.content"  (in app: "androidx.legacy.content")
17:23:46 INFO  ProfileMatch              : 
17:23:46 INFO  ProfileMatch              :                 name: com.android.support::print
17:23:46 INFO  ProfileMatch              :             category: Android
17:23:46 INFO  ProfileMatch              :              version: 28.0.0
17:23:46 INFO  ProfileMatch              :         release-date:  --
17:23:46 INFO  ProfileMatch              :     lib root package: "android.support.v4.print"  (in app: "androidx.print")
17:23:46 INFO  ProfileMatch              : 
17:23:46 INFO  ProfileMatch              :                 name: androidx.sqlite::sqlite-framework
17:23:46 INFO  ProfileMatch              :             category: Android
17:23:46 INFO  ProfileMatch              :              version: 2.1.0  [OLD VERSION]
17:23:46 INFO  ProfileMatch              :         release-date:  --
17:23:46 INFO  ProfileMatch              :     lib root package: "androidx.sqlite.db.framework"
17:23:46 INFO  ProfileMatch              : 
17:23:46 INFO  ProfileMatch              :                 name: com.google.android.material::material
17:23:46 INFO  ProfileMatch              :             category: Android
17:23:46 INFO  ProfileMatch              :              version: 1.4.0  [OLD VERSION]
17:23:46 INFO  ProfileMatch              :         release-date:  --
17:23:46 INFO  ProfileMatch              :     lib root package: "com.google.android.material"
17:23:46 INFO  ProfileMatch              : 
17:23:46 INFO  ProfileMatch              :                 name: androidx.dynamicanimation::dynamicanimation
17:23:46 INFO  ProfileMatch              :             category: Android
17:23:46 INFO  ProfileMatch              :              version: 1.0.0
17:23:46 INFO  ProfileMatch              :         release-date:  --
17:23:46 INFO  ProfileMatch              :     lib root package: "androidx.dynamicanimation.animation"
17:23:46 INFO  ProfileMatch              : 
17:23:46 INFO  ProfileMatch              :                 name: androidx.recyclerview::recyclerview-selection
17:23:46 INFO  ProfileMatch              :             category: Android
17:23:46 INFO  ProfileMatch              :              version: 1.1.0
17:23:46 INFO  ProfileMatch              :         release-date:  --
17:23:46 INFO  ProfileMatch              :     lib root package: "androidx.recyclerview.selection"
17:23:46 INFO  ProfileMatch              : 
17:23:46 INFO  ProfileMatch              :                 name: androidx.arch.core::core-runtime
17:23:46 INFO  ProfileMatch              :             category: Android
17:23:46 INFO  ProfileMatch              :              version: 2.1.0
17:23:46 INFO  ProfileMatch              :         release-date:  --
17:23:46 INFO  ProfileMatch              :     lib root package: "androidx.arch.core.executor"
17:23:46 INFO  ProfileMatch              : 
17:23:46 INFO  ProfileMatch              :                 name: com.android.support.constraint::constraint-layout-solver
17:23:46 INFO  ProfileMatch              :             category: Android
17:23:46 INFO  ProfileMatch              :              version: 2.0.3  [OLD VERSION]
17:23:46 INFO  ProfileMatch              :         release-date:  --
17:23:46 INFO  ProfileMatch              :     lib root package: "android.support.constraint.solver"  (in app: "androidx.constraintlayout.solver")
17:23:46 INFO  ProfileMatch              : 
17:23:46 INFO  ProfileMatch              :                 name: com.android.support.constraint::constraint-layout-solver
17:23:46 INFO  ProfileMatch              :             category: Android
17:23:46 INFO  ProfileMatch              :              version: 2.0.4
17:23:46 INFO  ProfileMatch              :         release-date:  --
17:23:46 INFO  ProfileMatch              :     lib root package: "android.support.constraint.solver"  (in app: "androidx.constraintlayout.solver")
17:23:46 INFO  ProfileMatch              : 
17:23:46 INFO  ProfileMatch              :                 name: androidx.arch.core::core-common
17:23:46 INFO  ProfileMatch              :             category: Android
17:23:46 INFO  ProfileMatch              :              version: 2.0.0  [OLD VERSION]
17:23:46 INFO  ProfileMatch              :         release-date:  --
17:23:46 INFO  ProfileMatch              :     lib root package: "androidx.arch.core"
17:23:46 INFO  ProfileMatch              : 
17:23:46 INFO  ProfileMatch              :                 name: androidx.arch.core::core-common
17:23:46 INFO  ProfileMatch              :             category: Android
17:23:46 INFO  ProfileMatch              :              version: 2.0.1  [OLD VERSION]
17:23:46 INFO  ProfileMatch              :         release-date:  --
17:23:46 INFO  ProfileMatch              :     lib root package: "androidx.arch.core"
17:23:46 INFO  ProfileMatch              : 
17:23:46 INFO  ProfileMatch              :                 name: androidx.arch.core::core-common
17:23:46 INFO  ProfileMatch              :             category: Android
17:23:46 INFO  ProfileMatch              :              version: 2.1.0
17:23:46 INFO  ProfileMatch              :         release-date:  --
17:23:46 INFO  ProfileMatch              :     lib root package: "androidx.arch.core"
17:23:46 INFO  ProfileMatch              : 
17:23:46 INFO  ProfileMatch              :                 name: androidx.core::core
17:23:46 INFO  ProfileMatch              :             category: Android
17:23:46 INFO  ProfileMatch              :              version: 1.5.0  [OLD VERSION]
17:23:46 INFO  ProfileMatch              :         release-date:  --
17:23:46 INFO  ProfileMatch              :     lib root package: "androidx.core"
17:23:46 INFO  ProfileMatch              : 
17:23:46 INFO  ProfileMatch              :                 name: androidx.versionedparcelable::versionedparcelable  [OLD VERSION]
17:23:46 INFO  ProfileMatch              :             category: Android
17:23:46 INFO  ProfileMatch              :              version: 1.1.0  [OLD VERSION]
17:23:46 INFO  ProfileMatch              :         release-date:  --
17:23:46 INFO  ProfileMatch              :     lib root package: "androidx.versionedparcelable"
17:23:46 INFO  ProfileMatch              : 
17:23:46 INFO  ProfileMatch              :                 name: androidx.versionedparcelable::versionedparcelable
17:23:46 INFO  ProfileMatch              :             category: Android
17:23:46 INFO  ProfileMatch              :              version: 1.1.1
17:23:46 INFO  ProfileMatch              :         release-date:  --
17:23:46 INFO  ProfileMatch              :     lib root package: "androidx.versionedparcelable"
17:23:46 INFO  ProfileMatch              : 
17:23:46 INFO  ProfileMatch              :                 name: androidx.collection::collection
17:23:46 INFO  ProfileMatch              :             category: Android
17:23:46 INFO  ProfileMatch              :              version: 1.1.0  [OLD VERSION]
17:23:46 INFO  ProfileMatch              :         release-date:  --
17:23:46 INFO  ProfileMatch              :     lib root package: "androidx.collection"
17:23:46 INFO  ProfileMatch              : 
17:23:46 INFO  ProfileMatch              :                 name: com.android.support::cursoradapter
17:23:46 INFO  ProfileMatch              :             category: Android
17:23:46 INFO  ProfileMatch              :              version: 28.0.0
17:23:46 INFO  ProfileMatch              :         release-date:  --
17:23:46 INFO  ProfileMatch              :     lib root package: "android.support.v4.widget"  (in app: "androidx.cursoradapter.widget")
17:23:46 INFO  ProfileMatch              : 
17:23:46 INFO  ProfileMatch              :                 name: androidx.room::room-runtime
17:23:46 INFO  ProfileMatch              :             category: Android
17:23:46 INFO  ProfileMatch              :              version: 2.3.0  [OLD VERSION]
17:23:46 INFO  ProfileMatch              :         release-date:  --
17:23:46 INFO  ProfileMatch              :     lib root package: "androidx.room"
17:23:46 INFO  ProfileMatch              : 
17:23:46 INFO  ProfileMatch              :                 name: com.android.support::interpolator
17:23:46 INFO  ProfileMatch              :             category: Android
17:23:46 INFO  ProfileMatch              :              version: 28.0.0
17:23:46 INFO  ProfileMatch              :         release-date:  --
17:23:46 INFO  ProfileMatch              :     lib root package: "android.support.v4.view.animation"  (in app: "androidx.interpolator.view.animation")
17:23:46 INFO  ProfileMatch              : 
17:23:46 INFO  ProfileMatch              :                 name: androidx.interpolator::interpolator
17:23:46 INFO  ProfileMatch              :             category: Android
17:23:46 INFO  ProfileMatch              :              version: 1.0.0
17:23:46 INFO  ProfileMatch              :         release-date:  --
17:23:46 INFO  ProfileMatch              :     lib root package: "androidx.interpolator.view.animation"
17:23:46 INFO  ProfileMatch              : 
17:23:46 INFO  ProfileMatch              :                 name: androidx.fragment::fragment
17:23:46 INFO  ProfileMatch              :             category: Android
17:23:46 INFO  ProfileMatch              :              version: 1.3.4  [OLD VERSION]
17:23:46 INFO  ProfileMatch              :         release-date:  --
17:23:46 INFO  ProfileMatch              :     lib root package: "androidx.fragment.app"
17:23:46 INFO  ProfileMatch              : 
17:23:46 INFO  ProfileMatch              :                 name: androidx.fragment::fragment
17:23:46 INFO  ProfileMatch              :             category: Android
17:23:46 INFO  ProfileMatch              :              version: 1.3.5  [OLD VERSION]
17:23:46 INFO  ProfileMatch              :         release-date:  --
17:23:46 INFO  ProfileMatch              :     lib root package: "androidx.fragment.app"
17:23:46 INFO  ProfileMatch              : 
17:23:46 INFO  ProfileMatch              :                 name: androidx.fragment::fragment
17:23:46 INFO  ProfileMatch              :             category: Android
17:23:46 INFO  ProfileMatch              :              version: 1.3.6  [OLD VERSION]
17:23:46 INFO  ProfileMatch              :         release-date:  --
17:23:46 INFO  ProfileMatch              :     lib root package: "androidx.fragment.app"
17:23:46 INFO  ProfileMatch              : 
17:23:46 INFO  ProfileMatch              :                 name: androidx.documentfile::documentfile
17:23:46 INFO  ProfileMatch              :             category: Android
17:23:46 INFO  ProfileMatch              :              version: 1.0.0  [OLD VERSION]
17:23:46 INFO  ProfileMatch              :         release-date:  --
17:23:46 INFO  ProfileMatch              :     lib root package: "androidx.documentfile.provider"
17:23:46 INFO  ProfileMatch              : 
17:23:46 INFO  ProfileMatch              :                 name: androidx.documentfile::documentfile
17:23:46 INFO  ProfileMatch              :             category: Android
17:23:46 INFO  ProfileMatch              :              version: 1.0.1
17:23:46 INFO  ProfileMatch              :         release-date:  --
17:23:46 INFO  ProfileMatch              :     lib root package: "androidx.documentfile.provider"
17:23:46 INFO  ProfileMatch              : 
17:23:46 INFO  ProfileMatch              :                 name: Facebook
17:23:46 INFO  ProfileMatch              :             category: SocialMedia
17:23:46 INFO  ProfileMatch              :              version: 4.27.0  [OLD VERSION]
17:23:46 INFO  ProfileMatch              :         release-date: 26.09.2017
17:23:46 INFO  ProfileMatch              :     lib root package: "com.facebook.all"  (in app: "androidx.core.view")
17:23:46 INFO  ProfileMatch              : 
17:23:46 INFO  ProfileMatch              :                 name: Facebook
17:23:46 INFO  ProfileMatch              :             category: SocialMedia
17:23:46 INFO  ProfileMatch              :              version: 4.28.0  [OLD VERSION]
17:23:46 INFO  ProfileMatch              :         release-date: 07.11.2017
17:23:46 INFO  ProfileMatch              :     lib root package: "com.facebook.all"  (in app: "androidx.core.view")
17:23:46 INFO  ProfileMatch              : 
17:23:46 INFO  ProfileMatch              :                 name: Facebook
17:23:46 INFO  ProfileMatch              :             category: SocialMedia
17:23:46 INFO  ProfileMatch              :              version: 4.29.0  [OLD VERSION]
17:23:46 INFO  ProfileMatch              :         release-date: 05.12.2017
17:23:46 INFO  ProfileMatch              :     lib root package: "com.facebook.all"  (in app: "androidx.core.view")
17:23:46 INFO  ProfileMatch              : 
17:23:46 INFO  ProfileMatch              :                 name: Facebook
17:23:46 INFO  ProfileMatch              :             category: SocialMedia
17:23:46 INFO  ProfileMatch              :              version: 4.30.0  [OLD VERSION]
17:23:46 INFO  ProfileMatch              :         release-date: 24.01.2018
17:23:46 INFO  ProfileMatch              :     lib root package: "com.facebook.all"  (in app: "androidx.core.view")
17:23:46 INFO  ProfileMatch              : 
17:23:46 INFO  ProfileMatch              :                 name: Facebook
17:23:46 INFO  ProfileMatch              :             category: SocialMedia
17:23:46 INFO  ProfileMatch              :              version: 4.31.0  [OLD VERSION]
17:23:46 INFO  ProfileMatch              :         release-date: 28.02.2018
17:23:46 INFO  ProfileMatch              :     lib root package: "com.facebook.all"  (in app: "androidx.core.view")
17:23:46 INFO  ProfileMatch              : 
17:23:46 INFO  ProfileMatch              :                 name: Facebook
17:23:46 INFO  ProfileMatch              :             category: SocialMedia
17:23:46 INFO  ProfileMatch              :              version: 4.32.0  [OLD VERSION]
17:23:46 INFO  ProfileMatch              :         release-date: 11.04.2018
17:23:46 INFO  ProfileMatch              :     lib root package: "com.facebook.all"  (in app: "androidx.core.view")
17:23:46 INFO  ProfileMatch              : 
17:23:46 INFO  ProfileMatch              :                 name: Facebook
17:23:46 INFO  ProfileMatch              :             category: SocialMedia
17:23:46 INFO  ProfileMatch              :              version: 4.33.0  [OLD VERSION]
17:23:46 INFO  ProfileMatch              :         release-date: 01.05.2018
17:23:46 INFO  ProfileMatch              :     lib root package: "com.facebook.all"  (in app: "androidx.core.view")
17:23:46 INFO  ProfileMatch              : 
17:23:46 INFO  ProfileMatch              :                 name: Facebook
17:23:46 INFO  ProfileMatch              :             category: SocialMedia
17:23:46 INFO  ProfileMatch              :              version: 4.34.0  [OLD VERSION]
17:23:46 INFO  ProfileMatch              :         release-date: 19.06.2018
17:23:46 INFO  ProfileMatch              :     lib root package: "com.facebook.all"  (in app: "androidx.core.view")
17:23:46 INFO  ProfileMatch              : 
17:23:46 INFO  ProfileMatch              :                 name: Facebook
17:23:46 INFO  ProfileMatch              :             category: SocialMedia
17:23:46 INFO  ProfileMatch              :              version: 4.35.0  [OLD VERSION]
17:23:46 INFO  ProfileMatch              :         release-date: 26.07.2018
17:23:46 INFO  ProfileMatch              :     lib root package: "com.facebook.all"  (in app: "androidx.core.view")
17:23:46 INFO  ProfileMatch              : 
17:23:46 INFO  ProfileMatch              :                 name: Facebook
17:23:46 INFO  ProfileMatch              :             category: SocialMedia
17:23:46 INFO  ProfileMatch              :              version: 4.36.0  [OLD VERSION]
17:23:46 INFO  ProfileMatch              :         release-date: 29.08.2018
17:23:46 INFO  ProfileMatch              :     lib root package: "com.facebook.all"  (in app: "androidx.core.view")
17:23:46 INFO  ProfileMatch              : 
17:23:46 INFO  ProfileMatch              :                 name: Facebook
17:23:46 INFO  ProfileMatch              :             category: SocialMedia
17:23:46 INFO  ProfileMatch              :              version: 4.36.1  [OLD VERSION]
17:23:46 INFO  ProfileMatch              :         release-date: 15.09.2018
17:23:46 INFO  ProfileMatch              :     lib root package: "com.facebook.all"  (in app: "androidx.core.view")
17:23:46 INFO  ProfileMatch              : 
17:23:46 INFO  ProfileMatch              :                 name: Facebook
17:23:46 INFO  ProfileMatch              :             category: SocialMedia
17:23:46 INFO  ProfileMatch              :              version: 4.37.0  [OLD VERSION]
17:23:46 INFO  ProfileMatch              :         release-date: 27.09.2018
17:23:46 INFO  ProfileMatch              :     lib root package: "com.facebook.all"  (in app: "androidx.core.view")
17:23:46 INFO  ProfileMatch              : 
17:23:46 INFO  ProfileMatch              :                 name: Facebook
17:23:46 INFO  ProfileMatch              :             category: SocialMedia
17:23:46 INFO  ProfileMatch              :              version: 4.38.0  [OLD VERSION]
17:23:46 INFO  ProfileMatch              :         release-date: 23.10.2018
17:23:46 INFO  ProfileMatch              :     lib root package: "com.facebook.all"  (in app: "androidx.core.view")
17:23:46 INFO  ProfileMatch              : 
17:23:46 INFO  ProfileMatch              :                 name: Facebook
17:23:46 INFO  ProfileMatch              :             category: SocialMedia
17:23:46 INFO  ProfileMatch              :              version: 4.38.1  [OLD VERSION]
17:23:46 INFO  ProfileMatch              :         release-date: 31.10.2018
17:23:46 INFO  ProfileMatch              :     lib root package: "com.facebook.all"  (in app: "androidx.core.view")
17:23:46 INFO  ProfileMatch              : 
17:23:46 INFO  ProfileMatch              :                 name: Facebook
17:23:46 INFO  ProfileMatch              :             category: SocialMedia
17:23:46 INFO  ProfileMatch              :              version: 4.39.0  [OLD VERSION]
17:23:46 INFO  ProfileMatch              :         release-date: 05.12.2018
17:23:46 INFO  ProfileMatch              :     lib root package: "com.facebook.all"  (in app: "androidx.core.view")
17:23:46 INFO  ProfileMatch              : 
17:23:46 INFO  ProfileMatch              :                 name: Facebook
17:23:46 INFO  ProfileMatch              :             category: SocialMedia
17:23:46 INFO  ProfileMatch              :              version: 4.40.0  [OLD VERSION]
17:23:46 INFO  ProfileMatch              :         release-date: 22.01.2019
17:23:46 INFO  ProfileMatch              :     lib root package: "com.facebook.all"  (in app: "androidx.core.view")
17:23:46 INFO  ProfileMatch              : 
17:23:46 INFO  ProfileMatch              :                 name: Facebook
17:23:46 INFO  ProfileMatch              :             category: SocialMedia
17:23:46 INFO  ProfileMatch              :              version: 4.41.0  [OLD VERSION]
17:23:46 INFO  ProfileMatch              :         release-date: 08.03.2019
17:23:46 INFO  ProfileMatch              :     lib root package: "com.facebook.all"  (in app: "androidx.core.view")
17:23:46 INFO  ProfileMatch              : 
17:23:46 INFO  ProfileMatch              :                 name: Facebook
17:23:46 INFO  ProfileMatch              :             category: SocialMedia
17:23:46 INFO  ProfileMatch              :              version: 4.42.0  [OLD VERSION]
17:23:46 INFO  ProfileMatch              :         release-date: 08.04.2019
17:23:46 INFO  ProfileMatch              :     lib root package: "com.facebook.all"  (in app: "androidx.core.view")
17:23:46 INFO  ProfileMatch              : 
17:23:46 INFO  ProfileMatch              :                 name: Facebook
17:23:46 INFO  ProfileMatch              :             category: SocialMedia
17:23:46 INFO  ProfileMatch              :              version: 5.0.0  [OLD VERSION]
17:23:46 INFO  ProfileMatch              :         release-date: 30.04.2019
17:23:46 INFO  ProfileMatch              :     lib root package: "com.facebook.all"  (in app: "androidx.core.view")
17:23:46 INFO  ProfileMatch              : 
17:23:46 INFO  ProfileMatch              :                 name: Facebook
17:23:46 INFO  ProfileMatch              :             category: SocialMedia
17:23:46 INFO  ProfileMatch              :              version: 5.0.1  [OLD VERSION]
17:23:46 INFO  ProfileMatch              :         release-date: 17.05.2019
17:23:46 INFO  ProfileMatch              :     lib root package: "com.facebook.all"  (in app: "androidx.core.view")
17:23:46 INFO  ProfileMatch              : 
17:23:46 INFO  ProfileMatch              :                 name: Facebook
17:23:46 INFO  ProfileMatch              :             category: SocialMedia
17:23:46 INFO  ProfileMatch              :              version: 5.0.2  [OLD VERSION]
17:23:46 INFO  ProfileMatch              :         release-date: 09.06.2019
17:23:46 INFO  ProfileMatch              :     lib root package: "com.facebook.all"  (in app: "androidx.core.view")
17:23:46 INFO  ProfileMatch              : 
17:23:46 INFO  ProfileMatch              :                 name: Facebook
17:23:46 INFO  ProfileMatch              :             category: SocialMedia
17:23:46 INFO  ProfileMatch              :              version: 5.0.3  [OLD VERSION]
17:23:46 INFO  ProfileMatch              :         release-date: 14.06.2019
17:23:46 INFO  ProfileMatch              :     lib root package: "com.facebook.all"  (in app: "androidx.core.view")
17:23:46 INFO  ProfileMatch              : 
17:23:46 INFO  ProfileMatch              :                 name: Facebook
17:23:46 INFO  ProfileMatch              :             category: SocialMedia
17:23:46 INFO  ProfileMatch              :              version: 5.1.0  [OLD VERSION]
17:23:46 INFO  ProfileMatch              :         release-date: 21.06.2019
17:23:46 INFO  ProfileMatch              :     lib root package: "com.facebook.all"  (in app: "androidx.core.view")
17:23:46 INFO  ProfileMatch              : 
17:23:46 INFO  ProfileMatch              :                 name: Facebook
17:23:46 INFO  ProfileMatch              :             category: SocialMedia
17:23:46 INFO  ProfileMatch              :              version: 5.1.1  [OLD VERSION]
17:23:46 INFO  ProfileMatch              :         release-date: 02.07.2019
17:23:46 INFO  ProfileMatch              :     lib root package: "com.facebook.all"  (in app: "androidx.core.view")
17:23:46 INFO  ProfileMatch              : 
17:23:46 INFO  ProfileMatch              :                 name: Facebook
17:23:46 INFO  ProfileMatch              :             category: SocialMedia
17:23:46 INFO  ProfileMatch              :              version: 5.2.0  [OLD VERSION]
17:23:46 INFO  ProfileMatch              :         release-date: 29.07.2019
17:23:46 INFO  ProfileMatch              :     lib root package: "com.facebook.all"  (in app: "androidx.core.view")
17:23:46 INFO  ProfileMatch              : 
17:23:46 INFO  ProfileMatch              :                 name: Facebook
17:23:46 INFO  ProfileMatch              :             category: SocialMedia
17:23:46 INFO  ProfileMatch              :              version: 5.4.0  [OLD VERSION]
17:23:46 INFO  ProfileMatch              :         release-date: 16.08.2019
17:23:46 INFO  ProfileMatch              :     lib root package: "com.facebook.all"  (in app: "androidx.core.view")
17:23:46 INFO  ProfileMatch              : 
17:23:46 INFO  ProfileMatch              :                 name: Facebook
17:23:46 INFO  ProfileMatch              :             category: SocialMedia
17:23:46 INFO  ProfileMatch              :              version: 5.5.0  [OLD VERSION]
17:23:46 INFO  ProfileMatch              :         release-date: 31.08.2019
17:23:46 INFO  ProfileMatch              :     lib root package: "com.facebook.all"  (in app: "androidx.core.view")
17:23:46 INFO  ProfileMatch              : 
17:23:46 INFO  ProfileMatch              :                 name: Facebook
17:23:46 INFO  ProfileMatch              :             category: SocialMedia
17:23:46 INFO  ProfileMatch              :              version: 5.5.1  [OLD VERSION]
17:23:46 INFO  ProfileMatch              :         release-date: 06.09.2019
17:23:46 INFO  ProfileMatch              :     lib root package: "com.facebook.all"  (in app: "androidx.core.view")
17:23:46 INFO  ProfileMatch              : 
17:23:46 INFO  ProfileMatch              :                 name: Facebook
17:23:46 INFO  ProfileMatch              :             category: SocialMedia
17:23:46 INFO  ProfileMatch              :              version: 5.5.2  [OLD VERSION]
17:23:46 INFO  ProfileMatch              :         release-date: 05.10.2019
17:23:46 INFO  ProfileMatch              :     lib root package: "com.facebook.all"  (in app: "androidx.core.view")
17:23:46 INFO  ProfileMatch              : 
17:23:46 INFO  ProfileMatch              :                 name: Facebook
17:23:46 INFO  ProfileMatch              :             category: SocialMedia
17:23:46 INFO  ProfileMatch              :              version: 5.8.0  [OLD VERSION]
17:23:46 INFO  ProfileMatch              :         release-date: 08.10.2019
17:23:46 INFO  ProfileMatch              :     lib root package: "com.facebook.all"  (in app: "androidx.core.view")
17:23:46 INFO  ProfileMatch              : 
17:23:46 INFO  ProfileMatch              :                 name: Facebook
17:23:46 INFO  ProfileMatch              :             category: SocialMedia
17:23:46 INFO  ProfileMatch              :              version: 5.9.0  [OLD VERSION]
17:23:46 INFO  ProfileMatch              :         release-date: 29.10.2019
17:23:46 INFO  ProfileMatch              :     lib root package: "com.facebook.all"  (in app: "androidx.core.view")
17:23:46 INFO  ProfileMatch              : 
17:23:46 INFO  ProfileMatch              :                 name: Facebook
17:23:46 INFO  ProfileMatch              :             category: SocialMedia
17:23:46 INFO  ProfileMatch              :              version: 5.11.0  [OLD VERSION]
17:23:46 INFO  ProfileMatch              :         release-date: 15.11.2019
17:23:46 INFO  ProfileMatch              :     lib root package: "com.facebook.all"  (in app: "androidx.core.view")
17:23:46 INFO  ProfileMatch              : 
17:23:46 INFO  ProfileMatch              :                 name: Facebook
17:23:46 INFO  ProfileMatch              :             category: SocialMedia
17:23:46 INFO  ProfileMatch              :              version: 5.11.1  [OLD VERSION]
17:23:46 INFO  ProfileMatch              :         release-date: 21.11.2019
17:23:46 INFO  ProfileMatch              :     lib root package: "com.facebook.all"  (in app: "androidx.core.view")
17:23:46 INFO  ProfileMatch              : 
17:23:46 INFO  ProfileMatch              :                 name: Facebook
17:23:46 INFO  ProfileMatch              :             category: SocialMedia
17:23:46 INFO  ProfileMatch              :              version: 5.11.2  [OLD VERSION]
17:23:46 INFO  ProfileMatch              :         release-date: 22.11.2019
17:23:46 INFO  ProfileMatch              :     lib root package: "com.facebook.all"  (in app: "androidx.core.view")
17:23:46 INFO  ProfileMatch              : 
17:23:46 INFO  ProfileMatch              :                 name: Facebook
17:23:46 INFO  ProfileMatch              :             category: SocialMedia
17:23:46 INFO  ProfileMatch              :              version: 5.12.0  [OLD VERSION]
17:23:46 INFO  ProfileMatch              :         release-date: 04.12.2019
17:23:46 INFO  ProfileMatch              :     lib root package: "com.facebook.all"  (in app: "androidx.core.view")
17:23:46 INFO  ProfileMatch              : 
17:23:46 INFO  ProfileMatch              :                 name: Facebook
17:23:46 INFO  ProfileMatch              :             category: SocialMedia
17:23:46 INFO  ProfileMatch              :              version: 5.12.1  [OLD VERSION]
17:23:46 INFO  ProfileMatch              :         release-date: 09.12.2019
17:23:46 INFO  ProfileMatch              :     lib root package: "com.facebook.all"  (in app: "androidx.core.view")
17:23:46 INFO  ProfileMatch              : 
17:23:46 INFO  ProfileMatch              :                 name: Facebook
17:23:46 INFO  ProfileMatch              :             category: SocialMedia
17:23:46 INFO  ProfileMatch              :              version: 5.13.0  [OLD VERSION]
17:23:46 INFO  ProfileMatch              :         release-date: 12.12.2019
17:23:46 INFO  ProfileMatch              :     lib root package: "com.facebook.all"  (in app: "androidx.core.view")
17:23:46 INFO  ProfileMatch              : 
17:23:46 INFO  ProfileMatch              :                 name: Facebook
17:23:46 INFO  ProfileMatch              :             category: SocialMedia
17:23:46 INFO  ProfileMatch              :              version: 5.15.0  [OLD VERSION]
17:23:46 INFO  ProfileMatch              :         release-date: 21.01.2020
17:23:46 INFO  ProfileMatch              :     lib root package: "com.facebook.all"  (in app: "androidx.core.view")
17:23:46 INFO  ProfileMatch              : 
17:23:46 INFO  ProfileMatch              :                 name: Facebook
17:23:46 INFO  ProfileMatch              :             category: SocialMedia
17:23:46 INFO  ProfileMatch              :              version: 5.15.1  [OLD VERSION]
17:23:46 INFO  ProfileMatch              :         release-date: 29.01.2020
17:23:46 INFO  ProfileMatch              :     lib root package: "com.facebook.all"  (in app: "androidx.core.view")
17:23:46 INFO  ProfileMatch              : 
17:23:46 INFO  ProfileMatch              :                 name: Facebook
17:23:46 INFO  ProfileMatch              :             category: SocialMedia
17:23:46 INFO  ProfileMatch              :              version: 5.15.2  [OLD VERSION]
17:23:46 INFO  ProfileMatch              :         release-date: 03.02.2020
17:23:46 INFO  ProfileMatch              :     lib root package: "com.facebook.all"  (in app: "androidx.core.view")
17:23:46 INFO  ProfileMatch              : 
17:23:46 INFO  ProfileMatch              :                 name: Facebook
17:23:46 INFO  ProfileMatch              :             category: SocialMedia
17:23:46 INFO  ProfileMatch              :              version: 5.15.3  [OLD VERSION]
17:23:46 INFO  ProfileMatch              :         release-date: 03.02.2020
17:23:46 INFO  ProfileMatch              :     lib root package: "com.facebook.all"  (in app: "androidx.core.view")
17:23:46 INFO  ProfileMatch              : 
17:23:46 INFO  ProfileMatch              :                 name: Facebook
17:23:46 INFO  ProfileMatch              :             category: SocialMedia
17:23:46 INFO  ProfileMatch              :              version: 6.0.0  [OLD VERSION]
17:23:46 INFO  ProfileMatch              :         release-date: 03.02.2020
17:23:46 INFO  ProfileMatch              :     lib root package: "com.facebook.all"  (in app: "androidx.core.view")
17:23:46 INFO  ProfileMatch              : 
17:23:46 INFO  ProfileMatch              :                 name: Facebook
17:23:46 INFO  ProfileMatch              :             category: SocialMedia
17:23:46 INFO  ProfileMatch              :              version: 6.1.0  [OLD VERSION]
17:23:46 INFO  ProfileMatch              :         release-date: 14.02.2020
17:23:46 INFO  ProfileMatch              :     lib root package: "com.facebook.all"  (in app: "androidx.core.view")
17:23:46 INFO  ProfileMatch              : 
17:23:46 INFO  ProfileMatch              :                 name: Facebook
17:23:46 INFO  ProfileMatch              :             category: SocialMedia
17:23:46 INFO  ProfileMatch              :              version: 6.2.0  [OLD VERSION]
17:23:46 INFO  ProfileMatch              :         release-date: 09.03.2020
17:23:46 INFO  ProfileMatch              :     lib root package: "com.facebook.all"  (in app: "androidx.core.view")
17:23:46 INFO  ProfileMatch              : 
17:23:46 INFO  ProfileMatch              :                 name: Facebook
17:23:46 INFO  ProfileMatch              :             category: SocialMedia
17:23:46 INFO  ProfileMatch              :              version: 6.3.0  [OLD VERSION]
17:23:46 INFO  ProfileMatch              :         release-date: 25.03.2020
17:23:46 INFO  ProfileMatch              :     lib root package: "com.facebook.all"  (in app: "androidx.core.view")
17:23:46 INFO  ProfileMatch              : 
17:23:46 INFO  ProfileMatch              :                 name: Facebook
17:23:46 INFO  ProfileMatch              :             category: SocialMedia
17:23:46 INFO  ProfileMatch              :              version: 6.4.0  [OLD VERSION]
17:23:46 INFO  ProfileMatch              :         release-date: 15.04.2020
17:23:46 INFO  ProfileMatch              :     lib root package: "com.facebook.all"  (in app: "androidx.core.view")
17:23:46 INFO  ProfileMatch              : 
17:23:46 INFO  ProfileMatch              :                 name: Facebook
17:23:46 INFO  ProfileMatch              :             category: SocialMedia
17:23:46 INFO  ProfileMatch              :              version: 6.5.0  [OLD VERSION]
17:23:46 INFO  ProfileMatch              :         release-date: 20.04.2020
17:23:46 INFO  ProfileMatch              :     lib root package: "com.facebook.all"  (in app: "androidx.core.view")
17:23:46 INFO  ProfileMatch              : 
17:23:46 INFO  ProfileMatch              :                 name: Facebook
17:23:46 INFO  ProfileMatch              :             category: SocialMedia
17:23:46 INFO  ProfileMatch              :              version: 6.5.1  [OLD VERSION]
17:23:46 INFO  ProfileMatch              :         release-date: 23.04.2020
17:23:46 INFO  ProfileMatch              :     lib root package: "com.facebook.all"  (in app: "androidx.core.view")
17:23:46 INFO  ProfileMatch              : 
17:23:46 INFO  ProfileMatch              :                 name: Facebook
17:23:46 INFO  ProfileMatch              :             category: SocialMedia
17:23:46 INFO  ProfileMatch              :              version: 7.0.0  [OLD VERSION]
17:23:46 INFO  ProfileMatch              :         release-date: 05.05.2020
17:23:46 INFO  ProfileMatch              :     lib root package: "com.facebook.all"  (in app: "androidx.core.view")
17:23:46 INFO  ProfileMatch              : 
17:23:46 INFO  ProfileMatch              :                 name: Facebook
17:23:46 INFO  ProfileMatch              :             category: SocialMedia
17:23:46 INFO  ProfileMatch              :              version: 7.0.1  [OLD VERSION]
17:23:46 INFO  ProfileMatch              :         release-date: 09.06.2020
17:23:46 INFO  ProfileMatch              :     lib root package: "com.facebook.all"  (in app: "androidx.core.view")
17:23:46 INFO  ProfileMatch              : 
17:23:46 INFO  ProfileMatch              :                 name: Facebook
17:23:46 INFO  ProfileMatch              :             category: SocialMedia
17:23:46 INFO  ProfileMatch              :              version: 7.1.0  [OLD VERSION]
17:23:46 INFO  ProfileMatch              :         release-date: 23.06.2020
17:23:46 INFO  ProfileMatch              :     lib root package: "com.facebook.all"  (in app: "androidx.core.view")
17:23:46 INFO  ProfileMatch              : 
17:23:46 INFO  ProfileMatch              :                 name: Facebook
17:23:46 INFO  ProfileMatch              :             category: SocialMedia
17:23:46 INFO  ProfileMatch              :              version: 8.0.0  [OLD VERSION]
17:23:46 INFO  ProfileMatch              :         release-date: 28.09.2020
17:23:46 INFO  ProfileMatch              :     lib root package: "com.facebook.all"  (in app: "androidx.core.view")
17:23:46 INFO  ProfileMatch              : 
17:23:46 INFO  ProfileMatch              :                 name: Facebook
17:23:46 INFO  ProfileMatch              :             category: SocialMedia
17:23:46 INFO  ProfileMatch              :              version: 8.1.0  [OLD VERSION]
17:23:46 INFO  ProfileMatch              :         release-date: 14.10.2020
17:23:46 INFO  ProfileMatch              :     lib root package: "com.facebook.all"  (in app: "androidx.core.view")
17:23:46 INFO  ProfileMatch              : 
17:23:46 INFO  ProfileMatch              :                 name: Facebook
17:23:46 INFO  ProfileMatch              :             category: SocialMedia
17:23:46 INFO  ProfileMatch              :              version: 8.2.0  [OLD VERSION]
17:23:46 INFO  ProfileMatch              :         release-date: 18.12.2020
17:23:46 INFO  ProfileMatch              :     lib root package: "com.facebook.all"  (in app: "androidx.core.view")
17:23:46 INFO  ProfileMatch              : 
17:23:46 INFO  ProfileMatch              :                 name: Facebook
17:23:46 INFO  ProfileMatch              :             category: SocialMedia
17:23:46 INFO  ProfileMatch              :              version: 9.0.0  [OLD VERSION]
17:23:46 INFO  ProfileMatch              :         release-date: 19.01.2021
17:23:46 INFO  ProfileMatch              :     lib root package: "com.facebook.all"  (in app: "androidx.core.view")
17:23:46 INFO  ProfileMatch              : 
17:23:46 INFO  ProfileMatch              :                 name: Facebook
17:23:46 INFO  ProfileMatch              :             category: SocialMedia
17:23:46 INFO  ProfileMatch              :              version: 9.1.0  [OLD VERSION]
17:23:46 INFO  ProfileMatch              :         release-date: 15.03.2021
17:23:46 INFO  ProfileMatch              :     lib root package: "com.facebook.all"  (in app: "androidx.core.view")
17:23:46 INFO  ProfileMatch              : 
17:23:46 INFO  ProfileMatch              :                 name: Facebook
17:23:46 INFO  ProfileMatch              :             category: SocialMedia
17:23:46 INFO  ProfileMatch              :              version: 9.1.1  [OLD VERSION]
17:23:46 INFO  ProfileMatch              :         release-date: 12.04.2021
17:23:46 INFO  ProfileMatch              :     lib root package: "com.facebook.all"  (in app: "androidx.core.view")
17:23:46 INFO  ProfileMatch              : 
17:23:46 INFO  ProfileMatch              :                 name: Facebook
17:23:46 INFO  ProfileMatch              :             category: SocialMedia
17:23:46 INFO  ProfileMatch              :              version: 11.0.0  [OLD VERSION]
17:23:46 INFO  ProfileMatch              :         release-date: 08.06.2021
17:23:46 INFO  ProfileMatch              :     lib root package: "com.facebook.all"  (in app: "androidx.core.view")
17:23:46 INFO  ProfileMatch              : 
17:23:46 INFO  ProfileMatch              :                 name: Facebook
17:23:46 INFO  ProfileMatch              :             category: SocialMedia
17:23:46 INFO  ProfileMatch              :              version: 11.1.0  [OLD VERSION]
17:23:46 INFO  ProfileMatch              :         release-date: 06.07.2021
17:23:46 INFO  ProfileMatch              :     lib root package: "com.facebook.all"  (in app: "androidx.core.view")
17:23:46 INFO  ProfileMatch              : 
17:23:46 INFO  ProfileMatch              :                 name: Facebook
17:23:46 INFO  ProfileMatch              :             category: SocialMedia
17:23:46 INFO  ProfileMatch              :              version: 11.1.1  [OLD VERSION]
17:23:46 INFO  ProfileMatch              :         release-date: 19.07.2021
17:23:46 INFO  ProfileMatch              :     lib root package: "com.facebook.all"  (in app: "androidx.core.view")
17:23:46 INFO  ProfileMatch              : 
17:23:46 INFO  ProfileMatch              :                 name: Facebook
17:23:46 INFO  ProfileMatch              :             category: SocialMedia
17:23:46 INFO  ProfileMatch              :              version: 11.2.0  [OLD VERSION]
17:23:46 INFO  ProfileMatch              :         release-date: 03.08.2021
17:23:46 INFO  ProfileMatch              :     lib root package: "com.facebook.all"  (in app: "androidx.core.view")
17:23:46 INFO  ProfileMatch              : 
17:23:46 INFO  ProfileMatch              :                 name: Facebook
17:23:46 INFO  ProfileMatch              :             category: SocialMedia
17:23:46 INFO  ProfileMatch              :              version: 11.3.0  [OLD VERSION]
17:23:46 INFO  ProfileMatch              :         release-date: 07.09.2021
17:23:46 INFO  ProfileMatch              :     lib root package: "com.facebook.all"  (in app: "androidx.core.view")
17:23:46 INFO  ProfileMatch              : 
17:23:46 INFO  ProfileMatch              :                 name: Facebook
17:23:46 INFO  ProfileMatch              :             category: SocialMedia
17:23:46 INFO  ProfileMatch              :              version: 12.0.0  [OLD VERSION]
17:23:46 INFO  ProfileMatch              :         release-date: 05.10.2021
17:23:46 INFO  ProfileMatch              :     lib root package: "com.facebook.all"  (in app: "androidx.core.view")
17:23:46 INFO  ProfileMatch              : 
17:23:46 INFO  ProfileMatch              :                 name: Facebook
17:23:46 INFO  ProfileMatch              :             category: SocialMedia
17:23:46 INFO  ProfileMatch              :              version: 12.0.1  [OLD VERSION]
17:23:46 INFO  ProfileMatch              :         release-date: 13.10.2021
17:23:46 INFO  ProfileMatch              :     lib root package: "com.facebook.all"  (in app: "androidx.core.view")
17:23:46 INFO  ProfileMatch              : 
17:23:46 INFO  ProfileMatch              :                 name: Facebook
17:23:46 INFO  ProfileMatch              :             category: SocialMedia
17:23:46 INFO  ProfileMatch              :              version: 12.1.0  [OLD VERSION]
17:23:46 INFO  ProfileMatch              :         release-date: 01.11.2021
17:23:46 INFO  ProfileMatch              :     lib root package: "com.facebook.all"  (in app: "androidx.core.view")
17:23:46 INFO  ProfileMatch              : 
17:23:46 INFO  ProfileMatch              :                 name: Facebook
17:23:46 INFO  ProfileMatch              :             category: SocialMedia
17:23:46 INFO  ProfileMatch              :              version: 12.2.0  [OLD VERSION]
17:23:46 INFO  ProfileMatch              :         release-date: 06.12.2021
17:23:46 INFO  ProfileMatch              :     lib root package: "com.facebook.all"  (in app: "androidx.core.view")
17:23:46 INFO  ProfileMatch              : 
17:23:46 INFO  ProfileMatch              :                 name: Facebook
17:23:46 INFO  ProfileMatch              :             category: SocialMedia
17:23:46 INFO  ProfileMatch              :              version: 12.3.0  [OLD VERSION]
17:23:46 INFO  ProfileMatch              :         release-date: 10.01.2022
17:23:46 INFO  ProfileMatch              :     lib root package: "com.facebook.all"  (in app: "androidx.core.view")
17:23:46 INFO  ProfileMatch              : 
17:23:46 INFO  ProfileMatch              :                 name: Facebook
17:23:46 INFO  ProfileMatch              :             category: SocialMedia
17:23:46 INFO  ProfileMatch              :              version: 13.0.0  [OLD VERSION]
17:23:46 INFO  ProfileMatch              :         release-date: 23.02.2022
17:23:46 INFO  ProfileMatch              :     lib root package: "com.facebook.all"  (in app: "androidx.core.view")
17:23:46 INFO  ProfileMatch              : 
17:23:46 INFO  ProfileMatch              :                 name: Facebook
17:23:46 INFO  ProfileMatch              :             category: SocialMedia
17:23:46 INFO  ProfileMatch              :              version: 13.1.0  [OLD VERSION]
17:23:46 INFO  ProfileMatch              :         release-date: 21.03.2022
17:23:46 INFO  ProfileMatch              :     lib root package: "com.facebook.all"  (in app: "androidx.core.view")
17:23:46 INFO  ProfileMatch              : 
17:23:46 INFO  ProfileMatch              :                 name: Facebook
17:23:46 INFO  ProfileMatch              :             category: SocialMedia
17:23:46 INFO  ProfileMatch              :              version: 13.2.0  [OLD VERSION]
17:23:46 INFO  ProfileMatch              :         release-date: 22.04.2022
17:23:46 INFO  ProfileMatch              :     lib root package: "com.facebook.all"  (in app: "androidx.core.view")
17:23:46 INFO  ProfileMatch              : 
17:23:46 INFO  ProfileMatch              :                 name: Facebook
17:23:46 INFO  ProfileMatch              :             category: SocialMedia
17:23:46 INFO  ProfileMatch              :              version: 14.0.0
17:23:46 INFO  ProfileMatch              :         release-date: 14.06.2022
17:23:46 INFO  ProfileMatch              :     lib root package: "com.facebook.all"  (in app: "androidx.core.view")
17:23:46 INFO  ProfileMatch              : 
17:23:46 INFO  ProfileMatch              :                 name: androidx.sqlite::sqlite
17:23:46 INFO  ProfileMatch              :             category: Android
17:23:46 INFO  ProfileMatch              :              version: 2.1.0  [OLD VERSION]
17:23:46 INFO  ProfileMatch              :         release-date:  --
17:23:46 INFO  ProfileMatch              :     lib root package: "androidx.sqlite.db"
17:23:46 INFO  ProfileMatch              : 
17:23:46 INFO  ProfileMatch              :                 name: androidx.legacy::legacy-support-core-utils
17:23:46 INFO  ProfileMatch              :             category: Android
17:23:46 INFO  ProfileMatch              :              version: 1.0.0
17:23:46 INFO  ProfileMatch              :         release-date:  --
17:23:46 INFO  ProfileMatch              :     lib root package: "androidx.legacy.content"
17:23:46 INFO  ProfileMatch              : 
17:23:46 INFO  ProfileMatch              :                 name: com.android.support::documentfile
17:23:46 INFO  ProfileMatch              :             category: Android
17:23:46 INFO  ProfileMatch              :              version: 28.0.0
17:23:46 INFO  ProfileMatch              :         release-date:  --
17:23:46 INFO  ProfileMatch              :     lib root package: "android.support.v4.provider"  (in app: "androidx.documentfile.provider")
17:23:46 INFO  ProfileMatch              : 
17:23:46 INFO  ProfileMatch              :                 name: com.android.support::viewpager
17:23:46 INFO  ProfileMatch              :             category: Android
17:23:46 INFO  ProfileMatch              :              version: 28.0.0
17:23:46 INFO  ProfileMatch              :         release-date:  --
17:23:46 INFO  ProfileMatch              :     lib root package: "android.support.v4.view"  (in app: "androidx.viewpager.widget")
17:23:46 INFO  ProfileMatch              : 
17:23:46 INFO  ProfileMatch              :                 name: com.android.support::cardview-v7
17:23:46 INFO  ProfileMatch              :             category: Android
17:23:46 INFO  ProfileMatch              :              version: 27.1.0  [OLD VERSION]
17:23:46 INFO  ProfileMatch              :         release-date:  --
17:23:46 INFO  ProfileMatch              :     lib root package: "android.support.v7.widget"  (in app: "androidx.cardview.widget")
17:23:46 INFO  ProfileMatch              : 
17:23:46 INFO  ProfileMatch              :                 name: com.android.support::cardview-v7
17:23:46 INFO  ProfileMatch              :             category: Android
17:23:46 INFO  ProfileMatch              :              version: 27.1.1  [OLD VERSION]
17:23:46 INFO  ProfileMatch              :         release-date:  --
17:23:46 INFO  ProfileMatch              :     lib root package: "android.support.v7.widget"  (in app: "androidx.cardview.widget")
17:23:46 INFO  ProfileMatch              : 
17:23:46 INFO  ProfileMatch              :                 name: com.android.support::cardview-v7
17:23:46 INFO  ProfileMatch              :             category: Android
17:23:46 INFO  ProfileMatch              :              version: 28.0.0
17:23:46 INFO  ProfileMatch              :         release-date:  --
17:23:46 INFO  ProfileMatch              :     lib root package: "android.support.v7.widget"  (in app: "androidx.cardview.widget")
17:23:46 INFO  ProfileMatch              : 
17:23:46 INFO  ProfileMatch              :                 name: androidx.localbroadcastmanager::localbroadcastmanager
17:23:46 INFO  ProfileMatch              :             category: Android
17:23:46 INFO  ProfileMatch              :              version: 1.0.0  [OLD VERSION]
17:23:46 INFO  ProfileMatch              :         release-date:  --
17:23:46 INFO  ProfileMatch              :     lib root package: "androidx.localbroadcastmanager.content"
17:23:46 INFO  ProfileMatch              : 
17:23:46 INFO  ProfileMatch              :                 name: androidx.localbroadcastmanager::localbroadcastmanager
17:23:46 INFO  ProfileMatch              :             category: Android
17:23:46 INFO  ProfileMatch              :              version: 1.1.0
17:23:46 INFO  ProfileMatch              :         release-date:  --
17:23:46 INFO  ProfileMatch              :     lib root package: "androidx.localbroadcastmanager.content"
17:23:46 INFO  ProfileMatch              : 
17:23:46 INFO  ProfileMatch              :                 name: androidx.viewpager::viewpager
17:23:46 INFO  ProfileMatch              :             category: Android
17:23:46 INFO  ProfileMatch              :              version: 1.0.0
17:23:46 INFO  ProfileMatch              :         release-date:  --
17:23:46 INFO  ProfileMatch              :     lib root package: "androidx.viewpager.widget"
17:23:46 INFO  ProfileMatch              : 
17:23:46 INFO  LibraryIdentifier         : 
17:23:46 INFO  LibraryIdentifier         : - Partial library matches:
17:23:46 INFO  LibraryIdentifier         :                 name: android.arch.core::common
17:23:46 INFO  LibraryIdentifier         :             category: Android
17:23:46 INFO  LibraryIdentifier         :              version: 1.1.1
17:23:46 INFO  LibraryIdentifier         :         release-date:  --
17:23:46 INFO  LibraryIdentifier         :     lib root package: "android.arch.core"
17:23:46 INFO  LibraryIdentifier         :         Partial matching results:
17:23:46 INFO  LibraryIdentifier         :              - config: Hashing.md5() | Flags: no-flag | Keep: PN | Prune: MSIG   score: 0.875
17:23:46 INFO  LibraryIdentifier         : 
17:23:46 INFO  LibraryIdentifier         :                 name: android.arch.core::runtime
17:23:46 INFO  LibraryIdentifier         :             category: Android
17:23:46 INFO  LibraryIdentifier         :              version: 1.1.0  [OLD VERSION]
17:23:46 INFO  LibraryIdentifier         :         release-date:  --
17:23:46 INFO  LibraryIdentifier         :     lib root package: "android.arch.core"
17:23:46 INFO  LibraryIdentifier         :         Partial matching results:
17:23:46 INFO  LibraryIdentifier         :              - config: Hashing.md5() | Flags: no-flag | Keep: PN | Prune: MSIG   score: 0.9
17:23:46 INFO  LibraryIdentifier         : 
17:23:46 INFO  LibraryIdentifier         :                 name: android.arch.navigation::navigation-common
17:23:46 INFO  LibraryIdentifier         :             category: Android
17:23:46 INFO  LibraryIdentifier         :              version: 1.0.0
17:23:46 INFO  LibraryIdentifier         :         release-date:  --
17:23:46 INFO  LibraryIdentifier         :     lib root package: "androidx.navigation"
17:23:46 INFO  LibraryIdentifier         :         Partial matching results:
17:23:46 INFO  LibraryIdentifier         :              - config: Hashing.md5() | Flags: no-flag | Keep: PN | Prune: MSIG   score: 0.7567568
17:23:46 INFO  LibraryIdentifier         : 
17:23:46 INFO  LibraryIdentifier         : 
17:23:46 INFO  LibraryIdentifier         : App processing time: 46 sec, 316 ms
