16:13:29 INFO  LibraryIdentifier         : Process app: org.tryton.client_6.apk
16:13:29 INFO  LibraryIdentifier         : = Manifest Parser =
16:13:29 INFO  LibraryIdentifier         :         Package name: org.tryton.client
16:13:29 INFO  LibraryIdentifier         :         Version code: 6
16:13:29 INFO  LibraryIdentifier         :        minSdkVersion: 4
16:13:29 INFO  LibraryIdentifier         :     targetSdkVersion: 4
16:13:29 INFO  LibraryIdentifier         :         SharedUserId:  - none -
16:13:29 INFO  LibraryIdentifier         :     Library dependencies:  - none -
16:13:29 INFO  LibraryIdentifier         : 
16:13:29 INFO  LibraryIdentifier         : Found 402 unique libraries in 12405 library profiles
16:13:30 INFO  LibraryIdentifier         : Generated class hierarchy (in 453 ms)
16:13:30 INFO  WalaUtils                 : 
16:13:30 INFO  WalaUtils                 : = ClassHierarchy Stats =
16:13:30 INFO  WalaUtils                 :     # of classes: 199
16:13:30 INFO  WalaUtils                 :     # thereof inner classes: 98
16:13:30 INFO  WalaUtils                 :     # thereof public classes: 119
16:13:30 INFO  WalaUtils                 :         Activity : 12
16:13:30 INFO  WalaUtils                 :         Application : 0
16:13:30 INFO  WalaUtils                 :         AsyncTask : 0
16:13:30 INFO  WalaUtils                 :         BroadcastReceiver : 0
16:13:30 INFO  WalaUtils                 :         ContentProvider : 0
16:13:30 INFO  WalaUtils                 :         Fragment : 0
16:13:30 INFO  WalaUtils                 :         Handler : 19
16:13:30 INFO  WalaUtils                 :         LayoutContainer : 4
16:13:30 INFO  WalaUtils                 :         Plain : 125
16:13:30 INFO  WalaUtils                 :         Runnable : 0
16:13:30 INFO  WalaUtils                 :         Service : 0
16:13:30 INFO  WalaUtils                 :         Thread : 37
16:13:30 INFO  WalaUtils                 :         View : 2
16:13:30 INFO  WalaUtils                 :     # methods: 1470
16:13:30 INFO  WalaUtils                 :         # of publicly accessible methods: 1149
16:13:30 INFO  WalaUtils                 :         # of non-accessible methods: 321
16:13:30 INFO  WalaUtils                 : 
16:13:30 INFO  Profile                   : = PackageTree =
16:13:30 INFO  PackageTree               : Root Package:  - none -
16:13:30 INFO  PackageTree               : └── Root
16:13:30 INFO  PackageTree               :     ├── org
16:13:30 INFO  PackageTree               :     │   ├── achartengine (8)
16:13:30 INFO  PackageTree               :     │   │   ├── util (3)
16:13:30 INFO  PackageTree               :     │   │   ├── model (9)
16:13:30 INFO  PackageTree               :     │   │   ├── chart (19)
16:13:30 INFO  PackageTree               :     │   │   ├── renderer (8)
16:13:30 INFO  PackageTree               :     │   │   └── tools (7)
16:13:30 INFO  PackageTree               :     │   ├── tryton
16:13:30 INFO  PackageTree               :     │   │   └── client (16)
16:13:30 INFO  PackageTree               :     │   │       ├── tools (37)
16:13:30 INFO  PackageTree               :     │   │       ├── data (15)
16:13:30 INFO  PackageTree               :     │   │       ├── views (7)
16:13:30 INFO  PackageTree               :     │   │       └── models (7)
16:13:30 INFO  PackageTree               :     │   └── alexd
16:13:30 INFO  PackageTree               :     │       └── jsonrpc (52)
16:13:30 INFO  PackageTree               :     └── com
16:13:30 INFO  PackageTree               :         └── larvalabs
16:13:30 INFO  PackageTree               :             └── svgandroid (11)
16:13:30 INFO  Profile                   : 
16:13:30 INFO  AppProfile                : - generated app package tree (in 18 ms)
16:13:30 INFO  AppProfile                : 
16:13:30 DEBUG HashTree                  : Generate hash tree..
16:13:30 DEBUG HashTree                  :     - generated 13 package hashes.
16:13:30 DEBUG HashTree                  :     - generated 198 clazz hashes.
16:13:30 DEBUG HashTree                  :     - generated 1470 method hashes.
16:13:30 DEBUG HashTree                  :     => Library Hash: 4bab93e127fbbad8e20ac587a4ea2e2c
16:13:30 INFO  AppProfile                : - generated app hash trees (in 99 ms)
16:13:30 INFO  AppProfile                : 
16:13:30 INFO  LibraryIdentifier         : = Scan for library root packages (heuristic) =
16:13:30 INFO  LibraryIdentifier         : 
16:13:30 INFO  LibraryIdentifier         : = Match profiles =
16:13:33 INFO  LibraryIdentifier         :     >> profile matching done (2 sec, 695 ms)
16:13:33 INFO  LibraryIdentifier         : 
16:13:33 INFO  LibraryIdentifier         : == Report ==
16:13:33 INFO  LibraryIdentifier         : - Full library matches:
16:13:33 INFO  LibraryIdentifier         : 
16:13:33 INFO  LibraryIdentifier         : - Partial library matches:
16:13:34 INFO  LibraryIdentifier         : 
16:13:34 INFO  LibraryIdentifier         : App processing time: 4 sec, 260 ms
