18:35:02 INFO  LibraryIdentifier         : Process app: com.apk.editor_20.apk
18:35:02 INFO  LibraryIdentifier         : = Manifest Parser =
18:35:02 INFO  LibraryIdentifier         :         Package name: com.apk.editor
18:35:02 INFO  LibraryIdentifier         :         Version code: 20
18:35:02 INFO  LibraryIdentifier         :        minSdkVersion: 23
18:35:02 INFO  LibraryIdentifier         :     targetSdkVersion: 31
18:35:02 INFO  LibraryIdentifier         :         SharedUserId:  - none -
18:35:02 INFO  LibraryIdentifier         :     Library dependencies:  - none -
18:35:02 INFO  LibraryIdentifier         : 
18:35:02 INFO  LibraryIdentifier         : Found 402 unique libraries in 12405 library profiles
18:35:03 INFO  LibraryIdentifier         : Generated class hierarchy (in 566 ms)
18:35:03 INFO  WalaUtils                 : 
18:35:03 INFO  WalaUtils                 : = ClassHierarchy Stats =
18:35:03 INFO  WalaUtils                 :     # of classes: 2563
18:35:03 INFO  WalaUtils                 :     # thereof inner classes: 1068
18:35:03 INFO  WalaUtils                 :     # thereof public classes: 2542
18:35:03 INFO  WalaUtils                 :         Activity : 19
18:35:03 INFO  WalaUtils                 :         Application : 0
18:35:03 INFO  WalaUtils                 :         AsyncTask : 0
18:35:03 INFO  WalaUtils                 :         BroadcastReceiver : 1
18:35:03 INFO  WalaUtils                 :         ContentProvider : 1
18:35:03 INFO  WalaUtils                 :         Fragment : 1
18:35:03 INFO  WalaUtils                 :         Handler : 1
18:35:03 INFO  WalaUtils                 :         LayoutContainer : 64
18:35:03 INFO  WalaUtils                 :         Plain : 2436
18:35:03 INFO  WalaUtils                 :         Runnable : 0
18:35:03 INFO  WalaUtils                 :         Service : 1
18:35:03 INFO  WalaUtils                 :         Thread : 3
18:35:03 INFO  WalaUtils                 :         View : 36
18:35:03 INFO  WalaUtils                 :     # methods: 13030
18:35:03 INFO  WalaUtils                 :         # of publicly accessible methods: 12944
18:35:03 INFO  WalaUtils                 :         # of non-accessible methods: 86
18:35:03 INFO  WalaUtils                 : 
18:35:03 INFO  Profile                   : = PackageTree =
18:35:03 INFO  PackageTree               : Root Package: androidx
18:35:03 INFO  PackageTree               : └── Root
18:35:03 INFO  PackageTree               :     ├── p (16)
18:35:03 INFO  PackageTree               :     ├── q (8)
18:35:03 INFO  PackageTree               :     ├── androidx
18:35:03 INFO  PackageTree               :     │   ├── appcompat
18:35:03 INFO  PackageTree               :     │   │   ├── widget (163)
18:35:03 INFO  PackageTree               :     │   │   ├── app (9)
18:35:03 INFO  PackageTree               :     │   │   └── view
18:35:03 INFO  PackageTree               :     │   │       └── menu (31)
18:35:03 INFO  PackageTree               :     │   ├── recyclerview
18:35:03 INFO  PackageTree               :     │   │   └── widget (109)
18:35:03 INFO  PackageTree               :     │   ├── fragment
18:35:03 INFO  PackageTree               :     │   │   └── app (57)
18:35:03 INFO  PackageTree               :     │   ├── lifecycle (32)
18:35:03 INFO  PackageTree               :     │   ├── coordinatorlayout
18:35:03 INFO  PackageTree               :     │   │   └── widget (11)
18:35:03 INFO  PackageTree               :     │   ├── constraintlayout
18:35:03 INFO  PackageTree               :     │   │   └── widget (16)
18:35:03 INFO  PackageTree               :     │   ├── viewpager
18:35:03 INFO  PackageTree               :     │   │   └── widget (13)
18:35:03 INFO  PackageTree               :     │   ├── activity (12)
18:35:03 INFO  PackageTree               :     │   ├── annotation (1)
18:35:03 INFO  PackageTree               :     │   ├── core
18:35:03 INFO  PackageTree               :     │   │   ├── app (4)
18:35:03 INFO  PackageTree               :     │   │   ├── graphics
18:35:03 INFO  PackageTree               :     │   │   │   └── drawable (2)
18:35:03 INFO  PackageTree               :     │   │   ├── content (3)
18:35:03 INFO  PackageTree               :     │   │   └── widget (5)
18:35:03 INFO  PackageTree               :     │   ├── savedstate (7)
18:35:03 INFO  PackageTree               :     │   ├── versionedparcelable (3)
18:35:03 INFO  PackageTree               :     │   └── viewpager2
18:35:03 INFO  PackageTree               :     │       └── adapter (3)
18:35:03 INFO  PackageTree               :     ├── i (8)
18:35:03 INFO  PackageTree               :     ├── d (14)
18:35:03 INFO  PackageTree               :     ├── com
18:35:03 INFO  PackageTree               :     │   ├── google
18:35:03 INFO  PackageTree               :     │   │   └── android
18:35:03 INFO  PackageTree               :     │   │       └── material
18:35:03 INFO  PackageTree               :     │   │           ├── transformation (13)
18:35:03 INFO  PackageTree               :     │   │           ├── datepicker (37)
18:35:03 INFO  PackageTree               :     │   │           ├── bottomsheet (8)
18:35:03 INFO  PackageTree               :     │   │           ├── tabs (15)
18:35:03 INFO  PackageTree               :     │   │           ├── snackbar (27)
18:35:03 INFO  PackageTree               :     │   │           ├── behavior (7)
18:35:03 INFO  PackageTree               :     │   │           ├── textfield (33)
18:35:03 INFO  PackageTree               :     │   │           ├── button (12)
18:35:03 INFO  PackageTree               :     │   │           ├── bottomnavigation (3)
18:35:03 INFO  PackageTree               :     │   │           ├── appbar (11)
18:35:03 INFO  PackageTree               :     │   │           ├── timepicker (16)
18:35:03 INFO  PackageTree               :     │   │           ├── floatingactionbutton (24)
18:35:03 INFO  PackageTree               :     │   │           ├── bottomappbar (5)
18:35:03 INFO  PackageTree               :     │   │           ├── chip (10)
18:35:03 INFO  PackageTree               :     │   │           ├── internal (7)
18:35:03 INFO  PackageTree               :     │   │           ├── theme (1)
18:35:03 INFO  PackageTree               :     │   │           ├── textview (1)
18:35:03 INFO  PackageTree               :     │   │           ├── card (2)
18:35:03 INFO  PackageTree               :     │   │           └── checkbox (1)
18:35:03 INFO  PackageTree               :     │   └── apk
18:35:03 INFO  PackageTree               :     │       └── editor (2)
18:35:03 INFO  PackageTree               :     │           ├── activities (17)
18:35:03 INFO  PackageTree               :     │           └── services (1)
18:35:03 INFO  PackageTree               :     ├── d2 (127)
18:35:03 INFO  PackageTree               :     ├── f (13)
18:35:03 INFO  PackageTree               :     ├── z1 (16)
18:35:03 INFO  PackageTree               :     ├── b (39)
18:35:03 INFO  PackageTree               :     ├── o (13)
18:35:03 INFO  PackageTree               :     ├── u3 (75)
18:35:03 INFO  PackageTree               :     ├── l (15)
18:35:03 INFO  PackageTree               :     ├── x (13)
18:35:03 INFO  PackageTree               :     ├── p1 (25)
18:35:03 INFO  PackageTree               :     ├── s4 (143)
18:35:03 INFO  PackageTree               :     ├── b4 (12)
18:35:03 INFO  PackageTree               :     ├── i4 (13)
18:35:03 INFO  PackageTree               :     ├── v1 (25)
18:35:03 INFO  PackageTree               :     ├── i3 (11)
18:35:03 INFO  PackageTree               :     ├── m3 (19)
18:35:03 INFO  PackageTree               :     ├── c3 (15)
18:35:03 INFO  PackageTree               :     ├── n0 (55)
18:35:03 INFO  PackageTree               :     ├── v0 (35)
18:35:03 INFO  PackageTree               :     ├── o4 (23)
18:35:03 INFO  PackageTree               :     ├── y3 (30)
18:35:03 INFO  PackageTree               :     ├── d4 (18)
18:35:03 INFO  PackageTree               :     ├── e4 (37)
18:35:03 INFO  PackageTree               :     ├── g4 (18)
18:35:03 INFO  PackageTree               :     ├── j4 (41)
18:35:03 INFO  PackageTree               :     ├── m4 (21)
18:35:03 INFO  PackageTree               :     ├── p4 (76)
18:35:03 INFO  PackageTree               :     ├── v3 (48)
18:35:03 INFO  PackageTree               :     ├── o0 (18)
18:35:03 INFO  PackageTree               :     ├── t4 (19)
18:35:03 INFO  PackageTree               :     ├── r4 (13)
18:35:03 INFO  PackageTree               :     ├── q4 (2)
18:35:03 INFO  PackageTree               :     ├── t0 (24)
18:35:03 INFO  PackageTree               :     ├── n4 (12)
18:35:03 INFO  PackageTree               :     ├── l4 (5)
18:35:03 INFO  PackageTree               :     ├── k4 (8)
18:35:03 INFO  PackageTree               :     ├── h4 (8)
18:35:03 INFO  PackageTree               :     ├── f4 (9)
18:35:03 INFO  PackageTree               :     ├── c4 (9)
18:35:03 INFO  PackageTree               :     ├── a4 (2)
18:35:03 INFO  PackageTree               :     ├── y1 (2)
18:35:03 INFO  PackageTree               :     ├── w1 (7)
18:35:03 INFO  PackageTree               :     ├── q1 (15)
18:35:03 INFO  PackageTree               :     ├── o1 (3)
18:35:03 INFO  PackageTree               :     ├── u1 (2)
18:35:03 INFO  PackageTree               :     ├── s1 (7)
18:35:03 INFO  PackageTree               :     ├── i1 (8)
18:35:03 INFO  PackageTree               :     ├── k1 (2)
18:35:03 INFO  PackageTree               :     ├── a1 (6)
18:35:03 INFO  PackageTree               :     ├── b1 (4)
18:35:03 INFO  PackageTree               :     ├── e1 (3)
18:35:03 INFO  PackageTree               :     ├── c1 (8)
18:35:03 INFO  PackageTree               :     ├── d1 (2)
18:35:03 INFO  PackageTree               :     ├── u0 (23)
18:35:03 INFO  PackageTree               :     ├── y2 (13)
18:35:03 INFO  PackageTree               :     ├── z2 (15)
18:35:03 INFO  PackageTree               :     ├── x2 (14)
18:35:03 INFO  PackageTree               :     ├── q2 (7)
18:35:03 INFO  PackageTree               :     ├── s2 (5)
18:35:03 INFO  PackageTree               :     ├── n2 (16)
18:35:03 INFO  PackageTree               :     ├── o2 (7)
18:35:03 INFO  PackageTree               :     ├── j2 (6)
18:35:03 INFO  PackageTree               :     ├── l2 (8)
18:35:03 INFO  PackageTree               :     ├── h2 (11)
18:35:03 INFO  PackageTree               :     ├── c2 (6)
18:35:03 INFO  PackageTree               :     ├── t3 (38)
18:35:03 INFO  PackageTree               :     ├── e3 (22)
18:35:03 INFO  PackageTree               :     ├── z3 (11)
18:35:03 INFO  PackageTree               :     ├── x3 (10)
18:35:03 INFO  PackageTree               :     ├── q3 (11)
18:35:03 INFO  PackageTree               :     ├── r3 (23)
18:35:03 INFO  PackageTree               :     ├── p3 (8)
18:35:03 INFO  PackageTree               :     ├── k3 (14)
18:35:03 INFO  PackageTree               :     ├── g3 (17)
18:35:03 INFO  PackageTree               :     ├── z0 (10)
18:35:03 INFO  PackageTree               :     ├── e0 (40)
18:35:03 INFO  PackageTree               :     ├── b0 (19)
18:35:03 INFO  PackageTree               :     ├── n (13)
18:35:03 INFO  PackageTree               :     ├── m2 (13)
18:35:03 INFO  PackageTree               :     ├── g2 (3)
18:35:03 INFO  PackageTree               :     ├── e2 (2)
18:35:03 INFO  PackageTree               :     ├── j0 (12)
18:35:03 INFO  PackageTree               :     ├── l0 (5)
18:35:03 INFO  PackageTree               :     ├── e (1)
18:35:03 INFO  PackageTree               :     ├── h (4)
18:35:03 INFO  PackageTree               :     ├── g (12)
18:35:03 INFO  PackageTree               :     ├── c (1)
18:35:03 INFO  PackageTree               :     ├── m (1)
18:35:03 INFO  PackageTree               :     ├── j (1)
18:35:03 INFO  PackageTree               :     ├── k (7)
18:35:03 INFO  PackageTree               :     ├── v (1)
18:35:03 INFO  PackageTree               :     ├── u (10)
18:35:03 INFO  PackageTree               :     ├── w (14)
18:35:03 INFO  PackageTree               :     ├── r (1)
18:35:03 INFO  PackageTree               :     ├── t (1)
18:35:03 INFO  PackageTree               :     ├── s (1)
18:35:03 INFO  PackageTree               :     ├── z (3)
18:35:03 INFO  PackageTree               :     ├── y (2)
18:35:03 INFO  PackageTree               :     ├── f0 (18)
18:35:03 INFO  PackageTree               :     ├── w3 (4)
18:35:03 INFO  PackageTree               :     ├── s3 (7)
18:35:03 INFO  PackageTree               :     ├── o3 (8)
18:35:03 INFO  PackageTree               :     ├── n3 (4)
18:35:03 INFO  PackageTree               :     ├── j3 (7)
18:35:03 INFO  PackageTree               :     ├── l3 (2)
18:35:03 INFO  PackageTree               :     ├── f3 (2)
18:35:03 INFO  PackageTree               :     ├── h3 (3)
18:35:03 INFO  PackageTree               :     ├── b3 (1)
18:35:03 INFO  PackageTree               :     ├── d3 (3)
18:35:03 INFO  PackageTree               :     ├── a3 (1)
18:35:03 INFO  PackageTree               :     ├── w0 (3)
18:35:03 INFO  PackageTree               :     ├── x0 (2)
18:35:03 INFO  PackageTree               :     ├── q0 (2)
18:35:03 INFO  PackageTree               :     ├── p0 (3)
18:35:03 INFO  PackageTree               :     ├── g0 (8)
18:35:03 INFO  PackageTree               :     ├── h0 (6)
18:35:03 INFO  PackageTree               :     ├── k0 (4)
18:35:03 INFO  PackageTree               :     ├── c0 (11)
18:35:03 INFO  PackageTree               :     ├── d0 (4)
18:35:03 INFO  PackageTree               :     ├── s0 (4)
18:35:03 INFO  PackageTree               :     ├── android
18:35:03 INFO  PackageTree               :     │   └── support
18:35:03 INFO  PackageTree               :     │       └── v4
18:35:03 INFO  PackageTree               :     │           ├── graphics
18:35:03 INFO  PackageTree               :     │           │   └── drawable (1)
18:35:03 INFO  PackageTree               :     │           └── app (1)
18:35:03 INFO  PackageTree               :     ├── a (3)
18:35:03 INFO  PackageTree               :     ├── u2 (2)
18:35:03 INFO  PackageTree               :     ├── p2 (3)
18:35:03 INFO  PackageTree               :     ├── i2 (2)
18:35:03 INFO  PackageTree               :     ├── b2 (2)
18:35:03 INFO  PackageTree               :     ├── i0 (3)
18:35:03 INFO  PackageTree               :     ├── g1 (2)
18:35:03 INFO  PackageTree               :     ├── x1 (2)
18:35:03 INFO  PackageTree               :     ├── v2 (1)
18:35:03 INFO  PackageTree               :     ├── w2 (1)
18:35:03 INFO  PackageTree               :     ├── r2 (1)
18:35:03 INFO  PackageTree               :     ├── t2 (1)
18:35:03 INFO  PackageTree               :     ├── k2 (1)
18:35:03 INFO  PackageTree               :     ├── f2 (1)
18:35:03 INFO  PackageTree               :     ├── a2 (1)
18:35:03 INFO  PackageTree               :     ├── in
18:35:03 INFO  PackageTree               :     │   └── sunilpaulmathew
18:35:03 INFO  PackageTree               :     │       └── sCommon
18:35:03 INFO  PackageTree               :     │           └── Activities (1)
18:35:03 INFO  PackageTree               :     ├── y0 (1)
18:35:03 INFO  PackageTree               :     ├── m0 (1)
18:35:03 INFO  PackageTree               :     ├── a0 (1)
18:35:03 INFO  PackageTree               :     ├── r1 (1)
18:35:03 INFO  PackageTree               :     ├── t1 (1)
18:35:03 INFO  PackageTree               :     ├── j1 (1)
18:35:03 INFO  PackageTree               :     ├── h1 (1)
18:35:03 INFO  PackageTree               :     ├── n1 (1)
18:35:03 INFO  PackageTree               :     ├── l1 (1)
18:35:03 INFO  PackageTree               :     ├── m1 (1)
18:35:03 INFO  PackageTree               :     └── f1 (1)
18:35:03 INFO  Profile                   : 
18:35:03 INFO  AppProfile                : - generated app package tree (in 39 ms)
18:35:03 INFO  AppProfile                : 
18:35:03 DEBUG HashTree                  : Generate hash tree..
18:35:03 DEBUG HashTree                  :     - generated 190 package hashes.
18:35:03 DEBUG HashTree                  :     - generated 2439 clazz hashes.
18:35:03 DEBUG HashTree                  :     - generated 13030 method hashes.
18:35:03 DEBUG HashTree                  :     => Library Hash: 1019c570e7298af3622e42181945c308
18:35:03 INFO  AppProfile                : - generated app hash trees (in 365 ms)
18:35:03 INFO  AppProfile                : 
18:35:03 INFO  LibraryIdentifier         : = Scan for library root packages (heuristic) =
18:35:03 INFO  LibraryIdentifier         :     - Found lib root package androidx.annotation  (androidx.annotation::annotation)
18:35:03 INFO  LibraryIdentifier         :     - Found lib root package androidx.appcompat  (androidx.appcompat::appcompat)
18:35:03 INFO  LibraryIdentifier         :     - Found lib root package androidx.constraintlayout.widget  (androidx.constraintlayout::constraintlayout)
18:35:03 INFO  LibraryIdentifier         :     - Found lib root package androidx.coordinatorlayout.widget  (androidx.coordinatorlayout::coordinatorlayout)
18:35:03 INFO  LibraryIdentifier         :     - Found lib root package androidx.core  (androidx.core::core)
18:35:03 INFO  LibraryIdentifier         :     - Found lib root package androidx  (androidx.core::core-ktx)
18:35:03 INFO  LibraryIdentifier         :     - Found lib root package androidx.fragment.app  (androidx.fragment::fragment)
18:35:03 INFO  LibraryIdentifier         :     - Found lib root package androidx.fragment.app  (androidx.fragment::fragment-ktx)
18:35:03 INFO  LibraryIdentifier         :     - Found lib root package androidx.lifecycle  (androidx.lifecycle::lifecycle-common)
18:35:03 INFO  LibraryIdentifier         :     - Found lib root package androidx.lifecycle  (androidx.lifecycle::lifecycle-common-java8)
18:35:03 INFO  LibraryIdentifier         :     - Found lib root package androidx.lifecycle  (androidx.lifecycle::lifecycle-compiler)
18:35:03 INFO  LibraryIdentifier         :     - Found lib root package androidx.lifecycle  (androidx.lifecycle::lifecycle-extensions)
18:35:03 INFO  LibraryIdentifier         :     - Found lib root package androidx.lifecycle  (androidx.lifecycle::lifecycle-livedata)
18:35:03 INFO  LibraryIdentifier         :     - Found lib root package androidx.lifecycle  (androidx.lifecycle::lifecycle-livedata-core)
18:35:03 INFO  LibraryIdentifier         :     - Found lib root package androidx.lifecycle  (androidx.lifecycle::lifecycle-process)
18:35:03 INFO  LibraryIdentifier         :     - Found lib root package androidx.lifecycle  (androidx.lifecycle::lifecycle-reactivestreams)
18:35:03 INFO  LibraryIdentifier         :     - Found lib root package androidx.lifecycle  (androidx.lifecycle::lifecycle-reactivestreams-ktx)
18:35:03 INFO  LibraryIdentifier         :     - Found lib root package androidx.lifecycle  (androidx.lifecycle::lifecycle-runtime)
18:35:03 INFO  LibraryIdentifier         :     - Found lib root package androidx.lifecycle  (androidx.lifecycle::lifecycle-service)
18:35:03 INFO  LibraryIdentifier         :     - Found lib root package androidx.lifecycle  (androidx.lifecycle::lifecycle-viewmodel)
18:35:03 INFO  LibraryIdentifier         :     - Found lib root package androidx.lifecycle  (androidx.lifecycle::lifecycle-viewmodel-ktx)
18:35:03 INFO  LibraryIdentifier         :     - Found lib root package androidx.recyclerview.widget  (androidx.recyclerview::recyclerview)
18:35:03 INFO  LibraryIdentifier         :     - Found lib root package androidx.versionedparcelable  (androidx.versionedparcelable::versionedparcelable)
18:35:03 INFO  LibraryIdentifier         :     - Found lib root package androidx.viewpager.widget  (androidx.viewpager::viewpager)
18:35:03 INFO  LibraryIdentifier         :     - Found lib root package android.support.v4  (com.android.support::customview)
18:35:03 INFO  LibraryIdentifier         :     - Found lib root package android.support.v4  (com.android.support::loader)
18:35:03 INFO  LibraryIdentifier         :     - Found lib root package android.support.v4  (com.android.support::support-compat)
18:35:03 INFO  LibraryIdentifier         :     - Found lib root package android.support.v4  (com.android.support::support-core-ui)
18:35:03 INFO  LibraryIdentifier         :     - Found lib root package android.support.v4  (com.android.support::support-core-utils)
18:35:03 INFO  LibraryIdentifier         :     - Found lib root package android.support.v4.app  (com.android.support::support-fragment)
18:35:03 INFO  LibraryIdentifier         :     - Found lib root package android.support.v4  (com.android.support::support-v4)
18:35:03 INFO  LibraryIdentifier         :     - Found lib root package androidx.versionedparcelable  (com.android.support::versionedparcelable)
18:35:03 INFO  LibraryIdentifier         :     - Found lib root package com.google.android.material  (com.google.android.material::material)
18:35:03 INFO  LibraryIdentifier         : 
18:35:03 INFO  LibraryIdentifier         : = Match profiles =
18:35:38 INFO  LibraryIdentifier         :     >> profile matching done (34 sec, 682 ms)
18:35:38 INFO  LibraryIdentifier         : 
18:35:38 INFO  LibraryIdentifier         : == Report ==
18:35:38 INFO  LibraryIdentifier         : - Full library matches:
18:35:38 INFO  ProfileMatch              :                 name: com.google.firebase::firebase-ml-vision-image-label-model
18:35:38 INFO  ProfileMatch              :             category: Android
18:35:38 INFO  ProfileMatch              :              version: 20.0.0  [OLD VERSION]
18:35:38 INFO  ProfileMatch              :         release-date:  --
18:35:38 INFO  ProfileMatch              :     lib root package: "com.google.firebase.ml.vision.imagelabel"  (in app: "a0")
18:35:38 INFO  ProfileMatch              : 
18:35:38 INFO  ProfileMatch              :                 name: com.google.firebase::firebase-ml-vision-image-label-model
18:35:38 INFO  ProfileMatch              :             category: Android
18:35:38 INFO  ProfileMatch              :              version: 20.0.1  [OLD VERSION]
18:35:38 INFO  ProfileMatch              :         release-date:  --
18:35:38 INFO  ProfileMatch              :     lib root package: "com.google.firebase.ml.vision.imagelabel"  (in app: "a0")
18:35:38 INFO  ProfileMatch              : 
18:35:38 INFO  ProfileMatch              :                 name: com.google.firebase::firebase-ml-vision-image-label-model
18:35:38 INFO  ProfileMatch              :             category: Android
18:35:38 INFO  ProfileMatch              :              version: 20.0.2
18:35:38 INFO  ProfileMatch              :         release-date:  --
18:35:38 INFO  ProfileMatch              :     lib root package: "com.google.firebase.ml.vision.imagelabel"  (in app: "a0")
18:35:38 INFO  ProfileMatch              : 
18:35:38 INFO  ProfileMatch              :                 name: com.android.support::multidex-instrumentation
18:35:38 INFO  ProfileMatch              :             category: Android
18:35:38 INFO  ProfileMatch              :              version: 1.0.0  [OLD VERSION]
18:35:38 INFO  ProfileMatch              :         release-date:  --
18:35:38 INFO  ProfileMatch              :     lib root package: "com.android.test.runner"  (in app: "in.sunilpaulmathew.sCommon.Activities")
18:35:38 INFO  ProfileMatch              : 
18:35:38 INFO  ProfileMatch              :                 name: com.android.support::multidex-instrumentation
18:35:38 INFO  ProfileMatch              :             category: Android
18:35:38 INFO  ProfileMatch              :              version: 1.0.1  [OLD VERSION]
18:35:38 INFO  ProfileMatch              :         release-date:  --
18:35:38 INFO  ProfileMatch              :     lib root package: "com.android.test.runner"  (in app: "in.sunilpaulmathew.sCommon.Activities")
18:35:38 INFO  ProfileMatch              : 
18:35:38 INFO  ProfileMatch              :                 name: com.android.support::multidex-instrumentation
18:35:38 INFO  ProfileMatch              :             category: Android
18:35:38 INFO  ProfileMatch              :              version: 1.0.2  [OLD VERSION]
18:35:38 INFO  ProfileMatch              :         release-date:  --
18:35:38 INFO  ProfileMatch              :     lib root package: "com.android.test.runner"  (in app: "in.sunilpaulmathew.sCommon.Activities")
18:35:38 INFO  ProfileMatch              : 
18:35:38 INFO  ProfileMatch              :                 name: com.android.support::multidex-instrumentation
18:35:38 INFO  ProfileMatch              :             category: Android
18:35:38 INFO  ProfileMatch              :              version: 1.0.3
18:35:38 INFO  ProfileMatch              :         release-date:  --
18:35:38 INFO  ProfileMatch              :     lib root package: "com.android.test.runner"  (in app: "in.sunilpaulmathew.sCommon.Activities")
18:35:38 INFO  ProfileMatch              : 
18:35:38 INFO  ProfileMatch              :                 name: com.android.support::interpolator
18:35:38 INFO  ProfileMatch              :             category: Android
18:35:38 INFO  ProfileMatch              :              version: 28.0.0
18:35:38 INFO  ProfileMatch              :         release-date:  --
18:35:38 INFO  ProfileMatch              :     lib root package: "android.support.v4.view.animation"  (in app: "k0")
18:35:38 INFO  ProfileMatch              : 
18:35:38 INFO  ProfileMatch              :                 name: androidx.interpolator::interpolator
18:35:38 INFO  ProfileMatch              :             category: Android
18:35:38 INFO  ProfileMatch              :              version: 1.0.0
18:35:38 INFO  ProfileMatch              :         release-date:  --
18:35:38 INFO  ProfileMatch              :     lib root package: "androidx.interpolator.view.animation"  (in app: "k0")
18:35:38 INFO  ProfileMatch              : 
18:35:38 INFO  ProfileMatch              :                 name: androidx.multidex::multidex-instrumentation
18:35:38 INFO  ProfileMatch              :             category: Android
18:35:38 INFO  ProfileMatch              :              version: 2.0.0
18:35:38 INFO  ProfileMatch              :         release-date:  --
18:35:38 INFO  ProfileMatch              :     lib root package: "com.android.test.runner"  (in app: "in.sunilpaulmathew.sCommon.Activities")
18:35:38 INFO  ProfileMatch              : 
18:35:38 INFO  ProfileMatch              :                 name: Facebook
18:35:38 INFO  ProfileMatch              :             category: SocialMedia
18:35:38 INFO  ProfileMatch              :              version: 4.27.0  [OLD VERSION]
18:35:38 INFO  ProfileMatch              :         release-date: 26.09.2017
18:35:38 INFO  ProfileMatch              :     lib root package: "com.facebook.all"  (in app: "a0")
18:35:38 INFO  ProfileMatch              : 
18:35:38 INFO  ProfileMatch              :                 name: Facebook
18:35:38 INFO  ProfileMatch              :             category: SocialMedia
18:35:38 INFO  ProfileMatch              :              version: 4.28.0  [OLD VERSION]
18:35:38 INFO  ProfileMatch              :         release-date: 07.11.2017
18:35:38 INFO  ProfileMatch              :     lib root package: "com.facebook.all"  (in app: "a0")
18:35:38 INFO  ProfileMatch              : 
18:35:38 INFO  ProfileMatch              :                 name: Facebook
18:35:38 INFO  ProfileMatch              :             category: SocialMedia
18:35:38 INFO  ProfileMatch              :              version: 4.29.0  [OLD VERSION]
18:35:38 INFO  ProfileMatch              :         release-date: 05.12.2017
18:35:38 INFO  ProfileMatch              :     lib root package: "com.facebook.all"  (in app: "a0")
18:35:38 INFO  ProfileMatch              : 
18:35:38 INFO  ProfileMatch              :                 name: Facebook
18:35:38 INFO  ProfileMatch              :             category: SocialMedia
18:35:38 INFO  ProfileMatch              :              version: 4.30.0  [OLD VERSION]
18:35:38 INFO  ProfileMatch              :         release-date: 24.01.2018
18:35:38 INFO  ProfileMatch              :     lib root package: "com.facebook.all"  (in app: "a0")
18:35:38 INFO  ProfileMatch              : 
18:35:38 INFO  ProfileMatch              :                 name: Facebook
18:35:38 INFO  ProfileMatch              :             category: SocialMedia
18:35:38 INFO  ProfileMatch              :              version: 4.31.0  [OLD VERSION]
18:35:38 INFO  ProfileMatch              :         release-date: 28.02.2018
18:35:38 INFO  ProfileMatch              :     lib root package: "com.facebook.all"  (in app: "a0")
18:35:38 INFO  ProfileMatch              : 
18:35:38 INFO  ProfileMatch              :                 name: Facebook
18:35:38 INFO  ProfileMatch              :             category: SocialMedia
18:35:38 INFO  ProfileMatch              :              version: 4.32.0  [OLD VERSION]
18:35:38 INFO  ProfileMatch              :         release-date: 11.04.2018
18:35:38 INFO  ProfileMatch              :     lib root package: "com.facebook.all"  (in app: "a0")
18:35:38 INFO  ProfileMatch              : 
18:35:38 INFO  ProfileMatch              :                 name: Facebook
18:35:38 INFO  ProfileMatch              :             category: SocialMedia
18:35:38 INFO  ProfileMatch              :              version: 4.33.0  [OLD VERSION]
18:35:38 INFO  ProfileMatch              :         release-date: 01.05.2018
18:35:38 INFO  ProfileMatch              :     lib root package: "com.facebook.all"  (in app: "a0")
18:35:38 INFO  ProfileMatch              : 
18:35:38 INFO  ProfileMatch              :                 name: Facebook
18:35:38 INFO  ProfileMatch              :             category: SocialMedia
18:35:38 INFO  ProfileMatch              :              version: 4.34.0  [OLD VERSION]
18:35:38 INFO  ProfileMatch              :         release-date: 19.06.2018
18:35:38 INFO  ProfileMatch              :     lib root package: "com.facebook.all"  (in app: "a0")
18:35:38 INFO  ProfileMatch              : 
18:35:38 INFO  ProfileMatch              :                 name: Facebook
18:35:38 INFO  ProfileMatch              :             category: SocialMedia
18:35:38 INFO  ProfileMatch              :              version: 4.35.0  [OLD VERSION]
18:35:38 INFO  ProfileMatch              :         release-date: 26.07.2018
18:35:38 INFO  ProfileMatch              :     lib root package: "com.facebook.all"  (in app: "a0")
18:35:38 INFO  ProfileMatch              : 
18:35:38 INFO  ProfileMatch              :                 name: Facebook
18:35:38 INFO  ProfileMatch              :             category: SocialMedia
18:35:38 INFO  ProfileMatch              :              version: 4.36.0  [OLD VERSION]
18:35:38 INFO  ProfileMatch              :         release-date: 29.08.2018
18:35:38 INFO  ProfileMatch              :     lib root package: "com.facebook.all"  (in app: "a0")
18:35:38 INFO  ProfileMatch              : 
18:35:38 INFO  ProfileMatch              :                 name: Facebook
18:35:38 INFO  ProfileMatch              :             category: SocialMedia
18:35:38 INFO  ProfileMatch              :              version: 4.36.1  [OLD VERSION]
18:35:38 INFO  ProfileMatch              :         release-date: 15.09.2018
18:35:38 INFO  ProfileMatch              :     lib root package: "com.facebook.all"  (in app: "a0")
18:35:38 INFO  ProfileMatch              : 
18:35:38 INFO  ProfileMatch              :                 name: Facebook
18:35:38 INFO  ProfileMatch              :             category: SocialMedia
18:35:38 INFO  ProfileMatch              :              version: 4.37.0  [OLD VERSION]
18:35:38 INFO  ProfileMatch              :         release-date: 27.09.2018
18:35:38 INFO  ProfileMatch              :     lib root package: "com.facebook.all"  (in app: "a0")
18:35:38 INFO  ProfileMatch              : 
18:35:38 INFO  ProfileMatch              :                 name: Facebook
18:35:38 INFO  ProfileMatch              :             category: SocialMedia
18:35:38 INFO  ProfileMatch              :              version: 4.38.0  [OLD VERSION]
18:35:38 INFO  ProfileMatch              :         release-date: 23.10.2018
18:35:38 INFO  ProfileMatch              :     lib root package: "com.facebook.all"  (in app: "a0")
18:35:38 INFO  ProfileMatch              : 
18:35:38 INFO  ProfileMatch              :                 name: Facebook
18:35:38 INFO  ProfileMatch              :             category: SocialMedia
18:35:38 INFO  ProfileMatch              :              version: 4.38.1  [OLD VERSION]
18:35:38 INFO  ProfileMatch              :         release-date: 31.10.2018
18:35:38 INFO  ProfileMatch              :     lib root package: "com.facebook.all"  (in app: "a0")
18:35:38 INFO  ProfileMatch              : 
18:35:38 INFO  ProfileMatch              :                 name: Facebook
18:35:38 INFO  ProfileMatch              :             category: SocialMedia
18:35:38 INFO  ProfileMatch              :              version: 4.39.0  [OLD VERSION]
18:35:38 INFO  ProfileMatch              :         release-date: 05.12.2018
18:35:38 INFO  ProfileMatch              :     lib root package: "com.facebook.all"  (in app: "a0")
18:35:38 INFO  ProfileMatch              : 
18:35:38 INFO  ProfileMatch              :                 name: Facebook
18:35:38 INFO  ProfileMatch              :             category: SocialMedia
18:35:38 INFO  ProfileMatch              :              version: 4.40.0  [OLD VERSION]
18:35:38 INFO  ProfileMatch              :         release-date: 22.01.2019
18:35:38 INFO  ProfileMatch              :     lib root package: "com.facebook.all"  (in app: "a0")
18:35:38 INFO  ProfileMatch              : 
18:35:38 INFO  ProfileMatch              :                 name: Facebook
18:35:38 INFO  ProfileMatch              :             category: SocialMedia
18:35:38 INFO  ProfileMatch              :              version: 4.41.0  [OLD VERSION]
18:35:38 INFO  ProfileMatch              :         release-date: 08.03.2019
18:35:38 INFO  ProfileMatch              :     lib root package: "com.facebook.all"  (in app: "a0")
18:35:38 INFO  ProfileMatch              : 
18:35:38 INFO  ProfileMatch              :                 name: Facebook
18:35:38 INFO  ProfileMatch              :             category: SocialMedia
18:35:38 INFO  ProfileMatch              :              version: 4.42.0  [OLD VERSION]
18:35:38 INFO  ProfileMatch              :         release-date: 08.04.2019
18:35:38 INFO  ProfileMatch              :     lib root package: "com.facebook.all"  (in app: "a0")
18:35:38 INFO  ProfileMatch              : 
18:35:38 INFO  ProfileMatch              :                 name: Facebook
18:35:38 INFO  ProfileMatch              :             category: SocialMedia
18:35:38 INFO  ProfileMatch              :              version: 5.0.0  [OLD VERSION]
18:35:38 INFO  ProfileMatch              :         release-date: 30.04.2019
18:35:38 INFO  ProfileMatch              :     lib root package: "com.facebook.all"  (in app: "a0")
18:35:38 INFO  ProfileMatch              : 
18:35:38 INFO  ProfileMatch              :                 name: Facebook
18:35:38 INFO  ProfileMatch              :             category: SocialMedia
18:35:38 INFO  ProfileMatch              :              version: 5.0.1  [OLD VERSION]
18:35:38 INFO  ProfileMatch              :         release-date: 17.05.2019
18:35:38 INFO  ProfileMatch              :     lib root package: "com.facebook.all"  (in app: "a0")
18:35:38 INFO  ProfileMatch              : 
18:35:38 INFO  ProfileMatch              :                 name: Facebook
18:35:38 INFO  ProfileMatch              :             category: SocialMedia
18:35:38 INFO  ProfileMatch              :              version: 5.0.2  [OLD VERSION]
18:35:38 INFO  ProfileMatch              :         release-date: 09.06.2019
18:35:38 INFO  ProfileMatch              :     lib root package: "com.facebook.all"  (in app: "a0")
18:35:38 INFO  ProfileMatch              : 
18:35:38 INFO  ProfileMatch              :                 name: Facebook
18:35:38 INFO  ProfileMatch              :             category: SocialMedia
18:35:38 INFO  ProfileMatch              :              version: 5.0.3  [OLD VERSION]
18:35:38 INFO  ProfileMatch              :         release-date: 14.06.2019
18:35:38 INFO  ProfileMatch              :     lib root package: "com.facebook.all"  (in app: "a0")
18:35:38 INFO  ProfileMatch              : 
18:35:38 INFO  ProfileMatch              :                 name: Facebook
18:35:38 INFO  ProfileMatch              :             category: SocialMedia
18:35:38 INFO  ProfileMatch              :              version: 5.1.0  [OLD VERSION]
18:35:38 INFO  ProfileMatch              :         release-date: 21.06.2019
18:35:38 INFO  ProfileMatch              :     lib root package: "com.facebook.all"  (in app: "a0")
18:35:38 INFO  ProfileMatch              : 
18:35:38 INFO  ProfileMatch              :                 name: Facebook
18:35:38 INFO  ProfileMatch              :             category: SocialMedia
18:35:38 INFO  ProfileMatch              :              version: 5.1.1  [OLD VERSION]
18:35:38 INFO  ProfileMatch              :         release-date: 02.07.2019
18:35:38 INFO  ProfileMatch              :     lib root package: "com.facebook.all"  (in app: "a0")
18:35:38 INFO  ProfileMatch              : 
18:35:38 INFO  ProfileMatch              :                 name: Facebook
18:35:38 INFO  ProfileMatch              :             category: SocialMedia
18:35:38 INFO  ProfileMatch              :              version: 5.2.0  [OLD VERSION]
18:35:38 INFO  ProfileMatch              :         release-date: 29.07.2019
18:35:38 INFO  ProfileMatch              :     lib root package: "com.facebook.all"  (in app: "a0")
18:35:38 INFO  ProfileMatch              : 
18:35:38 INFO  ProfileMatch              :                 name: Facebook
18:35:38 INFO  ProfileMatch              :             category: SocialMedia
18:35:38 INFO  ProfileMatch              :              version: 5.4.0  [OLD VERSION]
18:35:38 INFO  ProfileMatch              :         release-date: 16.08.2019
18:35:38 INFO  ProfileMatch              :     lib root package: "com.facebook.all"  (in app: "a0")
18:35:38 INFO  ProfileMatch              : 
18:35:38 INFO  ProfileMatch              :                 name: Facebook
18:35:38 INFO  ProfileMatch              :             category: SocialMedia
18:35:38 INFO  ProfileMatch              :              version: 5.5.0  [OLD VERSION]
18:35:38 INFO  ProfileMatch              :         release-date: 31.08.2019
18:35:38 INFO  ProfileMatch              :     lib root package: "com.facebook.all"  (in app: "a0")
18:35:38 INFO  ProfileMatch              : 
18:35:38 INFO  ProfileMatch              :                 name: Facebook
18:35:38 INFO  ProfileMatch              :             category: SocialMedia
18:35:38 INFO  ProfileMatch              :              version: 5.5.1  [OLD VERSION]
18:35:38 INFO  ProfileMatch              :         release-date: 06.09.2019
18:35:38 INFO  ProfileMatch              :     lib root package: "com.facebook.all"  (in app: "a0")
18:35:38 INFO  ProfileMatch              : 
18:35:38 INFO  ProfileMatch              :                 name: Facebook
18:35:38 INFO  ProfileMatch              :             category: SocialMedia
18:35:38 INFO  ProfileMatch              :              version: 5.5.2  [OLD VERSION]
18:35:38 INFO  ProfileMatch              :         release-date: 05.10.2019
18:35:38 INFO  ProfileMatch              :     lib root package: "com.facebook.all"  (in app: "a0")
18:35:38 INFO  ProfileMatch              : 
18:35:38 INFO  ProfileMatch              :                 name: Facebook
18:35:38 INFO  ProfileMatch              :             category: SocialMedia
18:35:38 INFO  ProfileMatch              :              version: 5.8.0  [OLD VERSION]
18:35:38 INFO  ProfileMatch              :         release-date: 08.10.2019
18:35:38 INFO  ProfileMatch              :     lib root package: "com.facebook.all"  (in app: "a0")
18:35:38 INFO  ProfileMatch              : 
18:35:38 INFO  ProfileMatch              :                 name: Facebook
18:35:38 INFO  ProfileMatch              :             category: SocialMedia
18:35:38 INFO  ProfileMatch              :              version: 5.9.0  [OLD VERSION]
18:35:38 INFO  ProfileMatch              :         release-date: 29.10.2019
18:35:38 INFO  ProfileMatch              :     lib root package: "com.facebook.all"  (in app: "a0")
18:35:38 INFO  ProfileMatch              : 
18:35:38 INFO  ProfileMatch              :                 name: Facebook
18:35:38 INFO  ProfileMatch              :             category: SocialMedia
18:35:38 INFO  ProfileMatch              :              version: 5.11.0  [OLD VERSION]
18:35:38 INFO  ProfileMatch              :         release-date: 15.11.2019
18:35:38 INFO  ProfileMatch              :     lib root package: "com.facebook.all"  (in app: "a0")
18:35:38 INFO  ProfileMatch              : 
18:35:38 INFO  ProfileMatch              :                 name: Facebook
18:35:38 INFO  ProfileMatch              :             category: SocialMedia
18:35:38 INFO  ProfileMatch              :              version: 5.11.1  [OLD VERSION]
18:35:38 INFO  ProfileMatch              :         release-date: 21.11.2019
18:35:38 INFO  ProfileMatch              :     lib root package: "com.facebook.all"  (in app: "a0")
18:35:38 INFO  ProfileMatch              : 
18:35:38 INFO  ProfileMatch              :                 name: Facebook
18:35:38 INFO  ProfileMatch              :             category: SocialMedia
18:35:38 INFO  ProfileMatch              :              version: 5.11.2  [OLD VERSION]
18:35:38 INFO  ProfileMatch              :         release-date: 22.11.2019
18:35:38 INFO  ProfileMatch              :     lib root package: "com.facebook.all"  (in app: "a0")
18:35:38 INFO  ProfileMatch              : 
18:35:38 INFO  ProfileMatch              :                 name: Facebook
18:35:38 INFO  ProfileMatch              :             category: SocialMedia
18:35:38 INFO  ProfileMatch              :              version: 5.12.0  [OLD VERSION]
18:35:38 INFO  ProfileMatch              :         release-date: 04.12.2019
18:35:38 INFO  ProfileMatch              :     lib root package: "com.facebook.all"  (in app: "a0")
18:35:38 INFO  ProfileMatch              : 
18:35:38 INFO  ProfileMatch              :                 name: Facebook
18:35:38 INFO  ProfileMatch              :             category: SocialMedia
18:35:38 INFO  ProfileMatch              :              version: 5.12.1  [OLD VERSION]
18:35:38 INFO  ProfileMatch              :         release-date: 09.12.2019
18:35:38 INFO  ProfileMatch              :     lib root package: "com.facebook.all"  (in app: "a0")
18:35:38 INFO  ProfileMatch              : 
18:35:38 INFO  ProfileMatch              :                 name: Facebook
18:35:38 INFO  ProfileMatch              :             category: SocialMedia
18:35:38 INFO  ProfileMatch              :              version: 5.13.0  [OLD VERSION]
18:35:38 INFO  ProfileMatch              :         release-date: 12.12.2019
18:35:38 INFO  ProfileMatch              :     lib root package: "com.facebook.all"  (in app: "a0")
18:35:38 INFO  ProfileMatch              : 
18:35:38 INFO  ProfileMatch              :                 name: Facebook
18:35:38 INFO  ProfileMatch              :             category: SocialMedia
18:35:38 INFO  ProfileMatch              :              version: 5.15.0  [OLD VERSION]
18:35:38 INFO  ProfileMatch              :         release-date: 21.01.2020
18:35:38 INFO  ProfileMatch              :     lib root package: "com.facebook.all"  (in app: "a0")
18:35:38 INFO  ProfileMatch              : 
18:35:38 INFO  ProfileMatch              :                 name: Facebook
18:35:38 INFO  ProfileMatch              :             category: SocialMedia
18:35:38 INFO  ProfileMatch              :              version: 5.15.1  [OLD VERSION]
18:35:38 INFO  ProfileMatch              :         release-date: 29.01.2020
18:35:38 INFO  ProfileMatch              :     lib root package: "com.facebook.all"  (in app: "a0")
18:35:38 INFO  ProfileMatch              : 
18:35:38 INFO  ProfileMatch              :                 name: Facebook
18:35:38 INFO  ProfileMatch              :             category: SocialMedia
18:35:38 INFO  ProfileMatch              :              version: 5.15.2  [OLD VERSION]
18:35:38 INFO  ProfileMatch              :         release-date: 03.02.2020
18:35:38 INFO  ProfileMatch              :     lib root package: "com.facebook.all"  (in app: "a0")
18:35:38 INFO  ProfileMatch              : 
18:35:38 INFO  ProfileMatch              :                 name: Facebook
18:35:38 INFO  ProfileMatch              :             category: SocialMedia
18:35:38 INFO  ProfileMatch              :              version: 5.15.3  [OLD VERSION]
18:35:38 INFO  ProfileMatch              :         release-date: 03.02.2020
18:35:38 INFO  ProfileMatch              :     lib root package: "com.facebook.all"  (in app: "a0")
18:35:38 INFO  ProfileMatch              : 
18:35:38 INFO  ProfileMatch              :                 name: Facebook
18:35:38 INFO  ProfileMatch              :             category: SocialMedia
18:35:38 INFO  ProfileMatch              :              version: 6.0.0  [OLD VERSION]
18:35:38 INFO  ProfileMatch              :         release-date: 03.02.2020
18:35:38 INFO  ProfileMatch              :     lib root package: "com.facebook.all"  (in app: "a0")
18:35:38 INFO  ProfileMatch              : 
18:35:38 INFO  ProfileMatch              :                 name: Facebook
18:35:38 INFO  ProfileMatch              :             category: SocialMedia
18:35:38 INFO  ProfileMatch              :              version: 6.1.0  [OLD VERSION]
18:35:38 INFO  ProfileMatch              :         release-date: 14.02.2020
18:35:38 INFO  ProfileMatch              :     lib root package: "com.facebook.all"  (in app: "a0")
18:35:38 INFO  ProfileMatch              : 
18:35:38 INFO  ProfileMatch              :                 name: Facebook
18:35:38 INFO  ProfileMatch              :             category: SocialMedia
18:35:38 INFO  ProfileMatch              :              version: 6.2.0  [OLD VERSION]
18:35:38 INFO  ProfileMatch              :         release-date: 09.03.2020
18:35:38 INFO  ProfileMatch              :     lib root package: "com.facebook.all"  (in app: "a0")
18:35:38 INFO  ProfileMatch              : 
18:35:38 INFO  ProfileMatch              :                 name: Facebook
18:35:38 INFO  ProfileMatch              :             category: SocialMedia
18:35:38 INFO  ProfileMatch              :              version: 6.3.0  [OLD VERSION]
18:35:38 INFO  ProfileMatch              :         release-date: 25.03.2020
18:35:38 INFO  ProfileMatch              :     lib root package: "com.facebook.all"  (in app: "a0")
18:35:38 INFO  ProfileMatch              : 
18:35:38 INFO  ProfileMatch              :                 name: Facebook
18:35:38 INFO  ProfileMatch              :             category: SocialMedia
18:35:38 INFO  ProfileMatch              :              version: 6.4.0  [OLD VERSION]
18:35:38 INFO  ProfileMatch              :         release-date: 15.04.2020
18:35:38 INFO  ProfileMatch              :     lib root package: "com.facebook.all"  (in app: "a0")
18:35:38 INFO  ProfileMatch              : 
18:35:38 INFO  ProfileMatch              :                 name: Facebook
18:35:38 INFO  ProfileMatch              :             category: SocialMedia
18:35:38 INFO  ProfileMatch              :              version: 6.5.0  [OLD VERSION]
18:35:38 INFO  ProfileMatch              :         release-date: 20.04.2020
18:35:38 INFO  ProfileMatch              :     lib root package: "com.facebook.all"  (in app: "a0")
18:35:38 INFO  ProfileMatch              : 
18:35:38 INFO  ProfileMatch              :                 name: Facebook
18:35:38 INFO  ProfileMatch              :             category: SocialMedia
18:35:38 INFO  ProfileMatch              :              version: 6.5.1  [OLD VERSION]
18:35:38 INFO  ProfileMatch              :         release-date: 23.04.2020
18:35:38 INFO  ProfileMatch              :     lib root package: "com.facebook.all"  (in app: "a0")
18:35:38 INFO  ProfileMatch              : 
18:35:38 INFO  ProfileMatch              :                 name: Facebook
18:35:38 INFO  ProfileMatch              :             category: SocialMedia
18:35:38 INFO  ProfileMatch              :              version: 7.0.0  [OLD VERSION]
18:35:38 INFO  ProfileMatch              :         release-date: 05.05.2020
18:35:38 INFO  ProfileMatch              :     lib root package: "com.facebook.all"  (in app: "a0")
18:35:38 INFO  ProfileMatch              : 
18:35:38 INFO  ProfileMatch              :                 name: Facebook
18:35:38 INFO  ProfileMatch              :             category: SocialMedia
18:35:38 INFO  ProfileMatch              :              version: 7.0.1  [OLD VERSION]
18:35:38 INFO  ProfileMatch              :         release-date: 09.06.2020
18:35:38 INFO  ProfileMatch              :     lib root package: "com.facebook.all"  (in app: "a0")
18:35:38 INFO  ProfileMatch              : 
18:35:38 INFO  ProfileMatch              :                 name: Facebook
18:35:38 INFO  ProfileMatch              :             category: SocialMedia
18:35:38 INFO  ProfileMatch              :              version: 7.1.0  [OLD VERSION]
18:35:38 INFO  ProfileMatch              :         release-date: 23.06.2020
18:35:38 INFO  ProfileMatch              :     lib root package: "com.facebook.all"  (in app: "a0")
18:35:38 INFO  ProfileMatch              : 
18:35:38 INFO  ProfileMatch              :                 name: Facebook
18:35:38 INFO  ProfileMatch              :             category: SocialMedia
18:35:38 INFO  ProfileMatch              :              version: 8.0.0  [OLD VERSION]
18:35:38 INFO  ProfileMatch              :         release-date: 28.09.2020
18:35:38 INFO  ProfileMatch              :     lib root package: "com.facebook.all"  (in app: "a0")
18:35:38 INFO  ProfileMatch              : 
18:35:38 INFO  ProfileMatch              :                 name: Facebook
18:35:38 INFO  ProfileMatch              :             category: SocialMedia
18:35:38 INFO  ProfileMatch              :              version: 8.1.0  [OLD VERSION]
18:35:38 INFO  ProfileMatch              :         release-date: 14.10.2020
18:35:38 INFO  ProfileMatch              :     lib root package: "com.facebook.all"  (in app: "a0")
18:35:38 INFO  ProfileMatch              : 
18:35:38 INFO  ProfileMatch              :                 name: Facebook
18:35:38 INFO  ProfileMatch              :             category: SocialMedia
18:35:38 INFO  ProfileMatch              :              version: 8.2.0  [OLD VERSION]
18:35:38 INFO  ProfileMatch              :         release-date: 18.12.2020
18:35:38 INFO  ProfileMatch              :     lib root package: "com.facebook.all"  (in app: "a0")
18:35:38 INFO  ProfileMatch              : 
18:35:38 INFO  ProfileMatch              :                 name: Facebook
18:35:38 INFO  ProfileMatch              :             category: SocialMedia
18:35:38 INFO  ProfileMatch              :              version: 9.0.0  [OLD VERSION]
18:35:38 INFO  ProfileMatch              :         release-date: 19.01.2021
18:35:38 INFO  ProfileMatch              :     lib root package: "com.facebook.all"  (in app: "a0")
18:35:38 INFO  ProfileMatch              : 
18:35:38 INFO  ProfileMatch              :                 name: Facebook
18:35:38 INFO  ProfileMatch              :             category: SocialMedia
18:35:38 INFO  ProfileMatch              :              version: 9.1.0  [OLD VERSION]
18:35:38 INFO  ProfileMatch              :         release-date: 15.03.2021
18:35:38 INFO  ProfileMatch              :     lib root package: "com.facebook.all"  (in app: "a0")
18:35:38 INFO  ProfileMatch              : 
18:35:38 INFO  ProfileMatch              :                 name: Facebook
18:35:38 INFO  ProfileMatch              :             category: SocialMedia
18:35:38 INFO  ProfileMatch              :              version: 9.1.1  [OLD VERSION]
18:35:38 INFO  ProfileMatch              :         release-date: 12.04.2021
18:35:38 INFO  ProfileMatch              :     lib root package: "com.facebook.all"  (in app: "a0")
18:35:38 INFO  ProfileMatch              : 
18:35:38 INFO  ProfileMatch              :                 name: Facebook
18:35:38 INFO  ProfileMatch              :             category: SocialMedia
18:35:38 INFO  ProfileMatch              :              version: 11.0.0  [OLD VERSION]
18:35:38 INFO  ProfileMatch              :         release-date: 08.06.2021
18:35:38 INFO  ProfileMatch              :     lib root package: "com.facebook.all"  (in app: "a0")
18:35:38 INFO  ProfileMatch              : 
18:35:38 INFO  ProfileMatch              :                 name: Facebook
18:35:38 INFO  ProfileMatch              :             category: SocialMedia
18:35:38 INFO  ProfileMatch              :              version: 11.1.0  [OLD VERSION]
18:35:38 INFO  ProfileMatch              :         release-date: 06.07.2021
18:35:38 INFO  ProfileMatch              :     lib root package: "com.facebook.all"  (in app: "a0")
18:35:38 INFO  ProfileMatch              : 
18:35:38 INFO  ProfileMatch              :                 name: Facebook
18:35:38 INFO  ProfileMatch              :             category: SocialMedia
18:35:38 INFO  ProfileMatch              :              version: 11.1.1  [OLD VERSION]
18:35:38 INFO  ProfileMatch              :         release-date: 19.07.2021
18:35:38 INFO  ProfileMatch              :     lib root package: "com.facebook.all"  (in app: "a0")
18:35:38 INFO  ProfileMatch              : 
18:35:38 INFO  ProfileMatch              :                 name: Facebook
18:35:38 INFO  ProfileMatch              :             category: SocialMedia
18:35:38 INFO  ProfileMatch              :              version: 11.2.0  [OLD VERSION]
18:35:38 INFO  ProfileMatch              :         release-date: 03.08.2021
18:35:38 INFO  ProfileMatch              :     lib root package: "com.facebook.all"  (in app: "a0")
18:35:38 INFO  ProfileMatch              : 
18:35:38 INFO  ProfileMatch              :                 name: Facebook
18:35:38 INFO  ProfileMatch              :             category: SocialMedia
18:35:38 INFO  ProfileMatch              :              version: 11.3.0  [OLD VERSION]
18:35:38 INFO  ProfileMatch              :         release-date: 07.09.2021
18:35:38 INFO  ProfileMatch              :     lib root package: "com.facebook.all"  (in app: "a0")
18:35:38 INFO  ProfileMatch              : 
18:35:38 INFO  ProfileMatch              :                 name: Facebook
18:35:38 INFO  ProfileMatch              :             category: SocialMedia
18:35:38 INFO  ProfileMatch              :              version: 12.0.0  [OLD VERSION]
18:35:38 INFO  ProfileMatch              :         release-date: 05.10.2021
18:35:38 INFO  ProfileMatch              :     lib root package: "com.facebook.all"  (in app: "a0")
18:35:38 INFO  ProfileMatch              : 
18:35:38 INFO  ProfileMatch              :                 name: Facebook
18:35:38 INFO  ProfileMatch              :             category: SocialMedia
18:35:38 INFO  ProfileMatch              :              version: 12.0.1  [OLD VERSION]
18:35:38 INFO  ProfileMatch              :         release-date: 13.10.2021
18:35:38 INFO  ProfileMatch              :     lib root package: "com.facebook.all"  (in app: "a0")
18:35:38 INFO  ProfileMatch              : 
18:35:38 INFO  ProfileMatch              :                 name: Facebook
18:35:38 INFO  ProfileMatch              :             category: SocialMedia
18:35:38 INFO  ProfileMatch              :              version: 12.1.0  [OLD VERSION]
18:35:38 INFO  ProfileMatch              :         release-date: 01.11.2021
18:35:38 INFO  ProfileMatch              :     lib root package: "com.facebook.all"  (in app: "a0")
18:35:38 INFO  ProfileMatch              : 
18:35:38 INFO  ProfileMatch              :                 name: Facebook
18:35:38 INFO  ProfileMatch              :             category: SocialMedia
18:35:38 INFO  ProfileMatch              :              version: 12.2.0  [OLD VERSION]
18:35:38 INFO  ProfileMatch              :         release-date: 06.12.2021
18:35:38 INFO  ProfileMatch              :     lib root package: "com.facebook.all"  (in app: "a0")
18:35:38 INFO  ProfileMatch              : 
18:35:38 INFO  ProfileMatch              :                 name: Facebook
18:35:38 INFO  ProfileMatch              :             category: SocialMedia
18:35:38 INFO  ProfileMatch              :              version: 12.3.0  [OLD VERSION]
18:35:38 INFO  ProfileMatch              :         release-date: 10.01.2022
18:35:38 INFO  ProfileMatch              :     lib root package: "com.facebook.all"  (in app: "a0")
18:35:38 INFO  ProfileMatch              : 
18:35:38 INFO  ProfileMatch              :                 name: Facebook
18:35:38 INFO  ProfileMatch              :             category: SocialMedia
18:35:38 INFO  ProfileMatch              :              version: 13.0.0  [OLD VERSION]
18:35:38 INFO  ProfileMatch              :         release-date: 23.02.2022
18:35:38 INFO  ProfileMatch              :     lib root package: "com.facebook.all"  (in app: "a0")
18:35:38 INFO  ProfileMatch              : 
18:35:38 INFO  ProfileMatch              :                 name: Facebook
18:35:38 INFO  ProfileMatch              :             category: SocialMedia
18:35:38 INFO  ProfileMatch              :              version: 13.1.0  [OLD VERSION]
18:35:38 INFO  ProfileMatch              :         release-date: 21.03.2022
18:35:38 INFO  ProfileMatch              :     lib root package: "com.facebook.all"  (in app: "a0")
18:35:38 INFO  ProfileMatch              : 
18:35:38 INFO  ProfileMatch              :                 name: Facebook
18:35:38 INFO  ProfileMatch              :             category: SocialMedia
18:35:38 INFO  ProfileMatch              :              version: 13.2.0  [OLD VERSION]
18:35:38 INFO  ProfileMatch              :         release-date: 22.04.2022
18:35:38 INFO  ProfileMatch              :     lib root package: "com.facebook.all"  (in app: "a0")
18:35:38 INFO  ProfileMatch              : 
18:35:38 INFO  ProfileMatch              :                 name: Facebook
18:35:38 INFO  ProfileMatch              :             category: SocialMedia
18:35:38 INFO  ProfileMatch              :              version: 14.0.0
18:35:38 INFO  ProfileMatch              :         release-date: 14.06.2022
18:35:38 INFO  ProfileMatch              :     lib root package: "com.facebook.all"  (in app: "a0")
18:35:38 INFO  ProfileMatch              : 
18:35:39 INFO  LibraryIdentifier         : 
18:35:39 INFO  LibraryIdentifier         : - Partial library matches:
18:35:39 INFO  LibraryIdentifier         : 
18:35:39 INFO  LibraryIdentifier         : App processing time: 36 sec, 737 ms
