23:43:29 INFO  LibraryIdentifier         : Process app: com.daemon.ssh_12.apk
23:43:29 INFO  LibraryIdentifier         : = Manifest Parser =
23:43:29 INFO  LibraryIdentifier         :         Package name: com.daemon.ssh
23:43:29 INFO  LibraryIdentifier         :         Version code: 12
23:43:29 INFO  LibraryIdentifier         :        minSdkVersion: 26
23:43:29 INFO  LibraryIdentifier         :     targetSdkVersion: 30
23:43:29 INFO  LibraryIdentifier         :         SharedUserId:  - none -
23:43:29 INFO  LibraryIdentifier         :     Library dependencies:  - none -
23:43:29 INFO  LibraryIdentifier         : 
23:43:29 INFO  LibraryIdentifier         : Found 402 unique libraries in 12405 library profiles
23:43:30 INFO  LibraryIdentifier         : Generated class hierarchy (in 941 ms)
23:43:30 INFO  WalaUtils                 : 
23:43:30 INFO  WalaUtils                 : = ClassHierarchy Stats =
23:43:30 INFO  WalaUtils                 :     # of classes: 4476
23:43:30 INFO  WalaUtils                 :     # thereof inner classes: 2176
23:43:30 INFO  WalaUtils                 :     # thereof public classes: 4476
23:43:30 INFO  WalaUtils                 :         Activity : 5
23:43:30 INFO  WalaUtils                 :         Application : 0
23:43:30 INFO  WalaUtils                 :         AsyncTask : 4
23:43:30 INFO  WalaUtils                 :         BroadcastReceiver : 4
23:43:30 INFO  WalaUtils                 :         ContentProvider : 1
23:43:30 INFO  WalaUtils                 :         Fragment : 1
23:43:30 INFO  WalaUtils                 :         Handler : 4
23:43:30 INFO  WalaUtils                 :         LayoutContainer : 80
23:43:30 INFO  WalaUtils                 :         Plain : 4309
23:43:30 INFO  WalaUtils                 :         Runnable : 0
23:43:30 INFO  WalaUtils                 :         Service : 2
23:43:30 INFO  WalaUtils                 :         Thread : 12
23:43:30 INFO  WalaUtils                 :         View : 54
23:43:30 INFO  WalaUtils                 :     # methods: 34285
23:43:30 INFO  WalaUtils                 :         # of publicly accessible methods: 30744
23:43:30 INFO  WalaUtils                 :         # of non-accessible methods: 3541
23:43:30 INFO  WalaUtils                 : 
23:43:30 INFO  Profile                   : = PackageTree =
23:43:31 INFO  PackageTree               : Root Package:  - none -
23:43:31 INFO  PackageTree               : └── Root
23:43:31 INFO  PackageTree               :     ├── org
23:43:31 INFO  PackageTree               :     │   ├── apache
23:43:31 INFO  PackageTree               :     │   │   ├── mina
23:43:31 INFO  PackageTree               :     │   │   │   ├── codec (10)
23:43:31 INFO  PackageTree               :     │   │   │   │   ├── delimited (5)
23:43:31 INFO  PackageTree               :     │   │   │   │   │   ├── ints (7)
23:43:31 INFO  PackageTree               :     │   │   │   │   │   └── serialization (2)
23:43:31 INFO  PackageTree               :     │   │   │   │   └── textline (4)
23:43:31 INFO  PackageTree               :     │   │   │   ├── transport (1)
23:43:31 INFO  PackageTree               :     │   │   │   │   ├── nio (21)
23:43:31 INFO  PackageTree               :     │   │   │   │   ├── udp (4)
23:43:31 INFO  PackageTree               :     │   │   │   │   ├── tcp (5)
23:43:31 INFO  PackageTree               :     │   │   │   │   └── bio (3)
23:43:31 INFO  PackageTree               :     │   │   │   ├── service (2)
23:43:31 INFO  PackageTree               :     │   │   │   │   ├── executor (13)
23:43:31 INFO  PackageTree               :     │   │   │   │   ├── idlechecker (3)
23:43:31 INFO  PackageTree               :     │   │   │   │   ├── server (1)
23:43:31 INFO  PackageTree               :     │   │   │   │   └── client (1)
23:43:31 INFO  PackageTree               :     │   │   │   ├── api (16)
23:43:31 INFO  PackageTree               :     │   │   │   ├── filter
23:43:31 INFO  PackageTree               :     │   │   │   │   ├── codec (1)
23:43:31 INFO  PackageTree               :     │   │   │   │   ├── query (6)
23:43:31 INFO  PackageTree               :     │   │   │   │   └── logging (2)
23:43:31 INFO  PackageTree               :     │   │   │   ├── session (11)
23:43:31 INFO  PackageTree               :     │   │   │   ├── util (5)
23:43:31 INFO  PackageTree               :     │   │   │   └── filterchain (2)
23:43:31 INFO  PackageTree               :     │   │   ├── sshd
23:43:31 INFO  PackageTree               :     │   │   │   ├── common (32)
23:43:31 INFO  PackageTree               :     │   │   │   │   ├── auth (12)
23:43:31 INFO  PackageTree               :     │   │   │   │   ├── util (22)
23:43:31 INFO  PackageTree               :     │   │   │   │   │   ├── security (11)
23:43:31 INFO  PackageTree               :     │   │   │   │   │   │   ├── bouncycastle (5)
23:43:31 INFO  PackageTree               :     │   │   │   │   │   │   └── eddsa (6)
23:43:31 INFO  PackageTree               :     │   │   │   │   │   ├── threads (10)
23:43:31 INFO  PackageTree               :     │   │   │   │   │   ├── io (17)
23:43:31 INFO  PackageTree               :     │   │   │   │   │   │   ├── der (6)
23:43:31 INFO  PackageTree               :     │   │   │   │   │   │   ├── functors (1)
23:43:31 INFO  PackageTree               :     │   │   │   │   │   │   └── resource (7)
23:43:31 INFO  PackageTree               :     │   │   │   │   │   ├── closeable (11)
23:43:31 INFO  PackageTree               :     │   │   │   │   │   ├── helper (4)
23:43:31 INFO  PackageTree               :     │   │   │   │   │   ├── logging (10)
23:43:31 INFO  PackageTree               :     │   │   │   │   │   ├── buffer (4)
23:43:31 INFO  PackageTree               :     │   │   │   │   │   │   └── keys (11)
23:43:31 INFO  PackageTree               :     │   │   │   │   │   ├── net (3)
23:43:31 INFO  PackageTree               :     │   │   │   │   │   └── functors (1)
23:43:31 INFO  PackageTree               :     │   │   │   │   ├── compression (14)
23:43:31 INFO  PackageTree               :     │   │   │   │   ├── signature (36)
23:43:31 INFO  PackageTree               :     │   │   │   │   ├── config (12)
23:43:31 INFO  PackageTree               :     │   │   │   │   │   └── keys (33)
23:43:31 INFO  PackageTree               :     │   │   │   │   │       ├── loader (12)
23:43:31 INFO  PackageTree               :     │   │   │   │   │       │   ├── pem (9)
23:43:31 INFO  PackageTree               :     │   │   │   │   │       │   ├── openssh (7)
23:43:31 INFO  PackageTree               :     │   │   │   │   │       │   │   └── kdf (4)
23:43:31 INFO  PackageTree               :     │   │   │   │   │       │   └── ssh2 (1)
23:43:31 INFO  PackageTree               :     │   │   │   │   │       ├── impl (10)
23:43:31 INFO  PackageTree               :     │   │   │   │   │       └── writer (1)
23:43:31 INFO  PackageTree               :     │   │   │   │   │           └── openssh (3)
23:43:31 INFO  PackageTree               :     │   │   │   │   ├── forward (21)
23:43:31 INFO  PackageTree               :     │   │   │   │   ├── keyprovider (21)
23:43:31 INFO  PackageTree               :     │   │   │   │   ├── kex (27)
23:43:31 INFO  PackageTree               :     │   │   │   │   │   ├── extension (7)
23:43:31 INFO  PackageTree               :     │   │   │   │   │   │   └── parser (6)
23:43:31 INFO  PackageTree               :     │   │   │   │   │   └── dh (1)
23:43:31 INFO  PackageTree               :     │   │   │   │   ├── channel (34)
23:43:31 INFO  PackageTree               :     │   │   │   │   │   ├── exception (4)
23:43:31 INFO  PackageTree               :     │   │   │   │   │   └── throttle (2)
23:43:31 INFO  PackageTree               :     │   │   │   │   ├── cipher (19)
23:43:31 INFO  PackageTree               :     │   │   │   │   ├── io (24)
23:43:31 INFO  PackageTree               :     │   │   │   │   │   └── nio2 (14)
23:43:31 INFO  PackageTree               :     │   │   │   │   ├── subsystem
23:43:31 INFO  PackageTree               :     │   │   │   │   │   └── sftp (6)
23:43:31 INFO  PackageTree               :     │   │   │   │   │       └── extensions (17)
23:43:31 INFO  PackageTree               :     │   │   │   │   │           └── openssh (8)
23:43:31 INFO  PackageTree               :     │   │   │   │   ├── session (19)
23:43:31 INFO  PackageTree               :     │   │   │   │   │   └── helpers (15)
23:43:31 INFO  PackageTree               :     │   │   │   │   ├── file (2)
23:43:31 INFO  PackageTree               :     │   │   │   │   │   ├── root (5)
23:43:31 INFO  PackageTree               :     │   │   │   │   │   ├── nativefs (1)
23:43:31 INFO  PackageTree               :     │   │   │   │   │   ├── util (5)
23:43:31 INFO  PackageTree               :     │   │   │   │   │   └── virtualfs (1)
23:43:31 INFO  PackageTree               :     │   │   │   │   ├── mac (10)
23:43:31 INFO  PackageTree               :     │   │   │   │   ├── random (7)
23:43:31 INFO  PackageTree               :     │   │   │   │   ├── future (11)
23:43:31 INFO  PackageTree               :     │   │   │   │   ├── digest (7)
23:43:31 INFO  PackageTree               :     │   │   │   │   ├── u2f (3)
23:43:31 INFO  PackageTree               :     │   │   │   │   ├── helpers (1)
23:43:31 INFO  PackageTree               :     │   │   │   │   └── global (1)
23:43:31 INFO  PackageTree               :     │   │   │   ├── server (11)
23:43:31 INFO  PackageTree               :     │   │   │   │   ├── subsystem (1)
23:43:31 INFO  PackageTree               :     │   │   │   │   │   └── sftp (25)
23:43:31 INFO  PackageTree               :     │   │   │   │   ├── kex (7)
23:43:31 INFO  PackageTree               :     │   │   │   │   ├── session (12)
23:43:31 INFO  PackageTree               :     │   │   │   │   ├── auth (10)
23:43:31 INFO  PackageTree               :     │   │   │   │   │   ├── password (7)
23:43:31 INFO  PackageTree               :     │   │   │   │   │   ├── keyboard (7)
23:43:31 INFO  PackageTree               :     │   │   │   │   │   ├── pubkey (10)
23:43:31 INFO  PackageTree               :     │   │   │   │   │   ├── gss (6)
23:43:31 INFO  PackageTree               :     │   │   │   │   │   └── hostbased (7)
23:43:31 INFO  PackageTree               :     │   │   │   │   ├── command (7)
23:43:31 INFO  PackageTree               :     │   │   │   │   ├── forward (17)
23:43:31 INFO  PackageTree               :     │   │   │   │   ├── channel (10)
23:43:31 INFO  PackageTree               :     │   │   │   │   ├── shell (11)
23:43:31 INFO  PackageTree               :     │   │   │   │   ├── global (6)
23:43:31 INFO  PackageTree               :     │   │   │   │   ├── jaas (1)
23:43:31 INFO  PackageTree               :     │   │   │   │   ├── config (6)
23:43:31 INFO  PackageTree               :     │   │   │   │   │   └── keys (4)
23:43:31 INFO  PackageTree               :     │   │   │   │   ├── keyprovider (2)
23:43:31 INFO  PackageTree               :     │   │   │   │   └── x11 (4)
23:43:31 INFO  PackageTree               :     │   │   │   ├── client (6)
23:43:31 INFO  PackageTree               :     │   │   │   │   ├── subsystem (2)
23:43:31 INFO  PackageTree               :     │   │   │   │   │   └── sftp (15)
23:43:31 INFO  PackageTree               :     │   │   │   │   │       ├── extensions (20)
23:43:31 INFO  PackageTree               :     │   │   │   │   │       │   ├── openssh (4)
23:43:31 INFO  PackageTree               :     │   │   │   │   │       │   │   └── helpers (4)
23:43:31 INFO  PackageTree               :     │   │   │   │   │       │   └── helpers (10)
23:43:31 INFO  PackageTree               :     │   │   │   │   │       ├── impl (17)
23:43:31 INFO  PackageTree               :     │   │   │   │   │       └── fs (16)
23:43:31 INFO  PackageTree               :     │   │   │   │   ├── auth (8)
23:43:31 INFO  PackageTree               :     │   │   │   │   │   ├── pubkey (14)
23:43:31 INFO  PackageTree               :     │   │   │   │   │   ├── hostbased (4)
23:43:31 INFO  PackageTree               :     │   │   │   │   │   ├── password (4)
23:43:31 INFO  PackageTree               :     │   │   │   │   │   └── keyboard (4)
23:43:31 INFO  PackageTree               :     │   │   │   │   ├── config (1)
23:43:31 INFO  PackageTree               :     │   │   │   │   │   ├── keys (14)
23:43:31 INFO  PackageTree               :     │   │   │   │   │   └── hosts (12)
23:43:31 INFO  PackageTree               :     │   │   │   │   ├── session (14)
23:43:31 INFO  PackageTree               :     │   │   │   │   │   └── forward (3)
23:43:31 INFO  PackageTree               :     │   │   │   │   ├── channel (13)
23:43:31 INFO  PackageTree               :     │   │   │   │   │   └── exit (3)
23:43:31 INFO  PackageTree               :     │   │   │   │   ├── future (6)
23:43:31 INFO  PackageTree               :     │   │   │   │   ├── simple (6)
23:43:31 INFO  PackageTree               :     │   │   │   │   ├── keyverifier (10)
23:43:31 INFO  PackageTree               :     │   │   │   │   ├── kex (5)
23:43:31 INFO  PackageTree               :     │   │   │   │   └── global (1)
23:43:31 INFO  PackageTree               :     │   │   │   └── agent (5)
23:43:31 INFO  PackageTree               :     │   │   │       ├── local (10)
23:43:31 INFO  PackageTree               :     │   │   │       ├── unix (9)
23:43:31 INFO  PackageTree               :     │   │   │       └── common (5)
23:43:31 INFO  PackageTree               :     │   │   ├── log4j (43)
23:43:31 INFO  PackageTree               :     │   │   │   ├── helpers (33)
23:43:31 INFO  PackageTree               :     │   │   │   ├── lf5 (10)
23:43:31 INFO  PackageTree               :     │   │   │   │   ├── viewer (52)
23:43:31 INFO  PackageTree               :     │   │   │   │   │   ├── categoryexplorer (22)
23:43:31 INFO  PackageTree               :     │   │   │   │   │   └── configure (2)
23:43:31 INFO  PackageTree               :     │   │   │   │   └── util (8)
23:43:31 INFO  PackageTree               :     │   │   │   ├── chainsaw (20)
23:43:31 INFO  PackageTree               :     │   │   │   ├── net (16)
23:43:31 INFO  PackageTree               :     │   │   │   ├── spi (24)
23:43:31 INFO  PackageTree               :     │   │   │   ├── jmx (7)
23:43:31 INFO  PackageTree               :     │   │   │   ├── config (5)
23:43:31 INFO  PackageTree               :     │   │   │   ├── xml (12)
23:43:31 INFO  PackageTree               :     │   │   │   ├── rewrite (5)
23:43:31 INFO  PackageTree               :     │   │   │   ├── pattern (37)
23:43:31 INFO  PackageTree               :     │   │   │   ├── or (4)
23:43:31 INFO  PackageTree               :     │   │   │   │   ├── sax (1)
23:43:31 INFO  PackageTree               :     │   │   │   │   └── jms (1)
23:43:31 INFO  PackageTree               :     │   │   │   ├── varia (11)
23:43:31 INFO  PackageTree               :     │   │   │   ├── jdbc (1)
23:43:31 INFO  PackageTree               :     │   │   │   └── nt (1)
23:43:31 INFO  PackageTree               :     │   │   └── commons
23:43:31 INFO  PackageTree               :     │   │       └── codec (13)
23:43:31 INFO  PackageTree               :     │   │           ├── digest (16)
23:43:31 INFO  PackageTree               :     │   │           ├── language (20)
23:43:31 INFO  PackageTree               :     │   │           │   └── bm (30)
23:43:31 INFO  PackageTree               :     │   │           ├── binary (17)
23:43:31 INFO  PackageTree               :     │   │           ├── net (7)
23:43:31 INFO  PackageTree               :     │   │           └── cli (1)
23:43:31 INFO  PackageTree               :     │   └── slf4j (8)
23:43:31 INFO  PackageTree               :     │       ├── helpers (15)
23:43:31 INFO  PackageTree               :     │       ├── spi (4)
23:43:31 INFO  PackageTree               :     │       ├── impl (7)
23:43:31 INFO  PackageTree               :     │       └── event (5)
23:43:31 INFO  PackageTree               :     ├── androidx
23:43:31 INFO  PackageTree               :     │   ├── appcompat
23:43:31 INFO  PackageTree               :     │   │   ├── widget (103)
23:43:31 INFO  PackageTree               :     │   │   ├── app (24)
23:43:31 INFO  PackageTree               :     │   │   └── view
23:43:31 INFO  PackageTree               :     │   │       └── menu (5)
23:43:31 INFO  PackageTree               :     │   ├── viewpager2
23:43:31 INFO  PackageTree               :     │   │   ├── adapter (11)
23:43:31 INFO  PackageTree               :     │   │   └── widget (23)
23:43:31 INFO  PackageTree               :     │   ├── constraintlayout
23:43:31 INFO  PackageTree               :     │   │   ├── motion
23:43:31 INFO  PackageTree               :     │   │   │   └── widget (11)
23:43:31 INFO  PackageTree               :     │   │   ├── utils
23:43:31 INFO  PackageTree               :     │   │   │   └── widget (9)
23:43:31 INFO  PackageTree               :     │   │   ├── widget (12)
23:43:31 INFO  PackageTree               :     │   │   └── helper
23:43:31 INFO  PackageTree               :     │   │       └── widget (2)
23:43:31 INFO  PackageTree               :     │   ├── transition (61)
23:43:31 INFO  PackageTree               :     │   ├── viewpager
23:43:31 INFO  PackageTree               :     │   │   └── widget (23)
23:43:31 INFO  PackageTree               :     │   ├── coordinatorlayout
23:43:31 INFO  PackageTree               :     │   │   └── widget (12)
23:43:31 INFO  PackageTree               :     │   ├── recyclerview
23:43:31 INFO  PackageTree               :     │   │   └── widget (66)
23:43:31 INFO  PackageTree               :     │   ├── core
23:43:31 INFO  PackageTree               :     │   │   ├── widget (8)
23:43:31 INFO  PackageTree               :     │   │   ├── app (18)
23:43:31 INFO  PackageTree               :     │   │   ├── graphics
23:43:31 INFO  PackageTree               :     │   │   │   └── drawable (3)
23:43:31 INFO  PackageTree               :     │   │   └── content (3)
23:43:31 INFO  PackageTree               :     │   ├── drawerlayout
23:43:31 INFO  PackageTree               :     │   │   └── widget (11)
23:43:31 INFO  PackageTree               :     │   ├── legacy
23:43:31 INFO  PackageTree               :     │   │   └── content (1)
23:43:31 INFO  PackageTree               :     │   ├── annotation (1)
23:43:31 INFO  PackageTree               :     │   ├── fragment
23:43:31 INFO  PackageTree               :     │   │   └── app (17)
23:43:31 INFO  PackageTree               :     │   ├── activity (9)
23:43:31 INFO  PackageTree               :     │   ├── lifecycle (11)
23:43:31 INFO  PackageTree               :     │   ├── savedstate (6)
23:43:31 INFO  PackageTree               :     │   ├── cardview
23:43:31 INFO  PackageTree               :     │   │   └── widget (2)
23:43:31 INFO  PackageTree               :     │   └── versionedparcelable (3)
23:43:31 INFO  PackageTree               :     ├── com
23:43:31 INFO  PackageTree               :     │   ├── google
23:43:31 INFO  PackageTree               :     │   │   └── android
23:43:31 INFO  PackageTree               :     │   │       └── material
23:43:31 INFO  PackageTree               :     │   │           ├── transformation (15)
23:43:31 INFO  PackageTree               :     │   │           ├── bottomsheet (12)
23:43:31 INFO  PackageTree               :     │   │           ├── tabs (20)
23:43:31 INFO  PackageTree               :     │   │           ├── navigation (6)
23:43:31 INFO  PackageTree               :     │   │           ├── snackbar (36)
23:43:31 INFO  PackageTree               :     │   │           ├── progressindicator (7)
23:43:31 INFO  PackageTree               :     │   │           ├── behavior (7)
23:43:31 INFO  PackageTree               :     │   │           ├── textfield (15)
23:43:31 INFO  PackageTree               :     │   │           ├── appbar (27)
23:43:31 INFO  PackageTree               :     │   │           ├── button (13)
23:43:31 INFO  PackageTree               :     │   │           ├── timepicker (20)
23:43:31 INFO  PackageTree               :     │   │           ├── internal (13)
23:43:31 INFO  PackageTree               :     │   │           ├── bottomnavigation (11)
23:43:31 INFO  PackageTree               :     │   │           ├── slider (17)
23:43:31 INFO  PackageTree               :     │   │           ├── floatingactionbutton (22)
23:43:31 INFO  PackageTree               :     │   │           ├── bottomappbar (18)
23:43:31 INFO  PackageTree               :     │   │           ├── circularreveal (4)
23:43:31 INFO  PackageTree               :     │   │           │   ├── coordinatorlayout (1)
23:43:31 INFO  PackageTree               :     │   │           │   └── cardview (1)
23:43:31 INFO  PackageTree               :     │   │           ├── theme (1)
23:43:31 INFO  PackageTree               :     │   │           ├── chip (9)
23:43:31 INFO  PackageTree               :     │   │           ├── datepicker (2)
23:43:31 INFO  PackageTree               :     │   │           ├── imageview (2)
23:43:31 INFO  PackageTree               :     │   │           ├── radiobutton (1)
23:43:31 INFO  PackageTree               :     │   │           ├── textview (1)
23:43:31 INFO  PackageTree               :     │   │           ├── card (2)
23:43:31 INFO  PackageTree               :     │   │           ├── switchmaterial (1)
23:43:31 INFO  PackageTree               :     │   │           └── checkbox (1)
23:43:31 INFO  PackageTree               :     │   └── sshdaemon (1)
23:43:31 INFO  PackageTree               :     │       └── net (1)
23:43:31 INFO  PackageTree               :     ├── c
23:43:31 INFO  PackageTree               :     │   ├── b (19)
23:43:31 INFO  PackageTree               :     │   │   ├── c (6)
23:43:31 INFO  PackageTree               :     │   │   └── d (3)
23:43:31 INFO  PackageTree               :     │   └── a
23:43:31 INFO  PackageTree               :     │       └── a
23:43:31 INFO  PackageTree               :     │           └── a (17)
23:43:31 INFO  PackageTree               :     │               ├── i0 (51)
23:43:31 INFO  PackageTree               :     │               │   └── w (57)
23:43:31 INFO  PackageTree               :     │               ├── s (21)
23:43:31 INFO  PackageTree               :     │               ├── n (67)
23:43:31 INFO  PackageTree               :     │               ├── z (39)
23:43:31 INFO  PackageTree               :     │               ├── g0 (22)
23:43:31 INFO  PackageTree               :     │               ├── e0 (36)
23:43:31 INFO  PackageTree               :     │               ├── v (31)
23:43:31 INFO  PackageTree               :     │               ├── d (8)
23:43:31 INFO  PackageTree               :     │               ├── t (55)
23:43:31 INFO  PackageTree               :     │               ├── b0 (5)
23:43:31 INFO  PackageTree               :     │               ├── b (11)
23:43:31 INFO  PackageTree               :     │               ├── w (9)
23:43:31 INFO  PackageTree               :     │               ├── e (1)
23:43:31 INFO  PackageTree               :     │               ├── d0 (7)
23:43:31 INFO  PackageTree               :     │               ├── j (2)
23:43:31 INFO  PackageTree               :     │               ├── f (5)
23:43:31 INFO  PackageTree               :     │               ├── c (2)
23:43:31 INFO  PackageTree               :     │               ├── k (2)
23:43:31 INFO  PackageTree               :     │               ├── r (3)
23:43:31 INFO  PackageTree               :     │               ├── y (3)
23:43:31 INFO  PackageTree               :     │               ├── x (3)
23:43:31 INFO  PackageTree               :     │               ├── g (7)
23:43:31 INFO  PackageTree               :     │               ├── l (10)
23:43:31 INFO  PackageTree               :     │               ├── a0 (4)
23:43:31 INFO  PackageTree               :     │               ├── f0
23:43:31 INFO  PackageTree               :     │               │   └── a (1)
23:43:31 INFO  PackageTree               :     │               ├── c0 (2)
23:43:31 INFO  PackageTree               :     │               ├── h0 (2)
23:43:31 INFO  PackageTree               :     │               ├── o (3)
23:43:31 INFO  PackageTree               :     │               ├── p (1)
23:43:31 INFO  PackageTree               :     │               ├── i (1)
23:43:31 INFO  PackageTree               :     │               ├── u (1)
23:43:31 INFO  PackageTree               :     │               ├── q (1)
23:43:31 INFO  PackageTree               :     │               ├── m (1)
23:43:31 INFO  PackageTree               :     │               └── h (1)
23:43:31 INFO  PackageTree               :     ├── b
23:43:31 INFO  PackageTree               :     │   ├── g
23:43:31 INFO  PackageTree               :     │   │   ├── c (30)
23:43:31 INFO  PackageTree               :     │   │   ├── b (18)
23:43:31 INFO  PackageTree               :     │   │   │   ├── l (17)
23:43:31 INFO  PackageTree               :     │   │   │   │   └── o (18)
23:43:31 INFO  PackageTree               :     │   │   │   └── k (12)
23:43:31 INFO  PackageTree               :     │   │   │       └── f (7)
23:43:31 INFO  PackageTree               :     │   │   └── a
23:43:31 INFO  PackageTree               :     │   │       ├── b (83)
23:43:31 INFO  PackageTree               :     │   │       └── a (13)
23:43:31 INFO  PackageTree               :     │   ├── c (14)
23:43:31 INFO  PackageTree               :     │   │   ├── d
23:43:31 INFO  PackageTree               :     │   │   │   └── a (16)
23:43:31 INFO  PackageTree               :     │   │   ├── h (96)
23:43:31 INFO  PackageTree               :     │   │   ├── b (62)
23:43:31 INFO  PackageTree               :     │   │   ├── g (14)
23:43:31 INFO  PackageTree               :     │   │   │   └── j (40)
23:43:31 INFO  PackageTree               :     │   │   ├── c
23:43:31 INFO  PackageTree               :     │   │   │   └── a (2)
23:43:31 INFO  PackageTree               :     │   │   ├── e (11)
23:43:31 INFO  PackageTree               :     │   │   └── f (1)
23:43:31 INFO  PackageTree               :     │   ├── x (83)
23:43:31 INFO  PackageTree               :     │   ├── i (11)
23:43:31 INFO  PackageTree               :     │   │   ├── q (86)
23:43:31 INFO  PackageTree               :     │   │   │   ├── p0 (28)
23:43:31 INFO  PackageTree               :     │   │   │   ├── r0 (9)
23:43:31 INFO  PackageTree               :     │   │   │   └── q0 (2)
23:43:31 INFO  PackageTree               :     │   │   ├── d (12)
23:43:31 INFO  PackageTree               :     │   │   │   ├── i (20)
23:43:31 INFO  PackageTree               :     │   │   │   └── h (11)
23:43:31 INFO  PackageTree               :     │   │   ├── r (19)
23:43:31 INFO  PackageTree               :     │   │   ├── l (18)
23:43:31 INFO  PackageTree               :     │   │   ├── h
23:43:31 INFO  PackageTree               :     │   │   │   └── b (3)
23:43:31 INFO  PackageTree               :     │   │   ├── o (19)
23:43:31 INFO  PackageTree               :     │   │   │   └── h (6)
23:43:31 INFO  PackageTree               :     │   │   ├── c (79)
23:43:31 INFO  PackageTree               :     │   │   ├── f (23)
23:43:31 INFO  PackageTree               :     │   │   │   └── s (10)
23:43:31 INFO  PackageTree               :     │   │   ├── m (28)
23:43:31 INFO  PackageTree               :     │   │   ├── p (15)
23:43:31 INFO  PackageTree               :     │   │   ├── g
23:43:31 INFO  PackageTree               :     │   │   │   ├── b (5)
23:43:31 INFO  PackageTree               :     │   │   │   └── a (1)
23:43:31 INFO  PackageTree               :     │   │   ├── k (6)
23:43:31 INFO  PackageTree               :     │   │   ├── i (1)
23:43:31 INFO  PackageTree               :     │   │   ├── e (2)
23:43:31 INFO  PackageTree               :     │   │   │   └── c (1)
23:43:31 INFO  PackageTree               :     │   │   ├── j (1)
23:43:31 INFO  PackageTree               :     │   │   ├── n
23:43:31 INFO  PackageTree               :     │   │   │   └── a (1)
23:43:31 INFO  PackageTree               :     │   │   └── b (1)
23:43:31 INFO  PackageTree               :     │   ├── z (13)
23:43:31 INFO  PackageTree               :     │   ├── q
23:43:31 INFO  PackageTree               :     │   │   └── a (11)
23:43:31 INFO  PackageTree               :     │   ├── b (58)
23:43:31 INFO  PackageTree               :     │   │   └── a1 (4)
23:43:31 INFO  PackageTree               :     │   ├── r (41)
23:43:31 INFO  PackageTree               :     │   │   ├── y (1)
23:43:31 INFO  PackageTree               :     │   │   │   └── b (1)
23:43:31 INFO  PackageTree               :     │   │   └── z (1)
23:43:31 INFO  PackageTree               :     │   ├── s (11)
23:43:31 INFO  PackageTree               :     │   │   ├── b (7)
23:43:31 INFO  PackageTree               :     │   │   └── c (15)
23:43:31 INFO  PackageTree               :     │   ├── y (11)
23:43:31 INFO  PackageTree               :     │   │   ├── c
23:43:31 INFO  PackageTree               :     │   │   │   └── a (24)
23:43:31 INFO  PackageTree               :     │   │   └── b (11)
23:43:31 INFO  PackageTree               :     │   ├── f (17)
23:43:31 INFO  PackageTree               :     │   ├── e (6)
23:43:31 INFO  PackageTree               :     │   │   └── b (10)
23:43:31 INFO  PackageTree               :     │   ├── u (8)
23:43:31 INFO  PackageTree               :     │   ├── o (11)
23:43:31 INFO  PackageTree               :     │   │   └── b (59)
23:43:31 INFO  PackageTree               :     │   ├── v (11)
23:43:31 INFO  PackageTree               :     │   │   └── b (109)
23:43:31 INFO  PackageTree               :     │   ├── p (1)
23:43:31 INFO  PackageTree               :     │   │   └── b
23:43:31 INFO  PackageTree               :     │   │       └── a (4)
23:43:31 INFO  PackageTree               :     │   ├── b0 (11)
23:43:31 INFO  PackageTree               :     │   │   ├── c (9)
23:43:31 INFO  PackageTree               :     │   │   └── b (2)
23:43:31 INFO  PackageTree               :     │   ├── j (1)
23:43:31 INFO  PackageTree               :     │   │   └── b (9)
23:43:31 INFO  PackageTree               :     │   ├── k (11)
23:43:31 INFO  PackageTree               :     │   │   ├── c (12)
23:43:31 INFO  PackageTree               :     │   │   └── b (3)
23:43:31 INFO  PackageTree               :     │   ├── d
23:43:31 INFO  PackageTree               :     │   │   └── a (1)
23:43:31 INFO  PackageTree               :     │   │       ├── c (8)
23:43:31 INFO  PackageTree               :     │   │       ├── b (6)
23:43:31 INFO  PackageTree               :     │   │       └── d (1)
23:43:31 INFO  PackageTree               :     │   ├── a (14)
23:43:31 INFO  PackageTree               :     │   ├── n (11)
23:43:31 INFO  PackageTree               :     │   │   └── b (36)
23:43:31 INFO  PackageTree               :     │   ├── m (11)
23:43:31 INFO  PackageTree               :     │   ├── a0 (11)
23:43:31 INFO  PackageTree               :     │   │   └── b (1)
23:43:31 INFO  PackageTree               :     │   ├── t (1)
23:43:31 INFO  PackageTree               :     │   │   └── b (4)
23:43:31 INFO  PackageTree               :     │   ├── l (1)
23:43:31 INFO  PackageTree               :     │   │   └── b (5)
23:43:31 INFO  PackageTree               :     │   ├── h (11)
23:43:31 INFO  PackageTree               :     │   │   └── b (2)
23:43:31 INFO  PackageTree               :     │   └── w (3)
23:43:31 INFO  PackageTree               :     ├── a
23:43:31 INFO  PackageTree               :     │   └── a
23:43:31 INFO  PackageTree               :     │       └── a
23:43:31 INFO  PackageTree               :     │           ├── b (8)
23:43:31 INFO  PackageTree               :     │           └── a (4)
23:43:31 INFO  PackageTree               :     ├── d
23:43:31 INFO  PackageTree               :     │   └── a
23:43:31 INFO  PackageTree               :     │       └── a
23:43:31 INFO  PackageTree               :     │           └── a
23:43:31 INFO  PackageTree               :     │               └── a (2)
23:43:31 INFO  PackageTree               :     └── android
23:43:31 INFO  PackageTree               :         └── support
23:43:31 INFO  PackageTree               :             └── v4
23:43:31 INFO  PackageTree               :                 ├── graphics
23:43:31 INFO  PackageTree               :                 │   └── drawable (1)
23:43:31 INFO  PackageTree               :                 └── app (1)
23:43:31 INFO  Profile                   : 
23:43:31 INFO  AppProfile                : - generated app package tree (in 55 ms)
23:43:31 INFO  AppProfile                : 
23:43:31 DEBUG HashTree                  : Generate hash tree..
23:43:31 DEBUG HashTree                  :     - generated 358 package hashes.
23:43:31 DEBUG HashTree                  :     - generated 4310 clazz hashes.
23:43:31 DEBUG HashTree                  :     - generated 34285 method hashes.
23:43:31 DEBUG HashTree                  :     => Library Hash: 9b9d0e3b6b820ab84072de728669c44a
23:43:31 INFO  AppProfile                : - generated app hash trees (in 745 ms)
23:43:31 INFO  AppProfile                : 
23:43:31 INFO  LibraryIdentifier         : = Scan for library root packages (heuristic) =
23:43:31 INFO  LibraryIdentifier         :     - Found lib root package androidx.annotation  (androidx.annotation::annotation)
23:43:31 INFO  LibraryIdentifier         :     - Found lib root package androidx.appcompat  (androidx.appcompat::appcompat)
23:43:31 INFO  LibraryIdentifier         :     - Found lib root package androidx.cardview.widget  (androidx.cardview::cardview)
23:43:31 INFO  LibraryIdentifier         :     - Found lib root package androidx.constraintlayout.widget  (androidx.constraintlayout::constraintlayout)
23:43:31 INFO  LibraryIdentifier         :     - Found lib root package androidx.coordinatorlayout.widget  (androidx.coordinatorlayout::coordinatorlayout)
23:43:31 INFO  LibraryIdentifier         :     - Found lib root package androidx.core  (androidx.core::core)
23:43:31 INFO  LibraryIdentifier         :     - Found lib root package androidx  (androidx.core::core-ktx)
23:43:31 INFO  LibraryIdentifier         :     - Found lib root package androidx.drawerlayout.widget  (androidx.drawerlayout::drawerlayout)
23:43:31 INFO  LibraryIdentifier         :     - Found lib root package androidx.fragment.app  (androidx.fragment::fragment)
23:43:31 INFO  LibraryIdentifier         :     - Found lib root package androidx.fragment.app  (androidx.fragment::fragment-ktx)
23:43:31 INFO  LibraryIdentifier         :     - Found lib root package androidx.legacy  (androidx.legacy::legacy-support-core-ui)
23:43:31 INFO  LibraryIdentifier         :     - Found lib root package androidx.legacy.content  (androidx.legacy::legacy-support-core-utils)
23:43:31 INFO  LibraryIdentifier         :     - Found lib root package androidx.legacy  (androidx.legacy::legacy-support-v13)
23:43:31 INFO  LibraryIdentifier         :     - Found lib root package androidx.lifecycle  (androidx.lifecycle::lifecycle-common)
23:43:31 INFO  LibraryIdentifier         :     - Found lib root package androidx.lifecycle  (androidx.lifecycle::lifecycle-common-java8)
23:43:31 INFO  LibraryIdentifier         :     - Found lib root package androidx.lifecycle  (androidx.lifecycle::lifecycle-compiler)
23:43:31 INFO  LibraryIdentifier         :     - Found lib root package androidx.lifecycle  (androidx.lifecycle::lifecycle-extensions)
23:43:31 INFO  LibraryIdentifier         :     - Found lib root package androidx.lifecycle  (androidx.lifecycle::lifecycle-livedata)
23:43:31 INFO  LibraryIdentifier         :     - Found lib root package androidx.lifecycle  (androidx.lifecycle::lifecycle-livedata-core)
23:43:31 INFO  LibraryIdentifier         :     - Found lib root package androidx.lifecycle  (androidx.lifecycle::lifecycle-process)
23:43:31 INFO  LibraryIdentifier         :     - Found lib root package androidx.lifecycle  (androidx.lifecycle::lifecycle-reactivestreams)
23:43:31 INFO  LibraryIdentifier         :     - Found lib root package androidx.lifecycle  (androidx.lifecycle::lifecycle-reactivestreams-ktx)
23:43:31 INFO  LibraryIdentifier         :     - Found lib root package androidx.lifecycle  (androidx.lifecycle::lifecycle-runtime)
23:43:31 INFO  LibraryIdentifier         :     - Found lib root package androidx.lifecycle  (androidx.lifecycle::lifecycle-service)
23:43:31 INFO  LibraryIdentifier         :     - Found lib root package androidx.lifecycle  (androidx.lifecycle::lifecycle-viewmodel)
23:43:31 INFO  LibraryIdentifier         :     - Found lib root package androidx.lifecycle  (androidx.lifecycle::lifecycle-viewmodel-ktx)
23:43:31 INFO  LibraryIdentifier         :     - Found lib root package androidx.recyclerview.widget  (androidx.recyclerview::recyclerview)
23:43:31 INFO  LibraryIdentifier         :     - Found lib root package androidx.transition  (androidx.transition::transition)
23:43:31 INFO  LibraryIdentifier         :     - Found lib root package androidx.versionedparcelable  (androidx.versionedparcelable::versionedparcelable)
23:43:31 INFO  LibraryIdentifier         :     - Found lib root package androidx.viewpager.widget  (androidx.viewpager::viewpager)
23:43:31 INFO  LibraryIdentifier         :     - Found lib root package android.support.v4  (com.android.support::customview)
23:43:31 INFO  LibraryIdentifier         :     - Found lib root package android.support.v4  (com.android.support::loader)
23:43:31 INFO  LibraryIdentifier         :     - Found lib root package android.support.v4  (com.android.support::support-compat)
23:43:31 INFO  LibraryIdentifier         :     - Found lib root package android.support.v4  (com.android.support::support-core-ui)
23:43:31 INFO  LibraryIdentifier         :     - Found lib root package android.support.v4  (com.android.support::support-core-utils)
23:43:31 INFO  LibraryIdentifier         :     - Found lib root package android.support.v4.app  (com.android.support::support-fragment)
23:43:31 INFO  LibraryIdentifier         :     - Found lib root package android.support.v4  (com.android.support::support-v4)
23:43:31 INFO  LibraryIdentifier         :     - Found lib root package androidx.versionedparcelable  (com.android.support::versionedparcelable)
23:43:31 INFO  LibraryIdentifier         :     - Found lib root package com.google.android.material  (com.google.android.material::material)
23:43:31 INFO  LibraryIdentifier         : 
23:43:31 INFO  LibraryIdentifier         : = Match profiles =
23:44:49 INFO  LibraryIdentifier         :     >> profile matching done (1 min, 17 sec, 763 ms)
23:44:49 INFO  LibraryIdentifier         : 
23:44:49 INFO  LibraryIdentifier         : == Report ==
23:44:49 INFO  LibraryIdentifier         : - Full library matches:
23:44:49 INFO  ProfileMatch              :                 name: androidx.customview::customview
23:44:49 INFO  ProfileMatch              :             category: Android
23:44:49 INFO  ProfileMatch              :              version: 1.0.0  [OLD VERSION]
23:44:49 INFO  ProfileMatch              :         release-date:  --
23:44:49 INFO  ProfileMatch              :     lib root package: "androidx.customview"  (in app: "b.k")
23:44:49 INFO  ProfileMatch              : 
23:44:49 INFO  ProfileMatch              :                 name: androidx.cursoradapter::cursoradapter
23:44:49 INFO  ProfileMatch              :             category: Android
23:44:49 INFO  ProfileMatch              :              version: 1.0.0
23:44:49 INFO  ProfileMatch              :         release-date:  --
23:44:49 INFO  ProfileMatch              :     lib root package: "androidx.cursoradapter.widget"  (in app: "b.j.b")
23:44:49 INFO  ProfileMatch              : 
23:44:49 INFO  ProfileMatch              :                 name: androidx.lifecycle::lifecycle-viewmodel
23:44:49 INFO  ProfileMatch              :             category: Android
23:44:49 INFO  ProfileMatch              :              version: 2.1.0  [OLD VERSION]
23:44:49 INFO  ProfileMatch              :         release-date:  --
23:44:49 INFO  ProfileMatch              :     lib root package: "androidx.lifecycle"  (in app: "b.r")
23:44:49 INFO  ProfileMatch              : 
23:44:49 INFO  ProfileMatch              :                 name: com.android.support::loader
23:44:49 INFO  ProfileMatch              :             category: Android
23:44:49 INFO  ProfileMatch              :              version: 28.0.0
23:44:49 INFO  ProfileMatch              :         release-date:  --
23:44:49 INFO  ProfileMatch              :     lib root package: "android.support.v4"  (in app: "b.s")
23:44:49 INFO  ProfileMatch              : 
23:44:49 INFO  ProfileMatch              :                 name: androidx.constraintlayout::constraintlayout-solver
23:44:49 INFO  ProfileMatch              :             category: Android
23:44:49 INFO  ProfileMatch              :              version: 2.0.0  [OLD VERSION]
23:44:49 INFO  ProfileMatch              :         release-date:  --
23:44:49 INFO  ProfileMatch              :     lib root package: "androidx.constraintlayout.solver"  (in app: "b.g.b")
23:44:49 INFO  ProfileMatch              : 
23:44:49 INFO  ProfileMatch              :                 name: androidx.constraintlayout::constraintlayout-solver
23:44:49 INFO  ProfileMatch              :             category: Android
23:44:49 INFO  ProfileMatch              :              version: 2.0.1  [OLD VERSION]
23:44:49 INFO  ProfileMatch              :         release-date:  --
23:44:49 INFO  ProfileMatch              :     lib root package: "androidx.constraintlayout.solver"  (in app: "b.g.b")
23:44:49 INFO  ProfileMatch              : 
23:44:49 INFO  ProfileMatch              :                 name: androidx.annotation::annotation
23:44:49 INFO  ProfileMatch              :             category: Android
23:44:49 INFO  ProfileMatch              :              version: 1.0.1  [OLD VERSION]
23:44:49 INFO  ProfileMatch              :         release-date:  --
23:44:49 INFO  ProfileMatch              :     lib root package: "androidx.annotation"  (in app: "b.b")
23:44:49 INFO  ProfileMatch              : 
23:44:49 INFO  ProfileMatch              :                 name: androidx.annotation::annotation
23:44:49 INFO  ProfileMatch              :             category: Android
23:44:49 INFO  ProfileMatch              :              version: 1.0.2  [OLD VERSION]
23:44:49 INFO  ProfileMatch              :         release-date:  --
23:44:49 INFO  ProfileMatch              :     lib root package: "androidx.annotation"  (in app: "b.b")
23:44:49 INFO  ProfileMatch              : 
23:44:49 INFO  ProfileMatch              :                 name: androidx.annotation::annotation
23:44:49 INFO  ProfileMatch              :             category: Android
23:44:49 INFO  ProfileMatch              :              version: 1.1.0  [OLD VERSION]
23:44:49 INFO  ProfileMatch              :         release-date:  --
23:44:49 INFO  ProfileMatch              :     lib root package: "androidx.annotation"  (in app: "b.b")
23:44:49 INFO  ProfileMatch              : 
23:44:49 INFO  ProfileMatch              :                 name: com.android.support::localbroadcastmanager
23:44:49 INFO  ProfileMatch              :             category: Android
23:44:49 INFO  ProfileMatch              :              version: 28.0.0
23:44:49 INFO  ProfileMatch              :         release-date:  --
23:44:49 INFO  ProfileMatch              :     lib root package: "android.support.v4.content"  (in app: "b.t.b")
23:44:49 INFO  ProfileMatch              : 
23:44:49 INFO  ProfileMatch              :                 name: androidx.lifecycle::lifecycle-runtime
23:44:49 INFO  ProfileMatch              :             category: Android
23:44:49 INFO  ProfileMatch              :              version: 2.1.0  [OLD VERSION]
23:44:49 INFO  ProfileMatch              :         release-date:  --
23:44:49 INFO  ProfileMatch              :     lib root package: "androidx.lifecycle"  (in app: "b.r")
23:44:49 INFO  ProfileMatch              : 
23:44:49 INFO  ProfileMatch              :                 name: com.android.support::customview
23:44:49 INFO  ProfileMatch              :             category: Android
23:44:49 INFO  ProfileMatch              :              version: 28.0.0
23:44:49 INFO  ProfileMatch              :         release-date:  --
23:44:49 INFO  ProfileMatch              :     lib root package: "android.support.v4"  (in app: "b.k")
23:44:49 INFO  ProfileMatch              : 
23:44:49 INFO  ProfileMatch              :                 name: com.android.support::drawerlayout
23:44:49 INFO  ProfileMatch              :             category: Android
23:44:49 INFO  ProfileMatch              :              version: 28.0.0
23:44:49 INFO  ProfileMatch              :         release-date:  --
23:44:49 INFO  ProfileMatch              :     lib root package: "android.support.v4.widget"  (in app: "androidx.drawerlayout.widget")
23:44:49 INFO  ProfileMatch              : 
23:44:49 INFO  ProfileMatch              :                 name: androidx.loader::loader
23:44:49 INFO  ProfileMatch              :             category: Android
23:44:49 INFO  ProfileMatch              :              version: 1.0.0  [OLD VERSION]
23:44:49 INFO  ProfileMatch              :         release-date:  --
23:44:49 INFO  ProfileMatch              :     lib root package: "androidx.loader"  (in app: "b.s")
23:44:49 INFO  ProfileMatch              : 
23:44:49 INFO  ProfileMatch              :                 name: com.android.support::support-dynamic-animation
23:44:49 INFO  ProfileMatch              :             category: Android
23:44:49 INFO  ProfileMatch              :              version: 27.0.0  [OLD VERSION]
23:44:49 INFO  ProfileMatch              :         release-date:  --
23:44:49 INFO  ProfileMatch              :     lib root package: "android.support.animation"  (in app: "b.n.b")
23:44:49 INFO  ProfileMatch              : 
23:44:49 INFO  ProfileMatch              :                 name: com.android.support::support-dynamic-animation
23:44:49 INFO  ProfileMatch              :             category: Android
23:44:49 INFO  ProfileMatch              :              version: 27.0.1  [OLD VERSION]
23:44:49 INFO  ProfileMatch              :         release-date:  --
23:44:49 INFO  ProfileMatch              :     lib root package: "android.support.animation"  (in app: "b.n.b")
23:44:49 INFO  ProfileMatch              : 
23:44:49 INFO  ProfileMatch              :                 name: com.android.support::support-dynamic-animation
23:44:49 INFO  ProfileMatch              :             category: Android
23:44:49 INFO  ProfileMatch              :              version: 27.0.2  [OLD VERSION]
23:44:49 INFO  ProfileMatch              :         release-date:  --
23:44:49 INFO  ProfileMatch              :     lib root package: "android.support.animation"  (in app: "b.n.b")
23:44:49 INFO  ProfileMatch              : 
23:44:49 INFO  ProfileMatch              :                 name: com.android.support::support-dynamic-animation
23:44:49 INFO  ProfileMatch              :             category: Android
23:44:49 INFO  ProfileMatch              :              version: 27.1.0  [OLD VERSION]
23:44:49 INFO  ProfileMatch              :         release-date:  --
23:44:49 INFO  ProfileMatch              :     lib root package: "android.support.animation"  (in app: "b.n.b")
23:44:49 INFO  ProfileMatch              : 
23:44:49 INFO  ProfileMatch              :                 name: com.android.support::support-dynamic-animation
23:44:49 INFO  ProfileMatch              :             category: Android
23:44:49 INFO  ProfileMatch              :              version: 27.1.1  [OLD VERSION]
23:44:49 INFO  ProfileMatch              :         release-date:  --
23:44:49 INFO  ProfileMatch              :     lib root package: "android.support.animation"  (in app: "b.n.b")
23:44:49 INFO  ProfileMatch              : 
23:44:49 INFO  ProfileMatch              :                 name: com.android.support::support-dynamic-animation
23:44:49 INFO  ProfileMatch              :             category: Android
23:44:49 INFO  ProfileMatch              :              version: 28.0.0
23:44:49 INFO  ProfileMatch              :         release-date:  --
23:44:49 INFO  ProfileMatch              :     lib root package: "android.support.animation"  (in app: "b.n.b")
23:44:49 INFO  ProfileMatch              : 
23:44:49 INFO  ProfileMatch              :                 name: androidx.drawerlayout::drawerlayout
23:44:49 INFO  ProfileMatch              :             category: Android
23:44:49 INFO  ProfileMatch              :              version: 1.0.0  [OLD VERSION]
23:44:49 INFO  ProfileMatch              :         release-date:  --
23:44:49 INFO  ProfileMatch              :     lib root package: "androidx.drawerlayout.widget"
23:44:49 INFO  ProfileMatch              : 
23:44:49 INFO  ProfileMatch              :                 name: com.android.support::support-core-utils
23:44:49 INFO  ProfileMatch              :             category: Android
23:44:49 INFO  ProfileMatch              :              version: 28.0.0
23:44:49 INFO  ProfileMatch              :         release-date:  --
23:44:49 INFO  ProfileMatch              :     lib root package: "android.support.v4.content"  (in app: "androidx.legacy.content")
23:44:49 INFO  ProfileMatch              : 
23:44:49 INFO  ProfileMatch              :                 name: androidx.dynamicanimation::dynamicanimation
23:44:49 INFO  ProfileMatch              :             category: Android
23:44:49 INFO  ProfileMatch              :              version: 1.0.0
23:44:49 INFO  ProfileMatch              :         release-date:  --
23:44:49 INFO  ProfileMatch              :     lib root package: "androidx.dynamicanimation.animation"  (in app: "b.n.b")
23:44:49 INFO  ProfileMatch              : 
23:44:49 INFO  ProfileMatch              :                 name: androidx.arch.core::core-runtime
23:44:49 INFO  ProfileMatch              :             category: Android
23:44:49 INFO  ProfileMatch              :              version: 2.0.0  [OLD VERSION]
23:44:49 INFO  ProfileMatch              :         release-date:  --
23:44:49 INFO  ProfileMatch              :     lib root package: "androidx.arch.core.executor"  (in app: "b.d.a.b")
23:44:49 INFO  ProfileMatch              : 
23:44:49 INFO  ProfileMatch              :                 name: androidx.arch.core::core-runtime
23:44:49 INFO  ProfileMatch              :             category: Android
23:44:49 INFO  ProfileMatch              :              version: 2.0.1  [OLD VERSION]
23:44:49 INFO  ProfileMatch              :         release-date:  --
23:44:49 INFO  ProfileMatch              :     lib root package: "androidx.arch.core.executor"  (in app: "b.d.a.b")
23:44:49 INFO  ProfileMatch              : 
23:44:49 INFO  ProfileMatch              :                 name: com.google.firebase::firebase-ml-vision-image-label-model
23:44:49 INFO  ProfileMatch              :             category: Android
23:44:49 INFO  ProfileMatch              :              version: 20.0.0  [OLD VERSION]
23:44:49 INFO  ProfileMatch              :         release-date:  --
23:44:49 INFO  ProfileMatch              :     lib root package: "com.google.firebase.ml.vision.imagelabel"  (in app: "b")
23:44:49 INFO  ProfileMatch              : 
23:44:49 INFO  ProfileMatch              :                 name: com.google.firebase::firebase-ml-vision-image-label-model
23:44:49 INFO  ProfileMatch              :             category: Android
23:44:49 INFO  ProfileMatch              :              version: 20.0.1  [OLD VERSION]
23:44:49 INFO  ProfileMatch              :         release-date:  --
23:44:49 INFO  ProfileMatch              :     lib root package: "com.google.firebase.ml.vision.imagelabel"  (in app: "b")
23:44:49 INFO  ProfileMatch              : 
23:44:49 INFO  ProfileMatch              :                 name: com.google.firebase::firebase-ml-vision-image-label-model
23:44:49 INFO  ProfileMatch              :             category: Android
23:44:49 INFO  ProfileMatch              :              version: 20.0.2
23:44:49 INFO  ProfileMatch              :         release-date:  --
23:44:49 INFO  ProfileMatch              :     lib root package: "com.google.firebase.ml.vision.imagelabel"  (in app: "b")
23:44:49 INFO  ProfileMatch              : 
23:44:49 INFO  ProfileMatch              :                 name: com.android.support.constraint::constraint-layout-solver
23:44:49 INFO  ProfileMatch              :             category: Android
23:44:49 INFO  ProfileMatch              :              version: 2.0.0  [OLD VERSION]
23:44:49 INFO  ProfileMatch              :         release-date:  --
23:44:49 INFO  ProfileMatch              :     lib root package: "android.support.constraint.solver"  (in app: "b.g.b")
23:44:49 INFO  ProfileMatch              : 
23:44:49 INFO  ProfileMatch              :                 name: com.android.support.constraint::constraint-layout-solver
23:44:49 INFO  ProfileMatch              :             category: Android
23:44:49 INFO  ProfileMatch              :              version: 2.0.1  [OLD VERSION]
23:44:49 INFO  ProfileMatch              :         release-date:  --
23:44:49 INFO  ProfileMatch              :     lib root package: "android.support.constraint.solver"  (in app: "b.g.b")
23:44:49 INFO  ProfileMatch              : 
23:44:49 INFO  ProfileMatch              :                 name: androidx.lifecycle::lifecycle-livedata
23:44:49 INFO  ProfileMatch              :             category: Android
23:44:49 INFO  ProfileMatch              :              version: 2.0.0  [OLD VERSION]
23:44:49 INFO  ProfileMatch              :         release-date:  --
23:44:49 INFO  ProfileMatch              :     lib root package: "androidx.lifecycle"  (in app: "b.r")
23:44:49 INFO  ProfileMatch              : 
23:44:49 INFO  ProfileMatch              :                 name: androidx.arch.core::core-common
23:44:49 INFO  ProfileMatch              :             category: Android
23:44:49 INFO  ProfileMatch              :              version: 2.0.0  [OLD VERSION]
23:44:49 INFO  ProfileMatch              :         release-date:  --
23:44:49 INFO  ProfileMatch              :     lib root package: "androidx.arch.core"  (in app: "b.d.a")
23:44:49 INFO  ProfileMatch              : 
23:44:49 INFO  ProfileMatch              :                 name: androidx.arch.core::core-common
23:44:49 INFO  ProfileMatch              :             category: Android
23:44:49 INFO  ProfileMatch              :              version: 2.0.1  [OLD VERSION]
23:44:49 INFO  ProfileMatch              :         release-date:  --
23:44:49 INFO  ProfileMatch              :     lib root package: "androidx.arch.core"  (in app: "b.d.a")
23:44:49 INFO  ProfileMatch              : 
23:44:49 INFO  ProfileMatch              :                 name: androidx.arch.core::core-common
23:44:49 INFO  ProfileMatch              :             category: Android
23:44:49 INFO  ProfileMatch              :              version: 2.1.0
23:44:49 INFO  ProfileMatch              :         release-date:  --
23:44:49 INFO  ProfileMatch              :     lib root package: "androidx.arch.core"  (in app: "b.d.a")
23:44:49 INFO  ProfileMatch              : 
23:44:49 INFO  ProfileMatch              :                 name: androidx.collection::collection
23:44:49 INFO  ProfileMatch              :             category: Android
23:44:49 INFO  ProfileMatch              :              version: 1.1.0  [OLD VERSION]
23:44:49 INFO  ProfileMatch              :         release-date:  --
23:44:49 INFO  ProfileMatch              :     lib root package: "androidx.collection"  (in app: "b.f")
23:44:49 INFO  ProfileMatch              : 
23:44:49 INFO  ProfileMatch              :                 name: androidx.lifecycle::lifecycle-common-java8
23:44:49 INFO  ProfileMatch              :             category: Android
23:44:49 INFO  ProfileMatch              :              version: 2.0.0  [OLD VERSION]
23:44:49 INFO  ProfileMatch              :         release-date:  --
23:44:49 INFO  ProfileMatch              :     lib root package: "androidx.lifecycle"  (in app: "b.r")
23:44:49 INFO  ProfileMatch              : 
23:44:49 INFO  ProfileMatch              :                 name: androidx.lifecycle::lifecycle-common-java8
23:44:49 INFO  ProfileMatch              :             category: Android
23:44:49 INFO  ProfileMatch              :              version: 2.1.0  [OLD VERSION]
23:44:49 INFO  ProfileMatch              :         release-date:  --
23:44:49 INFO  ProfileMatch              :     lib root package: "androidx.lifecycle"  (in app: "b.r")
23:44:49 INFO  ProfileMatch              : 
23:44:49 INFO  ProfileMatch              :                 name: androidx.lifecycle::lifecycle-common-java8
23:44:49 INFO  ProfileMatch              :             category: Android
23:44:49 INFO  ProfileMatch              :              version: 2.2.0  [OLD VERSION]
23:44:49 INFO  ProfileMatch              :         release-date:  --
23:44:49 INFO  ProfileMatch              :     lib root package: "androidx.lifecycle"  (in app: "b.r")
23:44:49 INFO  ProfileMatch              : 
23:44:49 INFO  ProfileMatch              :                 name: androidx.lifecycle::lifecycle-common-java8
23:44:49 INFO  ProfileMatch              :             category: Android
23:44:49 INFO  ProfileMatch              :              version: 2.3.0  [OLD VERSION]
23:44:49 INFO  ProfileMatch              :         release-date:  --
23:44:49 INFO  ProfileMatch              :     lib root package: "androidx.lifecycle"  (in app: "b.r")
23:44:49 INFO  ProfileMatch              : 
23:44:49 INFO  ProfileMatch              :                 name: androidx.lifecycle::lifecycle-common-java8
23:44:49 INFO  ProfileMatch              :             category: Android
23:44:49 INFO  ProfileMatch              :              version: 2.3.1
23:44:49 INFO  ProfileMatch              :         release-date:  --
23:44:49 INFO  ProfileMatch              :     lib root package: "androidx.lifecycle"  (in app: "b.r")
23:44:49 INFO  ProfileMatch              : 
23:44:49 INFO  ProfileMatch              :                 name: android.arch.core::runtime
23:44:49 INFO  ProfileMatch              :             category: Android
23:44:49 INFO  ProfileMatch              :              version: 1.0.0  [OLD VERSION]
23:44:49 INFO  ProfileMatch              :         release-date:  --
23:44:49 INFO  ProfileMatch              :     lib root package: "android.arch.core"  (in app: "b.d.a")
23:44:49 INFO  ProfileMatch              : 
23:44:49 INFO  ProfileMatch              :                 name: android.arch.core::runtime
23:44:49 INFO  ProfileMatch              :             category: Android
23:44:49 INFO  ProfileMatch              :              version: 1.1.0  [OLD VERSION]
23:44:49 INFO  ProfileMatch              :         release-date:  --
23:44:49 INFO  ProfileMatch              :     lib root package: "android.arch.core"  (in app: "b.d.a")
23:44:49 INFO  ProfileMatch              : 
23:44:49 INFO  ProfileMatch              :                 name: com.android.support::cursoradapter
23:44:49 INFO  ProfileMatch              :             category: Android
23:44:49 INFO  ProfileMatch              :              version: 28.0.0
23:44:49 INFO  ProfileMatch              :         release-date:  --
23:44:49 INFO  ProfileMatch              :     lib root package: "android.support.v4.widget"  (in app: "b.j.b")
23:44:49 INFO  ProfileMatch              : 
23:44:49 INFO  ProfileMatch              :                 name: com.android.support::interpolator
23:44:49 INFO  ProfileMatch              :             category: Android
23:44:49 INFO  ProfileMatch              :              version: 28.0.0
23:44:49 INFO  ProfileMatch              :         release-date:  --
23:44:49 INFO  ProfileMatch              :     lib root package: "android.support.v4.view.animation"  (in app: "b.p.b.a")
23:44:49 INFO  ProfileMatch              : 
23:44:49 INFO  ProfileMatch              :                 name: androidx.interpolator::interpolator
23:44:49 INFO  ProfileMatch              :             category: Android
23:44:49 INFO  ProfileMatch              :              version: 1.0.0
23:44:49 INFO  ProfileMatch              :         release-date:  --
23:44:49 INFO  ProfileMatch              :     lib root package: "androidx.interpolator.view.animation"  (in app: "b.p.b.a")
23:44:49 INFO  ProfileMatch              : 
23:44:49 INFO  ProfileMatch              :                 name: androidx.documentfile::documentfile
23:44:49 INFO  ProfileMatch              :             category: Android
23:44:49 INFO  ProfileMatch              :              version: 1.0.0  [OLD VERSION]
23:44:49 INFO  ProfileMatch              :         release-date:  --
23:44:49 INFO  ProfileMatch              :     lib root package: "androidx.documentfile.provider"  (in app: "b.l.b")
23:44:49 INFO  ProfileMatch              : 
23:44:49 INFO  ProfileMatch              :                 name: androidx.documentfile::documentfile
23:44:49 INFO  ProfileMatch              :             category: Android
23:44:49 INFO  ProfileMatch              :              version: 1.0.1
23:44:49 INFO  ProfileMatch              :         release-date:  --
23:44:49 INFO  ProfileMatch              :     lib root package: "androidx.documentfile.provider"  (in app: "b.l.b")
23:44:49 INFO  ProfileMatch              : 
23:44:49 INFO  ProfileMatch              :                 name: Facebook
23:44:49 INFO  ProfileMatch              :             category: SocialMedia
23:44:49 INFO  ProfileMatch              :              version: 4.27.0  [OLD VERSION]
23:44:49 INFO  ProfileMatch              :         release-date: 26.09.2017
23:44:49 INFO  ProfileMatch              :     lib root package: "com.facebook.all"  (in app: "b")
23:44:49 INFO  ProfileMatch              : 
23:44:49 INFO  ProfileMatch              :                 name: Facebook
23:44:49 INFO  ProfileMatch              :             category: SocialMedia
23:44:49 INFO  ProfileMatch              :              version: 4.28.0  [OLD VERSION]
23:44:49 INFO  ProfileMatch              :         release-date: 07.11.2017
23:44:49 INFO  ProfileMatch              :     lib root package: "com.facebook.all"  (in app: "b")
23:44:49 INFO  ProfileMatch              : 
23:44:49 INFO  ProfileMatch              :                 name: Facebook
23:44:49 INFO  ProfileMatch              :             category: SocialMedia
23:44:49 INFO  ProfileMatch              :              version: 4.29.0  [OLD VERSION]
23:44:49 INFO  ProfileMatch              :         release-date: 05.12.2017
23:44:49 INFO  ProfileMatch              :     lib root package: "com.facebook.all"  (in app: "b")
23:44:49 INFO  ProfileMatch              : 
23:44:49 INFO  ProfileMatch              :                 name: Facebook
23:44:49 INFO  ProfileMatch              :             category: SocialMedia
23:44:49 INFO  ProfileMatch              :              version: 4.30.0  [OLD VERSION]
23:44:49 INFO  ProfileMatch              :         release-date: 24.01.2018
23:44:49 INFO  ProfileMatch              :     lib root package: "com.facebook.all"  (in app: "b")
23:44:49 INFO  ProfileMatch              : 
23:44:49 INFO  ProfileMatch              :                 name: Facebook
23:44:49 INFO  ProfileMatch              :             category: SocialMedia
23:44:49 INFO  ProfileMatch              :              version: 4.31.0  [OLD VERSION]
23:44:49 INFO  ProfileMatch              :         release-date: 28.02.2018
23:44:49 INFO  ProfileMatch              :     lib root package: "com.facebook.all"  (in app: "b")
23:44:49 INFO  ProfileMatch              : 
23:44:49 INFO  ProfileMatch              :                 name: Facebook
23:44:49 INFO  ProfileMatch              :             category: SocialMedia
23:44:49 INFO  ProfileMatch              :              version: 4.32.0  [OLD VERSION]
23:44:49 INFO  ProfileMatch              :         release-date: 11.04.2018
23:44:49 INFO  ProfileMatch              :     lib root package: "com.facebook.all"  (in app: "b")
23:44:49 INFO  ProfileMatch              : 
23:44:49 INFO  ProfileMatch              :                 name: Facebook
23:44:49 INFO  ProfileMatch              :             category: SocialMedia
23:44:49 INFO  ProfileMatch              :              version: 4.33.0  [OLD VERSION]
23:44:49 INFO  ProfileMatch              :         release-date: 01.05.2018
23:44:49 INFO  ProfileMatch              :     lib root package: "com.facebook.all"  (in app: "b")
23:44:49 INFO  ProfileMatch              : 
23:44:49 INFO  ProfileMatch              :                 name: Facebook
23:44:49 INFO  ProfileMatch              :             category: SocialMedia
23:44:49 INFO  ProfileMatch              :              version: 4.34.0  [OLD VERSION]
23:44:49 INFO  ProfileMatch              :         release-date: 19.06.2018
23:44:49 INFO  ProfileMatch              :     lib root package: "com.facebook.all"  (in app: "b")
23:44:49 INFO  ProfileMatch              : 
23:44:49 INFO  ProfileMatch              :                 name: Facebook
23:44:49 INFO  ProfileMatch              :             category: SocialMedia
23:44:49 INFO  ProfileMatch              :              version: 4.35.0  [OLD VERSION]
23:44:49 INFO  ProfileMatch              :         release-date: 26.07.2018
23:44:49 INFO  ProfileMatch              :     lib root package: "com.facebook.all"  (in app: "b")
23:44:49 INFO  ProfileMatch              : 
23:44:49 INFO  ProfileMatch              :                 name: Facebook
23:44:49 INFO  ProfileMatch              :             category: SocialMedia
23:44:49 INFO  ProfileMatch              :              version: 4.36.0  [OLD VERSION]
23:44:49 INFO  ProfileMatch              :         release-date: 29.08.2018
23:44:49 INFO  ProfileMatch              :     lib root package: "com.facebook.all"  (in app: "b")
23:44:49 INFO  ProfileMatch              : 
23:44:49 INFO  ProfileMatch              :                 name: Facebook
23:44:49 INFO  ProfileMatch              :             category: SocialMedia
23:44:49 INFO  ProfileMatch              :              version: 4.36.1  [OLD VERSION]
23:44:49 INFO  ProfileMatch              :         release-date: 15.09.2018
23:44:49 INFO  ProfileMatch              :     lib root package: "com.facebook.all"  (in app: "b")
23:44:49 INFO  ProfileMatch              : 
23:44:49 INFO  ProfileMatch              :                 name: Facebook
23:44:49 INFO  ProfileMatch              :             category: SocialMedia
23:44:49 INFO  ProfileMatch              :              version: 4.37.0  [OLD VERSION]
23:44:49 INFO  ProfileMatch              :         release-date: 27.09.2018
23:44:49 INFO  ProfileMatch              :     lib root package: "com.facebook.all"  (in app: "b")
23:44:49 INFO  ProfileMatch              : 
23:44:49 INFO  ProfileMatch              :                 name: Facebook
23:44:49 INFO  ProfileMatch              :             category: SocialMedia
23:44:49 INFO  ProfileMatch              :              version: 4.38.0  [OLD VERSION]
23:44:49 INFO  ProfileMatch              :         release-date: 23.10.2018
23:44:49 INFO  ProfileMatch              :     lib root package: "com.facebook.all"  (in app: "b")
23:44:49 INFO  ProfileMatch              : 
23:44:49 INFO  ProfileMatch              :                 name: Facebook
23:44:49 INFO  ProfileMatch              :             category: SocialMedia
23:44:49 INFO  ProfileMatch              :              version: 4.38.1  [OLD VERSION]
23:44:49 INFO  ProfileMatch              :         release-date: 31.10.2018
23:44:49 INFO  ProfileMatch              :     lib root package: "com.facebook.all"  (in app: "b")
23:44:49 INFO  ProfileMatch              : 
23:44:49 INFO  ProfileMatch              :                 name: Facebook
23:44:49 INFO  ProfileMatch              :             category: SocialMedia
23:44:49 INFO  ProfileMatch              :              version: 4.39.0  [OLD VERSION]
23:44:49 INFO  ProfileMatch              :         release-date: 05.12.2018
23:44:49 INFO  ProfileMatch              :     lib root package: "com.facebook.all"  (in app: "b")
23:44:49 INFO  ProfileMatch              : 
23:44:49 INFO  ProfileMatch              :                 name: Facebook
23:44:49 INFO  ProfileMatch              :             category: SocialMedia
23:44:49 INFO  ProfileMatch              :              version: 4.40.0  [OLD VERSION]
23:44:49 INFO  ProfileMatch              :         release-date: 22.01.2019
23:44:49 INFO  ProfileMatch              :     lib root package: "com.facebook.all"  (in app: "b")
23:44:49 INFO  ProfileMatch              : 
23:44:49 INFO  ProfileMatch              :                 name: Facebook
23:44:49 INFO  ProfileMatch              :             category: SocialMedia
23:44:49 INFO  ProfileMatch              :              version: 4.41.0  [OLD VERSION]
23:44:49 INFO  ProfileMatch              :         release-date: 08.03.2019
23:44:49 INFO  ProfileMatch              :     lib root package: "com.facebook.all"  (in app: "b")
23:44:49 INFO  ProfileMatch              : 
23:44:49 INFO  ProfileMatch              :                 name: Facebook
23:44:49 INFO  ProfileMatch              :             category: SocialMedia
23:44:49 INFO  ProfileMatch              :              version: 4.42.0  [OLD VERSION]
23:44:49 INFO  ProfileMatch              :         release-date: 08.04.2019
23:44:49 INFO  ProfileMatch              :     lib root package: "com.facebook.all"  (in app: "b")
23:44:49 INFO  ProfileMatch              : 
23:44:49 INFO  ProfileMatch              :                 name: Facebook
23:44:49 INFO  ProfileMatch              :             category: SocialMedia
23:44:49 INFO  ProfileMatch              :              version: 5.0.0  [OLD VERSION]
23:44:49 INFO  ProfileMatch              :         release-date: 30.04.2019
23:44:49 INFO  ProfileMatch              :     lib root package: "com.facebook.all"  (in app: "b")
23:44:49 INFO  ProfileMatch              : 
23:44:49 INFO  ProfileMatch              :                 name: Facebook
23:44:49 INFO  ProfileMatch              :             category: SocialMedia
23:44:49 INFO  ProfileMatch              :              version: 5.0.1  [OLD VERSION]
23:44:49 INFO  ProfileMatch              :         release-date: 17.05.2019
23:44:49 INFO  ProfileMatch              :     lib root package: "com.facebook.all"  (in app: "b")
23:44:49 INFO  ProfileMatch              : 
23:44:49 INFO  ProfileMatch              :                 name: Facebook
23:44:49 INFO  ProfileMatch              :             category: SocialMedia
23:44:49 INFO  ProfileMatch              :              version: 5.0.2  [OLD VERSION]
23:44:49 INFO  ProfileMatch              :         release-date: 09.06.2019
23:44:49 INFO  ProfileMatch              :     lib root package: "com.facebook.all"  (in app: "b")
23:44:49 INFO  ProfileMatch              : 
23:44:49 INFO  ProfileMatch              :                 name: Facebook
23:44:49 INFO  ProfileMatch              :             category: SocialMedia
23:44:49 INFO  ProfileMatch              :              version: 5.0.3  [OLD VERSION]
23:44:49 INFO  ProfileMatch              :         release-date: 14.06.2019
23:44:49 INFO  ProfileMatch              :     lib root package: "com.facebook.all"  (in app: "b")
23:44:49 INFO  ProfileMatch              : 
23:44:49 INFO  ProfileMatch              :                 name: Facebook
23:44:49 INFO  ProfileMatch              :             category: SocialMedia
23:44:49 INFO  ProfileMatch              :              version: 5.1.0  [OLD VERSION]
23:44:49 INFO  ProfileMatch              :         release-date: 21.06.2019
23:44:49 INFO  ProfileMatch              :     lib root package: "com.facebook.all"  (in app: "b")
23:44:49 INFO  ProfileMatch              : 
23:44:49 INFO  ProfileMatch              :                 name: Facebook
23:44:49 INFO  ProfileMatch              :             category: SocialMedia
23:44:49 INFO  ProfileMatch              :              version: 5.1.1  [OLD VERSION]
23:44:49 INFO  ProfileMatch              :         release-date: 02.07.2019
23:44:49 INFO  ProfileMatch              :     lib root package: "com.facebook.all"  (in app: "b")
23:44:49 INFO  ProfileMatch              : 
23:44:49 INFO  ProfileMatch              :                 name: Facebook
23:44:49 INFO  ProfileMatch              :             category: SocialMedia
23:44:49 INFO  ProfileMatch              :              version: 5.2.0  [OLD VERSION]
23:44:49 INFO  ProfileMatch              :         release-date: 29.07.2019
23:44:49 INFO  ProfileMatch              :     lib root package: "com.facebook.all"  (in app: "b")
23:44:49 INFO  ProfileMatch              : 
23:44:49 INFO  ProfileMatch              :                 name: Facebook
23:44:49 INFO  ProfileMatch              :             category: SocialMedia
23:44:49 INFO  ProfileMatch              :              version: 5.4.0  [OLD VERSION]
23:44:49 INFO  ProfileMatch              :         release-date: 16.08.2019
23:44:49 INFO  ProfileMatch              :     lib root package: "com.facebook.all"  (in app: "b")
23:44:49 INFO  ProfileMatch              : 
23:44:49 INFO  ProfileMatch              :                 name: Facebook
23:44:49 INFO  ProfileMatch              :             category: SocialMedia
23:44:49 INFO  ProfileMatch              :              version: 5.5.0  [OLD VERSION]
23:44:49 INFO  ProfileMatch              :         release-date: 31.08.2019
23:44:49 INFO  ProfileMatch              :     lib root package: "com.facebook.all"  (in app: "b")
23:44:49 INFO  ProfileMatch              : 
23:44:49 INFO  ProfileMatch              :                 name: Facebook
23:44:49 INFO  ProfileMatch              :             category: SocialMedia
23:44:49 INFO  ProfileMatch              :              version: 5.5.1  [OLD VERSION]
23:44:49 INFO  ProfileMatch              :         release-date: 06.09.2019
23:44:49 INFO  ProfileMatch              :     lib root package: "com.facebook.all"  (in app: "b")
23:44:49 INFO  ProfileMatch              : 
23:44:49 INFO  ProfileMatch              :                 name: Facebook
23:44:49 INFO  ProfileMatch              :             category: SocialMedia
23:44:49 INFO  ProfileMatch              :              version: 5.5.2  [OLD VERSION]
23:44:49 INFO  ProfileMatch              :         release-date: 05.10.2019
23:44:49 INFO  ProfileMatch              :     lib root package: "com.facebook.all"  (in app: "b")
23:44:49 INFO  ProfileMatch              : 
23:44:49 INFO  ProfileMatch              :                 name: Facebook
23:44:49 INFO  ProfileMatch              :             category: SocialMedia
23:44:49 INFO  ProfileMatch              :              version: 5.8.0  [OLD VERSION]
23:44:49 INFO  ProfileMatch              :         release-date: 08.10.2019
23:44:49 INFO  ProfileMatch              :     lib root package: "com.facebook.all"  (in app: "b")
23:44:49 INFO  ProfileMatch              : 
23:44:49 INFO  ProfileMatch              :                 name: Facebook
23:44:49 INFO  ProfileMatch              :             category: SocialMedia
23:44:49 INFO  ProfileMatch              :              version: 5.9.0  [OLD VERSION]
23:44:49 INFO  ProfileMatch              :         release-date: 29.10.2019
23:44:49 INFO  ProfileMatch              :     lib root package: "com.facebook.all"  (in app: "b")
23:44:49 INFO  ProfileMatch              : 
23:44:49 INFO  ProfileMatch              :                 name: Facebook
23:44:49 INFO  ProfileMatch              :             category: SocialMedia
23:44:49 INFO  ProfileMatch              :              version: 5.11.0  [OLD VERSION]
23:44:49 INFO  ProfileMatch              :         release-date: 15.11.2019
23:44:49 INFO  ProfileMatch              :     lib root package: "com.facebook.all"  (in app: "b")
23:44:49 INFO  ProfileMatch              : 
23:44:49 INFO  ProfileMatch              :                 name: Facebook
23:44:49 INFO  ProfileMatch              :             category: SocialMedia
23:44:49 INFO  ProfileMatch              :              version: 5.11.1  [OLD VERSION]
23:44:49 INFO  ProfileMatch              :         release-date: 21.11.2019
23:44:49 INFO  ProfileMatch              :     lib root package: "com.facebook.all"  (in app: "b")
23:44:49 INFO  ProfileMatch              : 
23:44:49 INFO  ProfileMatch              :                 name: Facebook
23:44:49 INFO  ProfileMatch              :             category: SocialMedia
23:44:49 INFO  ProfileMatch              :              version: 5.11.2  [OLD VERSION]
23:44:49 INFO  ProfileMatch              :         release-date: 22.11.2019
23:44:49 INFO  ProfileMatch              :     lib root package: "com.facebook.all"  (in app: "b")
23:44:49 INFO  ProfileMatch              : 
23:44:49 INFO  ProfileMatch              :                 name: Facebook
23:44:49 INFO  ProfileMatch              :             category: SocialMedia
23:44:49 INFO  ProfileMatch              :              version: 5.12.0  [OLD VERSION]
23:44:49 INFO  ProfileMatch              :         release-date: 04.12.2019
23:44:49 INFO  ProfileMatch              :     lib root package: "com.facebook.all"  (in app: "b")
23:44:49 INFO  ProfileMatch              : 
23:44:49 INFO  ProfileMatch              :                 name: Facebook
23:44:49 INFO  ProfileMatch              :             category: SocialMedia
23:44:49 INFO  ProfileMatch              :              version: 5.12.1  [OLD VERSION]
23:44:49 INFO  ProfileMatch              :         release-date: 09.12.2019
23:44:49 INFO  ProfileMatch              :     lib root package: "com.facebook.all"  (in app: "b")
23:44:49 INFO  ProfileMatch              : 
23:44:49 INFO  ProfileMatch              :                 name: Facebook
23:44:49 INFO  ProfileMatch              :             category: SocialMedia
23:44:49 INFO  ProfileMatch              :              version: 5.13.0  [OLD VERSION]
23:44:49 INFO  ProfileMatch              :         release-date: 12.12.2019
23:44:49 INFO  ProfileMatch              :     lib root package: "com.facebook.all"  (in app: "b")
23:44:49 INFO  ProfileMatch              : 
23:44:49 INFO  ProfileMatch              :                 name: Facebook
23:44:49 INFO  ProfileMatch              :             category: SocialMedia
23:44:49 INFO  ProfileMatch              :              version: 5.15.0  [OLD VERSION]
23:44:49 INFO  ProfileMatch              :         release-date: 21.01.2020
23:44:49 INFO  ProfileMatch              :     lib root package: "com.facebook.all"  (in app: "b")
23:44:49 INFO  ProfileMatch              : 
23:44:49 INFO  ProfileMatch              :                 name: Facebook
23:44:49 INFO  ProfileMatch              :             category: SocialMedia
23:44:49 INFO  ProfileMatch              :              version: 5.15.1  [OLD VERSION]
23:44:49 INFO  ProfileMatch              :         release-date: 29.01.2020
23:44:49 INFO  ProfileMatch              :     lib root package: "com.facebook.all"  (in app: "b")
23:44:49 INFO  ProfileMatch              : 
23:44:49 INFO  ProfileMatch              :                 name: Facebook
23:44:49 INFO  ProfileMatch              :             category: SocialMedia
23:44:49 INFO  ProfileMatch              :              version: 5.15.2  [OLD VERSION]
23:44:49 INFO  ProfileMatch              :         release-date: 03.02.2020
23:44:49 INFO  ProfileMatch              :     lib root package: "com.facebook.all"  (in app: "b")
23:44:49 INFO  ProfileMatch              : 
23:44:49 INFO  ProfileMatch              :                 name: Facebook
23:44:49 INFO  ProfileMatch              :             category: SocialMedia
23:44:49 INFO  ProfileMatch              :              version: 5.15.3  [OLD VERSION]
23:44:49 INFO  ProfileMatch              :         release-date: 03.02.2020
23:44:49 INFO  ProfileMatch              :     lib root package: "com.facebook.all"  (in app: "b")
23:44:49 INFO  ProfileMatch              : 
23:44:49 INFO  ProfileMatch              :                 name: Facebook
23:44:49 INFO  ProfileMatch              :             category: SocialMedia
23:44:49 INFO  ProfileMatch              :              version: 6.0.0  [OLD VERSION]
23:44:49 INFO  ProfileMatch              :         release-date: 03.02.2020
23:44:49 INFO  ProfileMatch              :     lib root package: "com.facebook.all"  (in app: "b")
23:44:49 INFO  ProfileMatch              : 
23:44:49 INFO  ProfileMatch              :                 name: Facebook
23:44:49 INFO  ProfileMatch              :             category: SocialMedia
23:44:49 INFO  ProfileMatch              :              version: 6.1.0  [OLD VERSION]
23:44:49 INFO  ProfileMatch              :         release-date: 14.02.2020
23:44:49 INFO  ProfileMatch              :     lib root package: "com.facebook.all"  (in app: "b")
23:44:49 INFO  ProfileMatch              : 
23:44:49 INFO  ProfileMatch              :                 name: Facebook
23:44:49 INFO  ProfileMatch              :             category: SocialMedia
23:44:49 INFO  ProfileMatch              :              version: 6.2.0  [OLD VERSION]
23:44:49 INFO  ProfileMatch              :         release-date: 09.03.2020
23:44:49 INFO  ProfileMatch              :     lib root package: "com.facebook.all"  (in app: "b")
23:44:49 INFO  ProfileMatch              : 
23:44:49 INFO  ProfileMatch              :                 name: Facebook
23:44:49 INFO  ProfileMatch              :             category: SocialMedia
23:44:49 INFO  ProfileMatch              :              version: 6.3.0  [OLD VERSION]
23:44:49 INFO  ProfileMatch              :         release-date: 25.03.2020
23:44:49 INFO  ProfileMatch              :     lib root package: "com.facebook.all"  (in app: "b")
23:44:49 INFO  ProfileMatch              : 
23:44:49 INFO  ProfileMatch              :                 name: Facebook
23:44:49 INFO  ProfileMatch              :             category: SocialMedia
23:44:49 INFO  ProfileMatch              :              version: 6.4.0  [OLD VERSION]
23:44:49 INFO  ProfileMatch              :         release-date: 15.04.2020
23:44:49 INFO  ProfileMatch              :     lib root package: "com.facebook.all"  (in app: "b")
23:44:49 INFO  ProfileMatch              : 
23:44:49 INFO  ProfileMatch              :                 name: Facebook
23:44:49 INFO  ProfileMatch              :             category: SocialMedia
23:44:49 INFO  ProfileMatch              :              version: 6.5.0  [OLD VERSION]
23:44:49 INFO  ProfileMatch              :         release-date: 20.04.2020
23:44:49 INFO  ProfileMatch              :     lib root package: "com.facebook.all"  (in app: "b")
23:44:49 INFO  ProfileMatch              : 
23:44:49 INFO  ProfileMatch              :                 name: Facebook
23:44:49 INFO  ProfileMatch              :             category: SocialMedia
23:44:49 INFO  ProfileMatch              :              version: 6.5.1  [OLD VERSION]
23:44:49 INFO  ProfileMatch              :         release-date: 23.04.2020
23:44:49 INFO  ProfileMatch              :     lib root package: "com.facebook.all"  (in app: "b")
23:44:49 INFO  ProfileMatch              : 
23:44:49 INFO  ProfileMatch              :                 name: Facebook
23:44:49 INFO  ProfileMatch              :             category: SocialMedia
23:44:49 INFO  ProfileMatch              :              version: 7.0.0  [OLD VERSION]
23:44:49 INFO  ProfileMatch              :         release-date: 05.05.2020
23:44:49 INFO  ProfileMatch              :     lib root package: "com.facebook.all"  (in app: "b")
23:44:49 INFO  ProfileMatch              : 
23:44:49 INFO  ProfileMatch              :                 name: Facebook
23:44:49 INFO  ProfileMatch              :             category: SocialMedia
23:44:49 INFO  ProfileMatch              :              version: 7.0.1  [OLD VERSION]
23:44:49 INFO  ProfileMatch              :         release-date: 09.06.2020
23:44:49 INFO  ProfileMatch              :     lib root package: "com.facebook.all"  (in app: "b")
23:44:49 INFO  ProfileMatch              : 
23:44:49 INFO  ProfileMatch              :                 name: Facebook
23:44:49 INFO  ProfileMatch              :             category: SocialMedia
23:44:49 INFO  ProfileMatch              :              version: 7.1.0  [OLD VERSION]
23:44:49 INFO  ProfileMatch              :         release-date: 23.06.2020
23:44:49 INFO  ProfileMatch              :     lib root package: "com.facebook.all"  (in app: "b")
23:44:49 INFO  ProfileMatch              : 
23:44:49 INFO  ProfileMatch              :                 name: Facebook
23:44:49 INFO  ProfileMatch              :             category: SocialMedia
23:44:49 INFO  ProfileMatch              :              version: 8.0.0  [OLD VERSION]
23:44:49 INFO  ProfileMatch              :         release-date: 28.09.2020
23:44:49 INFO  ProfileMatch              :     lib root package: "com.facebook.all"  (in app: "b")
23:44:49 INFO  ProfileMatch              : 
23:44:49 INFO  ProfileMatch              :                 name: Facebook
23:44:49 INFO  ProfileMatch              :             category: SocialMedia
23:44:49 INFO  ProfileMatch              :              version: 8.1.0  [OLD VERSION]
23:44:49 INFO  ProfileMatch              :         release-date: 14.10.2020
23:44:49 INFO  ProfileMatch              :     lib root package: "com.facebook.all"  (in app: "b")
23:44:49 INFO  ProfileMatch              : 
23:44:49 INFO  ProfileMatch              :                 name: Facebook
23:44:49 INFO  ProfileMatch              :             category: SocialMedia
23:44:49 INFO  ProfileMatch              :              version: 8.2.0  [OLD VERSION]
23:44:49 INFO  ProfileMatch              :         release-date: 18.12.2020
23:44:49 INFO  ProfileMatch              :     lib root package: "com.facebook.all"  (in app: "b")
23:44:49 INFO  ProfileMatch              : 
23:44:49 INFO  ProfileMatch              :                 name: Facebook
23:44:49 INFO  ProfileMatch              :             category: SocialMedia
23:44:49 INFO  ProfileMatch              :              version: 9.0.0  [OLD VERSION]
23:44:49 INFO  ProfileMatch              :         release-date: 19.01.2021
23:44:49 INFO  ProfileMatch              :     lib root package: "com.facebook.all"  (in app: "b")
23:44:49 INFO  ProfileMatch              : 
23:44:49 INFO  ProfileMatch              :                 name: Facebook
23:44:49 INFO  ProfileMatch              :             category: SocialMedia
23:44:49 INFO  ProfileMatch              :              version: 9.1.0  [OLD VERSION]
23:44:49 INFO  ProfileMatch              :         release-date: 15.03.2021
23:44:49 INFO  ProfileMatch              :     lib root package: "com.facebook.all"  (in app: "b")
23:44:49 INFO  ProfileMatch              : 
23:44:49 INFO  ProfileMatch              :                 name: Facebook
23:44:49 INFO  ProfileMatch              :             category: SocialMedia
23:44:49 INFO  ProfileMatch              :              version: 9.1.1  [OLD VERSION]
23:44:49 INFO  ProfileMatch              :         release-date: 12.04.2021
23:44:49 INFO  ProfileMatch              :     lib root package: "com.facebook.all"  (in app: "b")
23:44:49 INFO  ProfileMatch              : 
23:44:49 INFO  ProfileMatch              :                 name: Facebook
23:44:49 INFO  ProfileMatch              :             category: SocialMedia
23:44:49 INFO  ProfileMatch              :              version: 11.0.0  [OLD VERSION]
23:44:49 INFO  ProfileMatch              :         release-date: 08.06.2021
23:44:49 INFO  ProfileMatch              :     lib root package: "com.facebook.all"  (in app: "b")
23:44:49 INFO  ProfileMatch              : 
23:44:49 INFO  ProfileMatch              :                 name: Facebook
23:44:49 INFO  ProfileMatch              :             category: SocialMedia
23:44:49 INFO  ProfileMatch              :              version: 11.1.0  [OLD VERSION]
23:44:49 INFO  ProfileMatch              :         release-date: 06.07.2021
23:44:49 INFO  ProfileMatch              :     lib root package: "com.facebook.all"  (in app: "b")
23:44:49 INFO  ProfileMatch              : 
23:44:49 INFO  ProfileMatch              :                 name: Facebook
23:44:49 INFO  ProfileMatch              :             category: SocialMedia
23:44:49 INFO  ProfileMatch              :              version: 11.1.1  [OLD VERSION]
23:44:49 INFO  ProfileMatch              :         release-date: 19.07.2021
23:44:49 INFO  ProfileMatch              :     lib root package: "com.facebook.all"  (in app: "b")
23:44:49 INFO  ProfileMatch              : 
23:44:49 INFO  ProfileMatch              :                 name: Facebook
23:44:49 INFO  ProfileMatch              :             category: SocialMedia
23:44:49 INFO  ProfileMatch              :              version: 11.2.0  [OLD VERSION]
23:44:49 INFO  ProfileMatch              :         release-date: 03.08.2021
23:44:49 INFO  ProfileMatch              :     lib root package: "com.facebook.all"  (in app: "b")
23:44:49 INFO  ProfileMatch              : 
23:44:49 INFO  ProfileMatch              :                 name: Facebook
23:44:49 INFO  ProfileMatch              :             category: SocialMedia
23:44:49 INFO  ProfileMatch              :              version: 11.3.0  [OLD VERSION]
23:44:49 INFO  ProfileMatch              :         release-date: 07.09.2021
23:44:49 INFO  ProfileMatch              :     lib root package: "com.facebook.all"  (in app: "b")
23:44:49 INFO  ProfileMatch              : 
23:44:49 INFO  ProfileMatch              :                 name: Facebook
23:44:49 INFO  ProfileMatch              :             category: SocialMedia
23:44:49 INFO  ProfileMatch              :              version: 12.0.0  [OLD VERSION]
23:44:49 INFO  ProfileMatch              :         release-date: 05.10.2021
23:44:49 INFO  ProfileMatch              :     lib root package: "com.facebook.all"  (in app: "b")
23:44:49 INFO  ProfileMatch              : 
23:44:49 INFO  ProfileMatch              :                 name: Facebook
23:44:49 INFO  ProfileMatch              :             category: SocialMedia
23:44:49 INFO  ProfileMatch              :              version: 12.0.1  [OLD VERSION]
23:44:49 INFO  ProfileMatch              :         release-date: 13.10.2021
23:44:49 INFO  ProfileMatch              :     lib root package: "com.facebook.all"  (in app: "b")
23:44:49 INFO  ProfileMatch              : 
23:44:49 INFO  ProfileMatch              :                 name: Facebook
23:44:49 INFO  ProfileMatch              :             category: SocialMedia
23:44:49 INFO  ProfileMatch              :              version: 12.1.0  [OLD VERSION]
23:44:49 INFO  ProfileMatch              :         release-date: 01.11.2021
23:44:49 INFO  ProfileMatch              :     lib root package: "com.facebook.all"  (in app: "b")
23:44:49 INFO  ProfileMatch              : 
23:44:49 INFO  ProfileMatch              :                 name: Facebook
23:44:49 INFO  ProfileMatch              :             category: SocialMedia
23:44:49 INFO  ProfileMatch              :              version: 12.2.0  [OLD VERSION]
23:44:49 INFO  ProfileMatch              :         release-date: 06.12.2021
23:44:49 INFO  ProfileMatch              :     lib root package: "com.facebook.all"  (in app: "b")
23:44:49 INFO  ProfileMatch              : 
23:44:49 INFO  ProfileMatch              :                 name: Facebook
23:44:49 INFO  ProfileMatch              :             category: SocialMedia
23:44:49 INFO  ProfileMatch              :              version: 12.3.0  [OLD VERSION]
23:44:49 INFO  ProfileMatch              :         release-date: 10.01.2022
23:44:49 INFO  ProfileMatch              :     lib root package: "com.facebook.all"  (in app: "b")
23:44:49 INFO  ProfileMatch              : 
23:44:49 INFO  ProfileMatch              :                 name: Facebook
23:44:49 INFO  ProfileMatch              :             category: SocialMedia
23:44:49 INFO  ProfileMatch              :              version: 13.0.0  [OLD VERSION]
23:44:49 INFO  ProfileMatch              :         release-date: 23.02.2022
23:44:49 INFO  ProfileMatch              :     lib root package: "com.facebook.all"  (in app: "b")
23:44:49 INFO  ProfileMatch              : 
23:44:49 INFO  ProfileMatch              :                 name: Facebook
23:44:49 INFO  ProfileMatch              :             category: SocialMedia
23:44:49 INFO  ProfileMatch              :              version: 13.1.0  [OLD VERSION]
23:44:49 INFO  ProfileMatch              :         release-date: 21.03.2022
23:44:49 INFO  ProfileMatch              :     lib root package: "com.facebook.all"  (in app: "b")
23:44:49 INFO  ProfileMatch              : 
23:44:49 INFO  ProfileMatch              :                 name: Facebook
23:44:49 INFO  ProfileMatch              :             category: SocialMedia
23:44:49 INFO  ProfileMatch              :              version: 13.2.0  [OLD VERSION]
23:44:49 INFO  ProfileMatch              :         release-date: 22.04.2022
23:44:49 INFO  ProfileMatch              :     lib root package: "com.facebook.all"  (in app: "b")
23:44:49 INFO  ProfileMatch              : 
23:44:49 INFO  ProfileMatch              :                 name: Facebook
23:44:49 INFO  ProfileMatch              :             category: SocialMedia
23:44:49 INFO  ProfileMatch              :              version: 14.0.0
23:44:49 INFO  ProfileMatch              :         release-date: 14.06.2022
23:44:49 INFO  ProfileMatch              :     lib root package: "com.facebook.all"  (in app: "b")
23:44:49 INFO  ProfileMatch              : 
23:44:49 INFO  ProfileMatch              :                 name: androidx.legacy::legacy-support-core-utils
23:44:49 INFO  ProfileMatch              :             category: Android
23:44:49 INFO  ProfileMatch              :              version: 1.0.0
23:44:49 INFO  ProfileMatch              :         release-date:  --
23:44:49 INFO  ProfileMatch              :     lib root package: "androidx.legacy.content"
23:44:49 INFO  ProfileMatch              : 
23:44:49 INFO  ProfileMatch              :                 name: com.android.support::documentfile
23:44:49 INFO  ProfileMatch              :             category: Android
23:44:49 INFO  ProfileMatch              :              version: 28.0.0
23:44:49 INFO  ProfileMatch              :         release-date:  --
23:44:49 INFO  ProfileMatch              :     lib root package: "android.support.v4.provider"  (in app: "b.l.b")
23:44:49 INFO  ProfileMatch              : 
23:44:49 INFO  ProfileMatch              :                 name: androidx.localbroadcastmanager::localbroadcastmanager
23:44:49 INFO  ProfileMatch              :             category: Android
23:44:49 INFO  ProfileMatch              :              version: 1.0.0  [OLD VERSION]
23:44:49 INFO  ProfileMatch              :         release-date:  --
23:44:49 INFO  ProfileMatch              :     lib root package: "androidx.localbroadcastmanager.content"  (in app: "b.t.b")
23:44:49 INFO  ProfileMatch              : 
23:44:49 INFO  ProfileMatch              :                 name: androidx.localbroadcastmanager::localbroadcastmanager
23:44:49 INFO  ProfileMatch              :             category: Android
23:44:49 INFO  ProfileMatch              :              version: 1.1.0
23:44:49 INFO  ProfileMatch              :         release-date:  --
23:44:49 INFO  ProfileMatch              :     lib root package: "androidx.localbroadcastmanager.content"  (in app: "b.t.b")
23:44:49 INFO  ProfileMatch              : 
23:44:50 INFO  LibraryIdentifier         : 
23:44:50 INFO  LibraryIdentifier         : - Partial library matches:
23:44:50 INFO  LibraryIdentifier         :                 name: androidx.lifecycle::lifecycle-common
23:44:50 INFO  LibraryIdentifier         :             category: Android
23:44:50 INFO  LibraryIdentifier         :              version: 2.2.0  [OLD VERSION]
23:44:50 INFO  LibraryIdentifier         :         release-date:  --
23:44:50 INFO  LibraryIdentifier         :     lib root package: "androidx.lifecycle"
23:44:50 INFO  LibraryIdentifier         :         Partial matching results:
23:44:50 INFO  LibraryIdentifier         :              - config: Hashing.md5() | Flags: no-flag | Keep: PN | Prune: MSIG   score: 0.7777778
23:44:50 INFO  LibraryIdentifier         : 
23:44:50 INFO  LibraryIdentifier         :                 name: android.arch.core::common
23:44:50 INFO  LibraryIdentifier         :             category: Android
23:44:50 INFO  LibraryIdentifier         :              version: 1.1.1
23:44:50 INFO  LibraryIdentifier         :         release-date:  --
23:44:50 INFO  LibraryIdentifier         :     lib root package: "android.arch.core"
23:44:50 INFO  LibraryIdentifier         :         Partial matching results:
23:44:50 INFO  LibraryIdentifier         :              - config: Hashing.md5() | Flags: no-flag | Keep: PN | Prune: MSIG   score: 0.875
23:44:50 INFO  LibraryIdentifier         : 
23:44:50 INFO  LibraryIdentifier         : 
23:44:50 INFO  LibraryIdentifier         : App processing time: 1 min, 20 sec, 980 ms
