17:34:43 INFO  LibraryIdentifier         : Process app: com.github.samotari.paynoway_20100.apk
17:34:43 INFO  LibraryIdentifier         : = Manifest Parser =
17:34:43 INFO  LibraryIdentifier         :         Package name: com.github.samotari.paynoway
17:34:43 INFO  LibraryIdentifier         :         Version code: 20100
17:34:43 INFO  LibraryIdentifier         :        minSdkVersion: 22
17:34:43 INFO  LibraryIdentifier         :     targetSdkVersion: 29
17:34:43 INFO  LibraryIdentifier         :         SharedUserId:  - none -
17:34:43 INFO  LibraryIdentifier         :     Library dependencies:  - none -
17:34:43 INFO  LibraryIdentifier         : 
17:34:43 INFO  LibraryIdentifier         : Found 402 unique libraries in 12405 library profiles
17:34:44 INFO  LibraryIdentifier         : Generated class hierarchy (in 508 ms)
17:34:44 INFO  WalaUtils                 : 
17:34:44 INFO  WalaUtils                 : = ClassHierarchy Stats =
17:34:44 INFO  WalaUtils                 :     # of classes: 1527
17:34:44 INFO  WalaUtils                 :     # thereof inner classes: 822
17:34:44 INFO  WalaUtils                 :     # thereof public classes: 739
17:34:44 INFO  WalaUtils                 :         Activity : 12
17:34:44 INFO  WalaUtils                 :         Application : 0
17:34:44 INFO  WalaUtils                 :         AsyncTask : 12
17:34:44 INFO  WalaUtils                 :         BroadcastReceiver : 8
17:34:44 INFO  WalaUtils                 :         ContentProvider : 1
17:34:44 INFO  WalaUtils                 :         Fragment : 5
17:34:44 INFO  WalaUtils                 :         Handler : 11
17:34:44 INFO  WalaUtils                 :         LayoutContainer : 10
17:34:44 INFO  WalaUtils                 :         Plain : 1455
17:34:44 INFO  WalaUtils                 :         Runnable : 0
17:34:44 INFO  WalaUtils                 :         Service : 6
17:34:44 INFO  WalaUtils                 :         Thread : 2
17:34:44 INFO  WalaUtils                 :         View : 5
17:34:44 INFO  WalaUtils                 :     # methods: 10776
17:34:44 INFO  WalaUtils                 :         # of publicly accessible methods: 7450
17:34:44 INFO  WalaUtils                 :         # of non-accessible methods: 3326
17:34:44 INFO  WalaUtils                 : 
17:34:44 INFO  Profile                   : = PackageTree =
17:34:44 INFO  PackageTree               : Root Package:  - none -
17:34:44 INFO  PackageTree               : └── Root
17:34:44 INFO  PackageTree               :     ├── android
17:34:44 INFO  PackageTree               :     │   ├── arch
17:34:44 INFO  PackageTree               :     │   │   ├── lifecycle (16)
17:34:44 INFO  PackageTree               :     │   │   └── core
17:34:44 INFO  PackageTree               :     │   │       └── internal (8)
17:34:44 INFO  PackageTree               :     │   └── support
17:34:44 INFO  PackageTree               :     │       ├── v4
17:34:44 INFO  PackageTree               :     │       │   ├── media (138)
17:34:44 INFO  PackageTree               :     │       │   │   ├── session (92)
17:34:44 INFO  PackageTree               :     │       │   │   └── app (3)
17:34:44 INFO  PackageTree               :     │       │   ├── graphics (20)
17:34:44 INFO  PackageTree               :     │       │   │   └── drawable (20)
17:34:44 INFO  PackageTree               :     │       │   ├── os (25)
17:34:44 INFO  PackageTree               :     │       │   ├── widget (118)
17:34:44 INFO  PackageTree               :     │       │   ├── net (11)
17:34:44 INFO  PackageTree               :     │       │   ├── content (35)
17:34:44 INFO  PackageTree               :     │       │   │   ├── res (9)
17:34:44 INFO  PackageTree               :     │       │   │   └── pm (5)
17:34:44 INFO  PackageTree               :     │       │   ├── text (17)
17:34:44 INFO  PackageTree               :     │       │   │   └── util (4)
17:34:44 INFO  PackageTree               :     │       │   ├── app (206)
17:34:44 INFO  PackageTree               :     │       │   ├── provider (34)
17:34:44 INFO  PackageTree               :     │       │   ├── view (117)
17:34:44 INFO  PackageTree               :     │       │   │   ├── accessibility (44)
17:34:44 INFO  PackageTree               :     │       │   │   └── animation (6)
17:34:44 INFO  PackageTree               :     │       │   ├── util (31)
17:34:44 INFO  PackageTree               :     │       │   ├── hardware
17:34:44 INFO  PackageTree               :     │       │   │   ├── fingerprint (13)
17:34:44 INFO  PackageTree               :     │       │   │   └── display (3)
17:34:44 INFO  PackageTree               :     │       │   ├── print (16)
17:34:44 INFO  PackageTree               :     │       │   ├── accessibilityservice (4)
17:34:44 INFO  PackageTree               :     │       │   ├── math (1)
17:34:44 INFO  PackageTree               :     │       │   ├── internal
17:34:44 INFO  PackageTree               :     │       │   │   └── view (3)
17:34:44 INFO  PackageTree               :     │       │   └── database (1)
17:34:44 INFO  PackageTree               :     │       └── annotation (51)
17:34:44 INFO  PackageTree               :     ├── com
17:34:44 INFO  PackageTree               :     │   ├── google
17:34:44 INFO  PackageTree               :     │   │   └── zxing (24)
17:34:44 INFO  PackageTree               :     │   │       ├── client
17:34:44 INFO  PackageTree               :     │   │       │   ├── result (37)
17:34:44 INFO  PackageTree               :     │   │       │   └── android (36)
17:34:44 INFO  PackageTree               :     │   │       │       ├── camera (8)
17:34:44 INFO  PackageTree               :     │   │       │       │   └── open (3)
17:34:44 INFO  PackageTree               :     │   │       │       ├── result (15)
17:34:44 INFO  PackageTree               :     │   │       │       │   └── supplement (5)
17:34:44 INFO  PackageTree               :     │   │       │       ├── book (8)
17:34:44 INFO  PackageTree               :     │   │       │       ├── wifi (2)
17:34:44 INFO  PackageTree               :     │   │       │       ├── encode (11)
17:34:44 INFO  PackageTree               :     │   │       │       ├── history (6)
17:34:44 INFO  PackageTree               :     │   │       │       └── clipboard (1)
17:34:44 INFO  PackageTree               :     │   │       ├── pdf417 (4)
17:34:44 INFO  PackageTree               :     │   │       │   ├── decoder (11)
17:34:44 INFO  PackageTree               :     │   │       │   │   └── ec (3)
17:34:44 INFO  PackageTree               :     │   │       │   ├── encoder (7)
17:34:44 INFO  PackageTree               :     │   │       │   └── detector (2)
17:34:44 INFO  PackageTree               :     │   │       ├── datamatrix (2)
17:34:44 INFO  PackageTree               :     │   │       │   ├── decoder (8)
17:34:44 INFO  PackageTree               :     │   │       │   ├── detector (3)
17:34:44 INFO  PackageTree               :     │   │       │   └── encoder (14)
17:34:44 INFO  PackageTree               :     │   │       ├── qrcode (2)
17:34:44 INFO  PackageTree               :     │   │       │   ├── decoder (20)
17:34:44 INFO  PackageTree               :     │   │       │   ├── detector (8)
17:34:44 INFO  PackageTree               :     │   │       │   └── encoder (6)
17:34:44 INFO  PackageTree               :     │   │       ├── oned (29)
17:34:44 INFO  PackageTree               :     │   │       │   └── rss (6)
17:34:44 INFO  PackageTree               :     │   │       │       └── expanded (4)
17:34:44 INFO  PackageTree               :     │   │       │           └── decoders (20)
17:34:44 INFO  PackageTree               :     │   │       ├── multi (3)
17:34:44 INFO  PackageTree               :     │   │       │   └── qrcode (2)
17:34:44 INFO  PackageTree               :     │   │       │       └── detector (3)
17:34:44 INFO  PackageTree               :     │   │       ├── common (12)
17:34:44 INFO  PackageTree               :     │   │       │   ├── reedsolomon (5)
17:34:44 INFO  PackageTree               :     │   │       │   └── detector (3)
17:34:44 INFO  PackageTree               :     │   │       ├── aztec (3)
17:34:44 INFO  PackageTree               :     │   │       │   ├── encoder (8)
17:34:44 INFO  PackageTree               :     │   │       │   ├── detector (2)
17:34:44 INFO  PackageTree               :     │   │       │   └── decoder (2)
17:34:44 INFO  PackageTree               :     │   │       ├── maxicode (1)
17:34:44 INFO  PackageTree               :     │   │       │   └── decoder (3)
17:34:44 INFO  PackageTree               :     │   │       └── integration
17:34:44 INFO  PackageTree               :     │   │           └── android (3)
17:34:44 INFO  PackageTree               :     │   ├── github
17:34:44 INFO  PackageTree               :     │   │   └── samotari
17:34:44 INFO  PackageTree               :     │   │       └── paynoway (1)
17:34:44 INFO  PackageTree               :     │   ├── phonegap
17:34:44 INFO  PackageTree               :     │   │   └── plugins
17:34:44 INFO  PackageTree               :     │   │       └── barcodescanner (2)
17:34:44 INFO  PackageTree               :     │   └── verso
17:34:44 INFO  PackageTree               :     │       └── cordova
17:34:44 INFO  PackageTree               :     │           └── clipboard (1)
17:34:44 INFO  PackageTree               :     ├── org
17:34:44 INFO  PackageTree               :     │   └── apache
17:34:44 INFO  PackageTree               :     │       └── cordova (77)
17:34:44 INFO  PackageTree               :     │           ├── engine (12)
17:34:44 INFO  PackageTree               :     │           ├── inappbrowser (19)
17:34:44 INFO  PackageTree               :     │           ├── networkinformation (2)
17:34:44 INFO  PackageTree               :     │           └── whitelist (2)
17:34:44 INFO  PackageTree               :     └── io
17:34:44 INFO  PackageTree               :         └── ionic
17:34:44 INFO  PackageTree               :             └── keyboard (5)
17:34:44 INFO  Profile                   : 
17:34:44 INFO  AppProfile                : - generated app package tree (in 32 ms)
17:34:44 INFO  AppProfile                : 
17:34:44 DEBUG HashTree                  : Generate hash tree..
17:34:45 DEBUG HashTree                  :     - generated 80 package hashes.
17:34:45 DEBUG HashTree                  :     - generated 1436 clazz hashes.
17:34:45 DEBUG HashTree                  :     - generated 10776 method hashes.
17:34:45 DEBUG HashTree                  :     => Library Hash: fcc81b99aeaa8f964a62f4f8f802c6f3
17:34:45 INFO  AppProfile                : - generated app hash trees (in 399 ms)
17:34:45 INFO  AppProfile                : 
17:34:45 INFO  LibraryIdentifier         : = Scan for library root packages (heuristic) =
17:34:45 INFO  LibraryIdentifier         :     - Found lib root package android.arch.core.internal  (android.arch.core::common)
17:34:45 INFO  LibraryIdentifier         :     - Found lib root package android.arch.core  (android.arch.core::runtime)
17:34:45 INFO  LibraryIdentifier         :     - Found lib root package android.arch.lifecycle  (android.arch.lifecycle::common)
17:34:45 INFO  LibraryIdentifier         :     - Found lib root package android.arch.lifecycle  (android.arch.lifecycle::common-java8)
17:34:45 INFO  LibraryIdentifier         :     - Found lib root package android.arch.lifecycle  (android.arch.lifecycle::compiler)
17:34:45 INFO  LibraryIdentifier         :     - Found lib root package android.arch.lifecycle  (android.arch.lifecycle::extensions)
17:34:45 INFO  LibraryIdentifier         :     - Found lib root package android.arch.lifecycle  (android.arch.lifecycle::livedata)
17:34:45 INFO  LibraryIdentifier         :     - Found lib root package android.arch.lifecycle  (android.arch.lifecycle::livedata-core)
17:34:45 INFO  LibraryIdentifier         :     - Found lib root package android.arch.lifecycle  (android.arch.lifecycle::reactivestreams)
17:34:45 INFO  LibraryIdentifier         :     - Found lib root package android.arch.lifecycle  (android.arch.lifecycle::runtime)
17:34:45 INFO  LibraryIdentifier         :     - Found lib root package android.arch.lifecycle  (android.arch.lifecycle::viewmodel)
17:34:45 INFO  LibraryIdentifier         :     - Found lib root package android.support.v4.media  (androidx.media::media)
17:34:45 INFO  LibraryIdentifier         :     - Found lib root package android.support.v4.view  (com.android.support::asynclayoutinflater)
17:34:45 INFO  LibraryIdentifier         :     - Found lib root package android.support.v4.util  (com.android.support::collections)
17:34:45 INFO  LibraryIdentifier         :     - Found lib root package android.support.v4.widget  (com.android.support::cursoradapter)
17:34:45 INFO  LibraryIdentifier         :     - Found lib root package android.support.v4  (com.android.support::customview)
17:34:45 INFO  LibraryIdentifier         :     - Found lib root package android.support.v4.provider  (com.android.support::documentfile)
17:34:45 INFO  LibraryIdentifier         :     - Found lib root package android.support.v4.widget  (com.android.support::drawerlayout)
17:34:45 INFO  LibraryIdentifier         :     - Found lib root package android.support.v4.view.animation  (com.android.support::interpolator)
17:34:45 INFO  LibraryIdentifier         :     - Found lib root package android.support.v4  (com.android.support::loader)
17:34:45 INFO  LibraryIdentifier         :     - Found lib root package android.support.v4.content  (com.android.support::localbroadcastmanager)
17:34:45 INFO  LibraryIdentifier         :     - Found lib root package android.support.v4.print  (com.android.support::print)
17:34:45 INFO  LibraryIdentifier         :     - Found lib root package android.support.v4.widget  (com.android.support::slidingpanelayout)
17:34:45 INFO  LibraryIdentifier         :     - Found lib root package android.support.annotation  (com.android.support::support-annotations)
17:34:45 INFO  LibraryIdentifier         :     - Found lib root package android.support.v4  (com.android.support::support-compat)
17:34:45 INFO  LibraryIdentifier         :     - Found lib root package android.support.v4  (com.android.support::support-core-ui)
17:34:45 INFO  LibraryIdentifier         :     - Found lib root package android.support.v4  (com.android.support::support-core-utils)
17:34:45 INFO  LibraryIdentifier         :     - Found lib root package android.support.v4.app  (com.android.support::support-fragment)
17:34:45 INFO  LibraryIdentifier         :     - Found lib root package android.support.v4.media  (com.android.support::support-media-compat)
17:34:45 INFO  LibraryIdentifier         :     - Found lib root package android.support.v4  (com.android.support::support-v4)
17:34:45 INFO  LibraryIdentifier         :     - Found lib root package android.support.v4.widget  (com.android.support::swiperefreshlayout)
17:34:45 INFO  LibraryIdentifier         :     - Found lib root package android.support.v4.view  (com.android.support::viewpager)
17:34:45 INFO  LibraryIdentifier         : 
17:34:45 INFO  LibraryIdentifier         : = Match profiles =
17:34:55 INFO  LibraryIdentifier         :     >> profile matching done (10 sec, 344 ms)
17:34:55 INFO  LibraryIdentifier         : 
17:34:55 INFO  LibraryIdentifier         : == Report ==
17:34:55 INFO  LibraryIdentifier         : - Full library matches:
17:34:55 INFO  ProfileMatch              :                 name: com.android.support::localbroadcastmanager
17:34:55 INFO  ProfileMatch              :             category: Android
17:34:55 INFO  ProfileMatch              :              version: 28.0.0
17:34:55 INFO  ProfileMatch              :         release-date:  --
17:34:55 INFO  ProfileMatch              :     lib root package: "android.support.v4.content"
17:34:55 INFO  ProfileMatch              : 
17:34:55 INFO  ProfileMatch              :                 name: com.android.support::customview
17:34:55 INFO  ProfileMatch              :             category: Android
17:34:55 INFO  ProfileMatch              :              version: 28.0.0
17:34:55 INFO  ProfileMatch              :         release-date:  --
17:34:55 INFO  ProfileMatch              :     lib root package: "android.support.v4"
17:34:55 INFO  ProfileMatch              : 
17:34:55 INFO  ProfileMatch              :                 name: com.android.support::support-core-utils
17:34:55 INFO  ProfileMatch              :             category: Android
17:34:55 INFO  ProfileMatch              :              version: 26.0.0  [OLD VERSION]
17:34:55 INFO  ProfileMatch              :         release-date:  --
17:34:55 INFO  ProfileMatch              :     lib root package: "android.support.v4"
17:34:55 INFO  ProfileMatch              : 
17:34:55 INFO  ProfileMatch              :                 name: com.android.support::support-core-utils
17:34:55 INFO  ProfileMatch              :             category: Android
17:34:55 INFO  ProfileMatch              :              version: 26.0.1  [OLD VERSION]
17:34:55 INFO  ProfileMatch              :         release-date:  --
17:34:55 INFO  ProfileMatch              :     lib root package: "android.support.v4"
17:34:55 INFO  ProfileMatch              : 
17:34:55 INFO  ProfileMatch              :                 name: com.android.support::support-core-utils
17:34:55 INFO  ProfileMatch              :             category: Android
17:34:55 INFO  ProfileMatch              :              version: 26.0.2  [OLD VERSION]
17:34:55 INFO  ProfileMatch              :         release-date:  --
17:34:55 INFO  ProfileMatch              :     lib root package: "android.support.v4"
17:34:55 INFO  ProfileMatch              : 
17:34:55 INFO  ProfileMatch              :                 name: com.android.support::support-core-utils
17:34:55 INFO  ProfileMatch              :             category: Android
17:34:55 INFO  ProfileMatch              :              version: 26.1.0  [OLD VERSION]
17:34:55 INFO  ProfileMatch              :         release-date:  --
17:34:55 INFO  ProfileMatch              :     lib root package: "android.support.v4"
17:34:55 INFO  ProfileMatch              : 
17:34:55 INFO  ProfileMatch              :                 name: com.android.support::support-core-utils
17:34:55 INFO  ProfileMatch              :             category: Android
17:34:55 INFO  ProfileMatch              :              version: 28.0.0
17:34:55 INFO  ProfileMatch              :         release-date:  --
17:34:55 INFO  ProfileMatch              :     lib root package: "android.support.v4.content"
17:34:55 INFO  ProfileMatch              : 
17:34:55 INFO  ProfileMatch              :                 name: com.android.support::support-annotations
17:34:55 INFO  ProfileMatch              :             category: Android
17:34:55 INFO  ProfileMatch              :              version: 26.0.0  [OLD VERSION]
17:34:55 INFO  ProfileMatch              :         release-date:  --
17:34:55 INFO  ProfileMatch              :     lib root package: "android.support.annotation"
17:34:55 INFO  ProfileMatch              : 
17:34:55 INFO  ProfileMatch              :                 name: com.android.support::support-annotations
17:34:55 INFO  ProfileMatch              :             category: Android
17:34:55 INFO  ProfileMatch              :              version: 26.0.1  [OLD VERSION]
17:34:55 INFO  ProfileMatch              :         release-date:  --
17:34:55 INFO  ProfileMatch              :     lib root package: "android.support.annotation"
17:34:55 INFO  ProfileMatch              : 
17:34:55 INFO  ProfileMatch              :                 name: com.android.support::support-annotations
17:34:55 INFO  ProfileMatch              :             category: Android
17:34:55 INFO  ProfileMatch              :              version: 26.0.2  [OLD VERSION]
17:34:55 INFO  ProfileMatch              :         release-date:  --
17:34:55 INFO  ProfileMatch              :     lib root package: "android.support.annotation"
17:34:55 INFO  ProfileMatch              : 
17:34:55 INFO  ProfileMatch              :                 name: com.android.support::support-annotations
17:34:55 INFO  ProfileMatch              :             category: Android
17:34:55 INFO  ProfileMatch              :              version: 26.1.0  [OLD VERSION]
17:34:55 INFO  ProfileMatch              :         release-date:  --
17:34:55 INFO  ProfileMatch              :     lib root package: "android.support.annotation"
17:34:55 INFO  ProfileMatch              : 
17:34:55 INFO  ProfileMatch              :                 name: com.android.support::support-annotations
17:34:55 INFO  ProfileMatch              :             category: Android
17:34:55 INFO  ProfileMatch              :              version: 27.0.0  [OLD VERSION]
17:34:55 INFO  ProfileMatch              :         release-date:  --
17:34:55 INFO  ProfileMatch              :     lib root package: "android.support.annotation"
17:34:55 INFO  ProfileMatch              : 
17:34:55 INFO  ProfileMatch              :                 name: com.android.support::support-annotations
17:34:55 INFO  ProfileMatch              :             category: Android
17:34:55 INFO  ProfileMatch              :              version: 27.0.1  [OLD VERSION]
17:34:55 INFO  ProfileMatch              :         release-date:  --
17:34:55 INFO  ProfileMatch              :     lib root package: "android.support.annotation"
17:34:55 INFO  ProfileMatch              : 
17:34:55 INFO  ProfileMatch              :                 name: com.android.support::support-annotations
17:34:55 INFO  ProfileMatch              :             category: Android
17:34:55 INFO  ProfileMatch              :              version: 27.0.2  [OLD VERSION]
17:34:55 INFO  ProfileMatch              :         release-date:  --
17:34:55 INFO  ProfileMatch              :     lib root package: "android.support.annotation"
17:34:55 INFO  ProfileMatch              : 
17:34:55 INFO  ProfileMatch              :                 name: com.android.support::support-compat
17:34:55 INFO  ProfileMatch              :             category: Android
17:34:55 INFO  ProfileMatch              :              version: 26.1.0  [OLD VERSION]
17:34:55 INFO  ProfileMatch              :         release-date:  --
17:34:55 INFO  ProfileMatch              :     lib root package: "android.support.v4"
17:34:55 INFO  ProfileMatch              : 
17:34:55 INFO  ProfileMatch              :                 name: com.android.support::support-media-compat
17:34:55 INFO  ProfileMatch              :             category: Android
17:34:55 INFO  ProfileMatch              :              version: 26.0.1  [OLD VERSION]
17:34:55 INFO  ProfileMatch              :         release-date:  --
17:34:55 INFO  ProfileMatch              :     lib root package: "android.support.v4.media"
17:34:55 INFO  ProfileMatch              : 
17:34:55 INFO  ProfileMatch              :                 name: com.android.support::support-media-compat
17:34:55 INFO  ProfileMatch              :             category: Android
17:34:55 INFO  ProfileMatch              :              version: 26.0.2  [OLD VERSION]
17:34:55 INFO  ProfileMatch              :         release-date:  --
17:34:55 INFO  ProfileMatch              :     lib root package: "android.support.v4.media"
17:34:55 INFO  ProfileMatch              : 
17:34:55 INFO  ProfileMatch              :                 name: com.android.support::support-media-compat
17:34:55 INFO  ProfileMatch              :             category: Android
17:34:55 INFO  ProfileMatch              :              version: 26.1.0  [OLD VERSION]
17:34:55 INFO  ProfileMatch              :         release-date:  --
17:34:55 INFO  ProfileMatch              :     lib root package: "android.support.v4.media"
17:34:55 INFO  ProfileMatch              : 
17:34:55 INFO  ProfileMatch              :                 name: com.android.support::multidex-instrumentation
17:34:55 INFO  ProfileMatch              :             category: Android
17:34:55 INFO  ProfileMatch              :              version: 1.0.0  [OLD VERSION]
17:34:55 INFO  ProfileMatch              :         release-date:  --
17:34:55 INFO  ProfileMatch              :     lib root package: "com.android.test.runner"  (in app: "com.github.samotari.paynoway")
17:34:55 INFO  ProfileMatch              : 
17:34:55 INFO  ProfileMatch              :                 name: com.android.support::multidex-instrumentation
17:34:55 INFO  ProfileMatch              :             category: Android
17:34:55 INFO  ProfileMatch              :              version: 1.0.1  [OLD VERSION]
17:34:55 INFO  ProfileMatch              :         release-date:  --
17:34:55 INFO  ProfileMatch              :     lib root package: "com.android.test.runner"  (in app: "com.github.samotari.paynoway")
17:34:55 INFO  ProfileMatch              : 
17:34:55 INFO  ProfileMatch              :                 name: com.android.support::multidex-instrumentation
17:34:55 INFO  ProfileMatch              :             category: Android
17:34:55 INFO  ProfileMatch              :              version: 1.0.2  [OLD VERSION]
17:34:55 INFO  ProfileMatch              :         release-date:  --
17:34:55 INFO  ProfileMatch              :     lib root package: "com.android.test.runner"  (in app: "com.github.samotari.paynoway")
17:34:55 INFO  ProfileMatch              : 
17:34:55 INFO  ProfileMatch              :                 name: com.android.support::multidex-instrumentation
17:34:55 INFO  ProfileMatch              :             category: Android
17:34:55 INFO  ProfileMatch              :              version: 1.0.3
17:34:55 INFO  ProfileMatch              :         release-date:  --
17:34:55 INFO  ProfileMatch              :     lib root package: "com.android.test.runner"  (in app: "com.github.samotari.paynoway")
17:34:55 INFO  ProfileMatch              : 
17:34:55 INFO  ProfileMatch              :                 name: android.arch.core::common
17:34:55 INFO  ProfileMatch              :             category: Android
17:34:55 INFO  ProfileMatch              :              version: 1.0.0  [OLD VERSION]
17:34:55 INFO  ProfileMatch              :         release-date:  --
17:34:55 INFO  ProfileMatch              :     lib root package: "android.arch.core.internal"
17:34:55 INFO  ProfileMatch              : 
17:34:55 INFO  ProfileMatch              :                 name: android.arch.core::common
17:34:55 INFO  ProfileMatch              :             category: Android
17:34:55 INFO  ProfileMatch              :              version: 1.1.0  [OLD VERSION]
17:34:55 INFO  ProfileMatch              :         release-date:  --
17:34:55 INFO  ProfileMatch              :     lib root package: "android.arch.core.internal"
17:34:55 INFO  ProfileMatch              : 
17:34:55 INFO  ProfileMatch              :                 name: com.android.support::asynclayoutinflater
17:34:55 INFO  ProfileMatch              :             category: Android
17:34:55 INFO  ProfileMatch              :              version: 28.0.0
17:34:55 INFO  ProfileMatch              :         release-date:  --
17:34:55 INFO  ProfileMatch              :     lib root package: "android.support.v4.view"
17:34:55 INFO  ProfileMatch              : 
17:34:55 INFO  ProfileMatch              :                 name: androidx.multidex::multidex-instrumentation
17:34:55 INFO  ProfileMatch              :             category: Android
17:34:55 INFO  ProfileMatch              :              version: 2.0.0
17:34:55 INFO  ProfileMatch              :         release-date:  --
17:34:55 INFO  ProfileMatch              :     lib root package: "com.android.test.runner"  (in app: "com.github.samotari.paynoway")
17:34:55 INFO  ProfileMatch              : 
17:34:55 INFO  ProfileMatch              :                 name: com.android.support::support-core-ui
17:34:55 INFO  ProfileMatch              :             category: Android
17:34:55 INFO  ProfileMatch              :              version: 26.0.0  [OLD VERSION]
17:34:55 INFO  ProfileMatch              :         release-date:  --
17:34:55 INFO  ProfileMatch              :     lib root package: "android.support.v4"
17:34:55 INFO  ProfileMatch              : 
17:34:55 INFO  ProfileMatch              :                 name: com.android.support::support-core-ui
17:34:55 INFO  ProfileMatch              :             category: Android
17:34:55 INFO  ProfileMatch              :              version: 26.0.1  [OLD VERSION]
17:34:55 INFO  ProfileMatch              :         release-date:  --
17:34:55 INFO  ProfileMatch              :     lib root package: "android.support.v4"
17:34:55 INFO  ProfileMatch              : 
17:34:55 INFO  ProfileMatch              :                 name: com.android.support::support-core-ui
17:34:55 INFO  ProfileMatch              :             category: Android
17:34:55 INFO  ProfileMatch              :              version: 26.0.2  [OLD VERSION]
17:34:55 INFO  ProfileMatch              :         release-date:  --
17:34:55 INFO  ProfileMatch              :     lib root package: "android.support.v4"
17:34:55 INFO  ProfileMatch              : 
17:34:55 INFO  ProfileMatch              :                 name: com.android.support::support-core-ui
17:34:55 INFO  ProfileMatch              :             category: Android
17:34:55 INFO  ProfileMatch              :              version: 26.1.0  [OLD VERSION]
17:34:55 INFO  ProfileMatch              :         release-date:  --
17:34:55 INFO  ProfileMatch              :     lib root package: "android.support.v4"
17:34:55 INFO  ProfileMatch              : 
17:34:55 INFO  ProfileMatch              :                 name: com.android.support::support-core-ui
17:34:55 INFO  ProfileMatch              :             category: Android
17:34:55 INFO  ProfileMatch              :              version: 27.0.0  [OLD VERSION]
17:34:55 INFO  ProfileMatch              :         release-date:  --
17:34:55 INFO  ProfileMatch              :     lib root package: "android.support.v4"
17:34:55 INFO  ProfileMatch              : 
17:34:55 INFO  ProfileMatch              :                 name: com.android.support::support-core-ui
17:34:55 INFO  ProfileMatch              :             category: Android
17:34:55 INFO  ProfileMatch              :              version: 27.0.1  [OLD VERSION]
17:34:55 INFO  ProfileMatch              :         release-date:  --
17:34:55 INFO  ProfileMatch              :     lib root package: "android.support.v4"
17:34:55 INFO  ProfileMatch              : 
17:34:55 INFO  ProfileMatch              :                 name: com.android.support::support-core-ui
17:34:55 INFO  ProfileMatch              :             category: Android
17:34:55 INFO  ProfileMatch              :              version: 27.0.2  [OLD VERSION]
17:34:55 INFO  ProfileMatch              :         release-date:  --
17:34:55 INFO  ProfileMatch              :     lib root package: "android.support.v4"
17:34:55 INFO  ProfileMatch              : 
17:34:55 INFO  ProfileMatch              :                 name: com.android.support::support-core-ui
17:34:55 INFO  ProfileMatch              :             category: Android
17:34:55 INFO  ProfileMatch              :              version: 28.0.0
17:34:55 INFO  ProfileMatch              :         release-date:  --
17:34:55 INFO  ProfileMatch              :     lib root package: "android.support.v4"
17:34:55 INFO  ProfileMatch              : 
17:34:55 INFO  ProfileMatch              :                 name: com.android.support::viewpager
17:34:55 INFO  ProfileMatch              :             category: Android
17:34:55 INFO  ProfileMatch              :              version: 28.0.0
17:34:55 INFO  ProfileMatch              :         release-date:  --
17:34:55 INFO  ProfileMatch              :     lib root package: "android.support.v4.view"
17:34:55 INFO  ProfileMatch              : 
17:34:55 INFO  LibraryIdentifier         : 
17:34:55 INFO  LibraryIdentifier         : - Partial library matches:
17:34:56 INFO  LibraryIdentifier         :                 name: com.android.support::interpolator
17:34:56 INFO  LibraryIdentifier         :             category: Android
17:34:56 INFO  LibraryIdentifier         :              version: 28.0.0
17:34:56 INFO  LibraryIdentifier         :         release-date:  --
17:34:56 INFO  LibraryIdentifier         :     lib root package: "android.support.v4.view.animation"
17:34:56 INFO  LibraryIdentifier         :         Partial matching results:
17:34:56 INFO  LibraryIdentifier         :              - config: Hashing.md5() | Flags: no-flag | Keep: PN | Prune: MSIG   score: 0.75
17:34:56 INFO  LibraryIdentifier         : 
17:34:56 INFO  LibraryIdentifier         : 
17:34:56 INFO  LibraryIdentifier         : App processing time: 12 sec, 235 ms
