15:26:05 INFO  LibraryIdentifier         : Process app: com.coinerella.peercoin_60.apk
15:26:05 INFO  LibraryIdentifier         : = Manifest Parser =
15:26:05 INFO  LibraryIdentifier         :         Package name: com.coinerella.peercoin
15:26:05 INFO  LibraryIdentifier         :         Version code: 60
15:26:05 INFO  LibraryIdentifier         :        minSdkVersion: 20
15:26:05 INFO  LibraryIdentifier         :     targetSdkVersion: 30
15:26:05 INFO  LibraryIdentifier         :         SharedUserId:  - none -
15:26:05 INFO  LibraryIdentifier         :     Library dependencies:  - none -
15:26:05 INFO  LibraryIdentifier         : 
15:26:05 INFO  LibraryIdentifier         : Found 402 unique libraries in 12405 library profiles
15:26:06 INFO  LibraryIdentifier         : Generated class hierarchy (in 470 ms)
15:26:06 INFO  WalaUtils                 : 
15:26:06 INFO  WalaUtils                 : = ClassHierarchy Stats =
15:26:06 INFO  WalaUtils                 :     # of classes: 1980
15:26:06 INFO  WalaUtils                 :     # thereof inner classes: 1000
15:26:06 INFO  WalaUtils                 :     # thereof public classes: 974
15:26:06 INFO  WalaUtils                 :         Activity : 7
15:26:06 INFO  WalaUtils                 :         Application : 1
15:26:06 INFO  WalaUtils                 :         AsyncTask : 0
15:26:06 INFO  WalaUtils                 :         BroadcastReceiver : 6
15:26:06 INFO  WalaUtils                 :         ContentProvider : 2
15:26:06 INFO  WalaUtils                 :         Fragment : 1
15:26:06 INFO  WalaUtils                 :         Handler : 2
15:26:06 INFO  WalaUtils                 :         LayoutContainer : 34
15:26:06 INFO  WalaUtils                 :         Plain : 1903
15:26:06 INFO  WalaUtils                 :         Runnable : 0
15:26:06 INFO  WalaUtils                 :         Service : 0
15:26:06 INFO  WalaUtils                 :         Thread : 1
15:26:06 INFO  WalaUtils                 :         View : 23
15:26:06 INFO  WalaUtils                 :     # methods: 12653
15:26:06 INFO  WalaUtils                 :         # of publicly accessible methods: 7682
15:26:06 INFO  WalaUtils                 :         # of non-accessible methods: 4971
15:26:06 INFO  WalaUtils                 : 
15:26:06 INFO  Profile                   : = PackageTree =
15:26:06 INFO  PackageTree               : Root Package: c
15:26:06 INFO  PackageTree               : └── Root
15:26:06 INFO  PackageTree               :     ├── androidx
15:26:06 INFO  PackageTree               :     │   ├── appcompat
15:26:06 INFO  PackageTree               :     │   │   ├── widget (168)
15:26:06 INFO  PackageTree               :     │   │   ├── app (65)
15:26:06 INFO  PackageTree               :     │   │   └── view
15:26:06 INFO  PackageTree               :     │   │       └── menu (43)
15:26:06 INFO  PackageTree               :     │   ├── biometric (74)
15:26:06 INFO  PackageTree               :     │   ├── lifecycle (52)
15:26:06 INFO  PackageTree               :     │   │   ├── a0 (1)
15:26:06 INFO  PackageTree               :     │   │   └── z (1)
15:26:06 INFO  PackageTree               :     │   ├── fragment
15:26:06 INFO  PackageTree               :     │   │   └── app (118)
15:26:06 INFO  PackageTree               :     │   ├── versionedparcelable (7)
15:26:06 INFO  PackageTree               :     │   ├── core
15:26:06 INFO  PackageTree               :     │   │   ├── app (52)
15:26:06 INFO  PackageTree               :     │   │   ├── widget (23)
15:26:06 INFO  PackageTree               :     │   │   └── graphics
15:26:06 INFO  PackageTree               :     │   │       └── drawable (8)
15:26:06 INFO  PackageTree               :     │   ├── activity (16)
15:26:06 INFO  PackageTree               :     │   │   ├── result (13)
15:26:06 INFO  PackageTree               :     │   │   │   └── g (4)
15:26:06 INFO  PackageTree               :     │   │   └── d (2)
15:26:06 INFO  PackageTree               :     │   ├── annotation (1)
15:26:06 INFO  PackageTree               :     │   ├── test
15:26:06 INFO  PackageTree               :     │   │   └── annotation (2)
15:26:06 INFO  PackageTree               :     │   ├── media (17)
15:26:06 INFO  PackageTree               :     │   │   └── d (1)
15:26:06 INFO  PackageTree               :     │   └── savedstate (10)
15:26:06 INFO  PackageTree               :     ├── e
15:26:06 INFO  PackageTree               :     │   └── a (3)
15:26:06 INFO  PackageTree               :     │       ├── c
15:26:06 INFO  PackageTree               :     │       │   ├── a (36)
15:26:06 INFO  PackageTree               :     │       │   ├── c (4)
15:26:06 INFO  PackageTree               :     │       │   └── b (2)
15:26:06 INFO  PackageTree               :     │       └── d (4)
15:26:06 INFO  PackageTree               :     ├── b
15:26:06 INFO  PackageTree               :     │   ├── d (7)
15:26:06 INFO  PackageTree               :     │   │   ├── p (64)
15:26:06 INFO  PackageTree               :     │   │   │   ├── e0 (10)
15:26:06 INFO  PackageTree               :     │   │   │   └── d0 (14)
15:26:06 INFO  PackageTree               :     │   │   ├── m (22)
15:26:06 INFO  PackageTree               :     │   │   ├── i (17)
15:26:06 INFO  PackageTree               :     │   │   ├── j
15:26:06 INFO  PackageTree               :     │   │   │   └── a (5)
15:26:06 INFO  PackageTree               :     │   │   ├── l (3)
15:26:06 INFO  PackageTree               :     │   │   ├── h (6)
15:26:06 INFO  PackageTree               :     │   │   │   └── e (18)
15:26:06 INFO  PackageTree               :     │   │   ├── n (16)
15:26:06 INFO  PackageTree               :     │   │   ├── o (4)
15:26:06 INFO  PackageTree               :     │   │   └── k
15:26:06 INFO  PackageTree               :     │   │       └── a (3)
15:26:06 INFO  PackageTree               :     │   ├── a (10)
15:26:06 INFO  PackageTree               :     │   │   ├── n (14)
15:26:06 INFO  PackageTree               :     │   │   ├── l
15:26:06 INFO  PackageTree               :     │   │   │   └── a (15)
15:26:06 INFO  PackageTree               :     │   │   ├── k
15:26:06 INFO  PackageTree               :     │   │   │   └── a (2)
15:26:06 INFO  PackageTree               :     │   │   └── m (2)
15:26:06 INFO  PackageTree               :     │   ├── j (2)
15:26:06 INFO  PackageTree               :     │   ├── c (15)
15:26:06 INFO  PackageTree               :     │   ├── k
15:26:06 INFO  PackageTree               :     │   │   └── a
15:26:06 INFO  PackageTree               :     │   │       └── a (20)
15:26:06 INFO  PackageTree               :     │   ├── g (3)
15:26:06 INFO  PackageTree               :     │   ├── b
15:26:06 INFO  PackageTree               :     │   │   └── a
15:26:06 INFO  PackageTree               :     │   │       ├── a (6)
15:26:06 INFO  PackageTree               :     │   │       └── b (8)
15:26:06 INFO  PackageTree               :     │   ├── f
15:26:06 INFO  PackageTree               :     │   │   └── a (3)
15:26:06 INFO  PackageTree               :     │   ├── i
15:26:06 INFO  PackageTree               :     │   │   ├── a (6)
15:26:06 INFO  PackageTree               :     │   │   └── b (1)
15:26:06 INFO  PackageTree               :     │   ├── e
15:26:06 INFO  PackageTree               :     │   │   └── a (6)
15:26:06 INFO  PackageTree               :     │   └── h
15:26:06 INFO  PackageTree               :     │       └── a
15:26:06 INFO  PackageTree               :     │           └── a (4)
15:26:06 INFO  PackageTree               :     ├── io
15:26:06 INFO  PackageTree               :     │   └── flutter
15:26:06 INFO  PackageTree               :     │       ├── embedding
15:26:06 INFO  PackageTree               :     │       │   ├── android (41)
15:26:06 INFO  PackageTree               :     │       │   └── engine (16)
15:26:06 INFO  PackageTree               :     │       │       ├── j (51)
15:26:06 INFO  PackageTree               :     │       │       ├── f (8)
15:26:06 INFO  PackageTree               :     │       │       ├── mutatorsstack (5)
15:26:06 INFO  PackageTree               :     │       │       ├── h (8)
15:26:06 INFO  PackageTree               :     │       │       ├── i (4)
15:26:06 INFO  PackageTree               :     │       │       │   ├── f (2)
15:26:06 INFO  PackageTree               :     │       │       │   ├── c (4)
15:26:06 INFO  PackageTree               :     │       │       │   ├── g (1)
15:26:06 INFO  PackageTree               :     │       │       │   ├── e (2)
15:26:06 INFO  PackageTree               :     │       │       │   └── d (2)
15:26:06 INFO  PackageTree               :     │       │       ├── renderer (8)
15:26:06 INFO  PackageTree               :     │       │       ├── plugins
15:26:06 INFO  PackageTree               :     │       │       │   └── lifecycle (2)
15:26:06 INFO  PackageTree               :     │       │       └── g (1)
15:26:06 INFO  PackageTree               :     │       ├── plugin
15:26:06 INFO  PackageTree               :     │       │   ├── platform (25)
15:26:06 INFO  PackageTree               :     │       │   └── editing (14)
15:26:06 INFO  PackageTree               :     │       ├── view (25)
15:26:06 INFO  PackageTree               :     │       ├── plugins (1)
15:26:06 INFO  PackageTree               :     │       │   ├── share (4)
15:26:06 INFO  PackageTree               :     │       │   ├── urllauncher (9)
15:26:06 INFO  PackageTree               :     │       │   ├── localauth (12)
15:26:06 INFO  PackageTree               :     │       │   ├── a (6)
15:26:06 INFO  PackageTree               :     │       │   ├── d (4)
15:26:06 INFO  PackageTree               :     │       │   ├── e (4)
15:26:06 INFO  PackageTree               :     │       │   ├── b (1)
15:26:06 INFO  PackageTree               :     │       │   └── c (1)
15:26:06 INFO  PackageTree               :     │       └── app (1)
15:26:06 INFO  PackageTree               :     ├── c
15:26:06 INFO  PackageTree               :     │   ├── a
15:26:06 INFO  PackageTree               :     │   │   ├── b (38)
15:26:06 INFO  PackageTree               :     │   │   │   ├── y (44)
15:26:06 INFO  PackageTree               :     │   │   │   │   ├── n (64)
15:26:06 INFO  PackageTree               :     │   │   │   │   │   └── o (1)
15:26:06 INFO  PackageTree               :     │   │   │   │   └── o (3)
15:26:06 INFO  PackageTree               :     │   │   │   ├── z (1)
15:26:06 INFO  PackageTree               :     │   │   │   ├── x (5)
15:26:06 INFO  PackageTree               :     │   │   │   └── a0 (5)
15:26:06 INFO  PackageTree               :     │   │   ├── c (17)
15:26:06 INFO  PackageTree               :     │   │   │   ├── t (12)
15:26:06 INFO  PackageTree               :     │   │   │   │   ├── n (4)
15:26:06 INFO  PackageTree               :     │   │   │   │   └── m (2)
15:26:06 INFO  PackageTree               :     │   │   │   ├── s
15:26:06 INFO  PackageTree               :     │   │   │   │   └── a (14)
15:26:06 INFO  PackageTree               :     │   │   │   │       └── n (1)
15:26:06 INFO  PackageTree               :     │   │   │   │           └── b (1)
15:26:06 INFO  PackageTree               :     │   │   │   ├── x (3)
15:26:06 INFO  PackageTree               :     │   │   │   │   ├── d (11)
15:26:06 INFO  PackageTree               :     │   │   │   │   │   └── k (3)
15:26:06 INFO  PackageTree               :     │   │   │   │   └── e (2)
15:26:06 INFO  PackageTree               :     │   │   │   ├── w (17)
15:26:06 INFO  PackageTree               :     │   │   │   │   └── r (6)
15:26:06 INFO  PackageTree               :     │   │   │   │       └── g (4)
15:26:06 INFO  PackageTree               :     │   │   │   │           └── e (20)
15:26:06 INFO  PackageTree               :     │   │   │   ├── y (1)
15:26:06 INFO  PackageTree               :     │   │   │   │   ├── b (20)
15:26:06 INFO  PackageTree               :     │   │   │   │   └── c (8)
15:26:06 INFO  PackageTree               :     │   │   │   ├── r (2)
15:26:06 INFO  PackageTree               :     │   │   │   │   ├── d (2)
15:26:06 INFO  PackageTree               :     │   │   │   │   └── c (2)
15:26:06 INFO  PackageTree               :     │   │   │   ├── u (1)
15:26:06 INFO  PackageTree               :     │   │   │   │   ├── b (8)
15:26:06 INFO  PackageTree               :     │   │   │   │   └── c (3)
15:26:06 INFO  PackageTree               :     │   │   │   └── v (1)
15:26:06 INFO  PackageTree               :     │   │   │       └── b (3)
15:26:06 INFO  PackageTree               :     │   │   └── a
15:26:06 INFO  PackageTree               :     │   │       ├── b
15:26:06 INFO  PackageTree               :     │   │       │   └── a (23)
15:26:06 INFO  PackageTree               :     │   │       │       └── i (2)
15:26:06 INFO  PackageTree               :     │   │       └── a (6)
15:26:06 INFO  PackageTree               :     │   ├── b
15:26:06 INFO  PackageTree               :     │   │   └── a (6)
15:26:06 INFO  PackageTree               :     │   │       └── b (3)
15:26:06 INFO  PackageTree               :     │   ├── c
15:26:06 INFO  PackageTree               :     │   │   └── a (2)
15:26:06 INFO  PackageTree               :     │   └── d
15:26:06 INFO  PackageTree               :     │       └── a (2)
15:26:06 INFO  PackageTree               :     ├── h
15:26:06 INFO  PackageTree               :     │   └── a
15:26:06 INFO  PackageTree               :     │       └── a (36)
15:26:06 INFO  PackageTree               :     │           ├── x (28)
15:26:06 INFO  PackageTree               :     │           ├── u (28)
15:26:06 INFO  PackageTree               :     │           ├── v (34)
15:26:06 INFO  PackageTree               :     │           ├── y (14)
15:26:06 INFO  PackageTree               :     │           └── w (4)
15:26:06 INFO  PackageTree               :     ├── com
15:26:06 INFO  PackageTree               :     │   ├── journeyapps
15:26:06 INFO  PackageTree               :     │   │   └── barcodescanner (37)
15:26:06 INFO  PackageTree               :     │   │       └── x (21)
15:26:06 INFO  PackageTree               :     │   └── dexterous
15:26:06 INFO  PackageTree               :     │       └── flutterlocalnotifications (12)
15:26:06 INFO  PackageTree               :     │           ├── models (10)
15:26:06 INFO  PackageTree               :     │           │   └── styles (6)
15:26:06 INFO  PackageTree               :     │           └── utils (2)
15:26:06 INFO  PackageTree               :     ├── android
15:26:06 INFO  PackageTree               :     │   └── support
15:26:06 INFO  PackageTree               :     │       └── v4
15:26:06 INFO  PackageTree               :     │           ├── media (17)
15:26:06 INFO  PackageTree               :     │           │   └── session (26)
15:26:06 INFO  PackageTree               :     │           ├── app (4)
15:26:06 INFO  PackageTree               :     │           └── graphics
15:26:06 INFO  PackageTree               :     │               └── drawable (1)
15:26:06 INFO  PackageTree               :     ├── f (2)
15:26:06 INFO  PackageTree               :     │   ├── c (9)
15:26:06 INFO  PackageTree               :     │   └── d
15:26:06 INFO  PackageTree               :     │       └── a (3)
15:26:06 INFO  PackageTree               :     ├── g
15:26:06 INFO  PackageTree               :     │   └── a
15:26:06 INFO  PackageTree               :     │       └── a
15:26:06 INFO  PackageTree               :     │           └── a (7)
15:26:06 INFO  PackageTree               :     ├── a
15:26:06 INFO  PackageTree               :     │   └── a
15:26:06 INFO  PackageTree               :     │       └── a
15:26:06 INFO  PackageTree               :     │           └── a (7)
15:26:06 INFO  PackageTree               :     ├── d
15:26:06 INFO  PackageTree               :     │   └── a
15:26:06 INFO  PackageTree               :     │       └── a
15:26:06 INFO  PackageTree               :     │           └── a (3)
15:26:06 INFO  PackageTree               :     └── org
15:26:06 INFO  PackageTree               :         └── xmlpull
15:26:06 INFO  PackageTree               :             └── v1 (1)
15:26:06 INFO  Profile                   : 
15:26:06 INFO  AppProfile                : - generated app package tree (in 41 ms)
15:26:06 INFO  AppProfile                : 
15:26:06 DEBUG HashTree                  : Generate hash tree..
15:26:06 DEBUG HashTree                  :     - generated 142 package hashes.
15:26:06 DEBUG HashTree                  :     - generated 1904 clazz hashes.
15:26:06 DEBUG HashTree                  :     - generated 12653 method hashes.
15:26:06 DEBUG HashTree                  :     => Library Hash: 84561f774e6f9b7b0d9559670ba67697
15:26:06 INFO  AppProfile                : - generated app hash trees (in 266 ms)
15:26:06 INFO  AppProfile                : 
15:26:06 INFO  LibraryIdentifier         : = Scan for library root packages (heuristic) =
15:26:06 INFO  LibraryIdentifier         :     - Found lib root package androidx.annotation  (androidx.annotation::annotation)
15:26:06 INFO  LibraryIdentifier         :     - Found lib root package androidx.appcompat  (androidx.appcompat::appcompat)
15:26:06 INFO  LibraryIdentifier         :     - Found lib root package androidx.core  (androidx.core::core)
15:26:06 INFO  LibraryIdentifier         :     - Found lib root package androidx  (androidx.core::core-ktx)
15:26:06 INFO  LibraryIdentifier         :     - Found lib root package androidx.fragment.app  (androidx.fragment::fragment)
15:26:06 INFO  LibraryIdentifier         :     - Found lib root package androidx.fragment.app  (androidx.fragment::fragment-ktx)
15:26:06 INFO  LibraryIdentifier         :     - Found lib root package androidx.lifecycle  (androidx.lifecycle::lifecycle-common)
15:26:06 INFO  LibraryIdentifier         :     - Found lib root package androidx.lifecycle  (androidx.lifecycle::lifecycle-common-java8)
15:26:06 INFO  LibraryIdentifier         :     - Found lib root package androidx.lifecycle  (androidx.lifecycle::lifecycle-compiler)
15:26:06 INFO  LibraryIdentifier         :     - Found lib root package androidx.lifecycle  (androidx.lifecycle::lifecycle-extensions)
15:26:06 INFO  LibraryIdentifier         :     - Found lib root package androidx.lifecycle  (androidx.lifecycle::lifecycle-livedata)
15:26:06 INFO  LibraryIdentifier         :     - Found lib root package androidx.lifecycle  (androidx.lifecycle::lifecycle-livedata-core)
15:26:06 INFO  LibraryIdentifier         :     - Found lib root package androidx.lifecycle  (androidx.lifecycle::lifecycle-process)
15:26:06 INFO  LibraryIdentifier         :     - Found lib root package androidx.lifecycle  (androidx.lifecycle::lifecycle-reactivestreams)
15:26:06 INFO  LibraryIdentifier         :     - Found lib root package androidx.lifecycle  (androidx.lifecycle::lifecycle-reactivestreams-ktx)
15:26:06 INFO  LibraryIdentifier         :     - Found lib root package androidx.lifecycle  (androidx.lifecycle::lifecycle-runtime)
15:26:06 INFO  LibraryIdentifier         :     - Found lib root package androidx.lifecycle  (androidx.lifecycle::lifecycle-service)
15:26:06 INFO  LibraryIdentifier         :     - Found lib root package androidx.lifecycle  (androidx.lifecycle::lifecycle-viewmodel)
15:26:06 INFO  LibraryIdentifier         :     - Found lib root package androidx.lifecycle  (androidx.lifecycle::lifecycle-viewmodel-ktx)
15:26:06 INFO  LibraryIdentifier         :     - Found lib root package android.support.v4.media  (androidx.media::media)
15:26:06 INFO  LibraryIdentifier         :     - Found lib root package androidx.versionedparcelable  (androidx.versionedparcelable::versionedparcelable)
15:26:06 INFO  LibraryIdentifier         :     - Found lib root package android.support.v4  (com.android.support::customview)
15:26:06 INFO  LibraryIdentifier         :     - Found lib root package android.support.v4  (com.android.support::loader)
15:26:06 INFO  LibraryIdentifier         :     - Found lib root package android.support.v4  (com.android.support::support-compat)
15:26:06 INFO  LibraryIdentifier         :     - Found lib root package android.support.v4  (com.android.support::support-core-ui)
15:26:06 INFO  LibraryIdentifier         :     - Found lib root package android.support.v4  (com.android.support::support-core-utils)
15:26:06 INFO  LibraryIdentifier         :     - Found lib root package android.support.v4.app  (com.android.support::support-fragment)
15:26:06 INFO  LibraryIdentifier         :     - Found lib root package android.support.v4.media  (com.android.support::support-media-compat)
15:26:06 INFO  LibraryIdentifier         :     - Found lib root package android.support.v4  (com.android.support::support-v4)
15:26:06 INFO  LibraryIdentifier         :     - Found lib root package androidx.versionedparcelable  (com.android.support::versionedparcelable)
15:26:06 INFO  LibraryIdentifier         : 
15:26:06 INFO  LibraryIdentifier         : = Match profiles =
15:26:34 INFO  LibraryIdentifier         :     >> profile matching done (28 sec, 108 ms)
15:26:34 INFO  LibraryIdentifier         : 
15:26:34 INFO  LibraryIdentifier         : == Report ==
15:26:34 INFO  LibraryIdentifier         : - Full library matches:
15:26:35 INFO  ProfileMatch              :                 name: com.google.firebase::firebase-ml-vision-image-label-model
15:26:35 INFO  ProfileMatch              :             category: Android
15:26:35 INFO  ProfileMatch              :              version: 20.0.0  [OLD VERSION]
15:26:35 INFO  ProfileMatch              :         release-date:  --
15:26:35 INFO  ProfileMatch              :     lib root package: "com.google.firebase.ml.vision.imagelabel"  (in app: "b")
15:26:35 INFO  ProfileMatch              : 
15:26:35 INFO  ProfileMatch              :                 name: com.google.firebase::firebase-ml-vision-image-label-model
15:26:35 INFO  ProfileMatch              :             category: Android
15:26:35 INFO  ProfileMatch              :              version: 20.0.1  [OLD VERSION]
15:26:35 INFO  ProfileMatch              :         release-date:  --
15:26:35 INFO  ProfileMatch              :     lib root package: "com.google.firebase.ml.vision.imagelabel"  (in app: "b")
15:26:35 INFO  ProfileMatch              : 
15:26:35 INFO  ProfileMatch              :                 name: com.google.firebase::firebase-ml-vision-image-label-model
15:26:35 INFO  ProfileMatch              :             category: Android
15:26:35 INFO  ProfileMatch              :              version: 20.0.2
15:26:35 INFO  ProfileMatch              :         release-date:  --
15:26:35 INFO  ProfileMatch              :     lib root package: "com.google.firebase.ml.vision.imagelabel"  (in app: "b")
15:26:35 INFO  ProfileMatch              : 
15:26:35 INFO  ProfileMatch              :                 name: androidx.palette::palette-ktx
15:26:35 INFO  ProfileMatch              :             category: Android
15:26:35 INFO  ProfileMatch              :              version: 1.0.0
15:26:35 INFO  ProfileMatch              :         release-date:  --
15:26:35 INFO  ProfileMatch              :     lib root package: "androidx.palette.graphics"  (in app: "c.a.b")
15:26:35 INFO  ProfileMatch              : 
15:26:35 INFO  ProfileMatch              :                 name: com.android.support::interpolator
15:26:35 INFO  ProfileMatch              :             category: Android
15:26:35 INFO  ProfileMatch              :              version: 28.0.0
15:26:35 INFO  ProfileMatch              :         release-date:  --
15:26:35 INFO  ProfileMatch              :     lib root package: "android.support.v4.view.animation"  (in app: "b.h.a.a")
15:26:35 INFO  ProfileMatch              : 
15:26:35 INFO  ProfileMatch              :                 name: androidx.interpolator::interpolator
15:26:35 INFO  ProfileMatch              :             category: Android
15:26:35 INFO  ProfileMatch              :              version: 1.0.0
15:26:35 INFO  ProfileMatch              :         release-date:  --
15:26:35 INFO  ProfileMatch              :     lib root package: "androidx.interpolator.view.animation"  (in app: "b.h.a.a")
15:26:35 INFO  ProfileMatch              : 
15:26:35 INFO  ProfileMatch              :                 name: Facebook
15:26:35 INFO  ProfileMatch              :             category: SocialMedia
15:26:35 INFO  ProfileMatch              :              version: 4.27.0  [OLD VERSION]
15:26:35 INFO  ProfileMatch              :         release-date: 26.09.2017
15:26:35 INFO  ProfileMatch              :     lib root package: "com.facebook.all"  (in app: "b")
15:26:35 INFO  ProfileMatch              : 
15:26:35 INFO  ProfileMatch              :                 name: Facebook
15:26:35 INFO  ProfileMatch              :             category: SocialMedia
15:26:35 INFO  ProfileMatch              :              version: 4.28.0  [OLD VERSION]
15:26:35 INFO  ProfileMatch              :         release-date: 07.11.2017
15:26:35 INFO  ProfileMatch              :     lib root package: "com.facebook.all"  (in app: "b")
15:26:35 INFO  ProfileMatch              : 
15:26:35 INFO  ProfileMatch              :                 name: Facebook
15:26:35 INFO  ProfileMatch              :             category: SocialMedia
15:26:35 INFO  ProfileMatch              :              version: 4.29.0  [OLD VERSION]
15:26:35 INFO  ProfileMatch              :         release-date: 05.12.2017
15:26:35 INFO  ProfileMatch              :     lib root package: "com.facebook.all"  (in app: "b")
15:26:35 INFO  ProfileMatch              : 
15:26:35 INFO  ProfileMatch              :                 name: Facebook
15:26:35 INFO  ProfileMatch              :             category: SocialMedia
15:26:35 INFO  ProfileMatch              :              version: 4.30.0  [OLD VERSION]
15:26:35 INFO  ProfileMatch              :         release-date: 24.01.2018
15:26:35 INFO  ProfileMatch              :     lib root package: "com.facebook.all"  (in app: "b")
15:26:35 INFO  ProfileMatch              : 
15:26:35 INFO  ProfileMatch              :                 name: Facebook
15:26:35 INFO  ProfileMatch              :             category: SocialMedia
15:26:35 INFO  ProfileMatch              :              version: 4.31.0  [OLD VERSION]
15:26:35 INFO  ProfileMatch              :         release-date: 28.02.2018
15:26:35 INFO  ProfileMatch              :     lib root package: "com.facebook.all"  (in app: "b")
15:26:35 INFO  ProfileMatch              : 
15:26:35 INFO  ProfileMatch              :                 name: Facebook
15:26:35 INFO  ProfileMatch              :             category: SocialMedia
15:26:35 INFO  ProfileMatch              :              version: 4.32.0  [OLD VERSION]
15:26:35 INFO  ProfileMatch              :         release-date: 11.04.2018
15:26:35 INFO  ProfileMatch              :     lib root package: "com.facebook.all"  (in app: "b")
15:26:35 INFO  ProfileMatch              : 
15:26:35 INFO  ProfileMatch              :                 name: Facebook
15:26:35 INFO  ProfileMatch              :             category: SocialMedia
15:26:35 INFO  ProfileMatch              :              version: 4.33.0  [OLD VERSION]
15:26:35 INFO  ProfileMatch              :         release-date: 01.05.2018
15:26:35 INFO  ProfileMatch              :     lib root package: "com.facebook.all"  (in app: "b")
15:26:35 INFO  ProfileMatch              : 
15:26:35 INFO  ProfileMatch              :                 name: Facebook
15:26:35 INFO  ProfileMatch              :             category: SocialMedia
15:26:35 INFO  ProfileMatch              :              version: 4.34.0  [OLD VERSION]
15:26:35 INFO  ProfileMatch              :         release-date: 19.06.2018
15:26:35 INFO  ProfileMatch              :     lib root package: "com.facebook.all"  (in app: "b")
15:26:35 INFO  ProfileMatch              : 
15:26:35 INFO  ProfileMatch              :                 name: Facebook
15:26:35 INFO  ProfileMatch              :             category: SocialMedia
15:26:35 INFO  ProfileMatch              :              version: 4.35.0  [OLD VERSION]
15:26:35 INFO  ProfileMatch              :         release-date: 26.07.2018
15:26:35 INFO  ProfileMatch              :     lib root package: "com.facebook.all"  (in app: "b")
15:26:35 INFO  ProfileMatch              : 
15:26:35 INFO  ProfileMatch              :                 name: Facebook
15:26:35 INFO  ProfileMatch              :             category: SocialMedia
15:26:35 INFO  ProfileMatch              :              version: 4.36.0  [OLD VERSION]
15:26:35 INFO  ProfileMatch              :         release-date: 29.08.2018
15:26:35 INFO  ProfileMatch              :     lib root package: "com.facebook.all"  (in app: "b")
15:26:35 INFO  ProfileMatch              : 
15:26:35 INFO  ProfileMatch              :                 name: Facebook
15:26:35 INFO  ProfileMatch              :             category: SocialMedia
15:26:35 INFO  ProfileMatch              :              version: 4.36.1  [OLD VERSION]
15:26:35 INFO  ProfileMatch              :         release-date: 15.09.2018
15:26:35 INFO  ProfileMatch              :     lib root package: "com.facebook.all"  (in app: "b")
15:26:35 INFO  ProfileMatch              : 
15:26:35 INFO  ProfileMatch              :                 name: Facebook
15:26:35 INFO  ProfileMatch              :             category: SocialMedia
15:26:35 INFO  ProfileMatch              :              version: 4.37.0  [OLD VERSION]
15:26:35 INFO  ProfileMatch              :         release-date: 27.09.2018
15:26:35 INFO  ProfileMatch              :     lib root package: "com.facebook.all"  (in app: "b")
15:26:35 INFO  ProfileMatch              : 
15:26:35 INFO  ProfileMatch              :                 name: Facebook
15:26:35 INFO  ProfileMatch              :             category: SocialMedia
15:26:35 INFO  ProfileMatch              :              version: 4.38.0  [OLD VERSION]
15:26:35 INFO  ProfileMatch              :         release-date: 23.10.2018
15:26:35 INFO  ProfileMatch              :     lib root package: "com.facebook.all"  (in app: "b")
15:26:35 INFO  ProfileMatch              : 
15:26:35 INFO  ProfileMatch              :                 name: Facebook
15:26:35 INFO  ProfileMatch              :             category: SocialMedia
15:26:35 INFO  ProfileMatch              :              version: 4.38.1  [OLD VERSION]
15:26:35 INFO  ProfileMatch              :         release-date: 31.10.2018
15:26:35 INFO  ProfileMatch              :     lib root package: "com.facebook.all"  (in app: "b")
15:26:35 INFO  ProfileMatch              : 
15:26:35 INFO  ProfileMatch              :                 name: Facebook
15:26:35 INFO  ProfileMatch              :             category: SocialMedia
15:26:35 INFO  ProfileMatch              :              version: 4.39.0  [OLD VERSION]
15:26:35 INFO  ProfileMatch              :         release-date: 05.12.2018
15:26:35 INFO  ProfileMatch              :     lib root package: "com.facebook.all"  (in app: "b")
15:26:35 INFO  ProfileMatch              : 
15:26:35 INFO  ProfileMatch              :                 name: Facebook
15:26:35 INFO  ProfileMatch              :             category: SocialMedia
15:26:35 INFO  ProfileMatch              :              version: 4.40.0  [OLD VERSION]
15:26:35 INFO  ProfileMatch              :         release-date: 22.01.2019
15:26:35 INFO  ProfileMatch              :     lib root package: "com.facebook.all"  (in app: "b")
15:26:35 INFO  ProfileMatch              : 
15:26:35 INFO  ProfileMatch              :                 name: Facebook
15:26:35 INFO  ProfileMatch              :             category: SocialMedia
15:26:35 INFO  ProfileMatch              :              version: 4.41.0  [OLD VERSION]
15:26:35 INFO  ProfileMatch              :         release-date: 08.03.2019
15:26:35 INFO  ProfileMatch              :     lib root package: "com.facebook.all"  (in app: "b")
15:26:35 INFO  ProfileMatch              : 
15:26:35 INFO  ProfileMatch              :                 name: Facebook
15:26:35 INFO  ProfileMatch              :             category: SocialMedia
15:26:35 INFO  ProfileMatch              :              version: 4.42.0  [OLD VERSION]
15:26:35 INFO  ProfileMatch              :         release-date: 08.04.2019
15:26:35 INFO  ProfileMatch              :     lib root package: "com.facebook.all"  (in app: "b")
15:26:35 INFO  ProfileMatch              : 
15:26:35 INFO  ProfileMatch              :                 name: Facebook
15:26:35 INFO  ProfileMatch              :             category: SocialMedia
15:26:35 INFO  ProfileMatch              :              version: 5.0.0  [OLD VERSION]
15:26:35 INFO  ProfileMatch              :         release-date: 30.04.2019
15:26:35 INFO  ProfileMatch              :     lib root package: "com.facebook.all"  (in app: "b")
15:26:35 INFO  ProfileMatch              : 
15:26:35 INFO  ProfileMatch              :                 name: Facebook
15:26:35 INFO  ProfileMatch              :             category: SocialMedia
15:26:35 INFO  ProfileMatch              :              version: 5.0.1  [OLD VERSION]
15:26:35 INFO  ProfileMatch              :         release-date: 17.05.2019
15:26:35 INFO  ProfileMatch              :     lib root package: "com.facebook.all"  (in app: "b")
15:26:35 INFO  ProfileMatch              : 
15:26:35 INFO  ProfileMatch              :                 name: Facebook
15:26:35 INFO  ProfileMatch              :             category: SocialMedia
15:26:35 INFO  ProfileMatch              :              version: 5.0.2  [OLD VERSION]
15:26:35 INFO  ProfileMatch              :         release-date: 09.06.2019
15:26:35 INFO  ProfileMatch              :     lib root package: "com.facebook.all"  (in app: "b")
15:26:35 INFO  ProfileMatch              : 
15:26:35 INFO  ProfileMatch              :                 name: Facebook
15:26:35 INFO  ProfileMatch              :             category: SocialMedia
15:26:35 INFO  ProfileMatch              :              version: 5.0.3  [OLD VERSION]
15:26:35 INFO  ProfileMatch              :         release-date: 14.06.2019
15:26:35 INFO  ProfileMatch              :     lib root package: "com.facebook.all"  (in app: "b")
15:26:35 INFO  ProfileMatch              : 
15:26:35 INFO  ProfileMatch              :                 name: Facebook
15:26:35 INFO  ProfileMatch              :             category: SocialMedia
15:26:35 INFO  ProfileMatch              :              version: 5.1.0  [OLD VERSION]
15:26:35 INFO  ProfileMatch              :         release-date: 21.06.2019
15:26:35 INFO  ProfileMatch              :     lib root package: "com.facebook.all"  (in app: "b")
15:26:35 INFO  ProfileMatch              : 
15:26:35 INFO  ProfileMatch              :                 name: Facebook
15:26:35 INFO  ProfileMatch              :             category: SocialMedia
15:26:35 INFO  ProfileMatch              :              version: 5.1.1  [OLD VERSION]
15:26:35 INFO  ProfileMatch              :         release-date: 02.07.2019
15:26:35 INFO  ProfileMatch              :     lib root package: "com.facebook.all"  (in app: "b")
15:26:35 INFO  ProfileMatch              : 
15:26:35 INFO  ProfileMatch              :                 name: Facebook
15:26:35 INFO  ProfileMatch              :             category: SocialMedia
15:26:35 INFO  ProfileMatch              :              version: 5.2.0  [OLD VERSION]
15:26:35 INFO  ProfileMatch              :         release-date: 29.07.2019
15:26:35 INFO  ProfileMatch              :     lib root package: "com.facebook.all"  (in app: "b")
15:26:35 INFO  ProfileMatch              : 
15:26:35 INFO  ProfileMatch              :                 name: Facebook
15:26:35 INFO  ProfileMatch              :             category: SocialMedia
15:26:35 INFO  ProfileMatch              :              version: 5.4.0  [OLD VERSION]
15:26:35 INFO  ProfileMatch              :         release-date: 16.08.2019
15:26:35 INFO  ProfileMatch              :     lib root package: "com.facebook.all"  (in app: "b")
15:26:35 INFO  ProfileMatch              : 
15:26:35 INFO  ProfileMatch              :                 name: Facebook
15:26:35 INFO  ProfileMatch              :             category: SocialMedia
15:26:35 INFO  ProfileMatch              :              version: 5.5.0  [OLD VERSION]
15:26:35 INFO  ProfileMatch              :         release-date: 31.08.2019
15:26:35 INFO  ProfileMatch              :     lib root package: "com.facebook.all"  (in app: "b")
15:26:35 INFO  ProfileMatch              : 
15:26:35 INFO  ProfileMatch              :                 name: Facebook
15:26:35 INFO  ProfileMatch              :             category: SocialMedia
15:26:35 INFO  ProfileMatch              :              version: 5.5.1  [OLD VERSION]
15:26:35 INFO  ProfileMatch              :         release-date: 06.09.2019
15:26:35 INFO  ProfileMatch              :     lib root package: "com.facebook.all"  (in app: "b")
15:26:35 INFO  ProfileMatch              : 
15:26:35 INFO  ProfileMatch              :                 name: Facebook
15:26:35 INFO  ProfileMatch              :             category: SocialMedia
15:26:35 INFO  ProfileMatch              :              version: 5.5.2  [OLD VERSION]
15:26:35 INFO  ProfileMatch              :         release-date: 05.10.2019
15:26:35 INFO  ProfileMatch              :     lib root package: "com.facebook.all"  (in app: "b")
15:26:35 INFO  ProfileMatch              : 
15:26:35 INFO  ProfileMatch              :                 name: Facebook
15:26:35 INFO  ProfileMatch              :             category: SocialMedia
15:26:35 INFO  ProfileMatch              :              version: 5.8.0  [OLD VERSION]
15:26:35 INFO  ProfileMatch              :         release-date: 08.10.2019
15:26:35 INFO  ProfileMatch              :     lib root package: "com.facebook.all"  (in app: "b")
15:26:35 INFO  ProfileMatch              : 
15:26:35 INFO  ProfileMatch              :                 name: Facebook
15:26:35 INFO  ProfileMatch              :             category: SocialMedia
15:26:35 INFO  ProfileMatch              :              version: 5.9.0  [OLD VERSION]
15:26:35 INFO  ProfileMatch              :         release-date: 29.10.2019
15:26:35 INFO  ProfileMatch              :     lib root package: "com.facebook.all"  (in app: "b")
15:26:35 INFO  ProfileMatch              : 
15:26:35 INFO  ProfileMatch              :                 name: Facebook
15:26:35 INFO  ProfileMatch              :             category: SocialMedia
15:26:35 INFO  ProfileMatch              :              version: 5.11.0  [OLD VERSION]
15:26:35 INFO  ProfileMatch              :         release-date: 15.11.2019
15:26:35 INFO  ProfileMatch              :     lib root package: "com.facebook.all"  (in app: "b")
15:26:35 INFO  ProfileMatch              : 
15:26:35 INFO  ProfileMatch              :                 name: Facebook
15:26:35 INFO  ProfileMatch              :             category: SocialMedia
15:26:35 INFO  ProfileMatch              :              version: 5.11.1  [OLD VERSION]
15:26:35 INFO  ProfileMatch              :         release-date: 21.11.2019
15:26:35 INFO  ProfileMatch              :     lib root package: "com.facebook.all"  (in app: "b")
15:26:35 INFO  ProfileMatch              : 
15:26:35 INFO  ProfileMatch              :                 name: Facebook
15:26:35 INFO  ProfileMatch              :             category: SocialMedia
15:26:35 INFO  ProfileMatch              :              version: 5.11.2  [OLD VERSION]
15:26:35 INFO  ProfileMatch              :         release-date: 22.11.2019
15:26:35 INFO  ProfileMatch              :     lib root package: "com.facebook.all"  (in app: "b")
15:26:35 INFO  ProfileMatch              : 
15:26:35 INFO  ProfileMatch              :                 name: Facebook
15:26:35 INFO  ProfileMatch              :             category: SocialMedia
15:26:35 INFO  ProfileMatch              :              version: 5.12.0  [OLD VERSION]
15:26:35 INFO  ProfileMatch              :         release-date: 04.12.2019
15:26:35 INFO  ProfileMatch              :     lib root package: "com.facebook.all"  (in app: "b")
15:26:35 INFO  ProfileMatch              : 
15:26:35 INFO  ProfileMatch              :                 name: Facebook
15:26:35 INFO  ProfileMatch              :             category: SocialMedia
15:26:35 INFO  ProfileMatch              :              version: 5.12.1  [OLD VERSION]
15:26:35 INFO  ProfileMatch              :         release-date: 09.12.2019
15:26:35 INFO  ProfileMatch              :     lib root package: "com.facebook.all"  (in app: "b")
15:26:35 INFO  ProfileMatch              : 
15:26:35 INFO  ProfileMatch              :                 name: Facebook
15:26:35 INFO  ProfileMatch              :             category: SocialMedia
15:26:35 INFO  ProfileMatch              :              version: 5.13.0  [OLD VERSION]
15:26:35 INFO  ProfileMatch              :         release-date: 12.12.2019
15:26:35 INFO  ProfileMatch              :     lib root package: "com.facebook.all"  (in app: "b")
15:26:35 INFO  ProfileMatch              : 
15:26:35 INFO  ProfileMatch              :                 name: Facebook
15:26:35 INFO  ProfileMatch              :             category: SocialMedia
15:26:35 INFO  ProfileMatch              :              version: 5.15.0  [OLD VERSION]
15:26:35 INFO  ProfileMatch              :         release-date: 21.01.2020
15:26:35 INFO  ProfileMatch              :     lib root package: "com.facebook.all"  (in app: "b")
15:26:35 INFO  ProfileMatch              : 
15:26:35 INFO  ProfileMatch              :                 name: Facebook
15:26:35 INFO  ProfileMatch              :             category: SocialMedia
15:26:35 INFO  ProfileMatch              :              version: 5.15.1  [OLD VERSION]
15:26:35 INFO  ProfileMatch              :         release-date: 29.01.2020
15:26:35 INFO  ProfileMatch              :     lib root package: "com.facebook.all"  (in app: "b")
15:26:35 INFO  ProfileMatch              : 
15:26:35 INFO  ProfileMatch              :                 name: Facebook
15:26:35 INFO  ProfileMatch              :             category: SocialMedia
15:26:35 INFO  ProfileMatch              :              version: 5.15.2  [OLD VERSION]
15:26:35 INFO  ProfileMatch              :         release-date: 03.02.2020
15:26:35 INFO  ProfileMatch              :     lib root package: "com.facebook.all"  (in app: "b")
15:26:35 INFO  ProfileMatch              : 
15:26:35 INFO  ProfileMatch              :                 name: Facebook
15:26:35 INFO  ProfileMatch              :             category: SocialMedia
15:26:35 INFO  ProfileMatch              :              version: 5.15.3  [OLD VERSION]
15:26:35 INFO  ProfileMatch              :         release-date: 03.02.2020
15:26:35 INFO  ProfileMatch              :     lib root package: "com.facebook.all"  (in app: "b")
15:26:35 INFO  ProfileMatch              : 
15:26:35 INFO  ProfileMatch              :                 name: Facebook
15:26:35 INFO  ProfileMatch              :             category: SocialMedia
15:26:35 INFO  ProfileMatch              :              version: 6.0.0  [OLD VERSION]
15:26:35 INFO  ProfileMatch              :         release-date: 03.02.2020
15:26:35 INFO  ProfileMatch              :     lib root package: "com.facebook.all"  (in app: "b")
15:26:35 INFO  ProfileMatch              : 
15:26:35 INFO  ProfileMatch              :                 name: Facebook
15:26:35 INFO  ProfileMatch              :             category: SocialMedia
15:26:35 INFO  ProfileMatch              :              version: 6.1.0  [OLD VERSION]
15:26:35 INFO  ProfileMatch              :         release-date: 14.02.2020
15:26:35 INFO  ProfileMatch              :     lib root package: "com.facebook.all"  (in app: "b")
15:26:35 INFO  ProfileMatch              : 
15:26:35 INFO  ProfileMatch              :                 name: Facebook
15:26:35 INFO  ProfileMatch              :             category: SocialMedia
15:26:35 INFO  ProfileMatch              :              version: 6.2.0  [OLD VERSION]
15:26:35 INFO  ProfileMatch              :         release-date: 09.03.2020
15:26:35 INFO  ProfileMatch              :     lib root package: "com.facebook.all"  (in app: "b")
15:26:35 INFO  ProfileMatch              : 
15:26:35 INFO  ProfileMatch              :                 name: Facebook
15:26:35 INFO  ProfileMatch              :             category: SocialMedia
15:26:35 INFO  ProfileMatch              :              version: 6.3.0  [OLD VERSION]
15:26:35 INFO  ProfileMatch              :         release-date: 25.03.2020
15:26:35 INFO  ProfileMatch              :     lib root package: "com.facebook.all"  (in app: "b")
15:26:35 INFO  ProfileMatch              : 
15:26:35 INFO  ProfileMatch              :                 name: Facebook
15:26:35 INFO  ProfileMatch              :             category: SocialMedia
15:26:35 INFO  ProfileMatch              :              version: 6.4.0  [OLD VERSION]
15:26:35 INFO  ProfileMatch              :         release-date: 15.04.2020
15:26:35 INFO  ProfileMatch              :     lib root package: "com.facebook.all"  (in app: "b")
15:26:35 INFO  ProfileMatch              : 
15:26:35 INFO  ProfileMatch              :                 name: Facebook
15:26:35 INFO  ProfileMatch              :             category: SocialMedia
15:26:35 INFO  ProfileMatch              :              version: 6.5.0  [OLD VERSION]
15:26:35 INFO  ProfileMatch              :         release-date: 20.04.2020
15:26:35 INFO  ProfileMatch              :     lib root package: "com.facebook.all"  (in app: "b")
15:26:35 INFO  ProfileMatch              : 
15:26:35 INFO  ProfileMatch              :                 name: Facebook
15:26:35 INFO  ProfileMatch              :             category: SocialMedia
15:26:35 INFO  ProfileMatch              :              version: 6.5.1  [OLD VERSION]
15:26:35 INFO  ProfileMatch              :         release-date: 23.04.2020
15:26:35 INFO  ProfileMatch              :     lib root package: "com.facebook.all"  (in app: "b")
15:26:35 INFO  ProfileMatch              : 
15:26:35 INFO  ProfileMatch              :                 name: Facebook
15:26:35 INFO  ProfileMatch              :             category: SocialMedia
15:26:35 INFO  ProfileMatch              :              version: 7.0.0  [OLD VERSION]
15:26:35 INFO  ProfileMatch              :         release-date: 05.05.2020
15:26:35 INFO  ProfileMatch              :     lib root package: "com.facebook.all"  (in app: "b")
15:26:35 INFO  ProfileMatch              : 
15:26:35 INFO  ProfileMatch              :                 name: Facebook
15:26:35 INFO  ProfileMatch              :             category: SocialMedia
15:26:35 INFO  ProfileMatch              :              version: 7.0.1  [OLD VERSION]
15:26:35 INFO  ProfileMatch              :         release-date: 09.06.2020
15:26:35 INFO  ProfileMatch              :     lib root package: "com.facebook.all"  (in app: "b")
15:26:35 INFO  ProfileMatch              : 
15:26:35 INFO  ProfileMatch              :                 name: Facebook
15:26:35 INFO  ProfileMatch              :             category: SocialMedia
15:26:35 INFO  ProfileMatch              :              version: 7.1.0  [OLD VERSION]
15:26:35 INFO  ProfileMatch              :         release-date: 23.06.2020
15:26:35 INFO  ProfileMatch              :     lib root package: "com.facebook.all"  (in app: "b")
15:26:35 INFO  ProfileMatch              : 
15:26:35 INFO  ProfileMatch              :                 name: Facebook
15:26:35 INFO  ProfileMatch              :             category: SocialMedia
15:26:35 INFO  ProfileMatch              :              version: 8.0.0  [OLD VERSION]
15:26:35 INFO  ProfileMatch              :         release-date: 28.09.2020
15:26:35 INFO  ProfileMatch              :     lib root package: "com.facebook.all"  (in app: "b")
15:26:35 INFO  ProfileMatch              : 
15:26:35 INFO  ProfileMatch              :                 name: Facebook
15:26:35 INFO  ProfileMatch              :             category: SocialMedia
15:26:35 INFO  ProfileMatch              :              version: 8.1.0  [OLD VERSION]
15:26:35 INFO  ProfileMatch              :         release-date: 14.10.2020
15:26:35 INFO  ProfileMatch              :     lib root package: "com.facebook.all"  (in app: "b")
15:26:35 INFO  ProfileMatch              : 
15:26:35 INFO  ProfileMatch              :                 name: Facebook
15:26:35 INFO  ProfileMatch              :             category: SocialMedia
15:26:35 INFO  ProfileMatch              :              version: 8.2.0  [OLD VERSION]
15:26:35 INFO  ProfileMatch              :         release-date: 18.12.2020
15:26:35 INFO  ProfileMatch              :     lib root package: "com.facebook.all"  (in app: "b")
15:26:35 INFO  ProfileMatch              : 
15:26:35 INFO  ProfileMatch              :                 name: Facebook
15:26:35 INFO  ProfileMatch              :             category: SocialMedia
15:26:35 INFO  ProfileMatch              :              version: 9.0.0  [OLD VERSION]
15:26:35 INFO  ProfileMatch              :         release-date: 19.01.2021
15:26:35 INFO  ProfileMatch              :     lib root package: "com.facebook.all"  (in app: "b")
15:26:35 INFO  ProfileMatch              : 
15:26:35 INFO  ProfileMatch              :                 name: Facebook
15:26:35 INFO  ProfileMatch              :             category: SocialMedia
15:26:35 INFO  ProfileMatch              :              version: 9.1.0  [OLD VERSION]
15:26:35 INFO  ProfileMatch              :         release-date: 15.03.2021
15:26:35 INFO  ProfileMatch              :     lib root package: "com.facebook.all"  (in app: "b")
15:26:35 INFO  ProfileMatch              : 
15:26:35 INFO  ProfileMatch              :                 name: Facebook
15:26:35 INFO  ProfileMatch              :             category: SocialMedia
15:26:35 INFO  ProfileMatch              :              version: 9.1.1  [OLD VERSION]
15:26:35 INFO  ProfileMatch              :         release-date: 12.04.2021
15:26:35 INFO  ProfileMatch              :     lib root package: "com.facebook.all"  (in app: "b")
15:26:35 INFO  ProfileMatch              : 
15:26:35 INFO  ProfileMatch              :                 name: Facebook
15:26:35 INFO  ProfileMatch              :             category: SocialMedia
15:26:35 INFO  ProfileMatch              :              version: 11.0.0  [OLD VERSION]
15:26:35 INFO  ProfileMatch              :         release-date: 08.06.2021
15:26:35 INFO  ProfileMatch              :     lib root package: "com.facebook.all"  (in app: "b")
15:26:35 INFO  ProfileMatch              : 
15:26:35 INFO  ProfileMatch              :                 name: Facebook
15:26:35 INFO  ProfileMatch              :             category: SocialMedia
15:26:35 INFO  ProfileMatch              :              version: 11.1.0  [OLD VERSION]
15:26:35 INFO  ProfileMatch              :         release-date: 06.07.2021
15:26:35 INFO  ProfileMatch              :     lib root package: "com.facebook.all"  (in app: "b")
15:26:35 INFO  ProfileMatch              : 
15:26:35 INFO  ProfileMatch              :                 name: Facebook
15:26:35 INFO  ProfileMatch              :             category: SocialMedia
15:26:35 INFO  ProfileMatch              :              version: 11.1.1  [OLD VERSION]
15:26:35 INFO  ProfileMatch              :         release-date: 19.07.2021
15:26:35 INFO  ProfileMatch              :     lib root package: "com.facebook.all"  (in app: "b")
15:26:35 INFO  ProfileMatch              : 
15:26:35 INFO  ProfileMatch              :                 name: Facebook
15:26:35 INFO  ProfileMatch              :             category: SocialMedia
15:26:35 INFO  ProfileMatch              :              version: 11.2.0  [OLD VERSION]
15:26:35 INFO  ProfileMatch              :         release-date: 03.08.2021
15:26:35 INFO  ProfileMatch              :     lib root package: "com.facebook.all"  (in app: "b")
15:26:35 INFO  ProfileMatch              : 
15:26:35 INFO  ProfileMatch              :                 name: Facebook
15:26:35 INFO  ProfileMatch              :             category: SocialMedia
15:26:35 INFO  ProfileMatch              :              version: 11.3.0  [OLD VERSION]
15:26:35 INFO  ProfileMatch              :         release-date: 07.09.2021
15:26:35 INFO  ProfileMatch              :     lib root package: "com.facebook.all"  (in app: "b")
15:26:35 INFO  ProfileMatch              : 
15:26:35 INFO  ProfileMatch              :                 name: Facebook
15:26:35 INFO  ProfileMatch              :             category: SocialMedia
15:26:35 INFO  ProfileMatch              :              version: 12.0.0  [OLD VERSION]
15:26:35 INFO  ProfileMatch              :         release-date: 05.10.2021
15:26:35 INFO  ProfileMatch              :     lib root package: "com.facebook.all"  (in app: "b")
15:26:35 INFO  ProfileMatch              : 
15:26:35 INFO  ProfileMatch              :                 name: Facebook
15:26:35 INFO  ProfileMatch              :             category: SocialMedia
15:26:35 INFO  ProfileMatch              :              version: 12.0.1  [OLD VERSION]
15:26:35 INFO  ProfileMatch              :         release-date: 13.10.2021
15:26:35 INFO  ProfileMatch              :     lib root package: "com.facebook.all"  (in app: "b")
15:26:35 INFO  ProfileMatch              : 
15:26:35 INFO  ProfileMatch              :                 name: Facebook
15:26:35 INFO  ProfileMatch              :             category: SocialMedia
15:26:35 INFO  ProfileMatch              :              version: 12.1.0  [OLD VERSION]
15:26:35 INFO  ProfileMatch              :         release-date: 01.11.2021
15:26:35 INFO  ProfileMatch              :     lib root package: "com.facebook.all"  (in app: "b")
15:26:35 INFO  ProfileMatch              : 
15:26:35 INFO  ProfileMatch              :                 name: Facebook
15:26:35 INFO  ProfileMatch              :             category: SocialMedia
15:26:35 INFO  ProfileMatch              :              version: 12.2.0  [OLD VERSION]
15:26:35 INFO  ProfileMatch              :         release-date: 06.12.2021
15:26:35 INFO  ProfileMatch              :     lib root package: "com.facebook.all"  (in app: "b")
15:26:35 INFO  ProfileMatch              : 
15:26:35 INFO  ProfileMatch              :                 name: Facebook
15:26:35 INFO  ProfileMatch              :             category: SocialMedia
15:26:35 INFO  ProfileMatch              :              version: 12.3.0  [OLD VERSION]
15:26:35 INFO  ProfileMatch              :         release-date: 10.01.2022
15:26:35 INFO  ProfileMatch              :     lib root package: "com.facebook.all"  (in app: "b")
15:26:35 INFO  ProfileMatch              : 
15:26:35 INFO  ProfileMatch              :                 name: Facebook
15:26:35 INFO  ProfileMatch              :             category: SocialMedia
15:26:35 INFO  ProfileMatch              :              version: 13.0.0  [OLD VERSION]
15:26:35 INFO  ProfileMatch              :         release-date: 23.02.2022
15:26:35 INFO  ProfileMatch              :     lib root package: "com.facebook.all"  (in app: "b")
15:26:35 INFO  ProfileMatch              : 
15:26:35 INFO  ProfileMatch              :                 name: Facebook
15:26:35 INFO  ProfileMatch              :             category: SocialMedia
15:26:35 INFO  ProfileMatch              :              version: 13.1.0  [OLD VERSION]
15:26:35 INFO  ProfileMatch              :         release-date: 21.03.2022
15:26:35 INFO  ProfileMatch              :     lib root package: "com.facebook.all"  (in app: "b")
15:26:35 INFO  ProfileMatch              : 
15:26:35 INFO  ProfileMatch              :                 name: Facebook
15:26:35 INFO  ProfileMatch              :             category: SocialMedia
15:26:35 INFO  ProfileMatch              :              version: 13.2.0  [OLD VERSION]
15:26:35 INFO  ProfileMatch              :         release-date: 22.04.2022
15:26:35 INFO  ProfileMatch              :     lib root package: "com.facebook.all"  (in app: "b")
15:26:35 INFO  ProfileMatch              : 
15:26:35 INFO  ProfileMatch              :                 name: Facebook
15:26:35 INFO  ProfileMatch              :             category: SocialMedia
15:26:35 INFO  ProfileMatch              :              version: 14.0.0
15:26:35 INFO  ProfileMatch              :         release-date: 14.06.2022
15:26:35 INFO  ProfileMatch              :     lib root package: "com.facebook.all"  (in app: "b")
15:26:35 INFO  ProfileMatch              : 
15:26:35 INFO  LibraryIdentifier         : 
15:26:35 INFO  LibraryIdentifier         : - Partial library matches:
15:26:35 INFO  LibraryIdentifier         : 
15:26:35 INFO  LibraryIdentifier         : App processing time: 29 sec, 905 ms
