17:40:48 INFO  LibraryIdentifier         : Process app: com.notriddle.budget_44.apk
17:40:48 INFO  LibraryIdentifier         : = Manifest Parser =
17:40:48 INFO  LibraryIdentifier         :         Package name: com.notriddle.budget
17:40:48 INFO  LibraryIdentifier         :         Version code: 44
17:40:48 INFO  LibraryIdentifier         :        minSdkVersion: 15
17:40:48 INFO  LibraryIdentifier         :     targetSdkVersion: 19
17:40:48 INFO  LibraryIdentifier         :         SharedUserId:  - none -
17:40:48 INFO  LibraryIdentifier         :     Library dependencies:  - none -
17:40:48 INFO  LibraryIdentifier         : 
17:40:48 INFO  LibraryIdentifier         : Found 402 unique libraries in 12405 library profiles
17:40:48 INFO  LibraryIdentifier         : Generated class hierarchy (in 465 ms)
17:40:48 INFO  WalaUtils                 : 
17:40:48 INFO  WalaUtils                 : = ClassHierarchy Stats =
17:40:48 INFO  WalaUtils                 :     # of classes: 168
17:40:48 INFO  WalaUtils                 :     # thereof inner classes: 108
17:40:48 INFO  WalaUtils                 :     # thereof public classes: 68
17:40:48 INFO  WalaUtils                 :         Activity : 3
17:40:48 INFO  WalaUtils                 :         Application : 0
17:40:48 INFO  WalaUtils                 :         AsyncTask : 4
17:40:48 INFO  WalaUtils                 :         BroadcastReceiver : 1
17:40:48 INFO  WalaUtils                 :         ContentProvider : 0
17:40:48 INFO  WalaUtils                 :         Fragment : 14
17:40:48 INFO  WalaUtils                 :         Handler : 0
17:40:48 INFO  WalaUtils                 :         LayoutContainer : 6
17:40:48 INFO  WalaUtils                 :         Plain : 137
17:40:48 INFO  WalaUtils                 :         Runnable : 0
17:40:48 INFO  WalaUtils                 :         Service : 1
17:40:48 INFO  WalaUtils                 :         Thread : 0
17:40:48 INFO  WalaUtils                 :         View : 2
17:40:48 INFO  WalaUtils                 :     # methods: 1024
17:40:48 INFO  WalaUtils                 :         # of publicly accessible methods: 819
17:40:48 INFO  WalaUtils                 :         # of non-accessible methods: 205
17:40:48 INFO  WalaUtils                 : 
17:40:48 INFO  Profile                   : = PackageTree =
17:40:48 INFO  PackageTree               : Root Package: android.support.v4
17:40:48 INFO  PackageTree               : └── Root
17:40:48 INFO  PackageTree               :     ├── com
17:40:48 INFO  PackageTree               :     │   └── notriddle
17:40:48 INFO  PackageTree               :     │       └── budget (72)
17:40:48 INFO  PackageTree               :     │           └── csv (2)
17:40:48 INFO  PackageTree               :     └── android
17:40:48 INFO  PackageTree               :         └── support
17:40:48 INFO  PackageTree               :             └── v4
17:40:48 INFO  PackageTree               :                 ├── view (46)
17:40:48 INFO  PackageTree               :                 │   └── accessibility (20)
17:40:48 INFO  PackageTree               :                 ├── widget (17)
17:40:48 INFO  PackageTree               :                 └── app (11)
17:40:48 INFO  Profile                   : 
17:40:48 INFO  AppProfile                : - generated app package tree (in 22 ms)
17:40:48 INFO  AppProfile                : 
17:40:48 DEBUG HashTree                  : Generate hash tree..
17:40:48 DEBUG HashTree                  :     - generated 6 package hashes.
17:40:48 DEBUG HashTree                  :     - generated 164 clazz hashes.
17:40:48 DEBUG HashTree                  :     - generated 1024 method hashes.
17:40:48 DEBUG HashTree                  :     => Library Hash: 69e8128b86b16491f936daa8116350db
17:40:48 INFO  AppProfile                : - generated app hash trees (in 75 ms)
17:40:48 INFO  AppProfile                : 
17:40:48 INFO  LibraryIdentifier         : = Scan for library root packages (heuristic) =
17:40:48 INFO  LibraryIdentifier         :     - Found lib root package android.support.v4.view  (com.android.support::asynclayoutinflater)
17:40:48 INFO  LibraryIdentifier         :     - Found lib root package android.support.v4.widget  (com.android.support::cursoradapter)
17:40:48 INFO  LibraryIdentifier         :     - Found lib root package android.support.v4  (com.android.support::customview)
17:40:48 INFO  LibraryIdentifier         :     - Found lib root package android.support.v4.widget  (com.android.support::drawerlayout)
17:40:48 INFO  LibraryIdentifier         :     - Found lib root package android.support.v4  (com.android.support::loader)
17:40:48 INFO  LibraryIdentifier         :     - Found lib root package android.support.v4.widget  (com.android.support::slidingpanelayout)
17:40:48 INFO  LibraryIdentifier         :     - Found lib root package android.support.v4  (com.android.support::support-compat)
17:40:48 INFO  LibraryIdentifier         :     - Found lib root package android.support.v4  (com.android.support::support-core-ui)
17:40:48 INFO  LibraryIdentifier         :     - Found lib root package android.support.v4  (com.android.support::support-core-utils)
17:40:48 INFO  LibraryIdentifier         :     - Found lib root package android.support.v4.app  (com.android.support::support-fragment)
17:40:48 INFO  LibraryIdentifier         :     - Found lib root package android.support.v4  (com.android.support::support-v4)
17:40:48 INFO  LibraryIdentifier         :     - Found lib root package android.support.v4.widget  (com.android.support::swiperefreshlayout)
17:40:48 INFO  LibraryIdentifier         :     - Found lib root package android.support.v4.view  (com.android.support::viewpager)
17:40:48 INFO  LibraryIdentifier         : 
17:40:48 INFO  LibraryIdentifier         : = Match profiles =
17:40:50 INFO  LibraryIdentifier         :     >> profile matching done (2 sec, 134 ms)
17:40:50 INFO  LibraryIdentifier         : 
17:40:50 INFO  LibraryIdentifier         : == Report ==
17:40:50 INFO  LibraryIdentifier         : - Full library matches:
17:40:51 INFO  LibraryIdentifier         : 
17:40:51 INFO  LibraryIdentifier         : - Partial library matches:
17:40:52 INFO  LibraryIdentifier         : 
17:40:52 INFO  LibraryIdentifier         : App processing time: 4 sec, 12 ms
