03:26:42 INFO  LibraryIdentifier         : Process app: com.nextcloud_cookbook_flutter_19.apk
03:26:42 INFO  LibraryIdentifier         : = Manifest Parser =
03:26:42 INFO  LibraryIdentifier         :         Package name: com.nextcloud_cookbook_flutter
03:26:42 INFO  LibraryIdentifier         :         Version code: 19
03:26:42 INFO  LibraryIdentifier         :        minSdkVersion: 18
03:26:42 INFO  LibraryIdentifier         :     targetSdkVersion: 29
03:26:42 INFO  LibraryIdentifier         :         SharedUserId:  - none -
03:26:42 INFO  LibraryIdentifier         :     Library dependencies:  - none -
03:26:42 INFO  LibraryIdentifier         : 
03:26:42 INFO  LibraryIdentifier         : Found 402 unique libraries in 12405 library profiles
03:26:43 INFO  LibraryIdentifier         : Generated class hierarchy (in 529 ms)
03:26:43 INFO  WalaUtils                 : 
03:26:43 INFO  WalaUtils                 : = ClassHierarchy Stats =
03:26:43 INFO  WalaUtils                 :     # of classes: 874
03:26:43 INFO  WalaUtils                 :     # thereof inner classes: 440
03:26:43 INFO  WalaUtils                 :     # thereof public classes: 458
03:26:43 INFO  WalaUtils                 :         Activity : 3
03:26:43 INFO  WalaUtils                 :         Application : 1
03:26:43 INFO  WalaUtils                 :         AsyncTask : 0
03:26:43 INFO  WalaUtils                 :         BroadcastReceiver : 3
03:26:43 INFO  WalaUtils                 :         ContentProvider : 0
03:26:43 INFO  WalaUtils                 :         Fragment : 0
03:26:43 INFO  WalaUtils                 :         Handler : 1
03:26:43 INFO  WalaUtils                 :         LayoutContainer : 5
03:26:43 INFO  WalaUtils                 :         Plain : 856
03:26:43 INFO  WalaUtils                 :         Runnable : 0
03:26:43 INFO  WalaUtils                 :         Service : 1
03:26:43 INFO  WalaUtils                 :         Thread : 0
03:26:43 INFO  WalaUtils                 :         View : 4
03:26:43 INFO  WalaUtils                 :     # methods: 4822
03:26:43 INFO  WalaUtils                 :         # of publicly accessible methods: 3052
03:26:43 INFO  WalaUtils                 :         # of non-accessible methods: 1770
03:26:43 INFO  WalaUtils                 : 
03:26:43 INFO  Profile                   : = PackageTree =
03:26:43 INFO  PackageTree               : Root Package: io.flutter
03:26:43 INFO  PackageTree               : └── Root
03:26:43 INFO  PackageTree               :     ├── b
03:26:43 INFO  PackageTree               :     │   ├── a
03:26:43 INFO  PackageTree               :     │   │   └── a
03:26:43 INFO  PackageTree               :     │   │       └── a (8)
03:26:43 INFO  PackageTree               :     │   ├── b (10)
03:26:43 INFO  PackageTree               :     │   └── c (5)
03:26:43 INFO  PackageTree               :     │       ├── g (13)
03:26:43 INFO  PackageTree               :     │       └── f (1)
03:26:43 INFO  PackageTree               :     │           └── b (1)
03:26:43 INFO  PackageTree               :     ├── io
03:26:43 INFO  PackageTree               :     │   └── flutter
03:26:43 INFO  PackageTree               :     │       ├── embedding
03:26:43 INFO  PackageTree               :     │       │   ├── android (41)
03:26:43 INFO  PackageTree               :     │       │   └── engine (16)
03:26:43 INFO  PackageTree               :     │       │       ├── j (51)
03:26:43 INFO  PackageTree               :     │       │       ├── f (8)
03:26:43 INFO  PackageTree               :     │       │       ├── mutatorsstack (5)
03:26:43 INFO  PackageTree               :     │       │       ├── h (8)
03:26:43 INFO  PackageTree               :     │       │       ├── i (4)
03:26:43 INFO  PackageTree               :     │       │       │   ├── f (2)
03:26:43 INFO  PackageTree               :     │       │       │   ├── c (4)
03:26:43 INFO  PackageTree               :     │       │       │   ├── g (1)
03:26:43 INFO  PackageTree               :     │       │       │   ├── e (2)
03:26:43 INFO  PackageTree               :     │       │       │   └── d (2)
03:26:43 INFO  PackageTree               :     │       │       ├── renderer (8)
03:26:43 INFO  PackageTree               :     │       │       ├── plugins
03:26:43 INFO  PackageTree               :     │       │       │   └── lifecycle (1)
03:26:43 INFO  PackageTree               :     │       │       └── g (1)
03:26:43 INFO  PackageTree               :     │       ├── plugin
03:26:43 INFO  PackageTree               :     │       │   ├── platform (25)
03:26:43 INFO  PackageTree               :     │       │   └── editing (14)
03:26:43 INFO  PackageTree               :     │       ├── view (25)
03:26:43 INFO  PackageTree               :     │       ├── plugins (1)
03:26:43 INFO  PackageTree               :     │       │   ├── urllauncher (9)
03:26:43 INFO  PackageTree               :     │       │   ├── b (4)
03:26:43 INFO  PackageTree               :     │       │   └── a (4)
03:26:43 INFO  PackageTree               :     │       └── app (1)
03:26:43 INFO  PackageTree               :     ├── c
03:26:43 INFO  PackageTree               :     │   ├── a
03:26:43 INFO  PackageTree               :     │   │   ├── b (38)
03:26:43 INFO  PackageTree               :     │   │   │   ├── y (44)
03:26:43 INFO  PackageTree               :     │   │   │   │   ├── n (64)
03:26:43 INFO  PackageTree               :     │   │   │   │   │   └── o (1)
03:26:43 INFO  PackageTree               :     │   │   │   │   └── o (3)
03:26:43 INFO  PackageTree               :     │   │   │   ├── z (1)
03:26:43 INFO  PackageTree               :     │   │   │   ├── x (5)
03:26:43 INFO  PackageTree               :     │   │   │   └── a0 (5)
03:26:43 INFO  PackageTree               :     │   │   └── a
03:26:43 INFO  PackageTree               :     │   │       ├── b
03:26:43 INFO  PackageTree               :     │   │       │   └── a (23)
03:26:43 INFO  PackageTree               :     │   │       │       └── i (2)
03:26:43 INFO  PackageTree               :     │   │       └── a (6)
03:26:43 INFO  PackageTree               :     │   ├── b
03:26:43 INFO  PackageTree               :     │   │   └── a (6)
03:26:43 INFO  PackageTree               :     │   │       └── b (3)
03:26:43 INFO  PackageTree               :     │   ├── c
03:26:43 INFO  PackageTree               :     │   │   └── a (2)
03:26:43 INFO  PackageTree               :     │   └── d
03:26:43 INFO  PackageTree               :     │       └── a (2)
03:26:43 INFO  PackageTree               :     ├── g
03:26:43 INFO  PackageTree               :     │   └── a
03:26:43 INFO  PackageTree               :     │       └── a (36)
03:26:43 INFO  PackageTree               :     │           ├── x (28)
03:26:43 INFO  PackageTree               :     │           ├── u (28)
03:26:43 INFO  PackageTree               :     │           ├── v (34)
03:26:43 INFO  PackageTree               :     │           ├── y (14)
03:26:43 INFO  PackageTree               :     │           └── w (4)
03:26:43 INFO  PackageTree               :     ├── androidx
03:26:43 INFO  PackageTree               :     │   ├── lifecycle (18)
03:26:43 INFO  PackageTree               :     │   ├── versionedparcelable (7)
03:26:43 INFO  PackageTree               :     │   ├── core
03:26:43 INFO  PackageTree               :     │   │   ├── app (30)
03:26:43 INFO  PackageTree               :     │   │   └── graphics
03:26:43 INFO  PackageTree               :     │   │       └── drawable (4)
03:26:43 INFO  PackageTree               :     │   ├── activity (7)
03:26:43 INFO  PackageTree               :     │   ├── annotation (1)
03:26:43 INFO  PackageTree               :     │   ├── media (17)
03:26:43 INFO  PackageTree               :     │   │   └── e (1)
03:26:43 INFO  PackageTree               :     │   ├── savedstate (4)
03:26:43 INFO  PackageTree               :     │   └── fragment
03:26:43 INFO  PackageTree               :     │       └── app (1)
03:26:43 INFO  PackageTree               :     ├── e
03:26:43 INFO  PackageTree               :     │   └── a (3)
03:26:43 INFO  PackageTree               :     │       ├── d (4)
03:26:43 INFO  PackageTree               :     │       └── c
03:26:43 INFO  PackageTree               :     │           ├── a (31)
03:26:43 INFO  PackageTree               :     │           ├── c (4)
03:26:43 INFO  PackageTree               :     │           └── b (2)
03:26:43 INFO  PackageTree               :     ├── android
03:26:43 INFO  PackageTree               :     │   └── support
03:26:43 INFO  PackageTree               :     │       └── v4
03:26:43 INFO  PackageTree               :     │           ├── media (17)
03:26:43 INFO  PackageTree               :     │           │   └── session (26)
03:26:43 INFO  PackageTree               :     │           ├── app (4)
03:26:43 INFO  PackageTree               :     │           └── graphics
03:26:43 INFO  PackageTree               :     │               └── drawable (1)
03:26:43 INFO  PackageTree               :     ├── d
03:26:43 INFO  PackageTree               :     │   └── a (8)
03:26:43 INFO  PackageTree               :     ├── f (2)
03:26:43 INFO  PackageTree               :     │   ├── c (16)
03:26:43 INFO  PackageTree               :     │   └── d
03:26:43 INFO  PackageTree               :     │       └── a (2)
03:26:43 INFO  PackageTree               :     ├── com
03:26:43 INFO  PackageTree               :     │   ├── dexterous
03:26:43 INFO  PackageTree               :     │   │   └── flutterlocalnotifications (12)
03:26:43 INFO  PackageTree               :     │   │       ├── models (12)
03:26:43 INFO  PackageTree               :     │   │       │   └── styles (6)
03:26:43 INFO  PackageTree               :     │   │       └── utils (2)
03:26:43 INFO  PackageTree               :     │   └── nextcloud_cookbook_flutter (1)
03:26:43 INFO  PackageTree               :     └── a
03:26:43 INFO  PackageTree               :         └── a
03:26:43 INFO  PackageTree               :             └── a
03:26:43 INFO  PackageTree               :                 └── a (7)
03:26:43 INFO  Profile                   : 
03:26:43 INFO  AppProfile                : - generated app package tree (in 29 ms)
03:26:43 INFO  AppProfile                : 
03:26:43 DEBUG HashTree                  : Generate hash tree..
03:26:43 DEBUG HashTree                  :     - generated 77 package hashes.
03:26:43 DEBUG HashTree                  :     - generated 830 clazz hashes.
03:26:43 DEBUG HashTree                  :     - generated 4822 method hashes.
03:26:43 DEBUG HashTree                  :     => Library Hash: c850c26b45ed3d35f737530412688c91
03:26:43 INFO  AppProfile                : - generated app hash trees (in 118 ms)
03:26:43 INFO  AppProfile                : 
03:26:43 INFO  LibraryIdentifier         : = Scan for library root packages (heuristic) =
03:26:43 INFO  LibraryIdentifier         :     - Found lib root package androidx.annotation  (androidx.annotation::annotation)
03:26:43 INFO  LibraryIdentifier         :     - Found lib root package androidx.core  (androidx.core::core)
03:26:43 INFO  LibraryIdentifier         :     - Found lib root package androidx  (androidx.core::core-ktx)
03:26:43 INFO  LibraryIdentifier         :     - Found lib root package androidx.fragment.app  (androidx.fragment::fragment)
03:26:43 INFO  LibraryIdentifier         :     - Found lib root package androidx.fragment.app  (androidx.fragment::fragment-ktx)
03:26:43 INFO  LibraryIdentifier         :     - Found lib root package androidx.lifecycle  (androidx.lifecycle::lifecycle-common)
03:26:43 INFO  LibraryIdentifier         :     - Found lib root package androidx.lifecycle  (androidx.lifecycle::lifecycle-common-java8)
03:26:43 INFO  LibraryIdentifier         :     - Found lib root package androidx.lifecycle  (androidx.lifecycle::lifecycle-compiler)
03:26:43 INFO  LibraryIdentifier         :     - Found lib root package androidx.lifecycle  (androidx.lifecycle::lifecycle-extensions)
03:26:43 INFO  LibraryIdentifier         :     - Found lib root package androidx.lifecycle  (androidx.lifecycle::lifecycle-livedata)
03:26:43 INFO  LibraryIdentifier         :     - Found lib root package androidx.lifecycle  (androidx.lifecycle::lifecycle-livedata-core)
03:26:43 INFO  LibraryIdentifier         :     - Found lib root package androidx.lifecycle  (androidx.lifecycle::lifecycle-process)
03:26:43 INFO  LibraryIdentifier         :     - Found lib root package androidx.lifecycle  (androidx.lifecycle::lifecycle-reactivestreams)
03:26:43 INFO  LibraryIdentifier         :     - Found lib root package androidx.lifecycle  (androidx.lifecycle::lifecycle-reactivestreams-ktx)
03:26:43 INFO  LibraryIdentifier         :     - Found lib root package androidx.lifecycle  (androidx.lifecycle::lifecycle-runtime)
03:26:43 INFO  LibraryIdentifier         :     - Found lib root package androidx.lifecycle  (androidx.lifecycle::lifecycle-service)
03:26:43 INFO  LibraryIdentifier         :     - Found lib root package androidx.lifecycle  (androidx.lifecycle::lifecycle-viewmodel)
03:26:43 INFO  LibraryIdentifier         :     - Found lib root package androidx.lifecycle  (androidx.lifecycle::lifecycle-viewmodel-ktx)
03:26:43 INFO  LibraryIdentifier         :     - Found lib root package android.support.v4.media  (androidx.media::media)
03:26:43 INFO  LibraryIdentifier         :     - Found lib root package androidx.versionedparcelable  (androidx.versionedparcelable::versionedparcelable)
03:26:43 INFO  LibraryIdentifier         :     - Found lib root package android.support.v4  (com.android.support::customview)
03:26:43 INFO  LibraryIdentifier         :     - Found lib root package android.support.v4  (com.android.support::loader)
03:26:43 INFO  LibraryIdentifier         :     - Found lib root package android.support.v4  (com.android.support::support-compat)
03:26:43 INFO  LibraryIdentifier         :     - Found lib root package android.support.v4  (com.android.support::support-core-ui)
03:26:43 INFO  LibraryIdentifier         :     - Found lib root package android.support.v4  (com.android.support::support-core-utils)
03:26:43 INFO  LibraryIdentifier         :     - Found lib root package android.support.v4.app  (com.android.support::support-fragment)
03:26:43 INFO  LibraryIdentifier         :     - Found lib root package android.support.v4.media  (com.android.support::support-media-compat)
03:26:43 INFO  LibraryIdentifier         :     - Found lib root package android.support.v4  (com.android.support::support-v4)
03:26:43 INFO  LibraryIdentifier         :     - Found lib root package androidx.versionedparcelable  (com.android.support::versionedparcelable)
03:26:43 INFO  LibraryIdentifier         : 
03:26:43 INFO  LibraryIdentifier         : = Match profiles =
03:26:57 INFO  LibraryIdentifier         :     >> profile matching done (13 sec, 452 ms)
03:26:57 INFO  LibraryIdentifier         : 
03:26:57 INFO  LibraryIdentifier         : == Report ==
03:26:57 INFO  LibraryIdentifier         : - Full library matches:
03:26:57 INFO  ProfileMatch              :                 name: androidx.palette::palette-ktx
03:26:57 INFO  ProfileMatch              :             category: Android
03:26:57 INFO  ProfileMatch              :              version: 1.0.0
03:26:57 INFO  ProfileMatch              :         release-date:  --
03:26:57 INFO  ProfileMatch              :     lib root package: "androidx.palette.graphics"  (in app: "c.a.b")
03:26:57 INFO  ProfileMatch              : 
03:26:57 INFO  ProfileMatch              :                 name: Facebook
03:26:57 INFO  ProfileMatch              :             category: SocialMedia
03:26:57 INFO  ProfileMatch              :              version: 4.27.0  [OLD VERSION]
03:26:57 INFO  ProfileMatch              :         release-date: 26.09.2017
03:26:57 INFO  ProfileMatch              :     lib root package: "com.facebook.all"  (in app: "com.dexterous.flutterlocalnotifications")
03:26:57 INFO  ProfileMatch              : 
03:26:57 INFO  ProfileMatch              :                 name: Facebook
03:26:57 INFO  ProfileMatch              :             category: SocialMedia
03:26:57 INFO  ProfileMatch              :              version: 4.28.0  [OLD VERSION]
03:26:57 INFO  ProfileMatch              :         release-date: 07.11.2017
03:26:57 INFO  ProfileMatch              :     lib root package: "com.facebook.all"  (in app: "com.dexterous.flutterlocalnotifications")
03:26:57 INFO  ProfileMatch              : 
03:26:57 INFO  ProfileMatch              :                 name: Facebook
03:26:57 INFO  ProfileMatch              :             category: SocialMedia
03:26:57 INFO  ProfileMatch              :              version: 4.29.0  [OLD VERSION]
03:26:57 INFO  ProfileMatch              :         release-date: 05.12.2017
03:26:57 INFO  ProfileMatch              :     lib root package: "com.facebook.all"  (in app: "com.dexterous.flutterlocalnotifications")
03:26:57 INFO  ProfileMatch              : 
03:26:57 INFO  ProfileMatch              :                 name: Facebook
03:26:57 INFO  ProfileMatch              :             category: SocialMedia
03:26:57 INFO  ProfileMatch              :              version: 4.30.0  [OLD VERSION]
03:26:57 INFO  ProfileMatch              :         release-date: 24.01.2018
03:26:57 INFO  ProfileMatch              :     lib root package: "com.facebook.all"  (in app: "com.dexterous.flutterlocalnotifications")
03:26:57 INFO  ProfileMatch              : 
03:26:57 INFO  ProfileMatch              :                 name: Facebook
03:26:57 INFO  ProfileMatch              :             category: SocialMedia
03:26:57 INFO  ProfileMatch              :              version: 4.31.0  [OLD VERSION]
03:26:57 INFO  ProfileMatch              :         release-date: 28.02.2018
03:26:57 INFO  ProfileMatch              :     lib root package: "com.facebook.all"  (in app: "com.dexterous.flutterlocalnotifications")
03:26:57 INFO  ProfileMatch              : 
03:26:57 INFO  ProfileMatch              :                 name: Facebook
03:26:57 INFO  ProfileMatch              :             category: SocialMedia
03:26:57 INFO  ProfileMatch              :              version: 4.32.0  [OLD VERSION]
03:26:57 INFO  ProfileMatch              :         release-date: 11.04.2018
03:26:57 INFO  ProfileMatch              :     lib root package: "com.facebook.all"  (in app: "com.dexterous.flutterlocalnotifications")
03:26:57 INFO  ProfileMatch              : 
03:26:57 INFO  ProfileMatch              :                 name: Facebook
03:26:57 INFO  ProfileMatch              :             category: SocialMedia
03:26:57 INFO  ProfileMatch              :              version: 4.33.0  [OLD VERSION]
03:26:57 INFO  ProfileMatch              :         release-date: 01.05.2018
03:26:57 INFO  ProfileMatch              :     lib root package: "com.facebook.all"  (in app: "com.dexterous.flutterlocalnotifications")
03:26:57 INFO  ProfileMatch              : 
03:26:57 INFO  ProfileMatch              :                 name: Facebook
03:26:57 INFO  ProfileMatch              :             category: SocialMedia
03:26:57 INFO  ProfileMatch              :              version: 4.34.0  [OLD VERSION]
03:26:57 INFO  ProfileMatch              :         release-date: 19.06.2018
03:26:57 INFO  ProfileMatch              :     lib root package: "com.facebook.all"  (in app: "com.dexterous.flutterlocalnotifications")
03:26:57 INFO  ProfileMatch              : 
03:26:57 INFO  ProfileMatch              :                 name: Facebook
03:26:57 INFO  ProfileMatch              :             category: SocialMedia
03:26:57 INFO  ProfileMatch              :              version: 4.35.0  [OLD VERSION]
03:26:57 INFO  ProfileMatch              :         release-date: 26.07.2018
03:26:57 INFO  ProfileMatch              :     lib root package: "com.facebook.all"  (in app: "com.dexterous.flutterlocalnotifications")
03:26:57 INFO  ProfileMatch              : 
03:26:57 INFO  ProfileMatch              :                 name: Facebook
03:26:57 INFO  ProfileMatch              :             category: SocialMedia
03:26:57 INFO  ProfileMatch              :              version: 4.36.0  [OLD VERSION]
03:26:57 INFO  ProfileMatch              :         release-date: 29.08.2018
03:26:57 INFO  ProfileMatch              :     lib root package: "com.facebook.all"  (in app: "com.dexterous.flutterlocalnotifications")
03:26:57 INFO  ProfileMatch              : 
03:26:57 INFO  ProfileMatch              :                 name: Facebook
03:26:57 INFO  ProfileMatch              :             category: SocialMedia
03:26:57 INFO  ProfileMatch              :              version: 4.36.1  [OLD VERSION]
03:26:57 INFO  ProfileMatch              :         release-date: 15.09.2018
03:26:57 INFO  ProfileMatch              :     lib root package: "com.facebook.all"  (in app: "com.dexterous.flutterlocalnotifications")
03:26:57 INFO  ProfileMatch              : 
03:26:57 INFO  ProfileMatch              :                 name: Facebook
03:26:57 INFO  ProfileMatch              :             category: SocialMedia
03:26:57 INFO  ProfileMatch              :              version: 4.37.0  [OLD VERSION]
03:26:57 INFO  ProfileMatch              :         release-date: 27.09.2018
03:26:57 INFO  ProfileMatch              :     lib root package: "com.facebook.all"  (in app: "com.dexterous.flutterlocalnotifications")
03:26:57 INFO  ProfileMatch              : 
03:26:57 INFO  ProfileMatch              :                 name: Facebook
03:26:57 INFO  ProfileMatch              :             category: SocialMedia
03:26:57 INFO  ProfileMatch              :              version: 4.38.0  [OLD VERSION]
03:26:57 INFO  ProfileMatch              :         release-date: 23.10.2018
03:26:57 INFO  ProfileMatch              :     lib root package: "com.facebook.all"  (in app: "com.dexterous.flutterlocalnotifications")
03:26:57 INFO  ProfileMatch              : 
03:26:57 INFO  ProfileMatch              :                 name: Facebook
03:26:57 INFO  ProfileMatch              :             category: SocialMedia
03:26:57 INFO  ProfileMatch              :              version: 4.38.1  [OLD VERSION]
03:26:57 INFO  ProfileMatch              :         release-date: 31.10.2018
03:26:57 INFO  ProfileMatch              :     lib root package: "com.facebook.all"  (in app: "com.dexterous.flutterlocalnotifications")
03:26:57 INFO  ProfileMatch              : 
03:26:57 INFO  ProfileMatch              :                 name: Facebook
03:26:57 INFO  ProfileMatch              :             category: SocialMedia
03:26:57 INFO  ProfileMatch              :              version: 4.39.0  [OLD VERSION]
03:26:57 INFO  ProfileMatch              :         release-date: 05.12.2018
03:26:57 INFO  ProfileMatch              :     lib root package: "com.facebook.all"  (in app: "com.dexterous.flutterlocalnotifications")
03:26:57 INFO  ProfileMatch              : 
03:26:57 INFO  ProfileMatch              :                 name: Facebook
03:26:57 INFO  ProfileMatch              :             category: SocialMedia
03:26:57 INFO  ProfileMatch              :              version: 4.40.0  [OLD VERSION]
03:26:57 INFO  ProfileMatch              :         release-date: 22.01.2019
03:26:57 INFO  ProfileMatch              :     lib root package: "com.facebook.all"  (in app: "com.dexterous.flutterlocalnotifications")
03:26:57 INFO  ProfileMatch              : 
03:26:57 INFO  ProfileMatch              :                 name: Facebook
03:26:57 INFO  ProfileMatch              :             category: SocialMedia
03:26:57 INFO  ProfileMatch              :              version: 4.41.0  [OLD VERSION]
03:26:57 INFO  ProfileMatch              :         release-date: 08.03.2019
03:26:57 INFO  ProfileMatch              :     lib root package: "com.facebook.all"  (in app: "com.dexterous.flutterlocalnotifications")
03:26:57 INFO  ProfileMatch              : 
03:26:57 INFO  ProfileMatch              :                 name: Facebook
03:26:57 INFO  ProfileMatch              :             category: SocialMedia
03:26:57 INFO  ProfileMatch              :              version: 4.42.0  [OLD VERSION]
03:26:57 INFO  ProfileMatch              :         release-date: 08.04.2019
03:26:57 INFO  ProfileMatch              :     lib root package: "com.facebook.all"  (in app: "com.dexterous.flutterlocalnotifications")
03:26:57 INFO  ProfileMatch              : 
03:26:57 INFO  ProfileMatch              :                 name: Facebook
03:26:57 INFO  ProfileMatch              :             category: SocialMedia
03:26:57 INFO  ProfileMatch              :              version: 5.0.0  [OLD VERSION]
03:26:57 INFO  ProfileMatch              :         release-date: 30.04.2019
03:26:57 INFO  ProfileMatch              :     lib root package: "com.facebook.all"  (in app: "com.dexterous.flutterlocalnotifications")
03:26:57 INFO  ProfileMatch              : 
03:26:57 INFO  ProfileMatch              :                 name: Facebook
03:26:57 INFO  ProfileMatch              :             category: SocialMedia
03:26:57 INFO  ProfileMatch              :              version: 5.0.1  [OLD VERSION]
03:26:57 INFO  ProfileMatch              :         release-date: 17.05.2019
03:26:57 INFO  ProfileMatch              :     lib root package: "com.facebook.all"  (in app: "com.dexterous.flutterlocalnotifications")
03:26:57 INFO  ProfileMatch              : 
03:26:57 INFO  ProfileMatch              :                 name: Facebook
03:26:57 INFO  ProfileMatch              :             category: SocialMedia
03:26:57 INFO  ProfileMatch              :              version: 5.0.2  [OLD VERSION]
03:26:57 INFO  ProfileMatch              :         release-date: 09.06.2019
03:26:57 INFO  ProfileMatch              :     lib root package: "com.facebook.all"  (in app: "com.dexterous.flutterlocalnotifications")
03:26:57 INFO  ProfileMatch              : 
03:26:57 INFO  ProfileMatch              :                 name: Facebook
03:26:57 INFO  ProfileMatch              :             category: SocialMedia
03:26:57 INFO  ProfileMatch              :              version: 5.0.3  [OLD VERSION]
03:26:57 INFO  ProfileMatch              :         release-date: 14.06.2019
03:26:57 INFO  ProfileMatch              :     lib root package: "com.facebook.all"  (in app: "com.dexterous.flutterlocalnotifications")
03:26:57 INFO  ProfileMatch              : 
03:26:57 INFO  ProfileMatch              :                 name: Facebook
03:26:57 INFO  ProfileMatch              :             category: SocialMedia
03:26:57 INFO  ProfileMatch              :              version: 5.1.0  [OLD VERSION]
03:26:57 INFO  ProfileMatch              :         release-date: 21.06.2019
03:26:57 INFO  ProfileMatch              :     lib root package: "com.facebook.all"  (in app: "com.dexterous.flutterlocalnotifications")
03:26:57 INFO  ProfileMatch              : 
03:26:57 INFO  ProfileMatch              :                 name: Facebook
03:26:57 INFO  ProfileMatch              :             category: SocialMedia
03:26:57 INFO  ProfileMatch              :              version: 5.1.1  [OLD VERSION]
03:26:57 INFO  ProfileMatch              :         release-date: 02.07.2019
03:26:57 INFO  ProfileMatch              :     lib root package: "com.facebook.all"  (in app: "com.dexterous.flutterlocalnotifications")
03:26:57 INFO  ProfileMatch              : 
03:26:57 INFO  ProfileMatch              :                 name: Facebook
03:26:57 INFO  ProfileMatch              :             category: SocialMedia
03:26:57 INFO  ProfileMatch              :              version: 5.2.0  [OLD VERSION]
03:26:57 INFO  ProfileMatch              :         release-date: 29.07.2019
03:26:57 INFO  ProfileMatch              :     lib root package: "com.facebook.all"  (in app: "com.dexterous.flutterlocalnotifications")
03:26:57 INFO  ProfileMatch              : 
03:26:57 INFO  ProfileMatch              :                 name: Facebook
03:26:57 INFO  ProfileMatch              :             category: SocialMedia
03:26:57 INFO  ProfileMatch              :              version: 5.4.0  [OLD VERSION]
03:26:57 INFO  ProfileMatch              :         release-date: 16.08.2019
03:26:57 INFO  ProfileMatch              :     lib root package: "com.facebook.all"  (in app: "com.dexterous.flutterlocalnotifications")
03:26:57 INFO  ProfileMatch              : 
03:26:57 INFO  ProfileMatch              :                 name: Facebook
03:26:57 INFO  ProfileMatch              :             category: SocialMedia
03:26:57 INFO  ProfileMatch              :              version: 5.5.0  [OLD VERSION]
03:26:57 INFO  ProfileMatch              :         release-date: 31.08.2019
03:26:57 INFO  ProfileMatch              :     lib root package: "com.facebook.all"  (in app: "com.dexterous.flutterlocalnotifications")
03:26:57 INFO  ProfileMatch              : 
03:26:57 INFO  ProfileMatch              :                 name: Facebook
03:26:57 INFO  ProfileMatch              :             category: SocialMedia
03:26:57 INFO  ProfileMatch              :              version: 5.5.1  [OLD VERSION]
03:26:57 INFO  ProfileMatch              :         release-date: 06.09.2019
03:26:57 INFO  ProfileMatch              :     lib root package: "com.facebook.all"  (in app: "com.dexterous.flutterlocalnotifications")
03:26:57 INFO  ProfileMatch              : 
03:26:57 INFO  ProfileMatch              :                 name: Facebook
03:26:57 INFO  ProfileMatch              :             category: SocialMedia
03:26:57 INFO  ProfileMatch              :              version: 5.5.2  [OLD VERSION]
03:26:57 INFO  ProfileMatch              :         release-date: 05.10.2019
03:26:57 INFO  ProfileMatch              :     lib root package: "com.facebook.all"  (in app: "com.dexterous.flutterlocalnotifications")
03:26:57 INFO  ProfileMatch              : 
03:26:57 INFO  ProfileMatch              :                 name: Facebook
03:26:57 INFO  ProfileMatch              :             category: SocialMedia
03:26:57 INFO  ProfileMatch              :              version: 5.8.0  [OLD VERSION]
03:26:57 INFO  ProfileMatch              :         release-date: 08.10.2019
03:26:57 INFO  ProfileMatch              :     lib root package: "com.facebook.all"  (in app: "com.dexterous.flutterlocalnotifications")
03:26:57 INFO  ProfileMatch              : 
03:26:57 INFO  ProfileMatch              :                 name: Facebook
03:26:57 INFO  ProfileMatch              :             category: SocialMedia
03:26:57 INFO  ProfileMatch              :              version: 5.9.0  [OLD VERSION]
03:26:57 INFO  ProfileMatch              :         release-date: 29.10.2019
03:26:57 INFO  ProfileMatch              :     lib root package: "com.facebook.all"  (in app: "com.dexterous.flutterlocalnotifications")
03:26:57 INFO  ProfileMatch              : 
03:26:57 INFO  ProfileMatch              :                 name: Facebook
03:26:57 INFO  ProfileMatch              :             category: SocialMedia
03:26:57 INFO  ProfileMatch              :              version: 5.11.0  [OLD VERSION]
03:26:57 INFO  ProfileMatch              :         release-date: 15.11.2019
03:26:57 INFO  ProfileMatch              :     lib root package: "com.facebook.all"  (in app: "com.dexterous.flutterlocalnotifications")
03:26:57 INFO  ProfileMatch              : 
03:26:57 INFO  ProfileMatch              :                 name: Facebook
03:26:57 INFO  ProfileMatch              :             category: SocialMedia
03:26:57 INFO  ProfileMatch              :              version: 5.11.1  [OLD VERSION]
03:26:57 INFO  ProfileMatch              :         release-date: 21.11.2019
03:26:57 INFO  ProfileMatch              :     lib root package: "com.facebook.all"  (in app: "com.dexterous.flutterlocalnotifications")
03:26:57 INFO  ProfileMatch              : 
03:26:57 INFO  ProfileMatch              :                 name: Facebook
03:26:57 INFO  ProfileMatch              :             category: SocialMedia
03:26:57 INFO  ProfileMatch              :              version: 5.11.2  [OLD VERSION]
03:26:57 INFO  ProfileMatch              :         release-date: 22.11.2019
03:26:57 INFO  ProfileMatch              :     lib root package: "com.facebook.all"  (in app: "com.dexterous.flutterlocalnotifications")
03:26:57 INFO  ProfileMatch              : 
03:26:57 INFO  ProfileMatch              :                 name: Facebook
03:26:57 INFO  ProfileMatch              :             category: SocialMedia
03:26:57 INFO  ProfileMatch              :              version: 5.12.0  [OLD VERSION]
03:26:57 INFO  ProfileMatch              :         release-date: 04.12.2019
03:26:57 INFO  ProfileMatch              :     lib root package: "com.facebook.all"  (in app: "com.dexterous.flutterlocalnotifications")
03:26:57 INFO  ProfileMatch              : 
03:26:57 INFO  ProfileMatch              :                 name: Facebook
03:26:57 INFO  ProfileMatch              :             category: SocialMedia
03:26:57 INFO  ProfileMatch              :              version: 5.12.1  [OLD VERSION]
03:26:57 INFO  ProfileMatch              :         release-date: 09.12.2019
03:26:57 INFO  ProfileMatch              :     lib root package: "com.facebook.all"  (in app: "com.dexterous.flutterlocalnotifications")
03:26:57 INFO  ProfileMatch              : 
03:26:57 INFO  ProfileMatch              :                 name: Facebook
03:26:57 INFO  ProfileMatch              :             category: SocialMedia
03:26:57 INFO  ProfileMatch              :              version: 5.13.0  [OLD VERSION]
03:26:57 INFO  ProfileMatch              :         release-date: 12.12.2019
03:26:57 INFO  ProfileMatch              :     lib root package: "com.facebook.all"  (in app: "com.dexterous.flutterlocalnotifications")
03:26:57 INFO  ProfileMatch              : 
03:26:57 INFO  ProfileMatch              :                 name: Facebook
03:26:57 INFO  ProfileMatch              :             category: SocialMedia
03:26:57 INFO  ProfileMatch              :              version: 5.15.0  [OLD VERSION]
03:26:57 INFO  ProfileMatch              :         release-date: 21.01.2020
03:26:57 INFO  ProfileMatch              :     lib root package: "com.facebook.all"  (in app: "com.dexterous.flutterlocalnotifications")
03:26:57 INFO  ProfileMatch              : 
03:26:57 INFO  ProfileMatch              :                 name: Facebook
03:26:57 INFO  ProfileMatch              :             category: SocialMedia
03:26:57 INFO  ProfileMatch              :              version: 5.15.1  [OLD VERSION]
03:26:57 INFO  ProfileMatch              :         release-date: 29.01.2020
03:26:57 INFO  ProfileMatch              :     lib root package: "com.facebook.all"  (in app: "com.dexterous.flutterlocalnotifications")
03:26:57 INFO  ProfileMatch              : 
03:26:57 INFO  ProfileMatch              :                 name: Facebook
03:26:57 INFO  ProfileMatch              :             category: SocialMedia
03:26:57 INFO  ProfileMatch              :              version: 5.15.2  [OLD VERSION]
03:26:57 INFO  ProfileMatch              :         release-date: 03.02.2020
03:26:57 INFO  ProfileMatch              :     lib root package: "com.facebook.all"  (in app: "com.dexterous.flutterlocalnotifications")
03:26:57 INFO  ProfileMatch              : 
03:26:57 INFO  ProfileMatch              :                 name: Facebook
03:26:57 INFO  ProfileMatch              :             category: SocialMedia
03:26:57 INFO  ProfileMatch              :              version: 5.15.3  [OLD VERSION]
03:26:57 INFO  ProfileMatch              :         release-date: 03.02.2020
03:26:57 INFO  ProfileMatch              :     lib root package: "com.facebook.all"  (in app: "com.dexterous.flutterlocalnotifications")
03:26:57 INFO  ProfileMatch              : 
03:26:57 INFO  ProfileMatch              :                 name: Facebook
03:26:57 INFO  ProfileMatch              :             category: SocialMedia
03:26:57 INFO  ProfileMatch              :              version: 6.0.0  [OLD VERSION]
03:26:57 INFO  ProfileMatch              :         release-date: 03.02.2020
03:26:57 INFO  ProfileMatch              :     lib root package: "com.facebook.all"  (in app: "com.dexterous.flutterlocalnotifications")
03:26:57 INFO  ProfileMatch              : 
03:26:57 INFO  ProfileMatch              :                 name: Facebook
03:26:57 INFO  ProfileMatch              :             category: SocialMedia
03:26:57 INFO  ProfileMatch              :              version: 6.1.0  [OLD VERSION]
03:26:57 INFO  ProfileMatch              :         release-date: 14.02.2020
03:26:57 INFO  ProfileMatch              :     lib root package: "com.facebook.all"  (in app: "com.dexterous.flutterlocalnotifications")
03:26:57 INFO  ProfileMatch              : 
03:26:57 INFO  ProfileMatch              :                 name: Facebook
03:26:57 INFO  ProfileMatch              :             category: SocialMedia
03:26:57 INFO  ProfileMatch              :              version: 6.2.0  [OLD VERSION]
03:26:57 INFO  ProfileMatch              :         release-date: 09.03.2020
03:26:57 INFO  ProfileMatch              :     lib root package: "com.facebook.all"  (in app: "com.dexterous.flutterlocalnotifications")
03:26:57 INFO  ProfileMatch              : 
03:26:57 INFO  ProfileMatch              :                 name: Facebook
03:26:57 INFO  ProfileMatch              :             category: SocialMedia
03:26:57 INFO  ProfileMatch              :              version: 6.3.0  [OLD VERSION]
03:26:57 INFO  ProfileMatch              :         release-date: 25.03.2020
03:26:57 INFO  ProfileMatch              :     lib root package: "com.facebook.all"  (in app: "com.dexterous.flutterlocalnotifications")
03:26:57 INFO  ProfileMatch              : 
03:26:57 INFO  ProfileMatch              :                 name: Facebook
03:26:57 INFO  ProfileMatch              :             category: SocialMedia
03:26:57 INFO  ProfileMatch              :              version: 6.4.0  [OLD VERSION]
03:26:57 INFO  ProfileMatch              :         release-date: 15.04.2020
03:26:57 INFO  ProfileMatch              :     lib root package: "com.facebook.all"  (in app: "com.dexterous.flutterlocalnotifications")
03:26:57 INFO  ProfileMatch              : 
03:26:57 INFO  ProfileMatch              :                 name: Facebook
03:26:57 INFO  ProfileMatch              :             category: SocialMedia
03:26:57 INFO  ProfileMatch              :              version: 6.5.0  [OLD VERSION]
03:26:57 INFO  ProfileMatch              :         release-date: 20.04.2020
03:26:57 INFO  ProfileMatch              :     lib root package: "com.facebook.all"  (in app: "com.dexterous.flutterlocalnotifications")
03:26:57 INFO  ProfileMatch              : 
03:26:57 INFO  ProfileMatch              :                 name: Facebook
03:26:57 INFO  ProfileMatch              :             category: SocialMedia
03:26:57 INFO  ProfileMatch              :              version: 6.5.1  [OLD VERSION]
03:26:57 INFO  ProfileMatch              :         release-date: 23.04.2020
03:26:57 INFO  ProfileMatch              :     lib root package: "com.facebook.all"  (in app: "com.dexterous.flutterlocalnotifications")
03:26:57 INFO  ProfileMatch              : 
03:26:57 INFO  ProfileMatch              :                 name: Facebook
03:26:57 INFO  ProfileMatch              :             category: SocialMedia
03:26:57 INFO  ProfileMatch              :              version: 7.0.0  [OLD VERSION]
03:26:57 INFO  ProfileMatch              :         release-date: 05.05.2020
03:26:57 INFO  ProfileMatch              :     lib root package: "com.facebook.all"  (in app: "com.dexterous.flutterlocalnotifications")
03:26:57 INFO  ProfileMatch              : 
03:26:57 INFO  ProfileMatch              :                 name: Facebook
03:26:57 INFO  ProfileMatch              :             category: SocialMedia
03:26:57 INFO  ProfileMatch              :              version: 7.0.1  [OLD VERSION]
03:26:57 INFO  ProfileMatch              :         release-date: 09.06.2020
03:26:57 INFO  ProfileMatch              :     lib root package: "com.facebook.all"  (in app: "com.dexterous.flutterlocalnotifications")
03:26:57 INFO  ProfileMatch              : 
03:26:57 INFO  ProfileMatch              :                 name: Facebook
03:26:57 INFO  ProfileMatch              :             category: SocialMedia
03:26:57 INFO  ProfileMatch              :              version: 7.1.0  [OLD VERSION]
03:26:57 INFO  ProfileMatch              :         release-date: 23.06.2020
03:26:57 INFO  ProfileMatch              :     lib root package: "com.facebook.all"  (in app: "com.dexterous.flutterlocalnotifications")
03:26:57 INFO  ProfileMatch              : 
03:26:57 INFO  ProfileMatch              :                 name: Facebook
03:26:57 INFO  ProfileMatch              :             category: SocialMedia
03:26:57 INFO  ProfileMatch              :              version: 8.0.0  [OLD VERSION]
03:26:57 INFO  ProfileMatch              :         release-date: 28.09.2020
03:26:57 INFO  ProfileMatch              :     lib root package: "com.facebook.all"  (in app: "com.dexterous.flutterlocalnotifications")
03:26:57 INFO  ProfileMatch              : 
03:26:57 INFO  ProfileMatch              :                 name: Facebook
03:26:57 INFO  ProfileMatch              :             category: SocialMedia
03:26:57 INFO  ProfileMatch              :              version: 8.1.0  [OLD VERSION]
03:26:57 INFO  ProfileMatch              :         release-date: 14.10.2020
03:26:57 INFO  ProfileMatch              :     lib root package: "com.facebook.all"  (in app: "com.dexterous.flutterlocalnotifications")
03:26:57 INFO  ProfileMatch              : 
03:26:57 INFO  ProfileMatch              :                 name: Facebook
03:26:57 INFO  ProfileMatch              :             category: SocialMedia
03:26:57 INFO  ProfileMatch              :              version: 8.2.0  [OLD VERSION]
03:26:57 INFO  ProfileMatch              :         release-date: 18.12.2020
03:26:57 INFO  ProfileMatch              :     lib root package: "com.facebook.all"  (in app: "com.dexterous.flutterlocalnotifications")
03:26:57 INFO  ProfileMatch              : 
03:26:57 INFO  ProfileMatch              :                 name: Facebook
03:26:57 INFO  ProfileMatch              :             category: SocialMedia
03:26:57 INFO  ProfileMatch              :              version: 9.0.0  [OLD VERSION]
03:26:57 INFO  ProfileMatch              :         release-date: 19.01.2021
03:26:57 INFO  ProfileMatch              :     lib root package: "com.facebook.all"  (in app: "com.dexterous.flutterlocalnotifications")
03:26:57 INFO  ProfileMatch              : 
03:26:57 INFO  ProfileMatch              :                 name: Facebook
03:26:57 INFO  ProfileMatch              :             category: SocialMedia
03:26:57 INFO  ProfileMatch              :              version: 9.1.0  [OLD VERSION]
03:26:57 INFO  ProfileMatch              :         release-date: 15.03.2021
03:26:57 INFO  ProfileMatch              :     lib root package: "com.facebook.all"  (in app: "com.dexterous.flutterlocalnotifications")
03:26:57 INFO  ProfileMatch              : 
03:26:57 INFO  ProfileMatch              :                 name: Facebook
03:26:57 INFO  ProfileMatch              :             category: SocialMedia
03:26:57 INFO  ProfileMatch              :              version: 9.1.1  [OLD VERSION]
03:26:57 INFO  ProfileMatch              :         release-date: 12.04.2021
03:26:57 INFO  ProfileMatch              :     lib root package: "com.facebook.all"  (in app: "com.dexterous.flutterlocalnotifications")
03:26:57 INFO  ProfileMatch              : 
03:26:57 INFO  ProfileMatch              :                 name: Facebook
03:26:57 INFO  ProfileMatch              :             category: SocialMedia
03:26:57 INFO  ProfileMatch              :              version: 11.0.0  [OLD VERSION]
03:26:57 INFO  ProfileMatch              :         release-date: 08.06.2021
03:26:57 INFO  ProfileMatch              :     lib root package: "com.facebook.all"  (in app: "com.dexterous.flutterlocalnotifications")
03:26:57 INFO  ProfileMatch              : 
03:26:57 INFO  ProfileMatch              :                 name: Facebook
03:26:57 INFO  ProfileMatch              :             category: SocialMedia
03:26:57 INFO  ProfileMatch              :              version: 11.1.0  [OLD VERSION]
03:26:57 INFO  ProfileMatch              :         release-date: 06.07.2021
03:26:57 INFO  ProfileMatch              :     lib root package: "com.facebook.all"  (in app: "com.dexterous.flutterlocalnotifications")
03:26:57 INFO  ProfileMatch              : 
03:26:57 INFO  ProfileMatch              :                 name: Facebook
03:26:57 INFO  ProfileMatch              :             category: SocialMedia
03:26:57 INFO  ProfileMatch              :              version: 11.1.1  [OLD VERSION]
03:26:57 INFO  ProfileMatch              :         release-date: 19.07.2021
03:26:57 INFO  ProfileMatch              :     lib root package: "com.facebook.all"  (in app: "com.dexterous.flutterlocalnotifications")
03:26:57 INFO  ProfileMatch              : 
03:26:57 INFO  ProfileMatch              :                 name: Facebook
03:26:57 INFO  ProfileMatch              :             category: SocialMedia
03:26:57 INFO  ProfileMatch              :              version: 11.2.0  [OLD VERSION]
03:26:57 INFO  ProfileMatch              :         release-date: 03.08.2021
03:26:57 INFO  ProfileMatch              :     lib root package: "com.facebook.all"  (in app: "com.dexterous.flutterlocalnotifications")
03:26:57 INFO  ProfileMatch              : 
03:26:57 INFO  ProfileMatch              :                 name: Facebook
03:26:57 INFO  ProfileMatch              :             category: SocialMedia
03:26:57 INFO  ProfileMatch              :              version: 11.3.0  [OLD VERSION]
03:26:57 INFO  ProfileMatch              :         release-date: 07.09.2021
03:26:57 INFO  ProfileMatch              :     lib root package: "com.facebook.all"  (in app: "com.dexterous.flutterlocalnotifications")
03:26:57 INFO  ProfileMatch              : 
03:26:57 INFO  ProfileMatch              :                 name: Facebook
03:26:57 INFO  ProfileMatch              :             category: SocialMedia
03:26:57 INFO  ProfileMatch              :              version: 12.0.0  [OLD VERSION]
03:26:57 INFO  ProfileMatch              :         release-date: 05.10.2021
03:26:57 INFO  ProfileMatch              :     lib root package: "com.facebook.all"  (in app: "com.dexterous.flutterlocalnotifications")
03:26:57 INFO  ProfileMatch              : 
03:26:57 INFO  ProfileMatch              :                 name: Facebook
03:26:57 INFO  ProfileMatch              :             category: SocialMedia
03:26:57 INFO  ProfileMatch              :              version: 12.0.1  [OLD VERSION]
03:26:57 INFO  ProfileMatch              :         release-date: 13.10.2021
03:26:57 INFO  ProfileMatch              :     lib root package: "com.facebook.all"  (in app: "com.dexterous.flutterlocalnotifications")
03:26:57 INFO  ProfileMatch              : 
03:26:57 INFO  ProfileMatch              :                 name: Facebook
03:26:57 INFO  ProfileMatch              :             category: SocialMedia
03:26:57 INFO  ProfileMatch              :              version: 12.1.0  [OLD VERSION]
03:26:57 INFO  ProfileMatch              :         release-date: 01.11.2021
03:26:57 INFO  ProfileMatch              :     lib root package: "com.facebook.all"  (in app: "com.dexterous.flutterlocalnotifications")
03:26:57 INFO  ProfileMatch              : 
03:26:57 INFO  ProfileMatch              :                 name: Facebook
03:26:57 INFO  ProfileMatch              :             category: SocialMedia
03:26:57 INFO  ProfileMatch              :              version: 12.2.0  [OLD VERSION]
03:26:57 INFO  ProfileMatch              :         release-date: 06.12.2021
03:26:57 INFO  ProfileMatch              :     lib root package: "com.facebook.all"  (in app: "com.dexterous.flutterlocalnotifications")
03:26:57 INFO  ProfileMatch              : 
03:26:57 INFO  ProfileMatch              :                 name: Facebook
03:26:57 INFO  ProfileMatch              :             category: SocialMedia
03:26:57 INFO  ProfileMatch              :              version: 12.3.0  [OLD VERSION]
03:26:57 INFO  ProfileMatch              :         release-date: 10.01.2022
03:26:57 INFO  ProfileMatch              :     lib root package: "com.facebook.all"  (in app: "com.dexterous.flutterlocalnotifications")
03:26:57 INFO  ProfileMatch              : 
03:26:57 INFO  ProfileMatch              :                 name: Facebook
03:26:57 INFO  ProfileMatch              :             category: SocialMedia
03:26:57 INFO  ProfileMatch              :              version: 13.0.0  [OLD VERSION]
03:26:57 INFO  ProfileMatch              :         release-date: 23.02.2022
03:26:57 INFO  ProfileMatch              :     lib root package: "com.facebook.all"  (in app: "com.dexterous.flutterlocalnotifications")
03:26:57 INFO  ProfileMatch              : 
03:26:57 INFO  ProfileMatch              :                 name: Facebook
03:26:57 INFO  ProfileMatch              :             category: SocialMedia
03:26:57 INFO  ProfileMatch              :              version: 13.1.0  [OLD VERSION]
03:26:57 INFO  ProfileMatch              :         release-date: 21.03.2022
03:26:57 INFO  ProfileMatch              :     lib root package: "com.facebook.all"  (in app: "com.dexterous.flutterlocalnotifications")
03:26:57 INFO  ProfileMatch              : 
03:26:57 INFO  ProfileMatch              :                 name: Facebook
03:26:57 INFO  ProfileMatch              :             category: SocialMedia
03:26:57 INFO  ProfileMatch              :              version: 13.2.0  [OLD VERSION]
03:26:57 INFO  ProfileMatch              :         release-date: 22.04.2022
03:26:57 INFO  ProfileMatch              :     lib root package: "com.facebook.all"  (in app: "com.dexterous.flutterlocalnotifications")
03:26:57 INFO  ProfileMatch              : 
03:26:57 INFO  ProfileMatch              :                 name: Facebook
03:26:57 INFO  ProfileMatch              :             category: SocialMedia
03:26:57 INFO  ProfileMatch              :              version: 14.0.0
03:26:57 INFO  ProfileMatch              :         release-date: 14.06.2022
03:26:57 INFO  ProfileMatch              :     lib root package: "com.facebook.all"  (in app: "com.dexterous.flutterlocalnotifications")
03:26:57 INFO  ProfileMatch              : 
03:26:57 INFO  LibraryIdentifier         : 
03:26:57 INFO  LibraryIdentifier         : - Partial library matches:
03:26:57 INFO  LibraryIdentifier         :                 name: androidx.interpolator::interpolator
03:26:57 INFO  LibraryIdentifier         :             category: Android
03:26:57 INFO  LibraryIdentifier         :              version: 1.0.0
03:26:57 INFO  LibraryIdentifier         :         release-date:  --
03:26:57 INFO  LibraryIdentifier         :     lib root package: "androidx.interpolator.view.animation"
03:26:57 INFO  LibraryIdentifier         :         Partial matching results:
03:26:57 INFO  LibraryIdentifier         :              - config: Hashing.md5() | Flags: no-flag | Keep: PN | Prune: MSIG   score: 0.75
03:26:57 INFO  LibraryIdentifier         : 
03:26:57 INFO  LibraryIdentifier         : 
03:26:57 INFO  LibraryIdentifier         : App processing time: 14 sec, 994 ms
