15:57:55 INFO  LibraryIdentifier         : Process app: de.php_tech.piggybudget_25.apk
15:57:55 INFO  LibraryIdentifier         : = Manifest Parser =
15:57:55 INFO  LibraryIdentifier         :         Package name: de.php_tech.piggybudget
15:57:55 INFO  LibraryIdentifier         :         Version code: 25
15:57:55 INFO  LibraryIdentifier         :        minSdkVersion: 16
15:57:55 INFO  LibraryIdentifier         :     targetSdkVersion: 27
15:57:55 INFO  LibraryIdentifier         :         SharedUserId:  - none -
15:57:55 INFO  LibraryIdentifier         :     Library dependencies:  - none -
15:57:55 INFO  LibraryIdentifier         : 
15:57:55 INFO  LibraryIdentifier         : Found 402 unique libraries in 12405 library profiles
15:57:55 INFO  LibraryIdentifier         : Generated class hierarchy (in 566 ms)
15:57:56 INFO  WalaUtils                 : 
15:57:56 INFO  WalaUtils                 : = ClassHierarchy Stats =
15:57:56 INFO  WalaUtils                 :     # of classes: 3367
15:57:56 INFO  WalaUtils                 :     # thereof inner classes: 1565
15:57:56 INFO  WalaUtils                 :     # thereof public classes: 1954
15:57:56 INFO  WalaUtils                 :         Activity : 7
15:57:56 INFO  WalaUtils                 :         Application : 1
15:57:56 INFO  WalaUtils                 :         AsyncTask : 30
15:57:56 INFO  WalaUtils                 :         BroadcastReceiver : 5
15:57:56 INFO  WalaUtils                 :         ContentProvider : 2
15:57:56 INFO  WalaUtils                 :         Fragment : 11
15:57:56 INFO  WalaUtils                 :         Handler : 6
15:57:56 INFO  WalaUtils                 :         LayoutContainer : 75
15:57:56 INFO  WalaUtils                 :         Plain : 3192
15:57:56 INFO  WalaUtils                 :         Runnable : 0
15:57:56 INFO  WalaUtils                 :         Service : 3
15:57:56 INFO  WalaUtils                 :         Thread : 3
15:57:56 INFO  WalaUtils                 :         View : 32
15:57:56 INFO  WalaUtils                 :     # methods: 23640
15:57:56 INFO  WalaUtils                 :         # of publicly accessible methods: 16842
15:57:56 INFO  WalaUtils                 :         # of non-accessible methods: 6798
15:57:56 INFO  WalaUtils                 : 
15:57:56 INFO  Profile                   : = PackageTree =
15:57:56 INFO  PackageTree               : Root Package:  - none -
15:57:56 INFO  PackageTree               : └── Root
15:57:56 INFO  PackageTree               :     ├── com
15:57:56 INFO  PackageTree               :     │   ├── facebook
15:57:56 INFO  PackageTree               :     │   │   ├── react (61)
15:57:56 INFO  PackageTree               :     │   │   │   ├── uimanager (128)
15:57:56 INFO  PackageTree               :     │   │   │   │   ├── annotations (3)
15:57:56 INFO  PackageTree               :     │   │   │   │   ├── layoutanimation (17)
15:57:56 INFO  PackageTree               :     │   │   │   │   ├── events (17)
15:57:56 INFO  PackageTree               :     │   │   │   │   ├── common (5)
15:57:56 INFO  PackageTree               :     │   │   │   │   ├── util (3)
15:57:56 INFO  PackageTree               :     │   │   │   │   └── debug (1)
15:57:56 INFO  PackageTree               :     │   │   │   ├── animated (48)
15:57:56 INFO  PackageTree               :     │   │   │   ├── views
15:57:56 INFO  PackageTree               :     │   │   │   │   ├── textinput (26)
15:57:56 INFO  PackageTree               :     │   │   │   │   ├── modal (12)
15:57:56 INFO  PackageTree               :     │   │   │   │   ├── scroll (18)
15:57:56 INFO  PackageTree               :     │   │   │   │   ├── text (28)
15:57:56 INFO  PackageTree               :     │   │   │   │   │   └── frescosupport (3)
15:57:56 INFO  PackageTree               :     │   │   │   │   ├── art (13)
15:57:56 INFO  PackageTree               :     │   │   │   │   ├── toolbar (12)
15:57:56 INFO  PackageTree               :     │   │   │   │   │   └── events (1)
15:57:56 INFO  PackageTree               :     │   │   │   │   ├── webview (8)
15:57:56 INFO  PackageTree               :     │   │   │   │   │   └── events (4)
15:57:56 INFO  PackageTree               :     │   │   │   │   ├── picker (9)
15:57:56 INFO  PackageTree               :     │   │   │   │   │   └── events (1)
15:57:56 INFO  PackageTree               :     │   │   │   │   ├── view (10)
15:57:56 INFO  PackageTree               :     │   │   │   │   ├── viewpager (8)
15:57:56 INFO  PackageTree               :     │   │   │   │   ├── drawer (3)
15:57:56 INFO  PackageTree               :     │   │   │   │   │   └── events (4)
15:57:56 INFO  PackageTree               :     │   │   │   │   ├── swiperefresh (4)
15:57:56 INFO  PackageTree               :     │   │   │   │   ├── image (11)
15:57:56 INFO  PackageTree               :     │   │   │   │   ├── checkbox (4)
15:57:56 INFO  PackageTree               :     │   │   │   │   ├── imagehelper (4)
15:57:56 INFO  PackageTree               :     │   │   │   │   ├── slider (6)
15:57:56 INFO  PackageTree               :     │   │   │   │   ├── progressbar (3)
15:57:56 INFO  PackageTree               :     │   │   │   │   ├── switchview (5)
15:57:56 INFO  PackageTree               :     │   │   │   │   └── common (2)
15:57:56 INFO  PackageTree               :     │   │   │   ├── devsupport (126)
15:57:56 INFO  PackageTree               :     │   │   │   │   └── interfaces (6)
15:57:56 INFO  PackageTree               :     │   │   │   ├── bridge (135)
15:57:56 INFO  PackageTree               :     │   │   │   │   └── queue (15)
15:57:56 INFO  PackageTree               :     │   │   │   ├── modules
15:57:56 INFO  PackageTree               :     │   │   │   │   ├── statusbar (7)
15:57:56 INFO  PackageTree               :     │   │   │   │   ├── network (33)
15:57:56 INFO  PackageTree               :     │   │   │   │   ├── camera (10)
15:57:56 INFO  PackageTree               :     │   │   │   │   ├── i18nmanager (2)
15:57:56 INFO  PackageTree               :     │   │   │   │   ├── location (7)
15:57:56 INFO  PackageTree               :     │   │   │   │   ├── core (26)
15:57:56 INFO  PackageTree               :     │   │   │   │   ├── share (1)
15:57:56 INFO  PackageTree               :     │   │   │   │   ├── timepicker (6)
15:57:56 INFO  PackageTree               :     │   │   │   │   ├── blob (7)
15:57:56 INFO  PackageTree               :     │   │   │   │   ├── fresco (4)
15:57:56 INFO  PackageTree               :     │   │   │   │   ├── netinfo (2)
15:57:56 INFO  PackageTree               :     │   │   │   │   ├── accessibilityinfo (2)
15:57:56 INFO  PackageTree               :     │   │   │   │   ├── dialog (6)
15:57:56 INFO  PackageTree               :     │   │   │   │   ├── common (2)
15:57:56 INFO  PackageTree               :     │   │   │   │   ├── appstate (1)
15:57:56 INFO  PackageTree               :     │   │   │   │   ├── debug (6)
15:57:56 INFO  PackageTree               :     │   │   │   │   │   └── interfaces (1)
15:57:56 INFO  PackageTree               :     │   │   │   │   ├── systeminfo (3)
15:57:56 INFO  PackageTree               :     │   │   │   │   ├── permissions (3)
15:57:56 INFO  PackageTree               :     │   │   │   │   ├── deviceinfo (1)
15:57:56 INFO  PackageTree               :     │   │   │   │   ├── appregistry (1)
15:57:56 INFO  PackageTree               :     │   │   │   │   ├── image (4)
15:57:56 INFO  PackageTree               :     │   │   │   │   ├── fabric (1)
15:57:56 INFO  PackageTree               :     │   │   │   │   ├── datepicker (6)
15:57:56 INFO  PackageTree               :     │   │   │   │   ├── websocket (3)
15:57:56 INFO  PackageTree               :     │   │   │   │   ├── storage (12)
15:57:56 INFO  PackageTree               :     │   │   │   │   ├── toast (4)
15:57:56 INFO  PackageTree               :     │   │   │   │   ├── clipboard (1)
15:57:56 INFO  PackageTree               :     │   │   │   │   ├── vibration (1)
15:57:56 INFO  PackageTree               :     │   │   │   │   └── intent (1)
15:57:56 INFO  PackageTree               :     │   │   │   ├── shell (29)
15:57:56 INFO  PackageTree               :     │   │   │   ├── common (14)
15:57:56 INFO  PackageTree               :     │   │   │   │   ├── build (1)
15:57:56 INFO  PackageTree               :     │   │   │   │   ├── network (1)
15:57:56 INFO  PackageTree               :     │   │   │   │   ├── futures (1)
15:57:56 INFO  PackageTree               :     │   │   │   │   └── annotations (1)
15:57:56 INFO  PackageTree               :     │   │   │   ├── packagerconnection (16)
15:57:56 INFO  PackageTree               :     │   │   │   ├── config (1)
15:57:56 INFO  PackageTree               :     │   │   │   ├── fabric (2)
15:57:56 INFO  PackageTree               :     │   │   │   ├── touch (4)
15:57:56 INFO  PackageTree               :     │   │   │   ├── animation (14)
15:57:56 INFO  PackageTree               :     │   │   │   ├── module
15:57:56 INFO  PackageTree               :     │   │   │   │   ├── model (2)
15:57:56 INFO  PackageTree               :     │   │   │   │   └── annotations (2)
15:57:56 INFO  PackageTree               :     │   │   │   ├── jstasks (5)
15:57:56 INFO  PackageTree               :     │   │   │   ├── jscexecutor (2)
15:57:56 INFO  PackageTree               :     │   │   │   └── util (1)
15:57:56 INFO  PackageTree               :     │   │   ├── imagepipeline
15:57:56 INFO  PackageTree               :     │   │   │   ├── image (7)
15:57:56 INFO  PackageTree               :     │   │   │   ├── producers (109)
15:57:56 INFO  PackageTree               :     │   │   │   ├── cache (37)
15:57:56 INFO  PackageTree               :     │   │   │   ├── nativecode (7)
15:57:56 INFO  PackageTree               :     │   │   │   ├── memory (36)
15:57:56 INFO  PackageTree               :     │   │   │   ├── core (27)
15:57:56 INFO  PackageTree               :     │   │   │   ├── request (11)
15:57:56 INFO  PackageTree               :     │   │   │   ├── decoder (11)
15:57:56 INFO  PackageTree               :     │   │   │   ├── backends
15:57:56 INFO  PackageTree               :     │   │   │   │   └── okhttp3 (6)
15:57:56 INFO  PackageTree               :     │   │   │   ├── datasource (10)
15:57:56 INFO  PackageTree               :     │   │   │   ├── postprocessors (2)
15:57:56 INFO  PackageTree               :     │   │   │   ├── common (9)
15:57:56 INFO  PackageTree               :     │   │   │   ├── bitmaps (7)
15:57:56 INFO  PackageTree               :     │   │   │   ├── drawable (1)
15:57:56 INFO  PackageTree               :     │   │   │   ├── listener (4)
15:57:56 INFO  PackageTree               :     │   │   │   ├── systrace (6)
15:57:56 INFO  PackageTree               :     │   │   │   ├── platform (5)
15:57:56 INFO  PackageTree               :     │   │   │   └── animated
15:57:56 INFO  PackageTree               :     │   │   │       └── factory (2)
15:57:56 INFO  PackageTree               :     │   │   ├── soloader (44)
15:57:56 INFO  PackageTree               :     │   │   ├── drawee
15:57:56 INFO  PackageTree               :     │   │   │   ├── backends
15:57:56 INFO  PackageTree               :     │   │   │   │   └── pipeline (8)
15:57:56 INFO  PackageTree               :     │   │   │   │       └── info (11)
15:57:56 INFO  PackageTree               :     │   │   │   │           └── internal (3)
15:57:56 INFO  PackageTree               :     │   │   │   ├── controller (11)
15:57:56 INFO  PackageTree               :     │   │   │   ├── components (6)
15:57:56 INFO  PackageTree               :     │   │   │   ├── gestures (2)
15:57:56 INFO  PackageTree               :     │   │   │   ├── drawable (38)
15:57:56 INFO  PackageTree               :     │   │   │   ├── generic (7)
15:57:56 INFO  PackageTree               :     │   │   │   ├── view (10)
15:57:56 INFO  PackageTree               :     │   │   │   ├── interfaces (4)
15:57:56 INFO  PackageTree               :     │   │   │   └── debug (1)
15:57:56 INFO  PackageTree               :     │   │   │       └── listener (2)
15:57:56 INFO  PackageTree               :     │   │   ├── cache
15:57:56 INFO  PackageTree               :     │   │   │   ├── disk (30)
15:57:56 INFO  PackageTree               :     │   │   │   └── common (17)
15:57:56 INFO  PackageTree               :     │   │   ├── imageutils (6)
15:57:56 INFO  PackageTree               :     │   │   ├── common
15:57:56 INFO  PackageTree               :     │   │   │   ├── memory (13)
15:57:56 INFO  PackageTree               :     │   │   │   ├── internal (26)
15:57:56 INFO  PackageTree               :     │   │   │   ├── media (1)
15:57:56 INFO  PackageTree               :     │   │   │   ├── disk (3)
15:57:56 INFO  PackageTree               :     │   │   │   ├── logging (3)
15:57:56 INFO  PackageTree               :     │   │   │   ├── executors (10)
15:57:56 INFO  PackageTree               :     │   │   │   ├── file (7)
15:57:56 INFO  PackageTree               :     │   │   │   ├── references (6)
15:57:56 INFO  PackageTree               :     │   │   │   ├── activitylistener (5)
15:57:56 INFO  PackageTree               :     │   │   │   ├── time (6)
15:57:56 INFO  PackageTree               :     │   │   │   ├── util (9)
15:57:56 INFO  PackageTree               :     │   │   │   ├── lifecycle (1)
15:57:56 INFO  PackageTree               :     │   │   │   ├── statfs (2)
15:57:56 INFO  PackageTree               :     │   │   │   ├── webp (4)
15:57:56 INFO  PackageTree               :     │   │   │   └── streams (2)
15:57:56 INFO  PackageTree               :     │   │   ├── imageformat (6)
15:57:56 INFO  PackageTree               :     │   │   ├── yoga (25)
15:57:56 INFO  PackageTree               :     │   │   ├── infer
15:57:56 INFO  PackageTree               :     │   │   │   └── annotation (30)
15:57:56 INFO  PackageTree               :     │   │   ├── jni (19)
15:57:56 INFO  PackageTree               :     │   │   ├── datasource (23)
15:57:56 INFO  PackageTree               :     │   │   ├── systrace (7)
15:57:56 INFO  PackageTree               :     │   │   ├── proguard
15:57:56 INFO  PackageTree               :     │   │   │   └── annotations (2)
15:57:56 INFO  PackageTree               :     │   │   ├── widget
15:57:56 INFO  PackageTree               :     │   │   │   └── text
15:57:56 INFO  PackageTree               :     │   │   │       └── span (2)
15:57:56 INFO  PackageTree               :     │   │   ├── debug
15:57:56 INFO  PackageTree               :     │   │   │   ├── holder (3)
15:57:56 INFO  PackageTree               :     │   │   │   ├── tags (1)
15:57:56 INFO  PackageTree               :     │   │   │   └── debugoverlay
15:57:56 INFO  PackageTree               :     │   │   │       └── model (1)
15:57:56 INFO  PackageTree               :     │   │   ├── perftest (1)
15:57:56 INFO  PackageTree               :     │   │   ├── binaryresource (3)
15:57:56 INFO  PackageTree               :     │   │   └── drawable
15:57:56 INFO  PackageTree               :     │   │       └── base (1)
15:57:56 INFO  PackageTree               :     │   ├── horcrux
15:57:56 INFO  PackageTree               :     │   │   └── svg (82)
15:57:56 INFO  PackageTree               :     │   ├── swmansion
15:57:56 INFO  PackageTree               :     │   │   └── gesturehandler (29)
15:57:56 INFO  PackageTree               :     │   │       └── react (27)
15:57:56 INFO  PackageTree               :     │   └── oblador
15:57:56 INFO  PackageTree               :     │       └── vectoricons (2)
15:57:56 INFO  PackageTree               :     ├── android
15:57:56 INFO  PackageTree               :     │   ├── arch
15:57:56 INFO  PackageTree               :     │   │   ├── lifecycle (48)
15:57:56 INFO  PackageTree               :     │   │   └── core
15:57:56 INFO  PackageTree               :     │   │       ├── internal (8)
15:57:56 INFO  PackageTree               :     │   │       ├── executor (5)
15:57:56 INFO  PackageTree               :     │   │       └── util (1)
15:57:56 INFO  PackageTree               :     │   └── support
15:57:56 INFO  PackageTree               :     │       ├── v7
15:57:56 INFO  PackageTree               :     │       │   ├── widget (187)
15:57:56 INFO  PackageTree               :     │       │   ├── app (80)
15:57:56 INFO  PackageTree               :     │       │   ├── view (14)
15:57:56 INFO  PackageTree               :     │       │   │   └── menu (48)
15:57:56 INFO  PackageTree               :     │       │   ├── content
15:57:56 INFO  PackageTree               :     │       │   │   └── res (2)
15:57:56 INFO  PackageTree               :     │       │   ├── graphics
15:57:56 INFO  PackageTree               :     │       │   │   └── drawable (16)
15:57:56 INFO  PackageTree               :     │       │   └── text (1)
15:57:56 INFO  PackageTree               :     │       ├── annotation (54)
15:57:56 INFO  PackageTree               :     │       ├── v13
15:57:56 INFO  PackageTree               :     │       │   └── view (5)
15:57:56 INFO  PackageTree               :     │       │       └── inputmethod (9)
15:57:56 INFO  PackageTree               :     │       ├── v4
15:57:56 INFO  PackageTree               :     │       │   ├── os (26)
15:57:56 INFO  PackageTree               :     │       │   ├── widget (88)
15:57:56 INFO  PackageTree               :     │       │   ├── net (5)
15:57:56 INFO  PackageTree               :     │       │   ├── content (33)
15:57:56 INFO  PackageTree               :     │       │   │   ├── res (17)
15:57:56 INFO  PackageTree               :     │       │   │   └── pm (9)
15:57:56 INFO  PackageTree               :     │       │   ├── graphics (18)
15:57:56 INFO  PackageTree               :     │       │   │   └── drawable (15)
15:57:56 INFO  PackageTree               :     │       │   ├── text (19)
15:57:56 INFO  PackageTree               :     │       │   │   └── util (6)
15:57:56 INFO  PackageTree               :     │       │   ├── app (175)
15:57:56 INFO  PackageTree               :     │       │   ├── provider (33)
15:57:56 INFO  PackageTree               :     │       │   ├── view (92)
15:57:56 INFO  PackageTree               :     │       │   │   ├── accessibility (17)
15:57:56 INFO  PackageTree               :     │       │   │   └── animation (6)
15:57:56 INFO  PackageTree               :     │       │   ├── util (30)
15:57:56 INFO  PackageTree               :     │       │   ├── hardware
15:57:56 INFO  PackageTree               :     │       │   │   ├── fingerprint (5)
15:57:56 INFO  PackageTree               :     │       │   │   └── display (1)
15:57:56 INFO  PackageTree               :     │       │   ├── print (7)
15:57:56 INFO  PackageTree               :     │       │   ├── math (1)
15:57:56 INFO  PackageTree               :     │       │   ├── internal
15:57:56 INFO  PackageTree               :     │       │   │   └── view (3)
15:57:56 INFO  PackageTree               :     │       │   ├── database (2)
15:57:56 INFO  PackageTree               :     │       │   │   └── sqlite (1)
15:57:56 INFO  PackageTree               :     │       │   └── accessibilityservice (1)
15:57:56 INFO  PackageTree               :     │       ├── design
15:57:56 INFO  PackageTree               :     │       │   └── widget (12)
15:57:56 INFO  PackageTree               :     │       └── graphics
15:57:56 INFO  PackageTree               :     │           └── drawable (24)
15:57:56 INFO  PackageTree               :     ├── javax
15:57:56 INFO  PackageTree               :     │   ├── annotation (24)
15:57:56 INFO  PackageTree               :     │   │   ├── concurrent (4)
15:57:56 INFO  PackageTree               :     │   │   └── meta (7)
15:57:56 INFO  PackageTree               :     │   └── inject (6)
15:57:56 INFO  PackageTree               :     ├── okhttp3 (79)
15:57:56 INFO  PackageTree               :     │   └── internal (9)
15:57:56 INFO  PackageTree               :     │       ├── tls (6)
15:57:56 INFO  PackageTree               :     │       ├── http2 (39)
15:57:56 INFO  PackageTree               :     │       ├── http1 (7)
15:57:56 INFO  PackageTree               :     │       ├── connection (10)
15:57:56 INFO  PackageTree               :     │       ├── huc (10)
15:57:56 INFO  PackageTree               :     │       ├── cache (15)
15:57:56 INFO  PackageTree               :     │       ├── ws (13)
15:57:56 INFO  PackageTree               :     │       ├── io (2)
15:57:56 INFO  PackageTree               :     │       ├── platform (10)
15:57:56 INFO  PackageTree               :     │       ├── proxy (1)
15:57:56 INFO  PackageTree               :     │       ├── http (14)
15:57:56 INFO  PackageTree               :     │       ├── publicsuffix (1)
15:57:56 INFO  PackageTree               :     │       ├── cache2 (3)
15:57:56 INFO  PackageTree               :     │       └── annotations (1)
15:57:56 INFO  PackageTree               :     ├── bolts (34)
15:57:56 INFO  PackageTree               :     ├── okio (43)
15:57:56 INFO  PackageTree               :     ├── androidx
15:57:56 INFO  PackageTree               :     │   ├── versionedparcelable (15)
15:57:56 INFO  PackageTree               :     │   └── core
15:57:56 INFO  PackageTree               :     │       └── graphics
15:57:56 INFO  PackageTree               :     │           └── drawable (1)
15:57:56 INFO  PackageTree               :     └── de
15:57:56 INFO  PackageTree               :         └── php_tech
15:57:56 INFO  PackageTree               :             └── piggybudget (6)
15:57:56 INFO  Profile                   : 
15:57:56 INFO  AppProfile                : - generated app package tree (in 31 ms)
15:57:56 INFO  AppProfile                : 
15:57:56 DEBUG HashTree                  : Generate hash tree..
15:57:56 DEBUG HashTree                  :     - generated 212 package hashes.
15:57:56 DEBUG HashTree                  :     - generated 3222 clazz hashes.
15:57:56 DEBUG HashTree                  :     - generated 23640 method hashes.
15:57:56 DEBUG HashTree                  :     => Library Hash: 854edc4a60bcd7445f3d3c0422ed57a5
15:57:56 INFO  AppProfile                : - generated app hash trees (in 304 ms)
15:57:56 INFO  AppProfile                : 
15:57:56 INFO  LibraryIdentifier         : = Scan for library root packages (heuristic) =
15:57:56 INFO  LibraryIdentifier         :     - Found lib root package bolts  (Bolts)
15:57:56 INFO  LibraryIdentifier         :     - Found lib root package com.facebook  (Facebook)
15:57:56 INFO  LibraryIdentifier         :     - Found lib root package com.facebook  (Facebook-Core)
15:57:56 INFO  LibraryIdentifier         :     - Found lib root package com.facebook  (Facebook-Sharing)
15:57:56 INFO  LibraryIdentifier         :     - Found lib root package com.facebook.drawee.backends.pipeline  (Fresco)
15:57:56 INFO  LibraryIdentifier         :     - Found lib root package okhttp3  (OkHttp)
15:57:56 INFO  LibraryIdentifier         :     - Found lib root package android.arch.core.internal  (android.arch.core::common)
15:57:56 INFO  LibraryIdentifier         :     - Found lib root package android.arch.core  (android.arch.core::runtime)
15:57:56 INFO  LibraryIdentifier         :     - Found lib root package android.arch.lifecycle  (android.arch.lifecycle::common)
15:57:56 INFO  LibraryIdentifier         :     - Found lib root package android.arch.lifecycle  (android.arch.lifecycle::common-java8)
15:57:56 INFO  LibraryIdentifier         :     - Found lib root package android.arch.lifecycle  (android.arch.lifecycle::compiler)
15:57:56 INFO  LibraryIdentifier         :     - Found lib root package android.arch.lifecycle  (android.arch.lifecycle::extensions)
15:57:56 INFO  LibraryIdentifier         :     - Found lib root package android.arch.lifecycle  (android.arch.lifecycle::livedata)
15:57:56 INFO  LibraryIdentifier         :     - Found lib root package android.arch.lifecycle  (android.arch.lifecycle::livedata-core)
15:57:56 INFO  LibraryIdentifier         :     - Found lib root package android.arch.lifecycle  (android.arch.lifecycle::reactivestreams)
15:57:56 INFO  LibraryIdentifier         :     - Found lib root package android.arch.lifecycle  (android.arch.lifecycle::runtime)
15:57:56 INFO  LibraryIdentifier         :     - Found lib root package android.arch.lifecycle  (android.arch.lifecycle::viewmodel)
15:57:56 INFO  LibraryIdentifier         :     - Found lib root package androidx.core  (androidx.core::core)
15:57:56 INFO  LibraryIdentifier         :     - Found lib root package androidx  (androidx.core::core-ktx)
15:57:56 INFO  LibraryIdentifier         :     - Found lib root package androidx.versionedparcelable  (androidx.versionedparcelable::versionedparcelable)
15:57:56 INFO  LibraryIdentifier         :     - Found lib root package android.support.graphics.drawable  (com.android.support::animated-vector-drawable)
15:57:56 INFO  LibraryIdentifier         :     - Found lib root package android.support.v7  (com.android.support::appcompat-v7)
15:57:56 INFO  LibraryIdentifier         :     - Found lib root package android.support.v4.view  (com.android.support::asynclayoutinflater)
15:57:56 INFO  LibraryIdentifier         :     - Found lib root package android.support.v7.widget  (com.android.support::cardview-v7)
15:57:56 INFO  LibraryIdentifier         :     - Found lib root package android.support.v4.util  (com.android.support::collections)
15:57:56 INFO  LibraryIdentifier         :     - Found lib root package android.support.v4.widget  (com.android.support::cursoradapter)
15:57:56 INFO  LibraryIdentifier         :     - Found lib root package android.support.v4  (com.android.support::customview)
15:57:56 INFO  LibraryIdentifier         :     - Found lib root package android.support.design  (com.android.support::design)
15:57:56 INFO  LibraryIdentifier         :     - Found lib root package android.support.v4.provider  (com.android.support::documentfile)
15:57:56 INFO  LibraryIdentifier         :     - Found lib root package android.support.v4.widget  (com.android.support::drawerlayout)
15:57:56 INFO  LibraryIdentifier         :     - Found lib root package android.support.v7.widget  (com.android.support::gridlayout-v7)
15:57:56 INFO  LibraryIdentifier         :     - Found lib root package android.support.v4.view.animation  (com.android.support::interpolator)
15:57:56 INFO  LibraryIdentifier         :     - Found lib root package android.support.v4  (com.android.support::loader)
15:57:56 INFO  LibraryIdentifier         :     - Found lib root package android.support.v4.content  (com.android.support::localbroadcastmanager)
15:57:56 INFO  LibraryIdentifier         :     - Found lib root package android.support.v7  (com.android.support::mediarouter-v7)
15:57:56 INFO  LibraryIdentifier         :     - Found lib root package android.support.v7.graphics  (com.android.support::palette-v7)
15:57:56 INFO  LibraryIdentifier         :     - Found lib root package android.support.v7  (com.android.support::preference-v7)
15:57:56 INFO  LibraryIdentifier         :     - Found lib root package android.support.v4.print  (com.android.support::print)
15:57:56 INFO  LibraryIdentifier         :     - Found lib root package android.support.v7.widget  (com.android.support::recyclerview-v7)
15:57:56 INFO  LibraryIdentifier         :     - Found lib root package android.support.v4.widget  (com.android.support::slidingpanelayout)
15:57:56 INFO  LibraryIdentifier         :     - Found lib root package android.support.annotation  (com.android.support::support-annotations)
15:57:56 INFO  LibraryIdentifier         :     - Found lib root package android.support.v4  (com.android.support::support-compat)
15:57:56 INFO  LibraryIdentifier         :     - Found lib root package android.support.v4  (com.android.support::support-core-ui)
15:57:56 INFO  LibraryIdentifier         :     - Found lib root package android.support.v4  (com.android.support::support-core-utils)
15:57:56 INFO  LibraryIdentifier         :     - Found lib root package android.support.v4.app  (com.android.support::support-fragment)
15:57:56 INFO  LibraryIdentifier         :     - Found lib root package android.support.v13  (com.android.support::support-v13)
15:57:56 INFO  LibraryIdentifier         :     - Found lib root package android.support.v4  (com.android.support::support-v4)
15:57:56 INFO  LibraryIdentifier         :     - Found lib root package android.support.graphics.drawable  (com.android.support::support-vector-drawable)
15:57:56 INFO  LibraryIdentifier         :     - Found lib root package android.support.v4.widget  (com.android.support::swiperefreshlayout)
15:57:56 INFO  LibraryIdentifier         :     - Found lib root package androidx.versionedparcelable  (com.android.support::versionedparcelable)
15:57:56 INFO  LibraryIdentifier         :     - Found lib root package android.support.v4.view  (com.android.support::viewpager)
15:57:56 INFO  LibraryIdentifier         :     - Found lib root package okio  (okio)
15:57:56 INFO  LibraryIdentifier         : 
15:57:56 INFO  LibraryIdentifier         : = Match profiles =
15:58:43 INFO  LibraryIdentifier         :     >> profile matching done (46 sec, 993 ms)
15:58:43 INFO  LibraryIdentifier         : 
15:58:43 INFO  LibraryIdentifier         : == Report ==
15:58:43 INFO  LibraryIdentifier         : - Full library matches:
15:58:43 INFO  ProfileMatch              :                 name: androidx.appcompat::appcompat
15:58:43 INFO  ProfileMatch              :             category: Android
15:58:43 INFO  ProfileMatch              :              version: 1.0.0  [OLD VERSION]
15:58:43 INFO  ProfileMatch              :         release-date:  --
15:58:43 INFO  ProfileMatch              :     lib root package: "androidx.appcompat"  (in app: "android.support.v7")
15:58:43 INFO  ProfileMatch              : 
15:58:43 INFO  ProfileMatch              :                 name: androidx.appcompat::appcompat
15:58:43 INFO  ProfileMatch              :             category: Android
15:58:43 INFO  ProfileMatch              :              version: 1.0.1  [OLD VERSION]
15:58:43 INFO  ProfileMatch              :         release-date:  --
15:58:43 INFO  ProfileMatch              :     lib root package: "androidx.appcompat"  (in app: "android.support.v7")
15:58:43 INFO  ProfileMatch              : 
15:58:43 INFO  ProfileMatch              :                 name: androidx.appcompat::appcompat
15:58:43 INFO  ProfileMatch              :             category: Android
15:58:43 INFO  ProfileMatch              :              version: 1.0.2  [OLD VERSION]
15:58:43 INFO  ProfileMatch              :         release-date:  --
15:58:43 INFO  ProfileMatch              :     lib root package: "androidx.appcompat"  (in app: "android.support.v7")
15:58:43 INFO  ProfileMatch              : 
15:58:43 INFO  ProfileMatch              :                 name: okio
15:58:43 INFO  ProfileMatch              :             category: Utilities
15:58:43 INFO  ProfileMatch              :              version: 1.15.0  [OLD VERSION]
15:58:43 INFO  ProfileMatch              :         release-date: 19.07.2018
15:58:43 INFO  ProfileMatch              :     lib root package: "okio"
15:58:43 INFO  ProfileMatch              : 
15:58:43 INFO  ProfileMatch              :                 name: com.android.support::loader
15:58:43 INFO  ProfileMatch              :             category: Android
15:58:43 INFO  ProfileMatch              :              version: 28.0.0
15:58:43 INFO  ProfileMatch              :         release-date:  --
15:58:43 INFO  ProfileMatch              :     lib root package: "android.support.v4"
15:58:43 INFO  ProfileMatch              : 
15:58:43 INFO  ProfileMatch              :                 name: OkHttp
15:58:43 INFO  ProfileMatch              :             category: Utilities
15:58:43 INFO  ProfileMatch              :              version: 3.12.0  [OLD VERSION]
15:58:43 INFO  ProfileMatch              :         release-date: 17.11.2018
15:58:43 INFO  ProfileMatch              :     lib root package: "okhttp3"
15:58:43 INFO  ProfileMatch              : 
15:58:43 INFO  ProfileMatch              :                 name: OkHttp
15:58:43 INFO  ProfileMatch              :             category: Utilities
15:58:43 INFO  ProfileMatch              :              version: 3.12.1  [OLD VERSION]
15:58:43 INFO  ProfileMatch              :         release-date: 23.12.2018
15:58:43 INFO  ProfileMatch              :     lib root package: "okhttp3"
15:58:43 INFO  ProfileMatch              : 
15:58:43 INFO  ProfileMatch              :                 name: OkHttp
15:58:43 INFO  ProfileMatch              :             category: Utilities
15:58:43 INFO  ProfileMatch              :              version: 3.12.2  [OLD VERSION]
15:58:43 INFO  ProfileMatch              :         release-date: 14.03.2019
15:58:43 INFO  ProfileMatch              :     lib root package: "okhttp3"
15:58:43 INFO  ProfileMatch              : 
15:58:43 INFO  ProfileMatch              :                 name: OkHttp
15:58:43 INFO  ProfileMatch              :             category: Utilities
15:58:43 INFO  ProfileMatch              :              version: 3.12.3  [OLD VERSION]
15:58:43 INFO  ProfileMatch              :         release-date: 07.05.2019
15:58:43 INFO  ProfileMatch              :     lib root package: "okhttp3"
15:58:43 INFO  ProfileMatch              : 
15:58:43 INFO  ProfileMatch              :                 name: androidx.annotation::annotation
15:58:43 INFO  ProfileMatch              :             category: Android
15:58:43 INFO  ProfileMatch              :              version: 1.0.0  [OLD VERSION]
15:58:43 INFO  ProfileMatch              :         release-date:  --
15:58:43 INFO  ProfileMatch              :     lib root package: "androidx.annotation"  (in app: "android.support.annotation")
15:58:43 INFO  ProfileMatch              : 
15:58:43 INFO  ProfileMatch              :                 name: com.android.support::coordinatorlayout
15:58:43 INFO  ProfileMatch              :             category: Android
15:58:43 INFO  ProfileMatch              :              version: 28.0.0
15:58:43 INFO  ProfileMatch              :         release-date:  --
15:58:43 INFO  ProfileMatch              :     lib root package: "android.support"
15:58:43 INFO  ProfileMatch              : 
15:58:43 INFO  ProfileMatch              :                 name: com.android.support::localbroadcastmanager
15:58:43 INFO  ProfileMatch              :             category: Android
15:58:43 INFO  ProfileMatch              :              version: 28.0.0
15:58:43 INFO  ProfileMatch              :         release-date:  --
15:58:43 INFO  ProfileMatch              :     lib root package: "android.support.v4.content"
15:58:43 INFO  ProfileMatch              : 
15:58:43 INFO  ProfileMatch              :                 name: com.android.support::versionedparcelable
15:58:43 INFO  ProfileMatch              :             category: Android
15:58:43 INFO  ProfileMatch              :              version: 28.0.0
15:58:43 INFO  ProfileMatch              :         release-date:  --
15:58:43 INFO  ProfileMatch              :     lib root package: "androidx.versionedparcelable"
15:58:43 INFO  ProfileMatch              : 
15:58:43 INFO  ProfileMatch              :                 name: com.android.support::appcompat-v7
15:58:43 INFO  ProfileMatch              :             category: Android
15:58:43 INFO  ProfileMatch              :              version: 28.0.0
15:58:43 INFO  ProfileMatch              :         release-date:  --
15:58:43 INFO  ProfileMatch              :     lib root package: "android.support.v7"
15:58:43 INFO  ProfileMatch              : 
15:58:43 INFO  ProfileMatch              :                 name: com.android.support::customview
15:58:43 INFO  ProfileMatch              :             category: Android
15:58:43 INFO  ProfileMatch              :              version: 28.0.0
15:58:43 INFO  ProfileMatch              :         release-date:  --
15:58:43 INFO  ProfileMatch              :     lib root package: "android.support.v4"
15:58:43 INFO  ProfileMatch              : 
15:58:43 INFO  ProfileMatch              :                 name: androidx.print::print
15:58:43 INFO  ProfileMatch              :             category: Android
15:58:43 INFO  ProfileMatch              :              version: 1.0.0
15:58:43 INFO  ProfileMatch              :         release-date:  --
15:58:43 INFO  ProfileMatch              :     lib root package: "androidx.print"  (in app: "android.support.v4.print")
15:58:43 INFO  ProfileMatch              : 
15:58:43 INFO  ProfileMatch              :                 name: Fresco
15:58:43 INFO  ProfileMatch              :             category: Android
15:58:43 INFO  ProfileMatch              :              version: 1.10.0  [OLD VERSION]
15:58:43 INFO  ProfileMatch              :         release-date: 16.07.2018
15:58:43 INFO  ProfileMatch              :     lib root package: "com.facebook.drawee.backends.pipeline"
15:58:43 INFO  ProfileMatch              : 
15:58:43 INFO  ProfileMatch              :                 name: com.android.support::support-core-utils
15:58:43 INFO  ProfileMatch              :             category: Android
15:58:43 INFO  ProfileMatch              :              version: 28.0.0
15:58:43 INFO  ProfileMatch              :         release-date:  --
15:58:43 INFO  ProfileMatch              :     lib root package: "android.support.v4.content"
15:58:43 INFO  ProfileMatch              : 
15:58:43 INFO  ProfileMatch              :                 name: com.android.support::support-annotations
15:58:43 INFO  ProfileMatch              :             category: Android
15:58:43 INFO  ProfileMatch              :              version: 28.0.0
15:58:43 INFO  ProfileMatch              :         release-date:  --
15:58:43 INFO  ProfileMatch              :     lib root package: "android.support.annotation"
15:58:43 INFO  ProfileMatch              : 
15:58:43 INFO  ProfileMatch              :                 name: com.android.support::print
15:58:43 INFO  ProfileMatch              :             category: Android
15:58:43 INFO  ProfileMatch              :              version: 28.0.0
15:58:43 INFO  ProfileMatch              :         release-date:  --
15:58:43 INFO  ProfileMatch              :     lib root package: "android.support.v4.print"
15:58:43 INFO  ProfileMatch              : 
15:58:43 INFO  ProfileMatch              :                 name: com.google.firebase::firebase-ml-vision-image-label-model
15:58:43 INFO  ProfileMatch              :             category: Android
15:58:43 INFO  ProfileMatch              :              version: 20.0.0  [OLD VERSION]
15:58:43 INFO  ProfileMatch              :         release-date:  --
15:58:43 INFO  ProfileMatch              :     lib root package: "com.google.firebase.ml.vision.imagelabel"  (in app: "com.facebook")
15:58:43 INFO  ProfileMatch              : 
15:58:43 INFO  ProfileMatch              :                 name: com.google.firebase::firebase-ml-vision-image-label-model
15:58:43 INFO  ProfileMatch              :             category: Android
15:58:43 INFO  ProfileMatch              :              version: 20.0.1  [OLD VERSION]
15:58:43 INFO  ProfileMatch              :         release-date:  --
15:58:43 INFO  ProfileMatch              :     lib root package: "com.google.firebase.ml.vision.imagelabel"  (in app: "com.facebook")
15:58:43 INFO  ProfileMatch              : 
15:58:43 INFO  ProfileMatch              :                 name: com.google.firebase::firebase-ml-vision-image-label-model
15:58:43 INFO  ProfileMatch              :             category: Android
15:58:43 INFO  ProfileMatch              :              version: 20.0.2
15:58:43 INFO  ProfileMatch              :         release-date:  --
15:58:43 INFO  ProfileMatch              :     lib root package: "com.google.firebase.ml.vision.imagelabel"  (in app: "com.facebook")
15:58:43 INFO  ProfileMatch              : 
15:58:44 INFO  ProfileMatch              :                 name: com.android.support::support-compat
15:58:44 INFO  ProfileMatch              :             category: Android
15:58:44 INFO  ProfileMatch              :              version: 28.0.0
15:58:44 INFO  ProfileMatch              :         release-date:  --
15:58:44 INFO  ProfileMatch              :     lib root package: "android.support"
15:58:44 INFO  ProfileMatch              : 
15:58:44 INFO  ProfileMatch              :                 name: com.android.support::multidex-instrumentation
15:58:44 INFO  ProfileMatch              :             category: Android
15:58:44 INFO  ProfileMatch              :              version: 1.0.0  [OLD VERSION]
15:58:44 INFO  ProfileMatch              :         release-date:  --
15:58:44 INFO  ProfileMatch              :     lib root package: "com.android.test.runner"  (in app: "com.facebook.react.devsupport")
15:58:44 INFO  ProfileMatch              : 
15:58:44 INFO  ProfileMatch              :                 name: com.android.support::multidex-instrumentation
15:58:44 INFO  ProfileMatch              :             category: Android
15:58:44 INFO  ProfileMatch              :              version: 1.0.1  [OLD VERSION]
15:58:44 INFO  ProfileMatch              :         release-date:  --
15:58:44 INFO  ProfileMatch              :     lib root package: "com.android.test.runner"  (in app: "com.facebook.react.devsupport")
15:58:44 INFO  ProfileMatch              : 
15:58:44 INFO  ProfileMatch              :                 name: com.android.support::multidex-instrumentation
15:58:44 INFO  ProfileMatch              :             category: Android
15:58:44 INFO  ProfileMatch              :              version: 1.0.2  [OLD VERSION]
15:58:44 INFO  ProfileMatch              :         release-date:  --
15:58:44 INFO  ProfileMatch              :     lib root package: "com.android.test.runner"  (in app: "com.facebook.react.devsupport")
15:58:44 INFO  ProfileMatch              : 
15:58:44 INFO  ProfileMatch              :                 name: com.android.support::multidex-instrumentation
15:58:44 INFO  ProfileMatch              :             category: Android
15:58:44 INFO  ProfileMatch              :              version: 1.0.3
15:58:44 INFO  ProfileMatch              :         release-date:  --
15:58:44 INFO  ProfileMatch              :     lib root package: "com.android.test.runner"  (in app: "com.facebook.react.devsupport")
15:58:44 INFO  ProfileMatch              : 
15:58:44 INFO  ProfileMatch              :                 name: android.arch.core::common
15:58:44 INFO  ProfileMatch              :             category: Android
15:58:44 INFO  ProfileMatch              :              version: 1.0.0  [OLD VERSION]
15:58:44 INFO  ProfileMatch              :         release-date:  --
15:58:44 INFO  ProfileMatch              :     lib root package: "android.arch.core.internal"
15:58:44 INFO  ProfileMatch              : 
15:58:44 INFO  ProfileMatch              :                 name: android.arch.core::common
15:58:44 INFO  ProfileMatch              :             category: Android
15:58:44 INFO  ProfileMatch              :              version: 1.1.0  [OLD VERSION]
15:58:44 INFO  ProfileMatch              :         release-date:  --
15:58:44 INFO  ProfileMatch              :     lib root package: "android.arch.core.internal"
15:58:44 INFO  ProfileMatch              : 
15:58:44 INFO  ProfileMatch              :                 name: android.arch.core::common
15:58:44 INFO  ProfileMatch              :             category: Android
15:58:44 INFO  ProfileMatch              :              version: 1.1.1
15:58:44 INFO  ProfileMatch              :         release-date:  --
15:58:44 INFO  ProfileMatch              :     lib root package: "android.arch.core"
15:58:44 INFO  ProfileMatch              : 
15:58:44 INFO  ProfileMatch              :                 name: com.android.support::asynclayoutinflater
15:58:44 INFO  ProfileMatch              :             category: Android
15:58:44 INFO  ProfileMatch              :              version: 28.0.0
15:58:44 INFO  ProfileMatch              :         release-date:  --
15:58:44 INFO  ProfileMatch              :     lib root package: "android.support.v4.view"
15:58:44 INFO  ProfileMatch              : 
15:58:44 INFO  ProfileMatch              :                 name: androidx.versionedparcelable::versionedparcelable  [OLD VERSION]
15:58:44 INFO  ProfileMatch              :             category: Android
15:58:44 INFO  ProfileMatch              :              version: 1.0.0  [OLD VERSION]
15:58:44 INFO  ProfileMatch              :         release-date:  --
15:58:44 INFO  ProfileMatch              :     lib root package: "androidx.versionedparcelable"
15:58:44 INFO  ProfileMatch              : 
15:58:44 INFO  ProfileMatch              :                 name: android.arch.core::runtime
15:58:44 INFO  ProfileMatch              :             category: Android
15:58:44 INFO  ProfileMatch              :              version: 1.0.0  [OLD VERSION]
15:58:44 INFO  ProfileMatch              :         release-date:  --
15:58:44 INFO  ProfileMatch              :     lib root package: "android.arch.core"
15:58:44 INFO  ProfileMatch              : 
15:58:44 INFO  ProfileMatch              :                 name: android.arch.core::runtime
15:58:44 INFO  ProfileMatch              :             category: Android
15:58:44 INFO  ProfileMatch              :              version: 1.1.0  [OLD VERSION]
15:58:44 INFO  ProfileMatch              :         release-date:  --
15:58:44 INFO  ProfileMatch              :     lib root package: "android.arch.core"
15:58:44 INFO  ProfileMatch              : 
15:58:44 INFO  ProfileMatch              :                 name: android.arch.core::runtime
15:58:44 INFO  ProfileMatch              :             category: Android
15:58:44 INFO  ProfileMatch              :              version: 1.1.1
15:58:44 INFO  ProfileMatch              :         release-date:  --
15:58:44 INFO  ProfileMatch              :     lib root package: "android.arch.core.executor"
15:58:44 INFO  ProfileMatch              : 
15:58:44 INFO  ProfileMatch              :                 name: androidx.multidex::multidex-instrumentation
15:58:44 INFO  ProfileMatch              :             category: Android
15:58:44 INFO  ProfileMatch              :              version: 2.0.0
15:58:44 INFO  ProfileMatch              :         release-date:  --
15:58:44 INFO  ProfileMatch              :     lib root package: "com.android.test.runner"  (in app: "com.facebook.react.devsupport")
15:58:44 INFO  ProfileMatch              : 
15:58:44 INFO  ProfileMatch              :                 name: com.android.support::support-core-ui
15:58:44 INFO  ProfileMatch              :             category: Android
15:58:44 INFO  ProfileMatch              :              version: 28.0.0
15:58:44 INFO  ProfileMatch              :         release-date:  --
15:58:44 INFO  ProfileMatch              :     lib root package: "android.support.v4"
15:58:44 INFO  ProfileMatch              : 
15:58:44 INFO  ProfileMatch              :                 name: Facebook
15:58:44 INFO  ProfileMatch              :             category: SocialMedia
15:58:44 INFO  ProfileMatch              :              version: 4.27.0  [OLD VERSION]
15:58:44 INFO  ProfileMatch              :         release-date: 26.09.2017
15:58:44 INFO  ProfileMatch              :     lib root package: "com.facebook.all"  (in app: "com.facebook")
15:58:44 INFO  ProfileMatch              : 
15:58:44 INFO  ProfileMatch              :                 name: Facebook
15:58:44 INFO  ProfileMatch              :             category: SocialMedia
15:58:44 INFO  ProfileMatch              :              version: 4.28.0  [OLD VERSION]
15:58:44 INFO  ProfileMatch              :         release-date: 07.11.2017
15:58:44 INFO  ProfileMatch              :     lib root package: "com.facebook.all"  (in app: "com.facebook")
15:58:44 INFO  ProfileMatch              : 
15:58:44 INFO  ProfileMatch              :                 name: Facebook
15:58:44 INFO  ProfileMatch              :             category: SocialMedia
15:58:44 INFO  ProfileMatch              :              version: 4.29.0  [OLD VERSION]
15:58:44 INFO  ProfileMatch              :         release-date: 05.12.2017
15:58:44 INFO  ProfileMatch              :     lib root package: "com.facebook.all"  (in app: "com.facebook")
15:58:44 INFO  ProfileMatch              : 
15:58:44 INFO  ProfileMatch              :                 name: Facebook
15:58:44 INFO  ProfileMatch              :             category: SocialMedia
15:58:44 INFO  ProfileMatch              :              version: 4.30.0  [OLD VERSION]
15:58:44 INFO  ProfileMatch              :         release-date: 24.01.2018
15:58:44 INFO  ProfileMatch              :     lib root package: "com.facebook.all"  (in app: "com.facebook")
15:58:44 INFO  ProfileMatch              : 
15:58:44 INFO  ProfileMatch              :                 name: Facebook
15:58:44 INFO  ProfileMatch              :             category: SocialMedia
15:58:44 INFO  ProfileMatch              :              version: 4.31.0  [OLD VERSION]
15:58:44 INFO  ProfileMatch              :         release-date: 28.02.2018
15:58:44 INFO  ProfileMatch              :     lib root package: "com.facebook.all"  (in app: "com.facebook")
15:58:44 INFO  ProfileMatch              : 
15:58:44 INFO  ProfileMatch              :                 name: Facebook
15:58:44 INFO  ProfileMatch              :             category: SocialMedia
15:58:44 INFO  ProfileMatch              :              version: 4.32.0  [OLD VERSION]
15:58:44 INFO  ProfileMatch              :         release-date: 11.04.2018
15:58:44 INFO  ProfileMatch              :     lib root package: "com.facebook.all"  (in app: "com.facebook")
15:58:44 INFO  ProfileMatch              : 
15:58:44 INFO  ProfileMatch              :                 name: Facebook
15:58:44 INFO  ProfileMatch              :             category: SocialMedia
15:58:44 INFO  ProfileMatch              :              version: 4.33.0  [OLD VERSION]
15:58:44 INFO  ProfileMatch              :         release-date: 01.05.2018
15:58:44 INFO  ProfileMatch              :     lib root package: "com.facebook.all"  (in app: "com.facebook")
15:58:44 INFO  ProfileMatch              : 
15:58:44 INFO  ProfileMatch              :                 name: Facebook
15:58:44 INFO  ProfileMatch              :             category: SocialMedia
15:58:44 INFO  ProfileMatch              :              version: 4.34.0  [OLD VERSION]
15:58:44 INFO  ProfileMatch              :         release-date: 19.06.2018
15:58:44 INFO  ProfileMatch              :     lib root package: "com.facebook.all"  (in app: "com.facebook")
15:58:44 INFO  ProfileMatch              : 
15:58:44 INFO  ProfileMatch              :                 name: Facebook
15:58:44 INFO  ProfileMatch              :             category: SocialMedia
15:58:44 INFO  ProfileMatch              :              version: 4.35.0  [OLD VERSION]
15:58:44 INFO  ProfileMatch              :         release-date: 26.07.2018
15:58:44 INFO  ProfileMatch              :     lib root package: "com.facebook.all"  (in app: "com.facebook")
15:58:44 INFO  ProfileMatch              : 
15:58:44 INFO  ProfileMatch              :                 name: Facebook
15:58:44 INFO  ProfileMatch              :             category: SocialMedia
15:58:44 INFO  ProfileMatch              :              version: 4.36.0  [OLD VERSION]
15:58:44 INFO  ProfileMatch              :         release-date: 29.08.2018
15:58:44 INFO  ProfileMatch              :     lib root package: "com.facebook.all"  (in app: "com.facebook")
15:58:44 INFO  ProfileMatch              : 
15:58:44 INFO  ProfileMatch              :                 name: Facebook
15:58:44 INFO  ProfileMatch              :             category: SocialMedia
15:58:44 INFO  ProfileMatch              :              version: 4.36.1  [OLD VERSION]
15:58:44 INFO  ProfileMatch              :         release-date: 15.09.2018
15:58:44 INFO  ProfileMatch              :     lib root package: "com.facebook.all"  (in app: "com.facebook")
15:58:44 INFO  ProfileMatch              : 
15:58:44 INFO  ProfileMatch              :                 name: Facebook
15:58:44 INFO  ProfileMatch              :             category: SocialMedia
15:58:44 INFO  ProfileMatch              :              version: 4.37.0  [OLD VERSION]
15:58:44 INFO  ProfileMatch              :         release-date: 27.09.2018
15:58:44 INFO  ProfileMatch              :     lib root package: "com.facebook.all"  (in app: "com.facebook")
15:58:44 INFO  ProfileMatch              : 
15:58:44 INFO  ProfileMatch              :                 name: Facebook
15:58:44 INFO  ProfileMatch              :             category: SocialMedia
15:58:44 INFO  ProfileMatch              :              version: 4.38.0  [OLD VERSION]
15:58:44 INFO  ProfileMatch              :         release-date: 23.10.2018
15:58:44 INFO  ProfileMatch              :     lib root package: "com.facebook.all"  (in app: "com.facebook")
15:58:44 INFO  ProfileMatch              : 
15:58:44 INFO  ProfileMatch              :                 name: Facebook
15:58:44 INFO  ProfileMatch              :             category: SocialMedia
15:58:44 INFO  ProfileMatch              :              version: 4.38.1  [OLD VERSION]
15:58:44 INFO  ProfileMatch              :         release-date: 31.10.2018
15:58:44 INFO  ProfileMatch              :     lib root package: "com.facebook.all"  (in app: "com.facebook")
15:58:44 INFO  ProfileMatch              : 
15:58:44 INFO  ProfileMatch              :                 name: Facebook
15:58:44 INFO  ProfileMatch              :             category: SocialMedia
15:58:44 INFO  ProfileMatch              :              version: 4.39.0  [OLD VERSION]
15:58:44 INFO  ProfileMatch              :         release-date: 05.12.2018
15:58:44 INFO  ProfileMatch              :     lib root package: "com.facebook.all"  (in app: "com.facebook")
15:58:44 INFO  ProfileMatch              : 
15:58:44 INFO  ProfileMatch              :                 name: Facebook
15:58:44 INFO  ProfileMatch              :             category: SocialMedia
15:58:44 INFO  ProfileMatch              :              version: 4.40.0  [OLD VERSION]
15:58:44 INFO  ProfileMatch              :         release-date: 22.01.2019
15:58:44 INFO  ProfileMatch              :     lib root package: "com.facebook.all"  (in app: "com.facebook")
15:58:44 INFO  ProfileMatch              : 
15:58:44 INFO  ProfileMatch              :                 name: Facebook
15:58:44 INFO  ProfileMatch              :             category: SocialMedia
15:58:44 INFO  ProfileMatch              :              version: 4.41.0  [OLD VERSION]
15:58:44 INFO  ProfileMatch              :         release-date: 08.03.2019
15:58:44 INFO  ProfileMatch              :     lib root package: "com.facebook.all"  (in app: "com.facebook")
15:58:44 INFO  ProfileMatch              : 
15:58:44 INFO  ProfileMatch              :                 name: Facebook
15:58:44 INFO  ProfileMatch              :             category: SocialMedia
15:58:44 INFO  ProfileMatch              :              version: 4.42.0  [OLD VERSION]
15:58:44 INFO  ProfileMatch              :         release-date: 08.04.2019
15:58:44 INFO  ProfileMatch              :     lib root package: "com.facebook.all"  (in app: "com.facebook")
15:58:44 INFO  ProfileMatch              : 
15:58:44 INFO  ProfileMatch              :                 name: Facebook
15:58:44 INFO  ProfileMatch              :             category: SocialMedia
15:58:44 INFO  ProfileMatch              :              version: 5.0.0  [OLD VERSION]
15:58:44 INFO  ProfileMatch              :         release-date: 30.04.2019
15:58:44 INFO  ProfileMatch              :     lib root package: "com.facebook.all"  (in app: "com.facebook")
15:58:44 INFO  ProfileMatch              : 
15:58:44 INFO  ProfileMatch              :                 name: Facebook
15:58:44 INFO  ProfileMatch              :             category: SocialMedia
15:58:44 INFO  ProfileMatch              :              version: 5.0.1  [OLD VERSION]
15:58:44 INFO  ProfileMatch              :         release-date: 17.05.2019
15:58:44 INFO  ProfileMatch              :     lib root package: "com.facebook.all"  (in app: "com.facebook")
15:58:44 INFO  ProfileMatch              : 
15:58:44 INFO  ProfileMatch              :                 name: Facebook
15:58:44 INFO  ProfileMatch              :             category: SocialMedia
15:58:44 INFO  ProfileMatch              :              version: 5.0.2  [OLD VERSION]
15:58:44 INFO  ProfileMatch              :         release-date: 09.06.2019
15:58:44 INFO  ProfileMatch              :     lib root package: "com.facebook.all"  (in app: "com.facebook")
15:58:44 INFO  ProfileMatch              : 
15:58:44 INFO  ProfileMatch              :                 name: Facebook
15:58:44 INFO  ProfileMatch              :             category: SocialMedia
15:58:44 INFO  ProfileMatch              :              version: 5.0.3  [OLD VERSION]
15:58:44 INFO  ProfileMatch              :         release-date: 14.06.2019
15:58:44 INFO  ProfileMatch              :     lib root package: "com.facebook.all"  (in app: "com.facebook")
15:58:44 INFO  ProfileMatch              : 
15:58:44 INFO  ProfileMatch              :                 name: Facebook
15:58:44 INFO  ProfileMatch              :             category: SocialMedia
15:58:44 INFO  ProfileMatch              :              version: 5.1.0  [OLD VERSION]
15:58:44 INFO  ProfileMatch              :         release-date: 21.06.2019
15:58:44 INFO  ProfileMatch              :     lib root package: "com.facebook.all"  (in app: "com.facebook")
15:58:44 INFO  ProfileMatch              : 
15:58:44 INFO  ProfileMatch              :                 name: Facebook
15:58:44 INFO  ProfileMatch              :             category: SocialMedia
15:58:44 INFO  ProfileMatch              :              version: 5.1.1  [OLD VERSION]
15:58:44 INFO  ProfileMatch              :         release-date: 02.07.2019
15:58:44 INFO  ProfileMatch              :     lib root package: "com.facebook.all"  (in app: "com.facebook")
15:58:44 INFO  ProfileMatch              : 
15:58:44 INFO  ProfileMatch              :                 name: Facebook
15:58:44 INFO  ProfileMatch              :             category: SocialMedia
15:58:44 INFO  ProfileMatch              :              version: 5.2.0  [OLD VERSION]
15:58:44 INFO  ProfileMatch              :         release-date: 29.07.2019
15:58:44 INFO  ProfileMatch              :     lib root package: "com.facebook.all"  (in app: "com.facebook")
15:58:44 INFO  ProfileMatch              : 
15:58:44 INFO  ProfileMatch              :                 name: Facebook
15:58:44 INFO  ProfileMatch              :             category: SocialMedia
15:58:44 INFO  ProfileMatch              :              version: 5.4.0  [OLD VERSION]
15:58:44 INFO  ProfileMatch              :         release-date: 16.08.2019
15:58:44 INFO  ProfileMatch              :     lib root package: "com.facebook.all"  (in app: "com.facebook")
15:58:44 INFO  ProfileMatch              : 
15:58:44 INFO  ProfileMatch              :                 name: Facebook
15:58:44 INFO  ProfileMatch              :             category: SocialMedia
15:58:44 INFO  ProfileMatch              :              version: 5.5.0  [OLD VERSION]
15:58:44 INFO  ProfileMatch              :         release-date: 31.08.2019
15:58:44 INFO  ProfileMatch              :     lib root package: "com.facebook.all"  (in app: "com.facebook")
15:58:44 INFO  ProfileMatch              : 
15:58:44 INFO  ProfileMatch              :                 name: Facebook
15:58:44 INFO  ProfileMatch              :             category: SocialMedia
15:58:44 INFO  ProfileMatch              :              version: 5.5.1  [OLD VERSION]
15:58:44 INFO  ProfileMatch              :         release-date: 06.09.2019
15:58:44 INFO  ProfileMatch              :     lib root package: "com.facebook.all"  (in app: "com.facebook")
15:58:44 INFO  ProfileMatch              : 
15:58:44 INFO  ProfileMatch              :                 name: Facebook
15:58:44 INFO  ProfileMatch              :             category: SocialMedia
15:58:44 INFO  ProfileMatch              :              version: 5.5.2  [OLD VERSION]
15:58:44 INFO  ProfileMatch              :         release-date: 05.10.2019
15:58:44 INFO  ProfileMatch              :     lib root package: "com.facebook.all"  (in app: "com.facebook")
15:58:44 INFO  ProfileMatch              : 
15:58:44 INFO  ProfileMatch              :                 name: Facebook
15:58:44 INFO  ProfileMatch              :             category: SocialMedia
15:58:44 INFO  ProfileMatch              :              version: 5.8.0  [OLD VERSION]
15:58:44 INFO  ProfileMatch              :         release-date: 08.10.2019
15:58:44 INFO  ProfileMatch              :     lib root package: "com.facebook.all"  (in app: "com.facebook")
15:58:44 INFO  ProfileMatch              : 
15:58:44 INFO  ProfileMatch              :                 name: Facebook
15:58:44 INFO  ProfileMatch              :             category: SocialMedia
15:58:44 INFO  ProfileMatch              :              version: 5.9.0  [OLD VERSION]
15:58:44 INFO  ProfileMatch              :         release-date: 29.10.2019
15:58:44 INFO  ProfileMatch              :     lib root package: "com.facebook.all"  (in app: "com.facebook")
15:58:44 INFO  ProfileMatch              : 
15:58:44 INFO  ProfileMatch              :                 name: Facebook
15:58:44 INFO  ProfileMatch              :             category: SocialMedia
15:58:44 INFO  ProfileMatch              :              version: 5.11.0  [OLD VERSION]
15:58:44 INFO  ProfileMatch              :         release-date: 15.11.2019
15:58:44 INFO  ProfileMatch              :     lib root package: "com.facebook.all"  (in app: "com.facebook")
15:58:44 INFO  ProfileMatch              : 
15:58:44 INFO  ProfileMatch              :                 name: Facebook
15:58:44 INFO  ProfileMatch              :             category: SocialMedia
15:58:44 INFO  ProfileMatch              :              version: 5.11.1  [OLD VERSION]
15:58:44 INFO  ProfileMatch              :         release-date: 21.11.2019
15:58:44 INFO  ProfileMatch              :     lib root package: "com.facebook.all"  (in app: "com.facebook")
15:58:44 INFO  ProfileMatch              : 
15:58:44 INFO  ProfileMatch              :                 name: Facebook
15:58:44 INFO  ProfileMatch              :             category: SocialMedia
15:58:44 INFO  ProfileMatch              :              version: 5.11.2  [OLD VERSION]
15:58:44 INFO  ProfileMatch              :         release-date: 22.11.2019
15:58:44 INFO  ProfileMatch              :     lib root package: "com.facebook.all"  (in app: "com.facebook")
15:58:44 INFO  ProfileMatch              : 
15:58:44 INFO  ProfileMatch              :                 name: Facebook
15:58:44 INFO  ProfileMatch              :             category: SocialMedia
15:58:44 INFO  ProfileMatch              :              version: 5.12.0  [OLD VERSION]
15:58:44 INFO  ProfileMatch              :         release-date: 04.12.2019
15:58:44 INFO  ProfileMatch              :     lib root package: "com.facebook.all"  (in app: "com.facebook")
15:58:44 INFO  ProfileMatch              : 
15:58:44 INFO  ProfileMatch              :                 name: Facebook
15:58:44 INFO  ProfileMatch              :             category: SocialMedia
15:58:44 INFO  ProfileMatch              :              version: 5.12.1  [OLD VERSION]
15:58:44 INFO  ProfileMatch              :         release-date: 09.12.2019
15:58:44 INFO  ProfileMatch              :     lib root package: "com.facebook.all"  (in app: "com.facebook")
15:58:44 INFO  ProfileMatch              : 
15:58:44 INFO  ProfileMatch              :                 name: Facebook
15:58:44 INFO  ProfileMatch              :             category: SocialMedia
15:58:44 INFO  ProfileMatch              :              version: 5.13.0  [OLD VERSION]
15:58:44 INFO  ProfileMatch              :         release-date: 12.12.2019
15:58:44 INFO  ProfileMatch              :     lib root package: "com.facebook.all"  (in app: "com.facebook")
15:58:44 INFO  ProfileMatch              : 
15:58:44 INFO  ProfileMatch              :                 name: Facebook
15:58:44 INFO  ProfileMatch              :             category: SocialMedia
15:58:44 INFO  ProfileMatch              :              version: 5.15.0  [OLD VERSION]
15:58:44 INFO  ProfileMatch              :         release-date: 21.01.2020
15:58:44 INFO  ProfileMatch              :     lib root package: "com.facebook.all"  (in app: "com.facebook")
15:58:44 INFO  ProfileMatch              : 
15:58:44 INFO  ProfileMatch              :                 name: Facebook
15:58:44 INFO  ProfileMatch              :             category: SocialMedia
15:58:44 INFO  ProfileMatch              :              version: 5.15.1  [OLD VERSION]
15:58:44 INFO  ProfileMatch              :         release-date: 29.01.2020
15:58:44 INFO  ProfileMatch              :     lib root package: "com.facebook.all"  (in app: "com.facebook")
15:58:44 INFO  ProfileMatch              : 
15:58:44 INFO  ProfileMatch              :                 name: Facebook
15:58:44 INFO  ProfileMatch              :             category: SocialMedia
15:58:44 INFO  ProfileMatch              :              version: 5.15.2  [OLD VERSION]
15:58:44 INFO  ProfileMatch              :         release-date: 03.02.2020
15:58:44 INFO  ProfileMatch              :     lib root package: "com.facebook.all"  (in app: "com.facebook")
15:58:44 INFO  ProfileMatch              : 
15:58:44 INFO  ProfileMatch              :                 name: Facebook
15:58:44 INFO  ProfileMatch              :             category: SocialMedia
15:58:44 INFO  ProfileMatch              :              version: 5.15.3  [OLD VERSION]
15:58:44 INFO  ProfileMatch              :         release-date: 03.02.2020
15:58:44 INFO  ProfileMatch              :     lib root package: "com.facebook.all"  (in app: "com.facebook")
15:58:44 INFO  ProfileMatch              : 
15:58:44 INFO  ProfileMatch              :                 name: Facebook
15:58:44 INFO  ProfileMatch              :             category: SocialMedia
15:58:44 INFO  ProfileMatch              :              version: 6.0.0  [OLD VERSION]
15:58:44 INFO  ProfileMatch              :         release-date: 03.02.2020
15:58:44 INFO  ProfileMatch              :     lib root package: "com.facebook.all"  (in app: "com.facebook")
15:58:44 INFO  ProfileMatch              : 
15:58:44 INFO  ProfileMatch              :                 name: Facebook
15:58:44 INFO  ProfileMatch              :             category: SocialMedia
15:58:44 INFO  ProfileMatch              :              version: 6.1.0  [OLD VERSION]
15:58:44 INFO  ProfileMatch              :         release-date: 14.02.2020
15:58:44 INFO  ProfileMatch              :     lib root package: "com.facebook.all"  (in app: "com.facebook")
15:58:44 INFO  ProfileMatch              : 
15:58:44 INFO  ProfileMatch              :                 name: Facebook
15:58:44 INFO  ProfileMatch              :             category: SocialMedia
15:58:44 INFO  ProfileMatch              :              version: 6.2.0  [OLD VERSION]
15:58:44 INFO  ProfileMatch              :         release-date: 09.03.2020
15:58:44 INFO  ProfileMatch              :     lib root package: "com.facebook.all"  (in app: "com.facebook")
15:58:44 INFO  ProfileMatch              : 
15:58:44 INFO  ProfileMatch              :                 name: Facebook
15:58:44 INFO  ProfileMatch              :             category: SocialMedia
15:58:44 INFO  ProfileMatch              :              version: 6.3.0  [OLD VERSION]
15:58:44 INFO  ProfileMatch              :         release-date: 25.03.2020
15:58:44 INFO  ProfileMatch              :     lib root package: "com.facebook.all"  (in app: "com.facebook")
15:58:44 INFO  ProfileMatch              : 
15:58:44 INFO  ProfileMatch              :                 name: Facebook
15:58:44 INFO  ProfileMatch              :             category: SocialMedia
15:58:44 INFO  ProfileMatch              :              version: 6.4.0  [OLD VERSION]
15:58:44 INFO  ProfileMatch              :         release-date: 15.04.2020
15:58:44 INFO  ProfileMatch              :     lib root package: "com.facebook.all"  (in app: "com.facebook")
15:58:44 INFO  ProfileMatch              : 
15:58:44 INFO  ProfileMatch              :                 name: Facebook
15:58:44 INFO  ProfileMatch              :             category: SocialMedia
15:58:44 INFO  ProfileMatch              :              version: 6.5.0  [OLD VERSION]
15:58:44 INFO  ProfileMatch              :         release-date: 20.04.2020
15:58:44 INFO  ProfileMatch              :     lib root package: "com.facebook.all"  (in app: "com.facebook")
15:58:44 INFO  ProfileMatch              : 
15:58:44 INFO  ProfileMatch              :                 name: Facebook
15:58:44 INFO  ProfileMatch              :             category: SocialMedia
15:58:44 INFO  ProfileMatch              :              version: 6.5.1  [OLD VERSION]
15:58:44 INFO  ProfileMatch              :         release-date: 23.04.2020
15:58:44 INFO  ProfileMatch              :     lib root package: "com.facebook.all"  (in app: "com.facebook")
15:58:44 INFO  ProfileMatch              : 
15:58:44 INFO  ProfileMatch              :                 name: Facebook
15:58:44 INFO  ProfileMatch              :             category: SocialMedia
15:58:44 INFO  ProfileMatch              :              version: 7.0.0  [OLD VERSION]
15:58:44 INFO  ProfileMatch              :         release-date: 05.05.2020
15:58:44 INFO  ProfileMatch              :     lib root package: "com.facebook.all"  (in app: "com.facebook")
15:58:44 INFO  ProfileMatch              : 
15:58:44 INFO  ProfileMatch              :                 name: Facebook
15:58:44 INFO  ProfileMatch              :             category: SocialMedia
15:58:44 INFO  ProfileMatch              :              version: 7.0.1  [OLD VERSION]
15:58:44 INFO  ProfileMatch              :         release-date: 09.06.2020
15:58:44 INFO  ProfileMatch              :     lib root package: "com.facebook.all"  (in app: "com.facebook")
15:58:44 INFO  ProfileMatch              : 
15:58:44 INFO  ProfileMatch              :                 name: Facebook
15:58:44 INFO  ProfileMatch              :             category: SocialMedia
15:58:44 INFO  ProfileMatch              :              version: 7.1.0  [OLD VERSION]
15:58:44 INFO  ProfileMatch              :         release-date: 23.06.2020
15:58:44 INFO  ProfileMatch              :     lib root package: "com.facebook.all"  (in app: "com.facebook")
15:58:44 INFO  ProfileMatch              : 
15:58:44 INFO  ProfileMatch              :                 name: Facebook
15:58:44 INFO  ProfileMatch              :             category: SocialMedia
15:58:44 INFO  ProfileMatch              :              version: 8.0.0  [OLD VERSION]
15:58:44 INFO  ProfileMatch              :         release-date: 28.09.2020
15:58:44 INFO  ProfileMatch              :     lib root package: "com.facebook.all"  (in app: "com.facebook")
15:58:44 INFO  ProfileMatch              : 
15:58:44 INFO  ProfileMatch              :                 name: Facebook
15:58:44 INFO  ProfileMatch              :             category: SocialMedia
15:58:44 INFO  ProfileMatch              :              version: 8.1.0  [OLD VERSION]
15:58:44 INFO  ProfileMatch              :         release-date: 14.10.2020
15:58:44 INFO  ProfileMatch              :     lib root package: "com.facebook.all"  (in app: "com.facebook")
15:58:44 INFO  ProfileMatch              : 
15:58:44 INFO  ProfileMatch              :                 name: Facebook
15:58:44 INFO  ProfileMatch              :             category: SocialMedia
15:58:44 INFO  ProfileMatch              :              version: 8.2.0  [OLD VERSION]
15:58:44 INFO  ProfileMatch              :         release-date: 18.12.2020
15:58:44 INFO  ProfileMatch              :     lib root package: "com.facebook.all"  (in app: "com.facebook")
15:58:44 INFO  ProfileMatch              : 
15:58:44 INFO  ProfileMatch              :                 name: Facebook
15:58:44 INFO  ProfileMatch              :             category: SocialMedia
15:58:44 INFO  ProfileMatch              :              version: 9.0.0  [OLD VERSION]
15:58:44 INFO  ProfileMatch              :         release-date: 19.01.2021
15:58:44 INFO  ProfileMatch              :     lib root package: "com.facebook.all"  (in app: "com.facebook")
15:58:44 INFO  ProfileMatch              : 
15:58:44 INFO  ProfileMatch              :                 name: Facebook
15:58:44 INFO  ProfileMatch              :             category: SocialMedia
15:58:44 INFO  ProfileMatch              :              version: 9.1.0  [OLD VERSION]
15:58:44 INFO  ProfileMatch              :         release-date: 15.03.2021
15:58:44 INFO  ProfileMatch              :     lib root package: "com.facebook.all"  (in app: "com.facebook")
15:58:44 INFO  ProfileMatch              : 
15:58:44 INFO  ProfileMatch              :                 name: Facebook
15:58:44 INFO  ProfileMatch              :             category: SocialMedia
15:58:44 INFO  ProfileMatch              :              version: 9.1.1  [OLD VERSION]
15:58:44 INFO  ProfileMatch              :         release-date: 12.04.2021
15:58:44 INFO  ProfileMatch              :     lib root package: "com.facebook.all"  (in app: "com.facebook")
15:58:44 INFO  ProfileMatch              : 
15:58:44 INFO  ProfileMatch              :                 name: Facebook
15:58:44 INFO  ProfileMatch              :             category: SocialMedia
15:58:44 INFO  ProfileMatch              :              version: 11.0.0  [OLD VERSION]
15:58:44 INFO  ProfileMatch              :         release-date: 08.06.2021
15:58:44 INFO  ProfileMatch              :     lib root package: "com.facebook.all"  (in app: "com.facebook")
15:58:44 INFO  ProfileMatch              : 
15:58:44 INFO  ProfileMatch              :                 name: Facebook
15:58:44 INFO  ProfileMatch              :             category: SocialMedia
15:58:44 INFO  ProfileMatch              :              version: 11.1.0  [OLD VERSION]
15:58:44 INFO  ProfileMatch              :         release-date: 06.07.2021
15:58:44 INFO  ProfileMatch              :     lib root package: "com.facebook.all"  (in app: "com.facebook")
15:58:44 INFO  ProfileMatch              : 
15:58:44 INFO  ProfileMatch              :                 name: Facebook
15:58:44 INFO  ProfileMatch              :             category: SocialMedia
15:58:44 INFO  ProfileMatch              :              version: 11.1.1  [OLD VERSION]
15:58:44 INFO  ProfileMatch              :         release-date: 19.07.2021
15:58:44 INFO  ProfileMatch              :     lib root package: "com.facebook.all"  (in app: "com.facebook")
15:58:44 INFO  ProfileMatch              : 
15:58:44 INFO  ProfileMatch              :                 name: Facebook
15:58:44 INFO  ProfileMatch              :             category: SocialMedia
15:58:44 INFO  ProfileMatch              :              version: 11.2.0  [OLD VERSION]
15:58:44 INFO  ProfileMatch              :         release-date: 03.08.2021
15:58:44 INFO  ProfileMatch              :     lib root package: "com.facebook.all"  (in app: "com.facebook")
15:58:44 INFO  ProfileMatch              : 
15:58:44 INFO  ProfileMatch              :                 name: Facebook
15:58:44 INFO  ProfileMatch              :             category: SocialMedia
15:58:44 INFO  ProfileMatch              :              version: 11.3.0  [OLD VERSION]
15:58:44 INFO  ProfileMatch              :         release-date: 07.09.2021
15:58:44 INFO  ProfileMatch              :     lib root package: "com.facebook.all"  (in app: "com.facebook")
15:58:44 INFO  ProfileMatch              : 
15:58:44 INFO  ProfileMatch              :                 name: Facebook
15:58:44 INFO  ProfileMatch              :             category: SocialMedia
15:58:44 INFO  ProfileMatch              :              version: 12.0.0  [OLD VERSION]
15:58:44 INFO  ProfileMatch              :         release-date: 05.10.2021
15:58:44 INFO  ProfileMatch              :     lib root package: "com.facebook.all"  (in app: "com.facebook")
15:58:44 INFO  ProfileMatch              : 
15:58:44 INFO  ProfileMatch              :                 name: Facebook
15:58:44 INFO  ProfileMatch              :             category: SocialMedia
15:58:44 INFO  ProfileMatch              :              version: 12.0.1  [OLD VERSION]
15:58:44 INFO  ProfileMatch              :         release-date: 13.10.2021
15:58:44 INFO  ProfileMatch              :     lib root package: "com.facebook.all"  (in app: "com.facebook")
15:58:44 INFO  ProfileMatch              : 
15:58:44 INFO  ProfileMatch              :                 name: Facebook
15:58:44 INFO  ProfileMatch              :             category: SocialMedia
15:58:44 INFO  ProfileMatch              :              version: 12.1.0  [OLD VERSION]
15:58:44 INFO  ProfileMatch              :         release-date: 01.11.2021
15:58:44 INFO  ProfileMatch              :     lib root package: "com.facebook.all"  (in app: "com.facebook")
15:58:44 INFO  ProfileMatch              : 
15:58:44 INFO  ProfileMatch              :                 name: Facebook
15:58:44 INFO  ProfileMatch              :             category: SocialMedia
15:58:44 INFO  ProfileMatch              :              version: 12.2.0  [OLD VERSION]
15:58:44 INFO  ProfileMatch              :         release-date: 06.12.2021
15:58:44 INFO  ProfileMatch              :     lib root package: "com.facebook.all"  (in app: "com.facebook")
15:58:44 INFO  ProfileMatch              : 
15:58:44 INFO  ProfileMatch              :                 name: Facebook
15:58:44 INFO  ProfileMatch              :             category: SocialMedia
15:58:44 INFO  ProfileMatch              :              version: 12.3.0  [OLD VERSION]
15:58:44 INFO  ProfileMatch              :         release-date: 10.01.2022
15:58:44 INFO  ProfileMatch              :     lib root package: "com.facebook.all"  (in app: "com.facebook")
15:58:44 INFO  ProfileMatch              : 
15:58:44 INFO  ProfileMatch              :                 name: Facebook
15:58:44 INFO  ProfileMatch              :             category: SocialMedia
15:58:44 INFO  ProfileMatch              :              version: 13.0.0  [OLD VERSION]
15:58:44 INFO  ProfileMatch              :         release-date: 23.02.2022
15:58:44 INFO  ProfileMatch              :     lib root package: "com.facebook.all"  (in app: "com.facebook")
15:58:44 INFO  ProfileMatch              : 
15:58:44 INFO  ProfileMatch              :                 name: Facebook
15:58:44 INFO  ProfileMatch              :             category: SocialMedia
15:58:44 INFO  ProfileMatch              :              version: 13.1.0  [OLD VERSION]
15:58:44 INFO  ProfileMatch              :         release-date: 21.03.2022
15:58:44 INFO  ProfileMatch              :     lib root package: "com.facebook.all"  (in app: "com.facebook")
15:58:44 INFO  ProfileMatch              : 
15:58:44 INFO  ProfileMatch              :                 name: Facebook
15:58:44 INFO  ProfileMatch              :             category: SocialMedia
15:58:44 INFO  ProfileMatch              :              version: 13.2.0  [OLD VERSION]
15:58:44 INFO  ProfileMatch              :         release-date: 22.04.2022
15:58:44 INFO  ProfileMatch              :     lib root package: "com.facebook.all"  (in app: "com.facebook")
15:58:44 INFO  ProfileMatch              : 
15:58:44 INFO  ProfileMatch              :                 name: Facebook
15:58:44 INFO  ProfileMatch              :             category: SocialMedia
15:58:44 INFO  ProfileMatch              :              version: 14.0.0
15:58:44 INFO  ProfileMatch              :         release-date: 14.06.2022
15:58:44 INFO  ProfileMatch              :     lib root package: "com.facebook.all"  (in app: "com.facebook")
15:58:44 INFO  ProfileMatch              : 
15:58:44 INFO  ProfileMatch              :                 name: com.android.support::viewpager
15:58:44 INFO  ProfileMatch              :             category: Android
15:58:44 INFO  ProfileMatch              :              version: 28.0.0
15:58:44 INFO  ProfileMatch              :         release-date:  --
15:58:44 INFO  ProfileMatch              :     lib root package: "android.support.v4.view"
15:58:44 INFO  ProfileMatch              : 
15:58:44 INFO  LibraryIdentifier         : 
15:58:44 INFO  LibraryIdentifier         : - Partial library matches:
15:58:44 INFO  LibraryIdentifier         :                 name: androidx.arch.core::core-common
15:58:44 INFO  LibraryIdentifier         :             category: Android
15:58:44 INFO  LibraryIdentifier         :              version: 2.1.0
15:58:44 INFO  LibraryIdentifier         :         release-date:  --
15:58:44 INFO  LibraryIdentifier         :     lib root package: "androidx.arch.core"
15:58:44 INFO  LibraryIdentifier         :         Partial matching results:
15:58:44 INFO  LibraryIdentifier         :              - config: Hashing.md5() | Flags: no-flag | Keep: PN | Prune: MSIG   score: 0.875
15:58:44 INFO  LibraryIdentifier         : 
15:58:44 INFO  LibraryIdentifier         :                 name: androidx.interpolator::interpolator
15:58:44 INFO  LibraryIdentifier         :             category: Android
15:58:44 INFO  LibraryIdentifier         :              version: 1.0.0
15:58:44 INFO  LibraryIdentifier         :         release-date:  --
15:58:44 INFO  LibraryIdentifier         :     lib root package: "androidx.interpolator.view.animation"
15:58:44 INFO  LibraryIdentifier         :         Partial matching results:
15:58:44 INFO  LibraryIdentifier         :              - config: Hashing.md5() | Flags: no-flag | Keep: PN | Prune: MSIG   score: 0.75
15:58:44 INFO  LibraryIdentifier         : 
15:58:44 INFO  LibraryIdentifier         :                 name: com.android.tools::annotations
15:58:44 INFO  LibraryIdentifier         :             category: Android
15:58:44 INFO  LibraryIdentifier         :              version: 30.2.1
15:58:44 INFO  LibraryIdentifier         :         release-date:  --
15:58:44 INFO  LibraryIdentifier         :     lib root package: "com.android.annotations"
15:58:44 INFO  LibraryIdentifier         :         Partial matching results:
15:58:44 INFO  LibraryIdentifier         :              - config: Hashing.md5() | Flags: no-flag | Keep: PN | Prune: MSIG   score: 0.75
15:58:44 INFO  LibraryIdentifier         : 
15:58:44 INFO  LibraryIdentifier         : 
15:58:44 INFO  LibraryIdentifier         : App processing time: 49 sec, 146 ms
