23:29:41 INFO  LibraryIdentifier         : Process app: de.varengold.activeTAN_34 copy.apk
23:29:41 INFO  LibraryIdentifier         : = Manifest Parser =
23:29:41 INFO  LibraryIdentifier         :         Package name: de.varengold.activeTAN
23:29:41 INFO  LibraryIdentifier         :         Version code: 34
23:29:41 INFO  LibraryIdentifier         :        minSdkVersion: 23
23:29:41 INFO  LibraryIdentifier         :     targetSdkVersion: 30
23:29:41 INFO  LibraryIdentifier         :         SharedUserId:  - none -
23:29:41 INFO  LibraryIdentifier         :     Library dependencies:  - none -
23:29:41 INFO  LibraryIdentifier         : 
23:29:41 INFO  LibraryIdentifier         : Found 402 unique libraries in 12405 library profiles
23:29:41 INFO  LibraryIdentifier         : Multi-dex apk detected - Code is merged to single class hierarchy!
23:29:42 INFO  LibraryIdentifier         : Generated class hierarchy (in 621 ms)
23:29:42 INFO  WalaUtils                 : 
23:29:42 INFO  WalaUtils                 : = ClassHierarchy Stats =
23:29:42 INFO  WalaUtils                 :     # of classes: 2112
23:29:42 INFO  WalaUtils                 :     # thereof inner classes: 1023
23:29:42 INFO  WalaUtils                 :     # thereof public classes: 1802
23:29:42 INFO  WalaUtils                 :         Activity : 16
23:29:42 INFO  WalaUtils                 :         Application : 0
23:29:42 INFO  WalaUtils                 :         AsyncTask : 0
23:29:42 INFO  WalaUtils                 :         BroadcastReceiver : 1
23:29:42 INFO  WalaUtils                 :         ContentProvider : 0
23:29:42 INFO  WalaUtils                 :         Fragment : 1
23:29:42 INFO  WalaUtils                 :         Handler : 1
23:29:42 INFO  WalaUtils                 :         LayoutContainer : 60
23:29:42 INFO  WalaUtils                 :         Plain : 1991
23:29:42 INFO  WalaUtils                 :         Runnable : 0
23:29:42 INFO  WalaUtils                 :         Service : 1
23:29:42 INFO  WalaUtils                 :         Thread : 2
23:29:42 INFO  WalaUtils                 :         View : 39
23:29:42 INFO  WalaUtils                 :     # methods: 11762
23:29:42 INFO  WalaUtils                 :         # of publicly accessible methods: 11005
23:29:42 INFO  WalaUtils                 :         # of non-accessible methods: 757
23:29:42 INFO  WalaUtils                 : 
23:29:42 INFO  Profile                   : = PackageTree =
23:29:42 INFO  PackageTree               : Root Package: a
23:29:42 INFO  PackageTree               : └── Root
23:29:42 INFO  PackageTree               :     ├── b
23:29:42 INFO  PackageTree               :     │   ├── b
23:29:42 INFO  PackageTree               :     │   │   ├── a
23:29:42 INFO  PackageTree               :     │   │   │   └── a (2)
23:29:42 INFO  PackageTree               :     │   │   │       ├── q (16)
23:29:42 INFO  PackageTree               :     │   │   │       ├── m (46)
23:29:42 INFO  PackageTree               :     │   │   │       ├── a0 (38)
23:29:42 INFO  PackageTree               :     │   │   │       ├── u (6)
23:29:42 INFO  PackageTree               :     │   │   │       ├── x (25)
23:29:42 INFO  PackageTree               :     │   │   │       ├── r (39)
23:29:42 INFO  PackageTree               :     │   │   │       ├── f (8)
23:29:42 INFO  PackageTree               :     │   │   │       ├── c0 (7)
23:29:42 INFO  PackageTree               :     │   │   │       ├── g (3)
23:29:42 INFO  PackageTree               :     │   │   │       ├── z (2)
23:29:42 INFO  PackageTree               :     │   │   │       ├── l (7)
23:29:42 INFO  PackageTree               :     │   │   │       │   └── d (1)
23:29:42 INFO  PackageTree               :     │   │   │       ├── c (10)
23:29:42 INFO  PackageTree               :     │   │   │       ├── d (9)
23:29:42 INFO  PackageTree               :     │   │   │       ├── k (3)
23:29:42 INFO  PackageTree               :     │   │   │       ├── n (1)
23:29:42 INFO  PackageTree               :     │   │   │       ├── y (8)
23:29:42 INFO  PackageTree               :     │   │   │       ├── s (2)
23:29:42 INFO  PackageTree               :     │   │   │       ├── i (2)
23:29:42 INFO  PackageTree               :     │   │   │       ├── p (1)
23:29:42 INFO  PackageTree               :     │   │   │       ├── d0 (5)
23:29:42 INFO  PackageTree               :     │   │   │       ├── w (2)
23:29:42 INFO  PackageTree               :     │   │   │       ├── o (1)
23:29:42 INFO  PackageTree               :     │   │   │       ├── j (1)
23:29:42 INFO  PackageTree               :     │   │   │       ├── e (1)
23:29:42 INFO  PackageTree               :     │   │   │       ├── t (1)
23:29:42 INFO  PackageTree               :     │   │   │       ├── b0
23:29:42 INFO  PackageTree               :     │   │   │       │   └── a (1)
23:29:42 INFO  PackageTree               :     │   │   │       ├── v (1)
23:29:42 INFO  PackageTree               :     │   │   │       └── h (1)
23:29:42 INFO  PackageTree               :     │   │   └── b (14)
23:29:42 INFO  PackageTree               :     │   │       ├── o (7)
23:29:42 INFO  PackageTree               :     │   │       │   └── h (4)
23:29:42 INFO  PackageTree               :     │   │       └── p (1)
23:29:42 INFO  PackageTree               :     │   │           ├── b (20)
23:29:42 INFO  PackageTree               :     │   │           └── c (7)
23:29:42 INFO  PackageTree               :     │   └── a
23:29:42 INFO  PackageTree               :     │       └── a
23:29:42 INFO  PackageTree               :     │           └── a (1)
23:29:42 INFO  PackageTree               :     ├── j$
23:29:42 INFO  PackageTree               :     │   ├── util (44)
23:29:42 INFO  PackageTree               :     │   │   ├── stream (289)
23:29:42 INFO  PackageTree               :     │   │   ├── concurrent (30)
23:29:42 INFO  PackageTree               :     │   │   └── function (31)
23:29:42 INFO  PackageTree               :     │   └── lang (1)
23:29:42 INFO  PackageTree               :     ├── androidx
23:29:42 INFO  PackageTree               :     │   ├── appcompat
23:29:42 INFO  PackageTree               :     │   │   ├── widget (54)
23:29:42 INFO  PackageTree               :     │   │   ├── view
23:29:42 INFO  PackageTree               :     │   │   │   └── menu (5)
23:29:42 INFO  PackageTree               :     │   │   └── app (6)
23:29:42 INFO  PackageTree               :     │   ├── recyclerview
23:29:42 INFO  PackageTree               :     │   │   └── widget (59)
23:29:42 INFO  PackageTree               :     │   ├── coordinatorlayout
23:29:42 INFO  PackageTree               :     │   │   └── widget (11)
23:29:42 INFO  PackageTree               :     │   ├── room (3)
23:29:42 INFO  PackageTree               :     │   ├── drawerlayout
23:29:42 INFO  PackageTree               :     │   │   └── widget (9)
23:29:42 INFO  PackageTree               :     │   ├── annotation (1)
23:29:42 INFO  PackageTree               :     │   ├── activity (13)
23:29:42 INFO  PackageTree               :     │   │   └── result (1)
23:29:42 INFO  PackageTree               :     │   ├── lifecycle (13)
23:29:42 INFO  PackageTree               :     │   ├── core
23:29:42 INFO  PackageTree               :     │   │   ├── app (4)
23:29:42 INFO  PackageTree               :     │   │   ├── graphics
23:29:42 INFO  PackageTree               :     │   │   │   └── drawable (2)
23:29:42 INFO  PackageTree               :     │   │   └── widget (5)
23:29:42 INFO  PackageTree               :     │   ├── savedstate (3)
23:29:42 INFO  PackageTree               :     │   ├── constraintlayout
23:29:42 INFO  PackageTree               :     │   │   └── widget (6)
23:29:42 INFO  PackageTree               :     │   ├── fragment
23:29:42 INFO  PackageTree               :     │   │   └── app (2)
23:29:42 INFO  PackageTree               :     │   ├── cardview
23:29:42 INFO  PackageTree               :     │   │   └── widget (2)
23:29:42 INFO  PackageTree               :     │   ├── versionedparcelable (3)
23:29:42 INFO  PackageTree               :     │   ├── viewpager2
23:29:42 INFO  PackageTree               :     │   │   └── adapter (3)
23:29:42 INFO  PackageTree               :     │   └── biometric (1)
23:29:42 INFO  PackageTree               :     ├── a
23:29:42 INFO  PackageTree               :     │   ├── b (2)
23:29:42 INFO  PackageTree               :     │   │   ├── c (49)
23:29:42 INFO  PackageTree               :     │   │   ├── i (109)
23:29:42 INFO  PackageTree               :     │   │   ├── f (1)
23:29:42 INFO  PackageTree               :     │   │   ├── h (13)
23:29:42 INFO  PackageTree               :     │   │   │   └── i (38)
23:29:42 INFO  PackageTree               :     │   │   ├── e
23:29:42 INFO  PackageTree               :     │   │   │   └── a (14)
23:29:42 INFO  PackageTree               :     │   │   ├── d
23:29:42 INFO  PackageTree               :     │   │   │   └── a (1)
23:29:42 INFO  PackageTree               :     │   │   └── g (1)
23:29:42 INFO  PackageTree               :     │   ├── i (1)
23:29:42 INFO  PackageTree               :     │   │   ├── k (49)
23:29:42 INFO  PackageTree               :     │   │   │   ├── z (11)
23:29:42 INFO  PackageTree               :     │   │   │   └── a0 (8)
23:29:42 INFO  PackageTree               :     │   │   ├── i (11)
23:29:42 INFO  PackageTree               :     │   │   ├── l (8)
23:29:42 INFO  PackageTree               :     │   │   ├── h (19)
23:29:42 INFO  PackageTree               :     │   │   ├── d (13)
23:29:42 INFO  PackageTree               :     │   │   │   └── l (1)
23:29:42 INFO  PackageTree               :     │   │   ├── b (11)
23:29:42 INFO  PackageTree               :     │   │   ├── j (4)
23:29:42 INFO  PackageTree               :     │   │   ├── g (3)
23:29:42 INFO  PackageTree               :     │   │   ├── c (2)
23:29:42 INFO  PackageTree               :     │   │   │   └── b (11)
23:29:42 INFO  PackageTree               :     │   │   ├── f
23:29:42 INFO  PackageTree               :     │   │   │   └── a (3)
23:29:42 INFO  PackageTree               :     │   │   └── e
23:29:42 INFO  PackageTree               :     │   │       └── a (4)
23:29:42 INFO  PackageTree               :     │   ├── g
23:29:42 INFO  PackageTree               :     │   │   ├── c (18)
23:29:42 INFO  PackageTree               :     │   │   ├── b (11)
23:29:42 INFO  PackageTree               :     │   │   │   └── i (12)
23:29:42 INFO  PackageTree               :     │   │   │       └── l (19)
23:29:42 INFO  PackageTree               :     │   │   └── a
23:29:42 INFO  PackageTree               :     │   │       └── a (1)
23:29:42 INFO  PackageTree               :     │   ├── m (1)
23:29:42 INFO  PackageTree               :     │   │   └── b (108)
23:29:42 INFO  PackageTree               :     │   ├── r (26)
23:29:42 INFO  PackageTree               :     │   │   ├── p (7)
23:29:42 INFO  PackageTree               :     │   │   └── o (1)
23:29:42 INFO  PackageTree               :     │   ├── o (35)
23:29:42 INFO  PackageTree               :     │   ├── e (2)
23:29:42 INFO  PackageTree               :     │   │   └── c (5)
23:29:42 INFO  PackageTree               :     │   ├── k
23:29:42 INFO  PackageTree               :     │   │   ├── a (3)
23:29:42 INFO  PackageTree               :     │   │   └── b (11)
23:29:42 INFO  PackageTree               :     │   ├── f (15)
23:29:42 INFO  PackageTree               :     │   ├── u (56)
23:29:42 INFO  PackageTree               :     │   ├── q (1)
23:29:42 INFO  PackageTree               :     │   │   └── b (48)
23:29:42 INFO  PackageTree               :     │   ├── d (57)
23:29:42 INFO  PackageTree               :     │   ├── v
23:29:42 INFO  PackageTree               :     │   │   └── a
23:29:42 INFO  PackageTree               :     │   │       └── a (18)
23:29:42 INFO  PackageTree               :     │   ├── t
23:29:42 INFO  PackageTree               :     │   │   └── a (8)
23:29:42 INFO  PackageTree               :     │   │       └── g (9)
23:29:42 INFO  PackageTree               :     │   ├── c
23:29:42 INFO  PackageTree               :     │   │   └── a
23:29:42 INFO  PackageTree               :     │   │       ├── a (5)
23:29:42 INFO  PackageTree               :     │   │       └── b (8)
23:29:42 INFO  PackageTree               :     │   ├── s (5)
23:29:42 INFO  PackageTree               :     │   ├── j
23:29:42 INFO  PackageTree               :     │   │   └── a (6)
23:29:42 INFO  PackageTree               :     │   ├── a (3)
23:29:42 INFO  PackageTree               :     │   │   ├── e (12)
23:29:42 INFO  PackageTree               :     │   │   │   └── h (4)
23:29:42 INFO  PackageTree               :     │   │   └── d (2)
23:29:42 INFO  PackageTree               :     │   ├── p
23:29:42 INFO  PackageTree               :     │   │   └── a (5)
23:29:42 INFO  PackageTree               :     │   ├── n
23:29:42 INFO  PackageTree               :     │   │   └── a
23:29:42 INFO  PackageTree               :     │   │       └── a (4)
23:29:42 INFO  PackageTree               :     │   ├── w (3)
23:29:42 INFO  PackageTree               :     │   ├── h (1)
23:29:42 INFO  PackageTree               :     │   │   └── b (2)
23:29:42 INFO  PackageTree               :     │   └── l
23:29:42 INFO  PackageTree               :     │       └── a (1)
23:29:42 INFO  PackageTree               :     ├── c
23:29:42 INFO  PackageTree               :     │   └── a
23:29:42 INFO  PackageTree               :     │       └── a (1)
23:29:42 INFO  PackageTree               :     │           ├── e
23:29:42 INFO  PackageTree               :     │           │   ├── g (10)
23:29:42 INFO  PackageTree               :     │           │   ├── c (3)
23:29:42 INFO  PackageTree               :     │           │   ├── b (28)
23:29:42 INFO  PackageTree               :     │           │   ├── f (18)
23:29:42 INFO  PackageTree               :     │           │   ├── e (3)
23:29:42 INFO  PackageTree               :     │           │   └── a (7)
23:29:42 INFO  PackageTree               :     │           ├── b (20)
23:29:42 INFO  PackageTree               :     │           ├── d (19)
23:29:42 INFO  PackageTree               :     │           ├── f
23:29:42 INFO  PackageTree               :     │           │   ├── b (2)
23:29:42 INFO  PackageTree               :     │           │   └── a (9)
23:29:42 INFO  PackageTree               :     │           └── c (11)
23:29:42 INFO  PackageTree               :     ├── com
23:29:42 INFO  PackageTree               :     │   └── google
23:29:42 INFO  PackageTree               :     │       └── android
23:29:42 INFO  PackageTree               :     │           └── material
23:29:42 INFO  PackageTree               :     │               ├── transformation (10)
23:29:42 INFO  PackageTree               :     │               ├── behavior (5)
23:29:42 INFO  PackageTree               :     │               ├── textfield (11)
23:29:42 INFO  PackageTree               :     │               ├── button (12)
23:29:42 INFO  PackageTree               :     │               ├── bottomsheet (7)
23:29:42 INFO  PackageTree               :     │               ├── navigation (4)
23:29:42 INFO  PackageTree               :     │               ├── appbar (8)
23:29:42 INFO  PackageTree               :     │               ├── timepicker (9)
23:29:42 INFO  PackageTree               :     │               ├── bottomappbar (5)
23:29:42 INFO  PackageTree               :     │               ├── floatingactionbutton (12)
23:29:42 INFO  PackageTree               :     │               ├── internal (7)
23:29:42 INFO  PackageTree               :     │               ├── chip (8)
23:29:42 INFO  PackageTree               :     │               ├── theme (1)
23:29:42 INFO  PackageTree               :     │               ├── datepicker (1)
23:29:42 INFO  PackageTree               :     │               ├── snackbar (3)
23:29:42 INFO  PackageTree               :     │               ├── textview (1)
23:29:42 INFO  PackageTree               :     │               └── switchmaterial (1)
23:29:42 INFO  PackageTree               :     ├── d
23:29:42 INFO  PackageTree               :     │   └── a
23:29:42 INFO  PackageTree               :     │       └── a (1)
23:29:42 INFO  PackageTree               :     │           ├── b (11)
23:29:42 INFO  PackageTree               :     │           └── c (3)
23:29:42 INFO  PackageTree               :     ├── de
23:29:42 INFO  PackageTree               :     │   └── efdis
23:29:42 INFO  PackageTree               :     │       └── tangenerator
23:29:42 INFO  PackageTree               :     │           ├── gui
23:29:42 INFO  PackageTree               :     │           │   ├── qrscanner (1)
23:29:42 INFO  PackageTree               :     │           │   ├── initialization (10)
23:29:42 INFO  PackageTree               :     │           │   ├── misc (6)
23:29:42 INFO  PackageTree               :     │           │   ├── instruction (6)
23:29:42 INFO  PackageTree               :     │           │   ├── settings (2)
23:29:42 INFO  PackageTree               :     │           │   └── transaction (3)
23:29:42 INFO  PackageTree               :     │           ├── api (3)
23:29:42 INFO  PackageTree               :     │           └── persistence
23:29:42 INFO  PackageTree               :     │               └── database (3)
23:29:42 INFO  PackageTree               :     └── android
23:29:42 INFO  PackageTree               :         └── support
23:29:42 INFO  PackageTree               :             └── v4
23:29:42 INFO  PackageTree               :                 ├── graphics
23:29:42 INFO  PackageTree               :                 │   └── drawable (1)
23:29:42 INFO  PackageTree               :                 └── app (1)
23:29:42 INFO  Profile                   : 
23:29:42 INFO  AppProfile                : - generated app package tree (in 46 ms)
23:29:42 INFO  AppProfile                : 
23:29:42 DEBUG HashTree                  : Generate hash tree..
23:29:42 DEBUG HashTree                  :     - generated 166 package hashes.
23:29:42 DEBUG HashTree                  :     - generated 2034 clazz hashes.
23:29:42 DEBUG HashTree                  :     - generated 11762 method hashes.
23:29:42 DEBUG HashTree                  :     => Library Hash: 3b38e553264a512b8043d74ee166c3ae
23:29:42 INFO  AppProfile                : - generated app hash trees (in 378 ms)
23:29:42 INFO  AppProfile                : 
23:29:42 INFO  LibraryIdentifier         : = Scan for library root packages (heuristic) =
23:29:42 INFO  LibraryIdentifier         :     - Found lib root package androidx.annotation  (androidx.annotation::annotation)
23:29:42 INFO  LibraryIdentifier         :     - Found lib root package androidx.appcompat  (androidx.appcompat::appcompat)
23:29:42 INFO  LibraryIdentifier         :     - Found lib root package androidx.cardview.widget  (androidx.cardview::cardview)
23:29:42 INFO  LibraryIdentifier         :     - Found lib root package androidx.constraintlayout.widget  (androidx.constraintlayout::constraintlayout)
23:29:42 INFO  LibraryIdentifier         :     - Found lib root package androidx.coordinatorlayout.widget  (androidx.coordinatorlayout::coordinatorlayout)
23:29:42 INFO  LibraryIdentifier         :     - Found lib root package androidx.core  (androidx.core::core)
23:29:42 INFO  LibraryIdentifier         :     - Found lib root package androidx  (androidx.core::core-ktx)
23:29:42 INFO  LibraryIdentifier         :     - Found lib root package androidx.drawerlayout.widget  (androidx.drawerlayout::drawerlayout)
23:29:42 INFO  LibraryIdentifier         :     - Found lib root package androidx.fragment.app  (androidx.fragment::fragment)
23:29:42 INFO  LibraryIdentifier         :     - Found lib root package androidx.fragment.app  (androidx.fragment::fragment-ktx)
23:29:42 INFO  LibraryIdentifier         :     - Found lib root package androidx.lifecycle  (androidx.lifecycle::lifecycle-common)
23:29:42 INFO  LibraryIdentifier         :     - Found lib root package androidx.lifecycle  (androidx.lifecycle::lifecycle-common-java8)
23:29:42 INFO  LibraryIdentifier         :     - Found lib root package androidx.lifecycle  (androidx.lifecycle::lifecycle-compiler)
23:29:42 INFO  LibraryIdentifier         :     - Found lib root package androidx.lifecycle  (androidx.lifecycle::lifecycle-extensions)
23:29:42 INFO  LibraryIdentifier         :     - Found lib root package androidx.lifecycle  (androidx.lifecycle::lifecycle-livedata)
23:29:42 INFO  LibraryIdentifier         :     - Found lib root package androidx.lifecycle  (androidx.lifecycle::lifecycle-livedata-core)
23:29:42 INFO  LibraryIdentifier         :     - Found lib root package androidx.lifecycle  (androidx.lifecycle::lifecycle-process)
23:29:42 INFO  LibraryIdentifier         :     - Found lib root package androidx.lifecycle  (androidx.lifecycle::lifecycle-reactivestreams)
23:29:42 INFO  LibraryIdentifier         :     - Found lib root package androidx.lifecycle  (androidx.lifecycle::lifecycle-reactivestreams-ktx)
23:29:42 INFO  LibraryIdentifier         :     - Found lib root package androidx.lifecycle  (androidx.lifecycle::lifecycle-runtime)
23:29:42 INFO  LibraryIdentifier         :     - Found lib root package androidx.lifecycle  (androidx.lifecycle::lifecycle-service)
23:29:42 INFO  LibraryIdentifier         :     - Found lib root package androidx.lifecycle  (androidx.lifecycle::lifecycle-viewmodel)
23:29:42 INFO  LibraryIdentifier         :     - Found lib root package androidx.lifecycle  (androidx.lifecycle::lifecycle-viewmodel-ktx)
23:29:42 INFO  LibraryIdentifier         :     - Found lib root package androidx.recyclerview.widget  (androidx.recyclerview::recyclerview)
23:29:42 INFO  LibraryIdentifier         :     - Found lib root package androidx.room  (androidx.room::room-common)
23:29:42 INFO  LibraryIdentifier         :     - Found lib root package androidx.room  (androidx.room::room-compiler)
23:29:42 INFO  LibraryIdentifier         :     - Found lib root package androidx.room  (androidx.room::room-runtime)
23:29:42 INFO  LibraryIdentifier         :     - Found lib root package androidx.room  (androidx.room::room-rxjava2)
23:29:42 INFO  LibraryIdentifier         :     - Found lib root package androidx.versionedparcelable  (androidx.versionedparcelable::versionedparcelable)
23:29:42 INFO  LibraryIdentifier         :     - Found lib root package android.support.v4  (com.android.support::customview)
23:29:42 INFO  LibraryIdentifier         :     - Found lib root package android.support.v4  (com.android.support::loader)
23:29:42 INFO  LibraryIdentifier         :     - Found lib root package android.support.v4  (com.android.support::support-compat)
23:29:42 INFO  LibraryIdentifier         :     - Found lib root package android.support.v4  (com.android.support::support-core-ui)
23:29:42 INFO  LibraryIdentifier         :     - Found lib root package android.support.v4  (com.android.support::support-core-utils)
23:29:42 INFO  LibraryIdentifier         :     - Found lib root package android.support.v4.app  (com.android.support::support-fragment)
23:29:42 INFO  LibraryIdentifier         :     - Found lib root package android.support.v4  (com.android.support::support-v4)
23:29:42 INFO  LibraryIdentifier         :     - Found lib root package androidx.versionedparcelable  (com.android.support::versionedparcelable)
23:29:42 INFO  LibraryIdentifier         :     - Found lib root package com.google.android.material  (com.google.android.material::material)
23:29:42 INFO  LibraryIdentifier         : 
23:29:42 INFO  LibraryIdentifier         : = Match profiles =
23:29:58 INFO  LibraryIdentifier         :     >> profile matching done (15 sec, 814 ms)
23:29:58 INFO  LibraryIdentifier         : 
23:29:58 INFO  LibraryIdentifier         : == Report ==
23:29:58 INFO  LibraryIdentifier         : - Full library matches:
23:29:58 INFO  ProfileMatch              :                 name: com.google.firebase::firebase-ml-vision-image-label-model
23:29:58 INFO  ProfileMatch              :             category: Android
23:29:58 INFO  ProfileMatch              :              version: 20.0.0  [OLD VERSION]
23:29:58 INFO  ProfileMatch              :         release-date:  --
23:29:58 INFO  ProfileMatch              :     lib root package: "com.google.firebase.ml.vision.imagelabel"  (in app: "a")
23:29:58 INFO  ProfileMatch              : 
23:29:58 INFO  ProfileMatch              :                 name: com.google.firebase::firebase-ml-vision-image-label-model
23:29:58 INFO  ProfileMatch              :             category: Android
23:29:58 INFO  ProfileMatch              :              version: 20.0.1  [OLD VERSION]
23:29:58 INFO  ProfileMatch              :         release-date:  --
23:29:58 INFO  ProfileMatch              :     lib root package: "com.google.firebase.ml.vision.imagelabel"  (in app: "a")
23:29:58 INFO  ProfileMatch              : 
23:29:58 INFO  ProfileMatch              :                 name: com.google.firebase::firebase-ml-vision-image-label-model
23:29:58 INFO  ProfileMatch              :             category: Android
23:29:58 INFO  ProfileMatch              :              version: 20.0.2
23:29:58 INFO  ProfileMatch              :         release-date:  --
23:29:58 INFO  ProfileMatch              :     lib root package: "com.google.firebase.ml.vision.imagelabel"  (in app: "a")
23:29:58 INFO  ProfileMatch              : 
23:29:58 INFO  ProfileMatch              :                 name: com.android.support::interpolator
23:29:58 INFO  ProfileMatch              :             category: Android
23:29:58 INFO  ProfileMatch              :              version: 28.0.0
23:29:58 INFO  ProfileMatch              :         release-date:  --
23:29:58 INFO  ProfileMatch              :     lib root package: "android.support.v4.view.animation"  (in app: "a.n.a.a")
23:29:58 INFO  ProfileMatch              : 
23:29:58 INFO  ProfileMatch              :                 name: androidx.interpolator::interpolator
23:29:58 INFO  ProfileMatch              :             category: Android
23:29:58 INFO  ProfileMatch              :              version: 1.0.0
23:29:58 INFO  ProfileMatch              :         release-date:  --
23:29:58 INFO  ProfileMatch              :     lib root package: "androidx.interpolator.view.animation"  (in app: "a.n.a.a")
23:29:58 INFO  ProfileMatch              : 
23:29:58 INFO  ProfileMatch              :                 name: Facebook
23:29:58 INFO  ProfileMatch              :             category: SocialMedia
23:29:58 INFO  ProfileMatch              :              version: 4.27.0  [OLD VERSION]
23:29:58 INFO  ProfileMatch              :         release-date: 26.09.2017
23:29:58 INFO  ProfileMatch              :     lib root package: "com.facebook.all"  (in app: "a")
23:29:58 INFO  ProfileMatch              : 
23:29:58 INFO  ProfileMatch              :                 name: Facebook
23:29:58 INFO  ProfileMatch              :             category: SocialMedia
23:29:58 INFO  ProfileMatch              :              version: 4.28.0  [OLD VERSION]
23:29:58 INFO  ProfileMatch              :         release-date: 07.11.2017
23:29:58 INFO  ProfileMatch              :     lib root package: "com.facebook.all"  (in app: "a")
23:29:58 INFO  ProfileMatch              : 
23:29:58 INFO  ProfileMatch              :                 name: Facebook
23:29:58 INFO  ProfileMatch              :             category: SocialMedia
23:29:58 INFO  ProfileMatch              :              version: 4.29.0  [OLD VERSION]
23:29:58 INFO  ProfileMatch              :         release-date: 05.12.2017
23:29:58 INFO  ProfileMatch              :     lib root package: "com.facebook.all"  (in app: "a")
23:29:58 INFO  ProfileMatch              : 
23:29:58 INFO  ProfileMatch              :                 name: Facebook
23:29:58 INFO  ProfileMatch              :             category: SocialMedia
23:29:58 INFO  ProfileMatch              :              version: 4.30.0  [OLD VERSION]
23:29:58 INFO  ProfileMatch              :         release-date: 24.01.2018
23:29:58 INFO  ProfileMatch              :     lib root package: "com.facebook.all"  (in app: "a")
23:29:58 INFO  ProfileMatch              : 
23:29:58 INFO  ProfileMatch              :                 name: Facebook
23:29:58 INFO  ProfileMatch              :             category: SocialMedia
23:29:58 INFO  ProfileMatch              :              version: 4.31.0  [OLD VERSION]
23:29:58 INFO  ProfileMatch              :         release-date: 28.02.2018
23:29:58 INFO  ProfileMatch              :     lib root package: "com.facebook.all"  (in app: "a")
23:29:58 INFO  ProfileMatch              : 
23:29:58 INFO  ProfileMatch              :                 name: Facebook
23:29:58 INFO  ProfileMatch              :             category: SocialMedia
23:29:58 INFO  ProfileMatch              :              version: 4.32.0  [OLD VERSION]
23:29:58 INFO  ProfileMatch              :         release-date: 11.04.2018
23:29:58 INFO  ProfileMatch              :     lib root package: "com.facebook.all"  (in app: "a")
23:29:58 INFO  ProfileMatch              : 
23:29:58 INFO  ProfileMatch              :                 name: Facebook
23:29:58 INFO  ProfileMatch              :             category: SocialMedia
23:29:58 INFO  ProfileMatch              :              version: 4.33.0  [OLD VERSION]
23:29:58 INFO  ProfileMatch              :         release-date: 01.05.2018
23:29:58 INFO  ProfileMatch              :     lib root package: "com.facebook.all"  (in app: "a")
23:29:58 INFO  ProfileMatch              : 
23:29:58 INFO  ProfileMatch              :                 name: Facebook
23:29:58 INFO  ProfileMatch              :             category: SocialMedia
23:29:58 INFO  ProfileMatch              :              version: 4.34.0  [OLD VERSION]
23:29:58 INFO  ProfileMatch              :         release-date: 19.06.2018
23:29:58 INFO  ProfileMatch              :     lib root package: "com.facebook.all"  (in app: "a")
23:29:58 INFO  ProfileMatch              : 
23:29:58 INFO  ProfileMatch              :                 name: Facebook
23:29:58 INFO  ProfileMatch              :             category: SocialMedia
23:29:58 INFO  ProfileMatch              :              version: 4.35.0  [OLD VERSION]
23:29:58 INFO  ProfileMatch              :         release-date: 26.07.2018
23:29:58 INFO  ProfileMatch              :     lib root package: "com.facebook.all"  (in app: "a")
23:29:58 INFO  ProfileMatch              : 
23:29:58 INFO  ProfileMatch              :                 name: Facebook
23:29:58 INFO  ProfileMatch              :             category: SocialMedia
23:29:58 INFO  ProfileMatch              :              version: 4.36.0  [OLD VERSION]
23:29:58 INFO  ProfileMatch              :         release-date: 29.08.2018
23:29:58 INFO  ProfileMatch              :     lib root package: "com.facebook.all"  (in app: "a")
23:29:58 INFO  ProfileMatch              : 
23:29:58 INFO  ProfileMatch              :                 name: Facebook
23:29:58 INFO  ProfileMatch              :             category: SocialMedia
23:29:58 INFO  ProfileMatch              :              version: 4.36.1  [OLD VERSION]
23:29:58 INFO  ProfileMatch              :         release-date: 15.09.2018
23:29:58 INFO  ProfileMatch              :     lib root package: "com.facebook.all"  (in app: "a")
23:29:58 INFO  ProfileMatch              : 
23:29:58 INFO  ProfileMatch              :                 name: Facebook
23:29:58 INFO  ProfileMatch              :             category: SocialMedia
23:29:58 INFO  ProfileMatch              :              version: 4.37.0  [OLD VERSION]
23:29:58 INFO  ProfileMatch              :         release-date: 27.09.2018
23:29:58 INFO  ProfileMatch              :     lib root package: "com.facebook.all"  (in app: "a")
23:29:58 INFO  ProfileMatch              : 
23:29:58 INFO  ProfileMatch              :                 name: Facebook
23:29:58 INFO  ProfileMatch              :             category: SocialMedia
23:29:58 INFO  ProfileMatch              :              version: 4.38.0  [OLD VERSION]
23:29:58 INFO  ProfileMatch              :         release-date: 23.10.2018
23:29:58 INFO  ProfileMatch              :     lib root package: "com.facebook.all"  (in app: "a")
23:29:58 INFO  ProfileMatch              : 
23:29:58 INFO  ProfileMatch              :                 name: Facebook
23:29:58 INFO  ProfileMatch              :             category: SocialMedia
23:29:58 INFO  ProfileMatch              :              version: 4.38.1  [OLD VERSION]
23:29:58 INFO  ProfileMatch              :         release-date: 31.10.2018
23:29:58 INFO  ProfileMatch              :     lib root package: "com.facebook.all"  (in app: "a")
23:29:58 INFO  ProfileMatch              : 
23:29:58 INFO  ProfileMatch              :                 name: Facebook
23:29:58 INFO  ProfileMatch              :             category: SocialMedia
23:29:58 INFO  ProfileMatch              :              version: 4.39.0  [OLD VERSION]
23:29:58 INFO  ProfileMatch              :         release-date: 05.12.2018
23:29:58 INFO  ProfileMatch              :     lib root package: "com.facebook.all"  (in app: "a")
23:29:58 INFO  ProfileMatch              : 
23:29:58 INFO  ProfileMatch              :                 name: Facebook
23:29:58 INFO  ProfileMatch              :             category: SocialMedia
23:29:58 INFO  ProfileMatch              :              version: 4.40.0  [OLD VERSION]
23:29:58 INFO  ProfileMatch              :         release-date: 22.01.2019
23:29:58 INFO  ProfileMatch              :     lib root package: "com.facebook.all"  (in app: "a")
23:29:58 INFO  ProfileMatch              : 
23:29:58 INFO  ProfileMatch              :                 name: Facebook
23:29:58 INFO  ProfileMatch              :             category: SocialMedia
23:29:58 INFO  ProfileMatch              :              version: 4.41.0  [OLD VERSION]
23:29:58 INFO  ProfileMatch              :         release-date: 08.03.2019
23:29:58 INFO  ProfileMatch              :     lib root package: "com.facebook.all"  (in app: "a")
23:29:58 INFO  ProfileMatch              : 
23:29:58 INFO  ProfileMatch              :                 name: Facebook
23:29:58 INFO  ProfileMatch              :             category: SocialMedia
23:29:58 INFO  ProfileMatch              :              version: 4.42.0  [OLD VERSION]
23:29:58 INFO  ProfileMatch              :         release-date: 08.04.2019
23:29:58 INFO  ProfileMatch              :     lib root package: "com.facebook.all"  (in app: "a")
23:29:58 INFO  ProfileMatch              : 
23:29:58 INFO  ProfileMatch              :                 name: Facebook
23:29:58 INFO  ProfileMatch              :             category: SocialMedia
23:29:58 INFO  ProfileMatch              :              version: 5.0.0  [OLD VERSION]
23:29:58 INFO  ProfileMatch              :         release-date: 30.04.2019
23:29:58 INFO  ProfileMatch              :     lib root package: "com.facebook.all"  (in app: "a")
23:29:58 INFO  ProfileMatch              : 
23:29:58 INFO  ProfileMatch              :                 name: Facebook
23:29:58 INFO  ProfileMatch              :             category: SocialMedia
23:29:58 INFO  ProfileMatch              :              version: 5.0.1  [OLD VERSION]
23:29:58 INFO  ProfileMatch              :         release-date: 17.05.2019
23:29:58 INFO  ProfileMatch              :     lib root package: "com.facebook.all"  (in app: "a")
23:29:58 INFO  ProfileMatch              : 
23:29:58 INFO  ProfileMatch              :                 name: Facebook
23:29:58 INFO  ProfileMatch              :             category: SocialMedia
23:29:58 INFO  ProfileMatch              :              version: 5.0.2  [OLD VERSION]
23:29:58 INFO  ProfileMatch              :         release-date: 09.06.2019
23:29:58 INFO  ProfileMatch              :     lib root package: "com.facebook.all"  (in app: "a")
23:29:58 INFO  ProfileMatch              : 
23:29:58 INFO  ProfileMatch              :                 name: Facebook
23:29:58 INFO  ProfileMatch              :             category: SocialMedia
23:29:58 INFO  ProfileMatch              :              version: 5.0.3  [OLD VERSION]
23:29:58 INFO  ProfileMatch              :         release-date: 14.06.2019
23:29:58 INFO  ProfileMatch              :     lib root package: "com.facebook.all"  (in app: "a")
23:29:58 INFO  ProfileMatch              : 
23:29:58 INFO  ProfileMatch              :                 name: Facebook
23:29:58 INFO  ProfileMatch              :             category: SocialMedia
23:29:58 INFO  ProfileMatch              :              version: 5.1.0  [OLD VERSION]
23:29:58 INFO  ProfileMatch              :         release-date: 21.06.2019
23:29:58 INFO  ProfileMatch              :     lib root package: "com.facebook.all"  (in app: "a")
23:29:58 INFO  ProfileMatch              : 
23:29:58 INFO  ProfileMatch              :                 name: Facebook
23:29:58 INFO  ProfileMatch              :             category: SocialMedia
23:29:58 INFO  ProfileMatch              :              version: 5.1.1  [OLD VERSION]
23:29:58 INFO  ProfileMatch              :         release-date: 02.07.2019
23:29:58 INFO  ProfileMatch              :     lib root package: "com.facebook.all"  (in app: "a")
23:29:58 INFO  ProfileMatch              : 
23:29:58 INFO  ProfileMatch              :                 name: Facebook
23:29:58 INFO  ProfileMatch              :             category: SocialMedia
23:29:58 INFO  ProfileMatch              :              version: 5.2.0  [OLD VERSION]
23:29:58 INFO  ProfileMatch              :         release-date: 29.07.2019
23:29:58 INFO  ProfileMatch              :     lib root package: "com.facebook.all"  (in app: "a")
23:29:58 INFO  ProfileMatch              : 
23:29:58 INFO  ProfileMatch              :                 name: Facebook
23:29:58 INFO  ProfileMatch              :             category: SocialMedia
23:29:58 INFO  ProfileMatch              :              version: 5.4.0  [OLD VERSION]
23:29:58 INFO  ProfileMatch              :         release-date: 16.08.2019
23:29:58 INFO  ProfileMatch              :     lib root package: "com.facebook.all"  (in app: "a")
23:29:58 INFO  ProfileMatch              : 
23:29:58 INFO  ProfileMatch              :                 name: Facebook
23:29:58 INFO  ProfileMatch              :             category: SocialMedia
23:29:58 INFO  ProfileMatch              :              version: 5.5.0  [OLD VERSION]
23:29:58 INFO  ProfileMatch              :         release-date: 31.08.2019
23:29:58 INFO  ProfileMatch              :     lib root package: "com.facebook.all"  (in app: "a")
23:29:58 INFO  ProfileMatch              : 
23:29:58 INFO  ProfileMatch              :                 name: Facebook
23:29:58 INFO  ProfileMatch              :             category: SocialMedia
23:29:58 INFO  ProfileMatch              :              version: 5.5.1  [OLD VERSION]
23:29:58 INFO  ProfileMatch              :         release-date: 06.09.2019
23:29:58 INFO  ProfileMatch              :     lib root package: "com.facebook.all"  (in app: "a")
23:29:58 INFO  ProfileMatch              : 
23:29:58 INFO  ProfileMatch              :                 name: Facebook
23:29:58 INFO  ProfileMatch              :             category: SocialMedia
23:29:58 INFO  ProfileMatch              :              version: 5.5.2  [OLD VERSION]
23:29:58 INFO  ProfileMatch              :         release-date: 05.10.2019
23:29:58 INFO  ProfileMatch              :     lib root package: "com.facebook.all"  (in app: "a")
23:29:58 INFO  ProfileMatch              : 
23:29:58 INFO  ProfileMatch              :                 name: Facebook
23:29:58 INFO  ProfileMatch              :             category: SocialMedia
23:29:58 INFO  ProfileMatch              :              version: 5.8.0  [OLD VERSION]
23:29:58 INFO  ProfileMatch              :         release-date: 08.10.2019
23:29:58 INFO  ProfileMatch              :     lib root package: "com.facebook.all"  (in app: "a")
23:29:58 INFO  ProfileMatch              : 
23:29:58 INFO  ProfileMatch              :                 name: Facebook
23:29:58 INFO  ProfileMatch              :             category: SocialMedia
23:29:58 INFO  ProfileMatch              :              version: 5.9.0  [OLD VERSION]
23:29:58 INFO  ProfileMatch              :         release-date: 29.10.2019
23:29:58 INFO  ProfileMatch              :     lib root package: "com.facebook.all"  (in app: "a")
23:29:58 INFO  ProfileMatch              : 
23:29:58 INFO  ProfileMatch              :                 name: Facebook
23:29:58 INFO  ProfileMatch              :             category: SocialMedia
23:29:58 INFO  ProfileMatch              :              version: 5.11.0  [OLD VERSION]
23:29:58 INFO  ProfileMatch              :         release-date: 15.11.2019
23:29:58 INFO  ProfileMatch              :     lib root package: "com.facebook.all"  (in app: "a")
23:29:58 INFO  ProfileMatch              : 
23:29:58 INFO  ProfileMatch              :                 name: Facebook
23:29:58 INFO  ProfileMatch              :             category: SocialMedia
23:29:58 INFO  ProfileMatch              :              version: 5.11.1  [OLD VERSION]
23:29:58 INFO  ProfileMatch              :         release-date: 21.11.2019
23:29:58 INFO  ProfileMatch              :     lib root package: "com.facebook.all"  (in app: "a")
23:29:58 INFO  ProfileMatch              : 
23:29:58 INFO  ProfileMatch              :                 name: Facebook
23:29:58 INFO  ProfileMatch              :             category: SocialMedia
23:29:58 INFO  ProfileMatch              :              version: 5.11.2  [OLD VERSION]
23:29:58 INFO  ProfileMatch              :         release-date: 22.11.2019
23:29:58 INFO  ProfileMatch              :     lib root package: "com.facebook.all"  (in app: "a")
23:29:58 INFO  ProfileMatch              : 
23:29:58 INFO  ProfileMatch              :                 name: Facebook
23:29:58 INFO  ProfileMatch              :             category: SocialMedia
23:29:58 INFO  ProfileMatch              :              version: 5.12.0  [OLD VERSION]
23:29:58 INFO  ProfileMatch              :         release-date: 04.12.2019
23:29:58 INFO  ProfileMatch              :     lib root package: "com.facebook.all"  (in app: "a")
23:29:58 INFO  ProfileMatch              : 
23:29:58 INFO  ProfileMatch              :                 name: Facebook
23:29:58 INFO  ProfileMatch              :             category: SocialMedia
23:29:58 INFO  ProfileMatch              :              version: 5.12.1  [OLD VERSION]
23:29:58 INFO  ProfileMatch              :         release-date: 09.12.2019
23:29:58 INFO  ProfileMatch              :     lib root package: "com.facebook.all"  (in app: "a")
23:29:58 INFO  ProfileMatch              : 
23:29:58 INFO  ProfileMatch              :                 name: Facebook
23:29:58 INFO  ProfileMatch              :             category: SocialMedia
23:29:58 INFO  ProfileMatch              :              version: 5.13.0  [OLD VERSION]
23:29:58 INFO  ProfileMatch              :         release-date: 12.12.2019
23:29:58 INFO  ProfileMatch              :     lib root package: "com.facebook.all"  (in app: "a")
23:29:58 INFO  ProfileMatch              : 
23:29:58 INFO  ProfileMatch              :                 name: Facebook
23:29:58 INFO  ProfileMatch              :             category: SocialMedia
23:29:58 INFO  ProfileMatch              :              version: 5.15.0  [OLD VERSION]
23:29:58 INFO  ProfileMatch              :         release-date: 21.01.2020
23:29:58 INFO  ProfileMatch              :     lib root package: "com.facebook.all"  (in app: "a")
23:29:58 INFO  ProfileMatch              : 
23:29:58 INFO  ProfileMatch              :                 name: Facebook
23:29:58 INFO  ProfileMatch              :             category: SocialMedia
23:29:58 INFO  ProfileMatch              :              version: 5.15.1  [OLD VERSION]
23:29:58 INFO  ProfileMatch              :         release-date: 29.01.2020
23:29:58 INFO  ProfileMatch              :     lib root package: "com.facebook.all"  (in app: "a")
23:29:58 INFO  ProfileMatch              : 
23:29:58 INFO  ProfileMatch              :                 name: Facebook
23:29:58 INFO  ProfileMatch              :             category: SocialMedia
23:29:58 INFO  ProfileMatch              :              version: 5.15.2  [OLD VERSION]
23:29:58 INFO  ProfileMatch              :         release-date: 03.02.2020
23:29:58 INFO  ProfileMatch              :     lib root package: "com.facebook.all"  (in app: "a")
23:29:58 INFO  ProfileMatch              : 
23:29:58 INFO  ProfileMatch              :                 name: Facebook
23:29:58 INFO  ProfileMatch              :             category: SocialMedia
23:29:58 INFO  ProfileMatch              :              version: 5.15.3  [OLD VERSION]
23:29:58 INFO  ProfileMatch              :         release-date: 03.02.2020
23:29:58 INFO  ProfileMatch              :     lib root package: "com.facebook.all"  (in app: "a")
23:29:58 INFO  ProfileMatch              : 
23:29:58 INFO  ProfileMatch              :                 name: Facebook
23:29:58 INFO  ProfileMatch              :             category: SocialMedia
23:29:58 INFO  ProfileMatch              :              version: 6.0.0  [OLD VERSION]
23:29:58 INFO  ProfileMatch              :         release-date: 03.02.2020
23:29:58 INFO  ProfileMatch              :     lib root package: "com.facebook.all"  (in app: "a")
23:29:58 INFO  ProfileMatch              : 
23:29:58 INFO  ProfileMatch              :                 name: Facebook
23:29:58 INFO  ProfileMatch              :             category: SocialMedia
23:29:58 INFO  ProfileMatch              :              version: 6.1.0  [OLD VERSION]
23:29:58 INFO  ProfileMatch              :         release-date: 14.02.2020
23:29:58 INFO  ProfileMatch              :     lib root package: "com.facebook.all"  (in app: "a")
23:29:58 INFO  ProfileMatch              : 
23:29:58 INFO  ProfileMatch              :                 name: Facebook
23:29:58 INFO  ProfileMatch              :             category: SocialMedia
23:29:58 INFO  ProfileMatch              :              version: 6.2.0  [OLD VERSION]
23:29:58 INFO  ProfileMatch              :         release-date: 09.03.2020
23:29:58 INFO  ProfileMatch              :     lib root package: "com.facebook.all"  (in app: "a")
23:29:58 INFO  ProfileMatch              : 
23:29:58 INFO  ProfileMatch              :                 name: Facebook
23:29:58 INFO  ProfileMatch              :             category: SocialMedia
23:29:58 INFO  ProfileMatch              :              version: 6.3.0  [OLD VERSION]
23:29:58 INFO  ProfileMatch              :         release-date: 25.03.2020
23:29:58 INFO  ProfileMatch              :     lib root package: "com.facebook.all"  (in app: "a")
23:29:58 INFO  ProfileMatch              : 
23:29:58 INFO  ProfileMatch              :                 name: Facebook
23:29:58 INFO  ProfileMatch              :             category: SocialMedia
23:29:58 INFO  ProfileMatch              :              version: 6.4.0  [OLD VERSION]
23:29:58 INFO  ProfileMatch              :         release-date: 15.04.2020
23:29:58 INFO  ProfileMatch              :     lib root package: "com.facebook.all"  (in app: "a")
23:29:58 INFO  ProfileMatch              : 
23:29:58 INFO  ProfileMatch              :                 name: Facebook
23:29:58 INFO  ProfileMatch              :             category: SocialMedia
23:29:58 INFO  ProfileMatch              :              version: 6.5.0  [OLD VERSION]
23:29:58 INFO  ProfileMatch              :         release-date: 20.04.2020
23:29:58 INFO  ProfileMatch              :     lib root package: "com.facebook.all"  (in app: "a")
23:29:58 INFO  ProfileMatch              : 
23:29:58 INFO  ProfileMatch              :                 name: Facebook
23:29:58 INFO  ProfileMatch              :             category: SocialMedia
23:29:58 INFO  ProfileMatch              :              version: 6.5.1  [OLD VERSION]
23:29:58 INFO  ProfileMatch              :         release-date: 23.04.2020
23:29:58 INFO  ProfileMatch              :     lib root package: "com.facebook.all"  (in app: "a")
23:29:58 INFO  ProfileMatch              : 
23:29:58 INFO  ProfileMatch              :                 name: Facebook
23:29:58 INFO  ProfileMatch              :             category: SocialMedia
23:29:58 INFO  ProfileMatch              :              version: 7.0.0  [OLD VERSION]
23:29:58 INFO  ProfileMatch              :         release-date: 05.05.2020
23:29:58 INFO  ProfileMatch              :     lib root package: "com.facebook.all"  (in app: "a")
23:29:58 INFO  ProfileMatch              : 
23:29:58 INFO  ProfileMatch              :                 name: Facebook
23:29:58 INFO  ProfileMatch              :             category: SocialMedia
23:29:58 INFO  ProfileMatch              :              version: 7.0.1  [OLD VERSION]
23:29:58 INFO  ProfileMatch              :         release-date: 09.06.2020
23:29:58 INFO  ProfileMatch              :     lib root package: "com.facebook.all"  (in app: "a")
23:29:58 INFO  ProfileMatch              : 
23:29:58 INFO  ProfileMatch              :                 name: Facebook
23:29:58 INFO  ProfileMatch              :             category: SocialMedia
23:29:58 INFO  ProfileMatch              :              version: 7.1.0  [OLD VERSION]
23:29:58 INFO  ProfileMatch              :         release-date: 23.06.2020
23:29:58 INFO  ProfileMatch              :     lib root package: "com.facebook.all"  (in app: "a")
23:29:58 INFO  ProfileMatch              : 
23:29:58 INFO  ProfileMatch              :                 name: Facebook
23:29:58 INFO  ProfileMatch              :             category: SocialMedia
23:29:58 INFO  ProfileMatch              :              version: 8.0.0  [OLD VERSION]
23:29:58 INFO  ProfileMatch              :         release-date: 28.09.2020
23:29:58 INFO  ProfileMatch              :     lib root package: "com.facebook.all"  (in app: "a")
23:29:58 INFO  ProfileMatch              : 
23:29:58 INFO  ProfileMatch              :                 name: Facebook
23:29:58 INFO  ProfileMatch              :             category: SocialMedia
23:29:58 INFO  ProfileMatch              :              version: 8.1.0  [OLD VERSION]
23:29:58 INFO  ProfileMatch              :         release-date: 14.10.2020
23:29:58 INFO  ProfileMatch              :     lib root package: "com.facebook.all"  (in app: "a")
23:29:58 INFO  ProfileMatch              : 
23:29:58 INFO  ProfileMatch              :                 name: Facebook
23:29:58 INFO  ProfileMatch              :             category: SocialMedia
23:29:58 INFO  ProfileMatch              :              version: 8.2.0  [OLD VERSION]
23:29:58 INFO  ProfileMatch              :         release-date: 18.12.2020
23:29:58 INFO  ProfileMatch              :     lib root package: "com.facebook.all"  (in app: "a")
23:29:58 INFO  ProfileMatch              : 
23:29:58 INFO  ProfileMatch              :                 name: Facebook
23:29:58 INFO  ProfileMatch              :             category: SocialMedia
23:29:58 INFO  ProfileMatch              :              version: 9.0.0  [OLD VERSION]
23:29:58 INFO  ProfileMatch              :         release-date: 19.01.2021
23:29:58 INFO  ProfileMatch              :     lib root package: "com.facebook.all"  (in app: "a")
23:29:58 INFO  ProfileMatch              : 
23:29:58 INFO  ProfileMatch              :                 name: Facebook
23:29:58 INFO  ProfileMatch              :             category: SocialMedia
23:29:58 INFO  ProfileMatch              :              version: 9.1.0  [OLD VERSION]
23:29:58 INFO  ProfileMatch              :         release-date: 15.03.2021
23:29:58 INFO  ProfileMatch              :     lib root package: "com.facebook.all"  (in app: "a")
23:29:58 INFO  ProfileMatch              : 
23:29:58 INFO  ProfileMatch              :                 name: Facebook
23:29:58 INFO  ProfileMatch              :             category: SocialMedia
23:29:58 INFO  ProfileMatch              :              version: 9.1.1  [OLD VERSION]
23:29:58 INFO  ProfileMatch              :         release-date: 12.04.2021
23:29:58 INFO  ProfileMatch              :     lib root package: "com.facebook.all"  (in app: "a")
23:29:58 INFO  ProfileMatch              : 
23:29:58 INFO  ProfileMatch              :                 name: Facebook
23:29:58 INFO  ProfileMatch              :             category: SocialMedia
23:29:58 INFO  ProfileMatch              :              version: 11.0.0  [OLD VERSION]
23:29:58 INFO  ProfileMatch              :         release-date: 08.06.2021
23:29:58 INFO  ProfileMatch              :     lib root package: "com.facebook.all"  (in app: "a")
23:29:58 INFO  ProfileMatch              : 
23:29:58 INFO  ProfileMatch              :                 name: Facebook
23:29:58 INFO  ProfileMatch              :             category: SocialMedia
23:29:58 INFO  ProfileMatch              :              version: 11.1.0  [OLD VERSION]
23:29:58 INFO  ProfileMatch              :         release-date: 06.07.2021
23:29:58 INFO  ProfileMatch              :     lib root package: "com.facebook.all"  (in app: "a")
23:29:58 INFO  ProfileMatch              : 
23:29:58 INFO  ProfileMatch              :                 name: Facebook
23:29:58 INFO  ProfileMatch              :             category: SocialMedia
23:29:58 INFO  ProfileMatch              :              version: 11.1.1  [OLD VERSION]
23:29:58 INFO  ProfileMatch              :         release-date: 19.07.2021
23:29:58 INFO  ProfileMatch              :     lib root package: "com.facebook.all"  (in app: "a")
23:29:58 INFO  ProfileMatch              : 
23:29:58 INFO  ProfileMatch              :                 name: Facebook
23:29:58 INFO  ProfileMatch              :             category: SocialMedia
23:29:58 INFO  ProfileMatch              :              version: 11.2.0  [OLD VERSION]
23:29:58 INFO  ProfileMatch              :         release-date: 03.08.2021
23:29:58 INFO  ProfileMatch              :     lib root package: "com.facebook.all"  (in app: "a")
23:29:58 INFO  ProfileMatch              : 
23:29:58 INFO  ProfileMatch              :                 name: Facebook
23:29:58 INFO  ProfileMatch              :             category: SocialMedia
23:29:58 INFO  ProfileMatch              :              version: 11.3.0  [OLD VERSION]
23:29:58 INFO  ProfileMatch              :         release-date: 07.09.2021
23:29:58 INFO  ProfileMatch              :     lib root package: "com.facebook.all"  (in app: "a")
23:29:58 INFO  ProfileMatch              : 
23:29:58 INFO  ProfileMatch              :                 name: Facebook
23:29:58 INFO  ProfileMatch              :             category: SocialMedia
23:29:58 INFO  ProfileMatch              :              version: 12.0.0  [OLD VERSION]
23:29:58 INFO  ProfileMatch              :         release-date: 05.10.2021
23:29:58 INFO  ProfileMatch              :     lib root package: "com.facebook.all"  (in app: "a")
23:29:58 INFO  ProfileMatch              : 
23:29:58 INFO  ProfileMatch              :                 name: Facebook
23:29:58 INFO  ProfileMatch              :             category: SocialMedia
23:29:58 INFO  ProfileMatch              :              version: 12.0.1  [OLD VERSION]
23:29:58 INFO  ProfileMatch              :         release-date: 13.10.2021
23:29:58 INFO  ProfileMatch              :     lib root package: "com.facebook.all"  (in app: "a")
23:29:58 INFO  ProfileMatch              : 
23:29:58 INFO  ProfileMatch              :                 name: Facebook
23:29:58 INFO  ProfileMatch              :             category: SocialMedia
23:29:58 INFO  ProfileMatch              :              version: 12.1.0  [OLD VERSION]
23:29:58 INFO  ProfileMatch              :         release-date: 01.11.2021
23:29:58 INFO  ProfileMatch              :     lib root package: "com.facebook.all"  (in app: "a")
23:29:58 INFO  ProfileMatch              : 
23:29:58 INFO  ProfileMatch              :                 name: Facebook
23:29:58 INFO  ProfileMatch              :             category: SocialMedia
23:29:58 INFO  ProfileMatch              :              version: 12.2.0  [OLD VERSION]
23:29:58 INFO  ProfileMatch              :         release-date: 06.12.2021
23:29:58 INFO  ProfileMatch              :     lib root package: "com.facebook.all"  (in app: "a")
23:29:58 INFO  ProfileMatch              : 
23:29:58 INFO  ProfileMatch              :                 name: Facebook
23:29:58 INFO  ProfileMatch              :             category: SocialMedia
23:29:58 INFO  ProfileMatch              :              version: 12.3.0  [OLD VERSION]
23:29:58 INFO  ProfileMatch              :         release-date: 10.01.2022
23:29:58 INFO  ProfileMatch              :     lib root package: "com.facebook.all"  (in app: "a")
23:29:58 INFO  ProfileMatch              : 
23:29:58 INFO  ProfileMatch              :                 name: Facebook
23:29:58 INFO  ProfileMatch              :             category: SocialMedia
23:29:58 INFO  ProfileMatch              :              version: 13.0.0  [OLD VERSION]
23:29:58 INFO  ProfileMatch              :         release-date: 23.02.2022
23:29:58 INFO  ProfileMatch              :     lib root package: "com.facebook.all"  (in app: "a")
23:29:58 INFO  ProfileMatch              : 
23:29:58 INFO  ProfileMatch              :                 name: Facebook
23:29:58 INFO  ProfileMatch              :             category: SocialMedia
23:29:58 INFO  ProfileMatch              :              version: 13.1.0  [OLD VERSION]
23:29:58 INFO  ProfileMatch              :         release-date: 21.03.2022
23:29:58 INFO  ProfileMatch              :     lib root package: "com.facebook.all"  (in app: "a")
23:29:58 INFO  ProfileMatch              : 
23:29:58 INFO  ProfileMatch              :                 name: Facebook
23:29:58 INFO  ProfileMatch              :             category: SocialMedia
23:29:58 INFO  ProfileMatch              :              version: 13.2.0  [OLD VERSION]
23:29:58 INFO  ProfileMatch              :         release-date: 22.04.2022
23:29:58 INFO  ProfileMatch              :     lib root package: "com.facebook.all"  (in app: "a")
23:29:58 INFO  ProfileMatch              : 
23:29:58 INFO  ProfileMatch              :                 name: Facebook
23:29:58 INFO  ProfileMatch              :             category: SocialMedia
23:29:58 INFO  ProfileMatch              :              version: 14.0.0
23:29:58 INFO  ProfileMatch              :         release-date: 14.06.2022
23:29:58 INFO  ProfileMatch              :     lib root package: "com.facebook.all"  (in app: "a")
23:29:58 INFO  ProfileMatch              : 
23:29:59 INFO  LibraryIdentifier         : 
23:29:59 INFO  LibraryIdentifier         : - Partial library matches:
23:29:59 INFO  LibraryIdentifier         : 
23:29:59 INFO  LibraryIdentifier         : App processing time: 17 sec, 836 ms
