18:36:16 INFO  LibraryIdentifier         : Process app: godau.fynn.usagedirect.system_9.apk
18:36:16 INFO  LibraryIdentifier         : = Manifest Parser =
18:36:16 INFO  LibraryIdentifier         :         Package name: godau.fynn.usagedirect.system
18:36:16 INFO  LibraryIdentifier         :         Version code: 9
18:36:16 INFO  LibraryIdentifier         :        minSdkVersion: 21
18:36:16 INFO  LibraryIdentifier         :     targetSdkVersion: 28
18:36:16 INFO  LibraryIdentifier         :         SharedUserId:  - none -
18:36:16 INFO  LibraryIdentifier         :     Library dependencies:  - none -
18:36:16 INFO  LibraryIdentifier         : 
18:36:16 INFO  LibraryIdentifier         : Found 402 unique libraries in 12405 library profiles
18:36:16 INFO  LibraryIdentifier         : Multi-dex apk detected - Code is merged to single class hierarchy!
18:36:17 INFO  LibraryIdentifier         : Generated class hierarchy (in 611 ms)
18:36:17 INFO  WalaUtils                 : 
18:36:17 INFO  WalaUtils                 : = ClassHierarchy Stats =
18:36:17 INFO  WalaUtils                 :     # of classes: 3255
18:36:17 INFO  WalaUtils                 :     # thereof inner classes: 1703
18:36:17 INFO  WalaUtils                 :     # thereof public classes: 1815
18:36:17 INFO  WalaUtils                 :         Activity : 10
18:36:17 INFO  WalaUtils                 :         Application : 0
18:36:17 INFO  WalaUtils                 :         AsyncTask : 5
18:36:17 INFO  WalaUtils                 :         BroadcastReceiver : 3
18:36:17 INFO  WalaUtils                 :         ContentProvider : 1
18:36:17 INFO  WalaUtils                 :         Fragment : 1
18:36:17 INFO  WalaUtils                 :         Handler : 4
18:36:17 INFO  WalaUtils                 :         LayoutContainer : 42
18:36:17 INFO  WalaUtils                 :         Plain : 3153
18:36:17 INFO  WalaUtils                 :         Runnable : 0
18:36:17 INFO  WalaUtils                 :         Service : 3
18:36:17 INFO  WalaUtils                 :         Thread : 4
18:36:17 INFO  WalaUtils                 :         View : 29
18:36:17 INFO  WalaUtils                 :     # methods: 24623
18:36:17 INFO  WalaUtils                 :         # of publicly accessible methods: 17060
18:36:17 INFO  WalaUtils                 :         # of non-accessible methods: 7563
18:36:17 INFO  WalaUtils                 : 
18:36:17 INFO  Profile                   : = PackageTree =
18:36:17 INFO  PackageTree               : Root Package: androidx
18:36:17 INFO  PackageTree               : └── Root
18:36:17 INFO  PackageTree               :     ├── androidx
18:36:17 INFO  PackageTree               :     │   ├── slidingpanelayout
18:36:17 INFO  PackageTree               :     │   │   └── widget (9)
18:36:17 INFO  PackageTree               :     │   ├── palette
18:36:17 INFO  PackageTree               :     │   │   └── graphics (12)
18:36:17 INFO  PackageTree               :     │   ├── core
18:36:17 INFO  PackageTree               :     │   │   ├── view (86)
18:36:17 INFO  PackageTree               :     │   │   │   ├── accessibility (28)
18:36:17 INFO  PackageTree               :     │   │   │   ├── inputmethod (9)
18:36:17 INFO  PackageTree               :     │   │   │   └── animation (2)
18:36:17 INFO  PackageTree               :     │   │   ├── content (15)
18:36:17 INFO  PackageTree               :     │   │   │   ├── res (20)
18:36:17 INFO  PackageTree               :     │   │   │   └── pm (11)
18:36:17 INFO  PackageTree               :     │   │   ├── provider (28)
18:36:17 INFO  PackageTree               :     │   │   ├── app (98)
18:36:17 INFO  PackageTree               :     │   │   ├── os (18)
18:36:17 INFO  PackageTree               :     │   │   ├── hardware
18:36:17 INFO  PackageTree               :     │   │   │   ├── fingerprint (5)
18:36:17 INFO  PackageTree               :     │   │   │   └── display (1)
18:36:17 INFO  PackageTree               :     │   │   ├── telephony
18:36:17 INFO  PackageTree               :     │   │   │   └── mbms (1)
18:36:17 INFO  PackageTree               :     │   │   ├── graphics (23)
18:36:17 INFO  PackageTree               :     │   │   │   └── drawable (13)
18:36:17 INFO  PackageTree               :     │   │   ├── widget (27)
18:36:17 INFO  PackageTree               :     │   │   ├── util (15)
18:36:17 INFO  PackageTree               :     │   │   ├── internal
18:36:17 INFO  PackageTree               :     │   │   │   └── view (3)
18:36:17 INFO  PackageTree               :     │   │   ├── text (19)
18:36:17 INFO  PackageTree               :     │   │   │   └── util (6)
18:36:17 INFO  PackageTree               :     │   │   ├── location (1)
18:36:17 INFO  PackageTree               :     │   │   ├── accessibilityservice (1)
18:36:17 INFO  PackageTree               :     │   │   ├── database (2)
18:36:17 INFO  PackageTree               :     │   │   │   └── sqlite (1)
18:36:17 INFO  PackageTree               :     │   │   ├── net (6)
18:36:17 INFO  PackageTree               :     │   │   └── math (1)
18:36:17 INFO  PackageTree               :     │   ├── documentfile
18:36:17 INFO  PackageTree               :     │   │   └── provider (5)
18:36:17 INFO  PackageTree               :     │   ├── fragment
18:36:17 INFO  PackageTree               :     │   │   └── app (139)
18:36:17 INFO  PackageTree               :     │   ├── annotation (64)
18:36:17 INFO  PackageTree               :     │   │   └── experimental (3)
18:36:17 INFO  PackageTree               :     │   ├── appcompat
18:36:17 INFO  PackageTree               :     │   │   ├── widget (187)
18:36:17 INFO  PackageTree               :     │   │   ├── graphics
18:36:17 INFO  PackageTree               :     │   │   │   └── drawable (16)
18:36:17 INFO  PackageTree               :     │   │   ├── app (80)
18:36:17 INFO  PackageTree               :     │   │   ├── view (14)
18:36:17 INFO  PackageTree               :     │   │   │   └── menu (48)
18:36:17 INFO  PackageTree               :     │   │   ├── content
18:36:17 INFO  PackageTree               :     │   │   │   └── res (2)
18:36:17 INFO  PackageTree               :     │   │   └── text (1)
18:36:17 INFO  PackageTree               :     │   ├── recyclerview
18:36:17 INFO  PackageTree               :     │   │   └── widget (201)
18:36:17 INFO  PackageTree               :     │   ├── legacy
18:36:17 INFO  PackageTree               :     │   │   ├── app (5)
18:36:17 INFO  PackageTree               :     │   │   ├── widget (1)
18:36:17 INFO  PackageTree               :     │   │   └── content (1)
18:36:17 INFO  PackageTree               :     │   ├── room (101)
18:36:17 INFO  PackageTree               :     │   │   ├── util (13)
18:36:17 INFO  PackageTree               :     │   │   ├── migration (2)
18:36:17 INFO  PackageTree               :     │   │   └── paging (2)
18:36:17 INFO  PackageTree               :     │   ├── viewpager
18:36:17 INFO  PackageTree               :     │   │   └── widget (24)
18:36:17 INFO  PackageTree               :     │   ├── cursoradapter
18:36:17 INFO  PackageTree               :     │   │   └── widget (9)
18:36:17 INFO  PackageTree               :     │   ├── swiperefreshlayout
18:36:17 INFO  PackageTree               :     │   │   └── widget (18)
18:36:17 INFO  PackageTree               :     │   ├── activity (16)
18:36:17 INFO  PackageTree               :     │   │   ├── result (15)
18:36:17 INFO  PackageTree               :     │   │   │   └── contract (17)
18:36:17 INFO  PackageTree               :     │   │   └── contextaware (3)
18:36:17 INFO  PackageTree               :     │   ├── coordinatorlayout
18:36:17 INFO  PackageTree               :     │   │   └── widget (14)
18:36:17 INFO  PackageTree               :     │   ├── loader
18:36:17 INFO  PackageTree               :     │   │   ├── app (7)
18:36:17 INFO  PackageTree               :     │   │   └── content (15)
18:36:17 INFO  PackageTree               :     │   ├── savedstate (9)
18:36:17 INFO  PackageTree               :     │   ├── arch
18:36:17 INFO  PackageTree               :     │   │   └── core
18:36:17 INFO  PackageTree               :     │   │       ├── executor (6)
18:36:17 INFO  PackageTree               :     │   │       ├── internal (8)
18:36:17 INFO  PackageTree               :     │   │       └── util (1)
18:36:17 INFO  PackageTree               :     │   ├── vectordrawable
18:36:17 INFO  PackageTree               :     │   │   └── graphics
18:36:17 INFO  PackageTree               :     │   │       └── drawable (24)
18:36:17 INFO  PackageTree               :     │   ├── lifecycle (64)
18:36:17 INFO  PackageTree               :     │   ├── customview
18:36:17 INFO  PackageTree               :     │   │   ├── widget (12)
18:36:17 INFO  PackageTree               :     │   │   └── view (3)
18:36:17 INFO  PackageTree               :     │   ├── versionedparcelable (15)
18:36:17 INFO  PackageTree               :     │   ├── print (7)
18:36:17 INFO  PackageTree               :     │   ├── sqlite
18:36:17 INFO  PackageTree               :     │   │   └── db (11)
18:36:17 INFO  PackageTree               :     │   │       └── framework (9)
18:36:17 INFO  PackageTree               :     │   ├── collection (17)
18:36:17 INFO  PackageTree               :     │   ├── drawerlayout
18:36:17 INFO  PackageTree               :     │   │   └── widget (11)
18:36:17 INFO  PackageTree               :     │   ├── asynclayoutinflater
18:36:17 INFO  PackageTree               :     │   │   └── view (6)
18:36:17 INFO  PackageTree               :     │   ├── localbroadcastmanager
18:36:17 INFO  PackageTree               :     │   │   └── content (4)
18:36:17 INFO  PackageTree               :     │   ├── interpolator
18:36:17 INFO  PackageTree               :     │   │   └── view
18:36:17 INFO  PackageTree               :     │   │       └── animation (4)
18:36:17 INFO  PackageTree               :     │   └── tracing (3)
18:36:17 INFO  PackageTree               :     ├── j$
18:36:17 INFO  PackageTree               :     │   ├── util (43)
18:36:17 INFO  PackageTree               :     │   │   ├── stream (289)
18:36:17 INFO  PackageTree               :     │   │   ├── function (31)
18:36:17 INFO  PackageTree               :     │   │   └── concurrent (30)
18:36:17 INFO  PackageTree               :     │   ├── time (15)
18:36:17 INFO  PackageTree               :     │   │   ├── chrono (8)
18:36:17 INFO  PackageTree               :     │   │   ├── format (28)
18:36:17 INFO  PackageTree               :     │   │   ├── temporal (20)
18:36:17 INFO  PackageTree               :     │   │   └── zone (7)
18:36:17 INFO  PackageTree               :     │   ├── lang (1)
18:36:17 INFO  PackageTree               :     │   └── com
18:36:17 INFO  PackageTree               :     │       └── android
18:36:17 INFO  PackageTree               :     │           └── tools
18:36:17 INFO  PackageTree               :     │               └── r8 (1)
18:36:17 INFO  PackageTree               :     ├── org
18:36:17 INFO  PackageTree               :     │   ├── ocpsoft
18:36:17 INFO  PackageTree               :     │   │   └── prettytime (5)
18:36:17 INFO  PackageTree               :     │   │       ├── i18n (68)
18:36:17 INFO  PackageTree               :     │   │       ├── units (13)
18:36:17 INFO  PackageTree               :     │   │       ├── impl (4)
18:36:17 INFO  PackageTree               :     │   │       └── format (1)
18:36:17 INFO  PackageTree               :     │   ├── jetbrains
18:36:17 INFO  PackageTree               :     │   │   └── annotations (7)
18:36:17 INFO  PackageTree               :     │   └── intellij
18:36:17 INFO  PackageTree               :     │       └── lang
18:36:17 INFO  PackageTree               :     │           └── annotations (25)
18:36:17 INFO  PackageTree               :     ├── kotlin (90)
18:36:17 INFO  PackageTree               :     │   ├── jvm (18)
18:36:17 INFO  PackageTree               :     │   │   ├── internal (76)
18:36:17 INFO  PackageTree               :     │   │   │   ├── markers (9)
18:36:17 INFO  PackageTree               :     │   │   │   └── unsafe (1)
18:36:17 INFO  PackageTree               :     │   │   └── functions (24)
18:36:17 INFO  PackageTree               :     │   ├── collections (133)
18:36:17 INFO  PackageTree               :     │   │   └── unsigned (11)
18:36:17 INFO  PackageTree               :     │   ├── internal (17)
18:36:17 INFO  PackageTree               :     │   │   └── jdk7 (1)
18:36:17 INFO  PackageTree               :     │   ├── io (35)
18:36:17 INFO  PackageTree               :     │   ├── text (66)
18:36:17 INFO  PackageTree               :     │   ├── ranges (38)
18:36:17 INFO  PackageTree               :     │   ├── random (12)
18:36:17 INFO  PackageTree               :     │   ├── contracts (11)
18:36:17 INFO  PackageTree               :     │   ├── reflect (37)
18:36:17 INFO  PackageTree               :     │   ├── sequences (75)
18:36:17 INFO  PackageTree               :     │   ├── properties (7)
18:36:17 INFO  PackageTree               :     │   ├── coroutines (22)
18:36:17 INFO  PackageTree               :     │   │   ├── experimental (24)
18:36:17 INFO  PackageTree               :     │   │   │   ├── intrinsics (6)
18:36:17 INFO  PackageTree               :     │   │   │   ├── jvm
18:36:17 INFO  PackageTree               :     │   │   │   │   └── internal (2)
18:36:17 INFO  PackageTree               :     │   │   │   └── migration (12)
18:36:17 INFO  PackageTree               :     │   │   ├── intrinsics (10)
18:36:17 INFO  PackageTree               :     │   │   └── jvm
18:36:17 INFO  PackageTree               :     │   │       └── internal (16)
18:36:17 INFO  PackageTree               :     │   ├── comparisons (23)
18:36:17 INFO  PackageTree               :     │   ├── system (2)
18:36:17 INFO  PackageTree               :     │   ├── experimental (2)
18:36:17 INFO  PackageTree               :     │   ├── math (5)
18:36:17 INFO  PackageTree               :     │   ├── native
18:36:17 INFO  PackageTree               :     │   │   └── concurrent (2)
18:36:17 INFO  PackageTree               :     │   ├── annotation (6)
18:36:17 INFO  PackageTree               :     │   ├── concurrent (5)
18:36:17 INFO  PackageTree               :     │   ├── js (1)
18:36:17 INFO  PackageTree               :     │   └── jdk7 (1)
18:36:17 INFO  PackageTree               :     ├── com
18:36:17 INFO  PackageTree               :     │   ├── madrapps
18:36:17 INFO  PackageTree               :     │   │   └── pikolo (9)
18:36:17 INFO  PackageTree               :     │   │       ├── components (2)
18:36:17 INFO  PackageTree               :     │   │       │   ├── hsl (4)
18:36:17 INFO  PackageTree               :     │   │       │   └── rgb (4)
18:36:17 INFO  PackageTree               :     │   │       └── listeners (2)
18:36:17 INFO  PackageTree               :     │   └── ogaclejapan
18:36:17 INFO  PackageTree               :     │       └── smarttablayout (14)
18:36:17 INFO  PackageTree               :     ├── godau
18:36:17 INFO  PackageTree               :     │   └── fynn
18:36:17 INFO  PackageTree               :     │       ├── usagedirect (5)
18:36:17 INFO  PackageTree               :     │       │   ├── activity (7)
18:36:17 INFO  PackageTree               :     │       │   │   └── fragment (2)
18:36:17 INFO  PackageTree               :     │       │   ├── charts (7)
18:36:17 INFO  PackageTree               :     │       │   ├── view (2)
18:36:17 INFO  PackageTree               :     │       │   │   ├── adapter (10)
18:36:17 INFO  PackageTree               :     │       │   │   │   └── system (2)
18:36:17 INFO  PackageTree               :     │       │   │   └── dialog (1)
18:36:17 INFO  PackageTree               :     │       │   ├── wrapper (5)
18:36:17 INFO  PackageTree               :     │       │   ├── thread
18:36:17 INFO  PackageTree               :     │       │   │   └── icon (2)
18:36:17 INFO  PackageTree               :     │       │   └── persistence (1)
18:36:17 INFO  PackageTree               :     │       ├── librariesdirect (8)
18:36:17 INFO  PackageTree               :     │       │   ├── adapter (16)
18:36:17 INFO  PackageTree               :     │       │   └── model (7)
18:36:17 INFO  PackageTree               :     │       └── typedrecyclerview (4)
18:36:17 INFO  PackageTree               :     ├── im
18:36:17 INFO  PackageTree               :     │   └── dacer
18:36:17 INFO  PackageTree               :     │       └── androidcharts (2)
18:36:17 INFO  PackageTree               :     │           ├── bar (20)
18:36:17 INFO  PackageTree               :     │           ├── line (3)
18:36:17 INFO  PackageTree               :     │           ├── pie (4)
18:36:17 INFO  PackageTree               :     │           └── clockpie (4)
18:36:17 INFO  PackageTree               :     └── android
18:36:17 INFO  PackageTree               :         └── support
18:36:17 INFO  PackageTree               :             └── v4
18:36:17 INFO  PackageTree               :                 ├── os (8)
18:36:17 INFO  PackageTree               :                 ├── app (5)
18:36:17 INFO  PackageTree               :                 └── graphics
18:36:17 INFO  PackageTree               :                     └── drawable (1)
18:36:17 INFO  Profile                   : 
18:36:17 INFO  AppProfile                : - generated app package tree (in 174 ms)
18:36:17 INFO  AppProfile                : 
18:36:17 DEBUG HashTree                  : Generate hash tree..
18:36:18 DEBUG HashTree                  :     - generated 154 package hashes.
18:36:18 DEBUG HashTree                  :     - generated 3049 clazz hashes.
18:36:18 DEBUG HashTree                  :     - generated 24623 method hashes.
18:36:18 DEBUG HashTree                  :     => Library Hash: c13451c6868747dca51e3cb410e14096
18:36:18 INFO  AppProfile                : - generated app hash trees (in 358 ms)
18:36:18 INFO  AppProfile                : 
18:36:18 INFO  LibraryIdentifier         : = Scan for library root packages (heuristic) =
18:36:18 INFO  LibraryIdentifier         :     - Found lib root package org.ocpsoft.prettytime  (PrettyTime)
18:36:18 INFO  LibraryIdentifier         :     - Found lib root package androidx.annotation  (androidx.annotation::annotation)
18:36:18 INFO  LibraryIdentifier         :     - Found lib root package androidx.appcompat  (androidx.appcompat::appcompat)
18:36:18 INFO  LibraryIdentifier         :     - Found lib root package androidx.arch.core  (androidx.arch.core::core-common)
18:36:18 INFO  LibraryIdentifier         :     - Found lib root package androidx.arch.core.executor  (androidx.arch.core::core-runtime)
18:36:18 INFO  LibraryIdentifier         :     - Found lib root package androidx.asynclayoutinflater.view  (androidx.asynclayoutinflater::asynclayoutinflater)
18:36:18 INFO  LibraryIdentifier         :     - Found lib root package androidx.collection  (androidx.collection::collection)
18:36:18 INFO  LibraryIdentifier         :     - Found lib root package androidx.collection  (androidx.collection::collection-ktx)
18:36:18 INFO  LibraryIdentifier         :     - Found lib root package androidx.coordinatorlayout.widget  (androidx.coordinatorlayout::coordinatorlayout)
18:36:18 INFO  LibraryIdentifier         :     - Found lib root package androidx.core  (androidx.core::core)
18:36:18 INFO  LibraryIdentifier         :     - Found lib root package androidx  (androidx.core::core-ktx)
18:36:18 INFO  LibraryIdentifier         :     - Found lib root package androidx.cursoradapter.widget  (androidx.cursoradapter::cursoradapter)
18:36:18 INFO  LibraryIdentifier         :     - Found lib root package androidx.customview  (androidx.customview::customview)
18:36:18 INFO  LibraryIdentifier         :     - Found lib root package androidx.documentfile.provider  (androidx.documentfile::documentfile)
18:36:18 INFO  LibraryIdentifier         :     - Found lib root package androidx.drawerlayout.widget  (androidx.drawerlayout::drawerlayout)
18:36:18 INFO  LibraryIdentifier         :     - Found lib root package androidx.fragment.app  (androidx.fragment::fragment)
18:36:18 INFO  LibraryIdentifier         :     - Found lib root package androidx.fragment.app  (androidx.fragment::fragment-ktx)
18:36:18 INFO  LibraryIdentifier         :     - Found lib root package androidx.interpolator.view.animation  (androidx.interpolator::interpolator)
18:36:18 INFO  LibraryIdentifier         :     - Found lib root package androidx.legacy  (androidx.legacy::legacy-support-core-ui)
18:36:18 INFO  LibraryIdentifier         :     - Found lib root package androidx.legacy.content  (androidx.legacy::legacy-support-core-utils)
18:36:18 INFO  LibraryIdentifier         :     - Found lib root package androidx.legacy  (androidx.legacy::legacy-support-v13)
18:36:18 INFO  LibraryIdentifier         :     - Found lib root package androidx.lifecycle  (androidx.lifecycle::lifecycle-common)
18:36:18 INFO  LibraryIdentifier         :     - Found lib root package androidx.lifecycle  (androidx.lifecycle::lifecycle-common-java8)
18:36:18 INFO  LibraryIdentifier         :     - Found lib root package androidx.lifecycle  (androidx.lifecycle::lifecycle-compiler)
18:36:18 INFO  LibraryIdentifier         :     - Found lib root package androidx.lifecycle  (androidx.lifecycle::lifecycle-extensions)
18:36:18 INFO  LibraryIdentifier         :     - Found lib root package androidx.lifecycle  (androidx.lifecycle::lifecycle-livedata)
18:36:18 INFO  LibraryIdentifier         :     - Found lib root package androidx.lifecycle  (androidx.lifecycle::lifecycle-livedata-core)
18:36:18 INFO  LibraryIdentifier         :     - Found lib root package androidx.lifecycle  (androidx.lifecycle::lifecycle-process)
18:36:18 INFO  LibraryIdentifier         :     - Found lib root package androidx.lifecycle  (androidx.lifecycle::lifecycle-reactivestreams)
18:36:18 INFO  LibraryIdentifier         :     - Found lib root package androidx.lifecycle  (androidx.lifecycle::lifecycle-reactivestreams-ktx)
18:36:18 INFO  LibraryIdentifier         :     - Found lib root package androidx.lifecycle  (androidx.lifecycle::lifecycle-runtime)
18:36:18 INFO  LibraryIdentifier         :     - Found lib root package androidx.lifecycle  (androidx.lifecycle::lifecycle-service)
18:36:18 INFO  LibraryIdentifier         :     - Found lib root package androidx.lifecycle  (androidx.lifecycle::lifecycle-viewmodel)
18:36:18 INFO  LibraryIdentifier         :     - Found lib root package androidx.lifecycle  (androidx.lifecycle::lifecycle-viewmodel-ktx)
18:36:18 INFO  LibraryIdentifier         :     - Found lib root package androidx.loader  (androidx.loader::loader)
18:36:18 INFO  LibraryIdentifier         :     - Found lib root package androidx.localbroadcastmanager.content  (androidx.localbroadcastmanager::localbroadcastmanager)
18:36:18 INFO  LibraryIdentifier         :     - Found lib root package androidx.palette.graphics  (androidx.palette::palette)
18:36:18 INFO  LibraryIdentifier         :     - Found lib root package androidx.palette.graphics  (androidx.palette::palette-ktx)
18:36:18 INFO  LibraryIdentifier         :     - Found lib root package androidx.print  (androidx.print::print)
18:36:18 INFO  LibraryIdentifier         :     - Found lib root package androidx.recyclerview.widget  (androidx.recyclerview::recyclerview)
18:36:18 INFO  LibraryIdentifier         :     - Found lib root package androidx.room  (androidx.room::room-common)
18:36:18 INFO  LibraryIdentifier         :     - Found lib root package androidx.room  (androidx.room::room-compiler)
18:36:18 INFO  LibraryIdentifier         :     - Found lib root package androidx.room  (androidx.room::room-runtime)
18:36:18 INFO  LibraryIdentifier         :     - Found lib root package androidx.room  (androidx.room::room-rxjava2)
18:36:18 INFO  LibraryIdentifier         :     - Found lib root package androidx.slidingpanelayout.widget  (androidx.slidingpanelayout::slidingpanelayout)
18:36:18 INFO  LibraryIdentifier         :     - Found lib root package androidx.sqlite.db  (androidx.sqlite::sqlite)
18:36:18 INFO  LibraryIdentifier         :     - Found lib root package androidx.sqlite.db.framework  (androidx.sqlite::sqlite-framework)
18:36:18 INFO  LibraryIdentifier         :     - Found lib root package androidx.sqlite.db  (androidx.sqlite::sqlite-ktx)
18:36:18 INFO  LibraryIdentifier         :     - Found lib root package androidx.swiperefreshlayout.widget  (androidx.swiperefreshlayout::swiperefreshlayout)
18:36:18 INFO  LibraryIdentifier         :     - Found lib root package androidx.vectordrawable.graphics.drawable  (androidx.vectordrawable::vectordrawable)
18:36:18 INFO  LibraryIdentifier         :     - Found lib root package androidx.vectordrawable.graphics.drawable  (androidx.vectordrawable::vectordrawable-animated)
18:36:18 INFO  LibraryIdentifier         :     - Found lib root package androidx.versionedparcelable  (androidx.versionedparcelable::versionedparcelable)
18:36:18 INFO  LibraryIdentifier         :     - Found lib root package androidx.viewpager.widget  (androidx.viewpager::viewpager)
18:36:18 INFO  LibraryIdentifier         :     - Found lib root package android.support.v4  (com.android.support::customview)
18:36:18 INFO  LibraryIdentifier         :     - Found lib root package android.support.v4  (com.android.support::loader)
18:36:18 INFO  LibraryIdentifier         :     - Found lib root package android.support.v4  (com.android.support::support-compat)
18:36:18 INFO  LibraryIdentifier         :     - Found lib root package android.support.v4  (com.android.support::support-core-ui)
18:36:18 INFO  LibraryIdentifier         :     - Found lib root package android.support.v4  (com.android.support::support-core-utils)
18:36:18 INFO  LibraryIdentifier         :     - Found lib root package android.support.v4.app  (com.android.support::support-fragment)
18:36:18 INFO  LibraryIdentifier         :     - Found lib root package android.support.v4  (com.android.support::support-v4)
18:36:18 INFO  LibraryIdentifier         :     - Found lib root package androidx.versionedparcelable  (com.android.support::versionedparcelable)
18:36:18 INFO  LibraryIdentifier         : 
18:36:18 INFO  LibraryIdentifier         : = Match profiles =
18:37:01 INFO  LibraryIdentifier         :     >> profile matching done (43 sec, 842 ms)
18:37:01 INFO  LibraryIdentifier         : 
18:37:01 INFO  LibraryIdentifier         : == Report ==
18:37:01 INFO  LibraryIdentifier         : - Full library matches:
18:37:01 INFO  ProfileMatch              :                 name: androidx.customview::customview
18:37:01 INFO  ProfileMatch              :             category: Android
18:37:01 INFO  ProfileMatch              :              version: 1.0.0  [OLD VERSION]
18:37:01 INFO  ProfileMatch              :         release-date:  --
18:37:01 INFO  ProfileMatch              :     lib root package: "androidx.customview"
18:37:01 INFO  ProfileMatch              : 
18:37:01 INFO  ProfileMatch              :                 name: androidx.appcompat::appcompat
18:37:01 INFO  ProfileMatch              :             category: Android
18:37:01 INFO  ProfileMatch              :              version: 1.0.0  [OLD VERSION]
18:37:01 INFO  ProfileMatch              :         release-date:  --
18:37:01 INFO  ProfileMatch              :     lib root package: "androidx.appcompat"
18:37:01 INFO  ProfileMatch              : 
18:37:01 INFO  ProfileMatch              :                 name: androidx.appcompat::appcompat
18:37:01 INFO  ProfileMatch              :             category: Android
18:37:01 INFO  ProfileMatch              :              version: 1.0.1  [OLD VERSION]
18:37:01 INFO  ProfileMatch              :         release-date:  --
18:37:01 INFO  ProfileMatch              :     lib root package: "androidx.appcompat"
18:37:01 INFO  ProfileMatch              : 
18:37:01 INFO  ProfileMatch              :                 name: androidx.appcompat::appcompat
18:37:01 INFO  ProfileMatch              :             category: Android
18:37:01 INFO  ProfileMatch              :              version: 1.0.2  [OLD VERSION]
18:37:01 INFO  ProfileMatch              :         release-date:  --
18:37:01 INFO  ProfileMatch              :     lib root package: "androidx.appcompat"
18:37:01 INFO  ProfileMatch              : 
18:37:01 INFO  ProfileMatch              :                 name: androidx.cursoradapter::cursoradapter
18:37:01 INFO  ProfileMatch              :             category: Android
18:37:01 INFO  ProfileMatch              :              version: 1.0.0
18:37:01 INFO  ProfileMatch              :         release-date:  --
18:37:01 INFO  ProfileMatch              :     lib root package: "androidx.cursoradapter.widget"
18:37:01 INFO  ProfileMatch              : 
18:37:01 INFO  ProfileMatch              :                 name: androidx.room::room-common
18:37:01 INFO  ProfileMatch              :             category: Android
18:37:01 INFO  ProfileMatch              :              version: 2.3.0  [OLD VERSION]
18:37:01 INFO  ProfileMatch              :         release-date:  --
18:37:01 INFO  ProfileMatch              :     lib root package: "androidx.room"
18:37:01 INFO  ProfileMatch              : 
18:37:01 INFO  ProfileMatch              :                 name: androidx.recyclerview::recyclerview
18:37:01 INFO  ProfileMatch              :             category: Android
18:37:01 INFO  ProfileMatch              :              version: 1.2.0  [OLD VERSION]
18:37:01 INFO  ProfileMatch              :         release-date:  --
18:37:01 INFO  ProfileMatch              :     lib root package: "androidx.recyclerview.widget"
18:37:01 INFO  ProfileMatch              : 
18:37:01 INFO  ProfileMatch              :                 name: androidx.recyclerview::recyclerview
18:37:01 INFO  ProfileMatch              :             category: Android
18:37:01 INFO  ProfileMatch              :              version: 1.2.1
18:37:01 INFO  ProfileMatch              :         release-date:  --
18:37:01 INFO  ProfileMatch              :     lib root package: "androidx.recyclerview.widget"
18:37:01 INFO  ProfileMatch              : 
18:37:02 INFO  ProfileMatch              :                 name: com.android.support::loader
18:37:02 INFO  ProfileMatch              :             category: Android
18:37:02 INFO  ProfileMatch              :              version: 28.0.0
18:37:02 INFO  ProfileMatch              :         release-date:  --
18:37:02 INFO  ProfileMatch              :     lib root package: "android.support.v4"  (in app: "androidx.loader")
18:37:02 INFO  ProfileMatch              : 
18:37:02 INFO  ProfileMatch              :                 name: androidx.annotation::annotation
18:37:02 INFO  ProfileMatch              :             category: Android
18:37:02 INFO  ProfileMatch              :              version: 1.0.1  [OLD VERSION]
18:37:02 INFO  ProfileMatch              :         release-date:  --
18:37:02 INFO  ProfileMatch              :     lib root package: "androidx.annotation"
18:37:02 INFO  ProfileMatch              : 
18:37:02 INFO  ProfileMatch              :                 name: androidx.annotation::annotation
18:37:02 INFO  ProfileMatch              :             category: Android
18:37:02 INFO  ProfileMatch              :              version: 1.0.2  [OLD VERSION]
18:37:02 INFO  ProfileMatch              :         release-date:  --
18:37:02 INFO  ProfileMatch              :     lib root package: "androidx.annotation"
18:37:02 INFO  ProfileMatch              : 
18:37:02 INFO  ProfileMatch              :                 name: androidx.annotation::annotation
18:37:02 INFO  ProfileMatch              :             category: Android
18:37:02 INFO  ProfileMatch              :              version: 1.1.0  [OLD VERSION]
18:37:02 INFO  ProfileMatch              :         release-date:  --
18:37:02 INFO  ProfileMatch              :     lib root package: "androidx.annotation"
18:37:02 INFO  ProfileMatch              : 
18:37:02 INFO  ProfileMatch              :                 name: androidx.annotation::annotation
18:37:02 INFO  ProfileMatch              :             category: Android
18:37:02 INFO  ProfileMatch              :              version: 1.2.0  [OLD VERSION]
18:37:02 INFO  ProfileMatch              :         release-date:  --
18:37:02 INFO  ProfileMatch              :     lib root package: "androidx.annotation"
18:37:02 INFO  ProfileMatch              : 
18:37:02 INFO  ProfileMatch              :                 name: androidx.annotation::annotation
18:37:02 INFO  ProfileMatch              :             category: Android
18:37:02 INFO  ProfileMatch              :              version: 1.3.0  [OLD VERSION]
18:37:02 INFO  ProfileMatch              :         release-date:  --
18:37:02 INFO  ProfileMatch              :     lib root package: "androidx.annotation"
18:37:02 INFO  ProfileMatch              : 
18:37:02 INFO  ProfileMatch              :                 name: androidx.annotation::annotation
18:37:02 INFO  ProfileMatch              :             category: Android
18:37:02 INFO  ProfileMatch              :              version: 1.4.0
18:37:02 INFO  ProfileMatch              :         release-date:  --
18:37:02 INFO  ProfileMatch              :     lib root package: "androidx.annotation"
18:37:02 INFO  ProfileMatch              : 
18:37:02 INFO  ProfileMatch              :                 name: androidx.coordinatorlayout::coordinatorlayout
18:37:02 INFO  ProfileMatch              :             category: Android
18:37:02 INFO  ProfileMatch              :              version: 1.0.0  [OLD VERSION]
18:37:02 INFO  ProfileMatch              :         release-date:  --
18:37:02 INFO  ProfileMatch              :     lib root package: "androidx.coordinatorlayout.widget"
18:37:02 INFO  ProfileMatch              : 
18:37:02 INFO  ProfileMatch              :                 name: androidx.swiperefreshlayout::swiperefreshlayout
18:37:02 INFO  ProfileMatch              :             category: Android
18:37:02 INFO  ProfileMatch              :              version: 1.0.0  [OLD VERSION]
18:37:02 INFO  ProfileMatch              :         release-date:  --
18:37:02 INFO  ProfileMatch              :     lib root package: "androidx.swiperefreshlayout.widget"
18:37:02 INFO  ProfileMatch              : 
18:37:02 INFO  ProfileMatch              :                 name: com.android.support::localbroadcastmanager
18:37:02 INFO  ProfileMatch              :             category: Android
18:37:02 INFO  ProfileMatch              :              version: 28.0.0
18:37:02 INFO  ProfileMatch              :         release-date:  --
18:37:02 INFO  ProfileMatch              :     lib root package: "android.support.v4.content"  (in app: "androidx.localbroadcastmanager.content")
18:37:02 INFO  ProfileMatch              : 
18:37:02 INFO  ProfileMatch              :                 name: com.android.support::appcompat-v7
18:37:02 INFO  ProfileMatch              :             category: Android
18:37:02 INFO  ProfileMatch              :              version: 28.0.0
18:37:02 INFO  ProfileMatch              :         release-date:  --
18:37:02 INFO  ProfileMatch              :     lib root package: "android.support.v7"  (in app: "androidx.appcompat")
18:37:02 INFO  ProfileMatch              : 
18:37:02 INFO  ProfileMatch              :                 name: com.android.support::customview
18:37:02 INFO  ProfileMatch              :             category: Android
18:37:02 INFO  ProfileMatch              :              version: 28.0.0
18:37:02 INFO  ProfileMatch              :         release-date:  --
18:37:02 INFO  ProfileMatch              :     lib root package: "android.support.v4"  (in app: "androidx.customview")
18:37:02 INFO  ProfileMatch              : 
18:37:02 INFO  ProfileMatch              :                 name: com.android.support::drawerlayout
18:37:02 INFO  ProfileMatch              :             category: Android
18:37:02 INFO  ProfileMatch              :              version: 28.0.0
18:37:02 INFO  ProfileMatch              :         release-date:  --
18:37:02 INFO  ProfileMatch              :     lib root package: "android.support.v4.widget"  (in app: "androidx.drawerlayout.widget")
18:37:02 INFO  ProfileMatch              : 
18:37:02 INFO  ProfileMatch              :                 name: androidx.loader::loader
18:37:02 INFO  ProfileMatch              :             category: Android
18:37:02 INFO  ProfileMatch              :              version: 1.0.0  [OLD VERSION]
18:37:02 INFO  ProfileMatch              :         release-date:  --
18:37:02 INFO  ProfileMatch              :     lib root package: "androidx.loader"
18:37:02 INFO  ProfileMatch              : 
18:37:02 INFO  ProfileMatch              :                 name: androidx.print::print
18:37:02 INFO  ProfileMatch              :             category: Android
18:37:02 INFO  ProfileMatch              :              version: 1.0.0
18:37:02 INFO  ProfileMatch              :         release-date:  --
18:37:02 INFO  ProfileMatch              :     lib root package: "androidx.print"
18:37:02 INFO  ProfileMatch              : 
18:37:02 INFO  ProfileMatch              :                 name: androidx.drawerlayout::drawerlayout
18:37:02 INFO  ProfileMatch              :             category: Android
18:37:02 INFO  ProfileMatch              :              version: 1.0.0  [OLD VERSION]
18:37:02 INFO  ProfileMatch              :         release-date:  --
18:37:02 INFO  ProfileMatch              :     lib root package: "androidx.drawerlayout.widget"
18:37:02 INFO  ProfileMatch              : 
18:37:02 INFO  ProfileMatch              :                 name: com.android.support::support-core-utils
18:37:02 INFO  ProfileMatch              :             category: Android
18:37:02 INFO  ProfileMatch              :              version: 28.0.0
18:37:02 INFO  ProfileMatch              :         release-date:  --
18:37:02 INFO  ProfileMatch              :     lib root package: "android.support.v4.content"  (in app: "androidx.legacy.content")
18:37:02 INFO  ProfileMatch              : 
18:37:02 INFO  ProfileMatch              :                 name: com.android.support::swiperefreshlayout
18:37:02 INFO  ProfileMatch              :             category: Android
18:37:02 INFO  ProfileMatch              :              version: 28.0.0
18:37:02 INFO  ProfileMatch              :         release-date:  --
18:37:02 INFO  ProfileMatch              :     lib root package: "android.support.v4.widget"  (in app: "androidx.swiperefreshlayout.widget")
18:37:02 INFO  ProfileMatch              : 
18:37:02 INFO  ProfileMatch              :                 name: com.android.support::print
18:37:02 INFO  ProfileMatch              :             category: Android
18:37:02 INFO  ProfileMatch              :              version: 28.0.0
18:37:02 INFO  ProfileMatch              :         release-date:  --
18:37:02 INFO  ProfileMatch              :     lib root package: "android.support.v4.print"  (in app: "androidx.print")
18:37:02 INFO  ProfileMatch              : 
18:37:02 INFO  ProfileMatch              :                 name: androidx.sqlite::sqlite-framework
18:37:02 INFO  ProfileMatch              :             category: Android
18:37:02 INFO  ProfileMatch              :              version: 2.1.0  [OLD VERSION]
18:37:02 INFO  ProfileMatch              :         release-date:  --
18:37:02 INFO  ProfileMatch              :     lib root package: "androidx.sqlite.db.framework"
18:37:02 INFO  ProfileMatch              : 
18:37:02 INFO  ProfileMatch              :                 name: androidx.arch.core::core-runtime
18:37:02 INFO  ProfileMatch              :             category: Android
18:37:02 INFO  ProfileMatch              :              version: 2.1.0
18:37:02 INFO  ProfileMatch              :         release-date:  --
18:37:02 INFO  ProfileMatch              :     lib root package: "androidx.arch.core.executor"
18:37:02 INFO  ProfileMatch              : 
18:37:02 INFO  ProfileMatch              :                 name: com.android.support::multidex-instrumentation
18:37:02 INFO  ProfileMatch              :             category: Android
18:37:02 INFO  ProfileMatch              :              version: 1.0.0  [OLD VERSION]
18:37:02 INFO  ProfileMatch              :         release-date:  --
18:37:02 INFO  ProfileMatch              :     lib root package: "com.android.test.runner"  (in app: "godau.fynn.usagedirect.activity")
18:37:02 INFO  ProfileMatch              : 
18:37:02 INFO  ProfileMatch              :                 name: com.android.support::multidex-instrumentation
18:37:02 INFO  ProfileMatch              :             category: Android
18:37:02 INFO  ProfileMatch              :              version: 1.0.1  [OLD VERSION]
18:37:02 INFO  ProfileMatch              :         release-date:  --
18:37:02 INFO  ProfileMatch              :     lib root package: "com.android.test.runner"  (in app: "godau.fynn.usagedirect.activity")
18:37:02 INFO  ProfileMatch              : 
18:37:02 INFO  ProfileMatch              :                 name: com.android.support::multidex-instrumentation
18:37:02 INFO  ProfileMatch              :             category: Android
18:37:02 INFO  ProfileMatch              :              version: 1.0.2  [OLD VERSION]
18:37:02 INFO  ProfileMatch              :         release-date:  --
18:37:02 INFO  ProfileMatch              :     lib root package: "com.android.test.runner"  (in app: "godau.fynn.usagedirect.activity")
18:37:02 INFO  ProfileMatch              : 
18:37:02 INFO  ProfileMatch              :                 name: com.android.support::multidex-instrumentation
18:37:02 INFO  ProfileMatch              :             category: Android
18:37:02 INFO  ProfileMatch              :              version: 1.0.3
18:37:02 INFO  ProfileMatch              :         release-date:  --
18:37:02 INFO  ProfileMatch              :     lib root package: "com.android.test.runner"  (in app: "godau.fynn.usagedirect.activity")
18:37:02 INFO  ProfileMatch              : 
18:37:02 INFO  ProfileMatch              :                 name: com.android.support::asynclayoutinflater
18:37:02 INFO  ProfileMatch              :             category: Android
18:37:02 INFO  ProfileMatch              :              version: 28.0.0
18:37:02 INFO  ProfileMatch              :         release-date:  --
18:37:02 INFO  ProfileMatch              :     lib root package: "android.support.v4.view"  (in app: "androidx.asynclayoutinflater.view")
18:37:02 INFO  ProfileMatch              : 
18:37:02 INFO  ProfileMatch              :                 name: androidx.palette::palette
18:37:02 INFO  ProfileMatch              :             category: Android
18:37:02 INFO  ProfileMatch              :              version: 1.0.0
18:37:02 INFO  ProfileMatch              :         release-date:  --
18:37:02 INFO  ProfileMatch              :     lib root package: "androidx.palette.graphics"
18:37:02 INFO  ProfileMatch              : 
18:37:02 INFO  ProfileMatch              :                 name: androidx.arch.core::core-common
18:37:02 INFO  ProfileMatch              :             category: Android
18:37:02 INFO  ProfileMatch              :              version: 2.0.0  [OLD VERSION]
18:37:02 INFO  ProfileMatch              :         release-date:  --
18:37:02 INFO  ProfileMatch              :     lib root package: "androidx.arch.core"
18:37:02 INFO  ProfileMatch              : 
18:37:02 INFO  ProfileMatch              :                 name: androidx.arch.core::core-common
18:37:02 INFO  ProfileMatch              :             category: Android
18:37:02 INFO  ProfileMatch              :              version: 2.0.1  [OLD VERSION]
18:37:02 INFO  ProfileMatch              :         release-date:  --
18:37:02 INFO  ProfileMatch              :     lib root package: "androidx.arch.core"
18:37:02 INFO  ProfileMatch              : 
18:37:02 INFO  ProfileMatch              :                 name: androidx.arch.core::core-common
18:37:02 INFO  ProfileMatch              :             category: Android
18:37:02 INFO  ProfileMatch              :              version: 2.1.0
18:37:02 INFO  ProfileMatch              :         release-date:  --
18:37:02 INFO  ProfileMatch              :     lib root package: "androidx.arch.core"
18:37:02 INFO  ProfileMatch              : 
18:37:02 INFO  ProfileMatch              :                 name: com.android.support::palette-v7
18:37:02 INFO  ProfileMatch              :             category: Android
18:37:02 INFO  ProfileMatch              :              version: 28.0.0
18:37:02 INFO  ProfileMatch              :         release-date:  --
18:37:02 INFO  ProfileMatch              :     lib root package: "android.support.v7.graphics"  (in app: "androidx.palette.graphics")
18:37:02 INFO  ProfileMatch              : 
18:37:02 INFO  ProfileMatch              :                 name: com.android.support::slidingpanelayout
18:37:02 INFO  ProfileMatch              :             category: Android
18:37:02 INFO  ProfileMatch              :              version: 28.0.0
18:37:02 INFO  ProfileMatch              :         release-date:  --
18:37:02 INFO  ProfileMatch              :     lib root package: "android.support.v4.widget"  (in app: "androidx.slidingpanelayout.widget")
18:37:02 INFO  ProfileMatch              : 
18:37:02 INFO  ProfileMatch              :                 name: androidx.core::core
18:37:02 INFO  ProfileMatch              :             category: Android
18:37:02 INFO  ProfileMatch              :              version: 1.3.2  [OLD VERSION]
18:37:02 INFO  ProfileMatch              :         release-date:  --
18:37:02 INFO  ProfileMatch              :     lib root package: "androidx.core"
18:37:02 INFO  ProfileMatch              : 
18:37:02 INFO  ProfileMatch              :                 name: PrettyTime
18:37:02 INFO  ProfileMatch              :             category: Utilities
18:37:02 INFO  ProfileMatch              :              version: 4.0.2.Final  [OLD VERSION]
18:37:02 INFO  ProfileMatch              :         release-date: 21.05.2018
18:37:02 INFO  ProfileMatch              :     lib root package: "org.ocpsoft.prettytime"
18:37:02 INFO  ProfileMatch              : 
18:37:02 INFO  ProfileMatch              :                 name: PrettyTime
18:37:02 INFO  ProfileMatch              :             category: Utilities
18:37:02 INFO  ProfileMatch              :              version: 4.0.3.Final  [OLD VERSION]
18:37:02 INFO  ProfileMatch              :         release-date: 26.01.2020
18:37:02 INFO  ProfileMatch              :     lib root package: "org.ocpsoft.prettytime"
18:37:02 INFO  ProfileMatch              : 
18:37:02 INFO  ProfileMatch              :                 name: PrettyTime
18:37:02 INFO  ProfileMatch              :             category: Utilities
18:37:02 INFO  ProfileMatch              :              version: 4.0.4.Final  [OLD VERSION]
18:37:02 INFO  ProfileMatch              :         release-date: 25.02.2020
18:37:02 INFO  ProfileMatch              :     lib root package: "org.ocpsoft.prettytime"
18:37:02 INFO  ProfileMatch              : 
18:37:02 INFO  ProfileMatch              :                 name: PrettyTime
18:37:02 INFO  ProfileMatch              :             category: Utilities
18:37:02 INFO  ProfileMatch              :              version: 4.0.5.Final  [OLD VERSION]
18:37:02 INFO  ProfileMatch              :         release-date: 29.04.2020
18:37:02 INFO  ProfileMatch              :     lib root package: "org.ocpsoft.prettytime"
18:37:02 INFO  ProfileMatch              : 
18:37:02 INFO  ProfileMatch              :                 name: androidx.versionedparcelable::versionedparcelable  [OLD VERSION]
18:37:02 INFO  ProfileMatch              :             category: Android
18:37:02 INFO  ProfileMatch              :              version: 1.1.0  [OLD VERSION]
18:37:02 INFO  ProfileMatch              :         release-date:  --
18:37:02 INFO  ProfileMatch              :     lib root package: "androidx.versionedparcelable"
18:37:02 INFO  ProfileMatch              : 
18:37:02 INFO  ProfileMatch              :                 name: androidx.versionedparcelable::versionedparcelable
18:37:02 INFO  ProfileMatch              :             category: Android
18:37:02 INFO  ProfileMatch              :              version: 1.1.1
18:37:02 INFO  ProfileMatch              :         release-date:  --
18:37:02 INFO  ProfileMatch              :     lib root package: "androidx.versionedparcelable"
18:37:02 INFO  ProfileMatch              : 
18:37:02 INFO  ProfileMatch              :                 name: androidx.collection::collection
18:37:02 INFO  ProfileMatch              :             category: Android
18:37:02 INFO  ProfileMatch              :              version: 1.1.0  [OLD VERSION]
18:37:02 INFO  ProfileMatch              :         release-date:  --
18:37:02 INFO  ProfileMatch              :     lib root package: "androidx.collection"
18:37:02 INFO  ProfileMatch              : 
18:37:02 INFO  ProfileMatch              :                 name: androidx.palette::palette-ktx
18:37:02 INFO  ProfileMatch              :             category: Android
18:37:02 INFO  ProfileMatch              :              version: 1.0.0
18:37:02 INFO  ProfileMatch              :         release-date:  --
18:37:02 INFO  ProfileMatch              :     lib root package: "androidx.palette.graphics"  (in app: "kotlin.coroutines.experimental")
18:37:02 INFO  ProfileMatch              : 
18:37:02 INFO  ProfileMatch              :                 name: com.android.support::cursoradapter
18:37:02 INFO  ProfileMatch              :             category: Android
18:37:02 INFO  ProfileMatch              :              version: 28.0.0
18:37:02 INFO  ProfileMatch              :         release-date:  --
18:37:02 INFO  ProfileMatch              :     lib root package: "android.support.v4.widget"  (in app: "androidx.cursoradapter.widget")
18:37:02 INFO  ProfileMatch              : 
18:37:02 INFO  ProfileMatch              :                 name: androidx.slidingpanelayout::slidingpanelayout
18:37:02 INFO  ProfileMatch              :             category: Android
18:37:02 INFO  ProfileMatch              :              version: 1.0.0  [OLD VERSION]
18:37:02 INFO  ProfileMatch              :         release-date:  --
18:37:02 INFO  ProfileMatch              :     lib root package: "androidx.slidingpanelayout.widget"
18:37:02 INFO  ProfileMatch              : 
18:37:02 INFO  ProfileMatch              :                 name: androidx.legacy::legacy-support-core-ui
18:37:02 INFO  ProfileMatch              :             category: Android
18:37:02 INFO  ProfileMatch              :              version: 1.0.0
18:37:02 INFO  ProfileMatch              :         release-date:  --
18:37:02 INFO  ProfileMatch              :     lib root package: "androidx.legacy"
18:37:02 INFO  ProfileMatch              : 
18:37:02 INFO  ProfileMatch              :                 name: androidx.room::room-runtime
18:37:02 INFO  ProfileMatch              :             category: Android
18:37:02 INFO  ProfileMatch              :              version: 2.3.0  [OLD VERSION]
18:37:02 INFO  ProfileMatch              :         release-date:  --
18:37:02 INFO  ProfileMatch              :     lib root package: "androidx.room"
18:37:02 INFO  ProfileMatch              : 
18:37:02 INFO  ProfileMatch              :                 name: com.android.support::interpolator
18:37:02 INFO  ProfileMatch              :             category: Android
18:37:02 INFO  ProfileMatch              :              version: 28.0.0
18:37:02 INFO  ProfileMatch              :         release-date:  --
18:37:02 INFO  ProfileMatch              :     lib root package: "android.support.v4.view.animation"  (in app: "androidx.interpolator.view.animation")
18:37:02 INFO  ProfileMatch              : 
18:37:02 INFO  ProfileMatch              :                 name: androidx.interpolator::interpolator
18:37:02 INFO  ProfileMatch              :             category: Android
18:37:02 INFO  ProfileMatch              :              version: 1.0.0
18:37:02 INFO  ProfileMatch              :         release-date:  --
18:37:02 INFO  ProfileMatch              :     lib root package: "androidx.interpolator.view.animation"
18:37:02 INFO  ProfileMatch              : 
18:37:02 INFO  ProfileMatch              :                 name: androidx.fragment::fragment
18:37:02 INFO  ProfileMatch              :             category: Android
18:37:02 INFO  ProfileMatch              :              version: 1.3.4  [OLD VERSION]
18:37:02 INFO  ProfileMatch              :         release-date:  --
18:37:02 INFO  ProfileMatch              :     lib root package: "androidx.fragment.app"
18:37:02 INFO  ProfileMatch              : 
18:37:02 INFO  ProfileMatch              :                 name: androidx.fragment::fragment
18:37:02 INFO  ProfileMatch              :             category: Android
18:37:02 INFO  ProfileMatch              :              version: 1.3.5  [OLD VERSION]
18:37:02 INFO  ProfileMatch              :         release-date:  --
18:37:02 INFO  ProfileMatch              :     lib root package: "androidx.fragment.app"
18:37:02 INFO  ProfileMatch              : 
18:37:02 INFO  ProfileMatch              :                 name: androidx.fragment::fragment
18:37:02 INFO  ProfileMatch              :             category: Android
18:37:02 INFO  ProfileMatch              :              version: 1.3.6  [OLD VERSION]
18:37:02 INFO  ProfileMatch              :         release-date:  --
18:37:02 INFO  ProfileMatch              :     lib root package: "androidx.fragment.app"
18:37:02 INFO  ProfileMatch              : 
18:37:02 INFO  ProfileMatch              :                 name: androidx.documentfile::documentfile
18:37:02 INFO  ProfileMatch              :             category: Android
18:37:02 INFO  ProfileMatch              :              version: 1.0.0  [OLD VERSION]
18:37:02 INFO  ProfileMatch              :         release-date:  --
18:37:02 INFO  ProfileMatch              :     lib root package: "androidx.documentfile.provider"
18:37:02 INFO  ProfileMatch              : 
18:37:02 INFO  ProfileMatch              :                 name: androidx.documentfile::documentfile
18:37:02 INFO  ProfileMatch              :             category: Android
18:37:02 INFO  ProfileMatch              :              version: 1.0.1
18:37:02 INFO  ProfileMatch              :         release-date:  --
18:37:02 INFO  ProfileMatch              :     lib root package: "androidx.documentfile.provider"
18:37:02 INFO  ProfileMatch              : 
18:37:02 INFO  ProfileMatch              :                 name: androidx.multidex::multidex-instrumentation
18:37:02 INFO  ProfileMatch              :             category: Android
18:37:02 INFO  ProfileMatch              :              version: 2.0.0
18:37:02 INFO  ProfileMatch              :         release-date:  --
18:37:02 INFO  ProfileMatch              :     lib root package: "com.android.test.runner"  (in app: "godau.fynn.usagedirect.activity")
18:37:02 INFO  ProfileMatch              : 
18:37:02 INFO  ProfileMatch              :                 name: androidx.asynclayoutinflater::asynclayoutinflater
18:37:02 INFO  ProfileMatch              :             category: Android
18:37:02 INFO  ProfileMatch              :              version: 1.0.0
18:37:02 INFO  ProfileMatch              :         release-date:  --
18:37:02 INFO  ProfileMatch              :     lib root package: "androidx.asynclayoutinflater.view"
18:37:02 INFO  ProfileMatch              : 
18:37:02 INFO  ProfileMatch              :                 name: com.android.support::support-core-ui
18:37:02 INFO  ProfileMatch              :             category: Android
18:37:02 INFO  ProfileMatch              :              version: 28.0.0
18:37:02 INFO  ProfileMatch              :         release-date:  --
18:37:02 INFO  ProfileMatch              :     lib root package: "android.support.v4"  (in app: "androidx.legacy")
18:37:02 INFO  ProfileMatch              : 
18:37:02 INFO  ProfileMatch              :                 name: Facebook
18:37:02 INFO  ProfileMatch              :             category: SocialMedia
18:37:02 INFO  ProfileMatch              :              version: 4.27.0  [OLD VERSION]
18:37:02 INFO  ProfileMatch              :         release-date: 26.09.2017
18:37:02 INFO  ProfileMatch              :     lib root package: "com.facebook.all"  (in app: "androidx.core.view")
18:37:02 INFO  ProfileMatch              : 
18:37:02 INFO  ProfileMatch              :                 name: Facebook
18:37:02 INFO  ProfileMatch              :             category: SocialMedia
18:37:02 INFO  ProfileMatch              :              version: 4.28.0  [OLD VERSION]
18:37:02 INFO  ProfileMatch              :         release-date: 07.11.2017
18:37:02 INFO  ProfileMatch              :     lib root package: "com.facebook.all"  (in app: "androidx.core.view")
18:37:02 INFO  ProfileMatch              : 
18:37:02 INFO  ProfileMatch              :                 name: Facebook
18:37:02 INFO  ProfileMatch              :             category: SocialMedia
18:37:02 INFO  ProfileMatch              :              version: 4.29.0  [OLD VERSION]
18:37:02 INFO  ProfileMatch              :         release-date: 05.12.2017
18:37:02 INFO  ProfileMatch              :     lib root package: "com.facebook.all"  (in app: "androidx.core.view")
18:37:02 INFO  ProfileMatch              : 
18:37:02 INFO  ProfileMatch              :                 name: Facebook
18:37:02 INFO  ProfileMatch              :             category: SocialMedia
18:37:02 INFO  ProfileMatch              :              version: 4.30.0  [OLD VERSION]
18:37:02 INFO  ProfileMatch              :         release-date: 24.01.2018
18:37:02 INFO  ProfileMatch              :     lib root package: "com.facebook.all"  (in app: "androidx.core.view")
18:37:02 INFO  ProfileMatch              : 
18:37:02 INFO  ProfileMatch              :                 name: Facebook
18:37:02 INFO  ProfileMatch              :             category: SocialMedia
18:37:02 INFO  ProfileMatch              :              version: 4.31.0  [OLD VERSION]
18:37:02 INFO  ProfileMatch              :         release-date: 28.02.2018
18:37:02 INFO  ProfileMatch              :     lib root package: "com.facebook.all"  (in app: "androidx.core.view")
18:37:02 INFO  ProfileMatch              : 
18:37:02 INFO  ProfileMatch              :                 name: Facebook
18:37:02 INFO  ProfileMatch              :             category: SocialMedia
18:37:02 INFO  ProfileMatch              :              version: 4.32.0  [OLD VERSION]
18:37:02 INFO  ProfileMatch              :         release-date: 11.04.2018
18:37:02 INFO  ProfileMatch              :     lib root package: "com.facebook.all"  (in app: "androidx.core.view")
18:37:02 INFO  ProfileMatch              : 
18:37:02 INFO  ProfileMatch              :                 name: Facebook
18:37:02 INFO  ProfileMatch              :             category: SocialMedia
18:37:02 INFO  ProfileMatch              :              version: 4.33.0  [OLD VERSION]
18:37:02 INFO  ProfileMatch              :         release-date: 01.05.2018
18:37:02 INFO  ProfileMatch              :     lib root package: "com.facebook.all"  (in app: "androidx.core.view")
18:37:02 INFO  ProfileMatch              : 
18:37:02 INFO  ProfileMatch              :                 name: Facebook
18:37:02 INFO  ProfileMatch              :             category: SocialMedia
18:37:02 INFO  ProfileMatch              :              version: 4.34.0  [OLD VERSION]
18:37:02 INFO  ProfileMatch              :         release-date: 19.06.2018
18:37:02 INFO  ProfileMatch              :     lib root package: "com.facebook.all"  (in app: "androidx.core.view")
18:37:02 INFO  ProfileMatch              : 
18:37:02 INFO  ProfileMatch              :                 name: Facebook
18:37:02 INFO  ProfileMatch              :             category: SocialMedia
18:37:02 INFO  ProfileMatch              :              version: 4.35.0  [OLD VERSION]
18:37:02 INFO  ProfileMatch              :         release-date: 26.07.2018
18:37:02 INFO  ProfileMatch              :     lib root package: "com.facebook.all"  (in app: "androidx.core.view")
18:37:02 INFO  ProfileMatch              : 
18:37:02 INFO  ProfileMatch              :                 name: Facebook
18:37:02 INFO  ProfileMatch              :             category: SocialMedia
18:37:02 INFO  ProfileMatch              :              version: 4.36.0  [OLD VERSION]
18:37:02 INFO  ProfileMatch              :         release-date: 29.08.2018
18:37:02 INFO  ProfileMatch              :     lib root package: "com.facebook.all"  (in app: "androidx.core.view")
18:37:02 INFO  ProfileMatch              : 
18:37:02 INFO  ProfileMatch              :                 name: Facebook
18:37:02 INFO  ProfileMatch              :             category: SocialMedia
18:37:02 INFO  ProfileMatch              :              version: 4.36.1  [OLD VERSION]
18:37:02 INFO  ProfileMatch              :         release-date: 15.09.2018
18:37:02 INFO  ProfileMatch              :     lib root package: "com.facebook.all"  (in app: "androidx.core.view")
18:37:02 INFO  ProfileMatch              : 
18:37:02 INFO  ProfileMatch              :                 name: Facebook
18:37:02 INFO  ProfileMatch              :             category: SocialMedia
18:37:02 INFO  ProfileMatch              :              version: 4.37.0  [OLD VERSION]
18:37:02 INFO  ProfileMatch              :         release-date: 27.09.2018
18:37:02 INFO  ProfileMatch              :     lib root package: "com.facebook.all"  (in app: "androidx.core.view")
18:37:02 INFO  ProfileMatch              : 
18:37:02 INFO  ProfileMatch              :                 name: Facebook
18:37:02 INFO  ProfileMatch              :             category: SocialMedia
18:37:02 INFO  ProfileMatch              :              version: 4.38.0  [OLD VERSION]
18:37:02 INFO  ProfileMatch              :         release-date: 23.10.2018
18:37:02 INFO  ProfileMatch              :     lib root package: "com.facebook.all"  (in app: "androidx.core.view")
18:37:02 INFO  ProfileMatch              : 
18:37:02 INFO  ProfileMatch              :                 name: Facebook
18:37:02 INFO  ProfileMatch              :             category: SocialMedia
18:37:02 INFO  ProfileMatch              :              version: 4.38.1  [OLD VERSION]
18:37:02 INFO  ProfileMatch              :         release-date: 31.10.2018
18:37:02 INFO  ProfileMatch              :     lib root package: "com.facebook.all"  (in app: "androidx.core.view")
18:37:02 INFO  ProfileMatch              : 
18:37:02 INFO  ProfileMatch              :                 name: Facebook
18:37:02 INFO  ProfileMatch              :             category: SocialMedia
18:37:02 INFO  ProfileMatch              :              version: 4.39.0  [OLD VERSION]
18:37:02 INFO  ProfileMatch              :         release-date: 05.12.2018
18:37:02 INFO  ProfileMatch              :     lib root package: "com.facebook.all"  (in app: "androidx.core.view")
18:37:02 INFO  ProfileMatch              : 
18:37:02 INFO  ProfileMatch              :                 name: Facebook
18:37:02 INFO  ProfileMatch              :             category: SocialMedia
18:37:02 INFO  ProfileMatch              :              version: 4.40.0  [OLD VERSION]
18:37:02 INFO  ProfileMatch              :         release-date: 22.01.2019
18:37:02 INFO  ProfileMatch              :     lib root package: "com.facebook.all"  (in app: "androidx.core.view")
18:37:02 INFO  ProfileMatch              : 
18:37:02 INFO  ProfileMatch              :                 name: Facebook
18:37:02 INFO  ProfileMatch              :             category: SocialMedia
18:37:02 INFO  ProfileMatch              :              version: 4.41.0  [OLD VERSION]
18:37:02 INFO  ProfileMatch              :         release-date: 08.03.2019
18:37:02 INFO  ProfileMatch              :     lib root package: "com.facebook.all"  (in app: "androidx.core.view")
18:37:02 INFO  ProfileMatch              : 
18:37:02 INFO  ProfileMatch              :                 name: Facebook
18:37:02 INFO  ProfileMatch              :             category: SocialMedia
18:37:02 INFO  ProfileMatch              :              version: 4.42.0  [OLD VERSION]
18:37:02 INFO  ProfileMatch              :         release-date: 08.04.2019
18:37:02 INFO  ProfileMatch              :     lib root package: "com.facebook.all"  (in app: "androidx.core.view")
18:37:02 INFO  ProfileMatch              : 
18:37:02 INFO  ProfileMatch              :                 name: Facebook
18:37:02 INFO  ProfileMatch              :             category: SocialMedia
18:37:02 INFO  ProfileMatch              :              version: 5.0.0  [OLD VERSION]
18:37:02 INFO  ProfileMatch              :         release-date: 30.04.2019
18:37:02 INFO  ProfileMatch              :     lib root package: "com.facebook.all"  (in app: "androidx.core.view")
18:37:02 INFO  ProfileMatch              : 
18:37:02 INFO  ProfileMatch              :                 name: Facebook
18:37:02 INFO  ProfileMatch              :             category: SocialMedia
18:37:02 INFO  ProfileMatch              :              version: 5.0.1  [OLD VERSION]
18:37:02 INFO  ProfileMatch              :         release-date: 17.05.2019
18:37:02 INFO  ProfileMatch              :     lib root package: "com.facebook.all"  (in app: "androidx.core.view")
18:37:02 INFO  ProfileMatch              : 
18:37:02 INFO  ProfileMatch              :                 name: Facebook
18:37:02 INFO  ProfileMatch              :             category: SocialMedia
18:37:02 INFO  ProfileMatch              :              version: 5.0.2  [OLD VERSION]
18:37:02 INFO  ProfileMatch              :         release-date: 09.06.2019
18:37:02 INFO  ProfileMatch              :     lib root package: "com.facebook.all"  (in app: "androidx.core.view")
18:37:02 INFO  ProfileMatch              : 
18:37:02 INFO  ProfileMatch              :                 name: Facebook
18:37:02 INFO  ProfileMatch              :             category: SocialMedia
18:37:02 INFO  ProfileMatch              :              version: 5.0.3  [OLD VERSION]
18:37:02 INFO  ProfileMatch              :         release-date: 14.06.2019
18:37:02 INFO  ProfileMatch              :     lib root package: "com.facebook.all"  (in app: "androidx.core.view")
18:37:02 INFO  ProfileMatch              : 
18:37:02 INFO  ProfileMatch              :                 name: Facebook
18:37:02 INFO  ProfileMatch              :             category: SocialMedia
18:37:02 INFO  ProfileMatch              :              version: 5.1.0  [OLD VERSION]
18:37:02 INFO  ProfileMatch              :         release-date: 21.06.2019
18:37:02 INFO  ProfileMatch              :     lib root package: "com.facebook.all"  (in app: "androidx.core.view")
18:37:02 INFO  ProfileMatch              : 
18:37:02 INFO  ProfileMatch              :                 name: Facebook
18:37:02 INFO  ProfileMatch              :             category: SocialMedia
18:37:02 INFO  ProfileMatch              :              version: 5.1.1  [OLD VERSION]
18:37:02 INFO  ProfileMatch              :         release-date: 02.07.2019
18:37:02 INFO  ProfileMatch              :     lib root package: "com.facebook.all"  (in app: "androidx.core.view")
18:37:02 INFO  ProfileMatch              : 
18:37:02 INFO  ProfileMatch              :                 name: Facebook
18:37:02 INFO  ProfileMatch              :             category: SocialMedia
18:37:02 INFO  ProfileMatch              :              version: 5.2.0  [OLD VERSION]
18:37:02 INFO  ProfileMatch              :         release-date: 29.07.2019
18:37:02 INFO  ProfileMatch              :     lib root package: "com.facebook.all"  (in app: "androidx.core.view")
18:37:02 INFO  ProfileMatch              : 
18:37:02 INFO  ProfileMatch              :                 name: Facebook
18:37:02 INFO  ProfileMatch              :             category: SocialMedia
18:37:02 INFO  ProfileMatch              :              version: 5.4.0  [OLD VERSION]
18:37:02 INFO  ProfileMatch              :         release-date: 16.08.2019
18:37:02 INFO  ProfileMatch              :     lib root package: "com.facebook.all"  (in app: "androidx.core.view")
18:37:02 INFO  ProfileMatch              : 
18:37:02 INFO  ProfileMatch              :                 name: Facebook
18:37:02 INFO  ProfileMatch              :             category: SocialMedia
18:37:02 INFO  ProfileMatch              :              version: 5.5.0  [OLD VERSION]
18:37:02 INFO  ProfileMatch              :         release-date: 31.08.2019
18:37:02 INFO  ProfileMatch              :     lib root package: "com.facebook.all"  (in app: "androidx.core.view")
18:37:02 INFO  ProfileMatch              : 
18:37:02 INFO  ProfileMatch              :                 name: Facebook
18:37:02 INFO  ProfileMatch              :             category: SocialMedia
18:37:02 INFO  ProfileMatch              :              version: 5.5.1  [OLD VERSION]
18:37:02 INFO  ProfileMatch              :         release-date: 06.09.2019
18:37:02 INFO  ProfileMatch              :     lib root package: "com.facebook.all"  (in app: "androidx.core.view")
18:37:02 INFO  ProfileMatch              : 
18:37:02 INFO  ProfileMatch              :                 name: Facebook
18:37:02 INFO  ProfileMatch              :             category: SocialMedia
18:37:02 INFO  ProfileMatch              :              version: 5.5.2  [OLD VERSION]
18:37:02 INFO  ProfileMatch              :         release-date: 05.10.2019
18:37:02 INFO  ProfileMatch              :     lib root package: "com.facebook.all"  (in app: "androidx.core.view")
18:37:02 INFO  ProfileMatch              : 
18:37:02 INFO  ProfileMatch              :                 name: Facebook
18:37:02 INFO  ProfileMatch              :             category: SocialMedia
18:37:02 INFO  ProfileMatch              :              version: 5.8.0  [OLD VERSION]
18:37:02 INFO  ProfileMatch              :         release-date: 08.10.2019
18:37:02 INFO  ProfileMatch              :     lib root package: "com.facebook.all"  (in app: "androidx.core.view")
18:37:02 INFO  ProfileMatch              : 
18:37:02 INFO  ProfileMatch              :                 name: Facebook
18:37:02 INFO  ProfileMatch              :             category: SocialMedia
18:37:02 INFO  ProfileMatch              :              version: 5.9.0  [OLD VERSION]
18:37:02 INFO  ProfileMatch              :         release-date: 29.10.2019
18:37:02 INFO  ProfileMatch              :     lib root package: "com.facebook.all"  (in app: "androidx.core.view")
18:37:02 INFO  ProfileMatch              : 
18:37:02 INFO  ProfileMatch              :                 name: Facebook
18:37:02 INFO  ProfileMatch              :             category: SocialMedia
18:37:02 INFO  ProfileMatch              :              version: 5.11.0  [OLD VERSION]
18:37:02 INFO  ProfileMatch              :         release-date: 15.11.2019
18:37:02 INFO  ProfileMatch              :     lib root package: "com.facebook.all"  (in app: "androidx.core.view")
18:37:02 INFO  ProfileMatch              : 
18:37:02 INFO  ProfileMatch              :                 name: Facebook
18:37:02 INFO  ProfileMatch              :             category: SocialMedia
18:37:02 INFO  ProfileMatch              :              version: 5.11.1  [OLD VERSION]
18:37:02 INFO  ProfileMatch              :         release-date: 21.11.2019
18:37:02 INFO  ProfileMatch              :     lib root package: "com.facebook.all"  (in app: "androidx.core.view")
18:37:02 INFO  ProfileMatch              : 
18:37:02 INFO  ProfileMatch              :                 name: Facebook
18:37:02 INFO  ProfileMatch              :             category: SocialMedia
18:37:02 INFO  ProfileMatch              :              version: 5.11.2  [OLD VERSION]
18:37:02 INFO  ProfileMatch              :         release-date: 22.11.2019
18:37:02 INFO  ProfileMatch              :     lib root package: "com.facebook.all"  (in app: "androidx.core.view")
18:37:02 INFO  ProfileMatch              : 
18:37:02 INFO  ProfileMatch              :                 name: Facebook
18:37:02 INFO  ProfileMatch              :             category: SocialMedia
18:37:02 INFO  ProfileMatch              :              version: 5.12.0  [OLD VERSION]
18:37:02 INFO  ProfileMatch              :         release-date: 04.12.2019
18:37:02 INFO  ProfileMatch              :     lib root package: "com.facebook.all"  (in app: "androidx.core.view")
18:37:02 INFO  ProfileMatch              : 
18:37:02 INFO  ProfileMatch              :                 name: Facebook
18:37:02 INFO  ProfileMatch              :             category: SocialMedia
18:37:02 INFO  ProfileMatch              :              version: 5.12.1  [OLD VERSION]
18:37:02 INFO  ProfileMatch              :         release-date: 09.12.2019
18:37:02 INFO  ProfileMatch              :     lib root package: "com.facebook.all"  (in app: "androidx.core.view")
18:37:02 INFO  ProfileMatch              : 
18:37:02 INFO  ProfileMatch              :                 name: Facebook
18:37:02 INFO  ProfileMatch              :             category: SocialMedia
18:37:02 INFO  ProfileMatch              :              version: 5.13.0  [OLD VERSION]
18:37:02 INFO  ProfileMatch              :         release-date: 12.12.2019
18:37:02 INFO  ProfileMatch              :     lib root package: "com.facebook.all"  (in app: "androidx.core.view")
18:37:02 INFO  ProfileMatch              : 
18:37:02 INFO  ProfileMatch              :                 name: Facebook
18:37:02 INFO  ProfileMatch              :             category: SocialMedia
18:37:02 INFO  ProfileMatch              :              version: 5.15.0  [OLD VERSION]
18:37:02 INFO  ProfileMatch              :         release-date: 21.01.2020
18:37:02 INFO  ProfileMatch              :     lib root package: "com.facebook.all"  (in app: "androidx.core.view")
18:37:02 INFO  ProfileMatch              : 
18:37:02 INFO  ProfileMatch              :                 name: Facebook
18:37:02 INFO  ProfileMatch              :             category: SocialMedia
18:37:02 INFO  ProfileMatch              :              version: 5.15.1  [OLD VERSION]
18:37:02 INFO  ProfileMatch              :         release-date: 29.01.2020
18:37:02 INFO  ProfileMatch              :     lib root package: "com.facebook.all"  (in app: "androidx.core.view")
18:37:02 INFO  ProfileMatch              : 
18:37:02 INFO  ProfileMatch              :                 name: Facebook
18:37:02 INFO  ProfileMatch              :             category: SocialMedia
18:37:02 INFO  ProfileMatch              :              version: 5.15.2  [OLD VERSION]
18:37:02 INFO  ProfileMatch              :         release-date: 03.02.2020
18:37:02 INFO  ProfileMatch              :     lib root package: "com.facebook.all"  (in app: "androidx.core.view")
18:37:02 INFO  ProfileMatch              : 
18:37:02 INFO  ProfileMatch              :                 name: Facebook
18:37:02 INFO  ProfileMatch              :             category: SocialMedia
18:37:02 INFO  ProfileMatch              :              version: 5.15.3  [OLD VERSION]
18:37:02 INFO  ProfileMatch              :         release-date: 03.02.2020
18:37:02 INFO  ProfileMatch              :     lib root package: "com.facebook.all"  (in app: "androidx.core.view")
18:37:02 INFO  ProfileMatch              : 
18:37:02 INFO  ProfileMatch              :                 name: Facebook
18:37:02 INFO  ProfileMatch              :             category: SocialMedia
18:37:02 INFO  ProfileMatch              :              version: 6.0.0  [OLD VERSION]
18:37:02 INFO  ProfileMatch              :         release-date: 03.02.2020
18:37:02 INFO  ProfileMatch              :     lib root package: "com.facebook.all"  (in app: "androidx.core.view")
18:37:02 INFO  ProfileMatch              : 
18:37:02 INFO  ProfileMatch              :                 name: Facebook
18:37:02 INFO  ProfileMatch              :             category: SocialMedia
18:37:02 INFO  ProfileMatch              :              version: 6.1.0  [OLD VERSION]
18:37:02 INFO  ProfileMatch              :         release-date: 14.02.2020
18:37:02 INFO  ProfileMatch              :     lib root package: "com.facebook.all"  (in app: "androidx.core.view")
18:37:02 INFO  ProfileMatch              : 
18:37:02 INFO  ProfileMatch              :                 name: Facebook
18:37:02 INFO  ProfileMatch              :             category: SocialMedia
18:37:02 INFO  ProfileMatch              :              version: 6.2.0  [OLD VERSION]
18:37:02 INFO  ProfileMatch              :         release-date: 09.03.2020
18:37:02 INFO  ProfileMatch              :     lib root package: "com.facebook.all"  (in app: "androidx.core.view")
18:37:02 INFO  ProfileMatch              : 
18:37:02 INFO  ProfileMatch              :                 name: Facebook
18:37:02 INFO  ProfileMatch              :             category: SocialMedia
18:37:02 INFO  ProfileMatch              :              version: 6.3.0  [OLD VERSION]
18:37:02 INFO  ProfileMatch              :         release-date: 25.03.2020
18:37:02 INFO  ProfileMatch              :     lib root package: "com.facebook.all"  (in app: "androidx.core.view")
18:37:02 INFO  ProfileMatch              : 
18:37:02 INFO  ProfileMatch              :                 name: Facebook
18:37:02 INFO  ProfileMatch              :             category: SocialMedia
18:37:02 INFO  ProfileMatch              :              version: 6.4.0  [OLD VERSION]
18:37:02 INFO  ProfileMatch              :         release-date: 15.04.2020
18:37:02 INFO  ProfileMatch              :     lib root package: "com.facebook.all"  (in app: "androidx.core.view")
18:37:02 INFO  ProfileMatch              : 
18:37:02 INFO  ProfileMatch              :                 name: Facebook
18:37:02 INFO  ProfileMatch              :             category: SocialMedia
18:37:02 INFO  ProfileMatch              :              version: 6.5.0  [OLD VERSION]
18:37:02 INFO  ProfileMatch              :         release-date: 20.04.2020
18:37:02 INFO  ProfileMatch              :     lib root package: "com.facebook.all"  (in app: "androidx.core.view")
18:37:02 INFO  ProfileMatch              : 
18:37:02 INFO  ProfileMatch              :                 name: Facebook
18:37:02 INFO  ProfileMatch              :             category: SocialMedia
18:37:02 INFO  ProfileMatch              :              version: 6.5.1  [OLD VERSION]
18:37:02 INFO  ProfileMatch              :         release-date: 23.04.2020
18:37:02 INFO  ProfileMatch              :     lib root package: "com.facebook.all"  (in app: "androidx.core.view")
18:37:02 INFO  ProfileMatch              : 
18:37:02 INFO  ProfileMatch              :                 name: Facebook
18:37:02 INFO  ProfileMatch              :             category: SocialMedia
18:37:02 INFO  ProfileMatch              :              version: 7.0.0  [OLD VERSION]
18:37:02 INFO  ProfileMatch              :         release-date: 05.05.2020
18:37:02 INFO  ProfileMatch              :     lib root package: "com.facebook.all"  (in app: "androidx.core.view")
18:37:02 INFO  ProfileMatch              : 
18:37:02 INFO  ProfileMatch              :                 name: Facebook
18:37:02 INFO  ProfileMatch              :             category: SocialMedia
18:37:02 INFO  ProfileMatch              :              version: 7.0.1  [OLD VERSION]
18:37:02 INFO  ProfileMatch              :         release-date: 09.06.2020
18:37:02 INFO  ProfileMatch              :     lib root package: "com.facebook.all"  (in app: "androidx.core.view")
18:37:02 INFO  ProfileMatch              : 
18:37:02 INFO  ProfileMatch              :                 name: Facebook
18:37:02 INFO  ProfileMatch              :             category: SocialMedia
18:37:02 INFO  ProfileMatch              :              version: 7.1.0  [OLD VERSION]
18:37:02 INFO  ProfileMatch              :         release-date: 23.06.2020
18:37:02 INFO  ProfileMatch              :     lib root package: "com.facebook.all"  (in app: "androidx.core.view")
18:37:02 INFO  ProfileMatch              : 
18:37:02 INFO  ProfileMatch              :                 name: Facebook
18:37:02 INFO  ProfileMatch              :             category: SocialMedia
18:37:02 INFO  ProfileMatch              :              version: 8.0.0  [OLD VERSION]
18:37:02 INFO  ProfileMatch              :         release-date: 28.09.2020
18:37:02 INFO  ProfileMatch              :     lib root package: "com.facebook.all"  (in app: "androidx.core.view")
18:37:02 INFO  ProfileMatch              : 
18:37:02 INFO  ProfileMatch              :                 name: Facebook
18:37:02 INFO  ProfileMatch              :             category: SocialMedia
18:37:02 INFO  ProfileMatch              :              version: 8.1.0  [OLD VERSION]
18:37:02 INFO  ProfileMatch              :         release-date: 14.10.2020
18:37:02 INFO  ProfileMatch              :     lib root package: "com.facebook.all"  (in app: "androidx.core.view")
18:37:02 INFO  ProfileMatch              : 
18:37:02 INFO  ProfileMatch              :                 name: Facebook
18:37:02 INFO  ProfileMatch              :             category: SocialMedia
18:37:02 INFO  ProfileMatch              :              version: 8.2.0  [OLD VERSION]
18:37:02 INFO  ProfileMatch              :         release-date: 18.12.2020
18:37:02 INFO  ProfileMatch              :     lib root package: "com.facebook.all"  (in app: "androidx.core.view")
18:37:02 INFO  ProfileMatch              : 
18:37:02 INFO  ProfileMatch              :                 name: Facebook
18:37:02 INFO  ProfileMatch              :             category: SocialMedia
18:37:02 INFO  ProfileMatch              :              version: 9.0.0  [OLD VERSION]
18:37:02 INFO  ProfileMatch              :         release-date: 19.01.2021
18:37:02 INFO  ProfileMatch              :     lib root package: "com.facebook.all"  (in app: "androidx.core.view")
18:37:02 INFO  ProfileMatch              : 
18:37:02 INFO  ProfileMatch              :                 name: Facebook
18:37:02 INFO  ProfileMatch              :             category: SocialMedia
18:37:02 INFO  ProfileMatch              :              version: 9.1.0  [OLD VERSION]
18:37:02 INFO  ProfileMatch              :         release-date: 15.03.2021
18:37:02 INFO  ProfileMatch              :     lib root package: "com.facebook.all"  (in app: "androidx.core.view")
18:37:02 INFO  ProfileMatch              : 
18:37:02 INFO  ProfileMatch              :                 name: Facebook
18:37:02 INFO  ProfileMatch              :             category: SocialMedia
18:37:02 INFO  ProfileMatch              :              version: 9.1.1  [OLD VERSION]
18:37:02 INFO  ProfileMatch              :         release-date: 12.04.2021
18:37:02 INFO  ProfileMatch              :     lib root package: "com.facebook.all"  (in app: "androidx.core.view")
18:37:02 INFO  ProfileMatch              : 
18:37:02 INFO  ProfileMatch              :                 name: Facebook
18:37:02 INFO  ProfileMatch              :             category: SocialMedia
18:37:02 INFO  ProfileMatch              :              version: 11.0.0  [OLD VERSION]
18:37:02 INFO  ProfileMatch              :         release-date: 08.06.2021
18:37:02 INFO  ProfileMatch              :     lib root package: "com.facebook.all"  (in app: "androidx.core.view")
18:37:02 INFO  ProfileMatch              : 
18:37:02 INFO  ProfileMatch              :                 name: Facebook
18:37:02 INFO  ProfileMatch              :             category: SocialMedia
18:37:02 INFO  ProfileMatch              :              version: 11.1.0  [OLD VERSION]
18:37:02 INFO  ProfileMatch              :         release-date: 06.07.2021
18:37:02 INFO  ProfileMatch              :     lib root package: "com.facebook.all"  (in app: "androidx.core.view")
18:37:02 INFO  ProfileMatch              : 
18:37:02 INFO  ProfileMatch              :                 name: Facebook
18:37:02 INFO  ProfileMatch              :             category: SocialMedia
18:37:02 INFO  ProfileMatch              :              version: 11.1.1  [OLD VERSION]
18:37:02 INFO  ProfileMatch              :         release-date: 19.07.2021
18:37:02 INFO  ProfileMatch              :     lib root package: "com.facebook.all"  (in app: "androidx.core.view")
18:37:02 INFO  ProfileMatch              : 
18:37:02 INFO  ProfileMatch              :                 name: Facebook
18:37:02 INFO  ProfileMatch              :             category: SocialMedia
18:37:02 INFO  ProfileMatch              :              version: 11.2.0  [OLD VERSION]
18:37:02 INFO  ProfileMatch              :         release-date: 03.08.2021
18:37:02 INFO  ProfileMatch              :     lib root package: "com.facebook.all"  (in app: "androidx.core.view")
18:37:02 INFO  ProfileMatch              : 
18:37:02 INFO  ProfileMatch              :                 name: Facebook
18:37:02 INFO  ProfileMatch              :             category: SocialMedia
18:37:02 INFO  ProfileMatch              :              version: 11.3.0  [OLD VERSION]
18:37:02 INFO  ProfileMatch              :         release-date: 07.09.2021
18:37:02 INFO  ProfileMatch              :     lib root package: "com.facebook.all"  (in app: "androidx.core.view")
18:37:02 INFO  ProfileMatch              : 
18:37:02 INFO  ProfileMatch              :                 name: Facebook
18:37:02 INFO  ProfileMatch              :             category: SocialMedia
18:37:02 INFO  ProfileMatch              :              version: 12.0.0  [OLD VERSION]
18:37:02 INFO  ProfileMatch              :         release-date: 05.10.2021
18:37:02 INFO  ProfileMatch              :     lib root package: "com.facebook.all"  (in app: "androidx.core.view")
18:37:02 INFO  ProfileMatch              : 
18:37:02 INFO  ProfileMatch              :                 name: Facebook
18:37:02 INFO  ProfileMatch              :             category: SocialMedia
18:37:02 INFO  ProfileMatch              :              version: 12.0.1  [OLD VERSION]
18:37:02 INFO  ProfileMatch              :         release-date: 13.10.2021
18:37:02 INFO  ProfileMatch              :     lib root package: "com.facebook.all"  (in app: "androidx.core.view")
18:37:02 INFO  ProfileMatch              : 
18:37:02 INFO  ProfileMatch              :                 name: Facebook
18:37:02 INFO  ProfileMatch              :             category: SocialMedia
18:37:02 INFO  ProfileMatch              :              version: 12.1.0  [OLD VERSION]
18:37:02 INFO  ProfileMatch              :         release-date: 01.11.2021
18:37:02 INFO  ProfileMatch              :     lib root package: "com.facebook.all"  (in app: "androidx.core.view")
18:37:02 INFO  ProfileMatch              : 
18:37:02 INFO  ProfileMatch              :                 name: Facebook
18:37:02 INFO  ProfileMatch              :             category: SocialMedia
18:37:02 INFO  ProfileMatch              :              version: 12.2.0  [OLD VERSION]
18:37:02 INFO  ProfileMatch              :         release-date: 06.12.2021
18:37:02 INFO  ProfileMatch              :     lib root package: "com.facebook.all"  (in app: "androidx.core.view")
18:37:02 INFO  ProfileMatch              : 
18:37:02 INFO  ProfileMatch              :                 name: Facebook
18:37:02 INFO  ProfileMatch              :             category: SocialMedia
18:37:02 INFO  ProfileMatch              :              version: 12.3.0  [OLD VERSION]
18:37:02 INFO  ProfileMatch              :         release-date: 10.01.2022
18:37:02 INFO  ProfileMatch              :     lib root package: "com.facebook.all"  (in app: "androidx.core.view")
18:37:02 INFO  ProfileMatch              : 
18:37:02 INFO  ProfileMatch              :                 name: Facebook
18:37:02 INFO  ProfileMatch              :             category: SocialMedia
18:37:02 INFO  ProfileMatch              :              version: 13.0.0  [OLD VERSION]
18:37:02 INFO  ProfileMatch              :         release-date: 23.02.2022
18:37:02 INFO  ProfileMatch              :     lib root package: "com.facebook.all"  (in app: "androidx.core.view")
18:37:02 INFO  ProfileMatch              : 
18:37:02 INFO  ProfileMatch              :                 name: Facebook
18:37:02 INFO  ProfileMatch              :             category: SocialMedia
18:37:02 INFO  ProfileMatch              :              version: 13.1.0  [OLD VERSION]
18:37:02 INFO  ProfileMatch              :         release-date: 21.03.2022
18:37:02 INFO  ProfileMatch              :     lib root package: "com.facebook.all"  (in app: "androidx.core.view")
18:37:02 INFO  ProfileMatch              : 
18:37:02 INFO  ProfileMatch              :                 name: Facebook
18:37:02 INFO  ProfileMatch              :             category: SocialMedia
18:37:02 INFO  ProfileMatch              :              version: 13.2.0  [OLD VERSION]
18:37:02 INFO  ProfileMatch              :         release-date: 22.04.2022
18:37:02 INFO  ProfileMatch              :     lib root package: "com.facebook.all"  (in app: "androidx.core.view")
18:37:02 INFO  ProfileMatch              : 
18:37:02 INFO  ProfileMatch              :                 name: Facebook
18:37:02 INFO  ProfileMatch              :             category: SocialMedia
18:37:02 INFO  ProfileMatch              :              version: 14.0.0
18:37:02 INFO  ProfileMatch              :         release-date: 14.06.2022
18:37:02 INFO  ProfileMatch              :     lib root package: "com.facebook.all"  (in app: "androidx.core.view")
18:37:02 INFO  ProfileMatch              : 
18:37:02 INFO  ProfileMatch              :                 name: androidx.sqlite::sqlite
18:37:02 INFO  ProfileMatch              :             category: Android
18:37:02 INFO  ProfileMatch              :              version: 2.1.0  [OLD VERSION]
18:37:02 INFO  ProfileMatch              :         release-date:  --
18:37:02 INFO  ProfileMatch              :     lib root package: "androidx.sqlite.db"
18:37:02 INFO  ProfileMatch              : 
18:37:02 INFO  ProfileMatch              :                 name: androidx.legacy::legacy-support-core-utils
18:37:02 INFO  ProfileMatch              :             category: Android
18:37:02 INFO  ProfileMatch              :              version: 1.0.0
18:37:02 INFO  ProfileMatch              :         release-date:  --
18:37:02 INFO  ProfileMatch              :     lib root package: "androidx.legacy.content"
18:37:02 INFO  ProfileMatch              : 
18:37:02 INFO  ProfileMatch              :                 name: com.android.support::documentfile
18:37:02 INFO  ProfileMatch              :             category: Android
18:37:02 INFO  ProfileMatch              :              version: 28.0.0
18:37:02 INFO  ProfileMatch              :         release-date:  --
18:37:02 INFO  ProfileMatch              :     lib root package: "android.support.v4.provider"  (in app: "androidx.documentfile.provider")
18:37:02 INFO  ProfileMatch              : 
18:37:02 INFO  ProfileMatch              :                 name: com.android.support::viewpager
18:37:02 INFO  ProfileMatch              :             category: Android
18:37:02 INFO  ProfileMatch              :              version: 28.0.0
18:37:02 INFO  ProfileMatch              :         release-date:  --
18:37:02 INFO  ProfileMatch              :     lib root package: "android.support.v4.view"  (in app: "androidx.viewpager.widget")
18:37:02 INFO  ProfileMatch              : 
18:37:02 INFO  ProfileMatch              :                 name: androidx.localbroadcastmanager::localbroadcastmanager
18:37:02 INFO  ProfileMatch              :             category: Android
18:37:02 INFO  ProfileMatch              :              version: 1.0.0  [OLD VERSION]
18:37:02 INFO  ProfileMatch              :         release-date:  --
18:37:02 INFO  ProfileMatch              :     lib root package: "androidx.localbroadcastmanager.content"
18:37:02 INFO  ProfileMatch              : 
18:37:02 INFO  ProfileMatch              :                 name: androidx.localbroadcastmanager::localbroadcastmanager
18:37:02 INFO  ProfileMatch              :             category: Android
18:37:02 INFO  ProfileMatch              :              version: 1.1.0
18:37:02 INFO  ProfileMatch              :         release-date:  --
18:37:02 INFO  ProfileMatch              :     lib root package: "androidx.localbroadcastmanager.content"
18:37:02 INFO  ProfileMatch              : 
18:37:02 INFO  ProfileMatch              :                 name: androidx.viewpager::viewpager
18:37:02 INFO  ProfileMatch              :             category: Android
18:37:02 INFO  ProfileMatch              :              version: 1.0.0
18:37:02 INFO  ProfileMatch              :         release-date:  --
18:37:02 INFO  ProfileMatch              :     lib root package: "androidx.viewpager.widget"
18:37:02 INFO  ProfileMatch              : 
18:37:02 INFO  LibraryIdentifier         : 
18:37:02 INFO  LibraryIdentifier         : - Partial library matches:
18:37:02 INFO  LibraryIdentifier         :                 name: android.arch.core::common
18:37:02 INFO  LibraryIdentifier         :             category: Android
18:37:02 INFO  LibraryIdentifier         :              version: 1.1.1
18:37:02 INFO  LibraryIdentifier         :         release-date:  --
18:37:02 INFO  LibraryIdentifier         :     lib root package: "android.arch.core"
18:37:02 INFO  LibraryIdentifier         :         Partial matching results:
18:37:02 INFO  LibraryIdentifier         :              - config: Hashing.md5() | Flags: no-flag | Keep: PN | Prune: MSIG   score: 0.875
18:37:02 INFO  LibraryIdentifier         : 
18:37:02 INFO  LibraryIdentifier         :                 name: android.arch.core::runtime
18:37:02 INFO  LibraryIdentifier         :             category: Android
18:37:02 INFO  LibraryIdentifier         :              version: 1.1.0  [OLD VERSION]
18:37:02 INFO  LibraryIdentifier         :         release-date:  --
18:37:02 INFO  LibraryIdentifier         :     lib root package: "android.arch.core"
18:37:02 INFO  LibraryIdentifier         :         Partial matching results:
18:37:02 INFO  LibraryIdentifier         :              - config: Hashing.md5() | Flags: no-flag | Keep: PN | Prune: MSIG   score: 0.9
18:37:02 INFO  LibraryIdentifier         : 
18:37:02 INFO  LibraryIdentifier         : 
18:37:02 INFO  LibraryIdentifier         : App processing time: 46 sec, 85 ms
