18:22:40 INFO  LibraryIdentifier         : Process app: io.github.sds100.keymapper_50.apk
18:22:40 INFO  LibraryIdentifier         : = Manifest Parser =
18:22:40 INFO  LibraryIdentifier         :         Package name: io.github.sds100.keymapper
18:22:40 INFO  LibraryIdentifier         :         Version code: 50
18:22:40 INFO  LibraryIdentifier         :        minSdkVersion: 21
18:22:40 INFO  LibraryIdentifier         :     targetSdkVersion: 30
18:22:40 INFO  LibraryIdentifier         :         SharedUserId:  - none -
18:22:40 INFO  LibraryIdentifier         :     Library dependencies:  - none -
18:22:40 INFO  LibraryIdentifier         : 
18:22:40 INFO  LibraryIdentifier         : Found 402 unique libraries in 12405 library profiles
18:22:41 INFO  LibraryIdentifier         : Generated class hierarchy (in 648 ms)
18:22:42 INFO  WalaUtils                 : 
18:22:42 INFO  WalaUtils                 : = ClassHierarchy Stats =
18:22:42 INFO  WalaUtils                 :     # of classes: 8007
18:22:42 INFO  WalaUtils                 :     # thereof inner classes: 4880
18:22:42 INFO  WalaUtils                 :     # thereof public classes: 4812
18:22:42 INFO  WalaUtils                 :         Activity : 18
18:22:42 INFO  WalaUtils                 :         Application : 2
18:22:42 INFO  WalaUtils                 :         AsyncTask : 0
18:22:42 INFO  WalaUtils                 :         BroadcastReceiver : 27
18:22:42 INFO  WalaUtils                 :         ContentProvider : 4
18:22:42 INFO  WalaUtils                 :         Fragment : 1
18:22:42 INFO  WalaUtils                 :         Handler : 3
18:22:42 INFO  WalaUtils                 :         LayoutContainer : 80
18:22:42 INFO  WalaUtils                 :         Plain : 7809
18:22:42 INFO  WalaUtils                 :         Runnable : 0
18:22:42 INFO  WalaUtils                 :         Service : 12
18:22:42 INFO  WalaUtils                 :         Thread : 1
18:22:42 INFO  WalaUtils                 :         View : 50
18:22:42 INFO  WalaUtils                 :     # methods: 45039
18:22:42 INFO  WalaUtils                 :         # of publicly accessible methods: 32080
18:22:42 INFO  WalaUtils                 :         # of non-accessible methods: 12959
18:22:42 INFO  WalaUtils                 : 
18:22:42 INFO  Profile                   : = PackageTree =
18:22:42 INFO  PackageTree               : Root Package: androidx
18:22:42 INFO  PackageTree               : └── Root
18:22:42 INFO  PackageTree               :     ├── j (8)
18:22:42 INFO  PackageTree               :     ├── t (21)
18:22:42 INFO  PackageTree               :     ├── androidx
18:22:42 INFO  PackageTree               :     │   ├── appcompat
18:22:42 INFO  PackageTree               :     │   │   ├── widget (167)
18:22:42 INFO  PackageTree               :     │   │   ├── app (70)
18:22:42 INFO  PackageTree               :     │   │   ├── view
18:22:42 INFO  PackageTree               :     │   │   │   └── menu (43)
18:22:42 INFO  PackageTree               :     │   │   └── graphics
18:22:42 INFO  PackageTree               :     │   │       └── drawable (15)
18:22:42 INFO  PackageTree               :     │   ├── fragment
18:22:42 INFO  PackageTree               :     │   │   └── app (130)
18:22:42 INFO  PackageTree               :     │   ├── core
18:22:42 INFO  PackageTree               :     │   │   ├── view (60)
18:22:42 INFO  PackageTree               :     │   │   ├── app (43)
18:22:42 INFO  PackageTree               :     │   │   ├── widget (21)
18:22:42 INFO  PackageTree               :     │   │   └── graphics
18:22:42 INFO  PackageTree               :     │   │       └── drawable (2)
18:22:42 INFO  PackageTree               :     │   ├── recyclerview
18:22:42 INFO  PackageTree               :     │   │   └── widget (201)
18:22:42 INFO  PackageTree               :     │   ├── datastore
18:22:42 INFO  PackageTree               :     │   │   └── preferences
18:22:42 INFO  PackageTree               :     │   │       └── protobuf (150)
18:22:42 INFO  PackageTree               :     │   ├── navigation (98)
18:22:42 INFO  PackageTree               :     │   │   ├── fragment (16)
18:22:42 INFO  PackageTree               :     │   │   └── ui (26)
18:22:42 INFO  PackageTree               :     │   ├── preference (86)
18:22:42 INFO  PackageTree               :     │   │   └── internal (1)
18:22:42 INFO  PackageTree               :     │   ├── transition (78)
18:22:42 INFO  PackageTree               :     │   ├── lifecycle (146)
18:22:42 INFO  PackageTree               :     │   ├── versionedparcelable (5)
18:22:42 INFO  PackageTree               :     │   ├── work (26)
18:22:42 INFO  PackageTree               :     │   │   └── impl (15)
18:22:42 INFO  PackageTree               :     │   │       ├── background
18:22:42 INFO  PackageTree               :     │   │       │   ├── systemalarm (19)
18:22:42 INFO  PackageTree               :     │   │       │   └── systemjob (1)
18:22:42 INFO  PackageTree               :     │   │       ├── utils (2)
18:22:42 INFO  PackageTree               :     │   │       │   └── futures (12)
18:22:42 INFO  PackageTree               :     │   │       ├── workers (5)
18:22:42 INFO  PackageTree               :     │   │       ├── foreground (7)
18:22:42 INFO  PackageTree               :     │   │       └── diagnostics (1)
18:22:42 INFO  PackageTree               :     │   ├── dynamicanimation
18:22:42 INFO  PackageTree               :     │   │   └── animation (31)
18:22:42 INFO  PackageTree               :     │   ├── databinding (42)
18:22:42 INFO  PackageTree               :     │   │   └── library
18:22:42 INFO  PackageTree               :     │   │       └── baseAdapters (3)
18:22:42 INFO  PackageTree               :     │   ├── room (69)
18:22:42 INFO  PackageTree               :     │   ├── cardview
18:22:42 INFO  PackageTree               :     │   │   └── widget (12)
18:22:42 INFO  PackageTree               :     │   ├── constraintlayout
18:22:42 INFO  PackageTree               :     │   │   └── widget (25)
18:22:42 INFO  PackageTree               :     │   ├── test
18:22:42 INFO  PackageTree               :     │   │   ├── core
18:22:42 INFO  PackageTree               :     │   │   │   └── app (6)
18:22:42 INFO  PackageTree               :     │   │   ├── internal
18:22:42 INFO  PackageTree               :     │   │   │   ├── platform (2)
18:22:42 INFO  PackageTree               :     │   │   │   └── util (2)
18:22:42 INFO  PackageTree               :     │   │   └── annotation (1)
18:22:42 INFO  PackageTree               :     │   ├── vectordrawable
18:22:42 INFO  PackageTree               :     │   │   └── graphics
18:22:42 INFO  PackageTree               :     │   │       └── drawable (22)
18:22:42 INFO  PackageTree               :     │   ├── annotation (1)
18:22:42 INFO  PackageTree               :     │   ├── viewpager
18:22:42 INFO  PackageTree               :     │   │   └── widget (17)
18:22:42 INFO  PackageTree               :     │   ├── customview
18:22:42 INFO  PackageTree               :     │   │   ├── widget (13)
18:22:42 INFO  PackageTree               :     │   │   └── view (3)
18:22:42 INFO  PackageTree               :     │   ├── coordinatorlayout
18:22:42 INFO  PackageTree               :     │   │   └── widget (13)
18:22:42 INFO  PackageTree               :     │   ├── activity (18)
18:22:42 INFO  PackageTree               :     │   │   └── result (14)
18:22:42 INFO  PackageTree               :     │   ├── viewpager2
18:22:42 INFO  PackageTree               :     │   │   ├── adapter (13)
18:22:42 INFO  PackageTree               :     │   │   └── widget (27)
18:22:42 INFO  PackageTree               :     │   ├── savedstate (10)
18:22:42 INFO  PackageTree               :     │   ├── multidex (14)
18:22:42 INFO  PackageTree               :     │   ├── loader
18:22:42 INFO  PackageTree               :     │   │   └── app (5)
18:22:42 INFO  PackageTree               :     │   └── browser
18:22:42 INFO  PackageTree               :     │       └── browseractions (1)
18:22:42 INFO  PackageTree               :     ├── kotlinx
18:22:42 INFO  PackageTree               :     │   ├── coroutines (3)
18:22:42 INFO  PackageTree               :     │   │   ├── sync (11)
18:22:42 INFO  PackageTree               :     │   │   ├── internal (47)
18:22:42 INFO  PackageTree               :     │   │   ├── scheduling (16)
18:22:42 INFO  PackageTree               :     │   │   ├── flow (76)
18:22:42 INFO  PackageTree               :     │   │   └── android (2)
18:22:42 INFO  PackageTree               :     │   └── serialization (2)
18:22:42 INFO  PackageTree               :     │       ├── descriptors (2)
18:22:42 INFO  PackageTree               :     │       ├── json (11)
18:22:42 INFO  PackageTree               :     │       └── encoding (4)
18:22:42 INFO  PackageTree               :     ├── io
18:22:42 INFO  PackageTree               :     │   └── github
18:22:42 INFO  PackageTree               :     │       └── sds100
18:22:42 INFO  PackageTree               :     │           └── keymapper (106)
18:22:42 INFO  PackageTree               :     │               ├── mappings (69)
18:22:42 INFO  PackageTree               :     │               │   ├── keymaps (351)
18:22:42 INFO  PackageTree               :     │               │   │   ├── trigger (77)
18:22:42 INFO  PackageTree               :     │               │   │   └── detection (43)
18:22:42 INFO  PackageTree               :     │               │   └── fingerprintmaps (172)
18:22:42 INFO  PackageTree               :     │               ├── constraints (143)
18:22:42 INFO  PackageTree               :     │               ├── home (223)
18:22:42 INFO  PackageTree               :     │               ├── reportbug (51)
18:22:42 INFO  PackageTree               :     │               ├── system (7)
18:22:42 INFO  PackageTree               :     │               │   ├── intents (121)
18:22:42 INFO  PackageTree               :     │               │   ├── apps (95)
18:22:42 INFO  PackageTree               :     │               │   ├── permissions (21)
18:22:42 INFO  PackageTree               :     │               │   ├── accessibility (51)
18:22:42 INFO  PackageTree               :     │               │   ├── files (11)
18:22:42 INFO  PackageTree               :     │               │   ├── inputmethod (49)
18:22:42 INFO  PackageTree               :     │               │   ├── display (7)
18:22:42 INFO  PackageTree               :     │               │   ├── popup (2)
18:22:42 INFO  PackageTree               :     │               │   ├── statusbar (1)
18:22:42 INFO  PackageTree               :     │               │   ├── notifications (36)
18:22:42 INFO  PackageTree               :     │               │   ├── volume (11)
18:22:42 INFO  PackageTree               :     │               │   ├── keyevents (2)
18:22:42 INFO  PackageTree               :     │               │   ├── bluetooth (29)
18:22:42 INFO  PackageTree               :     │               │   ├── media (5)
18:22:42 INFO  PackageTree               :     │               │   ├── navigation (4)
18:22:42 INFO  PackageTree               :     │               │   ├── devices (16)
18:22:42 INFO  PackageTree               :     │               │   ├── camera (7)
18:22:42 INFO  PackageTree               :     │               │   ├── shell (1)
18:22:42 INFO  PackageTree               :     │               │   ├── tiles (10)
18:22:42 INFO  PackageTree               :     │               │   ├── root (6)
18:22:42 INFO  PackageTree               :     │               │   ├── network (4)
18:22:42 INFO  PackageTree               :     │               │   ├── phone (2)
18:22:42 INFO  PackageTree               :     │               │   ├── url (3)
18:22:42 INFO  PackageTree               :     │               │   ├── airplanemode (2)
18:22:42 INFO  PackageTree               :     │               │   ├── nfc (3)
18:22:42 INFO  PackageTree               :     │               │   ├── lock (3)
18:22:42 INFO  PackageTree               :     │               │   ├── vibrator (2)
18:22:42 INFO  PackageTree               :     │               │   ├── leanback (1)
18:22:42 INFO  PackageTree               :     │               │   └── clipboard (2)
18:22:42 INFO  PackageTree               :     │               ├── actions (291)
18:22:42 INFO  PackageTree               :     │               │   ├── sound (58)
18:22:42 INFO  PackageTree               :     │               │   ├── system (121)
18:22:42 INFO  PackageTree               :     │               │   ├── keyevent (64)
18:22:42 INFO  PackageTree               :     │               │   ├── tapscreen (45)
18:22:42 INFO  PackageTree               :     │               │   ├── phone (8)
18:22:42 INFO  PackageTree               :     │               │   ├── url (8)
18:22:42 INFO  PackageTree               :     │               │   └── text (8)
18:22:42 INFO  PackageTree               :     │               ├── onboarding (72)
18:22:42 INFO  PackageTree               :     │               ├── data (2)
18:22:42 INFO  PackageTree               :     │               │   ├── repositories (55)
18:22:42 INFO  PackageTree               :     │               │   ├── db (22)
18:22:42 INFO  PackageTree               :     │               │   │   ├── dao (43)
18:22:42 INFO  PackageTree               :     │               │   │   └── typeconverter (12)
18:22:42 INFO  PackageTree               :     │               │   ├── migration (18)
18:22:42 INFO  PackageTree               :     │               │   │   └── fingerprintmaps (2)
18:22:42 INFO  PackageTree               :     │               │   └── entities (30)
18:22:42 INFO  PackageTree               :     │               ├── util (142)
18:22:42 INFO  PackageTree               :     │               │   └── ui (129)
18:22:42 INFO  PackageTree               :     │               ├── backup (48)
18:22:42 INFO  PackageTree               :     │               ├── databinding (105)
18:22:42 INFO  PackageTree               :     │               ├── about (17)
18:22:42 INFO  PackageTree               :     │               ├── settings (135)
18:22:42 INFO  PackageTree               :     │               ├── logging (60)
18:22:42 INFO  PackageTree               :     │               ├── generated
18:22:42 INFO  PackageTree               :     │               │   └── callback (8)
18:22:42 INFO  PackageTree               :     │               ├── ui
18:22:42 INFO  PackageTree               :     │               │   └── utils (10)
18:22:42 INFO  PackageTree               :     │               ├── reroutekeyevents (11)
18:22:42 INFO  PackageTree               :     │               └── api (3)
18:22:42 INFO  PackageTree               :     ├── l3 (96)
18:22:42 INFO  PackageTree               :     ├── com
18:22:42 INFO  PackageTree               :     │   ├── karumi
18:22:42 INFO  PackageTree               :     │   │   └── dexter (23)
18:22:42 INFO  PackageTree               :     │   │       └── listener (9)
18:22:42 INFO  PackageTree               :     │   │           ├── multi (11)
18:22:42 INFO  PackageTree               :     │   │           └── single (11)
18:22:42 INFO  PackageTree               :     │   ├── google
18:22:42 INFO  PackageTree               :     │   │   ├── android
18:22:42 INFO  PackageTree               :     │   │   │   └── material
18:22:42 INFO  PackageTree               :     │   │   │       ├── textfield (51)
18:22:42 INFO  PackageTree               :     │   │   │       ├── transition (51)
18:22:42 INFO  PackageTree               :     │   │   │       │   └── platform (57)
18:22:42 INFO  PackageTree               :     │   │   │       ├── snackbar (41)
18:22:42 INFO  PackageTree               :     │   │   │       ├── bottomnavigation (16)
18:22:42 INFO  PackageTree               :     │   │   │       ├── internal (68)
18:22:42 INFO  PackageTree               :     │   │   │       ├── datepicker (69)
18:22:42 INFO  PackageTree               :     │   │   │       ├── transformation (15)
18:22:42 INFO  PackageTree               :     │   │   │       ├── shape (39)
18:22:42 INFO  PackageTree               :     │   │   │       ├── tabs (27)
18:22:42 INFO  PackageTree               :     │   │   │       ├── appbar (29)
18:22:42 INFO  PackageTree               :     │   │   │       ├── floatingactionbutton (43)
18:22:42 INFO  PackageTree               :     │   │   │       ├── bottomappbar (19)
18:22:42 INFO  PackageTree               :     │   │   │       ├── button (14)
18:22:42 INFO  PackageTree               :     │   │   │       ├── progressindicator (38)
18:22:42 INFO  PackageTree               :     │   │   │       ├── timepicker (42)
18:22:42 INFO  PackageTree               :     │   │   │       ├── elevation (1)
18:22:42 INFO  PackageTree               :     │   │   │       ├── animation (11)
18:22:42 INFO  PackageTree               :     │   │   │       ├── theme (1)
18:22:42 INFO  PackageTree               :     │   │   │       │   └── overlay (1)
18:22:42 INFO  PackageTree               :     │   │   │       ├── dialog (3)
18:22:42 INFO  PackageTree               :     │   │   │       ├── behavior (7)
18:22:42 INFO  PackageTree               :     │   │   │       ├── circularreveal (14)
18:22:42 INFO  PackageTree               :     │   │   │       │   ├── cardview (1)
18:22:42 INFO  PackageTree               :     │   │   │       │   └── coordinatorlayout (1)
18:22:42 INFO  PackageTree               :     │   │   │       ├── tooltip (2)
18:22:42 INFO  PackageTree               :     │   │   │       ├── bottomsheet (19)
18:22:42 INFO  PackageTree               :     │   │   │       ├── slider (21)
18:22:42 INFO  PackageTree               :     │   │   │       ├── badge (8)
18:22:42 INFO  PackageTree               :     │   │   │       ├── resources (9)
18:22:42 INFO  PackageTree               :     │   │   │       ├── navigation (6)
18:22:42 INFO  PackageTree               :     │   │   │       ├── imageview (2)
18:22:42 INFO  PackageTree               :     │   │   │       ├── drawable (1)
18:22:42 INFO  PackageTree               :     │   │   │       ├── radiobutton (1)
18:22:42 INFO  PackageTree               :     │   │   │       ├── textview (1)
18:22:42 INFO  PackageTree               :     │   │   │       ├── chip (11)
18:22:42 INFO  PackageTree               :     │   │   │       ├── ripple (3)
18:22:42 INFO  PackageTree               :     │   │   │       ├── canvas (1)
18:22:42 INFO  PackageTree               :     │   │   │       ├── shadow (3)
18:22:42 INFO  PackageTree               :     │   │   │       ├── checkbox (1)
18:22:42 INFO  PackageTree               :     │   │   │       ├── card (4)
18:22:42 INFO  PackageTree               :     │   │   │       ├── expandable (3)
18:22:42 INFO  PackageTree               :     │   │   │       ├── math (1)
18:22:42 INFO  PackageTree               :     │   │   │       ├── stateful (2)
18:22:42 INFO  PackageTree               :     │   │   │       ├── color (1)
18:22:42 INFO  PackageTree               :     │   │   │       └── switchmaterial (1)
18:22:42 INFO  PackageTree               :     │   │   └── gson (39)
18:22:42 INFO  PackageTree               :     │   │       └── reflect (1)
18:22:42 INFO  PackageTree               :     │   ├── github
18:22:42 INFO  PackageTree               :     │   │   └── appintro (27)
18:22:42 INFO  PackageTree               :     │   │       ├── internal (11)
18:22:42 INFO  PackageTree               :     │   │       │   └── viewpager (3)
18:22:42 INFO  PackageTree               :     │   │       ├── indicator (4)
18:22:42 INFO  PackageTree               :     │   │       └── model (2)
18:22:42 INFO  PackageTree               :     │   └── airbnb
18:22:42 INFO  PackageTree               :     │       └── epoxy (113)
18:22:42 INFO  PackageTree               :     │           ├── stickyheader (16)
18:22:42 INFO  PackageTree               :     │           └── databinding (3)
18:22:42 INFO  PackageTree               :     ├── h (14)
18:22:42 INFO  PackageTree               :     ├── d (10)
18:22:42 INFO  PackageTree               :     ├── o (18)
18:22:42 INFO  PackageTree               :     ├── y (19)
18:22:42 INFO  PackageTree               :     ├── r (16)
18:22:42 INFO  PackageTree               :     ├── s (14)
18:22:42 INFO  PackageTree               :     ├── n1 (43)
18:22:42 INFO  PackageTree               :     ├── z (19)
18:22:42 INFO  PackageTree               :     ├── f1 (29)
18:22:42 INFO  PackageTree               :     ├── b3 (134)
18:22:42 INFO  PackageTree               :     ├── h2 (50)
18:22:42 INFO  PackageTree               :     ├── c2 (66)
18:22:42 INFO  PackageTree               :     ├── a4 (14)
18:22:42 INFO  PackageTree               :     ├── o1 (21)
18:22:42 INFO  PackageTree               :     ├── g2 (39)
18:22:42 INFO  PackageTree               :     ├── j3 (34)
18:22:42 INFO  PackageTree               :     ├── kotlin
18:22:42 INFO  PackageTree               :     │   ├── jvm
18:22:42 INFO  PackageTree               :     │   │   └── internal (46)
18:22:42 INFO  PackageTree               :     │   └── coroutines
18:22:42 INFO  PackageTree               :     │       └── jvm
18:22:42 INFO  PackageTree               :     │           └── internal (13)
18:22:42 INFO  PackageTree               :     ├── b2 (42)
18:22:42 INFO  PackageTree               :     ├── l4 (1)
18:22:42 INFO  PackageTree               :     ├── k4 (1)
18:22:42 INFO  PackageTree               :     ├── j4 (6)
18:22:42 INFO  PackageTree               :     ├── h4 (5)
18:22:42 INFO  PackageTree               :     ├── g4 (1)
18:22:42 INFO  PackageTree               :     ├── f4 (1)
18:22:42 INFO  PackageTree               :     ├── e4 (1)
18:22:42 INFO  PackageTree               :     ├── d4 (1)
18:22:42 INFO  PackageTree               :     ├── c4 (1)
18:22:42 INFO  PackageTree               :     ├── b4 (8)
18:22:42 INFO  PackageTree               :     ├── y1 (29)
18:22:42 INFO  PackageTree               :     ├── w1 (32)
18:22:42 INFO  PackageTree               :     ├── x1 (4)
18:22:42 INFO  PackageTree               :     ├── r1 (12)
18:22:42 INFO  PackageTree               :     ├── p1 (3)
18:22:42 INFO  PackageTree               :     ├── u1 (6)
18:22:42 INFO  PackageTree               :     ├── v1 (8)
18:22:42 INFO  PackageTree               :     ├── s1 (3)
18:22:42 INFO  PackageTree               :     ├── i1 (2)
18:22:42 INFO  PackageTree               :     ├── j1 (4)
18:22:42 INFO  PackageTree               :     ├── g1 (14)
18:22:42 INFO  PackageTree               :     ├── h1 (3)
18:22:42 INFO  PackageTree               :     ├── k1 (9)
18:22:42 INFO  PackageTree               :     ├── l1 (11)
18:22:42 INFO  PackageTree               :     ├── a1 (11)
18:22:42 INFO  PackageTree               :     ├── b1 (9)
18:22:42 INFO  PackageTree               :     ├── c1 (2)
18:22:42 INFO  PackageTree               :     ├── n3 (35)
18:22:42 INFO  PackageTree               :     ├── e3 (44)
18:22:42 INFO  PackageTree               :     ├── d3 (40)
18:22:42 INFO  PackageTree               :     ├── a3 (35)
18:22:42 INFO  PackageTree               :     ├── i0 (20)
18:22:42 INFO  PackageTree               :     ├── w3 (13)
18:22:42 INFO  PackageTree               :     ├── x3 (20)
18:22:42 INFO  PackageTree               :     ├── v3 (14)
18:22:42 INFO  PackageTree               :     ├── m3 (26)
18:22:42 INFO  PackageTree               :     ├── h3 (18)
18:22:42 INFO  PackageTree               :     ├── o0 (48)
18:22:42 INFO  PackageTree               :     ├── r0 (18)
18:22:42 INFO  PackageTree               :     ├── s0 (14)
18:22:42 INFO  PackageTree               :     ├── k0 (13)
18:22:42 INFO  PackageTree               :     ├── g0 (16)
18:22:42 INFO  PackageTree               :     ├── f2 (8)
18:22:42 INFO  PackageTree               :     ├── u0 (6)
18:22:42 INFO  PackageTree               :     ├── q0 (7)
18:22:42 INFO  PackageTree               :     ├── k2 (18)
18:22:42 INFO  PackageTree               :     ├── timber
18:22:42 INFO  PackageTree               :     │   └── log (4)
18:22:42 INFO  PackageTree               :     ├── y2 (23)
18:22:42 INFO  PackageTree               :     ├── r2 (23)
18:22:42 INFO  PackageTree               :     ├── f (2)
18:22:42 INFO  PackageTree               :     ├── e (2)
18:22:42 INFO  PackageTree               :     ├── g (1)
18:22:42 INFO  PackageTree               :     ├── b (2)
18:22:42 INFO  PackageTree               :     ├── a (3)
18:22:42 INFO  PackageTree               :     ├── c (7)
18:22:42 INFO  PackageTree               :     ├── n (5)
18:22:42 INFO  PackageTree               :     ├── m (4)
18:22:42 INFO  PackageTree               :     ├── p (1)
18:22:42 INFO  PackageTree               :     ├── i (6)
18:22:42 INFO  PackageTree               :     ├── l (1)
18:22:42 INFO  PackageTree               :     ├── k (1)
18:22:42 INFO  PackageTree               :     ├── v (3)
18:22:42 INFO  PackageTree               :     ├── u (3)
18:22:42 INFO  PackageTree               :     ├── x (4)
18:22:42 INFO  PackageTree               :     ├── w (3)
18:22:42 INFO  PackageTree               :     ├── q (1)
18:22:42 INFO  PackageTree               :     ├── splitties
18:22:42 INFO  PackageTree               :     │   └── init (1)
18:22:42 INFO  PackageTree               :     ├── i4 (17)
18:22:42 INFO  PackageTree               :     ├── z3 (4)
18:22:42 INFO  PackageTree               :     ├── y3 (6)
18:22:42 INFO  PackageTree               :     ├── s3 (2)
18:22:42 INFO  PackageTree               :     ├── r3 (4)
18:22:42 INFO  PackageTree               :     ├── u3 (7)
18:22:42 INFO  PackageTree               :     ├── t3 (2)
18:22:42 INFO  PackageTree               :     ├── o3 (4)
18:22:42 INFO  PackageTree               :     ├── q3 (7)
18:22:42 INFO  PackageTree               :     ├── p3 (1)
18:22:42 INFO  PackageTree               :     ├── k3 (5)
18:22:42 INFO  PackageTree               :     ├── g3 (1)
18:22:42 INFO  PackageTree               :     ├── f3 (2)
18:22:42 INFO  PackageTree               :     ├── i3 (1)
18:22:42 INFO  PackageTree               :     ├── c3 (6)
18:22:42 INFO  PackageTree               :     ├── w0 (4)
18:22:42 INFO  PackageTree               :     ├── v0 (3)
18:22:42 INFO  PackageTree               :     ├── z0 (11)
18:22:42 INFO  PackageTree               :     ├── p0 (2)
18:22:42 INFO  PackageTree               :     ├── t0 (5)
18:22:42 INFO  PackageTree               :     ├── f0 (15)
18:22:42 INFO  PackageTree               :     ├── h0 (7)
18:22:42 INFO  PackageTree               :     ├── j0 (6)
18:22:42 INFO  PackageTree               :     ├── a0 (7)
18:22:42 INFO  PackageTree               :     ├── b0 (3)
18:22:42 INFO  PackageTree               :     ├── e0 (5)
18:22:42 INFO  PackageTree               :     ├── z2 (20)
18:22:42 INFO  PackageTree               :     ├── p2 (19)
18:22:42 INFO  PackageTree               :     ├── android
18:22:42 INFO  PackageTree               :     │   └── support
18:22:42 INFO  PackageTree               :     │       └── v4
18:22:42 INFO  PackageTree               :     │           ├── graphics
18:22:42 INFO  PackageTree               :     │           │   └── drawable (1)
18:22:42 INFO  PackageTree               :     │           └── app (1)
18:22:42 INFO  PackageTree               :     ├── x2 (8)
18:22:42 INFO  PackageTree               :     ├── t2 (3)
18:22:42 INFO  PackageTree               :     ├── v2 (5)
18:22:42 INFO  PackageTree               :     ├── q2 (2)
18:22:42 INFO  PackageTree               :     ├── s2 (3)
18:22:42 INFO  PackageTree               :     ├── l2 (8)
18:22:42 INFO  PackageTree               :     ├── m2 (4)
18:22:42 INFO  PackageTree               :     ├── i2 (3)
18:22:42 INFO  PackageTree               :     ├── j2 (4)
18:22:42 INFO  PackageTree               :     ├── e2 (5)
18:22:42 INFO  PackageTree               :     ├── a2 (5)
18:22:42 INFO  PackageTree               :     ├── t1 (2)
18:22:42 INFO  PackageTree               :     ├── u2 (1)
18:22:42 INFO  PackageTree               :     ├── w2 (1)
18:22:42 INFO  PackageTree               :     ├── n2 (1)
18:22:42 INFO  PackageTree               :     ├── o2 (1)
18:22:42 INFO  PackageTree               :     ├── d2 (1)
18:22:42 INFO  PackageTree               :     ├── x0 (1)
18:22:42 INFO  PackageTree               :     ├── y0 (1)
18:22:42 INFO  PackageTree               :     ├── l0 (1)
18:22:42 INFO  PackageTree               :     ├── n0 (1)
18:22:42 INFO  PackageTree               :     ├── m0 (1)
18:22:42 INFO  PackageTree               :     ├── d0 (1)
18:22:42 INFO  PackageTree               :     ├── c0 (1)
18:22:42 INFO  PackageTree               :     ├── z1 (1)
18:22:42 INFO  PackageTree               :     ├── q1 (1)
18:22:42 INFO  PackageTree               :     ├── m1 (1)
18:22:42 INFO  PackageTree               :     ├── d1 (1)
18:22:42 INFO  PackageTree               :     └── e1 (1)
18:22:42 INFO  Profile                   : 
18:22:42 INFO  AppProfile                : - generated app package tree (in 55 ms)
18:22:42 INFO  AppProfile                : 
18:22:42 DEBUG HashTree                  : Generate hash tree..
18:22:43 DEBUG HashTree                  :     - generated 328 package hashes.
18:22:43 DEBUG HashTree                  :     - generated 7781 clazz hashes.
18:22:43 DEBUG HashTree                  :     - generated 45039 method hashes.
18:22:43 DEBUG HashTree                  :     => Library Hash: 1d87ee8a8609316d9f3e992965f9e437
18:22:43 INFO  AppProfile                : - generated app hash trees (in 718 ms)
18:22:43 INFO  AppProfile                : 
18:22:43 INFO  LibraryIdentifier         : = Scan for library root packages (heuristic) =
18:22:43 INFO  LibraryIdentifier         :     - Found lib root package com.karumi.dexter  (Dexter)
18:22:43 INFO  LibraryIdentifier         :     - Found lib root package com.google.gson  (Gson)
18:22:43 INFO  LibraryIdentifier         :     - Found lib root package androidx.navigation  (android.arch.navigation::navigation-common)
18:22:43 INFO  LibraryIdentifier         :     - Found lib root package androidx.navigation  (android.arch.navigation::navigation-common-ktx)
18:22:43 INFO  LibraryIdentifier         :     - Found lib root package androidx.navigation.fragment  (android.arch.navigation::navigation-fragment)
18:22:43 INFO  LibraryIdentifier         :     - Found lib root package androidx.navigation.fragment  (android.arch.navigation::navigation-fragment-ktx)
18:22:43 INFO  LibraryIdentifier         :     - Found lib root package androidx.navigation  (android.arch.navigation::navigation-runtime)
18:22:43 INFO  LibraryIdentifier         :     - Found lib root package androidx.navigation  (android.arch.navigation::navigation-runtime-ktx)
18:22:43 INFO  LibraryIdentifier         :     - Found lib root package androidx.navigation.ui  (android.arch.navigation::navigation-ui)
18:22:43 INFO  LibraryIdentifier         :     - Found lib root package androidx.navigation.ui  (android.arch.navigation::navigation-ui-ktx)
18:22:43 INFO  LibraryIdentifier         :     - Found lib root package androidx.work  (android.arch.work::work-runtime)
18:22:43 INFO  LibraryIdentifier         :     - Found lib root package androidx.work  (android.arch.work::work-runtime-ktx)
18:22:43 INFO  LibraryIdentifier         :     - Found lib root package androidx.annotation  (androidx.annotation::annotation)
18:22:43 INFO  LibraryIdentifier         :     - Found lib root package androidx.appcompat  (androidx.appcompat::appcompat)
18:22:43 INFO  LibraryIdentifier         :     - Found lib root package androidx.browser  (androidx.browser::browser)
18:22:43 INFO  LibraryIdentifier         :     - Found lib root package androidx.cardview.widget  (androidx.cardview::cardview)
18:22:43 INFO  LibraryIdentifier         :     - Found lib root package androidx.constraintlayout.widget  (androidx.constraintlayout::constraintlayout)
18:22:43 INFO  LibraryIdentifier         :     - Found lib root package androidx.coordinatorlayout.widget  (androidx.coordinatorlayout::coordinatorlayout)
18:22:43 INFO  LibraryIdentifier         :     - Found lib root package androidx.core  (androidx.core::core)
18:22:43 INFO  LibraryIdentifier         :     - Found lib root package androidx  (androidx.core::core-ktx)
18:22:43 INFO  LibraryIdentifier         :     - Found lib root package androidx.customview  (androidx.customview::customview)
18:22:43 INFO  LibraryIdentifier         :     - Found lib root package androidx.databinding  (androidx.databinding::databinding-adapters)
18:22:43 INFO  LibraryIdentifier         :     - Found lib root package androidx.databinding  (androidx.databinding::databinding-common)
18:22:43 INFO  LibraryIdentifier         :     - Found lib root package androidx.databinding  (androidx.databinding::databinding-runtime)
18:22:43 INFO  LibraryIdentifier         :     - Found lib root package androidx.dynamicanimation.animation  (androidx.dynamicanimation::dynamicanimation)
18:22:43 INFO  LibraryIdentifier         :     - Found lib root package androidx.fragment.app  (androidx.fragment::fragment)
18:22:43 INFO  LibraryIdentifier         :     - Found lib root package androidx.fragment.app  (androidx.fragment::fragment-ktx)
18:22:43 INFO  LibraryIdentifier         :     - Found lib root package androidx.lifecycle  (androidx.lifecycle::lifecycle-common)
18:22:43 INFO  LibraryIdentifier         :     - Found lib root package androidx.lifecycle  (androidx.lifecycle::lifecycle-common-java8)
18:22:43 INFO  LibraryIdentifier         :     - Found lib root package androidx.lifecycle  (androidx.lifecycle::lifecycle-compiler)
18:22:43 INFO  LibraryIdentifier         :     - Found lib root package androidx.lifecycle  (androidx.lifecycle::lifecycle-extensions)
18:22:43 INFO  LibraryIdentifier         :     - Found lib root package androidx.lifecycle  (androidx.lifecycle::lifecycle-livedata)
18:22:43 INFO  LibraryIdentifier         :     - Found lib root package androidx.lifecycle  (androidx.lifecycle::lifecycle-livedata-core)
18:22:43 INFO  LibraryIdentifier         :     - Found lib root package androidx.lifecycle  (androidx.lifecycle::lifecycle-process)
18:22:43 INFO  LibraryIdentifier         :     - Found lib root package androidx.lifecycle  (androidx.lifecycle::lifecycle-reactivestreams)
18:22:43 INFO  LibraryIdentifier         :     - Found lib root package androidx.lifecycle  (androidx.lifecycle::lifecycle-reactivestreams-ktx)
18:22:43 INFO  LibraryIdentifier         :     - Found lib root package androidx.lifecycle  (androidx.lifecycle::lifecycle-runtime)
18:22:43 INFO  LibraryIdentifier         :     - Found lib root package androidx.lifecycle  (androidx.lifecycle::lifecycle-service)
18:22:43 INFO  LibraryIdentifier         :     - Found lib root package androidx.lifecycle  (androidx.lifecycle::lifecycle-viewmodel)
18:22:43 INFO  LibraryIdentifier         :     - Found lib root package androidx.lifecycle  (androidx.lifecycle::lifecycle-viewmodel-ktx)
18:22:43 INFO  LibraryIdentifier         :     - Found lib root package androidx.loader  (androidx.loader::loader)
18:22:43 INFO  LibraryIdentifier         :     - Found lib root package androidx.multidex  (androidx.multidex::multidex)
18:22:43 INFO  LibraryIdentifier         :     - Found lib root package androidx.preference  (androidx.preference::preference)
18:22:43 INFO  LibraryIdentifier         :     - Found lib root package androidx.preference  (androidx.preference::preference-ktx)
18:22:43 INFO  LibraryIdentifier         :     - Found lib root package androidx.recyclerview.widget  (androidx.recyclerview::recyclerview)
18:22:43 INFO  LibraryIdentifier         :     - Found lib root package androidx.room  (androidx.room::room-common)
18:22:43 INFO  LibraryIdentifier         :     - Found lib root package androidx.room  (androidx.room::room-compiler)
18:22:43 INFO  LibraryIdentifier         :     - Found lib root package androidx.room  (androidx.room::room-runtime)
18:22:43 INFO  LibraryIdentifier         :     - Found lib root package androidx.room  (androidx.room::room-rxjava2)
18:22:43 INFO  LibraryIdentifier         :     - Found lib root package androidx.transition  (androidx.transition::transition)
18:22:43 INFO  LibraryIdentifier         :     - Found lib root package androidx.vectordrawable.graphics.drawable  (androidx.vectordrawable::vectordrawable)
18:22:43 INFO  LibraryIdentifier         :     - Found lib root package androidx.vectordrawable.graphics.drawable  (androidx.vectordrawable::vectordrawable-animated)
18:22:43 INFO  LibraryIdentifier         :     - Found lib root package androidx.versionedparcelable  (androidx.versionedparcelable::versionedparcelable)
18:22:43 INFO  LibraryIdentifier         :     - Found lib root package androidx.viewpager.widget  (androidx.viewpager::viewpager)
18:22:43 INFO  LibraryIdentifier         :     - Found lib root package androidx.browser.browseractions  (com.android.support::customtabs)
18:22:43 INFO  LibraryIdentifier         :     - Found lib root package android.support.v4  (com.android.support::customview)
18:22:43 INFO  LibraryIdentifier         :     - Found lib root package android.support.v4  (com.android.support::loader)
18:22:43 INFO  LibraryIdentifier         :     - Found lib root package android.support.v4  (com.android.support::support-compat)
18:22:43 INFO  LibraryIdentifier         :     - Found lib root package android.support.v4  (com.android.support::support-core-ui)
18:22:43 INFO  LibraryIdentifier         :     - Found lib root package android.support.v4  (com.android.support::support-core-utils)
18:22:43 INFO  LibraryIdentifier         :     - Found lib root package android.support.v4.app  (com.android.support::support-fragment)
18:22:43 INFO  LibraryIdentifier         :     - Found lib root package android.support.v4  (com.android.support::support-v4)
18:22:43 INFO  LibraryIdentifier         :     - Found lib root package androidx.versionedparcelable  (com.android.support::versionedparcelable)
18:22:43 INFO  LibraryIdentifier         :     - Found lib root package com.google.android.material  (com.google.android.material::material)
18:22:43 INFO  LibraryIdentifier         : 
18:22:43 INFO  LibraryIdentifier         : = Match profiles =
18:23:25 INFO  LibraryIdentifier         :     >> profile matching done (41 sec, 786 ms)
18:23:25 INFO  LibraryIdentifier         : 
18:23:25 INFO  LibraryIdentifier         : == Report ==
18:23:25 INFO  LibraryIdentifier         : - Full library matches:
18:23:25 INFO  ProfileMatch              :                 name: androidx.recyclerview::recyclerview
18:23:25 INFO  ProfileMatch              :             category: Android
18:23:25 INFO  ProfileMatch              :              version: 1.2.0  [OLD VERSION]
18:23:25 INFO  ProfileMatch              :         release-date:  --
18:23:25 INFO  ProfileMatch              :     lib root package: "androidx.recyclerview.widget"
18:23:25 INFO  ProfileMatch              : 
18:23:25 INFO  ProfileMatch              :                 name: androidx.recyclerview::recyclerview
18:23:25 INFO  ProfileMatch              :             category: Android
18:23:25 INFO  ProfileMatch              :              version: 1.2.1
18:23:25 INFO  ProfileMatch              :         release-date:  --
18:23:25 INFO  ProfileMatch              :     lib root package: "androidx.recyclerview.widget"
18:23:25 INFO  ProfileMatch              : 
18:23:25 INFO  ProfileMatch              :                 name: Dexter
18:23:25 INFO  ProfileMatch              :             category: Android
18:23:25 INFO  ProfileMatch              :              version: 6.2.2  [OLD VERSION]
18:23:25 INFO  ProfileMatch              :         release-date: 17.11.2020
18:23:25 INFO  ProfileMatch              :     lib root package: "com.karumi.dexter"
18:23:25 INFO  ProfileMatch              : 
18:23:25 INFO  ProfileMatch              :                 name: Dexter
18:23:25 INFO  ProfileMatch              :             category: Android
18:23:25 INFO  ProfileMatch              :              version: 6.2.3
18:23:25 INFO  ProfileMatch              :         release-date: 02.07.2021
18:23:25 INFO  ProfileMatch              :     lib root package: "com.karumi.dexter"
18:23:25 INFO  ProfileMatch              : 
18:23:25 INFO  ProfileMatch              :                 name: androidx.cardview::cardview
18:23:25 INFO  ProfileMatch              :             category: Android
18:23:25 INFO  ProfileMatch              :              version: 1.0.0
18:23:25 INFO  ProfileMatch              :         release-date:  --
18:23:25 INFO  ProfileMatch              :     lib root package: "androidx.cardview.widget"
18:23:25 INFO  ProfileMatch              : 
18:23:25 INFO  ProfileMatch              :                 name: com.google.android.material::material
18:23:25 INFO  ProfileMatch              :             category: Android
18:23:25 INFO  ProfileMatch              :              version: 1.3.0  [OLD VERSION]
18:23:25 INFO  ProfileMatch              :         release-date:  --
18:23:25 INFO  ProfileMatch              :     lib root package: "com.google.android.material"
18:23:25 INFO  ProfileMatch              : 
18:23:25 INFO  ProfileMatch              :                 name: com.google.firebase::firebase-ml-vision-image-label-model
18:23:25 INFO  ProfileMatch              :             category: Android
18:23:25 INFO  ProfileMatch              :              version: 20.0.0  [OLD VERSION]
18:23:25 INFO  ProfileMatch              :         release-date:  --
18:23:25 INFO  ProfileMatch              :     lib root package: "com.google.firebase.ml.vision.imagelabel"  (in app: "d")
18:23:25 INFO  ProfileMatch              : 
18:23:25 INFO  ProfileMatch              :                 name: com.google.firebase::firebase-ml-vision-image-label-model
18:23:25 INFO  ProfileMatch              :             category: Android
18:23:25 INFO  ProfileMatch              :              version: 20.0.1  [OLD VERSION]
18:23:25 INFO  ProfileMatch              :         release-date:  --
18:23:25 INFO  ProfileMatch              :     lib root package: "com.google.firebase.ml.vision.imagelabel"  (in app: "d")
18:23:25 INFO  ProfileMatch              : 
18:23:25 INFO  ProfileMatch              :                 name: com.google.firebase::firebase-ml-vision-image-label-model
18:23:25 INFO  ProfileMatch              :             category: Android
18:23:25 INFO  ProfileMatch              :              version: 20.0.2
18:23:25 INFO  ProfileMatch              :         release-date:  --
18:23:25 INFO  ProfileMatch              :     lib root package: "com.google.firebase.ml.vision.imagelabel"  (in app: "d")
18:23:25 INFO  ProfileMatch              : 
18:23:25 INFO  ProfileMatch              :                 name: androidx.arch.core::core-common
18:23:25 INFO  ProfileMatch              :             category: Android
18:23:25 INFO  ProfileMatch              :              version: 2.0.0  [OLD VERSION]
18:23:25 INFO  ProfileMatch              :         release-date:  --
18:23:25 INFO  ProfileMatch              :     lib root package: "androidx.arch.core"  (in app: "j")
18:23:25 INFO  ProfileMatch              : 
18:23:25 INFO  ProfileMatch              :                 name: androidx.arch.core::core-common
18:23:25 INFO  ProfileMatch              :             category: Android
18:23:25 INFO  ProfileMatch              :              version: 2.0.1  [OLD VERSION]
18:23:25 INFO  ProfileMatch              :         release-date:  --
18:23:25 INFO  ProfileMatch              :     lib root package: "androidx.arch.core"  (in app: "j")
18:23:25 INFO  ProfileMatch              : 
18:23:25 INFO  ProfileMatch              :                 name: androidx.arch.core::core-common
18:23:25 INFO  ProfileMatch              :             category: Android
18:23:25 INFO  ProfileMatch              :              version: 2.1.0
18:23:25 INFO  ProfileMatch              :         release-date:  --
18:23:25 INFO  ProfileMatch              :     lib root package: "androidx.arch.core"  (in app: "j")
18:23:25 INFO  ProfileMatch              : 
18:23:25 INFO  ProfileMatch              :                 name: androidx.palette::palette-ktx
18:23:25 INFO  ProfileMatch              :             category: Android
18:23:25 INFO  ProfileMatch              :              version: 1.0.0
18:23:25 INFO  ProfileMatch              :         release-date:  --
18:23:25 INFO  ProfileMatch              :     lib root package: "androidx.palette.graphics"  (in app: "com.google.gson")
18:23:25 INFO  ProfileMatch              : 
18:23:25 INFO  ProfileMatch              :                 name: androidx.lifecycle::lifecycle-viewmodel-ktx
18:23:25 INFO  ProfileMatch              :             category: Android
18:23:25 INFO  ProfileMatch              :              version: 2.0.0  [OLD VERSION]
18:23:25 INFO  ProfileMatch              :         release-date:  --
18:23:25 INFO  ProfileMatch              :     lib root package: "androidx.lifecycle"  (in app: "androidx.navigation")
18:23:25 INFO  ProfileMatch              : 
18:23:25 INFO  ProfileMatch              :                 name: com.android.support::interpolator
18:23:25 INFO  ProfileMatch              :             category: Android
18:23:25 INFO  ProfileMatch              :              version: 28.0.0
18:23:25 INFO  ProfileMatch              :         release-date:  --
18:23:25 INFO  ProfileMatch              :     lib root package: "android.support.v4.view.animation"  (in app: "w0")
18:23:25 INFO  ProfileMatch              : 
18:23:25 INFO  ProfileMatch              :                 name: androidx.interpolator::interpolator
18:23:25 INFO  ProfileMatch              :             category: Android
18:23:25 INFO  ProfileMatch              :              version: 1.0.0
18:23:25 INFO  ProfileMatch              :         release-date:  --
18:23:25 INFO  ProfileMatch              :     lib root package: "androidx.interpolator.view.animation"  (in app: "w0")
18:23:25 INFO  ProfileMatch              : 
18:23:25 INFO  ProfileMatch              :                 name: Facebook
18:23:25 INFO  ProfileMatch              :             category: SocialMedia
18:23:25 INFO  ProfileMatch              :              version: 4.27.0  [OLD VERSION]
18:23:25 INFO  ProfileMatch              :         release-date: 26.09.2017
18:23:25 INFO  ProfileMatch              :     lib root package: "com.facebook.all"  (in app: "d")
18:23:25 INFO  ProfileMatch              : 
18:23:25 INFO  ProfileMatch              :                 name: Facebook
18:23:25 INFO  ProfileMatch              :             category: SocialMedia
18:23:25 INFO  ProfileMatch              :              version: 4.28.0  [OLD VERSION]
18:23:25 INFO  ProfileMatch              :         release-date: 07.11.2017
18:23:25 INFO  ProfileMatch              :     lib root package: "com.facebook.all"  (in app: "d")
18:23:25 INFO  ProfileMatch              : 
18:23:25 INFO  ProfileMatch              :                 name: Facebook
18:23:25 INFO  ProfileMatch              :             category: SocialMedia
18:23:25 INFO  ProfileMatch              :              version: 4.29.0  [OLD VERSION]
18:23:25 INFO  ProfileMatch              :         release-date: 05.12.2017
18:23:25 INFO  ProfileMatch              :     lib root package: "com.facebook.all"  (in app: "d")
18:23:25 INFO  ProfileMatch              : 
18:23:25 INFO  ProfileMatch              :                 name: Facebook
18:23:25 INFO  ProfileMatch              :             category: SocialMedia
18:23:25 INFO  ProfileMatch              :              version: 4.30.0  [OLD VERSION]
18:23:25 INFO  ProfileMatch              :         release-date: 24.01.2018
18:23:25 INFO  ProfileMatch              :     lib root package: "com.facebook.all"  (in app: "d")
18:23:25 INFO  ProfileMatch              : 
18:23:25 INFO  ProfileMatch              :                 name: Facebook
18:23:25 INFO  ProfileMatch              :             category: SocialMedia
18:23:25 INFO  ProfileMatch              :              version: 4.31.0  [OLD VERSION]
18:23:25 INFO  ProfileMatch              :         release-date: 28.02.2018
18:23:25 INFO  ProfileMatch              :     lib root package: "com.facebook.all"  (in app: "d")
18:23:25 INFO  ProfileMatch              : 
18:23:25 INFO  ProfileMatch              :                 name: Facebook
18:23:25 INFO  ProfileMatch              :             category: SocialMedia
18:23:25 INFO  ProfileMatch              :              version: 4.32.0  [OLD VERSION]
18:23:25 INFO  ProfileMatch              :         release-date: 11.04.2018
18:23:25 INFO  ProfileMatch              :     lib root package: "com.facebook.all"  (in app: "d")
18:23:25 INFO  ProfileMatch              : 
18:23:25 INFO  ProfileMatch              :                 name: Facebook
18:23:25 INFO  ProfileMatch              :             category: SocialMedia
18:23:25 INFO  ProfileMatch              :              version: 4.33.0  [OLD VERSION]
18:23:25 INFO  ProfileMatch              :         release-date: 01.05.2018
18:23:25 INFO  ProfileMatch              :     lib root package: "com.facebook.all"  (in app: "d")
18:23:25 INFO  ProfileMatch              : 
18:23:25 INFO  ProfileMatch              :                 name: Facebook
18:23:25 INFO  ProfileMatch              :             category: SocialMedia
18:23:25 INFO  ProfileMatch              :              version: 4.34.0  [OLD VERSION]
18:23:25 INFO  ProfileMatch              :         release-date: 19.06.2018
18:23:25 INFO  ProfileMatch              :     lib root package: "com.facebook.all"  (in app: "d")
18:23:25 INFO  ProfileMatch              : 
18:23:25 INFO  ProfileMatch              :                 name: Facebook
18:23:25 INFO  ProfileMatch              :             category: SocialMedia
18:23:25 INFO  ProfileMatch              :              version: 4.35.0  [OLD VERSION]
18:23:25 INFO  ProfileMatch              :         release-date: 26.07.2018
18:23:25 INFO  ProfileMatch              :     lib root package: "com.facebook.all"  (in app: "d")
18:23:25 INFO  ProfileMatch              : 
18:23:25 INFO  ProfileMatch              :                 name: Facebook
18:23:25 INFO  ProfileMatch              :             category: SocialMedia
18:23:25 INFO  ProfileMatch              :              version: 4.36.0  [OLD VERSION]
18:23:25 INFO  ProfileMatch              :         release-date: 29.08.2018
18:23:25 INFO  ProfileMatch              :     lib root package: "com.facebook.all"  (in app: "d")
18:23:25 INFO  ProfileMatch              : 
18:23:25 INFO  ProfileMatch              :                 name: Facebook
18:23:25 INFO  ProfileMatch              :             category: SocialMedia
18:23:25 INFO  ProfileMatch              :              version: 4.36.1  [OLD VERSION]
18:23:25 INFO  ProfileMatch              :         release-date: 15.09.2018
18:23:25 INFO  ProfileMatch              :     lib root package: "com.facebook.all"  (in app: "d")
18:23:25 INFO  ProfileMatch              : 
18:23:25 INFO  ProfileMatch              :                 name: Facebook
18:23:25 INFO  ProfileMatch              :             category: SocialMedia
18:23:25 INFO  ProfileMatch              :              version: 4.37.0  [OLD VERSION]
18:23:25 INFO  ProfileMatch              :         release-date: 27.09.2018
18:23:25 INFO  ProfileMatch              :     lib root package: "com.facebook.all"  (in app: "d")
18:23:25 INFO  ProfileMatch              : 
18:23:25 INFO  ProfileMatch              :                 name: Facebook
18:23:25 INFO  ProfileMatch              :             category: SocialMedia
18:23:25 INFO  ProfileMatch              :              version: 4.38.0  [OLD VERSION]
18:23:25 INFO  ProfileMatch              :         release-date: 23.10.2018
18:23:25 INFO  ProfileMatch              :     lib root package: "com.facebook.all"  (in app: "d")
18:23:25 INFO  ProfileMatch              : 
18:23:25 INFO  ProfileMatch              :                 name: Facebook
18:23:25 INFO  ProfileMatch              :             category: SocialMedia
18:23:25 INFO  ProfileMatch              :              version: 4.38.1  [OLD VERSION]
18:23:25 INFO  ProfileMatch              :         release-date: 31.10.2018
18:23:25 INFO  ProfileMatch              :     lib root package: "com.facebook.all"  (in app: "d")
18:23:25 INFO  ProfileMatch              : 
18:23:25 INFO  ProfileMatch              :                 name: Facebook
18:23:25 INFO  ProfileMatch              :             category: SocialMedia
18:23:25 INFO  ProfileMatch              :              version: 4.39.0  [OLD VERSION]
18:23:25 INFO  ProfileMatch              :         release-date: 05.12.2018
18:23:25 INFO  ProfileMatch              :     lib root package: "com.facebook.all"  (in app: "d")
18:23:25 INFO  ProfileMatch              : 
18:23:25 INFO  ProfileMatch              :                 name: Facebook
18:23:25 INFO  ProfileMatch              :             category: SocialMedia
18:23:25 INFO  ProfileMatch              :              version: 4.40.0  [OLD VERSION]
18:23:25 INFO  ProfileMatch              :         release-date: 22.01.2019
18:23:25 INFO  ProfileMatch              :     lib root package: "com.facebook.all"  (in app: "d")
18:23:25 INFO  ProfileMatch              : 
18:23:25 INFO  ProfileMatch              :                 name: Facebook
18:23:25 INFO  ProfileMatch              :             category: SocialMedia
18:23:25 INFO  ProfileMatch              :              version: 4.41.0  [OLD VERSION]
18:23:25 INFO  ProfileMatch              :         release-date: 08.03.2019
18:23:25 INFO  ProfileMatch              :     lib root package: "com.facebook.all"  (in app: "d")
18:23:25 INFO  ProfileMatch              : 
18:23:25 INFO  ProfileMatch              :                 name: Facebook
18:23:25 INFO  ProfileMatch              :             category: SocialMedia
18:23:25 INFO  ProfileMatch              :              version: 4.42.0  [OLD VERSION]
18:23:25 INFO  ProfileMatch              :         release-date: 08.04.2019
18:23:25 INFO  ProfileMatch              :     lib root package: "com.facebook.all"  (in app: "d")
18:23:25 INFO  ProfileMatch              : 
18:23:25 INFO  ProfileMatch              :                 name: Facebook
18:23:25 INFO  ProfileMatch              :             category: SocialMedia
18:23:25 INFO  ProfileMatch              :              version: 5.0.0  [OLD VERSION]
18:23:25 INFO  ProfileMatch              :         release-date: 30.04.2019
18:23:25 INFO  ProfileMatch              :     lib root package: "com.facebook.all"  (in app: "d")
18:23:25 INFO  ProfileMatch              : 
18:23:25 INFO  ProfileMatch              :                 name: Facebook
18:23:25 INFO  ProfileMatch              :             category: SocialMedia
18:23:25 INFO  ProfileMatch              :              version: 5.0.1  [OLD VERSION]
18:23:25 INFO  ProfileMatch              :         release-date: 17.05.2019
18:23:25 INFO  ProfileMatch              :     lib root package: "com.facebook.all"  (in app: "d")
18:23:25 INFO  ProfileMatch              : 
18:23:25 INFO  ProfileMatch              :                 name: Facebook
18:23:25 INFO  ProfileMatch              :             category: SocialMedia
18:23:25 INFO  ProfileMatch              :              version: 5.0.2  [OLD VERSION]
18:23:25 INFO  ProfileMatch              :         release-date: 09.06.2019
18:23:25 INFO  ProfileMatch              :     lib root package: "com.facebook.all"  (in app: "d")
18:23:25 INFO  ProfileMatch              : 
18:23:25 INFO  ProfileMatch              :                 name: Facebook
18:23:25 INFO  ProfileMatch              :             category: SocialMedia
18:23:25 INFO  ProfileMatch              :              version: 5.0.3  [OLD VERSION]
18:23:25 INFO  ProfileMatch              :         release-date: 14.06.2019
18:23:25 INFO  ProfileMatch              :     lib root package: "com.facebook.all"  (in app: "d")
18:23:25 INFO  ProfileMatch              : 
18:23:25 INFO  ProfileMatch              :                 name: Facebook
18:23:25 INFO  ProfileMatch              :             category: SocialMedia
18:23:25 INFO  ProfileMatch              :              version: 5.1.0  [OLD VERSION]
18:23:25 INFO  ProfileMatch              :         release-date: 21.06.2019
18:23:25 INFO  ProfileMatch              :     lib root package: "com.facebook.all"  (in app: "d")
18:23:25 INFO  ProfileMatch              : 
18:23:25 INFO  ProfileMatch              :                 name: Facebook
18:23:25 INFO  ProfileMatch              :             category: SocialMedia
18:23:25 INFO  ProfileMatch              :              version: 5.1.1  [OLD VERSION]
18:23:25 INFO  ProfileMatch              :         release-date: 02.07.2019
18:23:25 INFO  ProfileMatch              :     lib root package: "com.facebook.all"  (in app: "d")
18:23:25 INFO  ProfileMatch              : 
18:23:25 INFO  ProfileMatch              :                 name: Facebook
18:23:25 INFO  ProfileMatch              :             category: SocialMedia
18:23:25 INFO  ProfileMatch              :              version: 5.2.0  [OLD VERSION]
18:23:25 INFO  ProfileMatch              :         release-date: 29.07.2019
18:23:25 INFO  ProfileMatch              :     lib root package: "com.facebook.all"  (in app: "d")
18:23:25 INFO  ProfileMatch              : 
18:23:25 INFO  ProfileMatch              :                 name: Facebook
18:23:25 INFO  ProfileMatch              :             category: SocialMedia
18:23:25 INFO  ProfileMatch              :              version: 5.4.0  [OLD VERSION]
18:23:25 INFO  ProfileMatch              :         release-date: 16.08.2019
18:23:25 INFO  ProfileMatch              :     lib root package: "com.facebook.all"  (in app: "d")
18:23:25 INFO  ProfileMatch              : 
18:23:25 INFO  ProfileMatch              :                 name: Facebook
18:23:25 INFO  ProfileMatch              :             category: SocialMedia
18:23:25 INFO  ProfileMatch              :              version: 5.5.0  [OLD VERSION]
18:23:25 INFO  ProfileMatch              :         release-date: 31.08.2019
18:23:25 INFO  ProfileMatch              :     lib root package: "com.facebook.all"  (in app: "d")
18:23:25 INFO  ProfileMatch              : 
18:23:25 INFO  ProfileMatch              :                 name: Facebook
18:23:25 INFO  ProfileMatch              :             category: SocialMedia
18:23:25 INFO  ProfileMatch              :              version: 5.5.1  [OLD VERSION]
18:23:25 INFO  ProfileMatch              :         release-date: 06.09.2019
18:23:25 INFO  ProfileMatch              :     lib root package: "com.facebook.all"  (in app: "d")
18:23:25 INFO  ProfileMatch              : 
18:23:25 INFO  ProfileMatch              :                 name: Facebook
18:23:25 INFO  ProfileMatch              :             category: SocialMedia
18:23:25 INFO  ProfileMatch              :              version: 5.5.2  [OLD VERSION]
18:23:25 INFO  ProfileMatch              :         release-date: 05.10.2019
18:23:25 INFO  ProfileMatch              :     lib root package: "com.facebook.all"  (in app: "d")
18:23:25 INFO  ProfileMatch              : 
18:23:25 INFO  ProfileMatch              :                 name: Facebook
18:23:25 INFO  ProfileMatch              :             category: SocialMedia
18:23:25 INFO  ProfileMatch              :              version: 5.8.0  [OLD VERSION]
18:23:25 INFO  ProfileMatch              :         release-date: 08.10.2019
18:23:25 INFO  ProfileMatch              :     lib root package: "com.facebook.all"  (in app: "d")
18:23:25 INFO  ProfileMatch              : 
18:23:25 INFO  ProfileMatch              :                 name: Facebook
18:23:25 INFO  ProfileMatch              :             category: SocialMedia
18:23:25 INFO  ProfileMatch              :              version: 5.9.0  [OLD VERSION]
18:23:25 INFO  ProfileMatch              :         release-date: 29.10.2019
18:23:25 INFO  ProfileMatch              :     lib root package: "com.facebook.all"  (in app: "d")
18:23:25 INFO  ProfileMatch              : 
18:23:25 INFO  ProfileMatch              :                 name: Facebook
18:23:25 INFO  ProfileMatch              :             category: SocialMedia
18:23:25 INFO  ProfileMatch              :              version: 5.11.0  [OLD VERSION]
18:23:25 INFO  ProfileMatch              :         release-date: 15.11.2019
18:23:25 INFO  ProfileMatch              :     lib root package: "com.facebook.all"  (in app: "d")
18:23:25 INFO  ProfileMatch              : 
18:23:25 INFO  ProfileMatch              :                 name: Facebook
18:23:25 INFO  ProfileMatch              :             category: SocialMedia
18:23:25 INFO  ProfileMatch              :              version: 5.11.1  [OLD VERSION]
18:23:25 INFO  ProfileMatch              :         release-date: 21.11.2019
18:23:25 INFO  ProfileMatch              :     lib root package: "com.facebook.all"  (in app: "d")
18:23:25 INFO  ProfileMatch              : 
18:23:25 INFO  ProfileMatch              :                 name: Facebook
18:23:25 INFO  ProfileMatch              :             category: SocialMedia
18:23:25 INFO  ProfileMatch              :              version: 5.11.2  [OLD VERSION]
18:23:25 INFO  ProfileMatch              :         release-date: 22.11.2019
18:23:25 INFO  ProfileMatch              :     lib root package: "com.facebook.all"  (in app: "d")
18:23:25 INFO  ProfileMatch              : 
18:23:25 INFO  ProfileMatch              :                 name: Facebook
18:23:25 INFO  ProfileMatch              :             category: SocialMedia
18:23:25 INFO  ProfileMatch              :              version: 5.12.0  [OLD VERSION]
18:23:25 INFO  ProfileMatch              :         release-date: 04.12.2019
18:23:25 INFO  ProfileMatch              :     lib root package: "com.facebook.all"  (in app: "d")
18:23:25 INFO  ProfileMatch              : 
18:23:25 INFO  ProfileMatch              :                 name: Facebook
18:23:25 INFO  ProfileMatch              :             category: SocialMedia
18:23:25 INFO  ProfileMatch              :              version: 5.12.1  [OLD VERSION]
18:23:25 INFO  ProfileMatch              :         release-date: 09.12.2019
18:23:25 INFO  ProfileMatch              :     lib root package: "com.facebook.all"  (in app: "d")
18:23:25 INFO  ProfileMatch              : 
18:23:25 INFO  ProfileMatch              :                 name: Facebook
18:23:25 INFO  ProfileMatch              :             category: SocialMedia
18:23:25 INFO  ProfileMatch              :              version: 5.13.0  [OLD VERSION]
18:23:25 INFO  ProfileMatch              :         release-date: 12.12.2019
18:23:25 INFO  ProfileMatch              :     lib root package: "com.facebook.all"  (in app: "d")
18:23:25 INFO  ProfileMatch              : 
18:23:25 INFO  ProfileMatch              :                 name: Facebook
18:23:25 INFO  ProfileMatch              :             category: SocialMedia
18:23:25 INFO  ProfileMatch              :              version: 5.15.0  [OLD VERSION]
18:23:25 INFO  ProfileMatch              :         release-date: 21.01.2020
18:23:25 INFO  ProfileMatch              :     lib root package: "com.facebook.all"  (in app: "d")
18:23:25 INFO  ProfileMatch              : 
18:23:25 INFO  ProfileMatch              :                 name: Facebook
18:23:25 INFO  ProfileMatch              :             category: SocialMedia
18:23:25 INFO  ProfileMatch              :              version: 5.15.1  [OLD VERSION]
18:23:25 INFO  ProfileMatch              :         release-date: 29.01.2020
18:23:25 INFO  ProfileMatch              :     lib root package: "com.facebook.all"  (in app: "d")
18:23:25 INFO  ProfileMatch              : 
18:23:25 INFO  ProfileMatch              :                 name: Facebook
18:23:25 INFO  ProfileMatch              :             category: SocialMedia
18:23:25 INFO  ProfileMatch              :              version: 5.15.2  [OLD VERSION]
18:23:25 INFO  ProfileMatch              :         release-date: 03.02.2020
18:23:25 INFO  ProfileMatch              :     lib root package: "com.facebook.all"  (in app: "d")
18:23:25 INFO  ProfileMatch              : 
18:23:25 INFO  ProfileMatch              :                 name: Facebook
18:23:25 INFO  ProfileMatch              :             category: SocialMedia
18:23:25 INFO  ProfileMatch              :              version: 5.15.3  [OLD VERSION]
18:23:25 INFO  ProfileMatch              :         release-date: 03.02.2020
18:23:25 INFO  ProfileMatch              :     lib root package: "com.facebook.all"  (in app: "d")
18:23:25 INFO  ProfileMatch              : 
18:23:25 INFO  ProfileMatch              :                 name: Facebook
18:23:25 INFO  ProfileMatch              :             category: SocialMedia
18:23:25 INFO  ProfileMatch              :              version: 6.0.0  [OLD VERSION]
18:23:25 INFO  ProfileMatch              :         release-date: 03.02.2020
18:23:25 INFO  ProfileMatch              :     lib root package: "com.facebook.all"  (in app: "d")
18:23:25 INFO  ProfileMatch              : 
18:23:25 INFO  ProfileMatch              :                 name: Facebook
18:23:25 INFO  ProfileMatch              :             category: SocialMedia
18:23:25 INFO  ProfileMatch              :              version: 6.1.0  [OLD VERSION]
18:23:25 INFO  ProfileMatch              :         release-date: 14.02.2020
18:23:25 INFO  ProfileMatch              :     lib root package: "com.facebook.all"  (in app: "d")
18:23:25 INFO  ProfileMatch              : 
18:23:25 INFO  ProfileMatch              :                 name: Facebook
18:23:25 INFO  ProfileMatch              :             category: SocialMedia
18:23:25 INFO  ProfileMatch              :              version: 6.2.0  [OLD VERSION]
18:23:25 INFO  ProfileMatch              :         release-date: 09.03.2020
18:23:25 INFO  ProfileMatch              :     lib root package: "com.facebook.all"  (in app: "d")
18:23:25 INFO  ProfileMatch              : 
18:23:25 INFO  ProfileMatch              :                 name: Facebook
18:23:25 INFO  ProfileMatch              :             category: SocialMedia
18:23:25 INFO  ProfileMatch              :              version: 6.3.0  [OLD VERSION]
18:23:25 INFO  ProfileMatch              :         release-date: 25.03.2020
18:23:25 INFO  ProfileMatch              :     lib root package: "com.facebook.all"  (in app: "d")
18:23:25 INFO  ProfileMatch              : 
18:23:25 INFO  ProfileMatch              :                 name: Facebook
18:23:25 INFO  ProfileMatch              :             category: SocialMedia
18:23:25 INFO  ProfileMatch              :              version: 6.4.0  [OLD VERSION]
18:23:25 INFO  ProfileMatch              :         release-date: 15.04.2020
18:23:25 INFO  ProfileMatch              :     lib root package: "com.facebook.all"  (in app: "d")
18:23:25 INFO  ProfileMatch              : 
18:23:25 INFO  ProfileMatch              :                 name: Facebook
18:23:25 INFO  ProfileMatch              :             category: SocialMedia
18:23:25 INFO  ProfileMatch              :              version: 6.5.0  [OLD VERSION]
18:23:25 INFO  ProfileMatch              :         release-date: 20.04.2020
18:23:25 INFO  ProfileMatch              :     lib root package: "com.facebook.all"  (in app: "d")
18:23:25 INFO  ProfileMatch              : 
18:23:25 INFO  ProfileMatch              :                 name: Facebook
18:23:25 INFO  ProfileMatch              :             category: SocialMedia
18:23:25 INFO  ProfileMatch              :              version: 6.5.1  [OLD VERSION]
18:23:25 INFO  ProfileMatch              :         release-date: 23.04.2020
18:23:25 INFO  ProfileMatch              :     lib root package: "com.facebook.all"  (in app: "d")
18:23:25 INFO  ProfileMatch              : 
18:23:25 INFO  ProfileMatch              :                 name: Facebook
18:23:25 INFO  ProfileMatch              :             category: SocialMedia
18:23:25 INFO  ProfileMatch              :              version: 7.0.0  [OLD VERSION]
18:23:25 INFO  ProfileMatch              :         release-date: 05.05.2020
18:23:25 INFO  ProfileMatch              :     lib root package: "com.facebook.all"  (in app: "d")
18:23:25 INFO  ProfileMatch              : 
18:23:25 INFO  ProfileMatch              :                 name: Facebook
18:23:25 INFO  ProfileMatch              :             category: SocialMedia
18:23:25 INFO  ProfileMatch              :              version: 7.0.1  [OLD VERSION]
18:23:25 INFO  ProfileMatch              :         release-date: 09.06.2020
18:23:25 INFO  ProfileMatch              :     lib root package: "com.facebook.all"  (in app: "d")
18:23:25 INFO  ProfileMatch              : 
18:23:25 INFO  ProfileMatch              :                 name: Facebook
18:23:25 INFO  ProfileMatch              :             category: SocialMedia
18:23:25 INFO  ProfileMatch              :              version: 7.1.0  [OLD VERSION]
18:23:25 INFO  ProfileMatch              :         release-date: 23.06.2020
18:23:25 INFO  ProfileMatch              :     lib root package: "com.facebook.all"  (in app: "d")
18:23:25 INFO  ProfileMatch              : 
18:23:25 INFO  ProfileMatch              :                 name: Facebook
18:23:25 INFO  ProfileMatch              :             category: SocialMedia
18:23:25 INFO  ProfileMatch              :              version: 8.0.0  [OLD VERSION]
18:23:25 INFO  ProfileMatch              :         release-date: 28.09.2020
18:23:25 INFO  ProfileMatch              :     lib root package: "com.facebook.all"  (in app: "d")
18:23:25 INFO  ProfileMatch              : 
18:23:25 INFO  ProfileMatch              :                 name: Facebook
18:23:25 INFO  ProfileMatch              :             category: SocialMedia
18:23:25 INFO  ProfileMatch              :              version: 8.1.0  [OLD VERSION]
18:23:25 INFO  ProfileMatch              :         release-date: 14.10.2020
18:23:25 INFO  ProfileMatch              :     lib root package: "com.facebook.all"  (in app: "d")
18:23:25 INFO  ProfileMatch              : 
18:23:25 INFO  ProfileMatch              :                 name: Facebook
18:23:25 INFO  ProfileMatch              :             category: SocialMedia
18:23:25 INFO  ProfileMatch              :              version: 8.2.0  [OLD VERSION]
18:23:25 INFO  ProfileMatch              :         release-date: 18.12.2020
18:23:25 INFO  ProfileMatch              :     lib root package: "com.facebook.all"  (in app: "d")
18:23:25 INFO  ProfileMatch              : 
18:23:25 INFO  ProfileMatch              :                 name: Facebook
18:23:25 INFO  ProfileMatch              :             category: SocialMedia
18:23:25 INFO  ProfileMatch              :              version: 9.0.0  [OLD VERSION]
18:23:25 INFO  ProfileMatch              :         release-date: 19.01.2021
18:23:25 INFO  ProfileMatch              :     lib root package: "com.facebook.all"  (in app: "d")
18:23:25 INFO  ProfileMatch              : 
18:23:25 INFO  ProfileMatch              :                 name: Facebook
18:23:25 INFO  ProfileMatch              :             category: SocialMedia
18:23:25 INFO  ProfileMatch              :              version: 9.1.0  [OLD VERSION]
18:23:25 INFO  ProfileMatch              :         release-date: 15.03.2021
18:23:25 INFO  ProfileMatch              :     lib root package: "com.facebook.all"  (in app: "d")
18:23:25 INFO  ProfileMatch              : 
18:23:25 INFO  ProfileMatch              :                 name: Facebook
18:23:25 INFO  ProfileMatch              :             category: SocialMedia
18:23:25 INFO  ProfileMatch              :              version: 9.1.1  [OLD VERSION]
18:23:25 INFO  ProfileMatch              :         release-date: 12.04.2021
18:23:25 INFO  ProfileMatch              :     lib root package: "com.facebook.all"  (in app: "d")
18:23:25 INFO  ProfileMatch              : 
18:23:25 INFO  ProfileMatch              :                 name: Facebook
18:23:25 INFO  ProfileMatch              :             category: SocialMedia
18:23:25 INFO  ProfileMatch              :              version: 11.0.0  [OLD VERSION]
18:23:25 INFO  ProfileMatch              :         release-date: 08.06.2021
18:23:25 INFO  ProfileMatch              :     lib root package: "com.facebook.all"  (in app: "d")
18:23:25 INFO  ProfileMatch              : 
18:23:25 INFO  ProfileMatch              :                 name: Facebook
18:23:25 INFO  ProfileMatch              :             category: SocialMedia
18:23:25 INFO  ProfileMatch              :              version: 11.1.0  [OLD VERSION]
18:23:25 INFO  ProfileMatch              :         release-date: 06.07.2021
18:23:25 INFO  ProfileMatch              :     lib root package: "com.facebook.all"  (in app: "d")
18:23:25 INFO  ProfileMatch              : 
18:23:25 INFO  ProfileMatch              :                 name: Facebook
18:23:25 INFO  ProfileMatch              :             category: SocialMedia
18:23:25 INFO  ProfileMatch              :              version: 11.1.1  [OLD VERSION]
18:23:25 INFO  ProfileMatch              :         release-date: 19.07.2021
18:23:25 INFO  ProfileMatch              :     lib root package: "com.facebook.all"  (in app: "d")
18:23:25 INFO  ProfileMatch              : 
18:23:25 INFO  ProfileMatch              :                 name: Facebook
18:23:25 INFO  ProfileMatch              :             category: SocialMedia
18:23:25 INFO  ProfileMatch              :              version: 11.2.0  [OLD VERSION]
18:23:25 INFO  ProfileMatch              :         release-date: 03.08.2021
18:23:25 INFO  ProfileMatch              :     lib root package: "com.facebook.all"  (in app: "d")
18:23:25 INFO  ProfileMatch              : 
18:23:25 INFO  ProfileMatch              :                 name: Facebook
18:23:25 INFO  ProfileMatch              :             category: SocialMedia
18:23:25 INFO  ProfileMatch              :              version: 11.3.0  [OLD VERSION]
18:23:25 INFO  ProfileMatch              :         release-date: 07.09.2021
18:23:25 INFO  ProfileMatch              :     lib root package: "com.facebook.all"  (in app: "d")
18:23:25 INFO  ProfileMatch              : 
18:23:25 INFO  ProfileMatch              :                 name: Facebook
18:23:25 INFO  ProfileMatch              :             category: SocialMedia
18:23:25 INFO  ProfileMatch              :              version: 12.0.0  [OLD VERSION]
18:23:25 INFO  ProfileMatch              :         release-date: 05.10.2021
18:23:25 INFO  ProfileMatch              :     lib root package: "com.facebook.all"  (in app: "d")
18:23:25 INFO  ProfileMatch              : 
18:23:25 INFO  ProfileMatch              :                 name: Facebook
18:23:25 INFO  ProfileMatch              :             category: SocialMedia
18:23:25 INFO  ProfileMatch              :              version: 12.0.1  [OLD VERSION]
18:23:25 INFO  ProfileMatch              :         release-date: 13.10.2021
18:23:25 INFO  ProfileMatch              :     lib root package: "com.facebook.all"  (in app: "d")
18:23:25 INFO  ProfileMatch              : 
18:23:25 INFO  ProfileMatch              :                 name: Facebook
18:23:25 INFO  ProfileMatch              :             category: SocialMedia
18:23:25 INFO  ProfileMatch              :              version: 12.1.0  [OLD VERSION]
18:23:25 INFO  ProfileMatch              :         release-date: 01.11.2021
18:23:25 INFO  ProfileMatch              :     lib root package: "com.facebook.all"  (in app: "d")
18:23:25 INFO  ProfileMatch              : 
18:23:25 INFO  ProfileMatch              :                 name: Facebook
18:23:25 INFO  ProfileMatch              :             category: SocialMedia
18:23:25 INFO  ProfileMatch              :              version: 12.2.0  [OLD VERSION]
18:23:25 INFO  ProfileMatch              :         release-date: 06.12.2021
18:23:25 INFO  ProfileMatch              :     lib root package: "com.facebook.all"  (in app: "d")
18:23:25 INFO  ProfileMatch              : 
18:23:25 INFO  ProfileMatch              :                 name: Facebook
18:23:25 INFO  ProfileMatch              :             category: SocialMedia
18:23:25 INFO  ProfileMatch              :              version: 12.3.0  [OLD VERSION]
18:23:25 INFO  ProfileMatch              :         release-date: 10.01.2022
18:23:25 INFO  ProfileMatch              :     lib root package: "com.facebook.all"  (in app: "d")
18:23:25 INFO  ProfileMatch              : 
18:23:25 INFO  ProfileMatch              :                 name: Facebook
18:23:25 INFO  ProfileMatch              :             category: SocialMedia
18:23:25 INFO  ProfileMatch              :              version: 13.0.0  [OLD VERSION]
18:23:25 INFO  ProfileMatch              :         release-date: 23.02.2022
18:23:25 INFO  ProfileMatch              :     lib root package: "com.facebook.all"  (in app: "d")
18:23:25 INFO  ProfileMatch              : 
18:23:25 INFO  ProfileMatch              :                 name: Facebook
18:23:25 INFO  ProfileMatch              :             category: SocialMedia
18:23:25 INFO  ProfileMatch              :              version: 13.1.0  [OLD VERSION]
18:23:25 INFO  ProfileMatch              :         release-date: 21.03.2022
18:23:25 INFO  ProfileMatch              :     lib root package: "com.facebook.all"  (in app: "d")
18:23:25 INFO  ProfileMatch              : 
18:23:25 INFO  ProfileMatch              :                 name: Facebook
18:23:25 INFO  ProfileMatch              :             category: SocialMedia
18:23:25 INFO  ProfileMatch              :              version: 13.2.0  [OLD VERSION]
18:23:25 INFO  ProfileMatch              :         release-date: 22.04.2022
18:23:25 INFO  ProfileMatch              :     lib root package: "com.facebook.all"  (in app: "d")
18:23:25 INFO  ProfileMatch              : 
18:23:25 INFO  ProfileMatch              :                 name: Facebook
18:23:25 INFO  ProfileMatch              :             category: SocialMedia
18:23:25 INFO  ProfileMatch              :              version: 14.0.0
18:23:25 INFO  ProfileMatch              :         release-date: 14.06.2022
18:23:25 INFO  ProfileMatch              :     lib root package: "com.facebook.all"  (in app: "d")
18:23:25 INFO  ProfileMatch              : 
18:23:25 INFO  ProfileMatch              :                 name: com.android.support::cardview-v7
18:23:25 INFO  ProfileMatch              :             category: Android
18:23:25 INFO  ProfileMatch              :              version: 27.1.0  [OLD VERSION]
18:23:25 INFO  ProfileMatch              :         release-date:  --
18:23:25 INFO  ProfileMatch              :     lib root package: "android.support.v7.widget"  (in app: "androidx.cardview.widget")
18:23:25 INFO  ProfileMatch              : 
18:23:25 INFO  ProfileMatch              :                 name: com.android.support::cardview-v7
18:23:25 INFO  ProfileMatch              :             category: Android
18:23:25 INFO  ProfileMatch              :              version: 27.1.1  [OLD VERSION]
18:23:25 INFO  ProfileMatch              :         release-date:  --
18:23:25 INFO  ProfileMatch              :     lib root package: "android.support.v7.widget"  (in app: "androidx.cardview.widget")
18:23:25 INFO  ProfileMatch              : 
18:23:25 INFO  ProfileMatch              :                 name: com.android.support::cardview-v7
18:23:25 INFO  ProfileMatch              :             category: Android
18:23:25 INFO  ProfileMatch              :              version: 28.0.0
18:23:25 INFO  ProfileMatch              :         release-date:  --
18:23:25 INFO  ProfileMatch              :     lib root package: "android.support.v7.widget"  (in app: "androidx.cardview.widget")
18:23:25 INFO  ProfileMatch              : 
18:23:25 INFO  LibraryIdentifier         : 
18:23:25 INFO  LibraryIdentifier         : - Partial library matches:
18:23:25 INFO  LibraryIdentifier         :                 name: androidx.customview::customview
18:23:25 INFO  LibraryIdentifier         :             category: Android
18:23:25 INFO  LibraryIdentifier         :              version: 1.0.0  [OLD VERSION]
18:23:25 INFO  LibraryIdentifier         :         release-date:  --
18:23:25 INFO  LibraryIdentifier         :     lib root package: "androidx.customview"
18:23:25 INFO  LibraryIdentifier         :         Partial matching results:
18:23:25 INFO  LibraryIdentifier         :              - config: Hashing.md5() | Flags: no-flag | Keep: PN | Prune: MSIG   score: 0.9166666
18:23:25 INFO  LibraryIdentifier         : 
18:23:25 INFO  LibraryIdentifier         :                 name: android.arch.navigation::navigation-runtime-ktx
18:23:25 INFO  LibraryIdentifier         :             category: Android
18:23:25 INFO  LibraryIdentifier         :              version: 1.0.0
18:23:25 INFO  LibraryIdentifier         :         release-date:  --
18:23:25 INFO  LibraryIdentifier         :     lib root package: "androidx.navigation"
18:23:25 INFO  LibraryIdentifier         :         Partial matching results:
18:23:25 INFO  LibraryIdentifier         :              - config: Hashing.md5() | Flags: no-flag | Keep: PN | Prune: MSIG   score: 0.7777778
18:23:25 INFO  LibraryIdentifier         : 
18:23:25 INFO  LibraryIdentifier         :                 name: android.arch.navigation::navigation-common-ktx
18:23:25 INFO  LibraryIdentifier         :             category: Android
18:23:25 INFO  LibraryIdentifier         :              version: 1.0.0
18:23:25 INFO  LibraryIdentifier         :         release-date:  --
18:23:25 INFO  LibraryIdentifier         :     lib root package: "androidx.navigation"
18:23:25 INFO  LibraryIdentifier         :         Partial matching results:
18:23:25 INFO  LibraryIdentifier         :              - config: Hashing.md5() | Flags: no-flag | Keep: PN | Prune: MSIG   score: 0.84615386
18:23:25 INFO  LibraryIdentifier         : 
18:23:25 INFO  LibraryIdentifier         :                 name: android.arch.navigation::navigation-common
18:23:25 INFO  LibraryIdentifier         :             category: Android
18:23:25 INFO  LibraryIdentifier         :              version: 1.0.0
18:23:25 INFO  LibraryIdentifier         :         release-date:  --
18:23:25 INFO  LibraryIdentifier         :     lib root package: "androidx.navigation"
18:23:25 INFO  LibraryIdentifier         :         Partial matching results:
18:23:25 INFO  LibraryIdentifier         :              - config: Hashing.md5() | Flags: no-flag | Keep: PN | Prune: MSIG   score: 0.7567568
18:23:25 INFO  LibraryIdentifier         : 
18:23:25 INFO  LibraryIdentifier         : 
18:23:25 INFO  LibraryIdentifier         : App processing time: 44 sec, 747 ms
