17:26:44 INFO  LibraryIdentifier         : Process app: io.timelimit.android.aosp.direct_177.apk
17:26:44 INFO  LibraryIdentifier         : = Manifest Parser =
17:26:44 INFO  LibraryIdentifier         :         Package name: io.timelimit.android.aosp.direct
17:26:44 INFO  LibraryIdentifier         :         Version code: 177
17:26:44 INFO  LibraryIdentifier         :        minSdkVersion: 21
17:26:44 INFO  LibraryIdentifier         :     targetSdkVersion: 31
17:26:44 INFO  LibraryIdentifier         :         SharedUserId:  - none -
17:26:44 INFO  LibraryIdentifier         :     Library dependencies:  - none -
17:26:44 INFO  LibraryIdentifier         : 
17:26:44 INFO  LibraryIdentifier         : Found 402 unique libraries in 12405 library profiles
17:26:44 INFO  LibraryIdentifier         : Generated class hierarchy (in 608 ms)
17:26:45 INFO  WalaUtils                 : 
17:26:45 INFO  WalaUtils                 : = ClassHierarchy Stats =
17:26:45 INFO  WalaUtils                 :     # of classes: 6674
17:26:45 INFO  WalaUtils                 :     # thereof inner classes: 3672
17:26:45 INFO  WalaUtils                 :     # thereof public classes: 3921
17:26:45 INFO  WalaUtils                 :         Activity : 10
17:26:45 INFO  WalaUtils                 :         Application : 1
17:26:45 INFO  WalaUtils                 :         AsyncTask : 0
17:26:45 INFO  WalaUtils                 :         BroadcastReceiver : 21
17:26:45 INFO  WalaUtils                 :         ContentProvider : 1
17:26:45 INFO  WalaUtils                 :         Fragment : 1
17:26:45 INFO  WalaUtils                 :         Handler : 2
17:26:45 INFO  WalaUtils                 :         LayoutContainer : 73
17:26:45 INFO  WalaUtils                 :         Plain : 6510
17:26:45 INFO  WalaUtils                 :         Runnable : 0
17:26:45 INFO  WalaUtils                 :         Service : 10
17:26:45 INFO  WalaUtils                 :         Thread : 4
17:26:45 INFO  WalaUtils                 :         View : 41
17:26:45 INFO  WalaUtils                 :     # methods: 35520
17:26:45 INFO  WalaUtils                 :         # of publicly accessible methods: 23049
17:26:45 INFO  WalaUtils                 :         # of non-accessible methods: 12471
17:26:45 INFO  WalaUtils                 : 
17:26:45 INFO  Profile                   : = PackageTree =
17:26:45 INFO  PackageTree               : Root Package: androidx
17:26:45 INFO  PackageTree               : └── Root
17:26:45 INFO  PackageTree               :     ├── t4 (77)
17:26:45 INFO  PackageTree               :     ├── m (8)
17:26:45 INFO  PackageTree               :     ├── h7 (72)
17:26:45 INFO  PackageTree               :     ├── u (17)
17:26:45 INFO  PackageTree               :     ├── androidx
17:26:45 INFO  PackageTree               :     │   ├── appcompat
17:26:45 INFO  PackageTree               :     │   │   ├── widget (178)
17:26:45 INFO  PackageTree               :     │   │   ├── view
17:26:45 INFO  PackageTree               :     │   │   │   └── menu (32)
17:26:45 INFO  PackageTree               :     │   │   └── app (17)
17:26:45 INFO  PackageTree               :     │   ├── fragment
17:26:45 INFO  PackageTree               :     │   │   └── app (108)
17:26:45 INFO  PackageTree               :     │   ├── room (58)
17:26:45 INFO  PackageTree               :     │   ├── core
17:26:45 INFO  PackageTree               :     │   │   ├── view (90)
17:26:45 INFO  PackageTree               :     │   │   ├── app (36)
17:26:45 INFO  PackageTree               :     │   │   ├── widget (31)
17:26:45 INFO  PackageTree               :     │   │   ├── graphics
17:26:45 INFO  PackageTree               :     │   │   │   └── drawable (2)
17:26:45 INFO  PackageTree               :     │   │   └── content (6)
17:26:45 INFO  PackageTree               :     │   ├── gridlayout
17:26:45 INFO  PackageTree               :     │   │   └── widget (21)
17:26:45 INFO  PackageTree               :     │   ├── emoji2
17:26:45 INFO  PackageTree               :     │   │   └── text (42)
17:26:45 INFO  PackageTree               :     │   ├── versionedparcelable (5)
17:26:45 INFO  PackageTree               :     │   ├── work (35)
17:26:45 INFO  PackageTree               :     │   │   └── impl (15)
17:26:45 INFO  PackageTree               :     │   │       ├── background
17:26:45 INFO  PackageTree               :     │   │       │   ├── systemalarm (19)
17:26:45 INFO  PackageTree               :     │   │       │   └── systemjob (1)
17:26:45 INFO  PackageTree               :     │   │       ├── utils (2)
17:26:45 INFO  PackageTree               :     │   │       │   └── futures (12)
17:26:45 INFO  PackageTree               :     │   │       ├── workers (5)
17:26:45 INFO  PackageTree               :     │   │       ├── foreground (7)
17:26:45 INFO  PackageTree               :     │   │       └── diagnostics (1)
17:26:45 INFO  PackageTree               :     │   ├── recyclerview
17:26:45 INFO  PackageTree               :     │   │   └── widget (141)
17:26:45 INFO  PackageTree               :     │   ├── cardview
17:26:45 INFO  PackageTree               :     │   │   └── widget (12)
17:26:45 INFO  PackageTree               :     │   ├── constraintlayout
17:26:45 INFO  PackageTree               :     │   │   └── widget (25)
17:26:45 INFO  PackageTree               :     │   ├── navigation (57)
17:26:45 INFO  PackageTree               :     │   │   └── fragment (9)
17:26:45 INFO  PackageTree               :     │   ├── vectordrawable
17:26:45 INFO  PackageTree               :     │   │   └── graphics
17:26:45 INFO  PackageTree               :     │   │       └── drawable (20)
17:26:45 INFO  PackageTree               :     │   ├── viewpager
17:26:45 INFO  PackageTree               :     │   │   └── widget (18)
17:26:45 INFO  PackageTree               :     │   ├── annotation (1)
17:26:45 INFO  PackageTree               :     │   ├── lifecycle (79)
17:26:45 INFO  PackageTree               :     │   ├── coordinatorlayout
17:26:45 INFO  PackageTree               :     │   │   └── widget (13)
17:26:45 INFO  PackageTree               :     │   ├── activity (18)
17:26:45 INFO  PackageTree               :     │   │   └── result (13)
17:26:45 INFO  PackageTree               :     │   ├── databinding (20)
17:26:45 INFO  PackageTree               :     │   │   └── library
17:26:45 INFO  PackageTree               :     │   │       └── baseAdapters (1)
17:26:45 INFO  PackageTree               :     │   ├── savedstate (10)
17:26:45 INFO  PackageTree               :     │   ├── media (7)
17:26:45 INFO  PackageTree               :     │   ├── loader
17:26:45 INFO  PackageTree               :     │   │   └── app (5)
17:26:45 INFO  PackageTree               :     │   ├── startup (2)
17:26:45 INFO  PackageTree               :     │   └── viewpager2
17:26:45 INFO  PackageTree               :     │       └── adapter (3)
17:26:45 INFO  PackageTree               :     ├── a (7)
17:26:45 INFO  PackageTree               :     ├── kotlinx
17:26:45 INFO  PackageTree               :     │   └── coroutines (3)
17:26:45 INFO  PackageTree               :     │       ├── sync (10)
17:26:45 INFO  PackageTree               :     │       ├── internal (47)
17:26:45 INFO  PackageTree               :     │       ├── scheduling (16)
17:26:45 INFO  PackageTree               :     │       └── android (2)
17:26:45 INFO  PackageTree               :     ├── k7 (40)
17:26:45 INFO  PackageTree               :     ├── f3 (38)
17:26:45 INFO  PackageTree               :     ├── p9 (67)
17:26:45 INFO  PackageTree               :     ├── g (15)
17:26:45 INFO  PackageTree               :     ├── s7 (18)
17:26:45 INFO  PackageTree               :     ├── e (50)
17:26:45 INFO  PackageTree               :     ├── e4 (289)
17:26:45 INFO  PackageTree               :     ├── d (10)
17:26:45 INFO  PackageTree               :     ├── u1 (43)
17:26:45 INFO  PackageTree               :     ├── p (15)
17:26:45 INFO  PackageTree               :     ├── j (14)
17:26:45 INFO  PackageTree               :     ├── m1 (26)
17:26:45 INFO  PackageTree               :     ├── x (24)
17:26:45 INFO  PackageTree               :     ├── y (18)
17:26:45 INFO  PackageTree               :     ├── j1 (76)
17:26:45 INFO  PackageTree               :     ├── t (14)
17:26:45 INFO  PackageTree               :     ├── s (16)
17:26:45 INFO  PackageTree               :     ├── o5 (49)
17:26:45 INFO  PackageTree               :     ├── z3 (199)
17:26:45 INFO  PackageTree               :     ├── w8 (116)
17:26:45 INFO  PackageTree               :     ├── com
17:26:45 INFO  PackageTree               :     │   ├── google
17:26:45 INFO  PackageTree               :     │   │   └── android
17:26:45 INFO  PackageTree               :     │   │       ├── flexbox (16)
17:26:45 INFO  PackageTree               :     │   │       └── material
17:26:45 INFO  PackageTree               :     │   │           ├── tabs (17)
17:26:45 INFO  PackageTree               :     │   │           ├── snackbar (36)
17:26:45 INFO  PackageTree               :     │   │           ├── internal (35)
17:26:45 INFO  PackageTree               :     │   │           ├── textfield (49)
17:26:45 INFO  PackageTree               :     │   │           ├── bottomsheet (20)
17:26:45 INFO  PackageTree               :     │   │           ├── button (13)
17:26:45 INFO  PackageTree               :     │   │           ├── timepicker (23)
17:26:45 INFO  PackageTree               :     │   │           ├── appbar (20)
17:26:45 INFO  PackageTree               :     │   │           ├── floatingactionbutton (33)
17:26:45 INFO  PackageTree               :     │   │           ├── bottomappbar (14)
17:26:45 INFO  PackageTree               :     │   │           ├── navigation (15)
17:26:45 INFO  PackageTree               :     │   │           ├── datepicker (49)
17:26:45 INFO  PackageTree               :     │   │           ├── transformation (13)
17:26:45 INFO  PackageTree               :     │   │           ├── chip (11)
17:26:45 INFO  PackageTree               :     │   │           ├── theme (1)
17:26:45 INFO  PackageTree               :     │   │           ├── card (2)
17:26:45 INFO  PackageTree               :     │   │           ├── behavior (7)
17:26:45 INFO  PackageTree               :     │   │           ├── textview (1)
17:26:45 INFO  PackageTree               :     │   │           ├── bottomnavigation (5)
17:26:45 INFO  PackageTree               :     │   │           └── switchmaterial (1)
17:26:45 INFO  PackageTree               :     │   └── getkeepsafe
17:26:45 INFO  PackageTree               :     │       └── taptargetview (26)
17:26:45 INFO  PackageTree               :     ├── h5 (43)
17:26:45 INFO  PackageTree               :     ├── c4 (56)
17:26:45 INFO  PackageTree               :     ├── u7 (15)
17:26:45 INFO  PackageTree               :     ├── m4 (23)
17:26:45 INFO  PackageTree               :     ├── q4 (128)
17:26:45 INFO  PackageTree               :     ├── io
17:26:45 INFO  PackageTree               :     │   └── timelimit
17:26:45 INFO  PackageTree               :     │       └── android (2)
17:26:45 INFO  PackageTree               :     │           ├── ui (9)
17:26:45 INFO  PackageTree               :     │           │   ├── manage
17:26:45 INFO  PackageTree               :     │           │   │   ├── device
17:26:45 INFO  PackageTree               :     │           │   │   │   └── manage (12)
17:26:45 INFO  PackageTree               :     │           │   │   │       ├── feature (9)
17:26:45 INFO  PackageTree               :     │           │   │   │       ├── permission (11)
17:26:45 INFO  PackageTree               :     │           │   │   │       ├── advanced (10)
17:26:45 INFO  PackageTree               :     │           │   │   │       └── user (9)
17:26:45 INFO  PackageTree               :     │           │   │   ├── category (2)
17:26:45 INFO  PackageTree               :     │           │   │   │   └── apps
17:26:45 INFO  PackageTree               :     │           │   │   │       └── add (33)
17:26:45 INFO  PackageTree               :     │           │   │   ├── parent (8)
17:26:45 INFO  PackageTree               :     │           │   │   │   ├── password
17:26:45 INFO  PackageTree               :     │           │   │   │   │   ├── restore (8)
17:26:45 INFO  PackageTree               :     │           │   │   │   │   └── change (7)
17:26:45 INFO  PackageTree               :     │           │   │   │   └── link (7)
17:26:45 INFO  PackageTree               :     │           │   │   └── child (3)
17:26:45 INFO  PackageTree               :     │           │   ├── lock (11)
17:26:45 INFO  PackageTree               :     │           │   ├── payment (10)
17:26:45 INFO  PackageTree               :     │           │   ├── update (17)
17:26:45 INFO  PackageTree               :     │           │   ├── parentmode (1)
17:26:45 INFO  PackageTree               :     │           │   ├── manipulation (5)
17:26:45 INFO  PackageTree               :     │           │   ├── view (17)
17:26:45 INFO  PackageTree               :     │           │   ├── overview
17:26:45 INFO  PackageTree               :     │           │   │   ├── uninstall (4)
17:26:45 INFO  PackageTree               :     │           │   │   └── main (7)
17:26:45 INFO  PackageTree               :     │           │   ├── setup (12)
17:26:45 INFO  PackageTree               :     │           │   │   ├── device (15)
17:26:45 INFO  PackageTree               :     │           │   │   ├── parent (6)
17:26:45 INFO  PackageTree               :     │           │   │   └── child (4)
17:26:45 INFO  PackageTree               :     │           │   ├── homescreen (3)
17:26:45 INFO  PackageTree               :     │           │   ├── diagnose (27)
17:26:45 INFO  PackageTree               :     │           │   ├── fragment (17)
17:26:45 INFO  PackageTree               :     │           │   ├── widget (5)
17:26:45 INFO  PackageTree               :     │           │   ├── user
17:26:45 INFO  PackageTree               :     │           │   │   └── create (8)
17:26:45 INFO  PackageTree               :     │           │   └── contacts (9)
17:26:45 INFO  PackageTree               :     │           ├── integration
17:26:45 INFO  PackageTree               :     │           │   └── platform
17:26:45 INFO  PackageTree               :     │           │       └── android (28)
17:26:45 INFO  PackageTree               :     │           │           └── receiver (2)
17:26:45 INFO  PackageTree               :     │           ├── work (14)
17:26:45 INFO  PackageTree               :     │           └── data (6)
17:26:45 INFO  PackageTree               :     ├── y4 (27)
17:26:45 INFO  PackageTree               :     ├── a6 (16)
17:26:45 INFO  PackageTree               :     ├── n4 (137)
17:26:45 INFO  PackageTree               :     ├── x1 (14)
17:26:45 INFO  PackageTree               :     ├── v1 (23)
17:26:45 INFO  PackageTree               :     ├── x7 (11)
17:26:45 INFO  PackageTree               :     ├── u4 (66)
17:26:45 INFO  PackageTree               :     ├── n7 (8)
17:26:45 INFO  PackageTree               :     ├── g6 (17)
17:26:45 INFO  PackageTree               :     ├── z4 (13)
17:26:45 INFO  PackageTree               :     ├── l7 (10)
17:26:45 INFO  PackageTree               :     ├── r4 (25)
17:26:45 INFO  PackageTree               :     ├── h6 (44)
17:26:45 INFO  PackageTree               :     ├── l6 (47)
17:26:45 INFO  PackageTree               :     ├── e1 (11)
17:26:45 INFO  PackageTree               :     ├── a9 (76)
17:26:45 INFO  PackageTree               :     ├── g4 (14)
17:26:45 INFO  PackageTree               :     ├── i4 (21)
17:26:45 INFO  PackageTree               :     ├── aa (50)
17:26:45 INFO  PackageTree               :     ├── j4 (18)
17:26:45 INFO  PackageTree               :     ├── w4 (11)
17:26:45 INFO  PackageTree               :     ├── d3 (42)
17:26:45 INFO  PackageTree               :     ├── v5 (20)
17:26:45 INFO  PackageTree               :     ├── u5 (20)
17:26:45 INFO  PackageTree               :     ├── a7 (7)
17:26:45 INFO  PackageTree               :     ├── n2 (9)
17:26:45 INFO  PackageTree               :     ├── d6 (13)
17:26:45 INFO  PackageTree               :     ├── x4 (3)
17:26:45 INFO  PackageTree               :     ├── k6 (26)
17:26:45 INFO  PackageTree               :     ├── v4 (1)
17:26:45 INFO  PackageTree               :     ├── q6 (6)
17:26:45 INFO  PackageTree               :     ├── n6 (21)
17:26:45 INFO  PackageTree               :     ├── s4 (7)
17:26:45 INFO  PackageTree               :     ├── f9 (24)
17:26:45 INFO  PackageTree               :     ├── p4 (22)
17:26:45 INFO  PackageTree               :     ├── o4 (15)
17:26:45 INFO  PackageTree               :     ├── k4 (9)
17:26:45 INFO  PackageTree               :     ├── w9 (30)
17:26:45 INFO  PackageTree               :     ├── h4 (4)
17:26:45 INFO  PackageTree               :     ├── f4 (5)
17:26:45 INFO  PackageTree               :     ├── d4 (23)
17:26:45 INFO  PackageTree               :     ├── b4 (3)
17:26:45 INFO  PackageTree               :     ├── a4 (7)
17:26:45 INFO  PackageTree               :     ├── b8 (44)
17:26:45 INFO  PackageTree               :     ├── z1 (12)
17:26:45 INFO  PackageTree               :     ├── w1 (3)
17:26:45 INFO  PackageTree               :     ├── q1 (4)
17:26:45 INFO  PackageTree               :     ├── r1 (9)
17:26:45 INFO  PackageTree               :     ├── o1 (3)
17:26:45 INFO  PackageTree               :     ├── p1 (2)
17:26:45 INFO  PackageTree               :     ├── s1 (11)
17:26:45 INFO  PackageTree               :     ├── i1 (2)
17:26:45 INFO  PackageTree               :     ├── g1 (9)
17:26:45 INFO  PackageTree               :     ├── h1 (3)
17:26:45 INFO  PackageTree               :     ├── n1 (14)
17:26:45 INFO  PackageTree               :     ├── a1 (4)
17:26:45 INFO  PackageTree               :     ├── f1 (10)
17:26:45 INFO  PackageTree               :     ├── t3 (42)
17:26:45 INFO  PackageTree               :     ├── p5 (47)
17:26:45 INFO  PackageTree               :     ├── q8 (8)
17:26:45 INFO  PackageTree               :     ├── q5 (53)
17:26:45 INFO  PackageTree               :     ├── z0 (109)
17:26:45 INFO  PackageTree               :     ├── i9 (49)
17:26:45 INFO  PackageTree               :     ├── y9 (27)
17:26:45 INFO  PackageTree               :     ├── u8 (24)
17:26:45 INFO  PackageTree               :     ├── h0 (20)
17:26:45 INFO  PackageTree               :     ├── f6 (34)
17:26:45 INFO  PackageTree               :     ├── x3 (18)
17:26:45 INFO  PackageTree               :     ├── m6 (13)
17:26:45 INFO  PackageTree               :     ├── j6 (36)
17:26:45 INFO  PackageTree               :     ├── u6 (10)
17:26:45 INFO  PackageTree               :     ├── v6 (19)
17:26:45 INFO  PackageTree               :     ├── t6 (11)
17:26:45 INFO  PackageTree               :     ├── z6 (9)
17:26:45 INFO  PackageTree               :     ├── j9 (23)
17:26:45 INFO  PackageTree               :     ├── g9 (14)
17:26:45 INFO  PackageTree               :     ├── q9 (42)
17:26:45 INFO  PackageTree               :     ├── r0 (14)
17:26:45 INFO  PackageTree               :     ├── m9 (18)
17:26:45 INFO  PackageTree               :     ├── z9 (14)
17:26:45 INFO  PackageTree               :     ├── g0 (9)
17:26:45 INFO  PackageTree               :     ├── v9 (14)
17:26:45 INFO  PackageTree               :     ├── u9 (22)
17:26:45 INFO  PackageTree               :     ├── r3 (10)
17:26:45 INFO  PackageTree               :     ├── w5 (9)
17:26:45 INFO  PackageTree               :     ├── e0 (22)
17:26:45 INFO  PackageTree               :     ├── f0 (16)
17:26:45 INFO  PackageTree               :     ├── p0 (17)
17:26:45 INFO  PackageTree               :     ├── s5 (6)
17:26:45 INFO  PackageTree               :     ├── b6 (16)
17:26:45 INFO  PackageTree               :     ├── y5 (16)
17:26:45 INFO  PackageTree               :     ├── f5 (15)
17:26:45 INFO  PackageTree               :     ├── i5 (65)
17:26:45 INFO  PackageTree               :     ├── j5 (19)
17:26:45 INFO  PackageTree               :     ├── l0 (12)
17:26:45 INFO  PackageTree               :     ├── android
17:26:45 INFO  PackageTree               :     │   └── support
17:26:45 INFO  PackageTree               :     │       └── v4
17:26:45 INFO  PackageTree               :     │           ├── media (17)
17:26:45 INFO  PackageTree               :     │           │   └── session (33)
17:26:45 INFO  PackageTree               :     │           ├── graphics
17:26:45 INFO  PackageTree               :     │           │   └── drawable (1)
17:26:45 INFO  PackageTree               :     │           └── app (1)
17:26:45 INFO  PackageTree               :     ├── m5 (8)
17:26:45 INFO  PackageTree               :     ├── a8 (21)
17:26:45 INFO  PackageTree               :     ├── b5 (40)
17:26:45 INFO  PackageTree               :     ├── n5 (16)
17:26:45 INFO  PackageTree               :     ├── m8 (28)
17:26:45 INFO  PackageTree               :     ├── l8 (23)
17:26:45 INFO  PackageTree               :     ├── y8 (31)
17:26:45 INFO  PackageTree               :     ├── v8 (27)
17:26:45 INFO  PackageTree               :     ├── q2 (29)
17:26:45 INFO  PackageTree               :     ├── t7 (6)
17:26:45 INFO  PackageTree               :     ├── g3 (34)
17:26:45 INFO  PackageTree               :     ├── org
17:26:45 INFO  PackageTree               :     │   └── whispersystems
17:26:45 INFO  PackageTree               :     │       └── curve25519 (11)
17:26:45 INFO  PackageTree               :     ├── h9 (10)
17:26:45 INFO  PackageTree               :     ├── x5 (18)
17:26:45 INFO  PackageTree               :     ├── okhttp3
17:26:45 INFO  PackageTree               :     │   └── internal
17:26:45 INFO  PackageTree               :     │       ├── platform (19)
17:26:45 INFO  PackageTree               :     │       └── publicsuffix (2)
17:26:45 INFO  PackageTree               :     ├── f7 (9)
17:26:45 INFO  PackageTree               :     ├── p7 (10)
17:26:45 INFO  PackageTree               :     ├── j7 (7)
17:26:45 INFO  PackageTree               :     ├── y7 (13)
17:26:45 INFO  PackageTree               :     ├── f (1)
17:26:45 INFO  PackageTree               :     ├── h (5)
17:26:45 INFO  PackageTree               :     ├── b (2)
17:26:45 INFO  PackageTree               :     ├── c (4)
17:26:45 INFO  PackageTree               :     ├── n (1)
17:26:45 INFO  PackageTree               :     ├── o (5)
17:26:45 INFO  PackageTree               :     ├── i (1)
17:26:45 INFO  PackageTree               :     ├── l (6)
17:26:45 INFO  PackageTree               :     ├── k (11)
17:26:45 INFO  PackageTree               :     ├── v (3)
17:26:45 INFO  PackageTree               :     ├── w (3)
17:26:45 INFO  PackageTree               :     ├── r (1)
17:26:45 INFO  PackageTree               :     ├── q (1)
17:26:45 INFO  PackageTree               :     ├── z (6)
17:26:45 INFO  PackageTree               :     ├── d8 (18)
17:26:45 INFO  PackageTree               :     ├── f8 (12)
17:26:45 INFO  PackageTree               :     ├── u3 (24)
17:26:45 INFO  PackageTree               :     ├── w3 (19)
17:26:45 INFO  PackageTree               :     ├── v3 (1)
17:26:45 INFO  PackageTree               :     ├── y3 (5)
17:26:45 INFO  PackageTree               :     ├── s3 (9)
17:26:45 INFO  PackageTree               :     ├── o3 (1)
17:26:45 INFO  PackageTree               :     ├── n3 (1)
17:26:45 INFO  PackageTree               :     ├── q3 (4)
17:26:45 INFO  PackageTree               :     ├── p3 (1)
17:26:45 INFO  PackageTree               :     ├── k3 (1)
17:26:45 INFO  PackageTree               :     ├── j3 (1)
17:26:45 INFO  PackageTree               :     ├── m3 (3)
17:26:45 INFO  PackageTree               :     ├── l3 (13)
17:26:45 INFO  PackageTree               :     ├── i3 (1)
17:26:45 INFO  PackageTree               :     ├── h3 (10)
17:26:45 INFO  PackageTree               :     ├── c3 (1)
17:26:45 INFO  PackageTree               :     ├── b3 (1)
17:26:45 INFO  PackageTree               :     ├── e3 (3)
17:26:45 INFO  PackageTree               :     ├── a3 (2)
17:26:45 INFO  PackageTree               :     ├── o0 (5)
17:26:45 INFO  PackageTree               :     ├── q0 (3)
17:26:45 INFO  PackageTree               :     ├── s0 (2)
17:26:45 INFO  PackageTree               :     ├── n9 (7)
17:26:45 INFO  PackageTree               :     ├── t0 (4)
17:26:45 INFO  PackageTree               :     ├── i0 (11)
17:26:45 INFO  PackageTree               :     ├── j0 (6)
17:26:45 INFO  PackageTree               :     ├── m0 (4)
17:26:45 INFO  PackageTree               :     ├── a0 (3)
17:26:45 INFO  PackageTree               :     ├── d0 (6)
17:26:45 INFO  PackageTree               :     ├── b9 (4)
17:26:45 INFO  PackageTree               :     ├── d9 (5)
17:26:45 INFO  PackageTree               :     ├── x6 (16)
17:26:45 INFO  PackageTree               :     ├── r6 (14)
17:26:45 INFO  PackageTree               :     ├── w6 (8)
17:26:45 INFO  PackageTree               :     ├── y6 (8)
17:26:45 INFO  PackageTree               :     ├── b1 (11)
17:26:45 INFO  PackageTree               :     ├── a5 (18)
17:26:45 INFO  PackageTree               :     ├── b7 (2)
17:26:45 INFO  PackageTree               :     ├── q7 (7)
17:26:45 INFO  PackageTree               :     ├── r7 (3)
17:26:45 INFO  PackageTree               :     ├── p6 (18)
17:26:45 INFO  PackageTree               :     ├── y2 (14)
17:26:45 INFO  PackageTree               :     ├── a2 (11)
17:26:45 INFO  PackageTree               :     ├── d5 (24)
17:26:45 INFO  PackageTree               :     ├── c8 (6)
17:26:45 INFO  PackageTree               :     ├── s8 (10)
17:26:45 INFO  PackageTree               :     ├── t8 (8)
17:26:45 INFO  PackageTree               :     ├── d7 (7)
17:26:45 INFO  PackageTree               :     ├── r5 (4)
17:26:45 INFO  PackageTree               :     ├── e2 (9)
17:26:45 INFO  PackageTree               :     ├── o7 (3)
17:26:45 INFO  PackageTree               :     ├── v7 (10)
17:26:45 INFO  PackageTree               :     ├── o6 (15)
17:26:45 INFO  PackageTree               :     ├── o2 (3)
17:26:45 INFO  PackageTree               :     ├── b2 (5)
17:26:45 INFO  PackageTree               :     ├── l4 (4)
17:26:45 INFO  PackageTree               :     ├── e7 (2)
17:26:45 INFO  PackageTree               :     ├── w7 (4)
17:26:45 INFO  PackageTree               :     ├── z7 (3)
17:26:45 INFO  PackageTree               :     ├── l9 (7)
17:26:45 INFO  PackageTree               :     ├── t2 (2)
17:26:45 INFO  PackageTree               :     ├── e5 (2)
17:26:45 INFO  PackageTree               :     ├── v2 (3)
17:26:45 INFO  PackageTree               :     ├── g5 (1)
17:26:45 INFO  PackageTree               :     ├── p2 (2)
17:26:45 INFO  PackageTree               :     ├── k5 (6)
17:26:45 INFO  PackageTree               :     ├── l5 (1)
17:26:45 INFO  PackageTree               :     ├── k2 (2)
17:26:45 INFO  PackageTree               :     ├── t5 (1)
17:26:45 INFO  PackageTree               :     ├── z5 (1)
17:26:45 INFO  PackageTree               :     ├── m7 (6)
17:26:45 INFO  PackageTree               :     ├── g7 (5)
17:26:45 INFO  PackageTree               :     ├── c6 (1)
17:26:45 INFO  PackageTree               :     ├── i6 (2)
17:26:45 INFO  PackageTree               :     ├── c7 (4)
17:26:45 INFO  PackageTree               :     ├── e9 (9)
17:26:45 INFO  PackageTree               :     ├── o9 (4)
17:26:45 INFO  PackageTree               :     ├── k9 (1)
17:26:45 INFO  PackageTree               :     ├── t9 (1)
17:26:45 INFO  PackageTree               :     ├── r9 (3)
17:26:45 INFO  PackageTree               :     ├── s9 (1)
17:26:45 INFO  PackageTree               :     ├── x9 (3)
17:26:45 INFO  PackageTree               :     ├── k0 (3)
17:26:45 INFO  PackageTree               :     ├── c5 (1)
17:26:45 INFO  PackageTree               :     ├── e8 (6)
17:26:45 INFO  PackageTree               :     ├── k8 (2)
17:26:45 INFO  PackageTree               :     ├── n8 (1)
17:26:45 INFO  PackageTree               :     ├── h8 (1)
17:26:45 INFO  PackageTree               :     ├── g8 (4)
17:26:45 INFO  PackageTree               :     ├── j8 (1)
17:26:45 INFO  PackageTree               :     ├── i8 (1)
17:26:45 INFO  PackageTree               :     ├── p8 (3)
17:26:45 INFO  PackageTree               :     ├── o8 (4)
17:26:45 INFO  PackageTree               :     ├── r8 (1)
17:26:45 INFO  PackageTree               :     ├── x8 (6)
17:26:45 INFO  PackageTree               :     ├── z8 (2)
17:26:45 INFO  PackageTree               :     ├── c9 (1)
17:26:45 INFO  PackageTree               :     ├── e6 (2)
17:26:45 INFO  PackageTree               :     ├── s6 (3)
17:26:45 INFO  PackageTree               :     ├── r2 (2)
17:26:45 INFO  PackageTree               :     ├── d1 (2)
17:26:45 INFO  PackageTree               :     ├── z2 (1)
17:26:45 INFO  PackageTree               :     ├── u2 (1)
17:26:45 INFO  PackageTree               :     ├── w2 (1)
17:26:45 INFO  PackageTree               :     ├── x2 (1)
17:26:45 INFO  PackageTree               :     ├── s2 (1)
17:26:45 INFO  PackageTree               :     ├── m2 (1)
17:26:45 INFO  PackageTree               :     ├── i2 (1)
17:26:45 INFO  PackageTree               :     ├── j2 (1)
17:26:45 INFO  PackageTree               :     ├── l2 (1)
17:26:45 INFO  PackageTree               :     ├── f2 (1)
17:26:45 INFO  PackageTree               :     ├── g2 (1)
17:26:45 INFO  PackageTree               :     ├── h2 (1)
17:26:45 INFO  PackageTree               :     ├── c2 (1)
17:26:45 INFO  PackageTree               :     ├── d2 (1)
17:26:45 INFO  PackageTree               :     ├── x0 (1)
17:26:45 INFO  PackageTree               :     ├── w0 (1)
17:26:45 INFO  PackageTree               :     ├── y0 (1)
17:26:45 INFO  PackageTree               :     ├── v0 (1)
17:26:45 INFO  PackageTree               :     ├── u0 (1)
17:26:45 INFO  PackageTree               :     ├── n0 (1)
17:26:45 INFO  PackageTree               :     ├── b0 (1)
17:26:45 INFO  PackageTree               :     ├── c0 (1)
17:26:45 INFO  PackageTree               :     ├── y1 (1)
17:26:45 INFO  PackageTree               :     ├── t1 (1)
17:26:45 INFO  PackageTree               :     ├── k1 (1)
17:26:45 INFO  PackageTree               :     ├── l1 (1)
17:26:45 INFO  PackageTree               :     └── c1 (1)
17:26:45 INFO  Profile                   : 
17:26:45 INFO  AppProfile                : - generated app package tree (in 47 ms)
17:26:45 INFO  AppProfile                : 
17:26:45 DEBUG HashTree                  : Generate hash tree..
17:26:45 DEBUG HashTree                  :     - generated 389 package hashes.
17:26:45 DEBUG HashTree                  :     - generated 6525 clazz hashes.
17:26:45 DEBUG HashTree                  :     - generated 35520 method hashes.
17:26:45 DEBUG HashTree                  :     => Library Hash: f931077a08d9004a18cd891e782bb06a
17:26:45 INFO  AppProfile                : - generated app hash trees (in 387 ms)
17:26:45 INFO  AppProfile                : 
17:26:45 INFO  LibraryIdentifier         : = Scan for library root packages (heuristic) =
17:26:45 INFO  LibraryIdentifier         :     - Found lib root package okhttp3  (OkHttp)
17:26:45 INFO  LibraryIdentifier         :     - Found lib root package androidx.navigation  (android.arch.navigation::navigation-common)
17:26:45 INFO  LibraryIdentifier         :     - Found lib root package androidx.navigation  (android.arch.navigation::navigation-common-ktx)
17:26:45 INFO  LibraryIdentifier         :     - Found lib root package androidx.navigation.fragment  (android.arch.navigation::navigation-fragment)
17:26:45 INFO  LibraryIdentifier         :     - Found lib root package androidx.navigation.fragment  (android.arch.navigation::navigation-fragment-ktx)
17:26:45 INFO  LibraryIdentifier         :     - Found lib root package androidx.navigation  (android.arch.navigation::navigation-runtime)
17:26:45 INFO  LibraryIdentifier         :     - Found lib root package androidx.navigation  (android.arch.navigation::navigation-runtime-ktx)
17:26:45 INFO  LibraryIdentifier         :     - Found lib root package androidx.work  (android.arch.work::work-runtime)
17:26:45 INFO  LibraryIdentifier         :     - Found lib root package androidx.work  (android.arch.work::work-runtime-ktx)
17:26:45 INFO  LibraryIdentifier         :     - Found lib root package androidx.annotation  (androidx.annotation::annotation)
17:26:45 INFO  LibraryIdentifier         :     - Found lib root package androidx.appcompat  (androidx.appcompat::appcompat)
17:26:45 INFO  LibraryIdentifier         :     - Found lib root package androidx.cardview.widget  (androidx.cardview::cardview)
17:26:45 INFO  LibraryIdentifier         :     - Found lib root package androidx.constraintlayout.widget  (androidx.constraintlayout::constraintlayout)
17:26:45 INFO  LibraryIdentifier         :     - Found lib root package androidx.coordinatorlayout.widget  (androidx.coordinatorlayout::coordinatorlayout)
17:26:45 INFO  LibraryIdentifier         :     - Found lib root package androidx.core  (androidx.core::core)
17:26:45 INFO  LibraryIdentifier         :     - Found lib root package androidx  (androidx.core::core-ktx)
17:26:45 INFO  LibraryIdentifier         :     - Found lib root package androidx.databinding  (androidx.databinding::databinding-adapters)
17:26:45 INFO  LibraryIdentifier         :     - Found lib root package androidx.databinding  (androidx.databinding::databinding-common)
17:26:45 INFO  LibraryIdentifier         :     - Found lib root package androidx.databinding  (androidx.databinding::databinding-runtime)
17:26:45 INFO  LibraryIdentifier         :     - Found lib root package androidx.fragment.app  (androidx.fragment::fragment)
17:26:45 INFO  LibraryIdentifier         :     - Found lib root package androidx.fragment.app  (androidx.fragment::fragment-ktx)
17:26:45 INFO  LibraryIdentifier         :     - Found lib root package androidx.gridlayout.widget  (androidx.gridlayout::gridlayout)
17:26:45 INFO  LibraryIdentifier         :     - Found lib root package androidx.lifecycle  (androidx.lifecycle::lifecycle-common)
17:26:45 INFO  LibraryIdentifier         :     - Found lib root package androidx.lifecycle  (androidx.lifecycle::lifecycle-common-java8)
17:26:45 INFO  LibraryIdentifier         :     - Found lib root package androidx.lifecycle  (androidx.lifecycle::lifecycle-compiler)
17:26:45 INFO  LibraryIdentifier         :     - Found lib root package androidx.lifecycle  (androidx.lifecycle::lifecycle-extensions)
17:26:45 INFO  LibraryIdentifier         :     - Found lib root package androidx.lifecycle  (androidx.lifecycle::lifecycle-livedata)
17:26:45 INFO  LibraryIdentifier         :     - Found lib root package androidx.lifecycle  (androidx.lifecycle::lifecycle-livedata-core)
17:26:45 INFO  LibraryIdentifier         :     - Found lib root package androidx.lifecycle  (androidx.lifecycle::lifecycle-process)
17:26:45 INFO  LibraryIdentifier         :     - Found lib root package androidx.lifecycle  (androidx.lifecycle::lifecycle-reactivestreams)
17:26:45 INFO  LibraryIdentifier         :     - Found lib root package androidx.lifecycle  (androidx.lifecycle::lifecycle-reactivestreams-ktx)
17:26:45 INFO  LibraryIdentifier         :     - Found lib root package androidx.lifecycle  (androidx.lifecycle::lifecycle-runtime)
17:26:45 INFO  LibraryIdentifier         :     - Found lib root package androidx.lifecycle  (androidx.lifecycle::lifecycle-service)
17:26:45 INFO  LibraryIdentifier         :     - Found lib root package androidx.lifecycle  (androidx.lifecycle::lifecycle-viewmodel)
17:26:45 INFO  LibraryIdentifier         :     - Found lib root package androidx.lifecycle  (androidx.lifecycle::lifecycle-viewmodel-ktx)
17:26:45 INFO  LibraryIdentifier         :     - Found lib root package androidx.loader  (androidx.loader::loader)
17:26:45 INFO  LibraryIdentifier         :     - Found lib root package android.support.v4.media  (androidx.media::media)
17:26:45 INFO  LibraryIdentifier         :     - Found lib root package androidx.recyclerview.widget  (androidx.recyclerview::recyclerview)
17:26:45 INFO  LibraryIdentifier         :     - Found lib root package androidx.room  (androidx.room::room-common)
17:26:45 INFO  LibraryIdentifier         :     - Found lib root package androidx.room  (androidx.room::room-compiler)
17:26:45 INFO  LibraryIdentifier         :     - Found lib root package androidx.room  (androidx.room::room-runtime)
17:26:45 INFO  LibraryIdentifier         :     - Found lib root package androidx.room  (androidx.room::room-rxjava2)
17:26:45 INFO  LibraryIdentifier         :     - Found lib root package androidx.vectordrawable.graphics.drawable  (androidx.vectordrawable::vectordrawable)
17:26:45 INFO  LibraryIdentifier         :     - Found lib root package androidx.vectordrawable.graphics.drawable  (androidx.vectordrawable::vectordrawable-animated)
17:26:45 INFO  LibraryIdentifier         :     - Found lib root package androidx.versionedparcelable  (androidx.versionedparcelable::versionedparcelable)
17:26:45 INFO  LibraryIdentifier         :     - Found lib root package androidx.viewpager.widget  (androidx.viewpager::viewpager)
17:26:45 INFO  LibraryIdentifier         :     - Found lib root package android.support.v4  (com.android.support::customview)
17:26:45 INFO  LibraryIdentifier         :     - Found lib root package android.support.v4  (com.android.support::loader)
17:26:45 INFO  LibraryIdentifier         :     - Found lib root package android.support.v4  (com.android.support::support-compat)
17:26:45 INFO  LibraryIdentifier         :     - Found lib root package android.support.v4  (com.android.support::support-core-ui)
17:26:45 INFO  LibraryIdentifier         :     - Found lib root package android.support.v4  (com.android.support::support-core-utils)
17:26:45 INFO  LibraryIdentifier         :     - Found lib root package android.support.v4.app  (com.android.support::support-fragment)
17:26:45 INFO  LibraryIdentifier         :     - Found lib root package android.support.v4.media  (com.android.support::support-media-compat)
17:26:45 INFO  LibraryIdentifier         :     - Found lib root package android.support.v4  (com.android.support::support-v4)
17:26:45 INFO  LibraryIdentifier         :     - Found lib root package androidx.versionedparcelable  (com.android.support::versionedparcelable)
17:26:45 INFO  LibraryIdentifier         :     - Found lib root package com.google.android.material  (com.google.android.material::material)
17:26:45 INFO  LibraryIdentifier         : 
17:26:45 INFO  LibraryIdentifier         : = Match profiles =
17:28:17 INFO  LibraryIdentifier         :     >> profile matching done (1 min, 31 sec, 377 ms)
17:28:17 INFO  LibraryIdentifier         : 
17:28:17 INFO  LibraryIdentifier         : == Report ==
17:28:17 INFO  LibraryIdentifier         : - Full library matches:
17:28:17 INFO  ProfileMatch              :                 name: com.google.firebase::firebase-ml-vision-image-label-model
17:28:17 INFO  ProfileMatch              :             category: Android
17:28:17 INFO  ProfileMatch              :              version: 20.0.0  [OLD VERSION]
17:28:17 INFO  ProfileMatch              :         release-date:  --
17:28:17 INFO  ProfileMatch              :     lib root package: "com.google.firebase.ml.vision.imagelabel"  (in app: "a1")
17:28:17 INFO  ProfileMatch              : 
17:28:17 INFO  ProfileMatch              :                 name: com.google.firebase::firebase-ml-vision-image-label-model
17:28:17 INFO  ProfileMatch              :             category: Android
17:28:17 INFO  ProfileMatch              :              version: 20.0.1  [OLD VERSION]
17:28:17 INFO  ProfileMatch              :         release-date:  --
17:28:17 INFO  ProfileMatch              :     lib root package: "com.google.firebase.ml.vision.imagelabel"  (in app: "a1")
17:28:17 INFO  ProfileMatch              : 
17:28:17 INFO  ProfileMatch              :                 name: com.google.firebase::firebase-ml-vision-image-label-model
17:28:17 INFO  ProfileMatch              :             category: Android
17:28:17 INFO  ProfileMatch              :              version: 20.0.2
17:28:17 INFO  ProfileMatch              :         release-date:  --
17:28:17 INFO  ProfileMatch              :     lib root package: "com.google.firebase.ml.vision.imagelabel"  (in app: "a1")
17:28:17 INFO  ProfileMatch              : 
17:28:17 INFO  ProfileMatch              :                 name: androidx.arch.core::core-common
17:28:17 INFO  ProfileMatch              :             category: Android
17:28:17 INFO  ProfileMatch              :              version: 2.0.0  [OLD VERSION]
17:28:17 INFO  ProfileMatch              :         release-date:  --
17:28:17 INFO  ProfileMatch              :     lib root package: "androidx.arch.core"  (in app: "m")
17:28:17 INFO  ProfileMatch              : 
17:28:17 INFO  ProfileMatch              :                 name: androidx.arch.core::core-common
17:28:17 INFO  ProfileMatch              :             category: Android
17:28:17 INFO  ProfileMatch              :              version: 2.0.1  [OLD VERSION]
17:28:17 INFO  ProfileMatch              :         release-date:  --
17:28:17 INFO  ProfileMatch              :     lib root package: "androidx.arch.core"  (in app: "m")
17:28:17 INFO  ProfileMatch              : 
17:28:17 INFO  ProfileMatch              :                 name: androidx.arch.core::core-common
17:28:17 INFO  ProfileMatch              :             category: Android
17:28:17 INFO  ProfileMatch              :              version: 2.1.0
17:28:17 INFO  ProfileMatch              :         release-date:  --
17:28:17 INFO  ProfileMatch              :     lib root package: "androidx.arch.core"  (in app: "m")
17:28:17 INFO  ProfileMatch              : 
17:28:17 INFO  ProfileMatch              :                 name: com.android.support::interpolator
17:28:17 INFO  ProfileMatch              :             category: Android
17:28:17 INFO  ProfileMatch              :              version: 28.0.0
17:28:17 INFO  ProfileMatch              :         release-date:  --
17:28:17 INFO  ProfileMatch              :     lib root package: "android.support.v4.view.animation"  (in app: "t0")
17:28:17 INFO  ProfileMatch              : 
17:28:17 INFO  ProfileMatch              :                 name: androidx.interpolator::interpolator
17:28:17 INFO  ProfileMatch              :             category: Android
17:28:17 INFO  ProfileMatch              :              version: 1.0.0
17:28:17 INFO  ProfileMatch              :         release-date:  --
17:28:17 INFO  ProfileMatch              :     lib root package: "androidx.interpolator.view.animation"  (in app: "t0")
17:28:17 INFO  ProfileMatch              : 
17:28:17 INFO  ProfileMatch              :                 name: Facebook
17:28:17 INFO  ProfileMatch              :             category: SocialMedia
17:28:17 INFO  ProfileMatch              :              version: 4.27.0  [OLD VERSION]
17:28:17 INFO  ProfileMatch              :         release-date: 26.09.2017
17:28:17 INFO  ProfileMatch              :     lib root package: "com.facebook.all"  (in app: "a1")
17:28:17 INFO  ProfileMatch              : 
17:28:17 INFO  ProfileMatch              :                 name: Facebook
17:28:17 INFO  ProfileMatch              :             category: SocialMedia
17:28:17 INFO  ProfileMatch              :              version: 4.28.0  [OLD VERSION]
17:28:17 INFO  ProfileMatch              :         release-date: 07.11.2017
17:28:17 INFO  ProfileMatch              :     lib root package: "com.facebook.all"  (in app: "a1")
17:28:17 INFO  ProfileMatch              : 
17:28:17 INFO  ProfileMatch              :                 name: Facebook
17:28:17 INFO  ProfileMatch              :             category: SocialMedia
17:28:17 INFO  ProfileMatch              :              version: 4.29.0  [OLD VERSION]
17:28:17 INFO  ProfileMatch              :         release-date: 05.12.2017
17:28:17 INFO  ProfileMatch              :     lib root package: "com.facebook.all"  (in app: "a1")
17:28:17 INFO  ProfileMatch              : 
17:28:17 INFO  ProfileMatch              :                 name: Facebook
17:28:17 INFO  ProfileMatch              :             category: SocialMedia
17:28:17 INFO  ProfileMatch              :              version: 4.30.0  [OLD VERSION]
17:28:17 INFO  ProfileMatch              :         release-date: 24.01.2018
17:28:17 INFO  ProfileMatch              :     lib root package: "com.facebook.all"  (in app: "a1")
17:28:17 INFO  ProfileMatch              : 
17:28:17 INFO  ProfileMatch              :                 name: Facebook
17:28:17 INFO  ProfileMatch              :             category: SocialMedia
17:28:17 INFO  ProfileMatch              :              version: 4.31.0  [OLD VERSION]
17:28:17 INFO  ProfileMatch              :         release-date: 28.02.2018
17:28:17 INFO  ProfileMatch              :     lib root package: "com.facebook.all"  (in app: "a1")
17:28:17 INFO  ProfileMatch              : 
17:28:17 INFO  ProfileMatch              :                 name: Facebook
17:28:17 INFO  ProfileMatch              :             category: SocialMedia
17:28:17 INFO  ProfileMatch              :              version: 4.32.0  [OLD VERSION]
17:28:17 INFO  ProfileMatch              :         release-date: 11.04.2018
17:28:17 INFO  ProfileMatch              :     lib root package: "com.facebook.all"  (in app: "a1")
17:28:17 INFO  ProfileMatch              : 
17:28:17 INFO  ProfileMatch              :                 name: Facebook
17:28:17 INFO  ProfileMatch              :             category: SocialMedia
17:28:17 INFO  ProfileMatch              :              version: 4.33.0  [OLD VERSION]
17:28:17 INFO  ProfileMatch              :         release-date: 01.05.2018
17:28:17 INFO  ProfileMatch              :     lib root package: "com.facebook.all"  (in app: "a1")
17:28:17 INFO  ProfileMatch              : 
17:28:17 INFO  ProfileMatch              :                 name: Facebook
17:28:17 INFO  ProfileMatch              :             category: SocialMedia
17:28:17 INFO  ProfileMatch              :              version: 4.34.0  [OLD VERSION]
17:28:17 INFO  ProfileMatch              :         release-date: 19.06.2018
17:28:17 INFO  ProfileMatch              :     lib root package: "com.facebook.all"  (in app: "a1")
17:28:17 INFO  ProfileMatch              : 
17:28:17 INFO  ProfileMatch              :                 name: Facebook
17:28:17 INFO  ProfileMatch              :             category: SocialMedia
17:28:17 INFO  ProfileMatch              :              version: 4.35.0  [OLD VERSION]
17:28:17 INFO  ProfileMatch              :         release-date: 26.07.2018
17:28:17 INFO  ProfileMatch              :     lib root package: "com.facebook.all"  (in app: "a1")
17:28:17 INFO  ProfileMatch              : 
17:28:17 INFO  ProfileMatch              :                 name: Facebook
17:28:17 INFO  ProfileMatch              :             category: SocialMedia
17:28:17 INFO  ProfileMatch              :              version: 4.36.0  [OLD VERSION]
17:28:17 INFO  ProfileMatch              :         release-date: 29.08.2018
17:28:17 INFO  ProfileMatch              :     lib root package: "com.facebook.all"  (in app: "a1")
17:28:17 INFO  ProfileMatch              : 
17:28:17 INFO  ProfileMatch              :                 name: Facebook
17:28:17 INFO  ProfileMatch              :             category: SocialMedia
17:28:17 INFO  ProfileMatch              :              version: 4.36.1  [OLD VERSION]
17:28:17 INFO  ProfileMatch              :         release-date: 15.09.2018
17:28:17 INFO  ProfileMatch              :     lib root package: "com.facebook.all"  (in app: "a1")
17:28:17 INFO  ProfileMatch              : 
17:28:17 INFO  ProfileMatch              :                 name: Facebook
17:28:17 INFO  ProfileMatch              :             category: SocialMedia
17:28:17 INFO  ProfileMatch              :              version: 4.37.0  [OLD VERSION]
17:28:17 INFO  ProfileMatch              :         release-date: 27.09.2018
17:28:17 INFO  ProfileMatch              :     lib root package: "com.facebook.all"  (in app: "a1")
17:28:17 INFO  ProfileMatch              : 
17:28:17 INFO  ProfileMatch              :                 name: Facebook
17:28:17 INFO  ProfileMatch              :             category: SocialMedia
17:28:17 INFO  ProfileMatch              :              version: 4.38.0  [OLD VERSION]
17:28:17 INFO  ProfileMatch              :         release-date: 23.10.2018
17:28:17 INFO  ProfileMatch              :     lib root package: "com.facebook.all"  (in app: "a1")
17:28:17 INFO  ProfileMatch              : 
17:28:17 INFO  ProfileMatch              :                 name: Facebook
17:28:17 INFO  ProfileMatch              :             category: SocialMedia
17:28:17 INFO  ProfileMatch              :              version: 4.38.1  [OLD VERSION]
17:28:17 INFO  ProfileMatch              :         release-date: 31.10.2018
17:28:17 INFO  ProfileMatch              :     lib root package: "com.facebook.all"  (in app: "a1")
17:28:17 INFO  ProfileMatch              : 
17:28:17 INFO  ProfileMatch              :                 name: Facebook
17:28:17 INFO  ProfileMatch              :             category: SocialMedia
17:28:17 INFO  ProfileMatch              :              version: 4.39.0  [OLD VERSION]
17:28:17 INFO  ProfileMatch              :         release-date: 05.12.2018
17:28:17 INFO  ProfileMatch              :     lib root package: "com.facebook.all"  (in app: "a1")
17:28:17 INFO  ProfileMatch              : 
17:28:17 INFO  ProfileMatch              :                 name: Facebook
17:28:17 INFO  ProfileMatch              :             category: SocialMedia
17:28:17 INFO  ProfileMatch              :              version: 4.40.0  [OLD VERSION]
17:28:17 INFO  ProfileMatch              :         release-date: 22.01.2019
17:28:17 INFO  ProfileMatch              :     lib root package: "com.facebook.all"  (in app: "a1")
17:28:17 INFO  ProfileMatch              : 
17:28:17 INFO  ProfileMatch              :                 name: Facebook
17:28:17 INFO  ProfileMatch              :             category: SocialMedia
17:28:17 INFO  ProfileMatch              :              version: 4.41.0  [OLD VERSION]
17:28:17 INFO  ProfileMatch              :         release-date: 08.03.2019
17:28:17 INFO  ProfileMatch              :     lib root package: "com.facebook.all"  (in app: "a1")
17:28:17 INFO  ProfileMatch              : 
17:28:17 INFO  ProfileMatch              :                 name: Facebook
17:28:17 INFO  ProfileMatch              :             category: SocialMedia
17:28:17 INFO  ProfileMatch              :              version: 4.42.0  [OLD VERSION]
17:28:17 INFO  ProfileMatch              :         release-date: 08.04.2019
17:28:17 INFO  ProfileMatch              :     lib root package: "com.facebook.all"  (in app: "a1")
17:28:17 INFO  ProfileMatch              : 
17:28:17 INFO  ProfileMatch              :                 name: Facebook
17:28:17 INFO  ProfileMatch              :             category: SocialMedia
17:28:17 INFO  ProfileMatch              :              version: 5.0.0  [OLD VERSION]
17:28:17 INFO  ProfileMatch              :         release-date: 30.04.2019
17:28:17 INFO  ProfileMatch              :     lib root package: "com.facebook.all"  (in app: "a1")
17:28:17 INFO  ProfileMatch              : 
17:28:17 INFO  ProfileMatch              :                 name: Facebook
17:28:17 INFO  ProfileMatch              :             category: SocialMedia
17:28:17 INFO  ProfileMatch              :              version: 5.0.1  [OLD VERSION]
17:28:17 INFO  ProfileMatch              :         release-date: 17.05.2019
17:28:17 INFO  ProfileMatch              :     lib root package: "com.facebook.all"  (in app: "a1")
17:28:17 INFO  ProfileMatch              : 
17:28:17 INFO  ProfileMatch              :                 name: Facebook
17:28:17 INFO  ProfileMatch              :             category: SocialMedia
17:28:17 INFO  ProfileMatch              :              version: 5.0.2  [OLD VERSION]
17:28:17 INFO  ProfileMatch              :         release-date: 09.06.2019
17:28:17 INFO  ProfileMatch              :     lib root package: "com.facebook.all"  (in app: "a1")
17:28:17 INFO  ProfileMatch              : 
17:28:17 INFO  ProfileMatch              :                 name: Facebook
17:28:17 INFO  ProfileMatch              :             category: SocialMedia
17:28:17 INFO  ProfileMatch              :              version: 5.0.3  [OLD VERSION]
17:28:17 INFO  ProfileMatch              :         release-date: 14.06.2019
17:28:17 INFO  ProfileMatch              :     lib root package: "com.facebook.all"  (in app: "a1")
17:28:17 INFO  ProfileMatch              : 
17:28:17 INFO  ProfileMatch              :                 name: Facebook
17:28:17 INFO  ProfileMatch              :             category: SocialMedia
17:28:17 INFO  ProfileMatch              :              version: 5.1.0  [OLD VERSION]
17:28:17 INFO  ProfileMatch              :         release-date: 21.06.2019
17:28:17 INFO  ProfileMatch              :     lib root package: "com.facebook.all"  (in app: "a1")
17:28:17 INFO  ProfileMatch              : 
17:28:17 INFO  ProfileMatch              :                 name: Facebook
17:28:17 INFO  ProfileMatch              :             category: SocialMedia
17:28:17 INFO  ProfileMatch              :              version: 5.1.1  [OLD VERSION]
17:28:17 INFO  ProfileMatch              :         release-date: 02.07.2019
17:28:17 INFO  ProfileMatch              :     lib root package: "com.facebook.all"  (in app: "a1")
17:28:17 INFO  ProfileMatch              : 
17:28:17 INFO  ProfileMatch              :                 name: Facebook
17:28:17 INFO  ProfileMatch              :             category: SocialMedia
17:28:17 INFO  ProfileMatch              :              version: 5.2.0  [OLD VERSION]
17:28:17 INFO  ProfileMatch              :         release-date: 29.07.2019
17:28:17 INFO  ProfileMatch              :     lib root package: "com.facebook.all"  (in app: "a1")
17:28:17 INFO  ProfileMatch              : 
17:28:17 INFO  ProfileMatch              :                 name: Facebook
17:28:17 INFO  ProfileMatch              :             category: SocialMedia
17:28:17 INFO  ProfileMatch              :              version: 5.4.0  [OLD VERSION]
17:28:17 INFO  ProfileMatch              :         release-date: 16.08.2019
17:28:17 INFO  ProfileMatch              :     lib root package: "com.facebook.all"  (in app: "a1")
17:28:17 INFO  ProfileMatch              : 
17:28:17 INFO  ProfileMatch              :                 name: Facebook
17:28:17 INFO  ProfileMatch              :             category: SocialMedia
17:28:17 INFO  ProfileMatch              :              version: 5.5.0  [OLD VERSION]
17:28:17 INFO  ProfileMatch              :         release-date: 31.08.2019
17:28:17 INFO  ProfileMatch              :     lib root package: "com.facebook.all"  (in app: "a1")
17:28:17 INFO  ProfileMatch              : 
17:28:17 INFO  ProfileMatch              :                 name: Facebook
17:28:17 INFO  ProfileMatch              :             category: SocialMedia
17:28:17 INFO  ProfileMatch              :              version: 5.5.1  [OLD VERSION]
17:28:17 INFO  ProfileMatch              :         release-date: 06.09.2019
17:28:17 INFO  ProfileMatch              :     lib root package: "com.facebook.all"  (in app: "a1")
17:28:17 INFO  ProfileMatch              : 
17:28:17 INFO  ProfileMatch              :                 name: Facebook
17:28:17 INFO  ProfileMatch              :             category: SocialMedia
17:28:17 INFO  ProfileMatch              :              version: 5.5.2  [OLD VERSION]
17:28:17 INFO  ProfileMatch              :         release-date: 05.10.2019
17:28:17 INFO  ProfileMatch              :     lib root package: "com.facebook.all"  (in app: "a1")
17:28:17 INFO  ProfileMatch              : 
17:28:17 INFO  ProfileMatch              :                 name: Facebook
17:28:17 INFO  ProfileMatch              :             category: SocialMedia
17:28:17 INFO  ProfileMatch              :              version: 5.8.0  [OLD VERSION]
17:28:17 INFO  ProfileMatch              :         release-date: 08.10.2019
17:28:17 INFO  ProfileMatch              :     lib root package: "com.facebook.all"  (in app: "a1")
17:28:17 INFO  ProfileMatch              : 
17:28:17 INFO  ProfileMatch              :                 name: Facebook
17:28:17 INFO  ProfileMatch              :             category: SocialMedia
17:28:17 INFO  ProfileMatch              :              version: 5.9.0  [OLD VERSION]
17:28:17 INFO  ProfileMatch              :         release-date: 29.10.2019
17:28:17 INFO  ProfileMatch              :     lib root package: "com.facebook.all"  (in app: "a1")
17:28:17 INFO  ProfileMatch              : 
17:28:17 INFO  ProfileMatch              :                 name: Facebook
17:28:17 INFO  ProfileMatch              :             category: SocialMedia
17:28:17 INFO  ProfileMatch              :              version: 5.11.0  [OLD VERSION]
17:28:17 INFO  ProfileMatch              :         release-date: 15.11.2019
17:28:17 INFO  ProfileMatch              :     lib root package: "com.facebook.all"  (in app: "a1")
17:28:17 INFO  ProfileMatch              : 
17:28:17 INFO  ProfileMatch              :                 name: Facebook
17:28:17 INFO  ProfileMatch              :             category: SocialMedia
17:28:17 INFO  ProfileMatch              :              version: 5.11.1  [OLD VERSION]
17:28:17 INFO  ProfileMatch              :         release-date: 21.11.2019
17:28:17 INFO  ProfileMatch              :     lib root package: "com.facebook.all"  (in app: "a1")
17:28:17 INFO  ProfileMatch              : 
17:28:17 INFO  ProfileMatch              :                 name: Facebook
17:28:17 INFO  ProfileMatch              :             category: SocialMedia
17:28:17 INFO  ProfileMatch              :              version: 5.11.2  [OLD VERSION]
17:28:17 INFO  ProfileMatch              :         release-date: 22.11.2019
17:28:17 INFO  ProfileMatch              :     lib root package: "com.facebook.all"  (in app: "a1")
17:28:17 INFO  ProfileMatch              : 
17:28:17 INFO  ProfileMatch              :                 name: Facebook
17:28:17 INFO  ProfileMatch              :             category: SocialMedia
17:28:17 INFO  ProfileMatch              :              version: 5.12.0  [OLD VERSION]
17:28:17 INFO  ProfileMatch              :         release-date: 04.12.2019
17:28:17 INFO  ProfileMatch              :     lib root package: "com.facebook.all"  (in app: "a1")
17:28:17 INFO  ProfileMatch              : 
17:28:17 INFO  ProfileMatch              :                 name: Facebook
17:28:17 INFO  ProfileMatch              :             category: SocialMedia
17:28:17 INFO  ProfileMatch              :              version: 5.12.1  [OLD VERSION]
17:28:17 INFO  ProfileMatch              :         release-date: 09.12.2019
17:28:17 INFO  ProfileMatch              :     lib root package: "com.facebook.all"  (in app: "a1")
17:28:17 INFO  ProfileMatch              : 
17:28:17 INFO  ProfileMatch              :                 name: Facebook
17:28:17 INFO  ProfileMatch              :             category: SocialMedia
17:28:17 INFO  ProfileMatch              :              version: 5.13.0  [OLD VERSION]
17:28:17 INFO  ProfileMatch              :         release-date: 12.12.2019
17:28:17 INFO  ProfileMatch              :     lib root package: "com.facebook.all"  (in app: "a1")
17:28:17 INFO  ProfileMatch              : 
17:28:17 INFO  ProfileMatch              :                 name: Facebook
17:28:17 INFO  ProfileMatch              :             category: SocialMedia
17:28:17 INFO  ProfileMatch              :              version: 5.15.0  [OLD VERSION]
17:28:17 INFO  ProfileMatch              :         release-date: 21.01.2020
17:28:17 INFO  ProfileMatch              :     lib root package: "com.facebook.all"  (in app: "a1")
17:28:17 INFO  ProfileMatch              : 
17:28:17 INFO  ProfileMatch              :                 name: Facebook
17:28:17 INFO  ProfileMatch              :             category: SocialMedia
17:28:17 INFO  ProfileMatch              :              version: 5.15.1  [OLD VERSION]
17:28:17 INFO  ProfileMatch              :         release-date: 29.01.2020
17:28:17 INFO  ProfileMatch              :     lib root package: "com.facebook.all"  (in app: "a1")
17:28:17 INFO  ProfileMatch              : 
17:28:17 INFO  ProfileMatch              :                 name: Facebook
17:28:17 INFO  ProfileMatch              :             category: SocialMedia
17:28:17 INFO  ProfileMatch              :              version: 5.15.2  [OLD VERSION]
17:28:17 INFO  ProfileMatch              :         release-date: 03.02.2020
17:28:17 INFO  ProfileMatch              :     lib root package: "com.facebook.all"  (in app: "a1")
17:28:17 INFO  ProfileMatch              : 
17:28:17 INFO  ProfileMatch              :                 name: Facebook
17:28:17 INFO  ProfileMatch              :             category: SocialMedia
17:28:17 INFO  ProfileMatch              :              version: 5.15.3  [OLD VERSION]
17:28:17 INFO  ProfileMatch              :         release-date: 03.02.2020
17:28:17 INFO  ProfileMatch              :     lib root package: "com.facebook.all"  (in app: "a1")
17:28:17 INFO  ProfileMatch              : 
17:28:17 INFO  ProfileMatch              :                 name: Facebook
17:28:17 INFO  ProfileMatch              :             category: SocialMedia
17:28:17 INFO  ProfileMatch              :              version: 6.0.0  [OLD VERSION]
17:28:17 INFO  ProfileMatch              :         release-date: 03.02.2020
17:28:17 INFO  ProfileMatch              :     lib root package: "com.facebook.all"  (in app: "a1")
17:28:17 INFO  ProfileMatch              : 
17:28:17 INFO  ProfileMatch              :                 name: Facebook
17:28:17 INFO  ProfileMatch              :             category: SocialMedia
17:28:17 INFO  ProfileMatch              :              version: 6.1.0  [OLD VERSION]
17:28:17 INFO  ProfileMatch              :         release-date: 14.02.2020
17:28:17 INFO  ProfileMatch              :     lib root package: "com.facebook.all"  (in app: "a1")
17:28:17 INFO  ProfileMatch              : 
17:28:17 INFO  ProfileMatch              :                 name: Facebook
17:28:17 INFO  ProfileMatch              :             category: SocialMedia
17:28:17 INFO  ProfileMatch              :              version: 6.2.0  [OLD VERSION]
17:28:17 INFO  ProfileMatch              :         release-date: 09.03.2020
17:28:17 INFO  ProfileMatch              :     lib root package: "com.facebook.all"  (in app: "a1")
17:28:17 INFO  ProfileMatch              : 
17:28:17 INFO  ProfileMatch              :                 name: Facebook
17:28:17 INFO  ProfileMatch              :             category: SocialMedia
17:28:17 INFO  ProfileMatch              :              version: 6.3.0  [OLD VERSION]
17:28:17 INFO  ProfileMatch              :         release-date: 25.03.2020
17:28:17 INFO  ProfileMatch              :     lib root package: "com.facebook.all"  (in app: "a1")
17:28:17 INFO  ProfileMatch              : 
17:28:17 INFO  ProfileMatch              :                 name: Facebook
17:28:17 INFO  ProfileMatch              :             category: SocialMedia
17:28:17 INFO  ProfileMatch              :              version: 6.4.0  [OLD VERSION]
17:28:17 INFO  ProfileMatch              :         release-date: 15.04.2020
17:28:17 INFO  ProfileMatch              :     lib root package: "com.facebook.all"  (in app: "a1")
17:28:17 INFO  ProfileMatch              : 
17:28:17 INFO  ProfileMatch              :                 name: Facebook
17:28:17 INFO  ProfileMatch              :             category: SocialMedia
17:28:17 INFO  ProfileMatch              :              version: 6.5.0  [OLD VERSION]
17:28:17 INFO  ProfileMatch              :         release-date: 20.04.2020
17:28:17 INFO  ProfileMatch              :     lib root package: "com.facebook.all"  (in app: "a1")
17:28:17 INFO  ProfileMatch              : 
17:28:17 INFO  ProfileMatch              :                 name: Facebook
17:28:17 INFO  ProfileMatch              :             category: SocialMedia
17:28:17 INFO  ProfileMatch              :              version: 6.5.1  [OLD VERSION]
17:28:17 INFO  ProfileMatch              :         release-date: 23.04.2020
17:28:17 INFO  ProfileMatch              :     lib root package: "com.facebook.all"  (in app: "a1")
17:28:17 INFO  ProfileMatch              : 
17:28:17 INFO  ProfileMatch              :                 name: Facebook
17:28:17 INFO  ProfileMatch              :             category: SocialMedia
17:28:17 INFO  ProfileMatch              :              version: 7.0.0  [OLD VERSION]
17:28:17 INFO  ProfileMatch              :         release-date: 05.05.2020
17:28:17 INFO  ProfileMatch              :     lib root package: "com.facebook.all"  (in app: "a1")
17:28:17 INFO  ProfileMatch              : 
17:28:17 INFO  ProfileMatch              :                 name: Facebook
17:28:17 INFO  ProfileMatch              :             category: SocialMedia
17:28:17 INFO  ProfileMatch              :              version: 7.0.1  [OLD VERSION]
17:28:17 INFO  ProfileMatch              :         release-date: 09.06.2020
17:28:17 INFO  ProfileMatch              :     lib root package: "com.facebook.all"  (in app: "a1")
17:28:17 INFO  ProfileMatch              : 
17:28:17 INFO  ProfileMatch              :                 name: Facebook
17:28:17 INFO  ProfileMatch              :             category: SocialMedia
17:28:17 INFO  ProfileMatch              :              version: 7.1.0  [OLD VERSION]
17:28:17 INFO  ProfileMatch              :         release-date: 23.06.2020
17:28:17 INFO  ProfileMatch              :     lib root package: "com.facebook.all"  (in app: "a1")
17:28:17 INFO  ProfileMatch              : 
17:28:17 INFO  ProfileMatch              :                 name: Facebook
17:28:17 INFO  ProfileMatch              :             category: SocialMedia
17:28:17 INFO  ProfileMatch              :              version: 8.0.0  [OLD VERSION]
17:28:17 INFO  ProfileMatch              :         release-date: 28.09.2020
17:28:17 INFO  ProfileMatch              :     lib root package: "com.facebook.all"  (in app: "a1")
17:28:17 INFO  ProfileMatch              : 
17:28:17 INFO  ProfileMatch              :                 name: Facebook
17:28:17 INFO  ProfileMatch              :             category: SocialMedia
17:28:17 INFO  ProfileMatch              :              version: 8.1.0  [OLD VERSION]
17:28:17 INFO  ProfileMatch              :         release-date: 14.10.2020
17:28:17 INFO  ProfileMatch              :     lib root package: "com.facebook.all"  (in app: "a1")
17:28:17 INFO  ProfileMatch              : 
17:28:17 INFO  ProfileMatch              :                 name: Facebook
17:28:17 INFO  ProfileMatch              :             category: SocialMedia
17:28:17 INFO  ProfileMatch              :              version: 8.2.0  [OLD VERSION]
17:28:17 INFO  ProfileMatch              :         release-date: 18.12.2020
17:28:17 INFO  ProfileMatch              :     lib root package: "com.facebook.all"  (in app: "a1")
17:28:17 INFO  ProfileMatch              : 
17:28:17 INFO  ProfileMatch              :                 name: Facebook
17:28:17 INFO  ProfileMatch              :             category: SocialMedia
17:28:17 INFO  ProfileMatch              :              version: 9.0.0  [OLD VERSION]
17:28:17 INFO  ProfileMatch              :         release-date: 19.01.2021
17:28:17 INFO  ProfileMatch              :     lib root package: "com.facebook.all"  (in app: "a1")
17:28:17 INFO  ProfileMatch              : 
17:28:17 INFO  ProfileMatch              :                 name: Facebook
17:28:17 INFO  ProfileMatch              :             category: SocialMedia
17:28:17 INFO  ProfileMatch              :              version: 9.1.0  [OLD VERSION]
17:28:17 INFO  ProfileMatch              :         release-date: 15.03.2021
17:28:17 INFO  ProfileMatch              :     lib root package: "com.facebook.all"  (in app: "a1")
17:28:17 INFO  ProfileMatch              : 
17:28:17 INFO  ProfileMatch              :                 name: Facebook
17:28:17 INFO  ProfileMatch              :             category: SocialMedia
17:28:17 INFO  ProfileMatch              :              version: 9.1.1  [OLD VERSION]
17:28:17 INFO  ProfileMatch              :         release-date: 12.04.2021
17:28:17 INFO  ProfileMatch              :     lib root package: "com.facebook.all"  (in app: "a1")
17:28:17 INFO  ProfileMatch              : 
17:28:17 INFO  ProfileMatch              :                 name: Facebook
17:28:17 INFO  ProfileMatch              :             category: SocialMedia
17:28:17 INFO  ProfileMatch              :              version: 11.0.0  [OLD VERSION]
17:28:17 INFO  ProfileMatch              :         release-date: 08.06.2021
17:28:17 INFO  ProfileMatch              :     lib root package: "com.facebook.all"  (in app: "a1")
17:28:17 INFO  ProfileMatch              : 
17:28:17 INFO  ProfileMatch              :                 name: Facebook
17:28:17 INFO  ProfileMatch              :             category: SocialMedia
17:28:17 INFO  ProfileMatch              :              version: 11.1.0  [OLD VERSION]
17:28:17 INFO  ProfileMatch              :         release-date: 06.07.2021
17:28:17 INFO  ProfileMatch              :     lib root package: "com.facebook.all"  (in app: "a1")
17:28:17 INFO  ProfileMatch              : 
17:28:17 INFO  ProfileMatch              :                 name: Facebook
17:28:17 INFO  ProfileMatch              :             category: SocialMedia
17:28:17 INFO  ProfileMatch              :              version: 11.1.1  [OLD VERSION]
17:28:17 INFO  ProfileMatch              :         release-date: 19.07.2021
17:28:17 INFO  ProfileMatch              :     lib root package: "com.facebook.all"  (in app: "a1")
17:28:17 INFO  ProfileMatch              : 
17:28:17 INFO  ProfileMatch              :                 name: Facebook
17:28:17 INFO  ProfileMatch              :             category: SocialMedia
17:28:17 INFO  ProfileMatch              :              version: 11.2.0  [OLD VERSION]
17:28:17 INFO  ProfileMatch              :         release-date: 03.08.2021
17:28:17 INFO  ProfileMatch              :     lib root package: "com.facebook.all"  (in app: "a1")
17:28:17 INFO  ProfileMatch              : 
17:28:17 INFO  ProfileMatch              :                 name: Facebook
17:28:17 INFO  ProfileMatch              :             category: SocialMedia
17:28:17 INFO  ProfileMatch              :              version: 11.3.0  [OLD VERSION]
17:28:17 INFO  ProfileMatch              :         release-date: 07.09.2021
17:28:17 INFO  ProfileMatch              :     lib root package: "com.facebook.all"  (in app: "a1")
17:28:17 INFO  ProfileMatch              : 
17:28:17 INFO  ProfileMatch              :                 name: Facebook
17:28:17 INFO  ProfileMatch              :             category: SocialMedia
17:28:17 INFO  ProfileMatch              :              version: 12.0.0  [OLD VERSION]
17:28:17 INFO  ProfileMatch              :         release-date: 05.10.2021
17:28:17 INFO  ProfileMatch              :     lib root package: "com.facebook.all"  (in app: "a1")
17:28:17 INFO  ProfileMatch              : 
17:28:17 INFO  ProfileMatch              :                 name: Facebook
17:28:17 INFO  ProfileMatch              :             category: SocialMedia
17:28:17 INFO  ProfileMatch              :              version: 12.0.1  [OLD VERSION]
17:28:17 INFO  ProfileMatch              :         release-date: 13.10.2021
17:28:17 INFO  ProfileMatch              :     lib root package: "com.facebook.all"  (in app: "a1")
17:28:17 INFO  ProfileMatch              : 
17:28:17 INFO  ProfileMatch              :                 name: Facebook
17:28:17 INFO  ProfileMatch              :             category: SocialMedia
17:28:17 INFO  ProfileMatch              :              version: 12.1.0  [OLD VERSION]
17:28:17 INFO  ProfileMatch              :         release-date: 01.11.2021
17:28:17 INFO  ProfileMatch              :     lib root package: "com.facebook.all"  (in app: "a1")
17:28:17 INFO  ProfileMatch              : 
17:28:17 INFO  ProfileMatch              :                 name: Facebook
17:28:17 INFO  ProfileMatch              :             category: SocialMedia
17:28:17 INFO  ProfileMatch              :              version: 12.2.0  [OLD VERSION]
17:28:17 INFO  ProfileMatch              :         release-date: 06.12.2021
17:28:17 INFO  ProfileMatch              :     lib root package: "com.facebook.all"  (in app: "a1")
17:28:17 INFO  ProfileMatch              : 
17:28:17 INFO  ProfileMatch              :                 name: Facebook
17:28:17 INFO  ProfileMatch              :             category: SocialMedia
17:28:17 INFO  ProfileMatch              :              version: 12.3.0  [OLD VERSION]
17:28:17 INFO  ProfileMatch              :         release-date: 10.01.2022
17:28:17 INFO  ProfileMatch              :     lib root package: "com.facebook.all"  (in app: "a1")
17:28:17 INFO  ProfileMatch              : 
17:28:17 INFO  ProfileMatch              :                 name: Facebook
17:28:17 INFO  ProfileMatch              :             category: SocialMedia
17:28:17 INFO  ProfileMatch              :              version: 13.0.0  [OLD VERSION]
17:28:17 INFO  ProfileMatch              :         release-date: 23.02.2022
17:28:17 INFO  ProfileMatch              :     lib root package: "com.facebook.all"  (in app: "a1")
17:28:17 INFO  ProfileMatch              : 
17:28:17 INFO  ProfileMatch              :                 name: Facebook
17:28:17 INFO  ProfileMatch              :             category: SocialMedia
17:28:17 INFO  ProfileMatch              :              version: 13.1.0  [OLD VERSION]
17:28:17 INFO  ProfileMatch              :         release-date: 21.03.2022
17:28:17 INFO  ProfileMatch              :     lib root package: "com.facebook.all"  (in app: "a1")
17:28:17 INFO  ProfileMatch              : 
17:28:17 INFO  ProfileMatch              :                 name: Facebook
17:28:17 INFO  ProfileMatch              :             category: SocialMedia
17:28:17 INFO  ProfileMatch              :              version: 13.2.0  [OLD VERSION]
17:28:17 INFO  ProfileMatch              :         release-date: 22.04.2022
17:28:17 INFO  ProfileMatch              :     lib root package: "com.facebook.all"  (in app: "a1")
17:28:17 INFO  ProfileMatch              : 
17:28:17 INFO  ProfileMatch              :                 name: Facebook
17:28:17 INFO  ProfileMatch              :             category: SocialMedia
17:28:17 INFO  ProfileMatch              :              version: 14.0.0
17:28:17 INFO  ProfileMatch              :         release-date: 14.06.2022
17:28:17 INFO  ProfileMatch              :     lib root package: "com.facebook.all"  (in app: "a1")
17:28:17 INFO  ProfileMatch              : 
17:28:17 INFO  LibraryIdentifier         : 
17:28:17 INFO  LibraryIdentifier         : - Partial library matches:
17:28:17 INFO  LibraryIdentifier         : 
17:28:17 INFO  LibraryIdentifier         : App processing time: 1 min, 33 sec, 648 ms
