17:15:38 INFO  LibraryIdentifier         : Process app: ivl.android.moneybalance_6.apk
17:15:38 INFO  LibraryIdentifier         : = Manifest Parser =
17:15:38 INFO  LibraryIdentifier         :         Package name: ivl.android.moneybalance
17:15:38 INFO  LibraryIdentifier         :         Version code: 6
17:15:38 INFO  LibraryIdentifier         :        minSdkVersion: 8
17:15:38 INFO  LibraryIdentifier         :     targetSdkVersion: 23
17:15:38 INFO  LibraryIdentifier         :         SharedUserId:  - none -
17:15:38 INFO  LibraryIdentifier         :     Library dependencies:  - none -
17:15:38 INFO  LibraryIdentifier         : 
17:15:38 INFO  LibraryIdentifier         : Found 402 unique libraries in 12405 library profiles
17:15:38 INFO  LibraryIdentifier         : Generated class hierarchy (in 544 ms)
17:15:38 INFO  WalaUtils                 : 
17:15:38 INFO  WalaUtils                 : = ClassHierarchy Stats =
17:15:38 INFO  WalaUtils                 :     # of classes: 725
17:15:38 INFO  WalaUtils                 :     # thereof inner classes: 457
17:15:38 INFO  WalaUtils                 :     # thereof public classes: 235
17:15:38 INFO  WalaUtils                 :         Activity : 8
17:15:38 INFO  WalaUtils                 :         Application : 0
17:15:38 INFO  WalaUtils                 :         AsyncTask : 2
17:15:38 INFO  WalaUtils                 :         BroadcastReceiver : 2
17:15:38 INFO  WalaUtils                 :         ContentProvider : 1
17:15:38 INFO  WalaUtils                 :         Fragment : 6
17:15:38 INFO  WalaUtils                 :         Handler : 4
17:15:38 INFO  WalaUtils                 :         LayoutContainer : 28
17:15:38 INFO  WalaUtils                 :         Plain : 668
17:15:38 INFO  WalaUtils                 :         Runnable : 0
17:15:38 INFO  WalaUtils                 :         Service : 0
17:15:38 INFO  WalaUtils                 :         Thread : 0
17:15:38 INFO  WalaUtils                 :         View : 6
17:15:38 INFO  WalaUtils                 :     # methods: 6026
17:15:38 INFO  WalaUtils                 :         # of publicly accessible methods: 4641
17:15:38 INFO  WalaUtils                 :         # of non-accessible methods: 1385
17:15:38 INFO  WalaUtils                 : 
17:15:38 INFO  Profile                   : = PackageTree =
17:15:38 INFO  PackageTree               : Root Package: android.support
17:15:38 INFO  PackageTree               : └── Root
17:15:38 INFO  PackageTree               :     ├── android
17:15:38 INFO  PackageTree               :     │   └── support
17:15:38 INFO  PackageTree               :     │       ├── v7
17:15:38 INFO  PackageTree               :     │       │   ├── app (27)
17:15:38 INFO  PackageTree               :     │       │   ├── internal
17:15:38 INFO  PackageTree               :     │       │   │   ├── widget (69)
17:15:38 INFO  PackageTree               :     │       │   │   └── view (6)
17:15:38 INFO  PackageTree               :     │       │   │       └── menu (45)
17:15:38 INFO  PackageTree               :     │       │   ├── widget (27)
17:15:38 INFO  PackageTree               :     │       │   └── view (3)
17:15:38 INFO  PackageTree               :     │       └── v4
17:15:38 INFO  PackageTree               :     │           ├── view (129)
17:15:38 INFO  PackageTree               :     │           │   └── accessibility (47)
17:15:38 INFO  PackageTree               :     │           ├── content (34)
17:15:38 INFO  PackageTree               :     │           │   └── pm (1)
17:15:38 INFO  PackageTree               :     │           ├── media (12)
17:15:38 INFO  PackageTree               :     │           ├── app (99)
17:15:38 INFO  PackageTree               :     │           ├── text (17)
17:15:38 INFO  PackageTree               :     │           ├── widget (82)
17:15:38 INFO  PackageTree               :     │           ├── print (9)
17:15:38 INFO  PackageTree               :     │           ├── util (17)
17:15:38 INFO  PackageTree               :     │           ├── graphics
17:15:38 INFO  PackageTree               :     │           │   └── drawable (7)
17:15:38 INFO  PackageTree               :     │           ├── net (16)
17:15:38 INFO  PackageTree               :     │           ├── os (7)
17:15:38 INFO  PackageTree               :     │           ├── hardware
17:15:38 INFO  PackageTree               :     │           │   └── display (4)
17:15:38 INFO  PackageTree               :     │           ├── internal
17:15:38 INFO  PackageTree               :     │           │   └── view (3)
17:15:38 INFO  PackageTree               :     │           ├── accessibilityservice (7)
17:15:38 INFO  PackageTree               :     │           └── database (1)
17:15:38 INFO  PackageTree               :     └── ivl
17:15:38 INFO  PackageTree               :         └── android
17:15:38 INFO  PackageTree               :             └── moneybalance (44)
17:15:38 INFO  PackageTree               :                 ├── dao (6)
17:15:38 INFO  PackageTree               :                 ├── data (5)
17:15:38 INFO  PackageTree               :                 └── filter (1)
17:15:38 INFO  Profile                   : 
17:15:38 INFO  AppProfile                : - generated app package tree (in 25 ms)
17:15:38 INFO  AppProfile                : 
17:15:38 DEBUG HashTree                  : Generate hash tree..
17:15:38 DEBUG HashTree                  :     - generated 27 package hashes.
17:15:38 DEBUG HashTree                  :     - generated 722 clazz hashes.
17:15:38 DEBUG HashTree                  :     - generated 6026 method hashes.
17:15:38 DEBUG HashTree                  :     => Library Hash: af0fa2f38388747524d28d277dcfd69f
17:15:38 INFO  AppProfile                : - generated app hash trees (in 129 ms)
17:15:38 INFO  AppProfile                : 
17:15:38 INFO  LibraryIdentifier         : = Scan for library root packages (heuristic) =
17:15:38 INFO  LibraryIdentifier         :     - Found lib root package android.support.v4.media  (androidx.media::media)
17:15:38 INFO  LibraryIdentifier         :     - Found lib root package android.support.v7  (com.android.support::appcompat-v7)
17:15:38 INFO  LibraryIdentifier         :     - Found lib root package android.support.v4.view  (com.android.support::asynclayoutinflater)
17:15:38 INFO  LibraryIdentifier         :     - Found lib root package android.support.v7.widget  (com.android.support::cardview-v7)
17:15:38 INFO  LibraryIdentifier         :     - Found lib root package android.support.v4.util  (com.android.support::collections)
17:15:38 INFO  LibraryIdentifier         :     - Found lib root package android.support.v4.widget  (com.android.support::cursoradapter)
17:15:38 INFO  LibraryIdentifier         :     - Found lib root package android.support.v4  (com.android.support::customview)
17:15:38 INFO  LibraryIdentifier         :     - Found lib root package android.support.v4.widget  (com.android.support::drawerlayout)
17:15:38 INFO  LibraryIdentifier         :     - Found lib root package android.support.v7.widget  (com.android.support::gridlayout-v7)
17:15:38 INFO  LibraryIdentifier         :     - Found lib root package android.support.v4  (com.android.support::loader)
17:15:38 INFO  LibraryIdentifier         :     - Found lib root package android.support.v4.content  (com.android.support::localbroadcastmanager)
17:15:38 INFO  LibraryIdentifier         :     - Found lib root package android.support.v7  (com.android.support::mediarouter-v7)
17:15:38 INFO  LibraryIdentifier         :     - Found lib root package android.support.v7  (com.android.support::preference-v7)
17:15:38 INFO  LibraryIdentifier         :     - Found lib root package android.support.v4.print  (com.android.support::print)
17:15:38 INFO  LibraryIdentifier         :     - Found lib root package android.support.v7.widget  (com.android.support::recyclerview-v7)
17:15:38 INFO  LibraryIdentifier         :     - Found lib root package android.support.v4.widget  (com.android.support::slidingpanelayout)
17:15:38 INFO  LibraryIdentifier         :     - Found lib root package android.support.v4  (com.android.support::support-compat)
17:15:38 INFO  LibraryIdentifier         :     - Found lib root package android.support.v4  (com.android.support::support-core-ui)
17:15:38 INFO  LibraryIdentifier         :     - Found lib root package android.support.v4  (com.android.support::support-core-utils)
17:15:38 INFO  LibraryIdentifier         :     - Found lib root package android.support.v4.app  (com.android.support::support-fragment)
17:15:38 INFO  LibraryIdentifier         :     - Found lib root package android.support.v4.media  (com.android.support::support-media-compat)
17:15:38 INFO  LibraryIdentifier         :     - Found lib root package android.support.v4  (com.android.support::support-v4)
17:15:38 INFO  LibraryIdentifier         :     - Found lib root package android.support.v4.widget  (com.android.support::swiperefreshlayout)
17:15:38 INFO  LibraryIdentifier         :     - Found lib root package android.support.v4.view  (com.android.support::viewpager)
17:15:39 INFO  LibraryIdentifier         : 
17:15:39 INFO  LibraryIdentifier         : = Match profiles =
17:15:45 INFO  LibraryIdentifier         :     >> profile matching done (6 sec, 629 ms)
17:15:45 INFO  LibraryIdentifier         : 
17:15:45 INFO  LibraryIdentifier         : == Report ==
17:15:45 INFO  LibraryIdentifier         : - Full library matches:
17:15:45 INFO  ProfileMatch              :                 name: com.android.support::localbroadcastmanager
17:15:45 INFO  ProfileMatch              :             category: Android
17:15:45 INFO  ProfileMatch              :              version: 28.0.0
17:15:45 INFO  ProfileMatch              :         release-date:  --
17:15:45 INFO  ProfileMatch              :     lib root package: "android.support.v4.content"
17:15:45 INFO  ProfileMatch              : 
17:15:45 INFO  ProfileMatch              :                 name: com.android.support::appcompat-v7
17:15:45 INFO  ProfileMatch              :             category: Android
17:15:45 INFO  ProfileMatch              :              version: 19.0.0  [OLD VERSION]
17:15:45 INFO  ProfileMatch              :         release-date:  --
17:15:45 INFO  ProfileMatch              :     lib root package: "android.support.v7"
17:15:45 INFO  ProfileMatch              : 
17:15:45 INFO  ProfileMatch              :                 name: com.android.support::appcompat-v7
17:15:45 INFO  ProfileMatch              :             category: Android
17:15:45 INFO  ProfileMatch              :              version: 19.0.1  [OLD VERSION]
17:15:45 INFO  ProfileMatch              :         release-date:  --
17:15:45 INFO  ProfileMatch              :     lib root package: "android.support.v7"
17:15:45 INFO  ProfileMatch              : 
17:15:45 INFO  ProfileMatch              :                 name: com.android.support::support-core-utils
17:15:45 INFO  ProfileMatch              :             category: Android
17:15:45 INFO  ProfileMatch              :              version: 28.0.0
17:15:45 INFO  ProfileMatch              :         release-date:  --
17:15:45 INFO  ProfileMatch              :     lib root package: "android.support.v4.content"
17:15:45 INFO  ProfileMatch              : 
17:15:45 INFO  ProfileMatch              :                 name: com.google.firebase::firebase-ml-vision-image-label-model
17:15:45 INFO  ProfileMatch              :             category: Android
17:15:45 INFO  ProfileMatch              :              version: 20.0.0  [OLD VERSION]
17:15:45 INFO  ProfileMatch              :         release-date:  --
17:15:45 INFO  ProfileMatch              :     lib root package: "com.google.firebase.ml.vision.imagelabel"  (in app: "android.support.v4.content.pm")
17:15:45 INFO  ProfileMatch              : 
17:15:45 INFO  ProfileMatch              :                 name: com.google.firebase::firebase-ml-vision-image-label-model
17:15:45 INFO  ProfileMatch              :             category: Android
17:15:45 INFO  ProfileMatch              :              version: 20.0.1  [OLD VERSION]
17:15:45 INFO  ProfileMatch              :         release-date:  --
17:15:45 INFO  ProfileMatch              :     lib root package: "com.google.firebase.ml.vision.imagelabel"  (in app: "android.support.v4.content.pm")
17:15:45 INFO  ProfileMatch              : 
17:15:45 INFO  ProfileMatch              :                 name: com.google.firebase::firebase-ml-vision-image-label-model
17:15:45 INFO  ProfileMatch              :             category: Android
17:15:45 INFO  ProfileMatch              :              version: 20.0.2
17:15:45 INFO  ProfileMatch              :         release-date:  --
17:15:45 INFO  ProfileMatch              :     lib root package: "com.google.firebase.ml.vision.imagelabel"  (in app: "android.support.v4.content.pm")
17:15:45 INFO  ProfileMatch              : 
17:15:45 INFO  ProfileMatch              :                 name: Facebook
17:15:45 INFO  ProfileMatch              :             category: SocialMedia
17:15:45 INFO  ProfileMatch              :              version: 4.27.0  [OLD VERSION]
17:15:45 INFO  ProfileMatch              :         release-date: 26.09.2017
17:15:45 INFO  ProfileMatch              :     lib root package: "com.facebook.all"  (in app: "android.support.v4.content.pm")
17:15:45 INFO  ProfileMatch              : 
17:15:45 INFO  ProfileMatch              :                 name: Facebook
17:15:45 INFO  ProfileMatch              :             category: SocialMedia
17:15:45 INFO  ProfileMatch              :              version: 4.28.0  [OLD VERSION]
17:15:45 INFO  ProfileMatch              :         release-date: 07.11.2017
17:15:45 INFO  ProfileMatch              :     lib root package: "com.facebook.all"  (in app: "android.support.v4.content.pm")
17:15:45 INFO  ProfileMatch              : 
17:15:45 INFO  ProfileMatch              :                 name: Facebook
17:15:45 INFO  ProfileMatch              :             category: SocialMedia
17:15:45 INFO  ProfileMatch              :              version: 4.29.0  [OLD VERSION]
17:15:45 INFO  ProfileMatch              :         release-date: 05.12.2017
17:15:45 INFO  ProfileMatch              :     lib root package: "com.facebook.all"  (in app: "android.support.v4.content.pm")
17:15:45 INFO  ProfileMatch              : 
17:15:45 INFO  ProfileMatch              :                 name: Facebook
17:15:45 INFO  ProfileMatch              :             category: SocialMedia
17:15:45 INFO  ProfileMatch              :              version: 4.30.0  [OLD VERSION]
17:15:45 INFO  ProfileMatch              :         release-date: 24.01.2018
17:15:45 INFO  ProfileMatch              :     lib root package: "com.facebook.all"  (in app: "android.support.v4.content.pm")
17:15:45 INFO  ProfileMatch              : 
17:15:45 INFO  ProfileMatch              :                 name: Facebook
17:15:45 INFO  ProfileMatch              :             category: SocialMedia
17:15:45 INFO  ProfileMatch              :              version: 4.31.0  [OLD VERSION]
17:15:45 INFO  ProfileMatch              :         release-date: 28.02.2018
17:15:45 INFO  ProfileMatch              :     lib root package: "com.facebook.all"  (in app: "android.support.v4.content.pm")
17:15:45 INFO  ProfileMatch              : 
17:15:45 INFO  ProfileMatch              :                 name: Facebook
17:15:45 INFO  ProfileMatch              :             category: SocialMedia
17:15:45 INFO  ProfileMatch              :              version: 4.32.0  [OLD VERSION]
17:15:45 INFO  ProfileMatch              :         release-date: 11.04.2018
17:15:45 INFO  ProfileMatch              :     lib root package: "com.facebook.all"  (in app: "android.support.v4.content.pm")
17:15:45 INFO  ProfileMatch              : 
17:15:45 INFO  ProfileMatch              :                 name: Facebook
17:15:45 INFO  ProfileMatch              :             category: SocialMedia
17:15:45 INFO  ProfileMatch              :              version: 4.33.0  [OLD VERSION]
17:15:45 INFO  ProfileMatch              :         release-date: 01.05.2018
17:15:45 INFO  ProfileMatch              :     lib root package: "com.facebook.all"  (in app: "android.support.v4.content.pm")
17:15:45 INFO  ProfileMatch              : 
17:15:45 INFO  ProfileMatch              :                 name: Facebook
17:15:45 INFO  ProfileMatch              :             category: SocialMedia
17:15:45 INFO  ProfileMatch              :              version: 4.34.0  [OLD VERSION]
17:15:45 INFO  ProfileMatch              :         release-date: 19.06.2018
17:15:45 INFO  ProfileMatch              :     lib root package: "com.facebook.all"  (in app: "android.support.v4.content.pm")
17:15:45 INFO  ProfileMatch              : 
17:15:45 INFO  ProfileMatch              :                 name: Facebook
17:15:45 INFO  ProfileMatch              :             category: SocialMedia
17:15:45 INFO  ProfileMatch              :              version: 4.35.0  [OLD VERSION]
17:15:45 INFO  ProfileMatch              :         release-date: 26.07.2018
17:15:45 INFO  ProfileMatch              :     lib root package: "com.facebook.all"  (in app: "android.support.v4.content.pm")
17:15:45 INFO  ProfileMatch              : 
17:15:45 INFO  ProfileMatch              :                 name: Facebook
17:15:45 INFO  ProfileMatch              :             category: SocialMedia
17:15:45 INFO  ProfileMatch              :              version: 4.36.0  [OLD VERSION]
17:15:45 INFO  ProfileMatch              :         release-date: 29.08.2018
17:15:45 INFO  ProfileMatch              :     lib root package: "com.facebook.all"  (in app: "android.support.v4.content.pm")
17:15:45 INFO  ProfileMatch              : 
17:15:45 INFO  ProfileMatch              :                 name: Facebook
17:15:45 INFO  ProfileMatch              :             category: SocialMedia
17:15:45 INFO  ProfileMatch              :              version: 4.36.1  [OLD VERSION]
17:15:45 INFO  ProfileMatch              :         release-date: 15.09.2018
17:15:45 INFO  ProfileMatch              :     lib root package: "com.facebook.all"  (in app: "android.support.v4.content.pm")
17:15:45 INFO  ProfileMatch              : 
17:15:45 INFO  ProfileMatch              :                 name: Facebook
17:15:45 INFO  ProfileMatch              :             category: SocialMedia
17:15:45 INFO  ProfileMatch              :              version: 4.37.0  [OLD VERSION]
17:15:45 INFO  ProfileMatch              :         release-date: 27.09.2018
17:15:45 INFO  ProfileMatch              :     lib root package: "com.facebook.all"  (in app: "android.support.v4.content.pm")
17:15:45 INFO  ProfileMatch              : 
17:15:45 INFO  ProfileMatch              :                 name: Facebook
17:15:45 INFO  ProfileMatch              :             category: SocialMedia
17:15:45 INFO  ProfileMatch              :              version: 4.38.0  [OLD VERSION]
17:15:45 INFO  ProfileMatch              :         release-date: 23.10.2018
17:15:45 INFO  ProfileMatch              :     lib root package: "com.facebook.all"  (in app: "android.support.v4.content.pm")
17:15:45 INFO  ProfileMatch              : 
17:15:45 INFO  ProfileMatch              :                 name: Facebook
17:15:45 INFO  ProfileMatch              :             category: SocialMedia
17:15:45 INFO  ProfileMatch              :              version: 4.38.1  [OLD VERSION]
17:15:45 INFO  ProfileMatch              :         release-date: 31.10.2018
17:15:45 INFO  ProfileMatch              :     lib root package: "com.facebook.all"  (in app: "android.support.v4.content.pm")
17:15:45 INFO  ProfileMatch              : 
17:15:45 INFO  ProfileMatch              :                 name: Facebook
17:15:45 INFO  ProfileMatch              :             category: SocialMedia
17:15:45 INFO  ProfileMatch              :              version: 4.39.0  [OLD VERSION]
17:15:45 INFO  ProfileMatch              :         release-date: 05.12.2018
17:15:45 INFO  ProfileMatch              :     lib root package: "com.facebook.all"  (in app: "android.support.v4.content.pm")
17:15:45 INFO  ProfileMatch              : 
17:15:45 INFO  ProfileMatch              :                 name: Facebook
17:15:45 INFO  ProfileMatch              :             category: SocialMedia
17:15:45 INFO  ProfileMatch              :              version: 4.40.0  [OLD VERSION]
17:15:45 INFO  ProfileMatch              :         release-date: 22.01.2019
17:15:45 INFO  ProfileMatch              :     lib root package: "com.facebook.all"  (in app: "android.support.v4.content.pm")
17:15:45 INFO  ProfileMatch              : 
17:15:45 INFO  ProfileMatch              :                 name: Facebook
17:15:45 INFO  ProfileMatch              :             category: SocialMedia
17:15:45 INFO  ProfileMatch              :              version: 4.41.0  [OLD VERSION]
17:15:45 INFO  ProfileMatch              :         release-date: 08.03.2019
17:15:45 INFO  ProfileMatch              :     lib root package: "com.facebook.all"  (in app: "android.support.v4.content.pm")
17:15:45 INFO  ProfileMatch              : 
17:15:45 INFO  ProfileMatch              :                 name: Facebook
17:15:45 INFO  ProfileMatch              :             category: SocialMedia
17:15:45 INFO  ProfileMatch              :              version: 4.42.0  [OLD VERSION]
17:15:45 INFO  ProfileMatch              :         release-date: 08.04.2019
17:15:45 INFO  ProfileMatch              :     lib root package: "com.facebook.all"  (in app: "android.support.v4.content.pm")
17:15:45 INFO  ProfileMatch              : 
17:15:45 INFO  ProfileMatch              :                 name: Facebook
17:15:45 INFO  ProfileMatch              :             category: SocialMedia
17:15:45 INFO  ProfileMatch              :              version: 5.0.0  [OLD VERSION]
17:15:45 INFO  ProfileMatch              :         release-date: 30.04.2019
17:15:45 INFO  ProfileMatch              :     lib root package: "com.facebook.all"  (in app: "android.support.v4.content.pm")
17:15:45 INFO  ProfileMatch              : 
17:15:45 INFO  ProfileMatch              :                 name: Facebook
17:15:45 INFO  ProfileMatch              :             category: SocialMedia
17:15:45 INFO  ProfileMatch              :              version: 5.0.1  [OLD VERSION]
17:15:45 INFO  ProfileMatch              :         release-date: 17.05.2019
17:15:45 INFO  ProfileMatch              :     lib root package: "com.facebook.all"  (in app: "android.support.v4.content.pm")
17:15:45 INFO  ProfileMatch              : 
17:15:45 INFO  ProfileMatch              :                 name: Facebook
17:15:45 INFO  ProfileMatch              :             category: SocialMedia
17:15:45 INFO  ProfileMatch              :              version: 5.0.2  [OLD VERSION]
17:15:45 INFO  ProfileMatch              :         release-date: 09.06.2019
17:15:45 INFO  ProfileMatch              :     lib root package: "com.facebook.all"  (in app: "android.support.v4.content.pm")
17:15:45 INFO  ProfileMatch              : 
17:15:45 INFO  ProfileMatch              :                 name: Facebook
17:15:45 INFO  ProfileMatch              :             category: SocialMedia
17:15:45 INFO  ProfileMatch              :              version: 5.0.3  [OLD VERSION]
17:15:45 INFO  ProfileMatch              :         release-date: 14.06.2019
17:15:45 INFO  ProfileMatch              :     lib root package: "com.facebook.all"  (in app: "android.support.v4.content.pm")
17:15:45 INFO  ProfileMatch              : 
17:15:45 INFO  ProfileMatch              :                 name: Facebook
17:15:45 INFO  ProfileMatch              :             category: SocialMedia
17:15:45 INFO  ProfileMatch              :              version: 5.1.0  [OLD VERSION]
17:15:45 INFO  ProfileMatch              :         release-date: 21.06.2019
17:15:45 INFO  ProfileMatch              :     lib root package: "com.facebook.all"  (in app: "android.support.v4.content.pm")
17:15:45 INFO  ProfileMatch              : 
17:15:45 INFO  ProfileMatch              :                 name: Facebook
17:15:45 INFO  ProfileMatch              :             category: SocialMedia
17:15:45 INFO  ProfileMatch              :              version: 5.1.1  [OLD VERSION]
17:15:45 INFO  ProfileMatch              :         release-date: 02.07.2019
17:15:45 INFO  ProfileMatch              :     lib root package: "com.facebook.all"  (in app: "android.support.v4.content.pm")
17:15:45 INFO  ProfileMatch              : 
17:15:45 INFO  ProfileMatch              :                 name: Facebook
17:15:45 INFO  ProfileMatch              :             category: SocialMedia
17:15:45 INFO  ProfileMatch              :              version: 5.2.0  [OLD VERSION]
17:15:45 INFO  ProfileMatch              :         release-date: 29.07.2019
17:15:45 INFO  ProfileMatch              :     lib root package: "com.facebook.all"  (in app: "android.support.v4.content.pm")
17:15:45 INFO  ProfileMatch              : 
17:15:45 INFO  ProfileMatch              :                 name: Facebook
17:15:45 INFO  ProfileMatch              :             category: SocialMedia
17:15:45 INFO  ProfileMatch              :              version: 5.4.0  [OLD VERSION]
17:15:45 INFO  ProfileMatch              :         release-date: 16.08.2019
17:15:45 INFO  ProfileMatch              :     lib root package: "com.facebook.all"  (in app: "android.support.v4.content.pm")
17:15:45 INFO  ProfileMatch              : 
17:15:45 INFO  ProfileMatch              :                 name: Facebook
17:15:45 INFO  ProfileMatch              :             category: SocialMedia
17:15:45 INFO  ProfileMatch              :              version: 5.5.0  [OLD VERSION]
17:15:45 INFO  ProfileMatch              :         release-date: 31.08.2019
17:15:45 INFO  ProfileMatch              :     lib root package: "com.facebook.all"  (in app: "android.support.v4.content.pm")
17:15:45 INFO  ProfileMatch              : 
17:15:45 INFO  ProfileMatch              :                 name: Facebook
17:15:45 INFO  ProfileMatch              :             category: SocialMedia
17:15:45 INFO  ProfileMatch              :              version: 5.5.1  [OLD VERSION]
17:15:45 INFO  ProfileMatch              :         release-date: 06.09.2019
17:15:45 INFO  ProfileMatch              :     lib root package: "com.facebook.all"  (in app: "android.support.v4.content.pm")
17:15:45 INFO  ProfileMatch              : 
17:15:45 INFO  ProfileMatch              :                 name: Facebook
17:15:45 INFO  ProfileMatch              :             category: SocialMedia
17:15:45 INFO  ProfileMatch              :              version: 5.5.2  [OLD VERSION]
17:15:45 INFO  ProfileMatch              :         release-date: 05.10.2019
17:15:45 INFO  ProfileMatch              :     lib root package: "com.facebook.all"  (in app: "android.support.v4.content.pm")
17:15:45 INFO  ProfileMatch              : 
17:15:45 INFO  ProfileMatch              :                 name: Facebook
17:15:45 INFO  ProfileMatch              :             category: SocialMedia
17:15:45 INFO  ProfileMatch              :              version: 5.8.0  [OLD VERSION]
17:15:45 INFO  ProfileMatch              :         release-date: 08.10.2019
17:15:45 INFO  ProfileMatch              :     lib root package: "com.facebook.all"  (in app: "android.support.v4.content.pm")
17:15:45 INFO  ProfileMatch              : 
17:15:45 INFO  ProfileMatch              :                 name: Facebook
17:15:45 INFO  ProfileMatch              :             category: SocialMedia
17:15:45 INFO  ProfileMatch              :              version: 5.9.0  [OLD VERSION]
17:15:45 INFO  ProfileMatch              :         release-date: 29.10.2019
17:15:45 INFO  ProfileMatch              :     lib root package: "com.facebook.all"  (in app: "android.support.v4.content.pm")
17:15:45 INFO  ProfileMatch              : 
17:15:45 INFO  ProfileMatch              :                 name: Facebook
17:15:45 INFO  ProfileMatch              :             category: SocialMedia
17:15:45 INFO  ProfileMatch              :              version: 5.11.0  [OLD VERSION]
17:15:45 INFO  ProfileMatch              :         release-date: 15.11.2019
17:15:45 INFO  ProfileMatch              :     lib root package: "com.facebook.all"  (in app: "android.support.v4.content.pm")
17:15:45 INFO  ProfileMatch              : 
17:15:45 INFO  ProfileMatch              :                 name: Facebook
17:15:45 INFO  ProfileMatch              :             category: SocialMedia
17:15:45 INFO  ProfileMatch              :              version: 5.11.1  [OLD VERSION]
17:15:45 INFO  ProfileMatch              :         release-date: 21.11.2019
17:15:45 INFO  ProfileMatch              :     lib root package: "com.facebook.all"  (in app: "android.support.v4.content.pm")
17:15:45 INFO  ProfileMatch              : 
17:15:45 INFO  ProfileMatch              :                 name: Facebook
17:15:45 INFO  ProfileMatch              :             category: SocialMedia
17:15:45 INFO  ProfileMatch              :              version: 5.11.2  [OLD VERSION]
17:15:45 INFO  ProfileMatch              :         release-date: 22.11.2019
17:15:45 INFO  ProfileMatch              :     lib root package: "com.facebook.all"  (in app: "android.support.v4.content.pm")
17:15:45 INFO  ProfileMatch              : 
17:15:45 INFO  ProfileMatch              :                 name: Facebook
17:15:45 INFO  ProfileMatch              :             category: SocialMedia
17:15:45 INFO  ProfileMatch              :              version: 5.12.0  [OLD VERSION]
17:15:45 INFO  ProfileMatch              :         release-date: 04.12.2019
17:15:45 INFO  ProfileMatch              :     lib root package: "com.facebook.all"  (in app: "android.support.v4.content.pm")
17:15:45 INFO  ProfileMatch              : 
17:15:45 INFO  ProfileMatch              :                 name: Facebook
17:15:45 INFO  ProfileMatch              :             category: SocialMedia
17:15:45 INFO  ProfileMatch              :              version: 5.12.1  [OLD VERSION]
17:15:45 INFO  ProfileMatch              :         release-date: 09.12.2019
17:15:45 INFO  ProfileMatch              :     lib root package: "com.facebook.all"  (in app: "android.support.v4.content.pm")
17:15:45 INFO  ProfileMatch              : 
17:15:45 INFO  ProfileMatch              :                 name: Facebook
17:15:45 INFO  ProfileMatch              :             category: SocialMedia
17:15:45 INFO  ProfileMatch              :              version: 5.13.0  [OLD VERSION]
17:15:45 INFO  ProfileMatch              :         release-date: 12.12.2019
17:15:45 INFO  ProfileMatch              :     lib root package: "com.facebook.all"  (in app: "android.support.v4.content.pm")
17:15:45 INFO  ProfileMatch              : 
17:15:45 INFO  ProfileMatch              :                 name: Facebook
17:15:45 INFO  ProfileMatch              :             category: SocialMedia
17:15:45 INFO  ProfileMatch              :              version: 5.15.0  [OLD VERSION]
17:15:45 INFO  ProfileMatch              :         release-date: 21.01.2020
17:15:45 INFO  ProfileMatch              :     lib root package: "com.facebook.all"  (in app: "android.support.v4.content.pm")
17:15:45 INFO  ProfileMatch              : 
17:15:45 INFO  ProfileMatch              :                 name: Facebook
17:15:45 INFO  ProfileMatch              :             category: SocialMedia
17:15:45 INFO  ProfileMatch              :              version: 5.15.1  [OLD VERSION]
17:15:45 INFO  ProfileMatch              :         release-date: 29.01.2020
17:15:45 INFO  ProfileMatch              :     lib root package: "com.facebook.all"  (in app: "android.support.v4.content.pm")
17:15:45 INFO  ProfileMatch              : 
17:15:45 INFO  ProfileMatch              :                 name: Facebook
17:15:45 INFO  ProfileMatch              :             category: SocialMedia
17:15:45 INFO  ProfileMatch              :              version: 5.15.2  [OLD VERSION]
17:15:45 INFO  ProfileMatch              :         release-date: 03.02.2020
17:15:45 INFO  ProfileMatch              :     lib root package: "com.facebook.all"  (in app: "android.support.v4.content.pm")
17:15:45 INFO  ProfileMatch              : 
17:15:45 INFO  ProfileMatch              :                 name: Facebook
17:15:45 INFO  ProfileMatch              :             category: SocialMedia
17:15:45 INFO  ProfileMatch              :              version: 5.15.3  [OLD VERSION]
17:15:45 INFO  ProfileMatch              :         release-date: 03.02.2020
17:15:45 INFO  ProfileMatch              :     lib root package: "com.facebook.all"  (in app: "android.support.v4.content.pm")
17:15:45 INFO  ProfileMatch              : 
17:15:45 INFO  ProfileMatch              :                 name: Facebook
17:15:45 INFO  ProfileMatch              :             category: SocialMedia
17:15:45 INFO  ProfileMatch              :              version: 6.0.0  [OLD VERSION]
17:15:45 INFO  ProfileMatch              :         release-date: 03.02.2020
17:15:45 INFO  ProfileMatch              :     lib root package: "com.facebook.all"  (in app: "android.support.v4.content.pm")
17:15:45 INFO  ProfileMatch              : 
17:15:45 INFO  ProfileMatch              :                 name: Facebook
17:15:45 INFO  ProfileMatch              :             category: SocialMedia
17:15:45 INFO  ProfileMatch              :              version: 6.1.0  [OLD VERSION]
17:15:45 INFO  ProfileMatch              :         release-date: 14.02.2020
17:15:45 INFO  ProfileMatch              :     lib root package: "com.facebook.all"  (in app: "android.support.v4.content.pm")
17:15:45 INFO  ProfileMatch              : 
17:15:45 INFO  ProfileMatch              :                 name: Facebook
17:15:45 INFO  ProfileMatch              :             category: SocialMedia
17:15:45 INFO  ProfileMatch              :              version: 6.2.0  [OLD VERSION]
17:15:45 INFO  ProfileMatch              :         release-date: 09.03.2020
17:15:45 INFO  ProfileMatch              :     lib root package: "com.facebook.all"  (in app: "android.support.v4.content.pm")
17:15:45 INFO  ProfileMatch              : 
17:15:45 INFO  ProfileMatch              :                 name: Facebook
17:15:45 INFO  ProfileMatch              :             category: SocialMedia
17:15:45 INFO  ProfileMatch              :              version: 6.3.0  [OLD VERSION]
17:15:45 INFO  ProfileMatch              :         release-date: 25.03.2020
17:15:45 INFO  ProfileMatch              :     lib root package: "com.facebook.all"  (in app: "android.support.v4.content.pm")
17:15:45 INFO  ProfileMatch              : 
17:15:45 INFO  ProfileMatch              :                 name: Facebook
17:15:45 INFO  ProfileMatch              :             category: SocialMedia
17:15:45 INFO  ProfileMatch              :              version: 6.4.0  [OLD VERSION]
17:15:45 INFO  ProfileMatch              :         release-date: 15.04.2020
17:15:45 INFO  ProfileMatch              :     lib root package: "com.facebook.all"  (in app: "android.support.v4.content.pm")
17:15:45 INFO  ProfileMatch              : 
17:15:45 INFO  ProfileMatch              :                 name: Facebook
17:15:45 INFO  ProfileMatch              :             category: SocialMedia
17:15:45 INFO  ProfileMatch              :              version: 6.5.0  [OLD VERSION]
17:15:45 INFO  ProfileMatch              :         release-date: 20.04.2020
17:15:45 INFO  ProfileMatch              :     lib root package: "com.facebook.all"  (in app: "android.support.v4.content.pm")
17:15:45 INFO  ProfileMatch              : 
17:15:45 INFO  ProfileMatch              :                 name: Facebook
17:15:45 INFO  ProfileMatch              :             category: SocialMedia
17:15:45 INFO  ProfileMatch              :              version: 6.5.1  [OLD VERSION]
17:15:45 INFO  ProfileMatch              :         release-date: 23.04.2020
17:15:45 INFO  ProfileMatch              :     lib root package: "com.facebook.all"  (in app: "android.support.v4.content.pm")
17:15:45 INFO  ProfileMatch              : 
17:15:45 INFO  ProfileMatch              :                 name: Facebook
17:15:45 INFO  ProfileMatch              :             category: SocialMedia
17:15:45 INFO  ProfileMatch              :              version: 7.0.0  [OLD VERSION]
17:15:45 INFO  ProfileMatch              :         release-date: 05.05.2020
17:15:45 INFO  ProfileMatch              :     lib root package: "com.facebook.all"  (in app: "android.support.v4.content.pm")
17:15:45 INFO  ProfileMatch              : 
17:15:45 INFO  ProfileMatch              :                 name: Facebook
17:15:45 INFO  ProfileMatch              :             category: SocialMedia
17:15:45 INFO  ProfileMatch              :              version: 7.0.1  [OLD VERSION]
17:15:45 INFO  ProfileMatch              :         release-date: 09.06.2020
17:15:45 INFO  ProfileMatch              :     lib root package: "com.facebook.all"  (in app: "android.support.v4.content.pm")
17:15:45 INFO  ProfileMatch              : 
17:15:45 INFO  ProfileMatch              :                 name: Facebook
17:15:45 INFO  ProfileMatch              :             category: SocialMedia
17:15:45 INFO  ProfileMatch              :              version: 7.1.0  [OLD VERSION]
17:15:45 INFO  ProfileMatch              :         release-date: 23.06.2020
17:15:45 INFO  ProfileMatch              :     lib root package: "com.facebook.all"  (in app: "android.support.v4.content.pm")
17:15:45 INFO  ProfileMatch              : 
17:15:45 INFO  ProfileMatch              :                 name: Facebook
17:15:45 INFO  ProfileMatch              :             category: SocialMedia
17:15:45 INFO  ProfileMatch              :              version: 8.0.0  [OLD VERSION]
17:15:45 INFO  ProfileMatch              :         release-date: 28.09.2020
17:15:45 INFO  ProfileMatch              :     lib root package: "com.facebook.all"  (in app: "android.support.v4.content.pm")
17:15:45 INFO  ProfileMatch              : 
17:15:45 INFO  ProfileMatch              :                 name: Facebook
17:15:45 INFO  ProfileMatch              :             category: SocialMedia
17:15:45 INFO  ProfileMatch              :              version: 8.1.0  [OLD VERSION]
17:15:45 INFO  ProfileMatch              :         release-date: 14.10.2020
17:15:45 INFO  ProfileMatch              :     lib root package: "com.facebook.all"  (in app: "android.support.v4.content.pm")
17:15:45 INFO  ProfileMatch              : 
17:15:45 INFO  ProfileMatch              :                 name: Facebook
17:15:45 INFO  ProfileMatch              :             category: SocialMedia
17:15:45 INFO  ProfileMatch              :              version: 8.2.0  [OLD VERSION]
17:15:45 INFO  ProfileMatch              :         release-date: 18.12.2020
17:15:45 INFO  ProfileMatch              :     lib root package: "com.facebook.all"  (in app: "android.support.v4.content.pm")
17:15:45 INFO  ProfileMatch              : 
17:15:45 INFO  ProfileMatch              :                 name: Facebook
17:15:45 INFO  ProfileMatch              :             category: SocialMedia
17:15:45 INFO  ProfileMatch              :              version: 9.0.0  [OLD VERSION]
17:15:45 INFO  ProfileMatch              :         release-date: 19.01.2021
17:15:45 INFO  ProfileMatch              :     lib root package: "com.facebook.all"  (in app: "android.support.v4.content.pm")
17:15:45 INFO  ProfileMatch              : 
17:15:45 INFO  ProfileMatch              :                 name: Facebook
17:15:45 INFO  ProfileMatch              :             category: SocialMedia
17:15:45 INFO  ProfileMatch              :              version: 9.1.0  [OLD VERSION]
17:15:45 INFO  ProfileMatch              :         release-date: 15.03.2021
17:15:45 INFO  ProfileMatch              :     lib root package: "com.facebook.all"  (in app: "android.support.v4.content.pm")
17:15:45 INFO  ProfileMatch              : 
17:15:45 INFO  ProfileMatch              :                 name: Facebook
17:15:45 INFO  ProfileMatch              :             category: SocialMedia
17:15:45 INFO  ProfileMatch              :              version: 9.1.1  [OLD VERSION]
17:15:45 INFO  ProfileMatch              :         release-date: 12.04.2021
17:15:45 INFO  ProfileMatch              :     lib root package: "com.facebook.all"  (in app: "android.support.v4.content.pm")
17:15:45 INFO  ProfileMatch              : 
17:15:45 INFO  ProfileMatch              :                 name: Facebook
17:15:45 INFO  ProfileMatch              :             category: SocialMedia
17:15:45 INFO  ProfileMatch              :              version: 11.0.0  [OLD VERSION]
17:15:45 INFO  ProfileMatch              :         release-date: 08.06.2021
17:15:45 INFO  ProfileMatch              :     lib root package: "com.facebook.all"  (in app: "android.support.v4.content.pm")
17:15:45 INFO  ProfileMatch              : 
17:15:45 INFO  ProfileMatch              :                 name: Facebook
17:15:45 INFO  ProfileMatch              :             category: SocialMedia
17:15:45 INFO  ProfileMatch              :              version: 11.1.0  [OLD VERSION]
17:15:45 INFO  ProfileMatch              :         release-date: 06.07.2021
17:15:45 INFO  ProfileMatch              :     lib root package: "com.facebook.all"  (in app: "android.support.v4.content.pm")
17:15:45 INFO  ProfileMatch              : 
17:15:45 INFO  ProfileMatch              :                 name: Facebook
17:15:45 INFO  ProfileMatch              :             category: SocialMedia
17:15:45 INFO  ProfileMatch              :              version: 11.1.1  [OLD VERSION]
17:15:45 INFO  ProfileMatch              :         release-date: 19.07.2021
17:15:45 INFO  ProfileMatch              :     lib root package: "com.facebook.all"  (in app: "android.support.v4.content.pm")
17:15:45 INFO  ProfileMatch              : 
17:15:45 INFO  ProfileMatch              :                 name: Facebook
17:15:45 INFO  ProfileMatch              :             category: SocialMedia
17:15:45 INFO  ProfileMatch              :              version: 11.2.0  [OLD VERSION]
17:15:45 INFO  ProfileMatch              :         release-date: 03.08.2021
17:15:45 INFO  ProfileMatch              :     lib root package: "com.facebook.all"  (in app: "android.support.v4.content.pm")
17:15:45 INFO  ProfileMatch              : 
17:15:45 INFO  ProfileMatch              :                 name: Facebook
17:15:45 INFO  ProfileMatch              :             category: SocialMedia
17:15:45 INFO  ProfileMatch              :              version: 11.3.0  [OLD VERSION]
17:15:45 INFO  ProfileMatch              :         release-date: 07.09.2021
17:15:45 INFO  ProfileMatch              :     lib root package: "com.facebook.all"  (in app: "android.support.v4.content.pm")
17:15:45 INFO  ProfileMatch              : 
17:15:45 INFO  ProfileMatch              :                 name: Facebook
17:15:45 INFO  ProfileMatch              :             category: SocialMedia
17:15:45 INFO  ProfileMatch              :              version: 12.0.0  [OLD VERSION]
17:15:45 INFO  ProfileMatch              :         release-date: 05.10.2021
17:15:45 INFO  ProfileMatch              :     lib root package: "com.facebook.all"  (in app: "android.support.v4.content.pm")
17:15:45 INFO  ProfileMatch              : 
17:15:45 INFO  ProfileMatch              :                 name: Facebook
17:15:45 INFO  ProfileMatch              :             category: SocialMedia
17:15:45 INFO  ProfileMatch              :              version: 12.0.1  [OLD VERSION]
17:15:45 INFO  ProfileMatch              :         release-date: 13.10.2021
17:15:45 INFO  ProfileMatch              :     lib root package: "com.facebook.all"  (in app: "android.support.v4.content.pm")
17:15:45 INFO  ProfileMatch              : 
17:15:45 INFO  ProfileMatch              :                 name: Facebook
17:15:45 INFO  ProfileMatch              :             category: SocialMedia
17:15:45 INFO  ProfileMatch              :              version: 12.1.0  [OLD VERSION]
17:15:45 INFO  ProfileMatch              :         release-date: 01.11.2021
17:15:45 INFO  ProfileMatch              :     lib root package: "com.facebook.all"  (in app: "android.support.v4.content.pm")
17:15:45 INFO  ProfileMatch              : 
17:15:45 INFO  ProfileMatch              :                 name: Facebook
17:15:45 INFO  ProfileMatch              :             category: SocialMedia
17:15:45 INFO  ProfileMatch              :              version: 12.2.0  [OLD VERSION]
17:15:45 INFO  ProfileMatch              :         release-date: 06.12.2021
17:15:45 INFO  ProfileMatch              :     lib root package: "com.facebook.all"  (in app: "android.support.v4.content.pm")
17:15:45 INFO  ProfileMatch              : 
17:15:45 INFO  ProfileMatch              :                 name: Facebook
17:15:45 INFO  ProfileMatch              :             category: SocialMedia
17:15:45 INFO  ProfileMatch              :              version: 12.3.0  [OLD VERSION]
17:15:45 INFO  ProfileMatch              :         release-date: 10.01.2022
17:15:45 INFO  ProfileMatch              :     lib root package: "com.facebook.all"  (in app: "android.support.v4.content.pm")
17:15:45 INFO  ProfileMatch              : 
17:15:45 INFO  ProfileMatch              :                 name: Facebook
17:15:45 INFO  ProfileMatch              :             category: SocialMedia
17:15:45 INFO  ProfileMatch              :              version: 13.0.0  [OLD VERSION]
17:15:45 INFO  ProfileMatch              :         release-date: 23.02.2022
17:15:45 INFO  ProfileMatch              :     lib root package: "com.facebook.all"  (in app: "android.support.v4.content.pm")
17:15:45 INFO  ProfileMatch              : 
17:15:45 INFO  ProfileMatch              :                 name: Facebook
17:15:45 INFO  ProfileMatch              :             category: SocialMedia
17:15:45 INFO  ProfileMatch              :              version: 13.1.0  [OLD VERSION]
17:15:45 INFO  ProfileMatch              :         release-date: 21.03.2022
17:15:45 INFO  ProfileMatch              :     lib root package: "com.facebook.all"  (in app: "android.support.v4.content.pm")
17:15:45 INFO  ProfileMatch              : 
17:15:45 INFO  ProfileMatch              :                 name: Facebook
17:15:45 INFO  ProfileMatch              :             category: SocialMedia
17:15:45 INFO  ProfileMatch              :              version: 13.2.0  [OLD VERSION]
17:15:45 INFO  ProfileMatch              :         release-date: 22.04.2022
17:15:45 INFO  ProfileMatch              :     lib root package: "com.facebook.all"  (in app: "android.support.v4.content.pm")
17:15:45 INFO  ProfileMatch              : 
17:15:45 INFO  ProfileMatch              :                 name: Facebook
17:15:45 INFO  ProfileMatch              :             category: SocialMedia
17:15:45 INFO  ProfileMatch              :              version: 14.0.0
17:15:45 INFO  ProfileMatch              :         release-date: 14.06.2022
17:15:45 INFO  ProfileMatch              :     lib root package: "com.facebook.all"  (in app: "android.support.v4.content.pm")
17:15:45 INFO  ProfileMatch              : 
17:15:45 INFO  ProfileMatch              :                 name: com.android.support::support-v4
17:15:45 INFO  ProfileMatch              :             category: Android
17:15:45 INFO  ProfileMatch              :              version: 19.0.1  [OLD VERSION]
17:15:45 INFO  ProfileMatch              :         release-date:  --
17:15:45 INFO  ProfileMatch              :     lib root package: "android.support.v4"
17:15:45 INFO  ProfileMatch              : 
17:15:46 INFO  LibraryIdentifier         : 
17:15:46 INFO  LibraryIdentifier         : - Partial library matches:
17:15:46 INFO  LibraryIdentifier         :                 name: com.android.support::viewpager
17:15:46 INFO  LibraryIdentifier         :             category: Android
17:15:46 INFO  LibraryIdentifier         :              version: 28.0.0
17:15:46 INFO  LibraryIdentifier         :         release-date:  --
17:15:46 INFO  LibraryIdentifier         :     lib root package: "android.support.v4.view"
17:15:46 INFO  LibraryIdentifier         :         Partial matching results:
17:15:46 INFO  LibraryIdentifier         :              - config: Hashing.md5() | Flags: no-flag | Keep: PN | Prune: MSIG   score: 0.73913044
17:15:46 INFO  LibraryIdentifier         : 
17:15:46 INFO  LibraryIdentifier         : 
17:15:46 INFO  LibraryIdentifier         : App processing time: 8 sec, 457 ms
