17:34:11 INFO  LibraryIdentifier         : Process app: luke.launcher_20003.apk
17:34:11 INFO  LibraryIdentifier         : = Manifest Parser =
17:34:11 INFO  LibraryIdentifier         :         Package name: luke.launcher
17:34:11 INFO  LibraryIdentifier         :         Version code: 20003
17:34:11 INFO  LibraryIdentifier         :        minSdkVersion: 21
17:34:11 INFO  LibraryIdentifier         :     targetSdkVersion: 28
17:34:11 INFO  LibraryIdentifier         :         SharedUserId:  - none -
17:34:11 INFO  LibraryIdentifier         :     Library dependencies:  - none -
17:34:11 INFO  LibraryIdentifier         : 
17:34:11 INFO  LibraryIdentifier         : Found 402 unique libraries in 12405 library profiles
17:34:11 INFO  LibraryIdentifier         : Generated class hierarchy (in 450 ms)
17:34:11 INFO  WalaUtils                 : 
17:34:11 INFO  WalaUtils                 : = ClassHierarchy Stats =
17:34:11 INFO  WalaUtils                 :     # of classes: 678
17:34:11 INFO  WalaUtils                 :     # thereof inner classes: 380
17:34:11 INFO  WalaUtils                 :     # thereof public classes: 318
17:34:11 INFO  WalaUtils                 :         Activity : 2
17:34:11 INFO  WalaUtils                 :         Application : 0
17:34:11 INFO  WalaUtils                 :         AsyncTask : 1
17:34:11 INFO  WalaUtils                 :         BroadcastReceiver : 4
17:34:11 INFO  WalaUtils                 :         ContentProvider : 3
17:34:11 INFO  WalaUtils                 :         Fragment : 0
17:34:11 INFO  WalaUtils                 :         Handler : 1
17:34:11 INFO  WalaUtils                 :         LayoutContainer : 26
17:34:11 INFO  WalaUtils                 :         Plain : 629
17:34:11 INFO  WalaUtils                 :         Runnable : 0
17:34:11 INFO  WalaUtils                 :         Service : 1
17:34:11 INFO  WalaUtils                 :         Thread : 0
17:34:11 INFO  WalaUtils                 :         View : 11
17:34:11 INFO  WalaUtils                 :     # methods: 4861
17:34:11 INFO  WalaUtils                 :         # of publicly accessible methods: 3489
17:34:11 INFO  WalaUtils                 :         # of non-accessible methods: 1372
17:34:11 INFO  WalaUtils                 : 
17:34:11 INFO  Profile                   : = PackageTree =
17:34:11 INFO  PackageTree               : Root Package: android
17:34:11 INFO  PackageTree               : └── Root (17)
17:34:11 INFO  PackageTree               :     ├── android
17:34:11 INFO  PackageTree               :     │   ├── support
17:34:11 INFO  PackageTree               :     │   │   ├── v7
17:34:11 INFO  PackageTree               :     │   │   │   ├── widget (146)
17:34:11 INFO  PackageTree               :     │   │   │   ├── view (6)
17:34:11 INFO  PackageTree               :     │   │   │   │   └── menu (43)
17:34:11 INFO  PackageTree               :     │   │   │   ├── b
17:34:11 INFO  PackageTree               :     │   │   │   │   └── a (14)
17:34:11 INFO  PackageTree               :     │   │   │   ├── app (5)
17:34:11 INFO  PackageTree               :     │   │   │   └── a
17:34:11 INFO  PackageTree               :     │   │   │       └── a (2)
17:34:11 INFO  PackageTree               :     │   │   ├── v4
17:34:11 INFO  PackageTree               :     │   │   │   ├── widget (23)
17:34:11 INFO  PackageTree               :     │   │   │   ├── b
17:34:11 INFO  PackageTree               :     │   │   │   │   └── a (3)
17:34:11 INFO  PackageTree               :     │   │   │   ├── d (15)
17:34:11 INFO  PackageTree               :     │   │   │   ├── graphics (14)
17:34:11 INFO  PackageTree               :     │   │   │   │   └── drawable (10)
17:34:11 INFO  PackageTree               :     │   │   │   ├── app (13)
17:34:11 INFO  PackageTree               :     │   │   │   ├── g (22)
17:34:11 INFO  PackageTree               :     │   │   │   │   ├── a (5)
17:34:11 INFO  PackageTree               :     │   │   │   │   └── b (4)
17:34:11 INFO  PackageTree               :     │   │   │   ├── f (16)
17:34:11 INFO  PackageTree               :     │   │   │   ├── e (3)
17:34:11 INFO  PackageTree               :     │   │   │   ├── media (25)
17:34:11 INFO  PackageTree               :     │   │   │   │   └── session (37)
17:34:11 INFO  PackageTree               :     │   │   │   ├── a (4)
17:34:11 INFO  PackageTree               :     │   │   │   │   └── a (15)
17:34:11 INFO  PackageTree               :     │   │   │   └── c (8)
17:34:11 INFO  PackageTree               :     │   │   ├── graphics
17:34:11 INFO  PackageTree               :     │   │   │   └── drawable (21)
17:34:11 INFO  PackageTree               :     │   │   └── annotation (1)
17:34:11 INFO  PackageTree               :     │   └── arch
17:34:11 INFO  PackageTree               :     │       └── lifecycle (14)
17:34:11 INFO  PackageTree               :     ├── org
17:34:11 INFO  PackageTree               :     │   └── apache
17:34:11 INFO  PackageTree               :     │       └── cordova (76)
17:34:11 INFO  PackageTree               :     │           ├── engine (13)
17:34:11 INFO  PackageTree               :     │           ├── statusbar (10)
17:34:11 INFO  PackageTree               :     │           ├── splashscreen (11)
17:34:11 INFO  PackageTree               :     │           ├── camera (6)
17:34:11 INFO  PackageTree               :     │           ├── device (1)
17:34:11 INFO  PackageTree               :     │           └── whitelist (2)
17:34:11 INFO  PackageTree               :     ├── androidx
17:34:11 INFO  PackageTree               :     │   ├── versionedparcelable (6)
17:34:11 INFO  PackageTree               :     │   ├── core
17:34:11 INFO  PackageTree               :     │   │   └── graphics
17:34:11 INFO  PackageTree               :     │   │       └── drawable (1)
17:34:11 INFO  PackageTree               :     │   └── media (3)
17:34:11 INFO  PackageTree               :     ├── cordova
17:34:11 INFO  PackageTree               :     │   └── plugins (4)
17:34:11 INFO  PackageTree               :     │       └── screenorientation (1)
17:34:11 INFO  PackageTree               :     ├── com
17:34:11 INFO  PackageTree               :     │   ├── luke
17:34:11 INFO  PackageTree               :     │   │   └── widget (33)
17:34:11 INFO  PackageTree               :     │   ├── lampa
17:34:11 INFO  PackageTree               :     │   │   └── startapp (4)
17:34:11 INFO  PackageTree               :     │   ├── viniciusfagundes
17:34:11 INFO  PackageTree               :     │   │   └── cordova
17:34:11 INFO  PackageTree               :     │   │       └── plugin
17:34:11 INFO  PackageTree               :     │   │           └── navigationbar (7)
17:34:11 INFO  PackageTree               :     │   ├── bar
17:34:11 INFO  PackageTree               :     │   │   └── info (1)
17:34:11 INFO  PackageTree               :     │   ├── darryncampbell
17:34:11 INFO  PackageTree               :     │   │   └── cordova
17:34:11 INFO  PackageTree               :     │   │       └── plugin
17:34:11 INFO  PackageTree               :     │   │           └── intent (3)
17:34:11 INFO  PackageTree               :     │   └── phonegap
17:34:11 INFO  PackageTree               :     │       └── plugins
17:34:11 INFO  PackageTree               :     │           └── nativesettings (1)
17:34:11 INFO  PackageTree               :     ├── luke
17:34:11 INFO  PackageTree               :     │   └── launcher (1)
17:34:11 INFO  PackageTree               :     ├── nl
17:34:11 INFO  PackageTree               :     │   └── xservices
17:34:11 INFO  PackageTree               :     │       └── plugins (5)
17:34:11 INFO  PackageTree               :     ├── net
17:34:11 INFO  PackageTree               :     │   └── coconauts
17:34:11 INFO  PackageTree               :     │       └── notificationListener (2)
17:34:11 INFO  PackageTree               :     └── uk
17:34:11 INFO  PackageTree               :         └── co
17:34:11 INFO  PackageTree               :             └── whiteoctober
17:34:11 INFO  PackageTree               :                 └── cordova (1)
17:34:11 INFO  Profile                   : 
17:34:11 INFO  AppProfile                : - generated app package tree (in 24 ms)
17:34:11 INFO  AppProfile                : 
17:34:11 DEBUG HashTree                  : Generate hash tree..
17:34:11 DEBUG HashTree                  :     - generated 47 package hashes.
17:34:11 DEBUG HashTree                  :     - generated 651 clazz hashes.
17:34:11 DEBUG HashTree                  :     - generated 4861 method hashes.
17:34:11 DEBUG HashTree                  :     => Library Hash: 70fa24c30540f285cf7507e13ec95a25
17:34:11 INFO  AppProfile                : - generated app hash trees (in 105 ms)
17:34:11 INFO  AppProfile                : 
17:34:11 INFO  LibraryIdentifier         : = Scan for library root packages (heuristic) =
17:34:11 INFO  LibraryIdentifier         :     - Found lib root package android.arch.lifecycle  (android.arch.lifecycle::common)
17:34:11 INFO  LibraryIdentifier         :     - Found lib root package android.arch.lifecycle  (android.arch.lifecycle::common-java8)
17:34:11 INFO  LibraryIdentifier         :     - Found lib root package android.arch.lifecycle  (android.arch.lifecycle::compiler)
17:34:11 INFO  LibraryIdentifier         :     - Found lib root package android.arch.lifecycle  (android.arch.lifecycle::extensions)
17:34:11 INFO  LibraryIdentifier         :     - Found lib root package android.arch.lifecycle  (android.arch.lifecycle::livedata)
17:34:11 INFO  LibraryIdentifier         :     - Found lib root package android.arch.lifecycle  (android.arch.lifecycle::livedata-core)
17:34:11 INFO  LibraryIdentifier         :     - Found lib root package android.arch.lifecycle  (android.arch.lifecycle::reactivestreams)
17:34:11 INFO  LibraryIdentifier         :     - Found lib root package android.arch.lifecycle  (android.arch.lifecycle::runtime)
17:34:11 INFO  LibraryIdentifier         :     - Found lib root package android.arch.lifecycle  (android.arch.lifecycle::viewmodel)
17:34:11 INFO  LibraryIdentifier         :     - Found lib root package androidx.core  (androidx.core::core)
17:34:11 INFO  LibraryIdentifier         :     - Found lib root package androidx  (androidx.core::core-ktx)
17:34:11 INFO  LibraryIdentifier         :     - Found lib root package android.support.v4.media  (androidx.media::media)
17:34:11 INFO  LibraryIdentifier         :     - Found lib root package androidx.versionedparcelable  (androidx.versionedparcelable::versionedparcelable)
17:34:11 INFO  LibraryIdentifier         :     - Found lib root package android.support.graphics.drawable  (com.android.support::animated-vector-drawable)
17:34:11 INFO  LibraryIdentifier         :     - Found lib root package android.support.v7  (com.android.support::appcompat-v7)
17:34:11 INFO  LibraryIdentifier         :     - Found lib root package android.support.v7.widget  (com.android.support::cardview-v7)
17:34:11 INFO  LibraryIdentifier         :     - Found lib root package android.support.v4.widget  (com.android.support::cursoradapter)
17:34:11 INFO  LibraryIdentifier         :     - Found lib root package android.support.v4  (com.android.support::customview)
17:34:11 INFO  LibraryIdentifier         :     - Found lib root package android.support.v4.widget  (com.android.support::drawerlayout)
17:34:11 INFO  LibraryIdentifier         :     - Found lib root package android.support.v7.widget  (com.android.support::gridlayout-v7)
17:34:11 INFO  LibraryIdentifier         :     - Found lib root package android.support.v4  (com.android.support::loader)
17:34:11 INFO  LibraryIdentifier         :     - Found lib root package android.support.v7  (com.android.support::mediarouter-v7)
17:34:11 INFO  LibraryIdentifier         :     - Found lib root package android.support.v7  (com.android.support::preference-v7)
17:34:11 INFO  LibraryIdentifier         :     - Found lib root package android.support.v7.widget  (com.android.support::recyclerview-v7)
17:34:11 INFO  LibraryIdentifier         :     - Found lib root package android.support.v4.widget  (com.android.support::slidingpanelayout)
17:34:11 INFO  LibraryIdentifier         :     - Found lib root package android.support.annotation  (com.android.support::support-annotations)
17:34:11 INFO  LibraryIdentifier         :     - Found lib root package android.support.v4  (com.android.support::support-compat)
17:34:11 INFO  LibraryIdentifier         :     - Found lib root package android.support.v4  (com.android.support::support-core-ui)
17:34:11 INFO  LibraryIdentifier         :     - Found lib root package android.support.v4  (com.android.support::support-core-utils)
17:34:11 INFO  LibraryIdentifier         :     - Found lib root package android.support.v4.app  (com.android.support::support-fragment)
17:34:11 INFO  LibraryIdentifier         :     - Found lib root package android.support.v4.media  (com.android.support::support-media-compat)
17:34:11 INFO  LibraryIdentifier         :     - Found lib root package android.support.v4  (com.android.support::support-v4)
17:34:11 INFO  LibraryIdentifier         :     - Found lib root package android.support.graphics.drawable  (com.android.support::support-vector-drawable)
17:34:11 INFO  LibraryIdentifier         :     - Found lib root package android.support.v4.widget  (com.android.support::swiperefreshlayout)
17:34:11 INFO  LibraryIdentifier         :     - Found lib root package androidx.versionedparcelable  (com.android.support::versionedparcelable)
17:34:11 INFO  LibraryIdentifier         : 
17:34:11 INFO  LibraryIdentifier         : = Match profiles =
17:34:22 INFO  LibraryIdentifier         :     >> profile matching done (10 sec, 392 ms)
17:34:22 INFO  LibraryIdentifier         : 
17:34:22 INFO  LibraryIdentifier         : == Report ==
17:34:22 INFO  LibraryIdentifier         : - Full library matches:
17:34:22 INFO  ProfileMatch              :                 name: com.android.support::multidex-instrumentation
17:34:22 INFO  ProfileMatch              :             category: Android
17:34:22 INFO  ProfileMatch              :              version: 1.0.0  [OLD VERSION]
17:34:22 INFO  ProfileMatch              :         release-date:  --
17:34:22 INFO  ProfileMatch              :     lib root package: "com.android.test.runner"  (in app: "luke.launcher")
17:34:22 INFO  ProfileMatch              : 
17:34:22 INFO  ProfileMatch              :                 name: com.android.support::multidex-instrumentation
17:34:22 INFO  ProfileMatch              :             category: Android
17:34:22 INFO  ProfileMatch              :              version: 1.0.1  [OLD VERSION]
17:34:22 INFO  ProfileMatch              :         release-date:  --
17:34:22 INFO  ProfileMatch              :     lib root package: "com.android.test.runner"  (in app: "luke.launcher")
17:34:22 INFO  ProfileMatch              : 
17:34:22 INFO  ProfileMatch              :                 name: com.android.support::multidex-instrumentation
17:34:22 INFO  ProfileMatch              :             category: Android
17:34:22 INFO  ProfileMatch              :              version: 1.0.2  [OLD VERSION]
17:34:22 INFO  ProfileMatch              :         release-date:  --
17:34:22 INFO  ProfileMatch              :     lib root package: "com.android.test.runner"  (in app: "luke.launcher")
17:34:22 INFO  ProfileMatch              : 
17:34:22 INFO  ProfileMatch              :                 name: com.android.support::multidex-instrumentation
17:34:22 INFO  ProfileMatch              :             category: Android
17:34:22 INFO  ProfileMatch              :              version: 1.0.3
17:34:22 INFO  ProfileMatch              :         release-date:  --
17:34:22 INFO  ProfileMatch              :     lib root package: "com.android.test.runner"  (in app: "luke.launcher")
17:34:22 INFO  ProfileMatch              : 
17:34:22 INFO  ProfileMatch              :                 name: com.android.support::interpolator
17:34:22 INFO  ProfileMatch              :             category: Android
17:34:22 INFO  ProfileMatch              :              version: 28.0.0
17:34:22 INFO  ProfileMatch              :         release-date:  --
17:34:22 INFO  ProfileMatch              :     lib root package: "android.support.v4.view.animation"  (in app: "android.support.v4.g.b")
17:34:22 INFO  ProfileMatch              : 
17:34:22 INFO  ProfileMatch              :                 name: androidx.interpolator::interpolator
17:34:22 INFO  ProfileMatch              :             category: Android
17:34:22 INFO  ProfileMatch              :              version: 1.0.0
17:34:22 INFO  ProfileMatch              :         release-date:  --
17:34:22 INFO  ProfileMatch              :     lib root package: "androidx.interpolator.view.animation"  (in app: "android.support.v4.g.b")
17:34:22 INFO  ProfileMatch              : 
17:34:22 INFO  ProfileMatch              :                 name: androidx.multidex::multidex-instrumentation
17:34:22 INFO  ProfileMatch              :             category: Android
17:34:22 INFO  ProfileMatch              :              version: 2.0.0
17:34:22 INFO  ProfileMatch              :         release-date:  --
17:34:22 INFO  ProfileMatch              :     lib root package: "com.android.test.runner"  (in app: "luke.launcher")
17:34:22 INFO  ProfileMatch              : 
17:34:22 INFO  LibraryIdentifier         : 
17:34:22 INFO  LibraryIdentifier         : - Partial library matches:
17:34:22 INFO  LibraryIdentifier         : 
17:34:22 INFO  LibraryIdentifier         : App processing time: 11 sec, 725 ms
