23:35:26 INFO  LibraryIdentifier         : Process app: me.billdietrich.fake_contacts_4.apk
23:35:26 INFO  LibraryIdentifier         : = Manifest Parser =
23:35:26 INFO  LibraryIdentifier         :         Package name: me.billdietrich.fake_contacts
23:35:26 INFO  LibraryIdentifier         :         Version code: 4
23:35:26 INFO  LibraryIdentifier         :        minSdkVersion: 16
23:35:26 INFO  LibraryIdentifier         :     targetSdkVersion: 30
23:35:26 INFO  LibraryIdentifier         :         SharedUserId:  - none -
23:35:26 INFO  LibraryIdentifier         :     Library dependencies:  - none -
23:35:26 INFO  LibraryIdentifier         : 
23:35:26 INFO  LibraryIdentifier         : Found 402 unique libraries in 12405 library profiles
23:35:27 INFO  LibraryIdentifier         : Generated class hierarchy (in 648 ms)
23:35:27 INFO  WalaUtils                 : 
23:35:27 INFO  WalaUtils                 : = ClassHierarchy Stats =
23:35:27 INFO  WalaUtils                 :     # of classes: 375
23:35:27 INFO  WalaUtils                 :     # thereof inner classes: 195
23:35:27 INFO  WalaUtils                 :     # thereof public classes: 207
23:35:27 INFO  WalaUtils                 :         Activity : 4
23:35:27 INFO  WalaUtils                 :         Application : 0
23:35:27 INFO  WalaUtils                 :         AsyncTask : 3
23:35:27 INFO  WalaUtils                 :         BroadcastReceiver : 0
23:35:27 INFO  WalaUtils                 :         ContentProvider : 0
23:35:27 INFO  WalaUtils                 :         Fragment : 0
23:35:27 INFO  WalaUtils                 :         Handler : 0
23:35:27 INFO  WalaUtils                 :         LayoutContainer : 5
23:35:27 INFO  WalaUtils                 :         Plain : 359
23:35:27 INFO  WalaUtils                 :         Runnable : 0
23:35:27 INFO  WalaUtils                 :         Service : 0
23:35:27 INFO  WalaUtils                 :         Thread : 0
23:35:27 INFO  WalaUtils                 :         View : 4
23:35:27 INFO  WalaUtils                 :     # methods: 1878
23:35:27 INFO  WalaUtils                 :         # of publicly accessible methods: 1167
23:35:27 INFO  WalaUtils                 :         # of non-accessible methods: 711
23:35:27 INFO  WalaUtils                 : 
23:35:27 INFO  Profile                   : = PackageTree =
23:35:27 INFO  PackageTree               : Root Package: io.flutter
23:35:27 INFO  PackageTree               : └── Root
23:35:27 INFO  PackageTree               :     ├── io
23:35:27 INFO  PackageTree               :     │   └── flutter
23:35:27 INFO  PackageTree               :     │       ├── embedding
23:35:27 INFO  PackageTree               :     │       │   ├── engine (15)
23:35:27 INFO  PackageTree               :     │       │   │   ├── i (48)
23:35:27 INFO  PackageTree               :     │       │   │   ├── g (8)
23:35:27 INFO  PackageTree               :     │       │   │   ├── e (8)
23:35:27 INFO  PackageTree               :     │       │   │   ├── mutatorsstack (4)
23:35:27 INFO  PackageTree               :     │       │   │   ├── h (4)
23:35:27 INFO  PackageTree               :     │       │   │   │   ├── d (2)
23:35:27 INFO  PackageTree               :     │       │   │   │   ├── g (1)
23:35:27 INFO  PackageTree               :     │       │   │   │   ├── f (2)
23:35:27 INFO  PackageTree               :     │       │   │   │   ├── c (4)
23:35:27 INFO  PackageTree               :     │       │   │   │   └── e (2)
23:35:27 INFO  PackageTree               :     │       │   │   ├── renderer (8)
23:35:27 INFO  PackageTree               :     │       │   │   ├── f (1)
23:35:27 INFO  PackageTree               :     │       │   │   └── plugins
23:35:27 INFO  PackageTree               :     │       │   │       └── lifecycle (1)
23:35:27 INFO  PackageTree               :     │       │   └── android (36)
23:35:27 INFO  PackageTree               :     │       ├── plugin
23:35:27 INFO  PackageTree               :     │       │   ├── platform (24)
23:35:27 INFO  PackageTree               :     │       │   └── editing (14)
23:35:27 INFO  PackageTree               :     │       ├── view (21)
23:35:27 INFO  PackageTree               :     │       └── plugins (1)
23:35:27 INFO  PackageTree               :     │           └── a (3)
23:35:27 INFO  PackageTree               :     ├── d
23:35:27 INFO  PackageTree               :     │   └── a
23:35:27 INFO  PackageTree               :     │       └── a
23:35:27 INFO  PackageTree               :     │           └── a (9)
23:35:27 INFO  PackageTree               :     ├── a
23:35:27 INFO  PackageTree               :     │   ├── a
23:35:27 INFO  PackageTree               :     │   │   └── a
23:35:27 INFO  PackageTree               :     │   │       └── a (8)
23:35:27 INFO  PackageTree               :     │   ├── b (10)
23:35:27 INFO  PackageTree               :     │   └── c
23:35:27 INFO  PackageTree               :     │       └── a (1)
23:35:27 INFO  PackageTree               :     ├── androidx
23:35:27 INFO  PackageTree               :     │   ├── core
23:35:27 INFO  PackageTree               :     │   │   ├── app (11)
23:35:27 INFO  PackageTree               :     │   │   └── graphics
23:35:27 INFO  PackageTree               :     │   │       └── drawable (2)
23:35:27 INFO  PackageTree               :     │   ├── lifecycle (22)
23:35:27 INFO  PackageTree               :     │   ├── versionedparcelable (6)
23:35:27 INFO  PackageTree               :     │   ├── activity (9)
23:35:27 INFO  PackageTree               :     │   ├── annotation (1)
23:35:27 INFO  PackageTree               :     │   ├── test
23:35:27 INFO  PackageTree               :     │   │   └── annotation (2)
23:35:27 INFO  PackageTree               :     │   ├── savedstate (4)
23:35:27 INFO  PackageTree               :     │   └── fragment
23:35:27 INFO  PackageTree               :     │       └── app (2)
23:35:27 INFO  PackageTree               :     ├── e
23:35:27 INFO  PackageTree               :     │   └── a (3)
23:35:27 INFO  PackageTree               :     │       ├── c
23:35:27 INFO  PackageTree               :     │       │   ├── a (30)
23:35:27 INFO  PackageTree               :     │       │   ├── c (4)
23:35:27 INFO  PackageTree               :     │       │   └── b (1)
23:35:27 INFO  PackageTree               :     │       └── d (2)
23:35:27 INFO  PackageTree               :     ├── b
23:35:27 INFO  PackageTree               :     │   ├── b
23:35:27 INFO  PackageTree               :     │   │   └── a
23:35:27 INFO  PackageTree               :     │   │       ├── b
23:35:27 INFO  PackageTree               :     │   │       │   └── a (16)
23:35:27 INFO  PackageTree               :     │   │       │       └── d (2)
23:35:27 INFO  PackageTree               :     │   │       └── a (2)
23:35:27 INFO  PackageTree               :     │   └── a
23:35:27 INFO  PackageTree               :     │       └── a (16)
23:35:27 INFO  PackageTree               :     ├── me
23:35:27 INFO  PackageTree               :     │   └── billdietrich
23:35:27 INFO  PackageTree               :     │       └── fake_contacts (1)
23:35:27 INFO  PackageTree               :     ├── f
23:35:27 INFO  PackageTree               :     │   └── a
23:35:27 INFO  PackageTree               :     │       └── a (1)
23:35:27 INFO  PackageTree               :     ├── c
23:35:27 INFO  PackageTree               :     │   └── a
23:35:27 INFO  PackageTree               :     │       └── a
23:35:27 INFO  PackageTree               :     │           └── a (1)
23:35:27 INFO  PackageTree               :     └── android
23:35:27 INFO  PackageTree               :         └── support
23:35:27 INFO  PackageTree               :             └── v4
23:35:27 INFO  PackageTree               :                 ├── graphics
23:35:27 INFO  PackageTree               :                 │   └── drawable (1)
23:35:27 INFO  PackageTree               :                 └── app (1)
23:35:27 INFO  Profile                   : 
23:35:27 INFO  AppProfile                : - generated app package tree (in 26 ms)
23:35:27 INFO  AppProfile                : 
23:35:27 DEBUG HashTree                  : Generate hash tree..
23:35:27 DEBUG HashTree                  :     - generated 44 package hashes.
23:35:27 DEBUG HashTree                  :     - generated 356 clazz hashes.
23:35:27 DEBUG HashTree                  :     - generated 1878 method hashes.
23:35:27 DEBUG HashTree                  :     => Library Hash: 612522dd497bfb5387f83cbfc02fbc82
23:35:27 INFO  AppProfile                : - generated app hash trees (in 134 ms)
23:35:27 INFO  AppProfile                : 
23:35:27 INFO  LibraryIdentifier         : = Scan for library root packages (heuristic) =
23:35:27 INFO  LibraryIdentifier         :     - Found lib root package androidx.annotation  (androidx.annotation::annotation)
23:35:27 INFO  LibraryIdentifier         :     - Found lib root package androidx.core  (androidx.core::core)
23:35:27 INFO  LibraryIdentifier         :     - Found lib root package androidx  (androidx.core::core-ktx)
23:35:27 INFO  LibraryIdentifier         :     - Found lib root package androidx.fragment.app  (androidx.fragment::fragment)
23:35:27 INFO  LibraryIdentifier         :     - Found lib root package androidx.fragment.app  (androidx.fragment::fragment-ktx)
23:35:27 INFO  LibraryIdentifier         :     - Found lib root package androidx.lifecycle  (androidx.lifecycle::lifecycle-common)
23:35:27 INFO  LibraryIdentifier         :     - Found lib root package androidx.lifecycle  (androidx.lifecycle::lifecycle-common-java8)
23:35:27 INFO  LibraryIdentifier         :     - Found lib root package androidx.lifecycle  (androidx.lifecycle::lifecycle-compiler)
23:35:27 INFO  LibraryIdentifier         :     - Found lib root package androidx.lifecycle  (androidx.lifecycle::lifecycle-extensions)
23:35:27 INFO  LibraryIdentifier         :     - Found lib root package androidx.lifecycle  (androidx.lifecycle::lifecycle-livedata)
23:35:27 INFO  LibraryIdentifier         :     - Found lib root package androidx.lifecycle  (androidx.lifecycle::lifecycle-livedata-core)
23:35:27 INFO  LibraryIdentifier         :     - Found lib root package androidx.lifecycle  (androidx.lifecycle::lifecycle-process)
23:35:27 INFO  LibraryIdentifier         :     - Found lib root package androidx.lifecycle  (androidx.lifecycle::lifecycle-reactivestreams)
23:35:27 INFO  LibraryIdentifier         :     - Found lib root package androidx.lifecycle  (androidx.lifecycle::lifecycle-reactivestreams-ktx)
23:35:27 INFO  LibraryIdentifier         :     - Found lib root package androidx.lifecycle  (androidx.lifecycle::lifecycle-runtime)
23:35:27 INFO  LibraryIdentifier         :     - Found lib root package androidx.lifecycle  (androidx.lifecycle::lifecycle-service)
23:35:27 INFO  LibraryIdentifier         :     - Found lib root package androidx.lifecycle  (androidx.lifecycle::lifecycle-viewmodel)
23:35:27 INFO  LibraryIdentifier         :     - Found lib root package androidx.lifecycle  (androidx.lifecycle::lifecycle-viewmodel-ktx)
23:35:27 INFO  LibraryIdentifier         :     - Found lib root package androidx.versionedparcelable  (androidx.versionedparcelable::versionedparcelable)
23:35:27 INFO  LibraryIdentifier         :     - Found lib root package android.support.v4  (com.android.support::customview)
23:35:27 INFO  LibraryIdentifier         :     - Found lib root package android.support.v4  (com.android.support::loader)
23:35:27 INFO  LibraryIdentifier         :     - Found lib root package android.support.v4  (com.android.support::support-compat)
23:35:27 INFO  LibraryIdentifier         :     - Found lib root package android.support.v4  (com.android.support::support-core-ui)
23:35:27 INFO  LibraryIdentifier         :     - Found lib root package android.support.v4  (com.android.support::support-core-utils)
23:35:27 INFO  LibraryIdentifier         :     - Found lib root package android.support.v4.app  (com.android.support::support-fragment)
23:35:27 INFO  LibraryIdentifier         :     - Found lib root package android.support.v4  (com.android.support::support-v4)
23:35:27 INFO  LibraryIdentifier         :     - Found lib root package androidx.versionedparcelable  (com.android.support::versionedparcelable)
23:35:27 INFO  LibraryIdentifier         : 
23:35:27 INFO  LibraryIdentifier         : = Match profiles =
23:35:34 INFO  LibraryIdentifier         :     >> profile matching done (6 sec, 519 ms)
23:35:34 INFO  LibraryIdentifier         : 
23:35:34 INFO  LibraryIdentifier         : == Report ==
23:35:34 INFO  LibraryIdentifier         : - Full library matches:
23:35:34 INFO  ProfileMatch              :                 name: com.google.firebase::firebase-ml-vision-image-label-model
23:35:34 INFO  ProfileMatch              :             category: Android
23:35:34 INFO  ProfileMatch              :              version: 20.0.0  [OLD VERSION]
23:35:34 INFO  ProfileMatch              :         release-date:  --
23:35:34 INFO  ProfileMatch              :     lib root package: "com.google.firebase.ml.vision.imagelabel"  (in app: "me.billdietrich.fake_contacts")
23:35:34 INFO  ProfileMatch              : 
23:35:34 INFO  ProfileMatch              :                 name: com.google.firebase::firebase-ml-vision-image-label-model
23:35:34 INFO  ProfileMatch              :             category: Android
23:35:34 INFO  ProfileMatch              :              version: 20.0.1  [OLD VERSION]
23:35:34 INFO  ProfileMatch              :         release-date:  --
23:35:34 INFO  ProfileMatch              :     lib root package: "com.google.firebase.ml.vision.imagelabel"  (in app: "me.billdietrich.fake_contacts")
23:35:34 INFO  ProfileMatch              : 
23:35:34 INFO  ProfileMatch              :                 name: com.google.firebase::firebase-ml-vision-image-label-model
23:35:34 INFO  ProfileMatch              :             category: Android
23:35:34 INFO  ProfileMatch              :              version: 20.0.2
23:35:34 INFO  ProfileMatch              :         release-date:  --
23:35:34 INFO  ProfileMatch              :     lib root package: "com.google.firebase.ml.vision.imagelabel"  (in app: "me.billdietrich.fake_contacts")
23:35:34 INFO  ProfileMatch              : 
23:35:34 INFO  ProfileMatch              :                 name: Facebook
23:35:34 INFO  ProfileMatch              :             category: SocialMedia
23:35:34 INFO  ProfileMatch              :              version: 4.27.0  [OLD VERSION]
23:35:34 INFO  ProfileMatch              :         release-date: 26.09.2017
23:35:34 INFO  ProfileMatch              :     lib root package: "com.facebook.all"  (in app: "me.billdietrich.fake_contacts")
23:35:34 INFO  ProfileMatch              : 
23:35:34 INFO  ProfileMatch              :                 name: Facebook
23:35:34 INFO  ProfileMatch              :             category: SocialMedia
23:35:34 INFO  ProfileMatch              :              version: 4.28.0  [OLD VERSION]
23:35:34 INFO  ProfileMatch              :         release-date: 07.11.2017
23:35:34 INFO  ProfileMatch              :     lib root package: "com.facebook.all"  (in app: "me.billdietrich.fake_contacts")
23:35:34 INFO  ProfileMatch              : 
23:35:34 INFO  ProfileMatch              :                 name: Facebook
23:35:34 INFO  ProfileMatch              :             category: SocialMedia
23:35:34 INFO  ProfileMatch              :              version: 4.29.0  [OLD VERSION]
23:35:34 INFO  ProfileMatch              :         release-date: 05.12.2017
23:35:34 INFO  ProfileMatch              :     lib root package: "com.facebook.all"  (in app: "me.billdietrich.fake_contacts")
23:35:34 INFO  ProfileMatch              : 
23:35:34 INFO  ProfileMatch              :                 name: Facebook
23:35:34 INFO  ProfileMatch              :             category: SocialMedia
23:35:34 INFO  ProfileMatch              :              version: 4.30.0  [OLD VERSION]
23:35:34 INFO  ProfileMatch              :         release-date: 24.01.2018
23:35:34 INFO  ProfileMatch              :     lib root package: "com.facebook.all"  (in app: "me.billdietrich.fake_contacts")
23:35:34 INFO  ProfileMatch              : 
23:35:34 INFO  ProfileMatch              :                 name: Facebook
23:35:34 INFO  ProfileMatch              :             category: SocialMedia
23:35:34 INFO  ProfileMatch              :              version: 4.31.0  [OLD VERSION]
23:35:34 INFO  ProfileMatch              :         release-date: 28.02.2018
23:35:34 INFO  ProfileMatch              :     lib root package: "com.facebook.all"  (in app: "me.billdietrich.fake_contacts")
23:35:34 INFO  ProfileMatch              : 
23:35:34 INFO  ProfileMatch              :                 name: Facebook
23:35:34 INFO  ProfileMatch              :             category: SocialMedia
23:35:34 INFO  ProfileMatch              :              version: 4.32.0  [OLD VERSION]
23:35:34 INFO  ProfileMatch              :         release-date: 11.04.2018
23:35:34 INFO  ProfileMatch              :     lib root package: "com.facebook.all"  (in app: "me.billdietrich.fake_contacts")
23:35:34 INFO  ProfileMatch              : 
23:35:34 INFO  ProfileMatch              :                 name: Facebook
23:35:34 INFO  ProfileMatch              :             category: SocialMedia
23:35:34 INFO  ProfileMatch              :              version: 4.33.0  [OLD VERSION]
23:35:34 INFO  ProfileMatch              :         release-date: 01.05.2018
23:35:34 INFO  ProfileMatch              :     lib root package: "com.facebook.all"  (in app: "me.billdietrich.fake_contacts")
23:35:34 INFO  ProfileMatch              : 
23:35:34 INFO  ProfileMatch              :                 name: Facebook
23:35:34 INFO  ProfileMatch              :             category: SocialMedia
23:35:34 INFO  ProfileMatch              :              version: 4.34.0  [OLD VERSION]
23:35:34 INFO  ProfileMatch              :         release-date: 19.06.2018
23:35:34 INFO  ProfileMatch              :     lib root package: "com.facebook.all"  (in app: "me.billdietrich.fake_contacts")
23:35:34 INFO  ProfileMatch              : 
23:35:34 INFO  ProfileMatch              :                 name: Facebook
23:35:34 INFO  ProfileMatch              :             category: SocialMedia
23:35:34 INFO  ProfileMatch              :              version: 4.35.0  [OLD VERSION]
23:35:34 INFO  ProfileMatch              :         release-date: 26.07.2018
23:35:34 INFO  ProfileMatch              :     lib root package: "com.facebook.all"  (in app: "me.billdietrich.fake_contacts")
23:35:34 INFO  ProfileMatch              : 
23:35:34 INFO  ProfileMatch              :                 name: Facebook
23:35:34 INFO  ProfileMatch              :             category: SocialMedia
23:35:34 INFO  ProfileMatch              :              version: 4.36.0  [OLD VERSION]
23:35:34 INFO  ProfileMatch              :         release-date: 29.08.2018
23:35:34 INFO  ProfileMatch              :     lib root package: "com.facebook.all"  (in app: "me.billdietrich.fake_contacts")
23:35:34 INFO  ProfileMatch              : 
23:35:34 INFO  ProfileMatch              :                 name: Facebook
23:35:34 INFO  ProfileMatch              :             category: SocialMedia
23:35:34 INFO  ProfileMatch              :              version: 4.36.1  [OLD VERSION]
23:35:34 INFO  ProfileMatch              :         release-date: 15.09.2018
23:35:34 INFO  ProfileMatch              :     lib root package: "com.facebook.all"  (in app: "me.billdietrich.fake_contacts")
23:35:34 INFO  ProfileMatch              : 
23:35:34 INFO  ProfileMatch              :                 name: Facebook
23:35:34 INFO  ProfileMatch              :             category: SocialMedia
23:35:34 INFO  ProfileMatch              :              version: 4.37.0  [OLD VERSION]
23:35:34 INFO  ProfileMatch              :         release-date: 27.09.2018
23:35:34 INFO  ProfileMatch              :     lib root package: "com.facebook.all"  (in app: "me.billdietrich.fake_contacts")
23:35:34 INFO  ProfileMatch              : 
23:35:34 INFO  ProfileMatch              :                 name: Facebook
23:35:34 INFO  ProfileMatch              :             category: SocialMedia
23:35:34 INFO  ProfileMatch              :              version: 4.38.0  [OLD VERSION]
23:35:34 INFO  ProfileMatch              :         release-date: 23.10.2018
23:35:34 INFO  ProfileMatch              :     lib root package: "com.facebook.all"  (in app: "me.billdietrich.fake_contacts")
23:35:34 INFO  ProfileMatch              : 
23:35:34 INFO  ProfileMatch              :                 name: Facebook
23:35:34 INFO  ProfileMatch              :             category: SocialMedia
23:35:34 INFO  ProfileMatch              :              version: 4.38.1  [OLD VERSION]
23:35:34 INFO  ProfileMatch              :         release-date: 31.10.2018
23:35:34 INFO  ProfileMatch              :     lib root package: "com.facebook.all"  (in app: "me.billdietrich.fake_contacts")
23:35:34 INFO  ProfileMatch              : 
23:35:34 INFO  ProfileMatch              :                 name: Facebook
23:35:34 INFO  ProfileMatch              :             category: SocialMedia
23:35:34 INFO  ProfileMatch              :              version: 4.39.0  [OLD VERSION]
23:35:34 INFO  ProfileMatch              :         release-date: 05.12.2018
23:35:34 INFO  ProfileMatch              :     lib root package: "com.facebook.all"  (in app: "me.billdietrich.fake_contacts")
23:35:34 INFO  ProfileMatch              : 
23:35:34 INFO  ProfileMatch              :                 name: Facebook
23:35:34 INFO  ProfileMatch              :             category: SocialMedia
23:35:34 INFO  ProfileMatch              :              version: 4.40.0  [OLD VERSION]
23:35:34 INFO  ProfileMatch              :         release-date: 22.01.2019
23:35:34 INFO  ProfileMatch              :     lib root package: "com.facebook.all"  (in app: "me.billdietrich.fake_contacts")
23:35:34 INFO  ProfileMatch              : 
23:35:34 INFO  ProfileMatch              :                 name: Facebook
23:35:34 INFO  ProfileMatch              :             category: SocialMedia
23:35:34 INFO  ProfileMatch              :              version: 4.41.0  [OLD VERSION]
23:35:34 INFO  ProfileMatch              :         release-date: 08.03.2019
23:35:34 INFO  ProfileMatch              :     lib root package: "com.facebook.all"  (in app: "me.billdietrich.fake_contacts")
23:35:34 INFO  ProfileMatch              : 
23:35:34 INFO  ProfileMatch              :                 name: Facebook
23:35:34 INFO  ProfileMatch              :             category: SocialMedia
23:35:34 INFO  ProfileMatch              :              version: 4.42.0  [OLD VERSION]
23:35:34 INFO  ProfileMatch              :         release-date: 08.04.2019
23:35:34 INFO  ProfileMatch              :     lib root package: "com.facebook.all"  (in app: "me.billdietrich.fake_contacts")
23:35:34 INFO  ProfileMatch              : 
23:35:34 INFO  ProfileMatch              :                 name: Facebook
23:35:34 INFO  ProfileMatch              :             category: SocialMedia
23:35:34 INFO  ProfileMatch              :              version: 5.0.0  [OLD VERSION]
23:35:34 INFO  ProfileMatch              :         release-date: 30.04.2019
23:35:34 INFO  ProfileMatch              :     lib root package: "com.facebook.all"  (in app: "me.billdietrich.fake_contacts")
23:35:34 INFO  ProfileMatch              : 
23:35:34 INFO  ProfileMatch              :                 name: Facebook
23:35:34 INFO  ProfileMatch              :             category: SocialMedia
23:35:34 INFO  ProfileMatch              :              version: 5.0.1  [OLD VERSION]
23:35:34 INFO  ProfileMatch              :         release-date: 17.05.2019
23:35:34 INFO  ProfileMatch              :     lib root package: "com.facebook.all"  (in app: "me.billdietrich.fake_contacts")
23:35:34 INFO  ProfileMatch              : 
23:35:34 INFO  ProfileMatch              :                 name: Facebook
23:35:34 INFO  ProfileMatch              :             category: SocialMedia
23:35:34 INFO  ProfileMatch              :              version: 5.0.2  [OLD VERSION]
23:35:34 INFO  ProfileMatch              :         release-date: 09.06.2019
23:35:34 INFO  ProfileMatch              :     lib root package: "com.facebook.all"  (in app: "me.billdietrich.fake_contacts")
23:35:34 INFO  ProfileMatch              : 
23:35:34 INFO  ProfileMatch              :                 name: Facebook
23:35:34 INFO  ProfileMatch              :             category: SocialMedia
23:35:34 INFO  ProfileMatch              :              version: 5.0.3  [OLD VERSION]
23:35:34 INFO  ProfileMatch              :         release-date: 14.06.2019
23:35:34 INFO  ProfileMatch              :     lib root package: "com.facebook.all"  (in app: "me.billdietrich.fake_contacts")
23:35:34 INFO  ProfileMatch              : 
23:35:34 INFO  ProfileMatch              :                 name: Facebook
23:35:34 INFO  ProfileMatch              :             category: SocialMedia
23:35:34 INFO  ProfileMatch              :              version: 5.1.0  [OLD VERSION]
23:35:34 INFO  ProfileMatch              :         release-date: 21.06.2019
23:35:34 INFO  ProfileMatch              :     lib root package: "com.facebook.all"  (in app: "me.billdietrich.fake_contacts")
23:35:34 INFO  ProfileMatch              : 
23:35:34 INFO  ProfileMatch              :                 name: Facebook
23:35:34 INFO  ProfileMatch              :             category: SocialMedia
23:35:34 INFO  ProfileMatch              :              version: 5.1.1  [OLD VERSION]
23:35:34 INFO  ProfileMatch              :         release-date: 02.07.2019
23:35:34 INFO  ProfileMatch              :     lib root package: "com.facebook.all"  (in app: "me.billdietrich.fake_contacts")
23:35:34 INFO  ProfileMatch              : 
23:35:34 INFO  ProfileMatch              :                 name: Facebook
23:35:34 INFO  ProfileMatch              :             category: SocialMedia
23:35:34 INFO  ProfileMatch              :              version: 5.2.0  [OLD VERSION]
23:35:34 INFO  ProfileMatch              :         release-date: 29.07.2019
23:35:34 INFO  ProfileMatch              :     lib root package: "com.facebook.all"  (in app: "me.billdietrich.fake_contacts")
23:35:34 INFO  ProfileMatch              : 
23:35:34 INFO  ProfileMatch              :                 name: Facebook
23:35:34 INFO  ProfileMatch              :             category: SocialMedia
23:35:34 INFO  ProfileMatch              :              version: 5.4.0  [OLD VERSION]
23:35:34 INFO  ProfileMatch              :         release-date: 16.08.2019
23:35:34 INFO  ProfileMatch              :     lib root package: "com.facebook.all"  (in app: "me.billdietrich.fake_contacts")
23:35:34 INFO  ProfileMatch              : 
23:35:34 INFO  ProfileMatch              :                 name: Facebook
23:35:34 INFO  ProfileMatch              :             category: SocialMedia
23:35:34 INFO  ProfileMatch              :              version: 5.5.0  [OLD VERSION]
23:35:34 INFO  ProfileMatch              :         release-date: 31.08.2019
23:35:34 INFO  ProfileMatch              :     lib root package: "com.facebook.all"  (in app: "me.billdietrich.fake_contacts")
23:35:34 INFO  ProfileMatch              : 
23:35:34 INFO  ProfileMatch              :                 name: Facebook
23:35:34 INFO  ProfileMatch              :             category: SocialMedia
23:35:34 INFO  ProfileMatch              :              version: 5.5.1  [OLD VERSION]
23:35:34 INFO  ProfileMatch              :         release-date: 06.09.2019
23:35:34 INFO  ProfileMatch              :     lib root package: "com.facebook.all"  (in app: "me.billdietrich.fake_contacts")
23:35:34 INFO  ProfileMatch              : 
23:35:34 INFO  ProfileMatch              :                 name: Facebook
23:35:34 INFO  ProfileMatch              :             category: SocialMedia
23:35:34 INFO  ProfileMatch              :              version: 5.5.2  [OLD VERSION]
23:35:34 INFO  ProfileMatch              :         release-date: 05.10.2019
23:35:34 INFO  ProfileMatch              :     lib root package: "com.facebook.all"  (in app: "me.billdietrich.fake_contacts")
23:35:34 INFO  ProfileMatch              : 
23:35:34 INFO  ProfileMatch              :                 name: Facebook
23:35:34 INFO  ProfileMatch              :             category: SocialMedia
23:35:34 INFO  ProfileMatch              :              version: 5.8.0  [OLD VERSION]
23:35:34 INFO  ProfileMatch              :         release-date: 08.10.2019
23:35:34 INFO  ProfileMatch              :     lib root package: "com.facebook.all"  (in app: "me.billdietrich.fake_contacts")
23:35:34 INFO  ProfileMatch              : 
23:35:34 INFO  ProfileMatch              :                 name: Facebook
23:35:34 INFO  ProfileMatch              :             category: SocialMedia
23:35:34 INFO  ProfileMatch              :              version: 5.9.0  [OLD VERSION]
23:35:34 INFO  ProfileMatch              :         release-date: 29.10.2019
23:35:34 INFO  ProfileMatch              :     lib root package: "com.facebook.all"  (in app: "me.billdietrich.fake_contacts")
23:35:34 INFO  ProfileMatch              : 
23:35:34 INFO  ProfileMatch              :                 name: Facebook
23:35:34 INFO  ProfileMatch              :             category: SocialMedia
23:35:34 INFO  ProfileMatch              :              version: 5.11.0  [OLD VERSION]
23:35:34 INFO  ProfileMatch              :         release-date: 15.11.2019
23:35:34 INFO  ProfileMatch              :     lib root package: "com.facebook.all"  (in app: "me.billdietrich.fake_contacts")
23:35:34 INFO  ProfileMatch              : 
23:35:34 INFO  ProfileMatch              :                 name: Facebook
23:35:34 INFO  ProfileMatch              :             category: SocialMedia
23:35:34 INFO  ProfileMatch              :              version: 5.11.1  [OLD VERSION]
23:35:34 INFO  ProfileMatch              :         release-date: 21.11.2019
23:35:34 INFO  ProfileMatch              :     lib root package: "com.facebook.all"  (in app: "me.billdietrich.fake_contacts")
23:35:34 INFO  ProfileMatch              : 
23:35:34 INFO  ProfileMatch              :                 name: Facebook
23:35:34 INFO  ProfileMatch              :             category: SocialMedia
23:35:34 INFO  ProfileMatch              :              version: 5.11.2  [OLD VERSION]
23:35:34 INFO  ProfileMatch              :         release-date: 22.11.2019
23:35:34 INFO  ProfileMatch              :     lib root package: "com.facebook.all"  (in app: "me.billdietrich.fake_contacts")
23:35:34 INFO  ProfileMatch              : 
23:35:34 INFO  ProfileMatch              :                 name: Facebook
23:35:34 INFO  ProfileMatch              :             category: SocialMedia
23:35:34 INFO  ProfileMatch              :              version: 5.12.0  [OLD VERSION]
23:35:34 INFO  ProfileMatch              :         release-date: 04.12.2019
23:35:34 INFO  ProfileMatch              :     lib root package: "com.facebook.all"  (in app: "me.billdietrich.fake_contacts")
23:35:34 INFO  ProfileMatch              : 
23:35:34 INFO  ProfileMatch              :                 name: Facebook
23:35:34 INFO  ProfileMatch              :             category: SocialMedia
23:35:34 INFO  ProfileMatch              :              version: 5.12.1  [OLD VERSION]
23:35:34 INFO  ProfileMatch              :         release-date: 09.12.2019
23:35:34 INFO  ProfileMatch              :     lib root package: "com.facebook.all"  (in app: "me.billdietrich.fake_contacts")
23:35:34 INFO  ProfileMatch              : 
23:35:34 INFO  ProfileMatch              :                 name: Facebook
23:35:34 INFO  ProfileMatch              :             category: SocialMedia
23:35:34 INFO  ProfileMatch              :              version: 5.13.0  [OLD VERSION]
23:35:34 INFO  ProfileMatch              :         release-date: 12.12.2019
23:35:34 INFO  ProfileMatch              :     lib root package: "com.facebook.all"  (in app: "me.billdietrich.fake_contacts")
23:35:34 INFO  ProfileMatch              : 
23:35:34 INFO  ProfileMatch              :                 name: Facebook
23:35:34 INFO  ProfileMatch              :             category: SocialMedia
23:35:34 INFO  ProfileMatch              :              version: 5.15.0  [OLD VERSION]
23:35:34 INFO  ProfileMatch              :         release-date: 21.01.2020
23:35:34 INFO  ProfileMatch              :     lib root package: "com.facebook.all"  (in app: "me.billdietrich.fake_contacts")
23:35:34 INFO  ProfileMatch              : 
23:35:34 INFO  ProfileMatch              :                 name: Facebook
23:35:34 INFO  ProfileMatch              :             category: SocialMedia
23:35:34 INFO  ProfileMatch              :              version: 5.15.1  [OLD VERSION]
23:35:34 INFO  ProfileMatch              :         release-date: 29.01.2020
23:35:34 INFO  ProfileMatch              :     lib root package: "com.facebook.all"  (in app: "me.billdietrich.fake_contacts")
23:35:34 INFO  ProfileMatch              : 
23:35:34 INFO  ProfileMatch              :                 name: Facebook
23:35:34 INFO  ProfileMatch              :             category: SocialMedia
23:35:34 INFO  ProfileMatch              :              version: 5.15.2  [OLD VERSION]
23:35:34 INFO  ProfileMatch              :         release-date: 03.02.2020
23:35:34 INFO  ProfileMatch              :     lib root package: "com.facebook.all"  (in app: "me.billdietrich.fake_contacts")
23:35:34 INFO  ProfileMatch              : 
23:35:34 INFO  ProfileMatch              :                 name: Facebook
23:35:34 INFO  ProfileMatch              :             category: SocialMedia
23:35:34 INFO  ProfileMatch              :              version: 5.15.3  [OLD VERSION]
23:35:34 INFO  ProfileMatch              :         release-date: 03.02.2020
23:35:34 INFO  ProfileMatch              :     lib root package: "com.facebook.all"  (in app: "me.billdietrich.fake_contacts")
23:35:34 INFO  ProfileMatch              : 
23:35:34 INFO  ProfileMatch              :                 name: Facebook
23:35:34 INFO  ProfileMatch              :             category: SocialMedia
23:35:34 INFO  ProfileMatch              :              version: 6.0.0  [OLD VERSION]
23:35:34 INFO  ProfileMatch              :         release-date: 03.02.2020
23:35:34 INFO  ProfileMatch              :     lib root package: "com.facebook.all"  (in app: "me.billdietrich.fake_contacts")
23:35:34 INFO  ProfileMatch              : 
23:35:34 INFO  ProfileMatch              :                 name: Facebook
23:35:34 INFO  ProfileMatch              :             category: SocialMedia
23:35:34 INFO  ProfileMatch              :              version: 6.1.0  [OLD VERSION]
23:35:34 INFO  ProfileMatch              :         release-date: 14.02.2020
23:35:34 INFO  ProfileMatch              :     lib root package: "com.facebook.all"  (in app: "me.billdietrich.fake_contacts")
23:35:34 INFO  ProfileMatch              : 
23:35:34 INFO  ProfileMatch              :                 name: Facebook
23:35:34 INFO  ProfileMatch              :             category: SocialMedia
23:35:34 INFO  ProfileMatch              :              version: 6.2.0  [OLD VERSION]
23:35:34 INFO  ProfileMatch              :         release-date: 09.03.2020
23:35:34 INFO  ProfileMatch              :     lib root package: "com.facebook.all"  (in app: "me.billdietrich.fake_contacts")
23:35:34 INFO  ProfileMatch              : 
23:35:34 INFO  ProfileMatch              :                 name: Facebook
23:35:34 INFO  ProfileMatch              :             category: SocialMedia
23:35:34 INFO  ProfileMatch              :              version: 6.3.0  [OLD VERSION]
23:35:34 INFO  ProfileMatch              :         release-date: 25.03.2020
23:35:34 INFO  ProfileMatch              :     lib root package: "com.facebook.all"  (in app: "me.billdietrich.fake_contacts")
23:35:34 INFO  ProfileMatch              : 
23:35:34 INFO  ProfileMatch              :                 name: Facebook
23:35:34 INFO  ProfileMatch              :             category: SocialMedia
23:35:34 INFO  ProfileMatch              :              version: 6.4.0  [OLD VERSION]
23:35:34 INFO  ProfileMatch              :         release-date: 15.04.2020
23:35:34 INFO  ProfileMatch              :     lib root package: "com.facebook.all"  (in app: "me.billdietrich.fake_contacts")
23:35:34 INFO  ProfileMatch              : 
23:35:34 INFO  ProfileMatch              :                 name: Facebook
23:35:34 INFO  ProfileMatch              :             category: SocialMedia
23:35:34 INFO  ProfileMatch              :              version: 6.5.0  [OLD VERSION]
23:35:34 INFO  ProfileMatch              :         release-date: 20.04.2020
23:35:34 INFO  ProfileMatch              :     lib root package: "com.facebook.all"  (in app: "me.billdietrich.fake_contacts")
23:35:34 INFO  ProfileMatch              : 
23:35:34 INFO  ProfileMatch              :                 name: Facebook
23:35:34 INFO  ProfileMatch              :             category: SocialMedia
23:35:34 INFO  ProfileMatch              :              version: 6.5.1  [OLD VERSION]
23:35:34 INFO  ProfileMatch              :         release-date: 23.04.2020
23:35:34 INFO  ProfileMatch              :     lib root package: "com.facebook.all"  (in app: "me.billdietrich.fake_contacts")
23:35:34 INFO  ProfileMatch              : 
23:35:34 INFO  ProfileMatch              :                 name: Facebook
23:35:34 INFO  ProfileMatch              :             category: SocialMedia
23:35:34 INFO  ProfileMatch              :              version: 7.0.0  [OLD VERSION]
23:35:34 INFO  ProfileMatch              :         release-date: 05.05.2020
23:35:34 INFO  ProfileMatch              :     lib root package: "com.facebook.all"  (in app: "me.billdietrich.fake_contacts")
23:35:34 INFO  ProfileMatch              : 
23:35:34 INFO  ProfileMatch              :                 name: Facebook
23:35:34 INFO  ProfileMatch              :             category: SocialMedia
23:35:34 INFO  ProfileMatch              :              version: 7.0.1  [OLD VERSION]
23:35:34 INFO  ProfileMatch              :         release-date: 09.06.2020
23:35:34 INFO  ProfileMatch              :     lib root package: "com.facebook.all"  (in app: "me.billdietrich.fake_contacts")
23:35:34 INFO  ProfileMatch              : 
23:35:34 INFO  ProfileMatch              :                 name: Facebook
23:35:34 INFO  ProfileMatch              :             category: SocialMedia
23:35:34 INFO  ProfileMatch              :              version: 7.1.0  [OLD VERSION]
23:35:34 INFO  ProfileMatch              :         release-date: 23.06.2020
23:35:34 INFO  ProfileMatch              :     lib root package: "com.facebook.all"  (in app: "me.billdietrich.fake_contacts")
23:35:34 INFO  ProfileMatch              : 
23:35:34 INFO  ProfileMatch              :                 name: Facebook
23:35:34 INFO  ProfileMatch              :             category: SocialMedia
23:35:34 INFO  ProfileMatch              :              version: 8.0.0  [OLD VERSION]
23:35:34 INFO  ProfileMatch              :         release-date: 28.09.2020
23:35:34 INFO  ProfileMatch              :     lib root package: "com.facebook.all"  (in app: "me.billdietrich.fake_contacts")
23:35:34 INFO  ProfileMatch              : 
23:35:34 INFO  ProfileMatch              :                 name: Facebook
23:35:34 INFO  ProfileMatch              :             category: SocialMedia
23:35:34 INFO  ProfileMatch              :              version: 8.1.0  [OLD VERSION]
23:35:34 INFO  ProfileMatch              :         release-date: 14.10.2020
23:35:34 INFO  ProfileMatch              :     lib root package: "com.facebook.all"  (in app: "me.billdietrich.fake_contacts")
23:35:34 INFO  ProfileMatch              : 
23:35:34 INFO  ProfileMatch              :                 name: Facebook
23:35:34 INFO  ProfileMatch              :             category: SocialMedia
23:35:34 INFO  ProfileMatch              :              version: 8.2.0  [OLD VERSION]
23:35:34 INFO  ProfileMatch              :         release-date: 18.12.2020
23:35:34 INFO  ProfileMatch              :     lib root package: "com.facebook.all"  (in app: "me.billdietrich.fake_contacts")
23:35:34 INFO  ProfileMatch              : 
23:35:34 INFO  ProfileMatch              :                 name: Facebook
23:35:34 INFO  ProfileMatch              :             category: SocialMedia
23:35:34 INFO  ProfileMatch              :              version: 9.0.0  [OLD VERSION]
23:35:34 INFO  ProfileMatch              :         release-date: 19.01.2021
23:35:34 INFO  ProfileMatch              :     lib root package: "com.facebook.all"  (in app: "me.billdietrich.fake_contacts")
23:35:34 INFO  ProfileMatch              : 
23:35:34 INFO  ProfileMatch              :                 name: Facebook
23:35:34 INFO  ProfileMatch              :             category: SocialMedia
23:35:34 INFO  ProfileMatch              :              version: 9.1.0  [OLD VERSION]
23:35:34 INFO  ProfileMatch              :         release-date: 15.03.2021
23:35:34 INFO  ProfileMatch              :     lib root package: "com.facebook.all"  (in app: "me.billdietrich.fake_contacts")
23:35:34 INFO  ProfileMatch              : 
23:35:34 INFO  ProfileMatch              :                 name: Facebook
23:35:34 INFO  ProfileMatch              :             category: SocialMedia
23:35:34 INFO  ProfileMatch              :              version: 9.1.1  [OLD VERSION]
23:35:34 INFO  ProfileMatch              :         release-date: 12.04.2021
23:35:34 INFO  ProfileMatch              :     lib root package: "com.facebook.all"  (in app: "me.billdietrich.fake_contacts")
23:35:34 INFO  ProfileMatch              : 
23:35:34 INFO  ProfileMatch              :                 name: Facebook
23:35:34 INFO  ProfileMatch              :             category: SocialMedia
23:35:34 INFO  ProfileMatch              :              version: 11.0.0  [OLD VERSION]
23:35:34 INFO  ProfileMatch              :         release-date: 08.06.2021
23:35:34 INFO  ProfileMatch              :     lib root package: "com.facebook.all"  (in app: "me.billdietrich.fake_contacts")
23:35:34 INFO  ProfileMatch              : 
23:35:34 INFO  ProfileMatch              :                 name: Facebook
23:35:34 INFO  ProfileMatch              :             category: SocialMedia
23:35:34 INFO  ProfileMatch              :              version: 11.1.0  [OLD VERSION]
23:35:34 INFO  ProfileMatch              :         release-date: 06.07.2021
23:35:34 INFO  ProfileMatch              :     lib root package: "com.facebook.all"  (in app: "me.billdietrich.fake_contacts")
23:35:34 INFO  ProfileMatch              : 
23:35:34 INFO  ProfileMatch              :                 name: Facebook
23:35:34 INFO  ProfileMatch              :             category: SocialMedia
23:35:34 INFO  ProfileMatch              :              version: 11.1.1  [OLD VERSION]
23:35:34 INFO  ProfileMatch              :         release-date: 19.07.2021
23:35:34 INFO  ProfileMatch              :     lib root package: "com.facebook.all"  (in app: "me.billdietrich.fake_contacts")
23:35:34 INFO  ProfileMatch              : 
23:35:34 INFO  ProfileMatch              :                 name: Facebook
23:35:34 INFO  ProfileMatch              :             category: SocialMedia
23:35:34 INFO  ProfileMatch              :              version: 11.2.0  [OLD VERSION]
23:35:34 INFO  ProfileMatch              :         release-date: 03.08.2021
23:35:34 INFO  ProfileMatch              :     lib root package: "com.facebook.all"  (in app: "me.billdietrich.fake_contacts")
23:35:34 INFO  ProfileMatch              : 
23:35:34 INFO  ProfileMatch              :                 name: Facebook
23:35:34 INFO  ProfileMatch              :             category: SocialMedia
23:35:34 INFO  ProfileMatch              :              version: 11.3.0  [OLD VERSION]
23:35:34 INFO  ProfileMatch              :         release-date: 07.09.2021
23:35:34 INFO  ProfileMatch              :     lib root package: "com.facebook.all"  (in app: "me.billdietrich.fake_contacts")
23:35:34 INFO  ProfileMatch              : 
23:35:34 INFO  ProfileMatch              :                 name: Facebook
23:35:34 INFO  ProfileMatch              :             category: SocialMedia
23:35:34 INFO  ProfileMatch              :              version: 12.0.0  [OLD VERSION]
23:35:34 INFO  ProfileMatch              :         release-date: 05.10.2021
23:35:34 INFO  ProfileMatch              :     lib root package: "com.facebook.all"  (in app: "me.billdietrich.fake_contacts")
23:35:34 INFO  ProfileMatch              : 
23:35:34 INFO  ProfileMatch              :                 name: Facebook
23:35:34 INFO  ProfileMatch              :             category: SocialMedia
23:35:34 INFO  ProfileMatch              :              version: 12.0.1  [OLD VERSION]
23:35:34 INFO  ProfileMatch              :         release-date: 13.10.2021
23:35:34 INFO  ProfileMatch              :     lib root package: "com.facebook.all"  (in app: "me.billdietrich.fake_contacts")
23:35:34 INFO  ProfileMatch              : 
23:35:34 INFO  ProfileMatch              :                 name: Facebook
23:35:34 INFO  ProfileMatch              :             category: SocialMedia
23:35:34 INFO  ProfileMatch              :              version: 12.1.0  [OLD VERSION]
23:35:34 INFO  ProfileMatch              :         release-date: 01.11.2021
23:35:34 INFO  ProfileMatch              :     lib root package: "com.facebook.all"  (in app: "me.billdietrich.fake_contacts")
23:35:34 INFO  ProfileMatch              : 
23:35:34 INFO  ProfileMatch              :                 name: Facebook
23:35:34 INFO  ProfileMatch              :             category: SocialMedia
23:35:34 INFO  ProfileMatch              :              version: 12.2.0  [OLD VERSION]
23:35:34 INFO  ProfileMatch              :         release-date: 06.12.2021
23:35:34 INFO  ProfileMatch              :     lib root package: "com.facebook.all"  (in app: "me.billdietrich.fake_contacts")
23:35:34 INFO  ProfileMatch              : 
23:35:34 INFO  ProfileMatch              :                 name: Facebook
23:35:34 INFO  ProfileMatch              :             category: SocialMedia
23:35:34 INFO  ProfileMatch              :              version: 12.3.0  [OLD VERSION]
23:35:34 INFO  ProfileMatch              :         release-date: 10.01.2022
23:35:34 INFO  ProfileMatch              :     lib root package: "com.facebook.all"  (in app: "me.billdietrich.fake_contacts")
23:35:34 INFO  ProfileMatch              : 
23:35:34 INFO  ProfileMatch              :                 name: Facebook
23:35:34 INFO  ProfileMatch              :             category: SocialMedia
23:35:34 INFO  ProfileMatch              :              version: 13.0.0  [OLD VERSION]
23:35:34 INFO  ProfileMatch              :         release-date: 23.02.2022
23:35:34 INFO  ProfileMatch              :     lib root package: "com.facebook.all"  (in app: "me.billdietrich.fake_contacts")
23:35:34 INFO  ProfileMatch              : 
23:35:34 INFO  ProfileMatch              :                 name: Facebook
23:35:34 INFO  ProfileMatch              :             category: SocialMedia
23:35:34 INFO  ProfileMatch              :              version: 13.1.0  [OLD VERSION]
23:35:34 INFO  ProfileMatch              :         release-date: 21.03.2022
23:35:34 INFO  ProfileMatch              :     lib root package: "com.facebook.all"  (in app: "me.billdietrich.fake_contacts")
23:35:34 INFO  ProfileMatch              : 
23:35:34 INFO  ProfileMatch              :                 name: Facebook
23:35:34 INFO  ProfileMatch              :             category: SocialMedia
23:35:34 INFO  ProfileMatch              :              version: 13.2.0  [OLD VERSION]
23:35:34 INFO  ProfileMatch              :         release-date: 22.04.2022
23:35:34 INFO  ProfileMatch              :     lib root package: "com.facebook.all"  (in app: "me.billdietrich.fake_contacts")
23:35:34 INFO  ProfileMatch              : 
23:35:34 INFO  ProfileMatch              :                 name: Facebook
23:35:34 INFO  ProfileMatch              :             category: SocialMedia
23:35:34 INFO  ProfileMatch              :              version: 14.0.0
23:35:34 INFO  ProfileMatch              :         release-date: 14.06.2022
23:35:34 INFO  ProfileMatch              :     lib root package: "com.facebook.all"  (in app: "me.billdietrich.fake_contacts")
23:35:34 INFO  ProfileMatch              : 
23:35:35 INFO  LibraryIdentifier         : 
23:35:35 INFO  LibraryIdentifier         : - Partial library matches:
23:35:35 INFO  LibraryIdentifier         : 
23:35:35 INFO  LibraryIdentifier         : App processing time: 8 sec, 775 ms
