04:35:15 INFO  LibraryIdentifier         : Process app: org.unifiedpush.example_14.apk
04:35:15 INFO  LibraryIdentifier         : = Manifest Parser =
04:35:15 INFO  LibraryIdentifier         :         Package name: org.unifiedpush.example
04:35:15 INFO  LibraryIdentifier         :         Version code: 14
04:35:15 INFO  LibraryIdentifier         :        minSdkVersion: 24
04:35:15 INFO  LibraryIdentifier         :     targetSdkVersion: 30
04:35:15 INFO  LibraryIdentifier         :         SharedUserId:  - none -
04:35:15 INFO  LibraryIdentifier         :     Library dependencies:
04:35:15 INFO  LibraryIdentifier         : 
04:35:15 INFO  LibraryIdentifier         : Found 402 unique libraries in 12405 library profiles
04:35:16 INFO  LibraryIdentifier         : Generated class hierarchy (in 662 ms)
04:35:16 INFO  WalaUtils                 : 
04:35:16 INFO  WalaUtils                 : = ClassHierarchy Stats =
04:35:16 INFO  WalaUtils                 :     # of classes: 4122
04:35:16 INFO  WalaUtils                 :     # thereof inner classes: 2229
04:35:16 INFO  WalaUtils                 :     # thereof public classes: 2262
04:35:16 INFO  WalaUtils                 :         Activity : 6
04:35:16 INFO  WalaUtils                 :         Application : 0
04:35:16 INFO  WalaUtils                 :         AsyncTask : 4
04:35:16 INFO  WalaUtils                 :         BroadcastReceiver : 6
04:35:16 INFO  WalaUtils                 :         ContentProvider : 1
04:35:16 INFO  WalaUtils                 :         Fragment : 1
04:35:16 INFO  WalaUtils                 :         Handler : 4
04:35:16 INFO  WalaUtils                 :         LayoutContainer : 87
04:35:16 INFO  WalaUtils                 :         Plain : 3945
04:35:16 INFO  WalaUtils                 :         Runnable : 0
04:35:16 INFO  WalaUtils                 :         Service : 2
04:35:16 INFO  WalaUtils                 :         Thread : 4
04:35:16 INFO  WalaUtils                 :         View : 62
04:35:16 INFO  WalaUtils                 :     # methods: 34035
04:35:16 INFO  WalaUtils                 :         # of publicly accessible methods: 22776
04:35:16 INFO  WalaUtils                 :         # of non-accessible methods: 11259
04:35:16 INFO  WalaUtils                 : 
04:35:16 INFO  Profile                   : = PackageTree =
04:35:16 INFO  PackageTree               : Root Package: androidx
04:35:16 INFO  PackageTree               : └── Root
04:35:16 INFO  PackageTree               :     ├── androidx
04:35:16 INFO  PackageTree               :     │   ├── constraintlayout
04:35:16 INFO  PackageTree               :     │   │   ├── core (18)
04:35:16 INFO  PackageTree               :     │   │   │   ├── motion (10)
04:35:16 INFO  PackageTree               :     │   │   │   │   ├── utils (55)
04:35:16 INFO  PackageTree               :     │   │   │   │   ├── key (7)
04:35:16 INFO  PackageTree               :     │   │   │   │   └── parse (3)
04:35:16 INFO  PackageTree               :     │   │   │   ├── state (19)
04:35:16 INFO  PackageTree               :     │   │   │   │   └── helpers (8)
04:35:16 INFO  PackageTree               :     │   │   │   ├── parser (13)
04:35:16 INFO  PackageTree               :     │   │   │   └── widgets (18)
04:35:16 INFO  PackageTree               :     │   │   │       └── analyzer (21)
04:35:16 INFO  PackageTree               :     │   │   ├── motion
04:35:16 INFO  PackageTree               :     │   │   │   ├── widget (54)
04:35:16 INFO  PackageTree               :     │   │   │   └── utils (46)
04:35:16 INFO  PackageTree               :     │   │   ├── widget (34)
04:35:16 INFO  PackageTree               :     │   │   ├── utils
04:35:16 INFO  PackageTree               :     │   │   │   └── widget (15)
04:35:16 INFO  PackageTree               :     │   │   └── helper
04:35:16 INFO  PackageTree               :     │   │       └── widget (9)
04:35:16 INFO  PackageTree               :     │   ├── core
04:35:16 INFO  PackageTree               :     │   │   ├── view (148)
04:35:16 INFO  PackageTree               :     │   │   │   ├── accessibility (30)
04:35:16 INFO  PackageTree               :     │   │   │   ├── inputmethod (10)
04:35:16 INFO  PackageTree               :     │   │   │   └── animation (2)
04:35:16 INFO  PackageTree               :     │   │   ├── location (31)
04:35:16 INFO  PackageTree               :     │   │   ├── content (27)
04:35:16 INFO  PackageTree               :     │   │   │   ├── res (24)
04:35:16 INFO  PackageTree               :     │   │   │   └── pm (15)
04:35:16 INFO  PackageTree               :     │   │   ├── util (41)
04:35:16 INFO  PackageTree               :     │   │   ├── os (35)
04:35:16 INFO  PackageTree               :     │   │   ├── provider (31)
04:35:16 INFO  PackageTree               :     │   │   ├── app (108)
04:35:16 INFO  PackageTree               :     │   │   ├── telephony (6)
04:35:16 INFO  PackageTree               :     │   │   │   └── mbms (1)
04:35:16 INFO  PackageTree               :     │   │   ├── hardware
04:35:16 INFO  PackageTree               :     │   │   │   ├── fingerprint (5)
04:35:16 INFO  PackageTree               :     │   │   │   └── display (1)
04:35:16 INFO  PackageTree               :     │   │   ├── text (26)
04:35:16 INFO  PackageTree               :     │   │   │   └── util (6)
04:35:16 INFO  PackageTree               :     │   │   ├── graphics (40)
04:35:16 INFO  PackageTree               :     │   │   │   └── drawable (17)
04:35:16 INFO  PackageTree               :     │   │   ├── widget (41)
04:35:16 INFO  PackageTree               :     │   │   ├── transition (12)
04:35:16 INFO  PackageTree               :     │   │   ├── internal
04:35:16 INFO  PackageTree               :     │   │   │   └── view (3)
04:35:16 INFO  PackageTree               :     │   │   ├── animation (15)
04:35:16 INFO  PackageTree               :     │   │   ├── accessibilityservice (1)
04:35:16 INFO  PackageTree               :     │   │   ├── database (3)
04:35:16 INFO  PackageTree               :     │   │   │   └── sqlite (2)
04:35:16 INFO  PackageTree               :     │   │   ├── net (9)
04:35:16 INFO  PackageTree               :     │   │   └── math (1)
04:35:16 INFO  PackageTree               :     │   ├── documentfile
04:35:16 INFO  PackageTree               :     │   │   └── provider (5)
04:35:16 INFO  PackageTree               :     │   ├── fragment
04:35:16 INFO  PackageTree               :     │   │   └── app (139)
04:35:16 INFO  PackageTree               :     │   ├── annotation (64)
04:35:16 INFO  PackageTree               :     │   │   └── experimental (3)
04:35:16 INFO  PackageTree               :     │   ├── appcompat
04:35:16 INFO  PackageTree               :     │   │   ├── widget (204)
04:35:16 INFO  PackageTree               :     │   │   ├── graphics
04:35:16 INFO  PackageTree               :     │   │   │   └── drawable (17)
04:35:16 INFO  PackageTree               :     │   │   ├── app (90)
04:35:16 INFO  PackageTree               :     │   │   ├── view (14)
04:35:16 INFO  PackageTree               :     │   │   │   └── menu (45)
04:35:16 INFO  PackageTree               :     │   │   ├── content
04:35:16 INFO  PackageTree               :     │   │   │   └── res (2)
04:35:16 INFO  PackageTree               :     │   │   └── text (1)
04:35:16 INFO  PackageTree               :     │   ├── recyclerview
04:35:16 INFO  PackageTree               :     │   │   └── widget (175)
04:35:16 INFO  PackageTree               :     │   ├── transition (133)
04:35:16 INFO  PackageTree               :     │   ├── viewpager
04:35:16 INFO  PackageTree               :     │   │   └── widget (24)
04:35:16 INFO  PackageTree               :     │   ├── cursoradapter
04:35:16 INFO  PackageTree               :     │   │   └── widget (9)
04:35:16 INFO  PackageTree               :     │   ├── dynamicanimation
04:35:16 INFO  PackageTree               :     │   │   └── animation (36)
04:35:16 INFO  PackageTree               :     │   ├── activity (18)
04:35:16 INFO  PackageTree               :     │   │   ├── result (15)
04:35:16 INFO  PackageTree               :     │   │   │   └── contract (17)
04:35:16 INFO  PackageTree               :     │   │   └── contextaware (3)
04:35:16 INFO  PackageTree               :     │   ├── coordinatorlayout
04:35:16 INFO  PackageTree               :     │   │   └── widget (14)
04:35:16 INFO  PackageTree               :     │   ├── loader
04:35:16 INFO  PackageTree               :     │   │   ├── app (7)
04:35:16 INFO  PackageTree               :     │   │   └── content (15)
04:35:16 INFO  PackageTree               :     │   ├── viewpager2
04:35:16 INFO  PackageTree               :     │   │   ├── adapter (13)
04:35:16 INFO  PackageTree               :     │   │   └── widget (32)
04:35:16 INFO  PackageTree               :     │   ├── savedstate (9)
04:35:16 INFO  PackageTree               :     │   ├── arch
04:35:16 INFO  PackageTree               :     │   │   └── core
04:35:16 INFO  PackageTree               :     │   │       ├── executor (6)
04:35:16 INFO  PackageTree               :     │   │       ├── internal (8)
04:35:16 INFO  PackageTree               :     │   │       └── util (1)
04:35:16 INFO  PackageTree               :     │   ├── vectordrawable
04:35:16 INFO  PackageTree               :     │   │   └── graphics
04:35:16 INFO  PackageTree               :     │   │       └── drawable (24)
04:35:16 INFO  PackageTree               :     │   ├── lifecycle (64)
04:35:16 INFO  PackageTree               :     │   ├── customview
04:35:16 INFO  PackageTree               :     │   │   ├── widget (12)
04:35:16 INFO  PackageTree               :     │   │   └── view (3)
04:35:16 INFO  PackageTree               :     │   ├── cardview
04:35:16 INFO  PackageTree               :     │   │   └── widget (12)
04:35:16 INFO  PackageTree               :     │   ├── legacy
04:35:16 INFO  PackageTree               :     │   │   └── content (1)
04:35:16 INFO  PackageTree               :     │   ├── versionedparcelable (15)
04:35:16 INFO  PackageTree               :     │   ├── print (7)
04:35:16 INFO  PackageTree               :     │   ├── collection (17)
04:35:16 INFO  PackageTree               :     │   ├── drawerlayout
04:35:16 INFO  PackageTree               :     │   │   └── widget (11)
04:35:16 INFO  PackageTree               :     │   ├── localbroadcastmanager
04:35:16 INFO  PackageTree               :     │   │   └── content (4)
04:35:16 INFO  PackageTree               :     │   ├── interpolator
04:35:16 INFO  PackageTree               :     │   │   └── view
04:35:16 INFO  PackageTree               :     │   │       └── animation (4)
04:35:16 INFO  PackageTree               :     │   └── tracing (3)
04:35:16 INFO  PackageTree               :     ├── kotlin (109)
04:35:16 INFO  PackageTree               :     │   ├── jvm (21)
04:35:16 INFO  PackageTree               :     │   │   ├── internal (85)
04:35:16 INFO  PackageTree               :     │   │   │   ├── markers (9)
04:35:16 INFO  PackageTree               :     │   │   │   └── unsafe (1)
04:35:16 INFO  PackageTree               :     │   │   └── functions (24)
04:35:16 INFO  PackageTree               :     │   ├── collections (134)
04:35:16 INFO  PackageTree               :     │   │   ├── unsigned (11)
04:35:16 INFO  PackageTree               :     │   │   └── builders (15)
04:35:16 INFO  PackageTree               :     │   ├── internal (18)
04:35:16 INFO  PackageTree               :     │   ├── io (36)
04:35:16 INFO  PackageTree               :     │   ├── time (22)
04:35:16 INFO  PackageTree               :     │   ├── text (68)
04:35:16 INFO  PackageTree               :     │   ├── ranges (37)
04:35:16 INFO  PackageTree               :     │   ├── contracts (11)
04:35:16 INFO  PackageTree               :     │   ├── reflect (47)
04:35:16 INFO  PackageTree               :     │   ├── sequences (81)
04:35:16 INFO  PackageTree               :     │   ├── properties (8)
04:35:16 INFO  PackageTree               :     │   ├── random (15)
04:35:16 INFO  PackageTree               :     │   ├── coroutines (24)
04:35:16 INFO  PackageTree               :     │   │   ├── intrinsics (10)
04:35:16 INFO  PackageTree               :     │   │   ├── jvm
04:35:16 INFO  PackageTree               :     │   │   │   └── internal (16)
04:35:16 INFO  PackageTree               :     │   │   └── cancellation (1)
04:35:16 INFO  PackageTree               :     │   ├── comparisons (23)
04:35:16 INFO  PackageTree               :     │   ├── system (2)
04:35:16 INFO  PackageTree               :     │   ├── experimental (2)
04:35:16 INFO  PackageTree               :     │   ├── math (5)
04:35:16 INFO  PackageTree               :     │   ├── annotation (6)
04:35:16 INFO  PackageTree               :     │   ├── concurrent (5)
04:35:16 INFO  PackageTree               :     │   └── js (1)
04:35:16 INFO  PackageTree               :     ├── com
04:35:16 INFO  PackageTree               :     │   ├── android
04:35:16 INFO  PackageTree               :     │   │   └── volley (68)
04:35:16 INFO  PackageTree               :     │   │       └── toolbox (58)
04:35:16 INFO  PackageTree               :     │   └── google
04:35:16 INFO  PackageTree               :     │       └── android
04:35:16 INFO  PackageTree               :     │           └── material
04:35:16 INFO  PackageTree               :     │               ├── textfield (51)
04:35:16 INFO  PackageTree               :     │               ├── timepicker (42)
04:35:16 INFO  PackageTree               :     │               ├── transition (51)
04:35:16 INFO  PackageTree               :     │               │   └── platform (57)
04:35:16 INFO  PackageTree               :     │               ├── snackbar (41)
04:35:16 INFO  PackageTree               :     │               ├── internal (68)
04:35:16 INFO  PackageTree               :     │               ├── appbar (30)
04:35:16 INFO  PackageTree               :     │               ├── tabs (27)
04:35:16 INFO  PackageTree               :     │               ├── datepicker (69)
04:35:16 INFO  PackageTree               :     │               ├── behavior (7)
04:35:16 INFO  PackageTree               :     │               ├── transformation (15)
04:35:16 INFO  PackageTree               :     │               ├── bottomsheet (22)
04:35:16 INFO  PackageTree               :     │               ├── shape (39)
04:35:16 INFO  PackageTree               :     │               ├── floatingactionbutton (43)
04:35:16 INFO  PackageTree               :     │               ├── button (14)
04:35:16 INFO  PackageTree               :     │               ├── bottomappbar (19)
04:35:16 INFO  PackageTree               :     │               ├── dialog (3)
04:35:16 INFO  PackageTree               :     │               ├── progressindicator (38)
04:35:16 INFO  PackageTree               :     │               ├── card (4)
04:35:16 INFO  PackageTree               :     │               ├── chip (11)
04:35:16 INFO  PackageTree               :     │               ├── slider (21)
04:35:16 INFO  PackageTree               :     │               ├── navigation (22)
04:35:16 INFO  PackageTree               :     │               ├── elevation (1)
04:35:16 INFO  PackageTree               :     │               ├── shadow (3)
04:35:16 INFO  PackageTree               :     │               ├── resources (9)
04:35:16 INFO  PackageTree               :     │               ├── animation (11)
04:35:16 INFO  PackageTree               :     │               ├── bottomnavigation (6)
04:35:16 INFO  PackageTree               :     │               ├── badge (8)
04:35:16 INFO  PackageTree               :     │               ├── theme (1)
04:35:16 INFO  PackageTree               :     │               │   └── overlay (1)
04:35:16 INFO  PackageTree               :     │               ├── navigationrail (3)
04:35:16 INFO  PackageTree               :     │               ├── circularreveal (14)
04:35:16 INFO  PackageTree               :     │               │   ├── coordinatorlayout (1)
04:35:16 INFO  PackageTree               :     │               │   └── cardview (1)
04:35:16 INFO  PackageTree               :     │               ├── tooltip (2)
04:35:16 INFO  PackageTree               :     │               ├── expandable (3)
04:35:16 INFO  PackageTree               :     │               ├── math (1)
04:35:16 INFO  PackageTree               :     │               ├── ripple (3)
04:35:16 INFO  PackageTree               :     │               ├── imageview (2)
04:35:16 INFO  PackageTree               :     │               ├── stateful (2)
04:35:16 INFO  PackageTree               :     │               ├── drawable (1)
04:35:16 INFO  PackageTree               :     │               ├── radiobutton (1)
04:35:16 INFO  PackageTree               :     │               ├── textview (1)
04:35:16 INFO  PackageTree               :     │               ├── canvas (1)
04:35:16 INFO  PackageTree               :     │               ├── color (1)
04:35:16 INFO  PackageTree               :     │               ├── switchmaterial (1)
04:35:16 INFO  PackageTree               :     │               └── checkbox (1)
04:35:16 INFO  PackageTree               :     ├── android
04:35:16 INFO  PackageTree               :     │   └── support
04:35:16 INFO  PackageTree               :     │       └── v4
04:35:16 INFO  PackageTree               :     │           ├── os (8)
04:35:16 INFO  PackageTree               :     │           ├── app (5)
04:35:16 INFO  PackageTree               :     │           └── graphics
04:35:16 INFO  PackageTree               :     │               └── drawable (1)
04:35:16 INFO  PackageTree               :     └── org
04:35:16 INFO  PackageTree               :         ├── unifiedpush
04:35:16 INFO  PackageTree               :         │   ├── example (9)
04:35:16 INFO  PackageTree               :         │   └── android
04:35:16 INFO  PackageTree               :         │       └── connector (4)
04:35:16 INFO  PackageTree               :         ├── jetbrains
04:35:16 INFO  PackageTree               :         │   └── annotations (7)
04:35:16 INFO  PackageTree               :         └── intellij
04:35:16 INFO  PackageTree               :             └── lang
04:35:16 INFO  PackageTree               :                 └── annotations (25)
04:35:16 INFO  Profile                   : 
04:35:16 INFO  AppProfile                : - generated app package tree (in 43 ms)
04:35:16 INFO  AppProfile                : 
04:35:16 DEBUG HashTree                  : Generate hash tree..
04:35:17 DEBUG HashTree                  :     - generated 170 package hashes.
04:35:17 DEBUG HashTree                  :     - generated 3852 clazz hashes.
04:35:17 DEBUG HashTree                  :     - generated 34035 method hashes.
04:35:17 DEBUG HashTree                  :     => Library Hash: a3da889cbd23fded5659f1c94affc742
04:35:17 INFO  AppProfile                : - generated app hash trees (in 515 ms)
04:35:17 INFO  AppProfile                : 
04:35:17 INFO  LibraryIdentifier         : = Scan for library root packages (heuristic) =
04:35:17 INFO  LibraryIdentifier         :     - Found lib root package androidx.annotation  (androidx.annotation::annotation)
04:35:17 INFO  LibraryIdentifier         :     - Found lib root package androidx.appcompat  (androidx.appcompat::appcompat)
04:35:17 INFO  LibraryIdentifier         :     - Found lib root package androidx.arch.core  (androidx.arch.core::core-common)
04:35:17 INFO  LibraryIdentifier         :     - Found lib root package androidx.arch.core.executor  (androidx.arch.core::core-runtime)
04:35:17 INFO  LibraryIdentifier         :     - Found lib root package androidx.cardview.widget  (androidx.cardview::cardview)
04:35:17 INFO  LibraryIdentifier         :     - Found lib root package androidx.collection  (androidx.collection::collection)
04:35:17 INFO  LibraryIdentifier         :     - Found lib root package androidx.collection  (androidx.collection::collection-ktx)
04:35:17 INFO  LibraryIdentifier         :     - Found lib root package androidx.constraintlayout.widget  (androidx.constraintlayout::constraintlayout)
04:35:17 INFO  LibraryIdentifier         :     - Found lib root package androidx.coordinatorlayout.widget  (androidx.coordinatorlayout::coordinatorlayout)
04:35:17 INFO  LibraryIdentifier         :     - Found lib root package androidx.core  (androidx.core::core)
04:35:17 INFO  LibraryIdentifier         :     - Found lib root package androidx  (androidx.core::core-ktx)
04:35:17 INFO  LibraryIdentifier         :     - Found lib root package androidx.cursoradapter.widget  (androidx.cursoradapter::cursoradapter)
04:35:17 INFO  LibraryIdentifier         :     - Found lib root package androidx.customview  (androidx.customview::customview)
04:35:17 INFO  LibraryIdentifier         :     - Found lib root package androidx.documentfile.provider  (androidx.documentfile::documentfile)
04:35:17 INFO  LibraryIdentifier         :     - Found lib root package androidx.drawerlayout.widget  (androidx.drawerlayout::drawerlayout)
04:35:17 INFO  LibraryIdentifier         :     - Found lib root package androidx.dynamicanimation.animation  (androidx.dynamicanimation::dynamicanimation)
04:35:17 INFO  LibraryIdentifier         :     - Found lib root package androidx.fragment.app  (androidx.fragment::fragment)
04:35:17 INFO  LibraryIdentifier         :     - Found lib root package androidx.fragment.app  (androidx.fragment::fragment-ktx)
04:35:17 INFO  LibraryIdentifier         :     - Found lib root package androidx.interpolator.view.animation  (androidx.interpolator::interpolator)
04:35:17 INFO  LibraryIdentifier         :     - Found lib root package androidx.legacy  (androidx.legacy::legacy-support-core-ui)
04:35:17 INFO  LibraryIdentifier         :     - Found lib root package androidx.legacy.content  (androidx.legacy::legacy-support-core-utils)
04:35:17 INFO  LibraryIdentifier         :     - Found lib root package androidx.legacy  (androidx.legacy::legacy-support-v13)
04:35:17 INFO  LibraryIdentifier         :     - Found lib root package androidx.lifecycle  (androidx.lifecycle::lifecycle-common)
04:35:17 INFO  LibraryIdentifier         :     - Found lib root package androidx.lifecycle  (androidx.lifecycle::lifecycle-common-java8)
04:35:17 INFO  LibraryIdentifier         :     - Found lib root package androidx.lifecycle  (androidx.lifecycle::lifecycle-compiler)
04:35:17 INFO  LibraryIdentifier         :     - Found lib root package androidx.lifecycle  (androidx.lifecycle::lifecycle-extensions)
04:35:17 INFO  LibraryIdentifier         :     - Found lib root package androidx.lifecycle  (androidx.lifecycle::lifecycle-livedata)
04:35:17 INFO  LibraryIdentifier         :     - Found lib root package androidx.lifecycle  (androidx.lifecycle::lifecycle-livedata-core)
04:35:17 INFO  LibraryIdentifier         :     - Found lib root package androidx.lifecycle  (androidx.lifecycle::lifecycle-process)
04:35:17 INFO  LibraryIdentifier         :     - Found lib root package androidx.lifecycle  (androidx.lifecycle::lifecycle-reactivestreams)
04:35:17 INFO  LibraryIdentifier         :     - Found lib root package androidx.lifecycle  (androidx.lifecycle::lifecycle-reactivestreams-ktx)
04:35:17 INFO  LibraryIdentifier         :     - Found lib root package androidx.lifecycle  (androidx.lifecycle::lifecycle-runtime)
04:35:17 INFO  LibraryIdentifier         :     - Found lib root package androidx.lifecycle  (androidx.lifecycle::lifecycle-service)
04:35:17 INFO  LibraryIdentifier         :     - Found lib root package androidx.lifecycle  (androidx.lifecycle::lifecycle-viewmodel)
04:35:17 INFO  LibraryIdentifier         :     - Found lib root package androidx.lifecycle  (androidx.lifecycle::lifecycle-viewmodel-ktx)
04:35:17 INFO  LibraryIdentifier         :     - Found lib root package androidx.loader  (androidx.loader::loader)
04:35:17 INFO  LibraryIdentifier         :     - Found lib root package androidx.localbroadcastmanager.content  (androidx.localbroadcastmanager::localbroadcastmanager)
04:35:17 INFO  LibraryIdentifier         :     - Found lib root package androidx.print  (androidx.print::print)
04:35:17 INFO  LibraryIdentifier         :     - Found lib root package androidx.recyclerview.widget  (androidx.recyclerview::recyclerview)
04:35:17 INFO  LibraryIdentifier         :     - Found lib root package androidx.transition  (androidx.transition::transition)
04:35:17 INFO  LibraryIdentifier         :     - Found lib root package androidx.vectordrawable.graphics.drawable  (androidx.vectordrawable::vectordrawable)
04:35:17 INFO  LibraryIdentifier         :     - Found lib root package androidx.vectordrawable.graphics.drawable  (androidx.vectordrawable::vectordrawable-animated)
04:35:17 INFO  LibraryIdentifier         :     - Found lib root package androidx.versionedparcelable  (androidx.versionedparcelable::versionedparcelable)
04:35:17 INFO  LibraryIdentifier         :     - Found lib root package androidx.viewpager.widget  (androidx.viewpager::viewpager)
04:35:17 INFO  LibraryIdentifier         :     - Found lib root package android.support.v4  (com.android.support::customview)
04:35:17 INFO  LibraryIdentifier         :     - Found lib root package android.support.v4  (com.android.support::loader)
04:35:17 INFO  LibraryIdentifier         :     - Found lib root package android.support.v4  (com.android.support::support-compat)
04:35:17 INFO  LibraryIdentifier         :     - Found lib root package android.support.v4  (com.android.support::support-core-ui)
04:35:17 INFO  LibraryIdentifier         :     - Found lib root package android.support.v4  (com.android.support::support-core-utils)
04:35:17 INFO  LibraryIdentifier         :     - Found lib root package android.support.v4.app  (com.android.support::support-fragment)
04:35:17 INFO  LibraryIdentifier         :     - Found lib root package android.support.v4  (com.android.support::support-v4)
04:35:17 INFO  LibraryIdentifier         :     - Found lib root package androidx.versionedparcelable  (com.android.support::versionedparcelable)
04:35:17 INFO  LibraryIdentifier         :     - Found lib root package com.android  (com.android.tools::common)
04:35:17 INFO  LibraryIdentifier         :     - Found lib root package com.android  (com.android.tools::sdk-common)
04:35:17 INFO  LibraryIdentifier         :     - Found lib root package com.google.android.material  (com.google.android.material::material)
04:35:17 INFO  LibraryIdentifier         : 
04:35:17 INFO  LibraryIdentifier         : = Match profiles =
04:36:11 INFO  LibraryIdentifier         :     >> profile matching done (53 sec, 990 ms)
04:36:11 INFO  LibraryIdentifier         : 
04:36:11 INFO  LibraryIdentifier         : == Report ==
04:36:11 INFO  LibraryIdentifier         : - Full library matches:
04:36:11 INFO  ProfileMatch              :                 name: androidx.customview::customview
04:36:11 INFO  ProfileMatch              :             category: Android
04:36:11 INFO  ProfileMatch              :              version: 1.0.0  [OLD VERSION]
04:36:11 INFO  ProfileMatch              :         release-date:  --
04:36:11 INFO  ProfileMatch              :     lib root package: "androidx.customview"
04:36:11 INFO  ProfileMatch              : 
04:36:11 INFO  ProfileMatch              :                 name: androidx.appcompat::appcompat
04:36:11 INFO  ProfileMatch              :             category: Android
04:36:11 INFO  ProfileMatch              :              version: 1.3.0  [OLD VERSION]
04:36:11 INFO  ProfileMatch              :         release-date:  --
04:36:11 INFO  ProfileMatch              :     lib root package: "androidx.appcompat"
04:36:11 INFO  ProfileMatch              : 
04:36:11 INFO  ProfileMatch              :                 name: androidx.appcompat::appcompat
04:36:11 INFO  ProfileMatch              :             category: Android
04:36:11 INFO  ProfileMatch              :              version: 1.3.1  [OLD VERSION]
04:36:11 INFO  ProfileMatch              :         release-date:  --
04:36:11 INFO  ProfileMatch              :     lib root package: "androidx.appcompat"
04:36:11 INFO  ProfileMatch              : 
04:36:11 INFO  ProfileMatch              :                 name: androidx.cursoradapter::cursoradapter
04:36:11 INFO  ProfileMatch              :             category: Android
04:36:11 INFO  ProfileMatch              :              version: 1.0.0
04:36:11 INFO  ProfileMatch              :         release-date:  --
04:36:11 INFO  ProfileMatch              :     lib root package: "androidx.cursoradapter.widget"
04:36:11 INFO  ProfileMatch              : 
04:36:11 INFO  ProfileMatch              :                 name: androidx.recyclerview::recyclerview
04:36:11 INFO  ProfileMatch              :             category: Android
04:36:11 INFO  ProfileMatch              :              version: 1.1.0  [OLD VERSION]
04:36:11 INFO  ProfileMatch              :         release-date:  --
04:36:11 INFO  ProfileMatch              :     lib root package: "androidx.recyclerview.widget"
04:36:11 INFO  ProfileMatch              : 
04:36:11 INFO  ProfileMatch              :                 name: com.android.support::loader
04:36:11 INFO  ProfileMatch              :             category: Android
04:36:11 INFO  ProfileMatch              :              version: 28.0.0
04:36:11 INFO  ProfileMatch              :         release-date:  --
04:36:11 INFO  ProfileMatch              :     lib root package: "android.support.v4"  (in app: "androidx.loader")
04:36:11 INFO  ProfileMatch              : 
04:36:11 INFO  ProfileMatch              :                 name: androidx.annotation::annotation
04:36:11 INFO  ProfileMatch              :             category: Android
04:36:11 INFO  ProfileMatch              :              version: 1.0.1  [OLD VERSION]
04:36:11 INFO  ProfileMatch              :         release-date:  --
04:36:11 INFO  ProfileMatch              :     lib root package: "androidx.annotation"
04:36:11 INFO  ProfileMatch              : 
04:36:11 INFO  ProfileMatch              :                 name: androidx.annotation::annotation
04:36:11 INFO  ProfileMatch              :             category: Android
04:36:11 INFO  ProfileMatch              :              version: 1.0.2  [OLD VERSION]
04:36:11 INFO  ProfileMatch              :         release-date:  --
04:36:11 INFO  ProfileMatch              :     lib root package: "androidx.annotation"
04:36:11 INFO  ProfileMatch              : 
04:36:11 INFO  ProfileMatch              :                 name: androidx.annotation::annotation
04:36:11 INFO  ProfileMatch              :             category: Android
04:36:11 INFO  ProfileMatch              :              version: 1.1.0  [OLD VERSION]
04:36:11 INFO  ProfileMatch              :         release-date:  --
04:36:11 INFO  ProfileMatch              :     lib root package: "androidx.annotation"
04:36:11 INFO  ProfileMatch              : 
04:36:11 INFO  ProfileMatch              :                 name: androidx.annotation::annotation
04:36:11 INFO  ProfileMatch              :             category: Android
04:36:11 INFO  ProfileMatch              :              version: 1.2.0  [OLD VERSION]
04:36:11 INFO  ProfileMatch              :         release-date:  --
04:36:11 INFO  ProfileMatch              :     lib root package: "androidx.annotation"
04:36:11 INFO  ProfileMatch              : 
04:36:11 INFO  ProfileMatch              :                 name: androidx.annotation::annotation
04:36:11 INFO  ProfileMatch              :             category: Android
04:36:11 INFO  ProfileMatch              :              version: 1.3.0  [OLD VERSION]
04:36:11 INFO  ProfileMatch              :         release-date:  --
04:36:11 INFO  ProfileMatch              :     lib root package: "androidx.annotation"
04:36:11 INFO  ProfileMatch              : 
04:36:11 INFO  ProfileMatch              :                 name: androidx.annotation::annotation
04:36:11 INFO  ProfileMatch              :             category: Android
04:36:11 INFO  ProfileMatch              :              version: 1.4.0
04:36:11 INFO  ProfileMatch              :         release-date:  --
04:36:11 INFO  ProfileMatch              :     lib root package: "androidx.annotation"
04:36:11 INFO  ProfileMatch              : 
04:36:11 INFO  ProfileMatch              :                 name: androidx.coordinatorlayout::coordinatorlayout
04:36:11 INFO  ProfileMatch              :             category: Android
04:36:11 INFO  ProfileMatch              :              version: 1.1.0  [OLD VERSION]
04:36:11 INFO  ProfileMatch              :         release-date:  --
04:36:11 INFO  ProfileMatch              :     lib root package: "androidx.coordinatorlayout.widget"
04:36:11 INFO  ProfileMatch              : 
04:36:11 INFO  ProfileMatch              :                 name: com.android.support::localbroadcastmanager
04:36:11 INFO  ProfileMatch              :             category: Android
04:36:11 INFO  ProfileMatch              :              version: 28.0.0
04:36:11 INFO  ProfileMatch              :         release-date:  --
04:36:11 INFO  ProfileMatch              :     lib root package: "android.support.v4.content"  (in app: "androidx.localbroadcastmanager.content")
04:36:11 INFO  ProfileMatch              : 
04:36:11 INFO  ProfileMatch              :                 name: androidx.constraintlayout::constraintlayout
04:36:11 INFO  ProfileMatch              :             category: Android
04:36:11 INFO  ProfileMatch              :              version: 2.1.1  [OLD VERSION]
04:36:11 INFO  ProfileMatch              :         release-date:  --
04:36:11 INFO  ProfileMatch              :     lib root package: "androidx.constraintlayout"
04:36:11 INFO  ProfileMatch              : 
04:36:11 INFO  ProfileMatch              :                 name: com.android.support::customview
04:36:11 INFO  ProfileMatch              :             category: Android
04:36:11 INFO  ProfileMatch              :              version: 28.0.0
04:36:11 INFO  ProfileMatch              :         release-date:  --
04:36:11 INFO  ProfileMatch              :     lib root package: "android.support.v4"  (in app: "androidx.customview")
04:36:11 INFO  ProfileMatch              : 
04:36:11 INFO  ProfileMatch              :                 name: com.android.support::drawerlayout
04:36:11 INFO  ProfileMatch              :             category: Android
04:36:11 INFO  ProfileMatch              :              version: 28.0.0
04:36:11 INFO  ProfileMatch              :         release-date:  --
04:36:11 INFO  ProfileMatch              :     lib root package: "android.support.v4.widget"  (in app: "androidx.drawerlayout.widget")
04:36:11 INFO  ProfileMatch              : 
04:36:11 INFO  ProfileMatch              :                 name: androidx.loader::loader
04:36:11 INFO  ProfileMatch              :             category: Android
04:36:11 INFO  ProfileMatch              :              version: 1.0.0  [OLD VERSION]
04:36:11 INFO  ProfileMatch              :         release-date:  --
04:36:11 INFO  ProfileMatch              :     lib root package: "androidx.loader"
04:36:11 INFO  ProfileMatch              : 
04:36:11 INFO  ProfileMatch              :                 name: androidx.cardview::cardview
04:36:11 INFO  ProfileMatch              :             category: Android
04:36:11 INFO  ProfileMatch              :              version: 1.0.0
04:36:11 INFO  ProfileMatch              :         release-date:  --
04:36:11 INFO  ProfileMatch              :     lib root package: "androidx.cardview.widget"
04:36:11 INFO  ProfileMatch              : 
04:36:11 INFO  ProfileMatch              :                 name: com.android.support::support-dynamic-animation
04:36:11 INFO  ProfileMatch              :             category: Android
04:36:11 INFO  ProfileMatch              :              version: 27.0.0  [OLD VERSION]
04:36:11 INFO  ProfileMatch              :         release-date:  --
04:36:11 INFO  ProfileMatch              :     lib root package: "android.support.animation"  (in app: "androidx.dynamicanimation.animation")
04:36:11 INFO  ProfileMatch              : 
04:36:11 INFO  ProfileMatch              :                 name: com.android.support::support-dynamic-animation
04:36:11 INFO  ProfileMatch              :             category: Android
04:36:11 INFO  ProfileMatch              :              version: 27.0.1  [OLD VERSION]
04:36:11 INFO  ProfileMatch              :         release-date:  --
04:36:11 INFO  ProfileMatch              :     lib root package: "android.support.animation"  (in app: "androidx.dynamicanimation.animation")
04:36:11 INFO  ProfileMatch              : 
04:36:11 INFO  ProfileMatch              :                 name: com.android.support::support-dynamic-animation
04:36:11 INFO  ProfileMatch              :             category: Android
04:36:11 INFO  ProfileMatch              :              version: 27.0.2  [OLD VERSION]
04:36:11 INFO  ProfileMatch              :         release-date:  --
04:36:11 INFO  ProfileMatch              :     lib root package: "android.support.animation"  (in app: "androidx.dynamicanimation.animation")
04:36:11 INFO  ProfileMatch              : 
04:36:11 INFO  ProfileMatch              :                 name: com.android.support::support-dynamic-animation
04:36:11 INFO  ProfileMatch              :             category: Android
04:36:11 INFO  ProfileMatch              :              version: 27.1.0  [OLD VERSION]
04:36:11 INFO  ProfileMatch              :         release-date:  --
04:36:11 INFO  ProfileMatch              :     lib root package: "android.support.animation"  (in app: "androidx.dynamicanimation.animation")
04:36:11 INFO  ProfileMatch              : 
04:36:11 INFO  ProfileMatch              :                 name: com.android.support::support-dynamic-animation
04:36:11 INFO  ProfileMatch              :             category: Android
04:36:11 INFO  ProfileMatch              :              version: 27.1.1  [OLD VERSION]
04:36:11 INFO  ProfileMatch              :         release-date:  --
04:36:11 INFO  ProfileMatch              :     lib root package: "android.support.animation"  (in app: "androidx.dynamicanimation.animation")
04:36:11 INFO  ProfileMatch              : 
04:36:11 INFO  ProfileMatch              :                 name: com.android.support::support-dynamic-animation
04:36:11 INFO  ProfileMatch              :             category: Android
04:36:11 INFO  ProfileMatch              :              version: 28.0.0
04:36:11 INFO  ProfileMatch              :         release-date:  --
04:36:11 INFO  ProfileMatch              :     lib root package: "android.support.animation"  (in app: "androidx.dynamicanimation.animation")
04:36:11 INFO  ProfileMatch              : 
04:36:11 INFO  ProfileMatch              :                 name: androidx.print::print
04:36:11 INFO  ProfileMatch              :             category: Android
04:36:11 INFO  ProfileMatch              :              version: 1.0.0
04:36:11 INFO  ProfileMatch              :         release-date:  --
04:36:11 INFO  ProfileMatch              :     lib root package: "androidx.print"
04:36:11 INFO  ProfileMatch              : 
04:36:11 INFO  ProfileMatch              :                 name: androidx.drawerlayout::drawerlayout
04:36:11 INFO  ProfileMatch              :             category: Android
04:36:11 INFO  ProfileMatch              :              version: 1.0.0  [OLD VERSION]
04:36:11 INFO  ProfileMatch              :         release-date:  --
04:36:11 INFO  ProfileMatch              :     lib root package: "androidx.drawerlayout.widget"
04:36:11 INFO  ProfileMatch              : 
04:36:11 INFO  ProfileMatch              :                 name: com.android.support::support-core-utils
04:36:11 INFO  ProfileMatch              :             category: Android
04:36:11 INFO  ProfileMatch              :              version: 28.0.0
04:36:11 INFO  ProfileMatch              :         release-date:  --
04:36:11 INFO  ProfileMatch              :     lib root package: "android.support.v4.content"  (in app: "androidx.legacy.content")
04:36:11 INFO  ProfileMatch              : 
04:36:11 INFO  ProfileMatch              :                 name: com.android.support::print
04:36:11 INFO  ProfileMatch              :             category: Android
04:36:11 INFO  ProfileMatch              :              version: 28.0.0
04:36:11 INFO  ProfileMatch              :         release-date:  --
04:36:11 INFO  ProfileMatch              :     lib root package: "android.support.v4.print"  (in app: "androidx.print")
04:36:11 INFO  ProfileMatch              : 
04:36:11 INFO  ProfileMatch              :                 name: com.google.android.material::material
04:36:11 INFO  ProfileMatch              :             category: Android
04:36:11 INFO  ProfileMatch              :              version: 1.4.0  [OLD VERSION]
04:36:11 INFO  ProfileMatch              :         release-date:  --
04:36:11 INFO  ProfileMatch              :     lib root package: "com.google.android.material"
04:36:11 INFO  ProfileMatch              : 
04:36:11 INFO  ProfileMatch              :                 name: androidx.dynamicanimation::dynamicanimation
04:36:11 INFO  ProfileMatch              :             category: Android
04:36:11 INFO  ProfileMatch              :              version: 1.0.0
04:36:11 INFO  ProfileMatch              :         release-date:  --
04:36:11 INFO  ProfileMatch              :     lib root package: "androidx.dynamicanimation.animation"
04:36:11 INFO  ProfileMatch              : 
04:36:11 INFO  ProfileMatch              :                 name: androidx.core::core-ktx
04:36:11 INFO  ProfileMatch              :             category: Android
04:36:11 INFO  ProfileMatch              :              version: 1.6.0  [OLD VERSION]
04:36:11 INFO  ProfileMatch              :         release-date:  --
04:36:11 INFO  ProfileMatch              :     lib root package: "androidx.core"
04:36:11 INFO  ProfileMatch              : 
04:36:11 INFO  ProfileMatch              :                 name: androidx.arch.core::core-runtime
04:36:11 INFO  ProfileMatch              :             category: Android
04:36:11 INFO  ProfileMatch              :              version: 2.1.0
04:36:11 INFO  ProfileMatch              :         release-date:  --
04:36:11 INFO  ProfileMatch              :     lib root package: "androidx.arch.core.executor"
04:36:11 INFO  ProfileMatch              : 
04:36:11 INFO  ProfileMatch              :                 name: androidx.arch.core::core-common
04:36:11 INFO  ProfileMatch              :             category: Android
04:36:11 INFO  ProfileMatch              :              version: 2.0.0  [OLD VERSION]
04:36:11 INFO  ProfileMatch              :         release-date:  --
04:36:11 INFO  ProfileMatch              :     lib root package: "androidx.arch.core"
04:36:11 INFO  ProfileMatch              : 
04:36:11 INFO  ProfileMatch              :                 name: androidx.arch.core::core-common
04:36:11 INFO  ProfileMatch              :             category: Android
04:36:11 INFO  ProfileMatch              :              version: 2.0.1  [OLD VERSION]
04:36:11 INFO  ProfileMatch              :         release-date:  --
04:36:11 INFO  ProfileMatch              :     lib root package: "androidx.arch.core"
04:36:11 INFO  ProfileMatch              : 
04:36:11 INFO  ProfileMatch              :                 name: androidx.arch.core::core-common
04:36:11 INFO  ProfileMatch              :             category: Android
04:36:11 INFO  ProfileMatch              :              version: 2.1.0
04:36:11 INFO  ProfileMatch              :         release-date:  --
04:36:11 INFO  ProfileMatch              :     lib root package: "androidx.arch.core"
04:36:11 INFO  ProfileMatch              : 
04:36:11 INFO  ProfileMatch              :                 name: androidx.versionedparcelable::versionedparcelable  [OLD VERSION]
04:36:11 INFO  ProfileMatch              :             category: Android
04:36:11 INFO  ProfileMatch              :              version: 1.1.0  [OLD VERSION]
04:36:11 INFO  ProfileMatch              :         release-date:  --
04:36:11 INFO  ProfileMatch              :     lib root package: "androidx.versionedparcelable"
04:36:11 INFO  ProfileMatch              : 
04:36:11 INFO  ProfileMatch              :                 name: androidx.versionedparcelable::versionedparcelable
04:36:11 INFO  ProfileMatch              :             category: Android
04:36:11 INFO  ProfileMatch              :              version: 1.1.1
04:36:11 INFO  ProfileMatch              :         release-date:  --
04:36:11 INFO  ProfileMatch              :     lib root package: "androidx.versionedparcelable"
04:36:11 INFO  ProfileMatch              : 
04:36:11 INFO  ProfileMatch              :                 name: androidx.collection::collection
04:36:11 INFO  ProfileMatch              :             category: Android
04:36:11 INFO  ProfileMatch              :              version: 1.1.0  [OLD VERSION]
04:36:11 INFO  ProfileMatch              :         release-date:  --
04:36:11 INFO  ProfileMatch              :     lib root package: "androidx.collection"
04:36:11 INFO  ProfileMatch              : 
04:36:11 INFO  ProfileMatch              :                 name: com.android.support::cursoradapter
04:36:11 INFO  ProfileMatch              :             category: Android
04:36:11 INFO  ProfileMatch              :              version: 28.0.0
04:36:11 INFO  ProfileMatch              :         release-date:  --
04:36:11 INFO  ProfileMatch              :     lib root package: "android.support.v4.widget"  (in app: "androidx.cursoradapter.widget")
04:36:11 INFO  ProfileMatch              : 
04:36:11 INFO  ProfileMatch              :                 name: com.android.support::interpolator
04:36:11 INFO  ProfileMatch              :             category: Android
04:36:11 INFO  ProfileMatch              :              version: 28.0.0
04:36:11 INFO  ProfileMatch              :         release-date:  --
04:36:11 INFO  ProfileMatch              :     lib root package: "android.support.v4.view.animation"  (in app: "androidx.interpolator.view.animation")
04:36:11 INFO  ProfileMatch              : 
04:36:11 INFO  ProfileMatch              :                 name: androidx.interpolator::interpolator
04:36:11 INFO  ProfileMatch              :             category: Android
04:36:11 INFO  ProfileMatch              :              version: 1.0.0
04:36:11 INFO  ProfileMatch              :         release-date:  --
04:36:11 INFO  ProfileMatch              :     lib root package: "androidx.interpolator.view.animation"
04:36:11 INFO  ProfileMatch              : 
04:36:11 INFO  ProfileMatch              :                 name: androidx.fragment::fragment
04:36:11 INFO  ProfileMatch              :             category: Android
04:36:11 INFO  ProfileMatch              :              version: 1.3.4  [OLD VERSION]
04:36:11 INFO  ProfileMatch              :         release-date:  --
04:36:11 INFO  ProfileMatch              :     lib root package: "androidx.fragment.app"
04:36:11 INFO  ProfileMatch              : 
04:36:11 INFO  ProfileMatch              :                 name: androidx.fragment::fragment
04:36:11 INFO  ProfileMatch              :             category: Android
04:36:11 INFO  ProfileMatch              :              version: 1.3.5  [OLD VERSION]
04:36:11 INFO  ProfileMatch              :         release-date:  --
04:36:11 INFO  ProfileMatch              :     lib root package: "androidx.fragment.app"
04:36:11 INFO  ProfileMatch              : 
04:36:11 INFO  ProfileMatch              :                 name: androidx.fragment::fragment
04:36:11 INFO  ProfileMatch              :             category: Android
04:36:11 INFO  ProfileMatch              :              version: 1.3.6  [OLD VERSION]
04:36:11 INFO  ProfileMatch              :         release-date:  --
04:36:11 INFO  ProfileMatch              :     lib root package: "androidx.fragment.app"
04:36:11 INFO  ProfileMatch              : 
04:36:11 INFO  ProfileMatch              :                 name: androidx.documentfile::documentfile
04:36:11 INFO  ProfileMatch              :             category: Android
04:36:11 INFO  ProfileMatch              :              version: 1.0.0  [OLD VERSION]
04:36:11 INFO  ProfileMatch              :         release-date:  --
04:36:11 INFO  ProfileMatch              :     lib root package: "androidx.documentfile.provider"
04:36:11 INFO  ProfileMatch              : 
04:36:11 INFO  ProfileMatch              :                 name: androidx.documentfile::documentfile
04:36:11 INFO  ProfileMatch              :             category: Android
04:36:11 INFO  ProfileMatch              :              version: 1.0.1
04:36:11 INFO  ProfileMatch              :         release-date:  --
04:36:11 INFO  ProfileMatch              :     lib root package: "androidx.documentfile.provider"
04:36:11 INFO  ProfileMatch              : 
04:36:11 INFO  ProfileMatch              :                 name: Facebook
04:36:11 INFO  ProfileMatch              :             category: SocialMedia
04:36:11 INFO  ProfileMatch              :              version: 4.27.0  [OLD VERSION]
04:36:11 INFO  ProfileMatch              :         release-date: 26.09.2017
04:36:11 INFO  ProfileMatch              :     lib root package: "com.facebook.all"  (in app: "androidx.constraintlayout.core")
04:36:11 INFO  ProfileMatch              : 
04:36:11 INFO  ProfileMatch              :                 name: Facebook
04:36:11 INFO  ProfileMatch              :             category: SocialMedia
04:36:11 INFO  ProfileMatch              :              version: 4.28.0  [OLD VERSION]
04:36:11 INFO  ProfileMatch              :         release-date: 07.11.2017
04:36:11 INFO  ProfileMatch              :     lib root package: "com.facebook.all"  (in app: "androidx.constraintlayout.core")
04:36:11 INFO  ProfileMatch              : 
04:36:11 INFO  ProfileMatch              :                 name: Facebook
04:36:11 INFO  ProfileMatch              :             category: SocialMedia
04:36:11 INFO  ProfileMatch              :              version: 4.29.0  [OLD VERSION]
04:36:11 INFO  ProfileMatch              :         release-date: 05.12.2017
04:36:11 INFO  ProfileMatch              :     lib root package: "com.facebook.all"  (in app: "androidx.constraintlayout.core")
04:36:11 INFO  ProfileMatch              : 
04:36:11 INFO  ProfileMatch              :                 name: Facebook
04:36:11 INFO  ProfileMatch              :             category: SocialMedia
04:36:11 INFO  ProfileMatch              :              version: 4.30.0  [OLD VERSION]
04:36:11 INFO  ProfileMatch              :         release-date: 24.01.2018
04:36:11 INFO  ProfileMatch              :     lib root package: "com.facebook.all"  (in app: "androidx.constraintlayout.core")
04:36:11 INFO  ProfileMatch              : 
04:36:11 INFO  ProfileMatch              :                 name: Facebook
04:36:11 INFO  ProfileMatch              :             category: SocialMedia
04:36:11 INFO  ProfileMatch              :              version: 4.31.0  [OLD VERSION]
04:36:11 INFO  ProfileMatch              :         release-date: 28.02.2018
04:36:11 INFO  ProfileMatch              :     lib root package: "com.facebook.all"  (in app: "androidx.constraintlayout.core")
04:36:11 INFO  ProfileMatch              : 
04:36:11 INFO  ProfileMatch              :                 name: Facebook
04:36:11 INFO  ProfileMatch              :             category: SocialMedia
04:36:11 INFO  ProfileMatch              :              version: 4.32.0  [OLD VERSION]
04:36:11 INFO  ProfileMatch              :         release-date: 11.04.2018
04:36:11 INFO  ProfileMatch              :     lib root package: "com.facebook.all"  (in app: "androidx.constraintlayout.core")
04:36:11 INFO  ProfileMatch              : 
04:36:11 INFO  ProfileMatch              :                 name: Facebook
04:36:11 INFO  ProfileMatch              :             category: SocialMedia
04:36:11 INFO  ProfileMatch              :              version: 4.33.0  [OLD VERSION]
04:36:11 INFO  ProfileMatch              :         release-date: 01.05.2018
04:36:11 INFO  ProfileMatch              :     lib root package: "com.facebook.all"  (in app: "androidx.constraintlayout.core")
04:36:11 INFO  ProfileMatch              : 
04:36:11 INFO  ProfileMatch              :                 name: Facebook
04:36:11 INFO  ProfileMatch              :             category: SocialMedia
04:36:11 INFO  ProfileMatch              :              version: 4.34.0  [OLD VERSION]
04:36:11 INFO  ProfileMatch              :         release-date: 19.06.2018
04:36:11 INFO  ProfileMatch              :     lib root package: "com.facebook.all"  (in app: "androidx.constraintlayout.core")
04:36:11 INFO  ProfileMatch              : 
04:36:11 INFO  ProfileMatch              :                 name: Facebook
04:36:11 INFO  ProfileMatch              :             category: SocialMedia
04:36:11 INFO  ProfileMatch              :              version: 4.35.0  [OLD VERSION]
04:36:11 INFO  ProfileMatch              :         release-date: 26.07.2018
04:36:11 INFO  ProfileMatch              :     lib root package: "com.facebook.all"  (in app: "androidx.constraintlayout.core")
04:36:11 INFO  ProfileMatch              : 
04:36:11 INFO  ProfileMatch              :                 name: Facebook
04:36:11 INFO  ProfileMatch              :             category: SocialMedia
04:36:11 INFO  ProfileMatch              :              version: 4.36.0  [OLD VERSION]
04:36:11 INFO  ProfileMatch              :         release-date: 29.08.2018
04:36:11 INFO  ProfileMatch              :     lib root package: "com.facebook.all"  (in app: "androidx.constraintlayout.core")
04:36:11 INFO  ProfileMatch              : 
04:36:11 INFO  ProfileMatch              :                 name: Facebook
04:36:11 INFO  ProfileMatch              :             category: SocialMedia
04:36:11 INFO  ProfileMatch              :              version: 4.36.1  [OLD VERSION]
04:36:11 INFO  ProfileMatch              :         release-date: 15.09.2018
04:36:11 INFO  ProfileMatch              :     lib root package: "com.facebook.all"  (in app: "androidx.constraintlayout.core")
04:36:11 INFO  ProfileMatch              : 
04:36:11 INFO  ProfileMatch              :                 name: Facebook
04:36:11 INFO  ProfileMatch              :             category: SocialMedia
04:36:11 INFO  ProfileMatch              :              version: 4.37.0  [OLD VERSION]
04:36:11 INFO  ProfileMatch              :         release-date: 27.09.2018
04:36:11 INFO  ProfileMatch              :     lib root package: "com.facebook.all"  (in app: "androidx.constraintlayout.core")
04:36:11 INFO  ProfileMatch              : 
04:36:11 INFO  ProfileMatch              :                 name: Facebook
04:36:11 INFO  ProfileMatch              :             category: SocialMedia
04:36:11 INFO  ProfileMatch              :              version: 4.38.0  [OLD VERSION]
04:36:11 INFO  ProfileMatch              :         release-date: 23.10.2018
04:36:11 INFO  ProfileMatch              :     lib root package: "com.facebook.all"  (in app: "androidx.constraintlayout.core")
04:36:11 INFO  ProfileMatch              : 
04:36:11 INFO  ProfileMatch              :                 name: Facebook
04:36:11 INFO  ProfileMatch              :             category: SocialMedia
04:36:11 INFO  ProfileMatch              :              version: 4.38.1  [OLD VERSION]
04:36:11 INFO  ProfileMatch              :         release-date: 31.10.2018
04:36:11 INFO  ProfileMatch              :     lib root package: "com.facebook.all"  (in app: "androidx.constraintlayout.core")
04:36:11 INFO  ProfileMatch              : 
04:36:11 INFO  ProfileMatch              :                 name: Facebook
04:36:11 INFO  ProfileMatch              :             category: SocialMedia
04:36:11 INFO  ProfileMatch              :              version: 4.39.0  [OLD VERSION]
04:36:11 INFO  ProfileMatch              :         release-date: 05.12.2018
04:36:11 INFO  ProfileMatch              :     lib root package: "com.facebook.all"  (in app: "androidx.constraintlayout.core")
04:36:11 INFO  ProfileMatch              : 
04:36:11 INFO  ProfileMatch              :                 name: Facebook
04:36:11 INFO  ProfileMatch              :             category: SocialMedia
04:36:11 INFO  ProfileMatch              :              version: 4.40.0  [OLD VERSION]
04:36:11 INFO  ProfileMatch              :         release-date: 22.01.2019
04:36:11 INFO  ProfileMatch              :     lib root package: "com.facebook.all"  (in app: "androidx.constraintlayout.core")
04:36:11 INFO  ProfileMatch              : 
04:36:11 INFO  ProfileMatch              :                 name: Facebook
04:36:11 INFO  ProfileMatch              :             category: SocialMedia
04:36:11 INFO  ProfileMatch              :              version: 4.41.0  [OLD VERSION]
04:36:11 INFO  ProfileMatch              :         release-date: 08.03.2019
04:36:11 INFO  ProfileMatch              :     lib root package: "com.facebook.all"  (in app: "androidx.constraintlayout.core")
04:36:11 INFO  ProfileMatch              : 
04:36:11 INFO  ProfileMatch              :                 name: Facebook
04:36:11 INFO  ProfileMatch              :             category: SocialMedia
04:36:11 INFO  ProfileMatch              :              version: 4.42.0  [OLD VERSION]
04:36:11 INFO  ProfileMatch              :         release-date: 08.04.2019
04:36:11 INFO  ProfileMatch              :     lib root package: "com.facebook.all"  (in app: "androidx.constraintlayout.core")
04:36:11 INFO  ProfileMatch              : 
04:36:11 INFO  ProfileMatch              :                 name: Facebook
04:36:11 INFO  ProfileMatch              :             category: SocialMedia
04:36:11 INFO  ProfileMatch              :              version: 5.0.0  [OLD VERSION]
04:36:11 INFO  ProfileMatch              :         release-date: 30.04.2019
04:36:11 INFO  ProfileMatch              :     lib root package: "com.facebook.all"  (in app: "androidx.constraintlayout.core")
04:36:11 INFO  ProfileMatch              : 
04:36:11 INFO  ProfileMatch              :                 name: Facebook
04:36:11 INFO  ProfileMatch              :             category: SocialMedia
04:36:11 INFO  ProfileMatch              :              version: 5.0.1  [OLD VERSION]
04:36:11 INFO  ProfileMatch              :         release-date: 17.05.2019
04:36:11 INFO  ProfileMatch              :     lib root package: "com.facebook.all"  (in app: "androidx.constraintlayout.core")
04:36:11 INFO  ProfileMatch              : 
04:36:11 INFO  ProfileMatch              :                 name: Facebook
04:36:11 INFO  ProfileMatch              :             category: SocialMedia
04:36:11 INFO  ProfileMatch              :              version: 5.0.2  [OLD VERSION]
04:36:11 INFO  ProfileMatch              :         release-date: 09.06.2019
04:36:11 INFO  ProfileMatch              :     lib root package: "com.facebook.all"  (in app: "androidx.constraintlayout.core")
04:36:11 INFO  ProfileMatch              : 
04:36:11 INFO  ProfileMatch              :                 name: Facebook
04:36:11 INFO  ProfileMatch              :             category: SocialMedia
04:36:11 INFO  ProfileMatch              :              version: 5.0.3  [OLD VERSION]
04:36:11 INFO  ProfileMatch              :         release-date: 14.06.2019
04:36:11 INFO  ProfileMatch              :     lib root package: "com.facebook.all"  (in app: "androidx.constraintlayout.core")
04:36:11 INFO  ProfileMatch              : 
04:36:11 INFO  ProfileMatch              :                 name: Facebook
04:36:11 INFO  ProfileMatch              :             category: SocialMedia
04:36:11 INFO  ProfileMatch              :              version: 5.1.0  [OLD VERSION]
04:36:11 INFO  ProfileMatch              :         release-date: 21.06.2019
04:36:11 INFO  ProfileMatch              :     lib root package: "com.facebook.all"  (in app: "androidx.constraintlayout.core")
04:36:11 INFO  ProfileMatch              : 
04:36:11 INFO  ProfileMatch              :                 name: Facebook
04:36:11 INFO  ProfileMatch              :             category: SocialMedia
04:36:11 INFO  ProfileMatch              :              version: 5.1.1  [OLD VERSION]
04:36:11 INFO  ProfileMatch              :         release-date: 02.07.2019
04:36:11 INFO  ProfileMatch              :     lib root package: "com.facebook.all"  (in app: "androidx.constraintlayout.core")
04:36:11 INFO  ProfileMatch              : 
04:36:11 INFO  ProfileMatch              :                 name: Facebook
04:36:11 INFO  ProfileMatch              :             category: SocialMedia
04:36:11 INFO  ProfileMatch              :              version: 5.2.0  [OLD VERSION]
04:36:11 INFO  ProfileMatch              :         release-date: 29.07.2019
04:36:11 INFO  ProfileMatch              :     lib root package: "com.facebook.all"  (in app: "androidx.constraintlayout.core")
04:36:11 INFO  ProfileMatch              : 
04:36:11 INFO  ProfileMatch              :                 name: Facebook
04:36:11 INFO  ProfileMatch              :             category: SocialMedia
04:36:11 INFO  ProfileMatch              :              version: 5.4.0  [OLD VERSION]
04:36:11 INFO  ProfileMatch              :         release-date: 16.08.2019
04:36:11 INFO  ProfileMatch              :     lib root package: "com.facebook.all"  (in app: "androidx.constraintlayout.core")
04:36:11 INFO  ProfileMatch              : 
04:36:11 INFO  ProfileMatch              :                 name: Facebook
04:36:11 INFO  ProfileMatch              :             category: SocialMedia
04:36:11 INFO  ProfileMatch              :              version: 5.5.0  [OLD VERSION]
04:36:11 INFO  ProfileMatch              :         release-date: 31.08.2019
04:36:11 INFO  ProfileMatch              :     lib root package: "com.facebook.all"  (in app: "androidx.constraintlayout.core")
04:36:11 INFO  ProfileMatch              : 
04:36:11 INFO  ProfileMatch              :                 name: Facebook
04:36:11 INFO  ProfileMatch              :             category: SocialMedia
04:36:11 INFO  ProfileMatch              :              version: 5.5.1  [OLD VERSION]
04:36:11 INFO  ProfileMatch              :         release-date: 06.09.2019
04:36:11 INFO  ProfileMatch              :     lib root package: "com.facebook.all"  (in app: "androidx.constraintlayout.core")
04:36:11 INFO  ProfileMatch              : 
04:36:11 INFO  ProfileMatch              :                 name: Facebook
04:36:11 INFO  ProfileMatch              :             category: SocialMedia
04:36:11 INFO  ProfileMatch              :              version: 5.5.2  [OLD VERSION]
04:36:11 INFO  ProfileMatch              :         release-date: 05.10.2019
04:36:11 INFO  ProfileMatch              :     lib root package: "com.facebook.all"  (in app: "androidx.constraintlayout.core")
04:36:11 INFO  ProfileMatch              : 
04:36:11 INFO  ProfileMatch              :                 name: Facebook
04:36:11 INFO  ProfileMatch              :             category: SocialMedia
04:36:11 INFO  ProfileMatch              :              version: 5.8.0  [OLD VERSION]
04:36:11 INFO  ProfileMatch              :         release-date: 08.10.2019
04:36:11 INFO  ProfileMatch              :     lib root package: "com.facebook.all"  (in app: "androidx.constraintlayout.core")
04:36:11 INFO  ProfileMatch              : 
04:36:11 INFO  ProfileMatch              :                 name: Facebook
04:36:11 INFO  ProfileMatch              :             category: SocialMedia
04:36:11 INFO  ProfileMatch              :              version: 5.9.0  [OLD VERSION]
04:36:11 INFO  ProfileMatch              :         release-date: 29.10.2019
04:36:11 INFO  ProfileMatch              :     lib root package: "com.facebook.all"  (in app: "androidx.constraintlayout.core")
04:36:11 INFO  ProfileMatch              : 
04:36:11 INFO  ProfileMatch              :                 name: Facebook
04:36:11 INFO  ProfileMatch              :             category: SocialMedia
04:36:11 INFO  ProfileMatch              :              version: 5.11.0  [OLD VERSION]
04:36:11 INFO  ProfileMatch              :         release-date: 15.11.2019
04:36:11 INFO  ProfileMatch              :     lib root package: "com.facebook.all"  (in app: "androidx.constraintlayout.core")
04:36:11 INFO  ProfileMatch              : 
04:36:11 INFO  ProfileMatch              :                 name: Facebook
04:36:11 INFO  ProfileMatch              :             category: SocialMedia
04:36:11 INFO  ProfileMatch              :              version: 5.11.1  [OLD VERSION]
04:36:11 INFO  ProfileMatch              :         release-date: 21.11.2019
04:36:11 INFO  ProfileMatch              :     lib root package: "com.facebook.all"  (in app: "androidx.constraintlayout.core")
04:36:11 INFO  ProfileMatch              : 
04:36:11 INFO  ProfileMatch              :                 name: Facebook
04:36:11 INFO  ProfileMatch              :             category: SocialMedia
04:36:11 INFO  ProfileMatch              :              version: 5.11.2  [OLD VERSION]
04:36:11 INFO  ProfileMatch              :         release-date: 22.11.2019
04:36:11 INFO  ProfileMatch              :     lib root package: "com.facebook.all"  (in app: "androidx.constraintlayout.core")
04:36:11 INFO  ProfileMatch              : 
04:36:11 INFO  ProfileMatch              :                 name: Facebook
04:36:11 INFO  ProfileMatch              :             category: SocialMedia
04:36:11 INFO  ProfileMatch              :              version: 5.12.0  [OLD VERSION]
04:36:11 INFO  ProfileMatch              :         release-date: 04.12.2019
04:36:11 INFO  ProfileMatch              :     lib root package: "com.facebook.all"  (in app: "androidx.constraintlayout.core")
04:36:11 INFO  ProfileMatch              : 
04:36:11 INFO  ProfileMatch              :                 name: Facebook
04:36:11 INFO  ProfileMatch              :             category: SocialMedia
04:36:11 INFO  ProfileMatch              :              version: 5.12.1  [OLD VERSION]
04:36:11 INFO  ProfileMatch              :         release-date: 09.12.2019
04:36:11 INFO  ProfileMatch              :     lib root package: "com.facebook.all"  (in app: "androidx.constraintlayout.core")
04:36:11 INFO  ProfileMatch              : 
04:36:11 INFO  ProfileMatch              :                 name: Facebook
04:36:11 INFO  ProfileMatch              :             category: SocialMedia
04:36:11 INFO  ProfileMatch              :              version: 5.13.0  [OLD VERSION]
04:36:11 INFO  ProfileMatch              :         release-date: 12.12.2019
04:36:11 INFO  ProfileMatch              :     lib root package: "com.facebook.all"  (in app: "androidx.constraintlayout.core")
04:36:11 INFO  ProfileMatch              : 
04:36:11 INFO  ProfileMatch              :                 name: Facebook
04:36:11 INFO  ProfileMatch              :             category: SocialMedia
04:36:11 INFO  ProfileMatch              :              version: 5.15.0  [OLD VERSION]
04:36:11 INFO  ProfileMatch              :         release-date: 21.01.2020
04:36:11 INFO  ProfileMatch              :     lib root package: "com.facebook.all"  (in app: "androidx.constraintlayout.core")
04:36:11 INFO  ProfileMatch              : 
04:36:11 INFO  ProfileMatch              :                 name: Facebook
04:36:11 INFO  ProfileMatch              :             category: SocialMedia
04:36:11 INFO  ProfileMatch              :              version: 5.15.1  [OLD VERSION]
04:36:11 INFO  ProfileMatch              :         release-date: 29.01.2020
04:36:11 INFO  ProfileMatch              :     lib root package: "com.facebook.all"  (in app: "androidx.constraintlayout.core")
04:36:11 INFO  ProfileMatch              : 
04:36:11 INFO  ProfileMatch              :                 name: Facebook
04:36:11 INFO  ProfileMatch              :             category: SocialMedia
04:36:11 INFO  ProfileMatch              :              version: 5.15.2  [OLD VERSION]
04:36:11 INFO  ProfileMatch              :         release-date: 03.02.2020
04:36:11 INFO  ProfileMatch              :     lib root package: "com.facebook.all"  (in app: "androidx.constraintlayout.core")
04:36:11 INFO  ProfileMatch              : 
04:36:11 INFO  ProfileMatch              :                 name: Facebook
04:36:11 INFO  ProfileMatch              :             category: SocialMedia
04:36:11 INFO  ProfileMatch              :              version: 5.15.3  [OLD VERSION]
04:36:11 INFO  ProfileMatch              :         release-date: 03.02.2020
04:36:11 INFO  ProfileMatch              :     lib root package: "com.facebook.all"  (in app: "androidx.constraintlayout.core")
04:36:11 INFO  ProfileMatch              : 
04:36:11 INFO  ProfileMatch              :                 name: Facebook
04:36:11 INFO  ProfileMatch              :             category: SocialMedia
04:36:11 INFO  ProfileMatch              :              version: 6.0.0  [OLD VERSION]
04:36:11 INFO  ProfileMatch              :         release-date: 03.02.2020
04:36:11 INFO  ProfileMatch              :     lib root package: "com.facebook.all"  (in app: "androidx.constraintlayout.core")
04:36:11 INFO  ProfileMatch              : 
04:36:11 INFO  ProfileMatch              :                 name: Facebook
04:36:11 INFO  ProfileMatch              :             category: SocialMedia
04:36:11 INFO  ProfileMatch              :              version: 6.1.0  [OLD VERSION]
04:36:11 INFO  ProfileMatch              :         release-date: 14.02.2020
04:36:11 INFO  ProfileMatch              :     lib root package: "com.facebook.all"  (in app: "androidx.constraintlayout.core")
04:36:11 INFO  ProfileMatch              : 
04:36:11 INFO  ProfileMatch              :                 name: Facebook
04:36:11 INFO  ProfileMatch              :             category: SocialMedia
04:36:11 INFO  ProfileMatch              :              version: 6.2.0  [OLD VERSION]
04:36:11 INFO  ProfileMatch              :         release-date: 09.03.2020
04:36:11 INFO  ProfileMatch              :     lib root package: "com.facebook.all"  (in app: "androidx.constraintlayout.core")
04:36:11 INFO  ProfileMatch              : 
04:36:11 INFO  ProfileMatch              :                 name: Facebook
04:36:11 INFO  ProfileMatch              :             category: SocialMedia
04:36:11 INFO  ProfileMatch              :              version: 6.3.0  [OLD VERSION]
04:36:11 INFO  ProfileMatch              :         release-date: 25.03.2020
04:36:11 INFO  ProfileMatch              :     lib root package: "com.facebook.all"  (in app: "androidx.constraintlayout.core")
04:36:11 INFO  ProfileMatch              : 
04:36:11 INFO  ProfileMatch              :                 name: Facebook
04:36:11 INFO  ProfileMatch              :             category: SocialMedia
04:36:11 INFO  ProfileMatch              :              version: 6.4.0  [OLD VERSION]
04:36:11 INFO  ProfileMatch              :         release-date: 15.04.2020
04:36:11 INFO  ProfileMatch              :     lib root package: "com.facebook.all"  (in app: "androidx.constraintlayout.core")
04:36:11 INFO  ProfileMatch              : 
04:36:11 INFO  ProfileMatch              :                 name: Facebook
04:36:11 INFO  ProfileMatch              :             category: SocialMedia
04:36:11 INFO  ProfileMatch              :              version: 6.5.0  [OLD VERSION]
04:36:11 INFO  ProfileMatch              :         release-date: 20.04.2020
04:36:11 INFO  ProfileMatch              :     lib root package: "com.facebook.all"  (in app: "androidx.constraintlayout.core")
04:36:11 INFO  ProfileMatch              : 
04:36:11 INFO  ProfileMatch              :                 name: Facebook
04:36:11 INFO  ProfileMatch              :             category: SocialMedia
04:36:11 INFO  ProfileMatch              :              version: 6.5.1  [OLD VERSION]
04:36:11 INFO  ProfileMatch              :         release-date: 23.04.2020
04:36:11 INFO  ProfileMatch              :     lib root package: "com.facebook.all"  (in app: "androidx.constraintlayout.core")
04:36:11 INFO  ProfileMatch              : 
04:36:11 INFO  ProfileMatch              :                 name: Facebook
04:36:11 INFO  ProfileMatch              :             category: SocialMedia
04:36:11 INFO  ProfileMatch              :              version: 7.0.0  [OLD VERSION]
04:36:11 INFO  ProfileMatch              :         release-date: 05.05.2020
04:36:11 INFO  ProfileMatch              :     lib root package: "com.facebook.all"  (in app: "androidx.constraintlayout.core")
04:36:11 INFO  ProfileMatch              : 
04:36:11 INFO  ProfileMatch              :                 name: Facebook
04:36:11 INFO  ProfileMatch              :             category: SocialMedia
04:36:11 INFO  ProfileMatch              :              version: 7.0.1  [OLD VERSION]
04:36:11 INFO  ProfileMatch              :         release-date: 09.06.2020
04:36:11 INFO  ProfileMatch              :     lib root package: "com.facebook.all"  (in app: "androidx.constraintlayout.core")
04:36:11 INFO  ProfileMatch              : 
04:36:11 INFO  ProfileMatch              :                 name: Facebook
04:36:11 INFO  ProfileMatch              :             category: SocialMedia
04:36:11 INFO  ProfileMatch              :              version: 7.1.0  [OLD VERSION]
04:36:11 INFO  ProfileMatch              :         release-date: 23.06.2020
04:36:11 INFO  ProfileMatch              :     lib root package: "com.facebook.all"  (in app: "androidx.constraintlayout.core")
04:36:11 INFO  ProfileMatch              : 
04:36:11 INFO  ProfileMatch              :                 name: Facebook
04:36:11 INFO  ProfileMatch              :             category: SocialMedia
04:36:11 INFO  ProfileMatch              :              version: 8.0.0  [OLD VERSION]
04:36:11 INFO  ProfileMatch              :         release-date: 28.09.2020
04:36:11 INFO  ProfileMatch              :     lib root package: "com.facebook.all"  (in app: "androidx.constraintlayout.core")
04:36:11 INFO  ProfileMatch              : 
04:36:11 INFO  ProfileMatch              :                 name: Facebook
04:36:11 INFO  ProfileMatch              :             category: SocialMedia
04:36:11 INFO  ProfileMatch              :              version: 8.1.0  [OLD VERSION]
04:36:11 INFO  ProfileMatch              :         release-date: 14.10.2020
04:36:11 INFO  ProfileMatch              :     lib root package: "com.facebook.all"  (in app: "androidx.constraintlayout.core")
04:36:11 INFO  ProfileMatch              : 
04:36:11 INFO  ProfileMatch              :                 name: Facebook
04:36:11 INFO  ProfileMatch              :             category: SocialMedia
04:36:11 INFO  ProfileMatch              :              version: 8.2.0  [OLD VERSION]
04:36:11 INFO  ProfileMatch              :         release-date: 18.12.2020
04:36:11 INFO  ProfileMatch              :     lib root package: "com.facebook.all"  (in app: "androidx.constraintlayout.core")
04:36:11 INFO  ProfileMatch              : 
04:36:11 INFO  ProfileMatch              :                 name: Facebook
04:36:11 INFO  ProfileMatch              :             category: SocialMedia
04:36:11 INFO  ProfileMatch              :              version: 9.0.0  [OLD VERSION]
04:36:11 INFO  ProfileMatch              :         release-date: 19.01.2021
04:36:11 INFO  ProfileMatch              :     lib root package: "com.facebook.all"  (in app: "androidx.constraintlayout.core")
04:36:11 INFO  ProfileMatch              : 
04:36:11 INFO  ProfileMatch              :                 name: Facebook
04:36:11 INFO  ProfileMatch              :             category: SocialMedia
04:36:11 INFO  ProfileMatch              :              version: 9.1.0  [OLD VERSION]
04:36:11 INFO  ProfileMatch              :         release-date: 15.03.2021
04:36:11 INFO  ProfileMatch              :     lib root package: "com.facebook.all"  (in app: "androidx.constraintlayout.core")
04:36:11 INFO  ProfileMatch              : 
04:36:11 INFO  ProfileMatch              :                 name: Facebook
04:36:11 INFO  ProfileMatch              :             category: SocialMedia
04:36:11 INFO  ProfileMatch              :              version: 9.1.1  [OLD VERSION]
04:36:11 INFO  ProfileMatch              :         release-date: 12.04.2021
04:36:11 INFO  ProfileMatch              :     lib root package: "com.facebook.all"  (in app: "androidx.constraintlayout.core")
04:36:11 INFO  ProfileMatch              : 
04:36:11 INFO  ProfileMatch              :                 name: Facebook
04:36:11 INFO  ProfileMatch              :             category: SocialMedia
04:36:11 INFO  ProfileMatch              :              version: 11.0.0  [OLD VERSION]
04:36:11 INFO  ProfileMatch              :         release-date: 08.06.2021
04:36:11 INFO  ProfileMatch              :     lib root package: "com.facebook.all"  (in app: "androidx.constraintlayout.core")
04:36:11 INFO  ProfileMatch              : 
04:36:11 INFO  ProfileMatch              :                 name: Facebook
04:36:11 INFO  ProfileMatch              :             category: SocialMedia
04:36:11 INFO  ProfileMatch              :              version: 11.1.0  [OLD VERSION]
04:36:11 INFO  ProfileMatch              :         release-date: 06.07.2021
04:36:11 INFO  ProfileMatch              :     lib root package: "com.facebook.all"  (in app: "androidx.constraintlayout.core")
04:36:11 INFO  ProfileMatch              : 
04:36:11 INFO  ProfileMatch              :                 name: Facebook
04:36:11 INFO  ProfileMatch              :             category: SocialMedia
04:36:11 INFO  ProfileMatch              :              version: 11.1.1  [OLD VERSION]
04:36:11 INFO  ProfileMatch              :         release-date: 19.07.2021
04:36:11 INFO  ProfileMatch              :     lib root package: "com.facebook.all"  (in app: "androidx.constraintlayout.core")
04:36:11 INFO  ProfileMatch              : 
04:36:11 INFO  ProfileMatch              :                 name: Facebook
04:36:11 INFO  ProfileMatch              :             category: SocialMedia
04:36:11 INFO  ProfileMatch              :              version: 11.2.0  [OLD VERSION]
04:36:11 INFO  ProfileMatch              :         release-date: 03.08.2021
04:36:11 INFO  ProfileMatch              :     lib root package: "com.facebook.all"  (in app: "androidx.constraintlayout.core")
04:36:11 INFO  ProfileMatch              : 
04:36:11 INFO  ProfileMatch              :                 name: Facebook
04:36:11 INFO  ProfileMatch              :             category: SocialMedia
04:36:11 INFO  ProfileMatch              :              version: 11.3.0  [OLD VERSION]
04:36:11 INFO  ProfileMatch              :         release-date: 07.09.2021
04:36:11 INFO  ProfileMatch              :     lib root package: "com.facebook.all"  (in app: "androidx.constraintlayout.core")
04:36:11 INFO  ProfileMatch              : 
04:36:11 INFO  ProfileMatch              :                 name: Facebook
04:36:11 INFO  ProfileMatch              :             category: SocialMedia
04:36:11 INFO  ProfileMatch              :              version: 12.0.0  [OLD VERSION]
04:36:11 INFO  ProfileMatch              :         release-date: 05.10.2021
04:36:11 INFO  ProfileMatch              :     lib root package: "com.facebook.all"  (in app: "androidx.constraintlayout.core")
04:36:11 INFO  ProfileMatch              : 
04:36:11 INFO  ProfileMatch              :                 name: Facebook
04:36:11 INFO  ProfileMatch              :             category: SocialMedia
04:36:11 INFO  ProfileMatch              :              version: 12.0.1  [OLD VERSION]
04:36:11 INFO  ProfileMatch              :         release-date: 13.10.2021
04:36:11 INFO  ProfileMatch              :     lib root package: "com.facebook.all"  (in app: "androidx.constraintlayout.core")
04:36:11 INFO  ProfileMatch              : 
04:36:11 INFO  ProfileMatch              :                 name: Facebook
04:36:11 INFO  ProfileMatch              :             category: SocialMedia
04:36:11 INFO  ProfileMatch              :              version: 12.1.0  [OLD VERSION]
04:36:11 INFO  ProfileMatch              :         release-date: 01.11.2021
04:36:11 INFO  ProfileMatch              :     lib root package: "com.facebook.all"  (in app: "androidx.constraintlayout.core")
04:36:11 INFO  ProfileMatch              : 
04:36:11 INFO  ProfileMatch              :                 name: Facebook
04:36:11 INFO  ProfileMatch              :             category: SocialMedia
04:36:11 INFO  ProfileMatch              :              version: 12.2.0  [OLD VERSION]
04:36:11 INFO  ProfileMatch              :         release-date: 06.12.2021
04:36:11 INFO  ProfileMatch              :     lib root package: "com.facebook.all"  (in app: "androidx.constraintlayout.core")
04:36:11 INFO  ProfileMatch              : 
04:36:11 INFO  ProfileMatch              :                 name: Facebook
04:36:11 INFO  ProfileMatch              :             category: SocialMedia
04:36:11 INFO  ProfileMatch              :              version: 12.3.0  [OLD VERSION]
04:36:11 INFO  ProfileMatch              :         release-date: 10.01.2022
04:36:11 INFO  ProfileMatch              :     lib root package: "com.facebook.all"  (in app: "androidx.constraintlayout.core")
04:36:11 INFO  ProfileMatch              : 
04:36:11 INFO  ProfileMatch              :                 name: Facebook
04:36:11 INFO  ProfileMatch              :             category: SocialMedia
04:36:11 INFO  ProfileMatch              :              version: 13.0.0  [OLD VERSION]
04:36:11 INFO  ProfileMatch              :         release-date: 23.02.2022
04:36:11 INFO  ProfileMatch              :     lib root package: "com.facebook.all"  (in app: "androidx.constraintlayout.core")
04:36:11 INFO  ProfileMatch              : 
04:36:11 INFO  ProfileMatch              :                 name: Facebook
04:36:11 INFO  ProfileMatch              :             category: SocialMedia
04:36:11 INFO  ProfileMatch              :              version: 13.1.0  [OLD VERSION]
04:36:11 INFO  ProfileMatch              :         release-date: 21.03.2022
04:36:11 INFO  ProfileMatch              :     lib root package: "com.facebook.all"  (in app: "androidx.constraintlayout.core")
04:36:11 INFO  ProfileMatch              : 
04:36:11 INFO  ProfileMatch              :                 name: Facebook
04:36:11 INFO  ProfileMatch              :             category: SocialMedia
04:36:11 INFO  ProfileMatch              :              version: 13.2.0  [OLD VERSION]
04:36:11 INFO  ProfileMatch              :         release-date: 22.04.2022
04:36:11 INFO  ProfileMatch              :     lib root package: "com.facebook.all"  (in app: "androidx.constraintlayout.core")
04:36:11 INFO  ProfileMatch              : 
04:36:11 INFO  ProfileMatch              :                 name: Facebook
04:36:11 INFO  ProfileMatch              :             category: SocialMedia
04:36:11 INFO  ProfileMatch              :              version: 14.0.0
04:36:11 INFO  ProfileMatch              :         release-date: 14.06.2022
04:36:11 INFO  ProfileMatch              :     lib root package: "com.facebook.all"  (in app: "androidx.constraintlayout.core")
04:36:11 INFO  ProfileMatch              : 
04:36:11 INFO  ProfileMatch              :                 name: androidx.legacy::legacy-support-core-utils
04:36:11 INFO  ProfileMatch              :             category: Android
04:36:11 INFO  ProfileMatch              :              version: 1.0.0
04:36:11 INFO  ProfileMatch              :         release-date:  --
04:36:11 INFO  ProfileMatch              :     lib root package: "androidx.legacy.content"
04:36:11 INFO  ProfileMatch              : 
04:36:11 INFO  ProfileMatch              :                 name: com.android.support::documentfile
04:36:11 INFO  ProfileMatch              :             category: Android
04:36:11 INFO  ProfileMatch              :              version: 28.0.0
04:36:11 INFO  ProfileMatch              :         release-date:  --
04:36:11 INFO  ProfileMatch              :     lib root package: "android.support.v4.provider"  (in app: "androidx.documentfile.provider")
04:36:11 INFO  ProfileMatch              : 
04:36:11 INFO  ProfileMatch              :                 name: com.android.support::viewpager
04:36:11 INFO  ProfileMatch              :             category: Android
04:36:11 INFO  ProfileMatch              :              version: 28.0.0
04:36:11 INFO  ProfileMatch              :         release-date:  --
04:36:11 INFO  ProfileMatch              :     lib root package: "android.support.v4.view"  (in app: "androidx.viewpager.widget")
04:36:11 INFO  ProfileMatch              : 
04:36:11 INFO  ProfileMatch              :                 name: com.android.support::cardview-v7
04:36:11 INFO  ProfileMatch              :             category: Android
04:36:11 INFO  ProfileMatch              :              version: 27.1.0  [OLD VERSION]
04:36:11 INFO  ProfileMatch              :         release-date:  --
04:36:11 INFO  ProfileMatch              :     lib root package: "android.support.v7.widget"  (in app: "androidx.cardview.widget")
04:36:11 INFO  ProfileMatch              : 
04:36:11 INFO  ProfileMatch              :                 name: com.android.support::cardview-v7
04:36:11 INFO  ProfileMatch              :             category: Android
04:36:11 INFO  ProfileMatch              :              version: 27.1.1  [OLD VERSION]
04:36:11 INFO  ProfileMatch              :         release-date:  --
04:36:11 INFO  ProfileMatch              :     lib root package: "android.support.v7.widget"  (in app: "androidx.cardview.widget")
04:36:11 INFO  ProfileMatch              : 
04:36:11 INFO  ProfileMatch              :                 name: com.android.support::cardview-v7
04:36:11 INFO  ProfileMatch              :             category: Android
04:36:11 INFO  ProfileMatch              :              version: 28.0.0
04:36:11 INFO  ProfileMatch              :         release-date:  --
04:36:11 INFO  ProfileMatch              :     lib root package: "android.support.v7.widget"  (in app: "androidx.cardview.widget")
04:36:11 INFO  ProfileMatch              : 
04:36:11 INFO  ProfileMatch              :                 name: androidx.localbroadcastmanager::localbroadcastmanager
04:36:11 INFO  ProfileMatch              :             category: Android
04:36:11 INFO  ProfileMatch              :              version: 1.0.0  [OLD VERSION]
04:36:11 INFO  ProfileMatch              :         release-date:  --
04:36:11 INFO  ProfileMatch              :     lib root package: "androidx.localbroadcastmanager.content"
04:36:11 INFO  ProfileMatch              : 
04:36:11 INFO  ProfileMatch              :                 name: androidx.localbroadcastmanager::localbroadcastmanager
04:36:11 INFO  ProfileMatch              :             category: Android
04:36:11 INFO  ProfileMatch              :              version: 1.1.0
04:36:11 INFO  ProfileMatch              :         release-date:  --
04:36:11 INFO  ProfileMatch              :     lib root package: "androidx.localbroadcastmanager.content"
04:36:11 INFO  ProfileMatch              : 
04:36:11 INFO  ProfileMatch              :                 name: androidx.viewpager::viewpager
04:36:11 INFO  ProfileMatch              :             category: Android
04:36:11 INFO  ProfileMatch              :              version: 1.0.0
04:36:11 INFO  ProfileMatch              :         release-date:  --
04:36:11 INFO  ProfileMatch              :     lib root package: "androidx.viewpager.widget"
04:36:11 INFO  ProfileMatch              : 
04:36:11 INFO  LibraryIdentifier         : 
04:36:11 INFO  LibraryIdentifier         : - Partial library matches:
04:36:11 INFO  LibraryIdentifier         :                 name: android.arch.core::common
04:36:11 INFO  LibraryIdentifier         :             category: Android
04:36:11 INFO  LibraryIdentifier         :              version: 1.1.1
04:36:11 INFO  LibraryIdentifier         :         release-date:  --
04:36:11 INFO  LibraryIdentifier         :     lib root package: "android.arch.core"
04:36:11 INFO  LibraryIdentifier         :         Partial matching results:
04:36:11 INFO  LibraryIdentifier         :              - config: Hashing.md5() | Flags: no-flag | Keep: PN | Prune: MSIG   score: 0.875
04:36:11 INFO  LibraryIdentifier         : 
04:36:11 INFO  LibraryIdentifier         :                 name: androidx.core::core
04:36:11 INFO  LibraryIdentifier         :             category: Android
04:36:11 INFO  LibraryIdentifier         :              version: 1.6.0  [OLD VERSION]
04:36:11 INFO  LibraryIdentifier         :         release-date:  --
04:36:11 INFO  LibraryIdentifier         :     lib root package: "androidx.core"
04:36:11 INFO  LibraryIdentifier         :         Partial matching results:
04:36:11 INFO  LibraryIdentifier         :              - config: Hashing.md5() | Flags: no-flag | Keep: PN | Prune: MSIG   score: 0.8965517
04:36:11 INFO  LibraryIdentifier         : 
04:36:11 INFO  LibraryIdentifier         :                 name: android.arch.core::runtime
04:36:11 INFO  LibraryIdentifier         :             category: Android
04:36:11 INFO  LibraryIdentifier         :              version: 1.1.0  [OLD VERSION]
04:36:11 INFO  LibraryIdentifier         :         release-date:  --
04:36:11 INFO  LibraryIdentifier         :     lib root package: "android.arch.core"
04:36:11 INFO  LibraryIdentifier         :         Partial matching results:
04:36:11 INFO  LibraryIdentifier         :              - config: Hashing.md5() | Flags: no-flag | Keep: PN | Prune: MSIG   score: 0.9
04:36:11 INFO  LibraryIdentifier         : 
04:36:12 INFO  LibraryIdentifier         : 
04:36:12 INFO  LibraryIdentifier         : App processing time: 56 sec, 622 ms
