16:01:27 INFO  LibraryIdentifier         : Process app: tmendes.com.analyticalbalancedroid_3.apk
16:01:27 INFO  LibraryIdentifier         : = Manifest Parser =
16:01:27 INFO  LibraryIdentifier         :         Package name: tmendes.com.analyticalbalancedroid
16:01:27 INFO  LibraryIdentifier         :         Version code: 3
16:01:27 INFO  LibraryIdentifier         :        minSdkVersion: 21
16:01:27 INFO  LibraryIdentifier         :     targetSdkVersion: 25
16:01:27 INFO  LibraryIdentifier         :         SharedUserId:  - none -
16:01:27 INFO  LibraryIdentifier         :     Library dependencies:  - none -
16:01:27 INFO  LibraryIdentifier         : 
16:01:27 INFO  LibraryIdentifier         : Found 402 unique libraries in 12405 library profiles
16:01:27 INFO  LibraryIdentifier         : Generated class hierarchy (in 501 ms)
16:01:28 INFO  WalaUtils                 : 
16:01:28 INFO  WalaUtils                 : = ClassHierarchy Stats =
16:01:28 INFO  WalaUtils                 :     # of classes: 701
16:01:28 INFO  WalaUtils                 :     # thereof inner classes: 389
16:01:28 INFO  WalaUtils                 :     # thereof public classes: 242
16:01:28 INFO  WalaUtils                 :         Activity : 7
16:01:28 INFO  WalaUtils                 :         Application : 0
16:01:28 INFO  WalaUtils                 :         AsyncTask : 1
16:01:28 INFO  WalaUtils                 :         BroadcastReceiver : 1
16:01:28 INFO  WalaUtils                 :         ContentProvider : 0
16:01:28 INFO  WalaUtils                 :         Fragment : 0
16:01:28 INFO  WalaUtils                 :         Handler : 2
16:01:28 INFO  WalaUtils                 :         LayoutContainer : 29
16:01:28 INFO  WalaUtils                 :         Plain : 643
16:01:28 INFO  WalaUtils                 :         Runnable : 0
16:01:28 INFO  WalaUtils                 :         Service : 0
16:01:28 INFO  WalaUtils                 :         Thread : 0
16:01:28 INFO  WalaUtils                 :         View : 18
16:01:28 INFO  WalaUtils                 :     # methods: 5159
16:01:28 INFO  WalaUtils                 :         # of publicly accessible methods: 3735
16:01:28 INFO  WalaUtils                 :         # of non-accessible methods: 1424
16:01:28 INFO  WalaUtils                 : 
16:01:28 INFO  Profile                   : = PackageTree =
16:01:28 INFO  PackageTree               : Root Package: android.support
16:01:28 INFO  PackageTree               : └── Root
16:01:28 INFO  PackageTree               :     ├── android
16:01:28 INFO  PackageTree               :     │   └── support
16:01:28 INFO  PackageTree               :     │       ├── v4
16:01:28 INFO  PackageTree               :     │       │   ├── g (134)
16:01:28 INFO  PackageTree               :     │       │   │   └── a (41)
16:01:28 INFO  PackageTree               :     │       │   ├── c (1)
16:01:28 INFO  PackageTree               :     │       │   │   └── a (25)
16:01:28 INFO  PackageTree               :     │       │   ├── a (77)
16:01:28 INFO  PackageTree               :     │       │   ├── widget (46)
16:01:28 INFO  PackageTree               :     │       │   ├── b (15)
16:01:28 INFO  PackageTree               :     │       │   │   └── a (9)
16:01:28 INFO  PackageTree               :     │       │   ├── f (18)
16:01:28 INFO  PackageTree               :     │       │   ├── e (8)
16:01:28 INFO  PackageTree               :     │       │   └── d
16:01:28 INFO  PackageTree               :     │       │       └── a (3)
16:01:28 INFO  PackageTree               :     │       ├── v7
16:01:28 INFO  PackageTree               :     │       │   ├── widget (155)
16:01:28 INFO  PackageTree               :     │       │   ├── view (14)
16:01:28 INFO  PackageTree               :     │       │   │   └── menu (44)
16:01:28 INFO  PackageTree               :     │       │   ├── app (65)
16:01:28 INFO  PackageTree               :     │       │   ├── a (11)
16:01:28 INFO  PackageTree               :     │       │   ├── b (5)
16:01:28 INFO  PackageTree               :     │       │   ├── c
16:01:28 INFO  PackageTree               :     │       │   │   └── a (4)
16:01:28 INFO  PackageTree               :     │       │   ├── f (1)
16:01:28 INFO  PackageTree               :     │       │   ├── e (1)
16:01:28 INFO  PackageTree               :     │       │   └── d
16:01:28 INFO  PackageTree               :     │       │       └── a (1)
16:01:28 INFO  PackageTree               :     │       ├── a
16:01:28 INFO  PackageTree               :     │       │   └── a (18)
16:01:28 INFO  PackageTree               :     │       └── annotation (1)
16:01:28 INFO  PackageTree               :     └── tmendes
16:01:28 INFO  PackageTree               :         └── com
16:01:28 INFO  PackageTree               :             └── analyticalbalancedroid (4)
16:01:28 INFO  Profile                   : 
16:01:28 INFO  AppProfile                : - generated app package tree (in 24 ms)
16:01:28 INFO  AppProfile                : 
16:01:28 DEBUG HashTree                  : Generate hash tree..
16:01:28 DEBUG HashTree                  :     - generated 23 package hashes.
16:01:28 DEBUG HashTree                  :     - generated 679 clazz hashes.
16:01:28 DEBUG HashTree                  :     - generated 5159 method hashes.
16:01:28 DEBUG HashTree                  :     => Library Hash: 9d13e14716463c600656a824b6ca5f2b
16:01:28 INFO  AppProfile                : - generated app hash trees (in 130 ms)
16:01:28 INFO  AppProfile                : 
16:01:28 INFO  LibraryIdentifier         : = Scan for library root packages (heuristic) =
16:01:28 INFO  LibraryIdentifier         :     - Found lib root package android.support.v7  (com.android.support::appcompat-v7)
16:01:28 INFO  LibraryIdentifier         :     - Found lib root package android.support.v7.widget  (com.android.support::cardview-v7)
16:01:28 INFO  LibraryIdentifier         :     - Found lib root package android.support.v4.widget  (com.android.support::cursoradapter)
16:01:28 INFO  LibraryIdentifier         :     - Found lib root package android.support.v4  (com.android.support::customview)
16:01:28 INFO  LibraryIdentifier         :     - Found lib root package android.support.v4.widget  (com.android.support::drawerlayout)
16:01:28 INFO  LibraryIdentifier         :     - Found lib root package android.support.v7.widget  (com.android.support::gridlayout-v7)
16:01:28 INFO  LibraryIdentifier         :     - Found lib root package android.support.v4  (com.android.support::loader)
16:01:28 INFO  LibraryIdentifier         :     - Found lib root package android.support.v7  (com.android.support::mediarouter-v7)
16:01:28 INFO  LibraryIdentifier         :     - Found lib root package android.support.v7  (com.android.support::preference-v7)
16:01:28 INFO  LibraryIdentifier         :     - Found lib root package android.support.v7.widget  (com.android.support::recyclerview-v7)
16:01:28 INFO  LibraryIdentifier         :     - Found lib root package android.support.v4.widget  (com.android.support::slidingpanelayout)
16:01:28 INFO  LibraryIdentifier         :     - Found lib root package android.support.annotation  (com.android.support::support-annotations)
16:01:28 INFO  LibraryIdentifier         :     - Found lib root package android.support.v4  (com.android.support::support-compat)
16:01:28 INFO  LibraryIdentifier         :     - Found lib root package android.support.v4  (com.android.support::support-core-ui)
16:01:28 INFO  LibraryIdentifier         :     - Found lib root package android.support.v4  (com.android.support::support-core-utils)
16:01:28 INFO  LibraryIdentifier         :     - Found lib root package android.support.v4  (com.android.support::support-v4)
16:01:28 INFO  LibraryIdentifier         :     - Found lib root package android.support.v4.widget  (com.android.support::swiperefreshlayout)
16:01:28 INFO  LibraryIdentifier         : 
16:01:28 INFO  LibraryIdentifier         : = Match profiles =
16:01:38 INFO  LibraryIdentifier         :     >> profile matching done (10 sec, 15 ms)
16:01:38 INFO  LibraryIdentifier         : 
16:01:38 INFO  LibraryIdentifier         : == Report ==
16:01:38 INFO  LibraryIdentifier         : - Full library matches:
16:01:38 INFO  ProfileMatch              :                 name: com.google.firebase::firebase-ml-vision-image-label-model
16:01:38 INFO  ProfileMatch              :             category: Android
16:01:38 INFO  ProfileMatch              :              version: 20.0.0  [OLD VERSION]
16:01:38 INFO  ProfileMatch              :         release-date:  --
16:01:38 INFO  ProfileMatch              :     lib root package: "com.google.firebase.ml.vision.imagelabel"  (in app: "android.support.v7")
16:01:38 INFO  ProfileMatch              : 
16:01:38 INFO  ProfileMatch              :                 name: com.google.firebase::firebase-ml-vision-image-label-model
16:01:38 INFO  ProfileMatch              :             category: Android
16:01:38 INFO  ProfileMatch              :              version: 20.0.1  [OLD VERSION]
16:01:38 INFO  ProfileMatch              :         release-date:  --
16:01:38 INFO  ProfileMatch              :     lib root package: "com.google.firebase.ml.vision.imagelabel"  (in app: "android.support.v7")
16:01:38 INFO  ProfileMatch              : 
16:01:38 INFO  ProfileMatch              :                 name: com.google.firebase::firebase-ml-vision-image-label-model
16:01:38 INFO  ProfileMatch              :             category: Android
16:01:38 INFO  ProfileMatch              :              version: 20.0.2
16:01:38 INFO  ProfileMatch              :         release-date:  --
16:01:38 INFO  ProfileMatch              :     lib root package: "com.google.firebase.ml.vision.imagelabel"  (in app: "android.support.v7")
16:01:38 INFO  ProfileMatch              : 
16:01:38 INFO  ProfileMatch              :                 name: Facebook
16:01:38 INFO  ProfileMatch              :             category: SocialMedia
16:01:38 INFO  ProfileMatch              :              version: 4.27.0  [OLD VERSION]
16:01:38 INFO  ProfileMatch              :         release-date: 26.09.2017
16:01:38 INFO  ProfileMatch              :     lib root package: "com.facebook.all"  (in app: "android.support.v7")
16:01:38 INFO  ProfileMatch              : 
16:01:38 INFO  ProfileMatch              :                 name: Facebook
16:01:38 INFO  ProfileMatch              :             category: SocialMedia
16:01:38 INFO  ProfileMatch              :              version: 4.28.0  [OLD VERSION]
16:01:38 INFO  ProfileMatch              :         release-date: 07.11.2017
16:01:38 INFO  ProfileMatch              :     lib root package: "com.facebook.all"  (in app: "android.support.v7")
16:01:38 INFO  ProfileMatch              : 
16:01:38 INFO  ProfileMatch              :                 name: Facebook
16:01:38 INFO  ProfileMatch              :             category: SocialMedia
16:01:38 INFO  ProfileMatch              :              version: 4.29.0  [OLD VERSION]
16:01:38 INFO  ProfileMatch              :         release-date: 05.12.2017
16:01:38 INFO  ProfileMatch              :     lib root package: "com.facebook.all"  (in app: "android.support.v7")
16:01:38 INFO  ProfileMatch              : 
16:01:38 INFO  ProfileMatch              :                 name: Facebook
16:01:38 INFO  ProfileMatch              :             category: SocialMedia
16:01:38 INFO  ProfileMatch              :              version: 4.30.0  [OLD VERSION]
16:01:38 INFO  ProfileMatch              :         release-date: 24.01.2018
16:01:38 INFO  ProfileMatch              :     lib root package: "com.facebook.all"  (in app: "android.support.v7")
16:01:38 INFO  ProfileMatch              : 
16:01:38 INFO  ProfileMatch              :                 name: Facebook
16:01:38 INFO  ProfileMatch              :             category: SocialMedia
16:01:38 INFO  ProfileMatch              :              version: 4.31.0  [OLD VERSION]
16:01:38 INFO  ProfileMatch              :         release-date: 28.02.2018
16:01:38 INFO  ProfileMatch              :     lib root package: "com.facebook.all"  (in app: "android.support.v7")
16:01:38 INFO  ProfileMatch              : 
16:01:38 INFO  ProfileMatch              :                 name: Facebook
16:01:38 INFO  ProfileMatch              :             category: SocialMedia
16:01:38 INFO  ProfileMatch              :              version: 4.32.0  [OLD VERSION]
16:01:38 INFO  ProfileMatch              :         release-date: 11.04.2018
16:01:38 INFO  ProfileMatch              :     lib root package: "com.facebook.all"  (in app: "android.support.v7")
16:01:38 INFO  ProfileMatch              : 
16:01:38 INFO  ProfileMatch              :                 name: Facebook
16:01:38 INFO  ProfileMatch              :             category: SocialMedia
16:01:38 INFO  ProfileMatch              :              version: 4.33.0  [OLD VERSION]
16:01:38 INFO  ProfileMatch              :         release-date: 01.05.2018
16:01:38 INFO  ProfileMatch              :     lib root package: "com.facebook.all"  (in app: "android.support.v7")
16:01:38 INFO  ProfileMatch              : 
16:01:38 INFO  ProfileMatch              :                 name: Facebook
16:01:38 INFO  ProfileMatch              :             category: SocialMedia
16:01:38 INFO  ProfileMatch              :              version: 4.34.0  [OLD VERSION]
16:01:38 INFO  ProfileMatch              :         release-date: 19.06.2018
16:01:38 INFO  ProfileMatch              :     lib root package: "com.facebook.all"  (in app: "android.support.v7")
16:01:38 INFO  ProfileMatch              : 
16:01:38 INFO  ProfileMatch              :                 name: Facebook
16:01:38 INFO  ProfileMatch              :             category: SocialMedia
16:01:38 INFO  ProfileMatch              :              version: 4.35.0  [OLD VERSION]
16:01:38 INFO  ProfileMatch              :         release-date: 26.07.2018
16:01:38 INFO  ProfileMatch              :     lib root package: "com.facebook.all"  (in app: "android.support.v7")
16:01:38 INFO  ProfileMatch              : 
16:01:38 INFO  ProfileMatch              :                 name: Facebook
16:01:38 INFO  ProfileMatch              :             category: SocialMedia
16:01:38 INFO  ProfileMatch              :              version: 4.36.0  [OLD VERSION]
16:01:38 INFO  ProfileMatch              :         release-date: 29.08.2018
16:01:38 INFO  ProfileMatch              :     lib root package: "com.facebook.all"  (in app: "android.support.v7")
16:01:38 INFO  ProfileMatch              : 
16:01:38 INFO  ProfileMatch              :                 name: Facebook
16:01:38 INFO  ProfileMatch              :             category: SocialMedia
16:01:38 INFO  ProfileMatch              :              version: 4.36.1  [OLD VERSION]
16:01:38 INFO  ProfileMatch              :         release-date: 15.09.2018
16:01:38 INFO  ProfileMatch              :     lib root package: "com.facebook.all"  (in app: "android.support.v7")
16:01:38 INFO  ProfileMatch              : 
16:01:38 INFO  ProfileMatch              :                 name: Facebook
16:01:38 INFO  ProfileMatch              :             category: SocialMedia
16:01:38 INFO  ProfileMatch              :              version: 4.37.0  [OLD VERSION]
16:01:38 INFO  ProfileMatch              :         release-date: 27.09.2018
16:01:38 INFO  ProfileMatch              :     lib root package: "com.facebook.all"  (in app: "android.support.v7")
16:01:38 INFO  ProfileMatch              : 
16:01:38 INFO  ProfileMatch              :                 name: Facebook
16:01:38 INFO  ProfileMatch              :             category: SocialMedia
16:01:38 INFO  ProfileMatch              :              version: 4.38.0  [OLD VERSION]
16:01:38 INFO  ProfileMatch              :         release-date: 23.10.2018
16:01:38 INFO  ProfileMatch              :     lib root package: "com.facebook.all"  (in app: "android.support.v7")
16:01:38 INFO  ProfileMatch              : 
16:01:38 INFO  ProfileMatch              :                 name: Facebook
16:01:38 INFO  ProfileMatch              :             category: SocialMedia
16:01:38 INFO  ProfileMatch              :              version: 4.38.1  [OLD VERSION]
16:01:38 INFO  ProfileMatch              :         release-date: 31.10.2018
16:01:38 INFO  ProfileMatch              :     lib root package: "com.facebook.all"  (in app: "android.support.v7")
16:01:38 INFO  ProfileMatch              : 
16:01:38 INFO  ProfileMatch              :                 name: Facebook
16:01:38 INFO  ProfileMatch              :             category: SocialMedia
16:01:38 INFO  ProfileMatch              :              version: 4.39.0  [OLD VERSION]
16:01:38 INFO  ProfileMatch              :         release-date: 05.12.2018
16:01:38 INFO  ProfileMatch              :     lib root package: "com.facebook.all"  (in app: "android.support.v7")
16:01:38 INFO  ProfileMatch              : 
16:01:38 INFO  ProfileMatch              :                 name: Facebook
16:01:38 INFO  ProfileMatch              :             category: SocialMedia
16:01:38 INFO  ProfileMatch              :              version: 4.40.0  [OLD VERSION]
16:01:38 INFO  ProfileMatch              :         release-date: 22.01.2019
16:01:38 INFO  ProfileMatch              :     lib root package: "com.facebook.all"  (in app: "android.support.v7")
16:01:38 INFO  ProfileMatch              : 
16:01:38 INFO  ProfileMatch              :                 name: Facebook
16:01:38 INFO  ProfileMatch              :             category: SocialMedia
16:01:38 INFO  ProfileMatch              :              version: 4.41.0  [OLD VERSION]
16:01:38 INFO  ProfileMatch              :         release-date: 08.03.2019
16:01:38 INFO  ProfileMatch              :     lib root package: "com.facebook.all"  (in app: "android.support.v7")
16:01:38 INFO  ProfileMatch              : 
16:01:38 INFO  ProfileMatch              :                 name: Facebook
16:01:38 INFO  ProfileMatch              :             category: SocialMedia
16:01:38 INFO  ProfileMatch              :              version: 4.42.0  [OLD VERSION]
16:01:38 INFO  ProfileMatch              :         release-date: 08.04.2019
16:01:38 INFO  ProfileMatch              :     lib root package: "com.facebook.all"  (in app: "android.support.v7")
16:01:38 INFO  ProfileMatch              : 
16:01:38 INFO  ProfileMatch              :                 name: Facebook
16:01:38 INFO  ProfileMatch              :             category: SocialMedia
16:01:38 INFO  ProfileMatch              :              version: 5.0.0  [OLD VERSION]
16:01:38 INFO  ProfileMatch              :         release-date: 30.04.2019
16:01:38 INFO  ProfileMatch              :     lib root package: "com.facebook.all"  (in app: "android.support.v7")
16:01:38 INFO  ProfileMatch              : 
16:01:38 INFO  ProfileMatch              :                 name: Facebook
16:01:38 INFO  ProfileMatch              :             category: SocialMedia
16:01:38 INFO  ProfileMatch              :              version: 5.0.1  [OLD VERSION]
16:01:38 INFO  ProfileMatch              :         release-date: 17.05.2019
16:01:38 INFO  ProfileMatch              :     lib root package: "com.facebook.all"  (in app: "android.support.v7")
16:01:38 INFO  ProfileMatch              : 
16:01:38 INFO  ProfileMatch              :                 name: Facebook
16:01:38 INFO  ProfileMatch              :             category: SocialMedia
16:01:38 INFO  ProfileMatch              :              version: 5.0.2  [OLD VERSION]
16:01:38 INFO  ProfileMatch              :         release-date: 09.06.2019
16:01:38 INFO  ProfileMatch              :     lib root package: "com.facebook.all"  (in app: "android.support.v7")
16:01:38 INFO  ProfileMatch              : 
16:01:38 INFO  ProfileMatch              :                 name: Facebook
16:01:38 INFO  ProfileMatch              :             category: SocialMedia
16:01:38 INFO  ProfileMatch              :              version: 5.0.3  [OLD VERSION]
16:01:38 INFO  ProfileMatch              :         release-date: 14.06.2019
16:01:38 INFO  ProfileMatch              :     lib root package: "com.facebook.all"  (in app: "android.support.v7")
16:01:38 INFO  ProfileMatch              : 
16:01:38 INFO  ProfileMatch              :                 name: Facebook
16:01:38 INFO  ProfileMatch              :             category: SocialMedia
16:01:38 INFO  ProfileMatch              :              version: 5.1.0  [OLD VERSION]
16:01:38 INFO  ProfileMatch              :         release-date: 21.06.2019
16:01:38 INFO  ProfileMatch              :     lib root package: "com.facebook.all"  (in app: "android.support.v7")
16:01:38 INFO  ProfileMatch              : 
16:01:38 INFO  ProfileMatch              :                 name: Facebook
16:01:38 INFO  ProfileMatch              :             category: SocialMedia
16:01:38 INFO  ProfileMatch              :              version: 5.1.1  [OLD VERSION]
16:01:38 INFO  ProfileMatch              :         release-date: 02.07.2019
16:01:38 INFO  ProfileMatch              :     lib root package: "com.facebook.all"  (in app: "android.support.v7")
16:01:38 INFO  ProfileMatch              : 
16:01:38 INFO  ProfileMatch              :                 name: Facebook
16:01:38 INFO  ProfileMatch              :             category: SocialMedia
16:01:38 INFO  ProfileMatch              :              version: 5.2.0  [OLD VERSION]
16:01:38 INFO  ProfileMatch              :         release-date: 29.07.2019
16:01:38 INFO  ProfileMatch              :     lib root package: "com.facebook.all"  (in app: "android.support.v7")
16:01:38 INFO  ProfileMatch              : 
16:01:38 INFO  ProfileMatch              :                 name: Facebook
16:01:38 INFO  ProfileMatch              :             category: SocialMedia
16:01:38 INFO  ProfileMatch              :              version: 5.4.0  [OLD VERSION]
16:01:38 INFO  ProfileMatch              :         release-date: 16.08.2019
16:01:38 INFO  ProfileMatch              :     lib root package: "com.facebook.all"  (in app: "android.support.v7")
16:01:38 INFO  ProfileMatch              : 
16:01:38 INFO  ProfileMatch              :                 name: Facebook
16:01:38 INFO  ProfileMatch              :             category: SocialMedia
16:01:38 INFO  ProfileMatch              :              version: 5.5.0  [OLD VERSION]
16:01:38 INFO  ProfileMatch              :         release-date: 31.08.2019
16:01:38 INFO  ProfileMatch              :     lib root package: "com.facebook.all"  (in app: "android.support.v7")
16:01:38 INFO  ProfileMatch              : 
16:01:38 INFO  ProfileMatch              :                 name: Facebook
16:01:38 INFO  ProfileMatch              :             category: SocialMedia
16:01:38 INFO  ProfileMatch              :              version: 5.5.1  [OLD VERSION]
16:01:38 INFO  ProfileMatch              :         release-date: 06.09.2019
16:01:38 INFO  ProfileMatch              :     lib root package: "com.facebook.all"  (in app: "android.support.v7")
16:01:38 INFO  ProfileMatch              : 
16:01:38 INFO  ProfileMatch              :                 name: Facebook
16:01:38 INFO  ProfileMatch              :             category: SocialMedia
16:01:38 INFO  ProfileMatch              :              version: 5.5.2  [OLD VERSION]
16:01:38 INFO  ProfileMatch              :         release-date: 05.10.2019
16:01:38 INFO  ProfileMatch              :     lib root package: "com.facebook.all"  (in app: "android.support.v7")
16:01:38 INFO  ProfileMatch              : 
16:01:38 INFO  ProfileMatch              :                 name: Facebook
16:01:38 INFO  ProfileMatch              :             category: SocialMedia
16:01:38 INFO  ProfileMatch              :              version: 5.8.0  [OLD VERSION]
16:01:38 INFO  ProfileMatch              :         release-date: 08.10.2019
16:01:38 INFO  ProfileMatch              :     lib root package: "com.facebook.all"  (in app: "android.support.v7")
16:01:38 INFO  ProfileMatch              : 
16:01:38 INFO  ProfileMatch              :                 name: Facebook
16:01:38 INFO  ProfileMatch              :             category: SocialMedia
16:01:38 INFO  ProfileMatch              :              version: 5.9.0  [OLD VERSION]
16:01:38 INFO  ProfileMatch              :         release-date: 29.10.2019
16:01:38 INFO  ProfileMatch              :     lib root package: "com.facebook.all"  (in app: "android.support.v7")
16:01:38 INFO  ProfileMatch              : 
16:01:38 INFO  ProfileMatch              :                 name: Facebook
16:01:38 INFO  ProfileMatch              :             category: SocialMedia
16:01:38 INFO  ProfileMatch              :              version: 5.11.0  [OLD VERSION]
16:01:38 INFO  ProfileMatch              :         release-date: 15.11.2019
16:01:38 INFO  ProfileMatch              :     lib root package: "com.facebook.all"  (in app: "android.support.v7")
16:01:38 INFO  ProfileMatch              : 
16:01:38 INFO  ProfileMatch              :                 name: Facebook
16:01:38 INFO  ProfileMatch              :             category: SocialMedia
16:01:38 INFO  ProfileMatch              :              version: 5.11.1  [OLD VERSION]
16:01:38 INFO  ProfileMatch              :         release-date: 21.11.2019
16:01:38 INFO  ProfileMatch              :     lib root package: "com.facebook.all"  (in app: "android.support.v7")
16:01:38 INFO  ProfileMatch              : 
16:01:38 INFO  ProfileMatch              :                 name: Facebook
16:01:38 INFO  ProfileMatch              :             category: SocialMedia
16:01:38 INFO  ProfileMatch              :              version: 5.11.2  [OLD VERSION]
16:01:38 INFO  ProfileMatch              :         release-date: 22.11.2019
16:01:38 INFO  ProfileMatch              :     lib root package: "com.facebook.all"  (in app: "android.support.v7")
16:01:38 INFO  ProfileMatch              : 
16:01:38 INFO  ProfileMatch              :                 name: Facebook
16:01:38 INFO  ProfileMatch              :             category: SocialMedia
16:01:38 INFO  ProfileMatch              :              version: 5.12.0  [OLD VERSION]
16:01:38 INFO  ProfileMatch              :         release-date: 04.12.2019
16:01:38 INFO  ProfileMatch              :     lib root package: "com.facebook.all"  (in app: "android.support.v7")
16:01:38 INFO  ProfileMatch              : 
16:01:38 INFO  ProfileMatch              :                 name: Facebook
16:01:38 INFO  ProfileMatch              :             category: SocialMedia
16:01:38 INFO  ProfileMatch              :              version: 5.12.1  [OLD VERSION]
16:01:38 INFO  ProfileMatch              :         release-date: 09.12.2019
16:01:38 INFO  ProfileMatch              :     lib root package: "com.facebook.all"  (in app: "android.support.v7")
16:01:38 INFO  ProfileMatch              : 
16:01:38 INFO  ProfileMatch              :                 name: Facebook
16:01:38 INFO  ProfileMatch              :             category: SocialMedia
16:01:38 INFO  ProfileMatch              :              version: 5.13.0  [OLD VERSION]
16:01:38 INFO  ProfileMatch              :         release-date: 12.12.2019
16:01:38 INFO  ProfileMatch              :     lib root package: "com.facebook.all"  (in app: "android.support.v7")
16:01:38 INFO  ProfileMatch              : 
16:01:38 INFO  ProfileMatch              :                 name: Facebook
16:01:38 INFO  ProfileMatch              :             category: SocialMedia
16:01:38 INFO  ProfileMatch              :              version: 5.15.0  [OLD VERSION]
16:01:38 INFO  ProfileMatch              :         release-date: 21.01.2020
16:01:38 INFO  ProfileMatch              :     lib root package: "com.facebook.all"  (in app: "android.support.v7")
16:01:38 INFO  ProfileMatch              : 
16:01:38 INFO  ProfileMatch              :                 name: Facebook
16:01:38 INFO  ProfileMatch              :             category: SocialMedia
16:01:38 INFO  ProfileMatch              :              version: 5.15.1  [OLD VERSION]
16:01:38 INFO  ProfileMatch              :         release-date: 29.01.2020
16:01:38 INFO  ProfileMatch              :     lib root package: "com.facebook.all"  (in app: "android.support.v7")
16:01:38 INFO  ProfileMatch              : 
16:01:38 INFO  ProfileMatch              :                 name: Facebook
16:01:38 INFO  ProfileMatch              :             category: SocialMedia
16:01:38 INFO  ProfileMatch              :              version: 5.15.2  [OLD VERSION]
16:01:38 INFO  ProfileMatch              :         release-date: 03.02.2020
16:01:38 INFO  ProfileMatch              :     lib root package: "com.facebook.all"  (in app: "android.support.v7")
16:01:38 INFO  ProfileMatch              : 
16:01:38 INFO  ProfileMatch              :                 name: Facebook
16:01:38 INFO  ProfileMatch              :             category: SocialMedia
16:01:38 INFO  ProfileMatch              :              version: 5.15.3  [OLD VERSION]
16:01:38 INFO  ProfileMatch              :         release-date: 03.02.2020
16:01:38 INFO  ProfileMatch              :     lib root package: "com.facebook.all"  (in app: "android.support.v7")
16:01:38 INFO  ProfileMatch              : 
16:01:38 INFO  ProfileMatch              :                 name: Facebook
16:01:38 INFO  ProfileMatch              :             category: SocialMedia
16:01:38 INFO  ProfileMatch              :              version: 6.0.0  [OLD VERSION]
16:01:38 INFO  ProfileMatch              :         release-date: 03.02.2020
16:01:38 INFO  ProfileMatch              :     lib root package: "com.facebook.all"  (in app: "android.support.v7")
16:01:38 INFO  ProfileMatch              : 
16:01:38 INFO  ProfileMatch              :                 name: Facebook
16:01:38 INFO  ProfileMatch              :             category: SocialMedia
16:01:38 INFO  ProfileMatch              :              version: 6.1.0  [OLD VERSION]
16:01:38 INFO  ProfileMatch              :         release-date: 14.02.2020
16:01:38 INFO  ProfileMatch              :     lib root package: "com.facebook.all"  (in app: "android.support.v7")
16:01:38 INFO  ProfileMatch              : 
16:01:38 INFO  ProfileMatch              :                 name: Facebook
16:01:38 INFO  ProfileMatch              :             category: SocialMedia
16:01:38 INFO  ProfileMatch              :              version: 6.2.0  [OLD VERSION]
16:01:38 INFO  ProfileMatch              :         release-date: 09.03.2020
16:01:38 INFO  ProfileMatch              :     lib root package: "com.facebook.all"  (in app: "android.support.v7")
16:01:38 INFO  ProfileMatch              : 
16:01:38 INFO  ProfileMatch              :                 name: Facebook
16:01:38 INFO  ProfileMatch              :             category: SocialMedia
16:01:38 INFO  ProfileMatch              :              version: 6.3.0  [OLD VERSION]
16:01:38 INFO  ProfileMatch              :         release-date: 25.03.2020
16:01:38 INFO  ProfileMatch              :     lib root package: "com.facebook.all"  (in app: "android.support.v7")
16:01:38 INFO  ProfileMatch              : 
16:01:38 INFO  ProfileMatch              :                 name: Facebook
16:01:38 INFO  ProfileMatch              :             category: SocialMedia
16:01:38 INFO  ProfileMatch              :              version: 6.4.0  [OLD VERSION]
16:01:38 INFO  ProfileMatch              :         release-date: 15.04.2020
16:01:38 INFO  ProfileMatch              :     lib root package: "com.facebook.all"  (in app: "android.support.v7")
16:01:38 INFO  ProfileMatch              : 
16:01:38 INFO  ProfileMatch              :                 name: Facebook
16:01:38 INFO  ProfileMatch              :             category: SocialMedia
16:01:38 INFO  ProfileMatch              :              version: 6.5.0  [OLD VERSION]
16:01:38 INFO  ProfileMatch              :         release-date: 20.04.2020
16:01:38 INFO  ProfileMatch              :     lib root package: "com.facebook.all"  (in app: "android.support.v7")
16:01:38 INFO  ProfileMatch              : 
16:01:38 INFO  ProfileMatch              :                 name: Facebook
16:01:38 INFO  ProfileMatch              :             category: SocialMedia
16:01:38 INFO  ProfileMatch              :              version: 6.5.1  [OLD VERSION]
16:01:38 INFO  ProfileMatch              :         release-date: 23.04.2020
16:01:38 INFO  ProfileMatch              :     lib root package: "com.facebook.all"  (in app: "android.support.v7")
16:01:38 INFO  ProfileMatch              : 
16:01:38 INFO  ProfileMatch              :                 name: Facebook
16:01:38 INFO  ProfileMatch              :             category: SocialMedia
16:01:38 INFO  ProfileMatch              :              version: 7.0.0  [OLD VERSION]
16:01:38 INFO  ProfileMatch              :         release-date: 05.05.2020
16:01:38 INFO  ProfileMatch              :     lib root package: "com.facebook.all"  (in app: "android.support.v7")
16:01:38 INFO  ProfileMatch              : 
16:01:38 INFO  ProfileMatch              :                 name: Facebook
16:01:38 INFO  ProfileMatch              :             category: SocialMedia
16:01:38 INFO  ProfileMatch              :              version: 7.0.1  [OLD VERSION]
16:01:38 INFO  ProfileMatch              :         release-date: 09.06.2020
16:01:38 INFO  ProfileMatch              :     lib root package: "com.facebook.all"  (in app: "android.support.v7")
16:01:38 INFO  ProfileMatch              : 
16:01:38 INFO  ProfileMatch              :                 name: Facebook
16:01:38 INFO  ProfileMatch              :             category: SocialMedia
16:01:38 INFO  ProfileMatch              :              version: 7.1.0  [OLD VERSION]
16:01:38 INFO  ProfileMatch              :         release-date: 23.06.2020
16:01:38 INFO  ProfileMatch              :     lib root package: "com.facebook.all"  (in app: "android.support.v7")
16:01:38 INFO  ProfileMatch              : 
16:01:38 INFO  ProfileMatch              :                 name: Facebook
16:01:38 INFO  ProfileMatch              :             category: SocialMedia
16:01:38 INFO  ProfileMatch              :              version: 8.0.0  [OLD VERSION]
16:01:38 INFO  ProfileMatch              :         release-date: 28.09.2020
16:01:38 INFO  ProfileMatch              :     lib root package: "com.facebook.all"  (in app: "android.support.v7")
16:01:38 INFO  ProfileMatch              : 
16:01:38 INFO  ProfileMatch              :                 name: Facebook
16:01:38 INFO  ProfileMatch              :             category: SocialMedia
16:01:38 INFO  ProfileMatch              :              version: 8.1.0  [OLD VERSION]
16:01:38 INFO  ProfileMatch              :         release-date: 14.10.2020
16:01:38 INFO  ProfileMatch              :     lib root package: "com.facebook.all"  (in app: "android.support.v7")
16:01:38 INFO  ProfileMatch              : 
16:01:38 INFO  ProfileMatch              :                 name: Facebook
16:01:38 INFO  ProfileMatch              :             category: SocialMedia
16:01:38 INFO  ProfileMatch              :              version: 8.2.0  [OLD VERSION]
16:01:38 INFO  ProfileMatch              :         release-date: 18.12.2020
16:01:38 INFO  ProfileMatch              :     lib root package: "com.facebook.all"  (in app: "android.support.v7")
16:01:38 INFO  ProfileMatch              : 
16:01:38 INFO  ProfileMatch              :                 name: Facebook
16:01:38 INFO  ProfileMatch              :             category: SocialMedia
16:01:38 INFO  ProfileMatch              :              version: 9.0.0  [OLD VERSION]
16:01:38 INFO  ProfileMatch              :         release-date: 19.01.2021
16:01:38 INFO  ProfileMatch              :     lib root package: "com.facebook.all"  (in app: "android.support.v7")
16:01:38 INFO  ProfileMatch              : 
16:01:38 INFO  ProfileMatch              :                 name: Facebook
16:01:38 INFO  ProfileMatch              :             category: SocialMedia
16:01:38 INFO  ProfileMatch              :              version: 9.1.0  [OLD VERSION]
16:01:38 INFO  ProfileMatch              :         release-date: 15.03.2021
16:01:38 INFO  ProfileMatch              :     lib root package: "com.facebook.all"  (in app: "android.support.v7")
16:01:38 INFO  ProfileMatch              : 
16:01:38 INFO  ProfileMatch              :                 name: Facebook
16:01:38 INFO  ProfileMatch              :             category: SocialMedia
16:01:38 INFO  ProfileMatch              :              version: 9.1.1  [OLD VERSION]
16:01:38 INFO  ProfileMatch              :         release-date: 12.04.2021
16:01:38 INFO  ProfileMatch              :     lib root package: "com.facebook.all"  (in app: "android.support.v7")
16:01:38 INFO  ProfileMatch              : 
16:01:38 INFO  ProfileMatch              :                 name: Facebook
16:01:38 INFO  ProfileMatch              :             category: SocialMedia
16:01:38 INFO  ProfileMatch              :              version: 11.0.0  [OLD VERSION]
16:01:38 INFO  ProfileMatch              :         release-date: 08.06.2021
16:01:38 INFO  ProfileMatch              :     lib root package: "com.facebook.all"  (in app: "android.support.v7")
16:01:38 INFO  ProfileMatch              : 
16:01:38 INFO  ProfileMatch              :                 name: Facebook
16:01:38 INFO  ProfileMatch              :             category: SocialMedia
16:01:38 INFO  ProfileMatch              :              version: 11.1.0  [OLD VERSION]
16:01:38 INFO  ProfileMatch              :         release-date: 06.07.2021
16:01:38 INFO  ProfileMatch              :     lib root package: "com.facebook.all"  (in app: "android.support.v7")
16:01:38 INFO  ProfileMatch              : 
16:01:38 INFO  ProfileMatch              :                 name: Facebook
16:01:38 INFO  ProfileMatch              :             category: SocialMedia
16:01:38 INFO  ProfileMatch              :              version: 11.1.1  [OLD VERSION]
16:01:38 INFO  ProfileMatch              :         release-date: 19.07.2021
16:01:38 INFO  ProfileMatch              :     lib root package: "com.facebook.all"  (in app: "android.support.v7")
16:01:38 INFO  ProfileMatch              : 
16:01:38 INFO  ProfileMatch              :                 name: Facebook
16:01:38 INFO  ProfileMatch              :             category: SocialMedia
16:01:38 INFO  ProfileMatch              :              version: 11.2.0  [OLD VERSION]
16:01:38 INFO  ProfileMatch              :         release-date: 03.08.2021
16:01:38 INFO  ProfileMatch              :     lib root package: "com.facebook.all"  (in app: "android.support.v7")
16:01:38 INFO  ProfileMatch              : 
16:01:38 INFO  ProfileMatch              :                 name: Facebook
16:01:38 INFO  ProfileMatch              :             category: SocialMedia
16:01:38 INFO  ProfileMatch              :              version: 11.3.0  [OLD VERSION]
16:01:38 INFO  ProfileMatch              :         release-date: 07.09.2021
16:01:38 INFO  ProfileMatch              :     lib root package: "com.facebook.all"  (in app: "android.support.v7")
16:01:38 INFO  ProfileMatch              : 
16:01:38 INFO  ProfileMatch              :                 name: Facebook
16:01:38 INFO  ProfileMatch              :             category: SocialMedia
16:01:38 INFO  ProfileMatch              :              version: 12.0.0  [OLD VERSION]
16:01:38 INFO  ProfileMatch              :         release-date: 05.10.2021
16:01:38 INFO  ProfileMatch              :     lib root package: "com.facebook.all"  (in app: "android.support.v7")
16:01:38 INFO  ProfileMatch              : 
16:01:38 INFO  ProfileMatch              :                 name: Facebook
16:01:38 INFO  ProfileMatch              :             category: SocialMedia
16:01:38 INFO  ProfileMatch              :              version: 12.0.1  [OLD VERSION]
16:01:38 INFO  ProfileMatch              :         release-date: 13.10.2021
16:01:38 INFO  ProfileMatch              :     lib root package: "com.facebook.all"  (in app: "android.support.v7")
16:01:38 INFO  ProfileMatch              : 
16:01:38 INFO  ProfileMatch              :                 name: Facebook
16:01:38 INFO  ProfileMatch              :             category: SocialMedia
16:01:38 INFO  ProfileMatch              :              version: 12.1.0  [OLD VERSION]
16:01:38 INFO  ProfileMatch              :         release-date: 01.11.2021
16:01:38 INFO  ProfileMatch              :     lib root package: "com.facebook.all"  (in app: "android.support.v7")
16:01:38 INFO  ProfileMatch              : 
16:01:38 INFO  ProfileMatch              :                 name: Facebook
16:01:38 INFO  ProfileMatch              :             category: SocialMedia
16:01:38 INFO  ProfileMatch              :              version: 12.2.0  [OLD VERSION]
16:01:38 INFO  ProfileMatch              :         release-date: 06.12.2021
16:01:38 INFO  ProfileMatch              :     lib root package: "com.facebook.all"  (in app: "android.support.v7")
16:01:38 INFO  ProfileMatch              : 
16:01:38 INFO  ProfileMatch              :                 name: Facebook
16:01:38 INFO  ProfileMatch              :             category: SocialMedia
16:01:38 INFO  ProfileMatch              :              version: 12.3.0  [OLD VERSION]
16:01:38 INFO  ProfileMatch              :         release-date: 10.01.2022
16:01:38 INFO  ProfileMatch              :     lib root package: "com.facebook.all"  (in app: "android.support.v7")
16:01:38 INFO  ProfileMatch              : 
16:01:38 INFO  ProfileMatch              :                 name: Facebook
16:01:38 INFO  ProfileMatch              :             category: SocialMedia
16:01:38 INFO  ProfileMatch              :              version: 13.0.0  [OLD VERSION]
16:01:38 INFO  ProfileMatch              :         release-date: 23.02.2022
16:01:38 INFO  ProfileMatch              :     lib root package: "com.facebook.all"  (in app: "android.support.v7")
16:01:38 INFO  ProfileMatch              : 
16:01:38 INFO  ProfileMatch              :                 name: Facebook
16:01:38 INFO  ProfileMatch              :             category: SocialMedia
16:01:38 INFO  ProfileMatch              :              version: 13.1.0  [OLD VERSION]
16:01:38 INFO  ProfileMatch              :         release-date: 21.03.2022
16:01:38 INFO  ProfileMatch              :     lib root package: "com.facebook.all"  (in app: "android.support.v7")
16:01:38 INFO  ProfileMatch              : 
16:01:38 INFO  ProfileMatch              :                 name: Facebook
16:01:38 INFO  ProfileMatch              :             category: SocialMedia
16:01:38 INFO  ProfileMatch              :              version: 13.2.0  [OLD VERSION]
16:01:38 INFO  ProfileMatch              :         release-date: 22.04.2022
16:01:38 INFO  ProfileMatch              :     lib root package: "com.facebook.all"  (in app: "android.support.v7")
16:01:38 INFO  ProfileMatch              : 
16:01:38 INFO  ProfileMatch              :                 name: Facebook
16:01:38 INFO  ProfileMatch              :             category: SocialMedia
16:01:38 INFO  ProfileMatch              :              version: 14.0.0
16:01:38 INFO  ProfileMatch              :         release-date: 14.06.2022
16:01:38 INFO  ProfileMatch              :     lib root package: "com.facebook.all"  (in app: "android.support.v7")
16:01:38 INFO  ProfileMatch              : 
16:01:39 INFO  LibraryIdentifier         : 
16:01:39 INFO  LibraryIdentifier         : - Partial library matches:
16:01:39 INFO  LibraryIdentifier         :                 name: androidx.interpolator::interpolator
16:01:39 INFO  LibraryIdentifier         :             category: Android
16:01:39 INFO  LibraryIdentifier         :              version: 1.0.0
16:01:39 INFO  LibraryIdentifier         :         release-date:  --
16:01:39 INFO  LibraryIdentifier         :     lib root package: "androidx.interpolator.view.animation"
16:01:39 INFO  LibraryIdentifier         :         Partial matching results:
16:01:39 INFO  LibraryIdentifier         :              - config: Hashing.md5() | Flags: no-flag | Keep: PN | Prune: MSIG   score: 0.75
16:01:39 INFO  LibraryIdentifier         : 
16:01:39 INFO  LibraryIdentifier         : 
16:01:39 INFO  LibraryIdentifier         : App processing time: 12 sec, 100 ms
