22:56:08 INFO  LibraryIdentifier         : Process app: us.spotco.motionlock_14.apk
22:56:08 INFO  LibraryIdentifier         : = Manifest Parser =
22:56:08 INFO  LibraryIdentifier         :         Package name: us.spotco.motionlock
22:56:08 INFO  LibraryIdentifier         :         Version code: 14
22:56:08 INFO  LibraryIdentifier         :        minSdkVersion: 14
22:56:08 INFO  LibraryIdentifier         :     targetSdkVersion: 30
22:56:08 INFO  LibraryIdentifier         :         SharedUserId:  - none -
22:56:08 INFO  LibraryIdentifier         :     Library dependencies:  - none -
22:56:08 INFO  LibraryIdentifier         : 
22:56:08 INFO  LibraryIdentifier         : Found 402 unique libraries in 12405 library profiles
22:56:09 INFO  LibraryIdentifier         : Generated class hierarchy (in 800 ms)
22:56:09 INFO  WalaUtils                 : 
22:56:09 INFO  WalaUtils                 : = ClassHierarchy Stats =
22:56:09 INFO  WalaUtils                 :     # of classes: 764
22:56:09 INFO  WalaUtils                 :     # thereof inner classes: 383
22:56:09 INFO  WalaUtils                 :     # thereof public classes: 395
22:56:09 INFO  WalaUtils                 :         Activity : 5
22:56:09 INFO  WalaUtils                 :         Application : 0
22:56:09 INFO  WalaUtils                 :         AsyncTask : 0
22:56:09 INFO  WalaUtils                 :         BroadcastReceiver : 3
22:56:09 INFO  WalaUtils                 :         ContentProvider : 0
22:56:09 INFO  WalaUtils                 :         Fragment : 1
22:56:09 INFO  WalaUtils                 :         Handler : 1
22:56:09 INFO  WalaUtils                 :         LayoutContainer : 27
22:56:09 INFO  WalaUtils                 :         Plain : 703
22:56:09 INFO  WalaUtils                 :         Runnable : 0
22:56:09 INFO  WalaUtils                 :         Service : 1
22:56:09 INFO  WalaUtils                 :         Thread : 0
22:56:09 INFO  WalaUtils                 :         View : 23
22:56:09 INFO  WalaUtils                 :     # methods: 6185
22:56:09 INFO  WalaUtils                 :         # of publicly accessible methods: 4166
22:56:09 INFO  WalaUtils                 :         # of non-accessible methods: 2019
22:56:09 INFO  WalaUtils                 : 
22:56:09 INFO  Profile                   : = PackageTree =
22:56:09 INFO  PackageTree               : Root Package: a
22:56:09 INFO  PackageTree               : └── Root
22:56:09 INFO  PackageTree               :     ├── androidx
22:56:09 INFO  PackageTree               :     │   ├── appcompat
22:56:09 INFO  PackageTree               :     │   │   ├── widget (162)
22:56:09 INFO  PackageTree               :     │   │   ├── app (61)
22:56:09 INFO  PackageTree               :     │   │   └── view
22:56:09 INFO  PackageTree               :     │   │       └── menu (43)
22:56:09 INFO  PackageTree               :     │   ├── fragment
22:56:09 INFO  PackageTree               :     │   │   └── app (58)
22:56:09 INFO  PackageTree               :     │   ├── core
22:56:09 INFO  PackageTree               :     │   │   ├── app (17)
22:56:09 INFO  PackageTree               :     │   │   ├── widget (20)
22:56:09 INFO  PackageTree               :     │   │   └── graphics
22:56:09 INFO  PackageTree               :     │   │       └── drawable (8)
22:56:09 INFO  PackageTree               :     │   ├── activity (12)
22:56:09 INFO  PackageTree               :     │   ├── lifecycle (35)
22:56:09 INFO  PackageTree               :     │   ├── versionedparcelable (6)
22:56:09 INFO  PackageTree               :     │   ├── constraintlayout
22:56:09 INFO  PackageTree               :     │   │   └── widget (25)
22:56:09 INFO  PackageTree               :     │   ├── annotation (1)
22:56:09 INFO  PackageTree               :     │   └── savedstate (7)
22:56:09 INFO  PackageTree               :     ├── us
22:56:09 INFO  PackageTree               :     │   └── spotco
22:56:09 INFO  PackageTree               :     │       └── motionlock (7)
22:56:09 INFO  PackageTree               :     ├── a
22:56:09 INFO  PackageTree               :     │   ├── e (3)
22:56:09 INFO  PackageTree               :     │   │   ├── e (16)
22:56:09 INFO  PackageTree               :     │   │   ├── i (4)
22:56:09 INFO  PackageTree               :     │   │   ├── j (53)
22:56:09 INFO  PackageTree               :     │   │   │   └── a0 (14)
22:56:09 INFO  PackageTree               :     │   │   ├── g (15)
22:56:09 INFO  PackageTree               :     │   │   ├── d (2)
22:56:09 INFO  PackageTree               :     │   │   │   └── c (18)
22:56:09 INFO  PackageTree               :     │   │   ├── h (3)
22:56:09 INFO  PackageTree               :     │   │   └── f
22:56:09 INFO  PackageTree               :     │   │       └── a (3)
22:56:09 INFO  PackageTree               :     │   ├── j
22:56:09 INFO  PackageTree               :     │   │   └── a
22:56:09 INFO  PackageTree               :     │   │       └── a (20)
22:56:09 INFO  PackageTree               :     │   ├── a (10)
22:56:09 INFO  PackageTree               :     │   │   ├── n (14)
22:56:09 INFO  PackageTree               :     │   │   ├── l
22:56:09 INFO  PackageTree               :     │   │   │   └── a (14)
22:56:09 INFO  PackageTree               :     │   │   ├── k
22:56:09 INFO  PackageTree               :     │   │   │   └── a (2)
22:56:09 INFO  PackageTree               :     │   │   └── m (2)
22:56:09 INFO  PackageTree               :     │   ├── d
22:56:09 INFO  PackageTree               :     │   │   ├── b (16)
22:56:09 INFO  PackageTree               :     │   │   │   └── k (14)
22:56:09 INFO  PackageTree               :     │   │   │       └── m (21)
22:56:09 INFO  PackageTree               :     │   │   └── a
22:56:09 INFO  PackageTree               :     │   │       ├── a (1)
22:56:09 INFO  PackageTree               :     │   │       └── b (1)
22:56:09 INFO  PackageTree               :     │   ├── c (15)
22:56:09 INFO  PackageTree               :     │   ├── i
22:56:09 INFO  PackageTree               :     │   │   ├── a (6)
22:56:09 INFO  PackageTree               :     │   │   └── b (1)
22:56:09 INFO  PackageTree               :     │   ├── b
22:56:09 INFO  PackageTree               :     │   │   └── a
22:56:09 INFO  PackageTree               :     │   │       ├── b (8)
22:56:09 INFO  PackageTree               :     │   │       └── a (4)
22:56:09 INFO  PackageTree               :     │   ├── h
22:56:09 INFO  PackageTree               :     │   │   └── a
22:56:09 INFO  PackageTree               :     │   │       └── a (4)
22:56:09 INFO  PackageTree               :     │   ├── f
22:56:09 INFO  PackageTree               :     │   │   └── a (6)
22:56:09 INFO  PackageTree               :     │   └── g
22:56:09 INFO  PackageTree               :     │       └── a (3)
22:56:09 INFO  PackageTree               :     ├── b
22:56:09 INFO  PackageTree               :     │   └── a
22:56:09 INFO  PackageTree               :     │       └── a
22:56:09 INFO  PackageTree               :     │           └── a (7)
22:56:09 INFO  PackageTree               :     └── android
22:56:09 INFO  PackageTree               :         └── support
22:56:09 INFO  PackageTree               :             └── v4
22:56:09 INFO  PackageTree               :                 ├── graphics
22:56:09 INFO  PackageTree               :                 │   └── drawable (1)
22:56:09 INFO  PackageTree               :                 └── app (1)
22:56:09 INFO  Profile                   : 
22:56:09 INFO  AppProfile                : - generated app package tree (in 45 ms)
22:56:09 INFO  AppProfile                : 
22:56:09 DEBUG HashTree                  : Generate hash tree..
22:56:10 DEBUG HashTree                  :     - generated 45 package hashes.
22:56:10 DEBUG HashTree                  :     - generated 741 clazz hashes.
22:56:10 DEBUG HashTree                  :     - generated 6185 method hashes.
22:56:10 DEBUG HashTree                  :     => Library Hash: 8d21649819da7a58c710cfcaeda64607
22:56:10 INFO  AppProfile                : - generated app hash trees (in 252 ms)
22:56:10 INFO  AppProfile                : 
22:56:10 INFO  LibraryIdentifier         : = Scan for library root packages (heuristic) =
22:56:10 INFO  LibraryIdentifier         :     - Found lib root package androidx.annotation  (androidx.annotation::annotation)
22:56:10 INFO  LibraryIdentifier         :     - Found lib root package androidx.appcompat  (androidx.appcompat::appcompat)
22:56:10 INFO  LibraryIdentifier         :     - Found lib root package androidx.constraintlayout.widget  (androidx.constraintlayout::constraintlayout)
22:56:10 INFO  LibraryIdentifier         :     - Found lib root package androidx.core  (androidx.core::core)
22:56:10 INFO  LibraryIdentifier         :     - Found lib root package androidx  (androidx.core::core-ktx)
22:56:10 INFO  LibraryIdentifier         :     - Found lib root package androidx.fragment.app  (androidx.fragment::fragment)
22:56:10 INFO  LibraryIdentifier         :     - Found lib root package androidx.fragment.app  (androidx.fragment::fragment-ktx)
22:56:10 INFO  LibraryIdentifier         :     - Found lib root package androidx.lifecycle  (androidx.lifecycle::lifecycle-common)
22:56:10 INFO  LibraryIdentifier         :     - Found lib root package androidx.lifecycle  (androidx.lifecycle::lifecycle-common-java8)
22:56:10 INFO  LibraryIdentifier         :     - Found lib root package androidx.lifecycle  (androidx.lifecycle::lifecycle-compiler)
22:56:10 INFO  LibraryIdentifier         :     - Found lib root package androidx.lifecycle  (androidx.lifecycle::lifecycle-extensions)
22:56:10 INFO  LibraryIdentifier         :     - Found lib root package androidx.lifecycle  (androidx.lifecycle::lifecycle-livedata)
22:56:10 INFO  LibraryIdentifier         :     - Found lib root package androidx.lifecycle  (androidx.lifecycle::lifecycle-livedata-core)
22:56:10 INFO  LibraryIdentifier         :     - Found lib root package androidx.lifecycle  (androidx.lifecycle::lifecycle-process)
22:56:10 INFO  LibraryIdentifier         :     - Found lib root package androidx.lifecycle  (androidx.lifecycle::lifecycle-reactivestreams)
22:56:10 INFO  LibraryIdentifier         :     - Found lib root package androidx.lifecycle  (androidx.lifecycle::lifecycle-reactivestreams-ktx)
22:56:10 INFO  LibraryIdentifier         :     - Found lib root package androidx.lifecycle  (androidx.lifecycle::lifecycle-runtime)
22:56:10 INFO  LibraryIdentifier         :     - Found lib root package androidx.lifecycle  (androidx.lifecycle::lifecycle-service)
22:56:10 INFO  LibraryIdentifier         :     - Found lib root package androidx.lifecycle  (androidx.lifecycle::lifecycle-viewmodel)
22:56:10 INFO  LibraryIdentifier         :     - Found lib root package androidx.lifecycle  (androidx.lifecycle::lifecycle-viewmodel-ktx)
22:56:10 INFO  LibraryIdentifier         :     - Found lib root package androidx.versionedparcelable  (androidx.versionedparcelable::versionedparcelable)
22:56:10 INFO  LibraryIdentifier         :     - Found lib root package android.support.v4  (com.android.support::customview)
22:56:10 INFO  LibraryIdentifier         :     - Found lib root package android.support.v4  (com.android.support::loader)
22:56:10 INFO  LibraryIdentifier         :     - Found lib root package android.support.v4  (com.android.support::support-compat)
22:56:10 INFO  LibraryIdentifier         :     - Found lib root package android.support.v4  (com.android.support::support-core-ui)
22:56:10 INFO  LibraryIdentifier         :     - Found lib root package android.support.v4  (com.android.support::support-core-utils)
22:56:10 INFO  LibraryIdentifier         :     - Found lib root package android.support.v4.app  (com.android.support::support-fragment)
22:56:10 INFO  LibraryIdentifier         :     - Found lib root package android.support.v4  (com.android.support::support-v4)
22:56:10 INFO  LibraryIdentifier         :     - Found lib root package androidx.versionedparcelable  (com.android.support::versionedparcelable)
22:56:10 INFO  LibraryIdentifier         : 
22:56:10 INFO  LibraryIdentifier         : = Match profiles =
22:56:25 INFO  LibraryIdentifier         :     >> profile matching done (15 sec, 195 ms)
22:56:25 INFO  LibraryIdentifier         : 
22:56:25 INFO  LibraryIdentifier         : == Report ==
22:56:25 INFO  LibraryIdentifier         : - Full library matches:
22:56:25 INFO  ProfileMatch              :                 name: com.google.firebase::firebase-ml-vision-image-label-model
22:56:25 INFO  ProfileMatch              :             category: Android
22:56:25 INFO  ProfileMatch              :              version: 20.0.0  [OLD VERSION]
22:56:25 INFO  ProfileMatch              :         release-date:  --
22:56:25 INFO  ProfileMatch              :     lib root package: "com.google.firebase.ml.vision.imagelabel"  (in app: "a")
22:56:25 INFO  ProfileMatch              : 
22:56:25 INFO  ProfileMatch              :                 name: com.google.firebase::firebase-ml-vision-image-label-model
22:56:25 INFO  ProfileMatch              :             category: Android
22:56:25 INFO  ProfileMatch              :              version: 20.0.1  [OLD VERSION]
22:56:25 INFO  ProfileMatch              :         release-date:  --
22:56:25 INFO  ProfileMatch              :     lib root package: "com.google.firebase.ml.vision.imagelabel"  (in app: "a")
22:56:25 INFO  ProfileMatch              : 
22:56:25 INFO  ProfileMatch              :                 name: com.google.firebase::firebase-ml-vision-image-label-model
22:56:25 INFO  ProfileMatch              :             category: Android
22:56:25 INFO  ProfileMatch              :              version: 20.0.2
22:56:25 INFO  ProfileMatch              :         release-date:  --
22:56:25 INFO  ProfileMatch              :     lib root package: "com.google.firebase.ml.vision.imagelabel"  (in app: "a")
22:56:25 INFO  ProfileMatch              : 
22:56:25 INFO  ProfileMatch              :                 name: com.android.support::interpolator
22:56:25 INFO  ProfileMatch              :             category: Android
22:56:25 INFO  ProfileMatch              :              version: 28.0.0
22:56:25 INFO  ProfileMatch              :         release-date:  --
22:56:25 INFO  ProfileMatch              :     lib root package: "android.support.v4.view.animation"  (in app: "a.h.a.a")
22:56:25 INFO  ProfileMatch              : 
22:56:25 INFO  ProfileMatch              :                 name: androidx.interpolator::interpolator
22:56:25 INFO  ProfileMatch              :             category: Android
22:56:25 INFO  ProfileMatch              :              version: 1.0.0
22:56:25 INFO  ProfileMatch              :         release-date:  --
22:56:25 INFO  ProfileMatch              :     lib root package: "androidx.interpolator.view.animation"  (in app: "a.h.a.a")
22:56:25 INFO  ProfileMatch              : 
22:56:25 INFO  ProfileMatch              :                 name: Facebook
22:56:25 INFO  ProfileMatch              :             category: SocialMedia
22:56:25 INFO  ProfileMatch              :              version: 4.27.0  [OLD VERSION]
22:56:25 INFO  ProfileMatch              :         release-date: 26.09.2017
22:56:25 INFO  ProfileMatch              :     lib root package: "com.facebook.all"  (in app: "a")
22:56:25 INFO  ProfileMatch              : 
22:56:25 INFO  ProfileMatch              :                 name: Facebook
22:56:25 INFO  ProfileMatch              :             category: SocialMedia
22:56:25 INFO  ProfileMatch              :              version: 4.28.0  [OLD VERSION]
22:56:25 INFO  ProfileMatch              :         release-date: 07.11.2017
22:56:25 INFO  ProfileMatch              :     lib root package: "com.facebook.all"  (in app: "a")
22:56:25 INFO  ProfileMatch              : 
22:56:25 INFO  ProfileMatch              :                 name: Facebook
22:56:25 INFO  ProfileMatch              :             category: SocialMedia
22:56:25 INFO  ProfileMatch              :              version: 4.29.0  [OLD VERSION]
22:56:25 INFO  ProfileMatch              :         release-date: 05.12.2017
22:56:25 INFO  ProfileMatch              :     lib root package: "com.facebook.all"  (in app: "a")
22:56:25 INFO  ProfileMatch              : 
22:56:25 INFO  ProfileMatch              :                 name: Facebook
22:56:25 INFO  ProfileMatch              :             category: SocialMedia
22:56:25 INFO  ProfileMatch              :              version: 4.30.0  [OLD VERSION]
22:56:25 INFO  ProfileMatch              :         release-date: 24.01.2018
22:56:25 INFO  ProfileMatch              :     lib root package: "com.facebook.all"  (in app: "a")
22:56:25 INFO  ProfileMatch              : 
22:56:25 INFO  ProfileMatch              :                 name: Facebook
22:56:25 INFO  ProfileMatch              :             category: SocialMedia
22:56:25 INFO  ProfileMatch              :              version: 4.31.0  [OLD VERSION]
22:56:25 INFO  ProfileMatch              :         release-date: 28.02.2018
22:56:25 INFO  ProfileMatch              :     lib root package: "com.facebook.all"  (in app: "a")
22:56:25 INFO  ProfileMatch              : 
22:56:25 INFO  ProfileMatch              :                 name: Facebook
22:56:25 INFO  ProfileMatch              :             category: SocialMedia
22:56:25 INFO  ProfileMatch              :              version: 4.32.0  [OLD VERSION]
22:56:25 INFO  ProfileMatch              :         release-date: 11.04.2018
22:56:25 INFO  ProfileMatch              :     lib root package: "com.facebook.all"  (in app: "a")
22:56:25 INFO  ProfileMatch              : 
22:56:25 INFO  ProfileMatch              :                 name: Facebook
22:56:25 INFO  ProfileMatch              :             category: SocialMedia
22:56:25 INFO  ProfileMatch              :              version: 4.33.0  [OLD VERSION]
22:56:25 INFO  ProfileMatch              :         release-date: 01.05.2018
22:56:25 INFO  ProfileMatch              :     lib root package: "com.facebook.all"  (in app: "a")
22:56:25 INFO  ProfileMatch              : 
22:56:25 INFO  ProfileMatch              :                 name: Facebook
22:56:25 INFO  ProfileMatch              :             category: SocialMedia
22:56:25 INFO  ProfileMatch              :              version: 4.34.0  [OLD VERSION]
22:56:25 INFO  ProfileMatch              :         release-date: 19.06.2018
22:56:25 INFO  ProfileMatch              :     lib root package: "com.facebook.all"  (in app: "a")
22:56:25 INFO  ProfileMatch              : 
22:56:25 INFO  ProfileMatch              :                 name: Facebook
22:56:25 INFO  ProfileMatch              :             category: SocialMedia
22:56:25 INFO  ProfileMatch              :              version: 4.35.0  [OLD VERSION]
22:56:25 INFO  ProfileMatch              :         release-date: 26.07.2018
22:56:25 INFO  ProfileMatch              :     lib root package: "com.facebook.all"  (in app: "a")
22:56:25 INFO  ProfileMatch              : 
22:56:25 INFO  ProfileMatch              :                 name: Facebook
22:56:25 INFO  ProfileMatch              :             category: SocialMedia
22:56:25 INFO  ProfileMatch              :              version: 4.36.0  [OLD VERSION]
22:56:25 INFO  ProfileMatch              :         release-date: 29.08.2018
22:56:25 INFO  ProfileMatch              :     lib root package: "com.facebook.all"  (in app: "a")
22:56:25 INFO  ProfileMatch              : 
22:56:25 INFO  ProfileMatch              :                 name: Facebook
22:56:25 INFO  ProfileMatch              :             category: SocialMedia
22:56:25 INFO  ProfileMatch              :              version: 4.36.1  [OLD VERSION]
22:56:25 INFO  ProfileMatch              :         release-date: 15.09.2018
22:56:25 INFO  ProfileMatch              :     lib root package: "com.facebook.all"  (in app: "a")
22:56:25 INFO  ProfileMatch              : 
22:56:25 INFO  ProfileMatch              :                 name: Facebook
22:56:25 INFO  ProfileMatch              :             category: SocialMedia
22:56:25 INFO  ProfileMatch              :              version: 4.37.0  [OLD VERSION]
22:56:25 INFO  ProfileMatch              :         release-date: 27.09.2018
22:56:25 INFO  ProfileMatch              :     lib root package: "com.facebook.all"  (in app: "a")
22:56:25 INFO  ProfileMatch              : 
22:56:25 INFO  ProfileMatch              :                 name: Facebook
22:56:25 INFO  ProfileMatch              :             category: SocialMedia
22:56:25 INFO  ProfileMatch              :              version: 4.38.0  [OLD VERSION]
22:56:25 INFO  ProfileMatch              :         release-date: 23.10.2018
22:56:25 INFO  ProfileMatch              :     lib root package: "com.facebook.all"  (in app: "a")
22:56:25 INFO  ProfileMatch              : 
22:56:25 INFO  ProfileMatch              :                 name: Facebook
22:56:25 INFO  ProfileMatch              :             category: SocialMedia
22:56:25 INFO  ProfileMatch              :              version: 4.38.1  [OLD VERSION]
22:56:25 INFO  ProfileMatch              :         release-date: 31.10.2018
22:56:25 INFO  ProfileMatch              :     lib root package: "com.facebook.all"  (in app: "a")
22:56:25 INFO  ProfileMatch              : 
22:56:25 INFO  ProfileMatch              :                 name: Facebook
22:56:25 INFO  ProfileMatch              :             category: SocialMedia
22:56:25 INFO  ProfileMatch              :              version: 4.39.0  [OLD VERSION]
22:56:25 INFO  ProfileMatch              :         release-date: 05.12.2018
22:56:25 INFO  ProfileMatch              :     lib root package: "com.facebook.all"  (in app: "a")
22:56:25 INFO  ProfileMatch              : 
22:56:25 INFO  ProfileMatch              :                 name: Facebook
22:56:25 INFO  ProfileMatch              :             category: SocialMedia
22:56:25 INFO  ProfileMatch              :              version: 4.40.0  [OLD VERSION]
22:56:25 INFO  ProfileMatch              :         release-date: 22.01.2019
22:56:25 INFO  ProfileMatch              :     lib root package: "com.facebook.all"  (in app: "a")
22:56:25 INFO  ProfileMatch              : 
22:56:25 INFO  ProfileMatch              :                 name: Facebook
22:56:25 INFO  ProfileMatch              :             category: SocialMedia
22:56:25 INFO  ProfileMatch              :              version: 4.41.0  [OLD VERSION]
22:56:25 INFO  ProfileMatch              :         release-date: 08.03.2019
22:56:25 INFO  ProfileMatch              :     lib root package: "com.facebook.all"  (in app: "a")
22:56:25 INFO  ProfileMatch              : 
22:56:25 INFO  ProfileMatch              :                 name: Facebook
22:56:25 INFO  ProfileMatch              :             category: SocialMedia
22:56:25 INFO  ProfileMatch              :              version: 4.42.0  [OLD VERSION]
22:56:25 INFO  ProfileMatch              :         release-date: 08.04.2019
22:56:25 INFO  ProfileMatch              :     lib root package: "com.facebook.all"  (in app: "a")
22:56:25 INFO  ProfileMatch              : 
22:56:25 INFO  ProfileMatch              :                 name: Facebook
22:56:25 INFO  ProfileMatch              :             category: SocialMedia
22:56:25 INFO  ProfileMatch              :              version: 5.0.0  [OLD VERSION]
22:56:25 INFO  ProfileMatch              :         release-date: 30.04.2019
22:56:25 INFO  ProfileMatch              :     lib root package: "com.facebook.all"  (in app: "a")
22:56:25 INFO  ProfileMatch              : 
22:56:25 INFO  ProfileMatch              :                 name: Facebook
22:56:25 INFO  ProfileMatch              :             category: SocialMedia
22:56:25 INFO  ProfileMatch              :              version: 5.0.1  [OLD VERSION]
22:56:25 INFO  ProfileMatch              :         release-date: 17.05.2019
22:56:25 INFO  ProfileMatch              :     lib root package: "com.facebook.all"  (in app: "a")
22:56:25 INFO  ProfileMatch              : 
22:56:25 INFO  ProfileMatch              :                 name: Facebook
22:56:25 INFO  ProfileMatch              :             category: SocialMedia
22:56:25 INFO  ProfileMatch              :              version: 5.0.2  [OLD VERSION]
22:56:25 INFO  ProfileMatch              :         release-date: 09.06.2019
22:56:25 INFO  ProfileMatch              :     lib root package: "com.facebook.all"  (in app: "a")
22:56:25 INFO  ProfileMatch              : 
22:56:25 INFO  ProfileMatch              :                 name: Facebook
22:56:25 INFO  ProfileMatch              :             category: SocialMedia
22:56:25 INFO  ProfileMatch              :              version: 5.0.3  [OLD VERSION]
22:56:25 INFO  ProfileMatch              :         release-date: 14.06.2019
22:56:25 INFO  ProfileMatch              :     lib root package: "com.facebook.all"  (in app: "a")
22:56:25 INFO  ProfileMatch              : 
22:56:25 INFO  ProfileMatch              :                 name: Facebook
22:56:25 INFO  ProfileMatch              :             category: SocialMedia
22:56:25 INFO  ProfileMatch              :              version: 5.1.0  [OLD VERSION]
22:56:25 INFO  ProfileMatch              :         release-date: 21.06.2019
22:56:25 INFO  ProfileMatch              :     lib root package: "com.facebook.all"  (in app: "a")
22:56:25 INFO  ProfileMatch              : 
22:56:25 INFO  ProfileMatch              :                 name: Facebook
22:56:25 INFO  ProfileMatch              :             category: SocialMedia
22:56:25 INFO  ProfileMatch              :              version: 5.1.1  [OLD VERSION]
22:56:25 INFO  ProfileMatch              :         release-date: 02.07.2019
22:56:25 INFO  ProfileMatch              :     lib root package: "com.facebook.all"  (in app: "a")
22:56:25 INFO  ProfileMatch              : 
22:56:25 INFO  ProfileMatch              :                 name: Facebook
22:56:25 INFO  ProfileMatch              :             category: SocialMedia
22:56:25 INFO  ProfileMatch              :              version: 5.2.0  [OLD VERSION]
22:56:25 INFO  ProfileMatch              :         release-date: 29.07.2019
22:56:25 INFO  ProfileMatch              :     lib root package: "com.facebook.all"  (in app: "a")
22:56:25 INFO  ProfileMatch              : 
22:56:25 INFO  ProfileMatch              :                 name: Facebook
22:56:25 INFO  ProfileMatch              :             category: SocialMedia
22:56:25 INFO  ProfileMatch              :              version: 5.4.0  [OLD VERSION]
22:56:25 INFO  ProfileMatch              :         release-date: 16.08.2019
22:56:25 INFO  ProfileMatch              :     lib root package: "com.facebook.all"  (in app: "a")
22:56:25 INFO  ProfileMatch              : 
22:56:25 INFO  ProfileMatch              :                 name: Facebook
22:56:25 INFO  ProfileMatch              :             category: SocialMedia
22:56:25 INFO  ProfileMatch              :              version: 5.5.0  [OLD VERSION]
22:56:25 INFO  ProfileMatch              :         release-date: 31.08.2019
22:56:25 INFO  ProfileMatch              :     lib root package: "com.facebook.all"  (in app: "a")
22:56:25 INFO  ProfileMatch              : 
22:56:25 INFO  ProfileMatch              :                 name: Facebook
22:56:25 INFO  ProfileMatch              :             category: SocialMedia
22:56:25 INFO  ProfileMatch              :              version: 5.5.1  [OLD VERSION]
22:56:25 INFO  ProfileMatch              :         release-date: 06.09.2019
22:56:25 INFO  ProfileMatch              :     lib root package: "com.facebook.all"  (in app: "a")
22:56:25 INFO  ProfileMatch              : 
22:56:25 INFO  ProfileMatch              :                 name: Facebook
22:56:25 INFO  ProfileMatch              :             category: SocialMedia
22:56:25 INFO  ProfileMatch              :              version: 5.5.2  [OLD VERSION]
22:56:25 INFO  ProfileMatch              :         release-date: 05.10.2019
22:56:25 INFO  ProfileMatch              :     lib root package: "com.facebook.all"  (in app: "a")
22:56:25 INFO  ProfileMatch              : 
22:56:25 INFO  ProfileMatch              :                 name: Facebook
22:56:25 INFO  ProfileMatch              :             category: SocialMedia
22:56:25 INFO  ProfileMatch              :              version: 5.8.0  [OLD VERSION]
22:56:25 INFO  ProfileMatch              :         release-date: 08.10.2019
22:56:25 INFO  ProfileMatch              :     lib root package: "com.facebook.all"  (in app: "a")
22:56:25 INFO  ProfileMatch              : 
22:56:25 INFO  ProfileMatch              :                 name: Facebook
22:56:25 INFO  ProfileMatch              :             category: SocialMedia
22:56:25 INFO  ProfileMatch              :              version: 5.9.0  [OLD VERSION]
22:56:25 INFO  ProfileMatch              :         release-date: 29.10.2019
22:56:25 INFO  ProfileMatch              :     lib root package: "com.facebook.all"  (in app: "a")
22:56:25 INFO  ProfileMatch              : 
22:56:25 INFO  ProfileMatch              :                 name: Facebook
22:56:25 INFO  ProfileMatch              :             category: SocialMedia
22:56:25 INFO  ProfileMatch              :              version: 5.11.0  [OLD VERSION]
22:56:25 INFO  ProfileMatch              :         release-date: 15.11.2019
22:56:25 INFO  ProfileMatch              :     lib root package: "com.facebook.all"  (in app: "a")
22:56:25 INFO  ProfileMatch              : 
22:56:25 INFO  ProfileMatch              :                 name: Facebook
22:56:25 INFO  ProfileMatch              :             category: SocialMedia
22:56:25 INFO  ProfileMatch              :              version: 5.11.1  [OLD VERSION]
22:56:25 INFO  ProfileMatch              :         release-date: 21.11.2019
22:56:25 INFO  ProfileMatch              :     lib root package: "com.facebook.all"  (in app: "a")
22:56:25 INFO  ProfileMatch              : 
22:56:25 INFO  ProfileMatch              :                 name: Facebook
22:56:25 INFO  ProfileMatch              :             category: SocialMedia
22:56:25 INFO  ProfileMatch              :              version: 5.11.2  [OLD VERSION]
22:56:25 INFO  ProfileMatch              :         release-date: 22.11.2019
22:56:25 INFO  ProfileMatch              :     lib root package: "com.facebook.all"  (in app: "a")
22:56:25 INFO  ProfileMatch              : 
22:56:25 INFO  ProfileMatch              :                 name: Facebook
22:56:25 INFO  ProfileMatch              :             category: SocialMedia
22:56:25 INFO  ProfileMatch              :              version: 5.12.0  [OLD VERSION]
22:56:25 INFO  ProfileMatch              :         release-date: 04.12.2019
22:56:25 INFO  ProfileMatch              :     lib root package: "com.facebook.all"  (in app: "a")
22:56:25 INFO  ProfileMatch              : 
22:56:25 INFO  ProfileMatch              :                 name: Facebook
22:56:25 INFO  ProfileMatch              :             category: SocialMedia
22:56:25 INFO  ProfileMatch              :              version: 5.12.1  [OLD VERSION]
22:56:25 INFO  ProfileMatch              :         release-date: 09.12.2019
22:56:25 INFO  ProfileMatch              :     lib root package: "com.facebook.all"  (in app: "a")
22:56:25 INFO  ProfileMatch              : 
22:56:25 INFO  ProfileMatch              :                 name: Facebook
22:56:25 INFO  ProfileMatch              :             category: SocialMedia
22:56:25 INFO  ProfileMatch              :              version: 5.13.0  [OLD VERSION]
22:56:25 INFO  ProfileMatch              :         release-date: 12.12.2019
22:56:25 INFO  ProfileMatch              :     lib root package: "com.facebook.all"  (in app: "a")
22:56:25 INFO  ProfileMatch              : 
22:56:25 INFO  ProfileMatch              :                 name: Facebook
22:56:25 INFO  ProfileMatch              :             category: SocialMedia
22:56:25 INFO  ProfileMatch              :              version: 5.15.0  [OLD VERSION]
22:56:25 INFO  ProfileMatch              :         release-date: 21.01.2020
22:56:25 INFO  ProfileMatch              :     lib root package: "com.facebook.all"  (in app: "a")
22:56:25 INFO  ProfileMatch              : 
22:56:25 INFO  ProfileMatch              :                 name: Facebook
22:56:25 INFO  ProfileMatch              :             category: SocialMedia
22:56:25 INFO  ProfileMatch              :              version: 5.15.1  [OLD VERSION]
22:56:25 INFO  ProfileMatch              :         release-date: 29.01.2020
22:56:25 INFO  ProfileMatch              :     lib root package: "com.facebook.all"  (in app: "a")
22:56:25 INFO  ProfileMatch              : 
22:56:25 INFO  ProfileMatch              :                 name: Facebook
22:56:25 INFO  ProfileMatch              :             category: SocialMedia
22:56:25 INFO  ProfileMatch              :              version: 5.15.2  [OLD VERSION]
22:56:25 INFO  ProfileMatch              :         release-date: 03.02.2020
22:56:25 INFO  ProfileMatch              :     lib root package: "com.facebook.all"  (in app: "a")
22:56:25 INFO  ProfileMatch              : 
22:56:25 INFO  ProfileMatch              :                 name: Facebook
22:56:25 INFO  ProfileMatch              :             category: SocialMedia
22:56:25 INFO  ProfileMatch              :              version: 5.15.3  [OLD VERSION]
22:56:25 INFO  ProfileMatch              :         release-date: 03.02.2020
22:56:25 INFO  ProfileMatch              :     lib root package: "com.facebook.all"  (in app: "a")
22:56:25 INFO  ProfileMatch              : 
22:56:25 INFO  ProfileMatch              :                 name: Facebook
22:56:25 INFO  ProfileMatch              :             category: SocialMedia
22:56:25 INFO  ProfileMatch              :              version: 6.0.0  [OLD VERSION]
22:56:25 INFO  ProfileMatch              :         release-date: 03.02.2020
22:56:25 INFO  ProfileMatch              :     lib root package: "com.facebook.all"  (in app: "a")
22:56:25 INFO  ProfileMatch              : 
22:56:25 INFO  ProfileMatch              :                 name: Facebook
22:56:25 INFO  ProfileMatch              :             category: SocialMedia
22:56:25 INFO  ProfileMatch              :              version: 6.1.0  [OLD VERSION]
22:56:25 INFO  ProfileMatch              :         release-date: 14.02.2020
22:56:25 INFO  ProfileMatch              :     lib root package: "com.facebook.all"  (in app: "a")
22:56:25 INFO  ProfileMatch              : 
22:56:25 INFO  ProfileMatch              :                 name: Facebook
22:56:25 INFO  ProfileMatch              :             category: SocialMedia
22:56:25 INFO  ProfileMatch              :              version: 6.2.0  [OLD VERSION]
22:56:25 INFO  ProfileMatch              :         release-date: 09.03.2020
22:56:25 INFO  ProfileMatch              :     lib root package: "com.facebook.all"  (in app: "a")
22:56:25 INFO  ProfileMatch              : 
22:56:25 INFO  ProfileMatch              :                 name: Facebook
22:56:25 INFO  ProfileMatch              :             category: SocialMedia
22:56:25 INFO  ProfileMatch              :              version: 6.3.0  [OLD VERSION]
22:56:25 INFO  ProfileMatch              :         release-date: 25.03.2020
22:56:25 INFO  ProfileMatch              :     lib root package: "com.facebook.all"  (in app: "a")
22:56:25 INFO  ProfileMatch              : 
22:56:25 INFO  ProfileMatch              :                 name: Facebook
22:56:25 INFO  ProfileMatch              :             category: SocialMedia
22:56:25 INFO  ProfileMatch              :              version: 6.4.0  [OLD VERSION]
22:56:25 INFO  ProfileMatch              :         release-date: 15.04.2020
22:56:25 INFO  ProfileMatch              :     lib root package: "com.facebook.all"  (in app: "a")
22:56:25 INFO  ProfileMatch              : 
22:56:25 INFO  ProfileMatch              :                 name: Facebook
22:56:25 INFO  ProfileMatch              :             category: SocialMedia
22:56:25 INFO  ProfileMatch              :              version: 6.5.0  [OLD VERSION]
22:56:25 INFO  ProfileMatch              :         release-date: 20.04.2020
22:56:25 INFO  ProfileMatch              :     lib root package: "com.facebook.all"  (in app: "a")
22:56:25 INFO  ProfileMatch              : 
22:56:25 INFO  ProfileMatch              :                 name: Facebook
22:56:25 INFO  ProfileMatch              :             category: SocialMedia
22:56:25 INFO  ProfileMatch              :              version: 6.5.1  [OLD VERSION]
22:56:25 INFO  ProfileMatch              :         release-date: 23.04.2020
22:56:25 INFO  ProfileMatch              :     lib root package: "com.facebook.all"  (in app: "a")
22:56:25 INFO  ProfileMatch              : 
22:56:25 INFO  ProfileMatch              :                 name: Facebook
22:56:25 INFO  ProfileMatch              :             category: SocialMedia
22:56:25 INFO  ProfileMatch              :              version: 7.0.0  [OLD VERSION]
22:56:25 INFO  ProfileMatch              :         release-date: 05.05.2020
22:56:25 INFO  ProfileMatch              :     lib root package: "com.facebook.all"  (in app: "a")
22:56:25 INFO  ProfileMatch              : 
22:56:25 INFO  ProfileMatch              :                 name: Facebook
22:56:25 INFO  ProfileMatch              :             category: SocialMedia
22:56:25 INFO  ProfileMatch              :              version: 7.0.1  [OLD VERSION]
22:56:25 INFO  ProfileMatch              :         release-date: 09.06.2020
22:56:25 INFO  ProfileMatch              :     lib root package: "com.facebook.all"  (in app: "a")
22:56:25 INFO  ProfileMatch              : 
22:56:25 INFO  ProfileMatch              :                 name: Facebook
22:56:25 INFO  ProfileMatch              :             category: SocialMedia
22:56:25 INFO  ProfileMatch              :              version: 7.1.0  [OLD VERSION]
22:56:25 INFO  ProfileMatch              :         release-date: 23.06.2020
22:56:25 INFO  ProfileMatch              :     lib root package: "com.facebook.all"  (in app: "a")
22:56:25 INFO  ProfileMatch              : 
22:56:25 INFO  ProfileMatch              :                 name: Facebook
22:56:25 INFO  ProfileMatch              :             category: SocialMedia
22:56:25 INFO  ProfileMatch              :              version: 8.0.0  [OLD VERSION]
22:56:25 INFO  ProfileMatch              :         release-date: 28.09.2020
22:56:25 INFO  ProfileMatch              :     lib root package: "com.facebook.all"  (in app: "a")
22:56:25 INFO  ProfileMatch              : 
22:56:25 INFO  ProfileMatch              :                 name: Facebook
22:56:25 INFO  ProfileMatch              :             category: SocialMedia
22:56:25 INFO  ProfileMatch              :              version: 8.1.0  [OLD VERSION]
22:56:25 INFO  ProfileMatch              :         release-date: 14.10.2020
22:56:25 INFO  ProfileMatch              :     lib root package: "com.facebook.all"  (in app: "a")
22:56:25 INFO  ProfileMatch              : 
22:56:25 INFO  ProfileMatch              :                 name: Facebook
22:56:25 INFO  ProfileMatch              :             category: SocialMedia
22:56:25 INFO  ProfileMatch              :              version: 8.2.0  [OLD VERSION]
22:56:25 INFO  ProfileMatch              :         release-date: 18.12.2020
22:56:25 INFO  ProfileMatch              :     lib root package: "com.facebook.all"  (in app: "a")
22:56:25 INFO  ProfileMatch              : 
22:56:25 INFO  ProfileMatch              :                 name: Facebook
22:56:25 INFO  ProfileMatch              :             category: SocialMedia
22:56:25 INFO  ProfileMatch              :              version: 9.0.0  [OLD VERSION]
22:56:25 INFO  ProfileMatch              :         release-date: 19.01.2021
22:56:25 INFO  ProfileMatch              :     lib root package: "com.facebook.all"  (in app: "a")
22:56:25 INFO  ProfileMatch              : 
22:56:25 INFO  ProfileMatch              :                 name: Facebook
22:56:25 INFO  ProfileMatch              :             category: SocialMedia
22:56:25 INFO  ProfileMatch              :              version: 9.1.0  [OLD VERSION]
22:56:25 INFO  ProfileMatch              :         release-date: 15.03.2021
22:56:25 INFO  ProfileMatch              :     lib root package: "com.facebook.all"  (in app: "a")
22:56:25 INFO  ProfileMatch              : 
22:56:25 INFO  ProfileMatch              :                 name: Facebook
22:56:25 INFO  ProfileMatch              :             category: SocialMedia
22:56:25 INFO  ProfileMatch              :              version: 9.1.1  [OLD VERSION]
22:56:25 INFO  ProfileMatch              :         release-date: 12.04.2021
22:56:25 INFO  ProfileMatch              :     lib root package: "com.facebook.all"  (in app: "a")
22:56:25 INFO  ProfileMatch              : 
22:56:25 INFO  ProfileMatch              :                 name: Facebook
22:56:25 INFO  ProfileMatch              :             category: SocialMedia
22:56:25 INFO  ProfileMatch              :              version: 11.0.0  [OLD VERSION]
22:56:25 INFO  ProfileMatch              :         release-date: 08.06.2021
22:56:25 INFO  ProfileMatch              :     lib root package: "com.facebook.all"  (in app: "a")
22:56:25 INFO  ProfileMatch              : 
22:56:25 INFO  ProfileMatch              :                 name: Facebook
22:56:25 INFO  ProfileMatch              :             category: SocialMedia
22:56:25 INFO  ProfileMatch              :              version: 11.1.0  [OLD VERSION]
22:56:25 INFO  ProfileMatch              :         release-date: 06.07.2021
22:56:25 INFO  ProfileMatch              :     lib root package: "com.facebook.all"  (in app: "a")
22:56:25 INFO  ProfileMatch              : 
22:56:25 INFO  ProfileMatch              :                 name: Facebook
22:56:25 INFO  ProfileMatch              :             category: SocialMedia
22:56:25 INFO  ProfileMatch              :              version: 11.1.1  [OLD VERSION]
22:56:25 INFO  ProfileMatch              :         release-date: 19.07.2021
22:56:25 INFO  ProfileMatch              :     lib root package: "com.facebook.all"  (in app: "a")
22:56:25 INFO  ProfileMatch              : 
22:56:25 INFO  ProfileMatch              :                 name: Facebook
22:56:25 INFO  ProfileMatch              :             category: SocialMedia
22:56:25 INFO  ProfileMatch              :              version: 11.2.0  [OLD VERSION]
22:56:25 INFO  ProfileMatch              :         release-date: 03.08.2021
22:56:25 INFO  ProfileMatch              :     lib root package: "com.facebook.all"  (in app: "a")
22:56:25 INFO  ProfileMatch              : 
22:56:25 INFO  ProfileMatch              :                 name: Facebook
22:56:25 INFO  ProfileMatch              :             category: SocialMedia
22:56:25 INFO  ProfileMatch              :              version: 11.3.0  [OLD VERSION]
22:56:25 INFO  ProfileMatch              :         release-date: 07.09.2021
22:56:25 INFO  ProfileMatch              :     lib root package: "com.facebook.all"  (in app: "a")
22:56:25 INFO  ProfileMatch              : 
22:56:25 INFO  ProfileMatch              :                 name: Facebook
22:56:25 INFO  ProfileMatch              :             category: SocialMedia
22:56:25 INFO  ProfileMatch              :              version: 12.0.0  [OLD VERSION]
22:56:25 INFO  ProfileMatch              :         release-date: 05.10.2021
22:56:25 INFO  ProfileMatch              :     lib root package: "com.facebook.all"  (in app: "a")
22:56:25 INFO  ProfileMatch              : 
22:56:25 INFO  ProfileMatch              :                 name: Facebook
22:56:25 INFO  ProfileMatch              :             category: SocialMedia
22:56:25 INFO  ProfileMatch              :              version: 12.0.1  [OLD VERSION]
22:56:25 INFO  ProfileMatch              :         release-date: 13.10.2021
22:56:25 INFO  ProfileMatch              :     lib root package: "com.facebook.all"  (in app: "a")
22:56:25 INFO  ProfileMatch              : 
22:56:25 INFO  ProfileMatch              :                 name: Facebook
22:56:25 INFO  ProfileMatch              :             category: SocialMedia
22:56:25 INFO  ProfileMatch              :              version: 12.1.0  [OLD VERSION]
22:56:25 INFO  ProfileMatch              :         release-date: 01.11.2021
22:56:25 INFO  ProfileMatch              :     lib root package: "com.facebook.all"  (in app: "a")
22:56:25 INFO  ProfileMatch              : 
22:56:25 INFO  ProfileMatch              :                 name: Facebook
22:56:25 INFO  ProfileMatch              :             category: SocialMedia
22:56:25 INFO  ProfileMatch              :              version: 12.2.0  [OLD VERSION]
22:56:25 INFO  ProfileMatch              :         release-date: 06.12.2021
22:56:25 INFO  ProfileMatch              :     lib root package: "com.facebook.all"  (in app: "a")
22:56:25 INFO  ProfileMatch              : 
22:56:25 INFO  ProfileMatch              :                 name: Facebook
22:56:25 INFO  ProfileMatch              :             category: SocialMedia
22:56:25 INFO  ProfileMatch              :              version: 12.3.0  [OLD VERSION]
22:56:25 INFO  ProfileMatch              :         release-date: 10.01.2022
22:56:25 INFO  ProfileMatch              :     lib root package: "com.facebook.all"  (in app: "a")
22:56:25 INFO  ProfileMatch              : 
22:56:25 INFO  ProfileMatch              :                 name: Facebook
22:56:25 INFO  ProfileMatch              :             category: SocialMedia
22:56:25 INFO  ProfileMatch              :              version: 13.0.0  [OLD VERSION]
22:56:25 INFO  ProfileMatch              :         release-date: 23.02.2022
22:56:25 INFO  ProfileMatch              :     lib root package: "com.facebook.all"  (in app: "a")
22:56:25 INFO  ProfileMatch              : 
22:56:25 INFO  ProfileMatch              :                 name: Facebook
22:56:25 INFO  ProfileMatch              :             category: SocialMedia
22:56:25 INFO  ProfileMatch              :              version: 13.1.0  [OLD VERSION]
22:56:25 INFO  ProfileMatch              :         release-date: 21.03.2022
22:56:25 INFO  ProfileMatch              :     lib root package: "com.facebook.all"  (in app: "a")
22:56:25 INFO  ProfileMatch              : 
22:56:25 INFO  ProfileMatch              :                 name: Facebook
22:56:25 INFO  ProfileMatch              :             category: SocialMedia
22:56:25 INFO  ProfileMatch              :              version: 13.2.0  [OLD VERSION]
22:56:25 INFO  ProfileMatch              :         release-date: 22.04.2022
22:56:25 INFO  ProfileMatch              :     lib root package: "com.facebook.all"  (in app: "a")
22:56:25 INFO  ProfileMatch              : 
22:56:25 INFO  ProfileMatch              :                 name: Facebook
22:56:25 INFO  ProfileMatch              :             category: SocialMedia
22:56:25 INFO  ProfileMatch              :              version: 14.0.0
22:56:25 INFO  ProfileMatch              :         release-date: 14.06.2022
22:56:25 INFO  ProfileMatch              :     lib root package: "com.facebook.all"  (in app: "a")
22:56:25 INFO  ProfileMatch              : 
22:56:26 INFO  LibraryIdentifier         : 
22:56:26 INFO  LibraryIdentifier         : - Partial library matches:
22:56:26 INFO  LibraryIdentifier         : 
22:56:26 INFO  LibraryIdentifier         : App processing time: 17 sec, 437 ms
