20:32:39 INFO  LibraryIdentifier         : Process app: de.varengold.activeTAN_34.apk
20:32:39 INFO  LibraryIdentifier         : = Manifest Parser =
20:32:39 INFO  LibraryIdentifier         :         Package name: de.varengold.activeTAN
20:32:39 INFO  LibraryIdentifier         :         Version code: 34
20:32:39 INFO  LibraryIdentifier         :        minSdkVersion: 23
20:32:39 INFO  LibraryIdentifier         :     targetSdkVersion: 30
20:32:39 INFO  LibraryIdentifier         :         SharedUserId:  - none -
20:32:39 INFO  LibraryIdentifier         :     Library dependencies:  - none -
20:32:39 INFO  LibraryIdentifier         : 
20:32:40 INFO  LibraryIdentifier         : Found 402 unique libraries in 12405 library profiles
20:32:40 INFO  LibraryIdentifier         : Multi-dex apk detected - Code is merged to single class hierarchy!
20:32:40 INFO  LibraryIdentifier         : Generated class hierarchy (in 747 ms)
20:32:41 INFO  WalaUtils                 : 
20:32:41 INFO  WalaUtils                 : = ClassHierarchy Stats =
20:32:41 INFO  WalaUtils                 :     # of classes: 2112
20:32:41 INFO  WalaUtils                 :     # thereof inner classes: 1023
20:32:41 INFO  WalaUtils                 :     # thereof public classes: 1802
20:32:41 INFO  WalaUtils                 :         Activity : 16
20:32:41 INFO  WalaUtils                 :         Application : 0
20:32:41 INFO  WalaUtils                 :         AsyncTask : 0
20:32:41 INFO  WalaUtils                 :         BroadcastReceiver : 1
20:32:41 INFO  WalaUtils                 :         ContentProvider : 0
20:32:41 INFO  WalaUtils                 :         Fragment : 1
20:32:41 INFO  WalaUtils                 :         Handler : 1
20:32:41 INFO  WalaUtils                 :         LayoutContainer : 60
20:32:41 INFO  WalaUtils                 :         Plain : 1991
20:32:41 INFO  WalaUtils                 :         Runnable : 0
20:32:41 INFO  WalaUtils                 :         Service : 1
20:32:41 INFO  WalaUtils                 :         Thread : 2
20:32:41 INFO  WalaUtils                 :         View : 39
20:32:41 INFO  WalaUtils                 :     # methods: 11762
20:32:41 INFO  WalaUtils                 :         # of publicly accessible methods: 11005
20:32:41 INFO  WalaUtils                 :         # of non-accessible methods: 757
20:32:41 INFO  WalaUtils                 : 
20:32:41 INFO  Profile                   : = PackageTree =
20:32:41 INFO  PackageTree               : Root Package: a
20:32:41 INFO  PackageTree               : └── Root
20:32:41 INFO  PackageTree               :     ├── b
20:32:41 INFO  PackageTree               :     │   ├── b
20:32:41 INFO  PackageTree               :     │   │   ├── a
20:32:41 INFO  PackageTree               :     │   │   │   └── a (2)
20:32:41 INFO  PackageTree               :     │   │   │       ├── q (16)
20:32:41 INFO  PackageTree               :     │   │   │       ├── m (46)
20:32:41 INFO  PackageTree               :     │   │   │       ├── a0 (38)
20:32:41 INFO  PackageTree               :     │   │   │       ├── u (6)
20:32:41 INFO  PackageTree               :     │   │   │       ├── x (25)
20:32:41 INFO  PackageTree               :     │   │   │       ├── r (39)
20:32:41 INFO  PackageTree               :     │   │   │       ├── f (8)
20:32:41 INFO  PackageTree               :     │   │   │       ├── c0 (7)
20:32:41 INFO  PackageTree               :     │   │   │       ├── g (3)
20:32:41 INFO  PackageTree               :     │   │   │       ├── z (2)
20:32:41 INFO  PackageTree               :     │   │   │       ├── l (7)
20:32:41 INFO  PackageTree               :     │   │   │       │   └── d (1)
20:32:41 INFO  PackageTree               :     │   │   │       ├── c (10)
20:32:41 INFO  PackageTree               :     │   │   │       ├── d (9)
20:32:41 INFO  PackageTree               :     │   │   │       ├── k (3)
20:32:41 INFO  PackageTree               :     │   │   │       ├── n (1)
20:32:41 INFO  PackageTree               :     │   │   │       ├── y (8)
20:32:41 INFO  PackageTree               :     │   │   │       ├── s (2)
20:32:41 INFO  PackageTree               :     │   │   │       ├── i (2)
20:32:41 INFO  PackageTree               :     │   │   │       ├── p (1)
20:32:41 INFO  PackageTree               :     │   │   │       ├── d0 (5)
20:32:41 INFO  PackageTree               :     │   │   │       ├── w (2)
20:32:41 INFO  PackageTree               :     │   │   │       ├── o (1)
20:32:41 INFO  PackageTree               :     │   │   │       ├── j (1)
20:32:41 INFO  PackageTree               :     │   │   │       ├── e (1)
20:32:41 INFO  PackageTree               :     │   │   │       ├── t (1)
20:32:41 INFO  PackageTree               :     │   │   │       ├── b0
20:32:41 INFO  PackageTree               :     │   │   │       │   └── a (1)
20:32:41 INFO  PackageTree               :     │   │   │       ├── v (1)
20:32:41 INFO  PackageTree               :     │   │   │       └── h (1)
20:32:41 INFO  PackageTree               :     │   │   └── b (14)
20:32:41 INFO  PackageTree               :     │   │       ├── o (7)
20:32:41 INFO  PackageTree               :     │   │       │   └── h (4)
20:32:41 INFO  PackageTree               :     │   │       └── p (1)
20:32:41 INFO  PackageTree               :     │   │           ├── b (20)
20:32:41 INFO  PackageTree               :     │   │           └── c (7)
20:32:41 INFO  PackageTree               :     │   └── a
20:32:41 INFO  PackageTree               :     │       └── a
20:32:41 INFO  PackageTree               :     │           └── a (1)
20:32:41 INFO  PackageTree               :     ├── j$
20:32:41 INFO  PackageTree               :     │   ├── util (44)
20:32:41 INFO  PackageTree               :     │   │   ├── stream (289)
20:32:41 INFO  PackageTree               :     │   │   ├── concurrent (30)
20:32:41 INFO  PackageTree               :     │   │   └── function (31)
20:32:41 INFO  PackageTree               :     │   └── lang (1)
20:32:41 INFO  PackageTree               :     ├── androidx
20:32:41 INFO  PackageTree               :     │   ├── appcompat
20:32:41 INFO  PackageTree               :     │   │   ├── widget (54)
20:32:41 INFO  PackageTree               :     │   │   ├── view
20:32:41 INFO  PackageTree               :     │   │   │   └── menu (5)
20:32:41 INFO  PackageTree               :     │   │   └── app (6)
20:32:41 INFO  PackageTree               :     │   ├── recyclerview
20:32:41 INFO  PackageTree               :     │   │   └── widget (59)
20:32:41 INFO  PackageTree               :     │   ├── coordinatorlayout
20:32:41 INFO  PackageTree               :     │   │   └── widget (11)
20:32:41 INFO  PackageTree               :     │   ├── room (3)
20:32:41 INFO  PackageTree               :     │   ├── drawerlayout
20:32:41 INFO  PackageTree               :     │   │   └── widget (9)
20:32:41 INFO  PackageTree               :     │   ├── annotation (1)
20:32:41 INFO  PackageTree               :     │   ├── activity (13)
20:32:41 INFO  PackageTree               :     │   │   └── result (1)
20:32:41 INFO  PackageTree               :     │   ├── lifecycle (13)
20:32:41 INFO  PackageTree               :     │   ├── core
20:32:41 INFO  PackageTree               :     │   │   ├── app (4)
20:32:41 INFO  PackageTree               :     │   │   ├── graphics
20:32:41 INFO  PackageTree               :     │   │   │   └── drawable (2)
20:32:41 INFO  PackageTree               :     │   │   └── widget (5)
20:32:41 INFO  PackageTree               :     │   ├── savedstate (3)
20:32:41 INFO  PackageTree               :     │   ├── constraintlayout
20:32:41 INFO  PackageTree               :     │   │   └── widget (6)
20:32:41 INFO  PackageTree               :     │   ├── fragment
20:32:41 INFO  PackageTree               :     │   │   └── app (2)
20:32:41 INFO  PackageTree               :     │   ├── cardview
20:32:41 INFO  PackageTree               :     │   │   └── widget (2)
20:32:41 INFO  PackageTree               :     │   ├── versionedparcelable (3)
20:32:41 INFO  PackageTree               :     │   ├── viewpager2
20:32:41 INFO  PackageTree               :     │   │   └── adapter (3)
20:32:41 INFO  PackageTree               :     │   └── biometric (1)
20:32:41 INFO  PackageTree               :     ├── a
20:32:41 INFO  PackageTree               :     │   ├── b (2)
20:32:41 INFO  PackageTree               :     │   │   ├── c (49)
20:32:41 INFO  PackageTree               :     │   │   ├── i (109)
20:32:41 INFO  PackageTree               :     │   │   ├── f (1)
20:32:41 INFO  PackageTree               :     │   │   ├── h (13)
20:32:41 INFO  PackageTree               :     │   │   │   └── i (38)
20:32:41 INFO  PackageTree               :     │   │   ├── e
20:32:41 INFO  PackageTree               :     │   │   │   └── a (14)
20:32:41 INFO  PackageTree               :     │   │   ├── d
20:32:41 INFO  PackageTree               :     │   │   │   └── a (1)
20:32:41 INFO  PackageTree               :     │   │   └── g (1)
20:32:41 INFO  PackageTree               :     │   ├── i (1)
20:32:41 INFO  PackageTree               :     │   │   ├── k (49)
20:32:41 INFO  PackageTree               :     │   │   │   ├── z (11)
20:32:41 INFO  PackageTree               :     │   │   │   └── a0 (8)
20:32:41 INFO  PackageTree               :     │   │   ├── i (11)
20:32:41 INFO  PackageTree               :     │   │   ├── l (8)
20:32:41 INFO  PackageTree               :     │   │   ├── h (19)
20:32:41 INFO  PackageTree               :     │   │   ├── d (13)
20:32:41 INFO  PackageTree               :     │   │   │   └── l (1)
20:32:41 INFO  PackageTree               :     │   │   ├── b (11)
20:32:41 INFO  PackageTree               :     │   │   ├── j (4)
20:32:41 INFO  PackageTree               :     │   │   ├── g (3)
20:32:41 INFO  PackageTree               :     │   │   ├── c (2)
20:32:41 INFO  PackageTree               :     │   │   │   └── b (11)
20:32:41 INFO  PackageTree               :     │   │   ├── f
20:32:41 INFO  PackageTree               :     │   │   │   └── a (3)
20:32:41 INFO  PackageTree               :     │   │   └── e
20:32:41 INFO  PackageTree               :     │   │       └── a (4)
20:32:41 INFO  PackageTree               :     │   ├── g
20:32:41 INFO  PackageTree               :     │   │   ├── c (18)
20:32:41 INFO  PackageTree               :     │   │   ├── b (11)
20:32:41 INFO  PackageTree               :     │   │   │   └── i (12)
20:32:41 INFO  PackageTree               :     │   │   │       └── l (19)
20:32:41 INFO  PackageTree               :     │   │   └── a
20:32:41 INFO  PackageTree               :     │   │       └── a (1)
20:32:41 INFO  PackageTree               :     │   ├── m (1)
20:32:41 INFO  PackageTree               :     │   │   └── b (108)
20:32:41 INFO  PackageTree               :     │   ├── r (26)
20:32:41 INFO  PackageTree               :     │   │   ├── p (7)
20:32:41 INFO  PackageTree               :     │   │   └── o (1)
20:32:41 INFO  PackageTree               :     │   ├── o (35)
20:32:41 INFO  PackageTree               :     │   ├── e (2)
20:32:41 INFO  PackageTree               :     │   │   └── c (5)
20:32:41 INFO  PackageTree               :     │   ├── k
20:32:41 INFO  PackageTree               :     │   │   ├── a (3)
20:32:41 INFO  PackageTree               :     │   │   └── b (11)
20:32:41 INFO  PackageTree               :     │   ├── f (15)
20:32:41 INFO  PackageTree               :     │   ├── u (56)
20:32:41 INFO  PackageTree               :     │   ├── q (1)
20:32:41 INFO  PackageTree               :     │   │   └── b (48)
20:32:41 INFO  PackageTree               :     │   ├── d (57)
20:32:41 INFO  PackageTree               :     │   ├── v
20:32:41 INFO  PackageTree               :     │   │   └── a
20:32:41 INFO  PackageTree               :     │   │       └── a (18)
20:32:41 INFO  PackageTree               :     │   ├── t
20:32:41 INFO  PackageTree               :     │   │   └── a (8)
20:32:41 INFO  PackageTree               :     │   │       └── g (9)
20:32:41 INFO  PackageTree               :     │   ├── c
20:32:41 INFO  PackageTree               :     │   │   └── a
20:32:41 INFO  PackageTree               :     │   │       ├── a (5)
20:32:41 INFO  PackageTree               :     │   │       └── b (8)
20:32:41 INFO  PackageTree               :     │   ├── s (5)
20:32:41 INFO  PackageTree               :     │   ├── j
20:32:41 INFO  PackageTree               :     │   │   └── a (6)
20:32:41 INFO  PackageTree               :     │   ├── a (3)
20:32:41 INFO  PackageTree               :     │   │   ├── e (12)
20:32:41 INFO  PackageTree               :     │   │   │   └── h (4)
20:32:41 INFO  PackageTree               :     │   │   └── d (2)
20:32:41 INFO  PackageTree               :     │   ├── p
20:32:41 INFO  PackageTree               :     │   │   └── a (5)
20:32:41 INFO  PackageTree               :     │   ├── n
20:32:41 INFO  PackageTree               :     │   │   └── a
20:32:41 INFO  PackageTree               :     │   │       └── a (4)
20:32:41 INFO  PackageTree               :     │   ├── w (3)
20:32:41 INFO  PackageTree               :     │   ├── h (1)
20:32:41 INFO  PackageTree               :     │   │   └── b (2)
20:32:41 INFO  PackageTree               :     │   └── l
20:32:41 INFO  PackageTree               :     │       └── a (1)
20:32:41 INFO  PackageTree               :     ├── c
20:32:41 INFO  PackageTree               :     │   └── a
20:32:41 INFO  PackageTree               :     │       └── a (1)
20:32:41 INFO  PackageTree               :     │           ├── e
20:32:41 INFO  PackageTree               :     │           │   ├── g (10)
20:32:41 INFO  PackageTree               :     │           │   ├── c (3)
20:32:41 INFO  PackageTree               :     │           │   ├── b (28)
20:32:41 INFO  PackageTree               :     │           │   ├── f (18)
20:32:41 INFO  PackageTree               :     │           │   ├── e (3)
20:32:41 INFO  PackageTree               :     │           │   └── a (7)
20:32:41 INFO  PackageTree               :     │           ├── b (20)
20:32:41 INFO  PackageTree               :     │           ├── d (19)
20:32:41 INFO  PackageTree               :     │           ├── f
20:32:41 INFO  PackageTree               :     │           │   ├── b (2)
20:32:41 INFO  PackageTree               :     │           │   └── a (9)
20:32:41 INFO  PackageTree               :     │           └── c (11)
20:32:41 INFO  PackageTree               :     ├── com
20:32:41 INFO  PackageTree               :     │   └── google
20:32:41 INFO  PackageTree               :     │       └── android
20:32:41 INFO  PackageTree               :     │           └── material
20:32:41 INFO  PackageTree               :     │               ├── transformation (10)
20:32:41 INFO  PackageTree               :     │               ├── behavior (5)
20:32:41 INFO  PackageTree               :     │               ├── textfield (11)
20:32:41 INFO  PackageTree               :     │               ├── button (12)
20:32:41 INFO  PackageTree               :     │               ├── bottomsheet (7)
20:32:41 INFO  PackageTree               :     │               ├── navigation (4)
20:32:41 INFO  PackageTree               :     │               ├── appbar (8)
20:32:41 INFO  PackageTree               :     │               ├── timepicker (9)
20:32:41 INFO  PackageTree               :     │               ├── bottomappbar (5)
20:32:41 INFO  PackageTree               :     │               ├── floatingactionbutton (12)
20:32:41 INFO  PackageTree               :     │               ├── internal (7)
20:32:41 INFO  PackageTree               :     │               ├── chip (8)
20:32:41 INFO  PackageTree               :     │               ├── theme (1)
20:32:41 INFO  PackageTree               :     │               ├── datepicker (1)
20:32:41 INFO  PackageTree               :     │               ├── snackbar (3)
20:32:41 INFO  PackageTree               :     │               ├── textview (1)
20:32:41 INFO  PackageTree               :     │               └── switchmaterial (1)
20:32:41 INFO  PackageTree               :     ├── d
20:32:41 INFO  PackageTree               :     │   └── a
20:32:41 INFO  PackageTree               :     │       └── a (1)
20:32:41 INFO  PackageTree               :     │           ├── b (11)
20:32:41 INFO  PackageTree               :     │           └── c (3)
20:32:41 INFO  PackageTree               :     ├── de
20:32:41 INFO  PackageTree               :     │   └── efdis
20:32:41 INFO  PackageTree               :     │       └── tangenerator
20:32:41 INFO  PackageTree               :     │           ├── gui
20:32:41 INFO  PackageTree               :     │           │   ├── qrscanner (1)
20:32:41 INFO  PackageTree               :     │           │   ├── initialization (10)
20:32:41 INFO  PackageTree               :     │           │   ├── misc (6)
20:32:41 INFO  PackageTree               :     │           │   ├── instruction (6)
20:32:41 INFO  PackageTree               :     │           │   ├── settings (2)
20:32:41 INFO  PackageTree               :     │           │   └── transaction (3)
20:32:41 INFO  PackageTree               :     │           ├── api (3)
20:32:41 INFO  PackageTree               :     │           └── persistence
20:32:41 INFO  PackageTree               :     │               └── database (3)
20:32:41 INFO  PackageTree               :     └── android
20:32:41 INFO  PackageTree               :         └── support
20:32:41 INFO  PackageTree               :             └── v4
20:32:41 INFO  PackageTree               :                 ├── graphics
20:32:41 INFO  PackageTree               :                 │   └── drawable (1)
20:32:41 INFO  PackageTree               :                 └── app (1)
20:32:41 INFO  Profile                   : 
20:32:41 INFO  AppProfile                : - generated app package tree (in 39 ms)
20:32:41 INFO  AppProfile                : 
20:32:41 DEBUG HashTree                  : Generate hash tree..
20:32:41 DEBUG HashTree                  :     - generated 166 package hashes.
20:32:41 DEBUG HashTree                  :     - generated 2034 clazz hashes.
20:32:41 DEBUG HashTree                  :     - generated 11762 method hashes.
20:32:41 DEBUG HashTree                  :     => Library Hash: 3b38e553264a512b8043d74ee166c3ae
20:32:41 INFO  AppProfile                : - generated app hash trees (in 340 ms)
20:32:41 INFO  AppProfile                : 
20:32:41 INFO  LibraryIdentifier         : = Scan for library root packages (heuristic) =
20:32:41 INFO  LibraryIdentifier         :     - Found lib root package androidx.annotation  (androidx.annotation::annotation)
20:32:41 INFO  LibraryIdentifier         :     - Found lib root package androidx.appcompat  (androidx.appcompat::appcompat)
20:32:41 INFO  LibraryIdentifier         :     - Found lib root package androidx.cardview.widget  (androidx.cardview::cardview)
20:32:41 INFO  LibraryIdentifier         :     - Found lib root package androidx.constraintlayout.widget  (androidx.constraintlayout::constraintlayout)
20:32:41 INFO  LibraryIdentifier         :     - Found lib root package androidx.coordinatorlayout.widget  (androidx.coordinatorlayout::coordinatorlayout)
20:32:41 INFO  LibraryIdentifier         :     - Found lib root package androidx.core  (androidx.core::core)
20:32:41 INFO  LibraryIdentifier         :     - Found lib root package androidx  (androidx.core::core-ktx)
20:32:41 INFO  LibraryIdentifier         :     - Found lib root package androidx.drawerlayout.widget  (androidx.drawerlayout::drawerlayout)
20:32:41 INFO  LibraryIdentifier         :     - Found lib root package androidx.fragment.app  (androidx.fragment::fragment)
20:32:41 INFO  LibraryIdentifier         :     - Found lib root package androidx.fragment.app  (androidx.fragment::fragment-ktx)
20:32:41 INFO  LibraryIdentifier         :     - Found lib root package androidx.lifecycle  (androidx.lifecycle::lifecycle-common)
20:32:41 INFO  LibraryIdentifier         :     - Found lib root package androidx.lifecycle  (androidx.lifecycle::lifecycle-common-java8)
20:32:41 INFO  LibraryIdentifier         :     - Found lib root package androidx.lifecycle  (androidx.lifecycle::lifecycle-compiler)
20:32:41 INFO  LibraryIdentifier         :     - Found lib root package androidx.lifecycle  (androidx.lifecycle::lifecycle-extensions)
20:32:41 INFO  LibraryIdentifier         :     - Found lib root package androidx.lifecycle  (androidx.lifecycle::lifecycle-livedata)
20:32:41 INFO  LibraryIdentifier         :     - Found lib root package androidx.lifecycle  (androidx.lifecycle::lifecycle-livedata-core)
20:32:41 INFO  LibraryIdentifier         :     - Found lib root package androidx.lifecycle  (androidx.lifecycle::lifecycle-process)
20:32:41 INFO  LibraryIdentifier         :     - Found lib root package androidx.lifecycle  (androidx.lifecycle::lifecycle-reactivestreams)
20:32:41 INFO  LibraryIdentifier         :     - Found lib root package androidx.lifecycle  (androidx.lifecycle::lifecycle-reactivestreams-ktx)
20:32:41 INFO  LibraryIdentifier         :     - Found lib root package androidx.lifecycle  (androidx.lifecycle::lifecycle-runtime)
20:32:41 INFO  LibraryIdentifier         :     - Found lib root package androidx.lifecycle  (androidx.lifecycle::lifecycle-service)
20:32:41 INFO  LibraryIdentifier         :     - Found lib root package androidx.lifecycle  (androidx.lifecycle::lifecycle-viewmodel)
20:32:41 INFO  LibraryIdentifier         :     - Found lib root package androidx.lifecycle  (androidx.lifecycle::lifecycle-viewmodel-ktx)
20:32:41 INFO  LibraryIdentifier         :     - Found lib root package androidx.recyclerview.widget  (androidx.recyclerview::recyclerview)
20:32:41 INFO  LibraryIdentifier         :     - Found lib root package androidx.room  (androidx.room::room-common)
20:32:41 INFO  LibraryIdentifier         :     - Found lib root package androidx.room  (androidx.room::room-compiler)
20:32:41 INFO  LibraryIdentifier         :     - Found lib root package androidx.room  (androidx.room::room-runtime)
20:32:41 INFO  LibraryIdentifier         :     - Found lib root package androidx.room  (androidx.room::room-rxjava2)
20:32:41 INFO  LibraryIdentifier         :     - Found lib root package androidx.versionedparcelable  (androidx.versionedparcelable::versionedparcelable)
20:32:41 INFO  LibraryIdentifier         :     - Found lib root package android.support.v4  (com.android.support::customview)
20:32:41 INFO  LibraryIdentifier         :     - Found lib root package android.support.v4  (com.android.support::loader)
20:32:41 INFO  LibraryIdentifier         :     - Found lib root package android.support.v4  (com.android.support::support-compat)
20:32:41 INFO  LibraryIdentifier         :     - Found lib root package android.support.v4  (com.android.support::support-core-ui)
20:32:41 INFO  LibraryIdentifier         :     - Found lib root package android.support.v4  (com.android.support::support-core-utils)
20:32:41 INFO  LibraryIdentifier         :     - Found lib root package android.support.v4.app  (com.android.support::support-fragment)
20:32:41 INFO  LibraryIdentifier         :     - Found lib root package android.support.v4  (com.android.support::support-v4)
20:32:41 INFO  LibraryIdentifier         :     - Found lib root package androidx.versionedparcelable  (com.android.support::versionedparcelable)
20:32:41 INFO  LibraryIdentifier         :     - Found lib root package com.google.android.material  (com.google.android.material::material)
20:32:41 INFO  LibraryIdentifier         : 
20:32:41 INFO  LibraryIdentifier         : = Match profiles =
20:33:07 INFO  LibraryIdentifier         :     >> profile matching done (26 sec, 157 ms)
20:33:07 INFO  LibraryIdentifier         : 
20:33:07 INFO  LibraryIdentifier         : == Report ==
20:33:07 INFO  LibraryIdentifier         : - Full library matches:
20:33:08 INFO  ProfileMatch              :                 name: com.google.firebase::firebase-ml-vision-image-label-model
20:33:08 INFO  ProfileMatch              :             category: Android
20:33:08 INFO  ProfileMatch              :              version: 20.0.0  [OLD VERSION]
20:33:08 INFO  ProfileMatch              :         release-date:  --
20:33:08 INFO  ProfileMatch              :     lib root package: "com.google.firebase.ml.vision.imagelabel"  (in app: "a")
20:33:08 INFO  ProfileMatch              : 
20:33:08 INFO  ProfileMatch              :                 name: com.google.firebase::firebase-ml-vision-image-label-model
20:33:08 INFO  ProfileMatch              :             category: Android
20:33:08 INFO  ProfileMatch              :              version: 20.0.1  [OLD VERSION]
20:33:08 INFO  ProfileMatch              :         release-date:  --
20:33:08 INFO  ProfileMatch              :     lib root package: "com.google.firebase.ml.vision.imagelabel"  (in app: "a")
20:33:08 INFO  ProfileMatch              : 
20:33:08 INFO  ProfileMatch              :                 name: com.google.firebase::firebase-ml-vision-image-label-model
20:33:08 INFO  ProfileMatch              :             category: Android
20:33:08 INFO  ProfileMatch              :              version: 20.0.2
20:33:08 INFO  ProfileMatch              :         release-date:  --
20:33:08 INFO  ProfileMatch              :     lib root package: "com.google.firebase.ml.vision.imagelabel"  (in app: "a")
20:33:08 INFO  ProfileMatch              : 
20:33:08 INFO  ProfileMatch              :                 name: com.android.support::interpolator
20:33:08 INFO  ProfileMatch              :             category: Android
20:33:08 INFO  ProfileMatch              :              version: 28.0.0
20:33:08 INFO  ProfileMatch              :         release-date:  --
20:33:08 INFO  ProfileMatch              :     lib root package: "android.support.v4.view.animation"  (in app: "a.n.a.a")
20:33:08 INFO  ProfileMatch              : 
20:33:08 INFO  ProfileMatch              :                 name: androidx.interpolator::interpolator
20:33:08 INFO  ProfileMatch              :             category: Android
20:33:08 INFO  ProfileMatch              :              version: 1.0.0
20:33:08 INFO  ProfileMatch              :         release-date:  --
20:33:08 INFO  ProfileMatch              :     lib root package: "androidx.interpolator.view.animation"  (in app: "a.n.a.a")
20:33:08 INFO  ProfileMatch              : 
20:33:08 INFO  ProfileMatch              :                 name: Facebook
20:33:08 INFO  ProfileMatch              :             category: SocialMedia
20:33:08 INFO  ProfileMatch              :              version: 4.27.0  [OLD VERSION]
20:33:08 INFO  ProfileMatch              :         release-date: 26.09.2017
20:33:08 INFO  ProfileMatch              :     lib root package: "com.facebook.all"  (in app: "a")
20:33:08 INFO  ProfileMatch              : 
20:33:08 INFO  ProfileMatch              :                 name: Facebook
20:33:08 INFO  ProfileMatch              :             category: SocialMedia
20:33:08 INFO  ProfileMatch              :              version: 4.28.0  [OLD VERSION]
20:33:08 INFO  ProfileMatch              :         release-date: 07.11.2017
20:33:08 INFO  ProfileMatch              :     lib root package: "com.facebook.all"  (in app: "a")
20:33:08 INFO  ProfileMatch              : 
20:33:08 INFO  ProfileMatch              :                 name: Facebook
20:33:08 INFO  ProfileMatch              :             category: SocialMedia
20:33:08 INFO  ProfileMatch              :              version: 4.29.0  [OLD VERSION]
20:33:08 INFO  ProfileMatch              :         release-date: 05.12.2017
20:33:08 INFO  ProfileMatch              :     lib root package: "com.facebook.all"  (in app: "a")
20:33:08 INFO  ProfileMatch              : 
20:33:08 INFO  ProfileMatch              :                 name: Facebook
20:33:08 INFO  ProfileMatch              :             category: SocialMedia
20:33:08 INFO  ProfileMatch              :              version: 4.30.0  [OLD VERSION]
20:33:08 INFO  ProfileMatch              :         release-date: 24.01.2018
20:33:08 INFO  ProfileMatch              :     lib root package: "com.facebook.all"  (in app: "a")
20:33:08 INFO  ProfileMatch              : 
20:33:08 INFO  ProfileMatch              :                 name: Facebook
20:33:08 INFO  ProfileMatch              :             category: SocialMedia
20:33:08 INFO  ProfileMatch              :              version: 4.31.0  [OLD VERSION]
20:33:08 INFO  ProfileMatch              :         release-date: 28.02.2018
20:33:08 INFO  ProfileMatch              :     lib root package: "com.facebook.all"  (in app: "a")
20:33:08 INFO  ProfileMatch              : 
20:33:08 INFO  ProfileMatch              :                 name: Facebook
20:33:08 INFO  ProfileMatch              :             category: SocialMedia
20:33:08 INFO  ProfileMatch              :              version: 4.32.0  [OLD VERSION]
20:33:08 INFO  ProfileMatch              :         release-date: 11.04.2018
20:33:08 INFO  ProfileMatch              :     lib root package: "com.facebook.all"  (in app: "a")
20:33:08 INFO  ProfileMatch              : 
20:33:08 INFO  ProfileMatch              :                 name: Facebook
20:33:08 INFO  ProfileMatch              :             category: SocialMedia
20:33:08 INFO  ProfileMatch              :              version: 4.33.0  [OLD VERSION]
20:33:08 INFO  ProfileMatch              :         release-date: 01.05.2018
20:33:08 INFO  ProfileMatch              :     lib root package: "com.facebook.all"  (in app: "a")
20:33:08 INFO  ProfileMatch              : 
20:33:08 INFO  ProfileMatch              :                 name: Facebook
20:33:08 INFO  ProfileMatch              :             category: SocialMedia
20:33:08 INFO  ProfileMatch              :              version: 4.34.0  [OLD VERSION]
20:33:08 INFO  ProfileMatch              :         release-date: 19.06.2018
20:33:08 INFO  ProfileMatch              :     lib root package: "com.facebook.all"  (in app: "a")
20:33:08 INFO  ProfileMatch              : 
20:33:08 INFO  ProfileMatch              :                 name: Facebook
20:33:08 INFO  ProfileMatch              :             category: SocialMedia
20:33:08 INFO  ProfileMatch              :              version: 4.35.0  [OLD VERSION]
20:33:08 INFO  ProfileMatch              :         release-date: 26.07.2018
20:33:08 INFO  ProfileMatch              :     lib root package: "com.facebook.all"  (in app: "a")
20:33:08 INFO  ProfileMatch              : 
20:33:08 INFO  ProfileMatch              :                 name: Facebook
20:33:08 INFO  ProfileMatch              :             category: SocialMedia
20:33:08 INFO  ProfileMatch              :              version: 4.36.0  [OLD VERSION]
20:33:08 INFO  ProfileMatch              :         release-date: 29.08.2018
20:33:08 INFO  ProfileMatch              :     lib root package: "com.facebook.all"  (in app: "a")
20:33:08 INFO  ProfileMatch              : 
20:33:08 INFO  ProfileMatch              :                 name: Facebook
20:33:08 INFO  ProfileMatch              :             category: SocialMedia
20:33:08 INFO  ProfileMatch              :              version: 4.36.1  [OLD VERSION]
20:33:08 INFO  ProfileMatch              :         release-date: 15.09.2018
20:33:08 INFO  ProfileMatch              :     lib root package: "com.facebook.all"  (in app: "a")
20:33:08 INFO  ProfileMatch              : 
20:33:08 INFO  ProfileMatch              :                 name: Facebook
20:33:08 INFO  ProfileMatch              :             category: SocialMedia
20:33:08 INFO  ProfileMatch              :              version: 4.37.0  [OLD VERSION]
20:33:08 INFO  ProfileMatch              :         release-date: 27.09.2018
20:33:08 INFO  ProfileMatch              :     lib root package: "com.facebook.all"  (in app: "a")
20:33:08 INFO  ProfileMatch              : 
20:33:08 INFO  ProfileMatch              :                 name: Facebook
20:33:08 INFO  ProfileMatch              :             category: SocialMedia
20:33:08 INFO  ProfileMatch              :              version: 4.38.0  [OLD VERSION]
20:33:08 INFO  ProfileMatch              :         release-date: 23.10.2018
20:33:08 INFO  ProfileMatch              :     lib root package: "com.facebook.all"  (in app: "a")
20:33:08 INFO  ProfileMatch              : 
20:33:08 INFO  ProfileMatch              :                 name: Facebook
20:33:08 INFO  ProfileMatch              :             category: SocialMedia
20:33:08 INFO  ProfileMatch              :              version: 4.38.1  [OLD VERSION]
20:33:08 INFO  ProfileMatch              :         release-date: 31.10.2018
20:33:08 INFO  ProfileMatch              :     lib root package: "com.facebook.all"  (in app: "a")
20:33:08 INFO  ProfileMatch              : 
20:33:08 INFO  ProfileMatch              :                 name: Facebook
20:33:08 INFO  ProfileMatch              :             category: SocialMedia
20:33:08 INFO  ProfileMatch              :              version: 4.39.0  [OLD VERSION]
20:33:08 INFO  ProfileMatch              :         release-date: 05.12.2018
20:33:08 INFO  ProfileMatch              :     lib root package: "com.facebook.all"  (in app: "a")
20:33:08 INFO  ProfileMatch              : 
20:33:08 INFO  ProfileMatch              :                 name: Facebook
20:33:08 INFO  ProfileMatch              :             category: SocialMedia
20:33:08 INFO  ProfileMatch              :              version: 4.40.0  [OLD VERSION]
20:33:08 INFO  ProfileMatch              :         release-date: 22.01.2019
20:33:08 INFO  ProfileMatch              :     lib root package: "com.facebook.all"  (in app: "a")
20:33:08 INFO  ProfileMatch              : 
20:33:08 INFO  ProfileMatch              :                 name: Facebook
20:33:08 INFO  ProfileMatch              :             category: SocialMedia
20:33:08 INFO  ProfileMatch              :              version: 4.41.0  [OLD VERSION]
20:33:08 INFO  ProfileMatch              :         release-date: 08.03.2019
20:33:08 INFO  ProfileMatch              :     lib root package: "com.facebook.all"  (in app: "a")
20:33:08 INFO  ProfileMatch              : 
20:33:08 INFO  ProfileMatch              :                 name: Facebook
20:33:08 INFO  ProfileMatch              :             category: SocialMedia
20:33:08 INFO  ProfileMatch              :              version: 4.42.0  [OLD VERSION]
20:33:08 INFO  ProfileMatch              :         release-date: 08.04.2019
20:33:08 INFO  ProfileMatch              :     lib root package: "com.facebook.all"  (in app: "a")
20:33:08 INFO  ProfileMatch              : 
20:33:08 INFO  ProfileMatch              :                 name: Facebook
20:33:08 INFO  ProfileMatch              :             category: SocialMedia
20:33:08 INFO  ProfileMatch              :              version: 5.0.0  [OLD VERSION]
20:33:08 INFO  ProfileMatch              :         release-date: 30.04.2019
20:33:08 INFO  ProfileMatch              :     lib root package: "com.facebook.all"  (in app: "a")
20:33:08 INFO  ProfileMatch              : 
20:33:08 INFO  ProfileMatch              :                 name: Facebook
20:33:08 INFO  ProfileMatch              :             category: SocialMedia
20:33:08 INFO  ProfileMatch              :              version: 5.0.1  [OLD VERSION]
20:33:08 INFO  ProfileMatch              :         release-date: 17.05.2019
20:33:08 INFO  ProfileMatch              :     lib root package: "com.facebook.all"  (in app: "a")
20:33:08 INFO  ProfileMatch              : 
20:33:08 INFO  ProfileMatch              :                 name: Facebook
20:33:08 INFO  ProfileMatch              :             category: SocialMedia
20:33:08 INFO  ProfileMatch              :              version: 5.0.2  [OLD VERSION]
20:33:08 INFO  ProfileMatch              :         release-date: 09.06.2019
20:33:08 INFO  ProfileMatch              :     lib root package: "com.facebook.all"  (in app: "a")
20:33:08 INFO  ProfileMatch              : 
20:33:08 INFO  ProfileMatch              :                 name: Facebook
20:33:08 INFO  ProfileMatch              :             category: SocialMedia
20:33:08 INFO  ProfileMatch              :              version: 5.0.3  [OLD VERSION]
20:33:08 INFO  ProfileMatch              :         release-date: 14.06.2019
20:33:08 INFO  ProfileMatch              :     lib root package: "com.facebook.all"  (in app: "a")
20:33:08 INFO  ProfileMatch              : 
20:33:08 INFO  ProfileMatch              :                 name: Facebook
20:33:08 INFO  ProfileMatch              :             category: SocialMedia
20:33:08 INFO  ProfileMatch              :              version: 5.1.0  [OLD VERSION]
20:33:08 INFO  ProfileMatch              :         release-date: 21.06.2019
20:33:08 INFO  ProfileMatch              :     lib root package: "com.facebook.all"  (in app: "a")
20:33:08 INFO  ProfileMatch              : 
20:33:08 INFO  ProfileMatch              :                 name: Facebook
20:33:08 INFO  ProfileMatch              :             category: SocialMedia
20:33:08 INFO  ProfileMatch              :              version: 5.1.1  [OLD VERSION]
20:33:08 INFO  ProfileMatch              :         release-date: 02.07.2019
20:33:08 INFO  ProfileMatch              :     lib root package: "com.facebook.all"  (in app: "a")
20:33:08 INFO  ProfileMatch              : 
20:33:08 INFO  ProfileMatch              :                 name: Facebook
20:33:08 INFO  ProfileMatch              :             category: SocialMedia
20:33:08 INFO  ProfileMatch              :              version: 5.2.0  [OLD VERSION]
20:33:08 INFO  ProfileMatch              :         release-date: 29.07.2019
20:33:08 INFO  ProfileMatch              :     lib root package: "com.facebook.all"  (in app: "a")
20:33:08 INFO  ProfileMatch              : 
20:33:08 INFO  ProfileMatch              :                 name: Facebook
20:33:08 INFO  ProfileMatch              :             category: SocialMedia
20:33:08 INFO  ProfileMatch              :              version: 5.4.0  [OLD VERSION]
20:33:08 INFO  ProfileMatch              :         release-date: 16.08.2019
20:33:08 INFO  ProfileMatch              :     lib root package: "com.facebook.all"  (in app: "a")
20:33:08 INFO  ProfileMatch              : 
20:33:08 INFO  ProfileMatch              :                 name: Facebook
20:33:08 INFO  ProfileMatch              :             category: SocialMedia
20:33:08 INFO  ProfileMatch              :              version: 5.5.0  [OLD VERSION]
20:33:08 INFO  ProfileMatch              :         release-date: 31.08.2019
20:33:08 INFO  ProfileMatch              :     lib root package: "com.facebook.all"  (in app: "a")
20:33:08 INFO  ProfileMatch              : 
20:33:08 INFO  ProfileMatch              :                 name: Facebook
20:33:08 INFO  ProfileMatch              :             category: SocialMedia
20:33:08 INFO  ProfileMatch              :              version: 5.5.1  [OLD VERSION]
20:33:08 INFO  ProfileMatch              :         release-date: 06.09.2019
20:33:08 INFO  ProfileMatch              :     lib root package: "com.facebook.all"  (in app: "a")
20:33:08 INFO  ProfileMatch              : 
20:33:08 INFO  ProfileMatch              :                 name: Facebook
20:33:08 INFO  ProfileMatch              :             category: SocialMedia
20:33:08 INFO  ProfileMatch              :              version: 5.5.2  [OLD VERSION]
20:33:08 INFO  ProfileMatch              :         release-date: 05.10.2019
20:33:08 INFO  ProfileMatch              :     lib root package: "com.facebook.all"  (in app: "a")
20:33:08 INFO  ProfileMatch              : 
20:33:08 INFO  ProfileMatch              :                 name: Facebook
20:33:08 INFO  ProfileMatch              :             category: SocialMedia
20:33:08 INFO  ProfileMatch              :              version: 5.8.0  [OLD VERSION]
20:33:08 INFO  ProfileMatch              :         release-date: 08.10.2019
20:33:08 INFO  ProfileMatch              :     lib root package: "com.facebook.all"  (in app: "a")
20:33:08 INFO  ProfileMatch              : 
20:33:08 INFO  ProfileMatch              :                 name: Facebook
20:33:08 INFO  ProfileMatch              :             category: SocialMedia
20:33:08 INFO  ProfileMatch              :              version: 5.9.0  [OLD VERSION]
20:33:08 INFO  ProfileMatch              :         release-date: 29.10.2019
20:33:08 INFO  ProfileMatch              :     lib root package: "com.facebook.all"  (in app: "a")
20:33:08 INFO  ProfileMatch              : 
20:33:08 INFO  ProfileMatch              :                 name: Facebook
20:33:08 INFO  ProfileMatch              :             category: SocialMedia
20:33:08 INFO  ProfileMatch              :              version: 5.11.0  [OLD VERSION]
20:33:08 INFO  ProfileMatch              :         release-date: 15.11.2019
20:33:08 INFO  ProfileMatch              :     lib root package: "com.facebook.all"  (in app: "a")
20:33:08 INFO  ProfileMatch              : 
20:33:08 INFO  ProfileMatch              :                 name: Facebook
20:33:08 INFO  ProfileMatch              :             category: SocialMedia
20:33:08 INFO  ProfileMatch              :              version: 5.11.1  [OLD VERSION]
20:33:08 INFO  ProfileMatch              :         release-date: 21.11.2019
20:33:08 INFO  ProfileMatch              :     lib root package: "com.facebook.all"  (in app: "a")
20:33:08 INFO  ProfileMatch              : 
20:33:08 INFO  ProfileMatch              :                 name: Facebook
20:33:08 INFO  ProfileMatch              :             category: SocialMedia
20:33:08 INFO  ProfileMatch              :              version: 5.11.2  [OLD VERSION]
20:33:08 INFO  ProfileMatch              :         release-date: 22.11.2019
20:33:08 INFO  ProfileMatch              :     lib root package: "com.facebook.all"  (in app: "a")
20:33:08 INFO  ProfileMatch              : 
20:33:08 INFO  ProfileMatch              :                 name: Facebook
20:33:08 INFO  ProfileMatch              :             category: SocialMedia
20:33:08 INFO  ProfileMatch              :              version: 5.12.0  [OLD VERSION]
20:33:08 INFO  ProfileMatch              :         release-date: 04.12.2019
20:33:08 INFO  ProfileMatch              :     lib root package: "com.facebook.all"  (in app: "a")
20:33:08 INFO  ProfileMatch              : 
20:33:08 INFO  ProfileMatch              :                 name: Facebook
20:33:08 INFO  ProfileMatch              :             category: SocialMedia
20:33:08 INFO  ProfileMatch              :              version: 5.12.1  [OLD VERSION]
20:33:08 INFO  ProfileMatch              :         release-date: 09.12.2019
20:33:08 INFO  ProfileMatch              :     lib root package: "com.facebook.all"  (in app: "a")
20:33:08 INFO  ProfileMatch              : 
20:33:08 INFO  ProfileMatch              :                 name: Facebook
20:33:08 INFO  ProfileMatch              :             category: SocialMedia
20:33:08 INFO  ProfileMatch              :              version: 5.13.0  [OLD VERSION]
20:33:08 INFO  ProfileMatch              :         release-date: 12.12.2019
20:33:08 INFO  ProfileMatch              :     lib root package: "com.facebook.all"  (in app: "a")
20:33:08 INFO  ProfileMatch              : 
20:33:08 INFO  ProfileMatch              :                 name: Facebook
20:33:08 INFO  ProfileMatch              :             category: SocialMedia
20:33:08 INFO  ProfileMatch              :              version: 5.15.0  [OLD VERSION]
20:33:08 INFO  ProfileMatch              :         release-date: 21.01.2020
20:33:08 INFO  ProfileMatch              :     lib root package: "com.facebook.all"  (in app: "a")
20:33:08 INFO  ProfileMatch              : 
20:33:08 INFO  ProfileMatch              :                 name: Facebook
20:33:08 INFO  ProfileMatch              :             category: SocialMedia
20:33:08 INFO  ProfileMatch              :              version: 5.15.1  [OLD VERSION]
20:33:08 INFO  ProfileMatch              :         release-date: 29.01.2020
20:33:08 INFO  ProfileMatch              :     lib root package: "com.facebook.all"  (in app: "a")
20:33:08 INFO  ProfileMatch              : 
20:33:08 INFO  ProfileMatch              :                 name: Facebook
20:33:08 INFO  ProfileMatch              :             category: SocialMedia
20:33:08 INFO  ProfileMatch              :              version: 5.15.2  [OLD VERSION]
20:33:08 INFO  ProfileMatch              :         release-date: 03.02.2020
20:33:08 INFO  ProfileMatch              :     lib root package: "com.facebook.all"  (in app: "a")
20:33:08 INFO  ProfileMatch              : 
20:33:08 INFO  ProfileMatch              :                 name: Facebook
20:33:08 INFO  ProfileMatch              :             category: SocialMedia
20:33:08 INFO  ProfileMatch              :              version: 5.15.3  [OLD VERSION]
20:33:08 INFO  ProfileMatch              :         release-date: 03.02.2020
20:33:08 INFO  ProfileMatch              :     lib root package: "com.facebook.all"  (in app: "a")
20:33:08 INFO  ProfileMatch              : 
20:33:08 INFO  ProfileMatch              :                 name: Facebook
20:33:08 INFO  ProfileMatch              :             category: SocialMedia
20:33:08 INFO  ProfileMatch              :              version: 6.0.0  [OLD VERSION]
20:33:08 INFO  ProfileMatch              :         release-date: 03.02.2020
20:33:08 INFO  ProfileMatch              :     lib root package: "com.facebook.all"  (in app: "a")
20:33:08 INFO  ProfileMatch              : 
20:33:08 INFO  ProfileMatch              :                 name: Facebook
20:33:08 INFO  ProfileMatch              :             category: SocialMedia
20:33:08 INFO  ProfileMatch              :              version: 6.1.0  [OLD VERSION]
20:33:08 INFO  ProfileMatch              :         release-date: 14.02.2020
20:33:08 INFO  ProfileMatch              :     lib root package: "com.facebook.all"  (in app: "a")
20:33:08 INFO  ProfileMatch              : 
20:33:08 INFO  ProfileMatch              :                 name: Facebook
20:33:08 INFO  ProfileMatch              :             category: SocialMedia
20:33:08 INFO  ProfileMatch              :              version: 6.2.0  [OLD VERSION]
20:33:08 INFO  ProfileMatch              :         release-date: 09.03.2020
20:33:08 INFO  ProfileMatch              :     lib root package: "com.facebook.all"  (in app: "a")
20:33:08 INFO  ProfileMatch              : 
20:33:08 INFO  ProfileMatch              :                 name: Facebook
20:33:08 INFO  ProfileMatch              :             category: SocialMedia
20:33:08 INFO  ProfileMatch              :              version: 6.3.0  [OLD VERSION]
20:33:08 INFO  ProfileMatch              :         release-date: 25.03.2020
20:33:08 INFO  ProfileMatch              :     lib root package: "com.facebook.all"  (in app: "a")
20:33:08 INFO  ProfileMatch              : 
20:33:08 INFO  ProfileMatch              :                 name: Facebook
20:33:08 INFO  ProfileMatch              :             category: SocialMedia
20:33:08 INFO  ProfileMatch              :              version: 6.4.0  [OLD VERSION]
20:33:08 INFO  ProfileMatch              :         release-date: 15.04.2020
20:33:08 INFO  ProfileMatch              :     lib root package: "com.facebook.all"  (in app: "a")
20:33:08 INFO  ProfileMatch              : 
20:33:08 INFO  ProfileMatch              :                 name: Facebook
20:33:08 INFO  ProfileMatch              :             category: SocialMedia
20:33:08 INFO  ProfileMatch              :              version: 6.5.0  [OLD VERSION]
20:33:08 INFO  ProfileMatch              :         release-date: 20.04.2020
20:33:08 INFO  ProfileMatch              :     lib root package: "com.facebook.all"  (in app: "a")
20:33:08 INFO  ProfileMatch              : 
20:33:08 INFO  ProfileMatch              :                 name: Facebook
20:33:08 INFO  ProfileMatch              :             category: SocialMedia
20:33:08 INFO  ProfileMatch              :              version: 6.5.1  [OLD VERSION]
20:33:08 INFO  ProfileMatch              :         release-date: 23.04.2020
20:33:08 INFO  ProfileMatch              :     lib root package: "com.facebook.all"  (in app: "a")
20:33:08 INFO  ProfileMatch              : 
20:33:08 INFO  ProfileMatch              :                 name: Facebook
20:33:08 INFO  ProfileMatch              :             category: SocialMedia
20:33:08 INFO  ProfileMatch              :              version: 7.0.0  [OLD VERSION]
20:33:08 INFO  ProfileMatch              :         release-date: 05.05.2020
20:33:08 INFO  ProfileMatch              :     lib root package: "com.facebook.all"  (in app: "a")
20:33:08 INFO  ProfileMatch              : 
20:33:08 INFO  ProfileMatch              :                 name: Facebook
20:33:08 INFO  ProfileMatch              :             category: SocialMedia
20:33:08 INFO  ProfileMatch              :              version: 7.0.1  [OLD VERSION]
20:33:08 INFO  ProfileMatch              :         release-date: 09.06.2020
20:33:08 INFO  ProfileMatch              :     lib root package: "com.facebook.all"  (in app: "a")
20:33:08 INFO  ProfileMatch              : 
20:33:08 INFO  ProfileMatch              :                 name: Facebook
20:33:08 INFO  ProfileMatch              :             category: SocialMedia
20:33:08 INFO  ProfileMatch              :              version: 7.1.0  [OLD VERSION]
20:33:08 INFO  ProfileMatch              :         release-date: 23.06.2020
20:33:08 INFO  ProfileMatch              :     lib root package: "com.facebook.all"  (in app: "a")
20:33:08 INFO  ProfileMatch              : 
20:33:08 INFO  ProfileMatch              :                 name: Facebook
20:33:08 INFO  ProfileMatch              :             category: SocialMedia
20:33:08 INFO  ProfileMatch              :              version: 8.0.0  [OLD VERSION]
20:33:08 INFO  ProfileMatch              :         release-date: 28.09.2020
20:33:08 INFO  ProfileMatch              :     lib root package: "com.facebook.all"  (in app: "a")
20:33:08 INFO  ProfileMatch              : 
20:33:08 INFO  ProfileMatch              :                 name: Facebook
20:33:08 INFO  ProfileMatch              :             category: SocialMedia
20:33:08 INFO  ProfileMatch              :              version: 8.1.0  [OLD VERSION]
20:33:08 INFO  ProfileMatch              :         release-date: 14.10.2020
20:33:08 INFO  ProfileMatch              :     lib root package: "com.facebook.all"  (in app: "a")
20:33:08 INFO  ProfileMatch              : 
20:33:08 INFO  ProfileMatch              :                 name: Facebook
20:33:08 INFO  ProfileMatch              :             category: SocialMedia
20:33:08 INFO  ProfileMatch              :              version: 8.2.0  [OLD VERSION]
20:33:08 INFO  ProfileMatch              :         release-date: 18.12.2020
20:33:08 INFO  ProfileMatch              :     lib root package: "com.facebook.all"  (in app: "a")
20:33:08 INFO  ProfileMatch              : 
20:33:08 INFO  ProfileMatch              :                 name: Facebook
20:33:08 INFO  ProfileMatch              :             category: SocialMedia
20:33:08 INFO  ProfileMatch              :              version: 9.0.0  [OLD VERSION]
20:33:08 INFO  ProfileMatch              :         release-date: 19.01.2021
20:33:08 INFO  ProfileMatch              :     lib root package: "com.facebook.all"  (in app: "a")
20:33:08 INFO  ProfileMatch              : 
20:33:08 INFO  ProfileMatch              :                 name: Facebook
20:33:08 INFO  ProfileMatch              :             category: SocialMedia
20:33:08 INFO  ProfileMatch              :              version: 9.1.0  [OLD VERSION]
20:33:08 INFO  ProfileMatch              :         release-date: 15.03.2021
20:33:08 INFO  ProfileMatch              :     lib root package: "com.facebook.all"  (in app: "a")
20:33:08 INFO  ProfileMatch              : 
20:33:08 INFO  ProfileMatch              :                 name: Facebook
20:33:08 INFO  ProfileMatch              :             category: SocialMedia
20:33:08 INFO  ProfileMatch              :              version: 9.1.1  [OLD VERSION]
20:33:08 INFO  ProfileMatch              :         release-date: 12.04.2021
20:33:08 INFO  ProfileMatch              :     lib root package: "com.facebook.all"  (in app: "a")
20:33:08 INFO  ProfileMatch              : 
20:33:08 INFO  ProfileMatch              :                 name: Facebook
20:33:08 INFO  ProfileMatch              :             category: SocialMedia
20:33:08 INFO  ProfileMatch              :              version: 11.0.0  [OLD VERSION]
20:33:08 INFO  ProfileMatch              :         release-date: 08.06.2021
20:33:08 INFO  ProfileMatch              :     lib root package: "com.facebook.all"  (in app: "a")
20:33:08 INFO  ProfileMatch              : 
20:33:08 INFO  ProfileMatch              :                 name: Facebook
20:33:08 INFO  ProfileMatch              :             category: SocialMedia
20:33:08 INFO  ProfileMatch              :              version: 11.1.0  [OLD VERSION]
20:33:08 INFO  ProfileMatch              :         release-date: 06.07.2021
20:33:08 INFO  ProfileMatch              :     lib root package: "com.facebook.all"  (in app: "a")
20:33:08 INFO  ProfileMatch              : 
20:33:08 INFO  ProfileMatch              :                 name: Facebook
20:33:08 INFO  ProfileMatch              :             category: SocialMedia
20:33:08 INFO  ProfileMatch              :              version: 11.1.1  [OLD VERSION]
20:33:08 INFO  ProfileMatch              :         release-date: 19.07.2021
20:33:08 INFO  ProfileMatch              :     lib root package: "com.facebook.all"  (in app: "a")
20:33:08 INFO  ProfileMatch              : 
20:33:08 INFO  ProfileMatch              :                 name: Facebook
20:33:08 INFO  ProfileMatch              :             category: SocialMedia
20:33:08 INFO  ProfileMatch              :              version: 11.2.0  [OLD VERSION]
20:33:08 INFO  ProfileMatch              :         release-date: 03.08.2021
20:33:08 INFO  ProfileMatch              :     lib root package: "com.facebook.all"  (in app: "a")
20:33:08 INFO  ProfileMatch              : 
20:33:08 INFO  ProfileMatch              :                 name: Facebook
20:33:08 INFO  ProfileMatch              :             category: SocialMedia
20:33:08 INFO  ProfileMatch              :              version: 11.3.0  [OLD VERSION]
20:33:08 INFO  ProfileMatch              :         release-date: 07.09.2021
20:33:08 INFO  ProfileMatch              :     lib root package: "com.facebook.all"  (in app: "a")
20:33:08 INFO  ProfileMatch              : 
20:33:08 INFO  ProfileMatch              :                 name: Facebook
20:33:08 INFO  ProfileMatch              :             category: SocialMedia
20:33:08 INFO  ProfileMatch              :              version: 12.0.0  [OLD VERSION]
20:33:08 INFO  ProfileMatch              :         release-date: 05.10.2021
20:33:08 INFO  ProfileMatch              :     lib root package: "com.facebook.all"  (in app: "a")
20:33:08 INFO  ProfileMatch              : 
20:33:08 INFO  ProfileMatch              :                 name: Facebook
20:33:08 INFO  ProfileMatch              :             category: SocialMedia
20:33:08 INFO  ProfileMatch              :              version: 12.0.1  [OLD VERSION]
20:33:08 INFO  ProfileMatch              :         release-date: 13.10.2021
20:33:08 INFO  ProfileMatch              :     lib root package: "com.facebook.all"  (in app: "a")
20:33:08 INFO  ProfileMatch              : 
20:33:08 INFO  ProfileMatch              :                 name: Facebook
20:33:08 INFO  ProfileMatch              :             category: SocialMedia
20:33:08 INFO  ProfileMatch              :              version: 12.1.0  [OLD VERSION]
20:33:08 INFO  ProfileMatch              :         release-date: 01.11.2021
20:33:08 INFO  ProfileMatch              :     lib root package: "com.facebook.all"  (in app: "a")
20:33:08 INFO  ProfileMatch              : 
20:33:08 INFO  ProfileMatch              :                 name: Facebook
20:33:08 INFO  ProfileMatch              :             category: SocialMedia
20:33:08 INFO  ProfileMatch              :              version: 12.2.0  [OLD VERSION]
20:33:08 INFO  ProfileMatch              :         release-date: 06.12.2021
20:33:08 INFO  ProfileMatch              :     lib root package: "com.facebook.all"  (in app: "a")
20:33:08 INFO  ProfileMatch              : 
20:33:08 INFO  ProfileMatch              :                 name: Facebook
20:33:08 INFO  ProfileMatch              :             category: SocialMedia
20:33:08 INFO  ProfileMatch              :              version: 12.3.0  [OLD VERSION]
20:33:08 INFO  ProfileMatch              :         release-date: 10.01.2022
20:33:08 INFO  ProfileMatch              :     lib root package: "com.facebook.all"  (in app: "a")
20:33:08 INFO  ProfileMatch              : 
20:33:08 INFO  ProfileMatch              :                 name: Facebook
20:33:08 INFO  ProfileMatch              :             category: SocialMedia
20:33:08 INFO  ProfileMatch              :              version: 13.0.0  [OLD VERSION]
20:33:08 INFO  ProfileMatch              :         release-date: 23.02.2022
20:33:08 INFO  ProfileMatch              :     lib root package: "com.facebook.all"  (in app: "a")
20:33:08 INFO  ProfileMatch              : 
20:33:08 INFO  ProfileMatch              :                 name: Facebook
20:33:08 INFO  ProfileMatch              :             category: SocialMedia
20:33:08 INFO  ProfileMatch              :              version: 13.1.0  [OLD VERSION]
20:33:08 INFO  ProfileMatch              :         release-date: 21.03.2022
20:33:08 INFO  ProfileMatch              :     lib root package: "com.facebook.all"  (in app: "a")
20:33:08 INFO  ProfileMatch              : 
20:33:08 INFO  ProfileMatch              :                 name: Facebook
20:33:08 INFO  ProfileMatch              :             category: SocialMedia
20:33:08 INFO  ProfileMatch              :              version: 13.2.0  [OLD VERSION]
20:33:08 INFO  ProfileMatch              :         release-date: 22.04.2022
20:33:08 INFO  ProfileMatch              :     lib root package: "com.facebook.all"  (in app: "a")
20:33:08 INFO  ProfileMatch              : 
20:33:08 INFO  ProfileMatch              :                 name: Facebook
20:33:08 INFO  ProfileMatch              :             category: SocialMedia
20:33:08 INFO  ProfileMatch              :              version: 14.0.0
20:33:08 INFO  ProfileMatch              :         release-date: 14.06.2022
20:33:08 INFO  ProfileMatch              :     lib root package: "com.facebook.all"  (in app: "a")
20:33:08 INFO  ProfileMatch              : 
20:33:08 INFO  LibraryIdentifier         : 
20:33:08 INFO  LibraryIdentifier         : - Partial library matches:
20:33:09 INFO  LibraryIdentifier         : 
20:33:09 INFO  LibraryIdentifier         : App processing time: 29 sec, 93 ms
