20:44:57 INFO  LibraryIdentifier         : Process app: de.varengold.activeTAN_34-debug copy.apk
20:44:57 INFO  LibraryIdentifier         : = Manifest Parser =
20:44:57 INFO  LibraryIdentifier         :         Package name: de.varengold.activeTAN.debug
20:44:57 INFO  LibraryIdentifier         :         Version code: 34
20:44:57 INFO  LibraryIdentifier         :        minSdkVersion: 23
20:44:57 INFO  LibraryIdentifier         :     targetSdkVersion: 30
20:44:57 INFO  LibraryIdentifier         :         SharedUserId:  - none -
20:44:57 INFO  LibraryIdentifier         :     Library dependencies:  - none -
20:44:57 INFO  LibraryIdentifier         : 
20:44:57 INFO  LibraryIdentifier         : Found 402 unique libraries in 12405 library profiles
20:44:57 INFO  LibraryIdentifier         : Multi-dex apk detected - Code is merged to single class hierarchy!
20:44:59 INFO  LibraryIdentifier         : Generated class hierarchy (in 2 sec, 736 ms)
20:45:01 INFO  WalaUtils                 : 
20:45:01 INFO  WalaUtils                 : = ClassHierarchy Stats =
20:45:01 INFO  WalaUtils                 :     # of classes: 4127
20:45:01 INFO  WalaUtils                 :     # thereof inner classes: 2374
20:45:01 INFO  WalaUtils                 :     # thereof public classes: 1898
20:45:01 INFO  WalaUtils                 :         Activity : 16
20:45:01 INFO  WalaUtils                 :         Application : 0
20:45:01 INFO  WalaUtils                 :         AsyncTask : 4
20:45:01 INFO  WalaUtils                 :         BroadcastReceiver : 3
20:45:01 INFO  WalaUtils                 :         ContentProvider : 1
20:45:01 INFO  WalaUtils                 :         Fragment : 1
20:45:01 INFO  WalaUtils                 :         Handler : 4
20:45:01 INFO  WalaUtils                 :         LayoutContainer : 83
20:45:01 INFO  WalaUtils                 :         Plain : 3954
20:45:01 INFO  WalaUtils                 :         Runnable : 0
20:45:01 INFO  WalaUtils                 :         Service : 3
20:45:01 INFO  WalaUtils                 :         Thread : 2
20:45:01 INFO  WalaUtils                 :         View : 56
20:45:01 INFO  WalaUtils                 :     # methods: 32212
20:45:01 INFO  WalaUtils                 :         # of publicly accessible methods: 21050
20:45:01 INFO  WalaUtils                 :         # of non-accessible methods: 11162
20:45:01 INFO  WalaUtils                 : 
20:45:01 INFO  Profile                   : = PackageTree =
20:45:01 INFO  PackageTree               : Root Package: androidx
20:45:01 INFO  PackageTree               : └── Root
20:45:01 INFO  PackageTree               :     ├── j$
20:45:01 INFO  PackageTree               :     │   ├── util (76)
20:45:01 INFO  PackageTree               :     │   │   ├── stream (334)
20:45:01 INFO  PackageTree               :     │   │   ├── concurrent (34)
20:45:01 INFO  PackageTree               :     │   │   │   └── atomic (3)
20:45:01 INFO  PackageTree               :     │   │   └── function (43)
20:45:01 INFO  PackageTree               :     │   ├── time (27)
20:45:01 INFO  PackageTree               :     │   │   ├── chrono (27)
20:45:01 INFO  PackageTree               :     │   │   ├── format (42)
20:45:01 INFO  PackageTree               :     │   │   ├── temporal (24)
20:45:01 INFO  PackageTree               :     │   │   └── zone (10)
20:45:01 INFO  PackageTree               :     │   └── lang (1)
20:45:01 INFO  PackageTree               :     ├── androidx
20:45:01 INFO  PackageTree               :     │   ├── core
20:45:01 INFO  PackageTree               :     │   │   ├── view (132)
20:45:01 INFO  PackageTree               :     │   │   │   ├── accessibility (30)
20:45:01 INFO  PackageTree               :     │   │   │   ├── inputmethod (10)
20:45:01 INFO  PackageTree               :     │   │   │   └── animation (2)
20:45:01 INFO  PackageTree               :     │   │   ├── content (17)
20:45:01 INFO  PackageTree               :     │   │   │   ├── res (20)
20:45:01 INFO  PackageTree               :     │   │   │   └── pm (14)
20:45:01 INFO  PackageTree               :     │   │   ├── provider (31)
20:45:01 INFO  PackageTree               :     │   │   ├── app (108)
20:45:01 INFO  PackageTree               :     │   │   ├── os (24)
20:45:01 INFO  PackageTree               :     │   │   ├── location (20)
20:45:01 INFO  PackageTree               :     │   │   ├── hardware
20:45:01 INFO  PackageTree               :     │   │   │   ├── fingerprint (5)
20:45:01 INFO  PackageTree               :     │   │   │   └── display (1)
20:45:01 INFO  PackageTree               :     │   │   ├── telephony
20:45:01 INFO  PackageTree               :     │   │   │   └── mbms (1)
20:45:01 INFO  PackageTree               :     │   │   ├── graphics (24)
20:45:01 INFO  PackageTree               :     │   │   │   └── drawable (13)
20:45:01 INFO  PackageTree               :     │   │   ├── widget (30)
20:45:01 INFO  PackageTree               :     │   │   ├── util (15)
20:45:01 INFO  PackageTree               :     │   │   ├── internal
20:45:01 INFO  PackageTree               :     │   │   │   └── view (3)
20:45:01 INFO  PackageTree               :     │   │   ├── text (19)
20:45:01 INFO  PackageTree               :     │   │   │   └── util (6)
20:45:01 INFO  PackageTree               :     │   │   ├── accessibilityservice (1)
20:45:01 INFO  PackageTree               :     │   │   ├── database (2)
20:45:01 INFO  PackageTree               :     │   │   │   └── sqlite (1)
20:45:01 INFO  PackageTree               :     │   │   ├── net (8)
20:45:01 INFO  PackageTree               :     │   │   └── math (1)
20:45:01 INFO  PackageTree               :     │   ├── documentfile
20:45:01 INFO  PackageTree               :     │   │   └── provider (5)
20:45:01 INFO  PackageTree               :     │   ├── fragment
20:45:01 INFO  PackageTree               :     │   │   └── app (139)
20:45:01 INFO  PackageTree               :     │   ├── constraintlayout
20:45:01 INFO  PackageTree               :     │   │   ├── solver (18)
20:45:01 INFO  PackageTree               :     │   │   │   ├── widgets (17)
20:45:01 INFO  PackageTree               :     │   │   │   │   └── analyzer (21)
20:45:01 INFO  PackageTree               :     │   │   │   └── state (12)
20:45:01 INFO  PackageTree               :     │   │   │       └── helpers (7)
20:45:01 INFO  PackageTree               :     │   │   ├── motion
20:45:01 INFO  PackageTree               :     │   │   │   ├── widget (94)
20:45:01 INFO  PackageTree               :     │   │   │   └── utils (13)
20:45:01 INFO  PackageTree               :     │   │   ├── widget (28)
20:45:01 INFO  PackageTree               :     │   │   ├── utils
20:45:01 INFO  PackageTree               :     │   │   │   └── widget (9)
20:45:01 INFO  PackageTree               :     │   │   └── helper
20:45:01 INFO  PackageTree               :     │   │       └── widget (2)
20:45:01 INFO  PackageTree               :     │   ├── annotation (64)
20:45:01 INFO  PackageTree               :     │   │   └── experimental (3)
20:45:01 INFO  PackageTree               :     │   ├── appcompat
20:45:01 INFO  PackageTree               :     │   │   ├── widget (204)
20:45:01 INFO  PackageTree               :     │   │   ├── graphics
20:45:01 INFO  PackageTree               :     │   │   │   └── drawable (17)
20:45:01 INFO  PackageTree               :     │   │   ├── app (90)
20:45:01 INFO  PackageTree               :     │   │   ├── view (14)
20:45:01 INFO  PackageTree               :     │   │   │   └── menu (45)
20:45:01 INFO  PackageTree               :     │   │   ├── content
20:45:01 INFO  PackageTree               :     │   │   │   └── res (2)
20:45:01 INFO  PackageTree               :     │   │   └── text (1)
20:45:01 INFO  PackageTree               :     │   ├── recyclerview
20:45:01 INFO  PackageTree               :     │   │   └── widget (201)
20:45:01 INFO  PackageTree               :     │   ├── room (101)
20:45:01 INFO  PackageTree               :     │   │   ├── util (13)
20:45:01 INFO  PackageTree               :     │   │   ├── migration (2)
20:45:01 INFO  PackageTree               :     │   │   └── paging (2)
20:45:01 INFO  PackageTree               :     │   ├── transition (133)
20:45:01 INFO  PackageTree               :     │   ├── viewpager
20:45:01 INFO  PackageTree               :     │   │   └── widget (24)
20:45:01 INFO  PackageTree               :     │   ├── cursoradapter
20:45:01 INFO  PackageTree               :     │   │   └── widget (9)
20:45:01 INFO  PackageTree               :     │   ├── dynamicanimation
20:45:01 INFO  PackageTree               :     │   │   └── animation (36)
20:45:01 INFO  PackageTree               :     │   ├── biometric (68)
20:45:01 INFO  PackageTree               :     │   ├── activity (16)
20:45:01 INFO  PackageTree               :     │   │   ├── result (15)
20:45:01 INFO  PackageTree               :     │   │   │   └── contract (17)
20:45:01 INFO  PackageTree               :     │   │   └── contextaware (3)
20:45:01 INFO  PackageTree               :     │   ├── coordinatorlayout
20:45:01 INFO  PackageTree               :     │   │   └── widget (14)
20:45:01 INFO  PackageTree               :     │   ├── loader
20:45:01 INFO  PackageTree               :     │   │   ├── app (7)
20:45:01 INFO  PackageTree               :     │   │   └── content (15)
20:45:01 INFO  PackageTree               :     │   ├── viewpager2
20:45:01 INFO  PackageTree               :     │   │   ├── adapter (13)
20:45:01 INFO  PackageTree               :     │   │   └── widget (32)
20:45:01 INFO  PackageTree               :     │   ├── savedstate (9)
20:45:01 INFO  PackageTree               :     │   ├── arch
20:45:01 INFO  PackageTree               :     │   │   └── core
20:45:01 INFO  PackageTree               :     │   │       ├── executor (6)
20:45:01 INFO  PackageTree               :     │   │       ├── internal (8)
20:45:01 INFO  PackageTree               :     │   │       └── util (1)
20:45:01 INFO  PackageTree               :     │   ├── vectordrawable
20:45:01 INFO  PackageTree               :     │   │   └── graphics
20:45:01 INFO  PackageTree               :     │   │       └── drawable (24)
20:45:01 INFO  PackageTree               :     │   ├── lifecycle (64)
20:45:01 INFO  PackageTree               :     │   ├── customview
20:45:01 INFO  PackageTree               :     │   │   ├── widget (12)
20:45:01 INFO  PackageTree               :     │   │   └── view (3)
20:45:01 INFO  PackageTree               :     │   ├── cardview
20:45:01 INFO  PackageTree               :     │   │   └── widget (12)
20:45:01 INFO  PackageTree               :     │   ├── legacy
20:45:01 INFO  PackageTree               :     │   │   └── content (1)
20:45:01 INFO  PackageTree               :     │   ├── versionedparcelable (15)
20:45:01 INFO  PackageTree               :     │   ├── print (7)
20:45:01 INFO  PackageTree               :     │   ├── sqlite
20:45:01 INFO  PackageTree               :     │   │   └── db (11)
20:45:01 INFO  PackageTree               :     │   │       └── framework (9)
20:45:01 INFO  PackageTree               :     │   ├── collection (17)
20:45:01 INFO  PackageTree               :     │   ├── drawerlayout
20:45:01 INFO  PackageTree               :     │   │   └── widget (11)
20:45:01 INFO  PackageTree               :     │   ├── localbroadcastmanager
20:45:01 INFO  PackageTree               :     │   │   └── content (4)
20:45:01 INFO  PackageTree               :     │   ├── viewbinding (1)
20:45:01 INFO  PackageTree               :     │   ├── interpolator
20:45:01 INFO  PackageTree               :     │   │   └── view
20:45:01 INFO  PackageTree               :     │   │       └── animation (4)
20:45:01 INFO  PackageTree               :     │   └── tracing (3)
20:45:01 INFO  PackageTree               :     ├── com
20:45:01 INFO  PackageTree               :     │   └── google
20:45:01 INFO  PackageTree               :     │       ├── zxing (23)
20:45:01 INFO  PackageTree               :     │       │   ├── client
20:45:01 INFO  PackageTree               :     │       │   │   └── result (37)
20:45:01 INFO  PackageTree               :     │       │   ├── pdf417 (4)
20:45:01 INFO  PackageTree               :     │       │   │   ├── decoder (11)
20:45:01 INFO  PackageTree               :     │       │   │   │   └── ec (3)
20:45:01 INFO  PackageTree               :     │       │   │   ├── encoder (7)
20:45:01 INFO  PackageTree               :     │       │   │   └── detector (2)
20:45:01 INFO  PackageTree               :     │       │   ├── datamatrix (2)
20:45:01 INFO  PackageTree               :     │       │   │   ├── decoder (8)
20:45:01 INFO  PackageTree               :     │       │   │   ├── encoder (14)
20:45:01 INFO  PackageTree               :     │       │   │   └── detector (1)
20:45:01 INFO  PackageTree               :     │       │   ├── qrcode (2)
20:45:01 INFO  PackageTree               :     │       │   │   ├── detector (7)
20:45:01 INFO  PackageTree               :     │       │   │   ├── decoder (20)
20:45:01 INFO  PackageTree               :     │       │   │   └── encoder (6)
20:45:01 INFO  PackageTree               :     │       │   ├── oned (29)
20:45:01 INFO  PackageTree               :     │       │   │   └── rss (6)
20:45:01 INFO  PackageTree               :     │       │   │       └── expanded (4)
20:45:01 INFO  PackageTree               :     │       │   │           └── decoders (20)
20:45:01 INFO  PackageTree               :     │       │   ├── multi (3)
20:45:01 INFO  PackageTree               :     │       │   │   └── qrcode (2)
20:45:01 INFO  PackageTree               :     │       │   │       └── detector (3)
20:45:01 INFO  PackageTree               :     │       │   ├── common (12)
20:45:01 INFO  PackageTree               :     │       │   │   ├── reedsolomon (5)
20:45:01 INFO  PackageTree               :     │       │   │   └── detector (3)
20:45:01 INFO  PackageTree               :     │       │   ├── aztec (3)
20:45:01 INFO  PackageTree               :     │       │   │   ├── encoder (8)
20:45:01 INFO  PackageTree               :     │       │   │   ├── detector (2)
20:45:01 INFO  PackageTree               :     │       │   │   └── decoder (2)
20:45:01 INFO  PackageTree               :     │       │   └── maxicode (1)
20:45:01 INFO  PackageTree               :     │       │       └── decoder (3)
20:45:01 INFO  PackageTree               :     │       └── android
20:45:01 INFO  PackageTree               :     │           └── material
20:45:01 INFO  PackageTree               :     │               ├── textfield (51)
20:45:01 INFO  PackageTree               :     │               ├── timepicker (42)
20:45:01 INFO  PackageTree               :     │               ├── transition (51)
20:45:01 INFO  PackageTree               :     │               │   └── platform (57)
20:45:01 INFO  PackageTree               :     │               ├── snackbar (41)
20:45:01 INFO  PackageTree               :     │               ├── internal (68)
20:45:01 INFO  PackageTree               :     │               ├── bottomnavigation (16)
20:45:01 INFO  PackageTree               :     │               ├── appbar (29)
20:45:01 INFO  PackageTree               :     │               ├── tabs (27)
20:45:01 INFO  PackageTree               :     │               ├── datepicker (69)
20:45:01 INFO  PackageTree               :     │               ├── behavior (7)
20:45:01 INFO  PackageTree               :     │               ├── transformation (15)
20:45:01 INFO  PackageTree               :     │               ├── bottomsheet (19)
20:45:01 INFO  PackageTree               :     │               ├── shape (39)
20:45:01 INFO  PackageTree               :     │               ├── floatingactionbutton (43)
20:45:01 INFO  PackageTree               :     │               ├── button (14)
20:45:01 INFO  PackageTree               :     │               ├── bottomappbar (19)
20:45:01 INFO  PackageTree               :     │               ├── dialog (3)
20:45:01 INFO  PackageTree               :     │               ├── progressindicator (38)
20:45:01 INFO  PackageTree               :     │               ├── card (4)
20:45:01 INFO  PackageTree               :     │               ├── chip (11)
20:45:01 INFO  PackageTree               :     │               ├── slider (21)
20:45:01 INFO  PackageTree               :     │               ├── elevation (1)
20:45:01 INFO  PackageTree               :     │               ├── shadow (3)
20:45:01 INFO  PackageTree               :     │               ├── resources (9)
20:45:01 INFO  PackageTree               :     │               ├── animation (11)
20:45:01 INFO  PackageTree               :     │               ├── badge (8)
20:45:01 INFO  PackageTree               :     │               ├── theme (1)
20:45:01 INFO  PackageTree               :     │               │   └── overlay (1)
20:45:01 INFO  PackageTree               :     │               ├── circularreveal (14)
20:45:01 INFO  PackageTree               :     │               │   ├── coordinatorlayout (1)
20:45:01 INFO  PackageTree               :     │               │   └── cardview (1)
20:45:01 INFO  PackageTree               :     │               ├── tooltip (2)
20:45:01 INFO  PackageTree               :     │               ├── expandable (3)
20:45:01 INFO  PackageTree               :     │               ├── math (1)
20:45:01 INFO  PackageTree               :     │               ├── ripple (3)
20:45:01 INFO  PackageTree               :     │               ├── imageview (2)
20:45:01 INFO  PackageTree               :     │               ├── navigation (6)
20:45:01 INFO  PackageTree               :     │               ├── stateful (2)
20:45:01 INFO  PackageTree               :     │               ├── drawable (1)
20:45:01 INFO  PackageTree               :     │               ├── radiobutton (1)
20:45:01 INFO  PackageTree               :     │               ├── textview (1)
20:45:01 INFO  PackageTree               :     │               ├── canvas (1)
20:45:01 INFO  PackageTree               :     │               ├── color (1)
20:45:01 INFO  PackageTree               :     │               ├── switchmaterial (1)
20:45:01 INFO  PackageTree               :     │               └── checkbox (1)
20:45:01 INFO  PackageTree               :     ├── de
20:45:01 INFO  PackageTree               :     │   └── efdis
20:45:01 INFO  PackageTree               :     │       └── tangenerator
20:45:01 INFO  PackageTree               :     │           ├── gui
20:45:01 INFO  PackageTree               :     │           │   ├── initialization (39)
20:45:01 INFO  PackageTree               :     │           │   ├── qrscanner (4)
20:45:01 INFO  PackageTree               :     │           │   ├── settings (20)
20:45:01 INFO  PackageTree               :     │           │   ├── transaction (13)
20:45:01 INFO  PackageTree               :     │           │   ├── misc (6)
20:45:01 INFO  PackageTree               :     │           │   ├── instruction (9)
20:45:01 INFO  PackageTree               :     │           │   └── common (10)
20:45:01 INFO  PackageTree               :     │           ├── api (16)
20:45:01 INFO  PackageTree               :     │           ├── activetan (22)
20:45:01 INFO  PackageTree               :     │           ├── persistence
20:45:01 INFO  PackageTree               :     │           │   ├── database (14)
20:45:01 INFO  PackageTree               :     │           │   └── keystore (4)
20:45:01 INFO  PackageTree               :     │           └── databinding (20)
20:45:01 INFO  PackageTree               :     ├── android
20:45:01 INFO  PackageTree               :     │   └── support
20:45:01 INFO  PackageTree               :     │       └── v4
20:45:01 INFO  PackageTree               :     │           ├── os (8)
20:45:01 INFO  PackageTree               :     │           ├── app (5)
20:45:01 INFO  PackageTree               :     │           └── graphics
20:45:01 INFO  PackageTree               :     │               └── drawable (1)
20:45:01 INFO  PackageTree               :     └── me
20:45:01 INFO  PackageTree               :         └── dm7
20:45:01 INFO  PackageTree               :             └── barcodescanner
20:45:01 INFO  PackageTree               :                 ├── zxing (3)
20:45:01 INFO  PackageTree               :                 └── core (13)
20:45:01 INFO  Profile                   : 
20:45:01 INFO  AppProfile                : - generated app package tree (in 86 ms)
20:45:01 INFO  AppProfile                : 
20:45:01 DEBUG HashTree                  : Generate hash tree..
20:45:02 DEBUG HashTree                  :     - generated 191 package hashes.
20:45:02 DEBUG HashTree                  :     - generated 3954 clazz hashes.
20:45:02 DEBUG HashTree                  :     - generated 32212 method hashes.
20:45:02 DEBUG HashTree                  :     => Library Hash: b81833efa7b20885472cb5f2acbbf077
20:45:02 INFO  AppProfile                : - generated app hash trees (in 1 sec, 42 ms)
20:45:02 INFO  AppProfile                : 
20:45:02 INFO  LibraryIdentifier         : = Scan for library root packages (heuristic) =
20:45:02 INFO  LibraryIdentifier         :     - Found lib root package androidx.annotation  (androidx.annotation::annotation)
20:45:02 INFO  LibraryIdentifier         :     - Found lib root package androidx.appcompat  (androidx.appcompat::appcompat)
20:45:02 INFO  LibraryIdentifier         :     - Found lib root package androidx.arch.core  (androidx.arch.core::core-common)
20:45:02 INFO  LibraryIdentifier         :     - Found lib root package androidx.arch.core.executor  (androidx.arch.core::core-runtime)
20:45:02 INFO  LibraryIdentifier         :     - Found lib root package androidx.cardview.widget  (androidx.cardview::cardview)
20:45:02 INFO  LibraryIdentifier         :     - Found lib root package androidx.collection  (androidx.collection::collection)
20:45:02 INFO  LibraryIdentifier         :     - Found lib root package androidx.collection  (androidx.collection::collection-ktx)
20:45:02 INFO  LibraryIdentifier         :     - Found lib root package androidx.constraintlayout.widget  (androidx.constraintlayout::constraintlayout)
20:45:02 INFO  LibraryIdentifier         :     - Found lib root package androidx.constraintlayout.solver  (androidx.constraintlayout::constraintlayout-solver)
20:45:02 INFO  LibraryIdentifier         :     - Found lib root package androidx.coordinatorlayout.widget  (androidx.coordinatorlayout::coordinatorlayout)
20:45:02 INFO  LibraryIdentifier         :     - Found lib root package androidx.core  (androidx.core::core)
20:45:02 INFO  LibraryIdentifier         :     - Found lib root package androidx  (androidx.core::core-ktx)
20:45:02 INFO  LibraryIdentifier         :     - Found lib root package androidx.cursoradapter.widget  (androidx.cursoradapter::cursoradapter)
20:45:02 INFO  LibraryIdentifier         :     - Found lib root package androidx.customview  (androidx.customview::customview)
20:45:02 INFO  LibraryIdentifier         :     - Found lib root package androidx.documentfile.provider  (androidx.documentfile::documentfile)
20:45:02 INFO  LibraryIdentifier         :     - Found lib root package androidx.drawerlayout.widget  (androidx.drawerlayout::drawerlayout)
20:45:02 INFO  LibraryIdentifier         :     - Found lib root package androidx.dynamicanimation.animation  (androidx.dynamicanimation::dynamicanimation)
20:45:02 INFO  LibraryIdentifier         :     - Found lib root package androidx.fragment.app  (androidx.fragment::fragment)
20:45:02 INFO  LibraryIdentifier         :     - Found lib root package androidx.fragment.app  (androidx.fragment::fragment-ktx)
20:45:02 INFO  LibraryIdentifier         :     - Found lib root package androidx.interpolator.view.animation  (androidx.interpolator::interpolator)
20:45:02 INFO  LibraryIdentifier         :     - Found lib root package androidx.legacy  (androidx.legacy::legacy-support-core-ui)
20:45:02 INFO  LibraryIdentifier         :     - Found lib root package androidx.legacy.content  (androidx.legacy::legacy-support-core-utils)
20:45:02 INFO  LibraryIdentifier         :     - Found lib root package androidx.legacy  (androidx.legacy::legacy-support-v13)
20:45:02 INFO  LibraryIdentifier         :     - Found lib root package androidx.lifecycle  (androidx.lifecycle::lifecycle-common)
20:45:02 INFO  LibraryIdentifier         :     - Found lib root package androidx.lifecycle  (androidx.lifecycle::lifecycle-common-java8)
20:45:02 INFO  LibraryIdentifier         :     - Found lib root package androidx.lifecycle  (androidx.lifecycle::lifecycle-compiler)
20:45:02 INFO  LibraryIdentifier         :     - Found lib root package androidx.lifecycle  (androidx.lifecycle::lifecycle-extensions)
20:45:02 INFO  LibraryIdentifier         :     - Found lib root package androidx.lifecycle  (androidx.lifecycle::lifecycle-livedata)
20:45:02 INFO  LibraryIdentifier         :     - Found lib root package androidx.lifecycle  (androidx.lifecycle::lifecycle-livedata-core)
20:45:02 INFO  LibraryIdentifier         :     - Found lib root package androidx.lifecycle  (androidx.lifecycle::lifecycle-process)
20:45:02 INFO  LibraryIdentifier         :     - Found lib root package androidx.lifecycle  (androidx.lifecycle::lifecycle-reactivestreams)
20:45:02 INFO  LibraryIdentifier         :     - Found lib root package androidx.lifecycle  (androidx.lifecycle::lifecycle-reactivestreams-ktx)
20:45:02 INFO  LibraryIdentifier         :     - Found lib root package androidx.lifecycle  (androidx.lifecycle::lifecycle-runtime)
20:45:02 INFO  LibraryIdentifier         :     - Found lib root package androidx.lifecycle  (androidx.lifecycle::lifecycle-service)
20:45:02 INFO  LibraryIdentifier         :     - Found lib root package androidx.lifecycle  (androidx.lifecycle::lifecycle-viewmodel)
20:45:02 INFO  LibraryIdentifier         :     - Found lib root package androidx.lifecycle  (androidx.lifecycle::lifecycle-viewmodel-ktx)
20:45:02 INFO  LibraryIdentifier         :     - Found lib root package androidx.loader  (androidx.loader::loader)
20:45:02 INFO  LibraryIdentifier         :     - Found lib root package androidx.localbroadcastmanager.content  (androidx.localbroadcastmanager::localbroadcastmanager)
20:45:02 INFO  LibraryIdentifier         :     - Found lib root package androidx.print  (androidx.print::print)
20:45:02 INFO  LibraryIdentifier         :     - Found lib root package androidx.recyclerview.widget  (androidx.recyclerview::recyclerview)
20:45:02 INFO  LibraryIdentifier         :     - Found lib root package androidx.room  (androidx.room::room-common)
20:45:02 INFO  LibraryIdentifier         :     - Found lib root package androidx.room  (androidx.room::room-compiler)
20:45:02 INFO  LibraryIdentifier         :     - Found lib root package androidx.room  (androidx.room::room-runtime)
20:45:02 INFO  LibraryIdentifier         :     - Found lib root package androidx.room  (androidx.room::room-rxjava2)
20:45:02 INFO  LibraryIdentifier         :     - Found lib root package androidx.sqlite.db  (androidx.sqlite::sqlite)
20:45:02 INFO  LibraryIdentifier         :     - Found lib root package androidx.sqlite.db.framework  (androidx.sqlite::sqlite-framework)
20:45:02 INFO  LibraryIdentifier         :     - Found lib root package androidx.sqlite.db  (androidx.sqlite::sqlite-ktx)
20:45:02 INFO  LibraryIdentifier         :     - Found lib root package androidx.transition  (androidx.transition::transition)
20:45:02 INFO  LibraryIdentifier         :     - Found lib root package androidx.vectordrawable.graphics.drawable  (androidx.vectordrawable::vectordrawable)
20:45:02 INFO  LibraryIdentifier         :     - Found lib root package androidx.vectordrawable.graphics.drawable  (androidx.vectordrawable::vectordrawable-animated)
20:45:02 INFO  LibraryIdentifier         :     - Found lib root package androidx.versionedparcelable  (androidx.versionedparcelable::versionedparcelable)
20:45:02 INFO  LibraryIdentifier         :     - Found lib root package androidx.viewpager.widget  (androidx.viewpager::viewpager)
20:45:02 INFO  LibraryIdentifier         :     - Found lib root package android.support.v4  (com.android.support::customview)
20:45:02 INFO  LibraryIdentifier         :     - Found lib root package android.support.v4  (com.android.support::loader)
20:45:02 INFO  LibraryIdentifier         :     - Found lib root package android.support.v4  (com.android.support::support-compat)
20:45:02 INFO  LibraryIdentifier         :     - Found lib root package android.support.v4  (com.android.support::support-core-ui)
20:45:02 INFO  LibraryIdentifier         :     - Found lib root package android.support.v4  (com.android.support::support-core-utils)
20:45:02 INFO  LibraryIdentifier         :     - Found lib root package android.support.v4.app  (com.android.support::support-fragment)
20:45:02 INFO  LibraryIdentifier         :     - Found lib root package android.support.v4  (com.android.support::support-v4)
20:45:02 INFO  LibraryIdentifier         :     - Found lib root package androidx.versionedparcelable  (com.android.support::versionedparcelable)
20:45:02 INFO  LibraryIdentifier         :     - Found lib root package com.google.android.material  (com.google.android.material::material)
20:45:02 INFO  LibraryIdentifier         : 
20:45:02 INFO  LibraryIdentifier         : = Match profiles =
20:45:48 INFO  LibraryIdentifier         :     >> profile matching done (46 sec, 27 ms)
20:45:48 INFO  LibraryIdentifier         : 
20:45:48 INFO  LibraryIdentifier         : == Report ==
20:45:48 INFO  LibraryIdentifier         : - Full library matches:
20:45:48 INFO  ProfileMatch              :                 name: androidx.customview::customview
20:45:48 INFO  ProfileMatch              :             category: Android
20:45:48 INFO  ProfileMatch              :              version: 1.0.0  [OLD VERSION]
20:45:48 INFO  ProfileMatch              :         release-date:  --
20:45:48 INFO  ProfileMatch              :     lib root package: "androidx.customview"
20:45:48 INFO  ProfileMatch              : 
20:45:48 INFO  ProfileMatch              :                 name: androidx.appcompat::appcompat
20:45:48 INFO  ProfileMatch              :             category: Android
20:45:48 INFO  ProfileMatch              :              version: 1.3.0  [OLD VERSION]
20:45:48 INFO  ProfileMatch              :         release-date:  --
20:45:48 INFO  ProfileMatch              :     lib root package: "androidx.appcompat"
20:45:48 INFO  ProfileMatch              : 
20:45:48 INFO  ProfileMatch              :                 name: androidx.appcompat::appcompat
20:45:48 INFO  ProfileMatch              :             category: Android
20:45:48 INFO  ProfileMatch              :              version: 1.3.1  [OLD VERSION]
20:45:48 INFO  ProfileMatch              :         release-date:  --
20:45:48 INFO  ProfileMatch              :     lib root package: "androidx.appcompat"
20:45:48 INFO  ProfileMatch              : 
20:45:48 INFO  ProfileMatch              :                 name: androidx.cursoradapter::cursoradapter
20:45:48 INFO  ProfileMatch              :             category: Android
20:45:48 INFO  ProfileMatch              :              version: 1.0.0
20:45:48 INFO  ProfileMatch              :         release-date:  --
20:45:48 INFO  ProfileMatch              :     lib root package: "androidx.cursoradapter.widget"
20:45:48 INFO  ProfileMatch              : 
20:45:48 INFO  ProfileMatch              :                 name: androidx.room::room-common
20:45:48 INFO  ProfileMatch              :             category: Android
20:45:48 INFO  ProfileMatch              :              version: 2.3.0  [OLD VERSION]
20:45:48 INFO  ProfileMatch              :         release-date:  --
20:45:48 INFO  ProfileMatch              :     lib root package: "androidx.room"
20:45:48 INFO  ProfileMatch              : 
20:45:48 INFO  ProfileMatch              :                 name: androidx.recyclerview::recyclerview
20:45:48 INFO  ProfileMatch              :             category: Android
20:45:48 INFO  ProfileMatch              :              version: 1.2.0  [OLD VERSION]
20:45:48 INFO  ProfileMatch              :         release-date:  --
20:45:48 INFO  ProfileMatch              :     lib root package: "androidx.recyclerview.widget"
20:45:48 INFO  ProfileMatch              : 
20:45:48 INFO  ProfileMatch              :                 name: androidx.recyclerview::recyclerview
20:45:48 INFO  ProfileMatch              :             category: Android
20:45:48 INFO  ProfileMatch              :              version: 1.2.1
20:45:48 INFO  ProfileMatch              :         release-date:  --
20:45:48 INFO  ProfileMatch              :     lib root package: "androidx.recyclerview.widget"
20:45:48 INFO  ProfileMatch              : 
20:45:48 INFO  ProfileMatch              :                 name: com.android.support::loader
20:45:48 INFO  ProfileMatch              :             category: Android
20:45:48 INFO  ProfileMatch              :              version: 28.0.0
20:45:48 INFO  ProfileMatch              :         release-date:  --
20:45:48 INFO  ProfileMatch              :     lib root package: "android.support.v4"  (in app: "androidx.loader")
20:45:48 INFO  ProfileMatch              : 
20:45:48 INFO  ProfileMatch              :                 name: androidx.constraintlayout::constraintlayout-solver
20:45:48 INFO  ProfileMatch              :             category: Android
20:45:48 INFO  ProfileMatch              :              version: 2.0.3  [OLD VERSION]
20:45:48 INFO  ProfileMatch              :         release-date:  --
20:45:48 INFO  ProfileMatch              :     lib root package: "androidx.constraintlayout.solver"
20:45:48 INFO  ProfileMatch              : 
20:45:48 INFO  ProfileMatch              :                 name: androidx.constraintlayout::constraintlayout-solver
20:45:48 INFO  ProfileMatch              :             category: Android
20:45:48 INFO  ProfileMatch              :              version: 2.0.4
20:45:48 INFO  ProfileMatch              :         release-date:  --
20:45:48 INFO  ProfileMatch              :     lib root package: "androidx.constraintlayout.solver"
20:45:48 INFO  ProfileMatch              : 
20:45:48 INFO  ProfileMatch              :                 name: androidx.annotation::annotation
20:45:48 INFO  ProfileMatch              :             category: Android
20:45:48 INFO  ProfileMatch              :              version: 1.0.1  [OLD VERSION]
20:45:48 INFO  ProfileMatch              :         release-date:  --
20:45:48 INFO  ProfileMatch              :     lib root package: "androidx.annotation"
20:45:48 INFO  ProfileMatch              : 
20:45:48 INFO  ProfileMatch              :                 name: androidx.annotation::annotation
20:45:48 INFO  ProfileMatch              :             category: Android
20:45:48 INFO  ProfileMatch              :              version: 1.0.2  [OLD VERSION]
20:45:48 INFO  ProfileMatch              :         release-date:  --
20:45:48 INFO  ProfileMatch              :     lib root package: "androidx.annotation"
20:45:48 INFO  ProfileMatch              : 
20:45:48 INFO  ProfileMatch              :                 name: androidx.annotation::annotation
20:45:48 INFO  ProfileMatch              :             category: Android
20:45:48 INFO  ProfileMatch              :              version: 1.1.0  [OLD VERSION]
20:45:48 INFO  ProfileMatch              :         release-date:  --
20:45:48 INFO  ProfileMatch              :     lib root package: "androidx.annotation"
20:45:48 INFO  ProfileMatch              : 
20:45:48 INFO  ProfileMatch              :                 name: androidx.annotation::annotation
20:45:48 INFO  ProfileMatch              :             category: Android
20:45:48 INFO  ProfileMatch              :              version: 1.2.0  [OLD VERSION]
20:45:48 INFO  ProfileMatch              :         release-date:  --
20:45:48 INFO  ProfileMatch              :     lib root package: "androidx.annotation"
20:45:48 INFO  ProfileMatch              : 
20:45:48 INFO  ProfileMatch              :                 name: androidx.annotation::annotation
20:45:48 INFO  ProfileMatch              :             category: Android
20:45:48 INFO  ProfileMatch              :              version: 1.3.0  [OLD VERSION]
20:45:48 INFO  ProfileMatch              :         release-date:  --
20:45:48 INFO  ProfileMatch              :     lib root package: "androidx.annotation"
20:45:48 INFO  ProfileMatch              : 
20:45:48 INFO  ProfileMatch              :                 name: androidx.annotation::annotation
20:45:48 INFO  ProfileMatch              :             category: Android
20:45:48 INFO  ProfileMatch              :              version: 1.4.0
20:45:48 INFO  ProfileMatch              :         release-date:  --
20:45:48 INFO  ProfileMatch              :     lib root package: "androidx.annotation"
20:45:48 INFO  ProfileMatch              : 
20:45:48 INFO  ProfileMatch              :                 name: androidx.coordinatorlayout::coordinatorlayout
20:45:48 INFO  ProfileMatch              :             category: Android
20:45:48 INFO  ProfileMatch              :              version: 1.1.0  [OLD VERSION]
20:45:48 INFO  ProfileMatch              :         release-date:  --
20:45:48 INFO  ProfileMatch              :     lib root package: "androidx.coordinatorlayout.widget"
20:45:48 INFO  ProfileMatch              : 
20:45:48 INFO  ProfileMatch              :                 name: com.android.support::localbroadcastmanager
20:45:48 INFO  ProfileMatch              :             category: Android
20:45:48 INFO  ProfileMatch              :              version: 28.0.0
20:45:48 INFO  ProfileMatch              :         release-date:  --
20:45:48 INFO  ProfileMatch              :     lib root package: "android.support.v4.content"  (in app: "androidx.localbroadcastmanager.content")
20:45:48 INFO  ProfileMatch              : 
20:45:48 INFO  ProfileMatch              :                 name: androidx.constraintlayout::constraintlayout
20:45:48 INFO  ProfileMatch              :             category: Android
20:45:48 INFO  ProfileMatch              :              version: 2.0.3  [OLD VERSION]
20:45:48 INFO  ProfileMatch              :         release-date:  --
20:45:48 INFO  ProfileMatch              :     lib root package: "androidx.constraintlayout"
20:45:48 INFO  ProfileMatch              : 
20:45:48 INFO  ProfileMatch              :                 name: androidx.constraintlayout::constraintlayout
20:45:48 INFO  ProfileMatch              :             category: Android
20:45:48 INFO  ProfileMatch              :              version: 2.0.4  [OLD VERSION]
20:45:48 INFO  ProfileMatch              :         release-date:  --
20:45:48 INFO  ProfileMatch              :     lib root package: "androidx.constraintlayout"
20:45:48 INFO  ProfileMatch              : 
20:45:48 INFO  ProfileMatch              :                 name: com.android.support::customview
20:45:48 INFO  ProfileMatch              :             category: Android
20:45:48 INFO  ProfileMatch              :              version: 28.0.0
20:45:48 INFO  ProfileMatch              :         release-date:  --
20:45:48 INFO  ProfileMatch              :     lib root package: "android.support.v4"  (in app: "androidx.customview")
20:45:48 INFO  ProfileMatch              : 
20:45:48 INFO  ProfileMatch              :                 name: com.android.support::drawerlayout
20:45:48 INFO  ProfileMatch              :             category: Android
20:45:48 INFO  ProfileMatch              :              version: 28.0.0
20:45:48 INFO  ProfileMatch              :         release-date:  --
20:45:48 INFO  ProfileMatch              :     lib root package: "android.support.v4.widget"  (in app: "androidx.drawerlayout.widget")
20:45:48 INFO  ProfileMatch              : 
20:45:48 INFO  ProfileMatch              :                 name: androidx.loader::loader
20:45:48 INFO  ProfileMatch              :             category: Android
20:45:48 INFO  ProfileMatch              :              version: 1.0.0  [OLD VERSION]
20:45:48 INFO  ProfileMatch              :         release-date:  --
20:45:48 INFO  ProfileMatch              :     lib root package: "androidx.loader"
20:45:48 INFO  ProfileMatch              : 
20:45:48 INFO  ProfileMatch              :                 name: androidx.cardview::cardview
20:45:48 INFO  ProfileMatch              :             category: Android
20:45:48 INFO  ProfileMatch              :              version: 1.0.0
20:45:48 INFO  ProfileMatch              :         release-date:  --
20:45:48 INFO  ProfileMatch              :     lib root package: "androidx.cardview.widget"
20:45:48 INFO  ProfileMatch              : 
20:45:48 INFO  ProfileMatch              :                 name: com.android.support::support-dynamic-animation
20:45:48 INFO  ProfileMatch              :             category: Android
20:45:48 INFO  ProfileMatch              :              version: 27.0.0  [OLD VERSION]
20:45:48 INFO  ProfileMatch              :         release-date:  --
20:45:48 INFO  ProfileMatch              :     lib root package: "android.support.animation"  (in app: "androidx.dynamicanimation.animation")
20:45:48 INFO  ProfileMatch              : 
20:45:48 INFO  ProfileMatch              :                 name: com.android.support::support-dynamic-animation
20:45:48 INFO  ProfileMatch              :             category: Android
20:45:48 INFO  ProfileMatch              :              version: 27.0.1  [OLD VERSION]
20:45:48 INFO  ProfileMatch              :         release-date:  --
20:45:48 INFO  ProfileMatch              :     lib root package: "android.support.animation"  (in app: "androidx.dynamicanimation.animation")
20:45:48 INFO  ProfileMatch              : 
20:45:48 INFO  ProfileMatch              :                 name: com.android.support::support-dynamic-animation
20:45:48 INFO  ProfileMatch              :             category: Android
20:45:48 INFO  ProfileMatch              :              version: 27.0.2  [OLD VERSION]
20:45:48 INFO  ProfileMatch              :         release-date:  --
20:45:48 INFO  ProfileMatch              :     lib root package: "android.support.animation"  (in app: "androidx.dynamicanimation.animation")
20:45:48 INFO  ProfileMatch              : 
20:45:48 INFO  ProfileMatch              :                 name: com.android.support::support-dynamic-animation
20:45:48 INFO  ProfileMatch              :             category: Android
20:45:48 INFO  ProfileMatch              :              version: 27.1.0  [OLD VERSION]
20:45:48 INFO  ProfileMatch              :         release-date:  --
20:45:48 INFO  ProfileMatch              :     lib root package: "android.support.animation"  (in app: "androidx.dynamicanimation.animation")
20:45:48 INFO  ProfileMatch              : 
20:45:48 INFO  ProfileMatch              :                 name: com.android.support::support-dynamic-animation
20:45:48 INFO  ProfileMatch              :             category: Android
20:45:48 INFO  ProfileMatch              :              version: 27.1.1  [OLD VERSION]
20:45:48 INFO  ProfileMatch              :         release-date:  --
20:45:48 INFO  ProfileMatch              :     lib root package: "android.support.animation"  (in app: "androidx.dynamicanimation.animation")
20:45:48 INFO  ProfileMatch              : 
20:45:48 INFO  ProfileMatch              :                 name: com.android.support::support-dynamic-animation
20:45:48 INFO  ProfileMatch              :             category: Android
20:45:48 INFO  ProfileMatch              :              version: 28.0.0
20:45:48 INFO  ProfileMatch              :         release-date:  --
20:45:48 INFO  ProfileMatch              :     lib root package: "android.support.animation"  (in app: "androidx.dynamicanimation.animation")
20:45:48 INFO  ProfileMatch              : 
20:45:48 INFO  ProfileMatch              :                 name: androidx.print::print
20:45:48 INFO  ProfileMatch              :             category: Android
20:45:48 INFO  ProfileMatch              :              version: 1.0.0
20:45:48 INFO  ProfileMatch              :         release-date:  --
20:45:48 INFO  ProfileMatch              :     lib root package: "androidx.print"
20:45:48 INFO  ProfileMatch              : 
20:45:48 INFO  ProfileMatch              :                 name: androidx.drawerlayout::drawerlayout
20:45:48 INFO  ProfileMatch              :             category: Android
20:45:48 INFO  ProfileMatch              :              version: 1.0.0  [OLD VERSION]
20:45:48 INFO  ProfileMatch              :         release-date:  --
20:45:48 INFO  ProfileMatch              :     lib root package: "androidx.drawerlayout.widget"
20:45:48 INFO  ProfileMatch              : 
20:45:48 INFO  ProfileMatch              :                 name: com.android.support::support-core-utils
20:45:48 INFO  ProfileMatch              :             category: Android
20:45:48 INFO  ProfileMatch              :              version: 28.0.0
20:45:48 INFO  ProfileMatch              :         release-date:  --
20:45:48 INFO  ProfileMatch              :     lib root package: "android.support.v4.content"  (in app: "androidx.legacy.content")
20:45:48 INFO  ProfileMatch              : 
20:45:48 INFO  ProfileMatch              :                 name: com.android.support::print
20:45:48 INFO  ProfileMatch              :             category: Android
20:45:48 INFO  ProfileMatch              :              version: 28.0.0
20:45:48 INFO  ProfileMatch              :         release-date:  --
20:45:48 INFO  ProfileMatch              :     lib root package: "android.support.v4.print"  (in app: "androidx.print")
20:45:48 INFO  ProfileMatch              : 
20:45:48 INFO  ProfileMatch              :                 name: androidx.sqlite::sqlite-framework
20:45:48 INFO  ProfileMatch              :             category: Android
20:45:48 INFO  ProfileMatch              :              version: 2.1.0  [OLD VERSION]
20:45:48 INFO  ProfileMatch              :         release-date:  --
20:45:48 INFO  ProfileMatch              :     lib root package: "androidx.sqlite.db.framework"
20:45:48 INFO  ProfileMatch              : 
20:45:48 INFO  ProfileMatch              :                 name: com.google.android.material::material
20:45:48 INFO  ProfileMatch              :             category: Android
20:45:48 INFO  ProfileMatch              :              version: 1.3.0  [OLD VERSION]
20:45:48 INFO  ProfileMatch              :         release-date:  --
20:45:48 INFO  ProfileMatch              :     lib root package: "com.google.android.material"
20:45:48 INFO  ProfileMatch              : 
20:45:48 INFO  ProfileMatch              :                 name: androidx.dynamicanimation::dynamicanimation
20:45:48 INFO  ProfileMatch              :             category: Android
20:45:48 INFO  ProfileMatch              :              version: 1.0.0
20:45:48 INFO  ProfileMatch              :         release-date:  --
20:45:48 INFO  ProfileMatch              :     lib root package: "androidx.dynamicanimation.animation"
20:45:48 INFO  ProfileMatch              : 
20:45:48 INFO  ProfileMatch              :                 name: androidx.arch.core::core-runtime
20:45:48 INFO  ProfileMatch              :             category: Android
20:45:48 INFO  ProfileMatch              :              version: 2.1.0
20:45:48 INFO  ProfileMatch              :         release-date:  --
20:45:48 INFO  ProfileMatch              :     lib root package: "androidx.arch.core.executor"
20:45:48 INFO  ProfileMatch              : 
20:45:48 INFO  ProfileMatch              :                 name: com.android.support.constraint::constraint-layout-solver
20:45:48 INFO  ProfileMatch              :             category: Android
20:45:48 INFO  ProfileMatch              :              version: 2.0.3  [OLD VERSION]
20:45:48 INFO  ProfileMatch              :         release-date:  --
20:45:48 INFO  ProfileMatch              :     lib root package: "android.support.constraint.solver"  (in app: "androidx.constraintlayout.solver")
20:45:48 INFO  ProfileMatch              : 
20:45:48 INFO  ProfileMatch              :                 name: com.android.support.constraint::constraint-layout-solver
20:45:48 INFO  ProfileMatch              :             category: Android
20:45:48 INFO  ProfileMatch              :              version: 2.0.4
20:45:48 INFO  ProfileMatch              :         release-date:  --
20:45:48 INFO  ProfileMatch              :     lib root package: "android.support.constraint.solver"  (in app: "androidx.constraintlayout.solver")
20:45:48 INFO  ProfileMatch              : 
20:45:48 INFO  ProfileMatch              :                 name: androidx.arch.core::core-common
20:45:48 INFO  ProfileMatch              :             category: Android
20:45:48 INFO  ProfileMatch              :              version: 2.0.0  [OLD VERSION]
20:45:48 INFO  ProfileMatch              :         release-date:  --
20:45:48 INFO  ProfileMatch              :     lib root package: "androidx.arch.core"
20:45:48 INFO  ProfileMatch              : 
20:45:48 INFO  ProfileMatch              :                 name: androidx.arch.core::core-common
20:45:48 INFO  ProfileMatch              :             category: Android
20:45:48 INFO  ProfileMatch              :              version: 2.0.1  [OLD VERSION]
20:45:48 INFO  ProfileMatch              :         release-date:  --
20:45:48 INFO  ProfileMatch              :     lib root package: "androidx.arch.core"
20:45:48 INFO  ProfileMatch              : 
20:45:48 INFO  ProfileMatch              :                 name: androidx.arch.core::core-common
20:45:48 INFO  ProfileMatch              :             category: Android
20:45:48 INFO  ProfileMatch              :              version: 2.1.0
20:45:48 INFO  ProfileMatch              :         release-date:  --
20:45:48 INFO  ProfileMatch              :     lib root package: "androidx.arch.core"
20:45:48 INFO  ProfileMatch              : 
20:45:48 INFO  ProfileMatch              :                 name: androidx.core::core
20:45:48 INFO  ProfileMatch              :             category: Android
20:45:48 INFO  ProfileMatch              :              version: 1.5.0  [OLD VERSION]
20:45:48 INFO  ProfileMatch              :         release-date:  --
20:45:48 INFO  ProfileMatch              :     lib root package: "androidx.core"
20:45:48 INFO  ProfileMatch              : 
20:45:48 INFO  ProfileMatch              :                 name: androidx.versionedparcelable::versionedparcelable  [OLD VERSION]
20:45:48 INFO  ProfileMatch              :             category: Android
20:45:48 INFO  ProfileMatch              :              version: 1.1.0  [OLD VERSION]
20:45:48 INFO  ProfileMatch              :         release-date:  --
20:45:48 INFO  ProfileMatch              :     lib root package: "androidx.versionedparcelable"
20:45:48 INFO  ProfileMatch              : 
20:45:48 INFO  ProfileMatch              :                 name: androidx.versionedparcelable::versionedparcelable
20:45:48 INFO  ProfileMatch              :             category: Android
20:45:48 INFO  ProfileMatch              :              version: 1.1.1
20:45:48 INFO  ProfileMatch              :         release-date:  --
20:45:48 INFO  ProfileMatch              :     lib root package: "androidx.versionedparcelable"
20:45:48 INFO  ProfileMatch              : 
20:45:48 INFO  ProfileMatch              :                 name: androidx.collection::collection
20:45:48 INFO  ProfileMatch              :             category: Android
20:45:48 INFO  ProfileMatch              :              version: 1.1.0  [OLD VERSION]
20:45:48 INFO  ProfileMatch              :         release-date:  --
20:45:48 INFO  ProfileMatch              :     lib root package: "androidx.collection"
20:45:48 INFO  ProfileMatch              : 
20:45:48 INFO  ProfileMatch              :                 name: com.android.support::cursoradapter
20:45:48 INFO  ProfileMatch              :             category: Android
20:45:48 INFO  ProfileMatch              :              version: 28.0.0
20:45:48 INFO  ProfileMatch              :         release-date:  --
20:45:48 INFO  ProfileMatch              :     lib root package: "android.support.v4.widget"  (in app: "androidx.cursoradapter.widget")
20:45:48 INFO  ProfileMatch              : 
20:45:48 INFO  ProfileMatch              :                 name: androidx.room::room-runtime
20:45:48 INFO  ProfileMatch              :             category: Android
20:45:48 INFO  ProfileMatch              :              version: 2.3.0  [OLD VERSION]
20:45:48 INFO  ProfileMatch              :         release-date:  --
20:45:48 INFO  ProfileMatch              :     lib root package: "androidx.room"
20:45:48 INFO  ProfileMatch              : 
20:45:48 INFO  ProfileMatch              :                 name: com.android.support::interpolator
20:45:48 INFO  ProfileMatch              :             category: Android
20:45:48 INFO  ProfileMatch              :              version: 28.0.0
20:45:48 INFO  ProfileMatch              :         release-date:  --
20:45:48 INFO  ProfileMatch              :     lib root package: "android.support.v4.view.animation"  (in app: "androidx.interpolator.view.animation")
20:45:48 INFO  ProfileMatch              : 
20:45:48 INFO  ProfileMatch              :                 name: androidx.interpolator::interpolator
20:45:48 INFO  ProfileMatch              :             category: Android
20:45:48 INFO  ProfileMatch              :              version: 1.0.0
20:45:48 INFO  ProfileMatch              :         release-date:  --
20:45:48 INFO  ProfileMatch              :     lib root package: "androidx.interpolator.view.animation"
20:45:48 INFO  ProfileMatch              : 
20:45:48 INFO  ProfileMatch              :                 name: androidx.fragment::fragment
20:45:48 INFO  ProfileMatch              :             category: Android
20:45:48 INFO  ProfileMatch              :              version: 1.3.4  [OLD VERSION]
20:45:48 INFO  ProfileMatch              :         release-date:  --
20:45:48 INFO  ProfileMatch              :     lib root package: "androidx.fragment.app"
20:45:48 INFO  ProfileMatch              : 
20:45:48 INFO  ProfileMatch              :                 name: androidx.fragment::fragment
20:45:48 INFO  ProfileMatch              :             category: Android
20:45:48 INFO  ProfileMatch              :              version: 1.3.5  [OLD VERSION]
20:45:48 INFO  ProfileMatch              :         release-date:  --
20:45:48 INFO  ProfileMatch              :     lib root package: "androidx.fragment.app"
20:45:48 INFO  ProfileMatch              : 
20:45:48 INFO  ProfileMatch              :                 name: androidx.fragment::fragment
20:45:48 INFO  ProfileMatch              :             category: Android
20:45:48 INFO  ProfileMatch              :              version: 1.3.6  [OLD VERSION]
20:45:48 INFO  ProfileMatch              :         release-date:  --
20:45:48 INFO  ProfileMatch              :     lib root package: "androidx.fragment.app"
20:45:48 INFO  ProfileMatch              : 
20:45:48 INFO  ProfileMatch              :                 name: androidx.documentfile::documentfile
20:45:48 INFO  ProfileMatch              :             category: Android
20:45:48 INFO  ProfileMatch              :              version: 1.0.0  [OLD VERSION]
20:45:48 INFO  ProfileMatch              :         release-date:  --
20:45:48 INFO  ProfileMatch              :     lib root package: "androidx.documentfile.provider"
20:45:48 INFO  ProfileMatch              : 
20:45:48 INFO  ProfileMatch              :                 name: androidx.documentfile::documentfile
20:45:48 INFO  ProfileMatch              :             category: Android
20:45:48 INFO  ProfileMatch              :              version: 1.0.1
20:45:48 INFO  ProfileMatch              :         release-date:  --
20:45:48 INFO  ProfileMatch              :     lib root package: "androidx.documentfile.provider"
20:45:48 INFO  ProfileMatch              : 
20:45:48 INFO  ProfileMatch              :                 name: Facebook
20:45:48 INFO  ProfileMatch              :             category: SocialMedia
20:45:48 INFO  ProfileMatch              :              version: 4.27.0  [OLD VERSION]
20:45:48 INFO  ProfileMatch              :         release-date: 26.09.2017
20:45:48 INFO  ProfileMatch              :     lib root package: "com.facebook.all"  (in app: "androidx.core.view")
20:45:48 INFO  ProfileMatch              : 
20:45:48 INFO  ProfileMatch              :                 name: Facebook
20:45:48 INFO  ProfileMatch              :             category: SocialMedia
20:45:48 INFO  ProfileMatch              :              version: 4.28.0  [OLD VERSION]
20:45:48 INFO  ProfileMatch              :         release-date: 07.11.2017
20:45:48 INFO  ProfileMatch              :     lib root package: "com.facebook.all"  (in app: "androidx.core.view")
20:45:48 INFO  ProfileMatch              : 
20:45:48 INFO  ProfileMatch              :                 name: Facebook
20:45:48 INFO  ProfileMatch              :             category: SocialMedia
20:45:48 INFO  ProfileMatch              :              version: 4.29.0  [OLD VERSION]
20:45:48 INFO  ProfileMatch              :         release-date: 05.12.2017
20:45:48 INFO  ProfileMatch              :     lib root package: "com.facebook.all"  (in app: "androidx.core.view")
20:45:48 INFO  ProfileMatch              : 
20:45:48 INFO  ProfileMatch              :                 name: Facebook
20:45:48 INFO  ProfileMatch              :             category: SocialMedia
20:45:48 INFO  ProfileMatch              :              version: 4.30.0  [OLD VERSION]
20:45:48 INFO  ProfileMatch              :         release-date: 24.01.2018
20:45:48 INFO  ProfileMatch              :     lib root package: "com.facebook.all"  (in app: "androidx.core.view")
20:45:48 INFO  ProfileMatch              : 
20:45:48 INFO  ProfileMatch              :                 name: Facebook
20:45:48 INFO  ProfileMatch              :             category: SocialMedia
20:45:48 INFO  ProfileMatch              :              version: 4.31.0  [OLD VERSION]
20:45:48 INFO  ProfileMatch              :         release-date: 28.02.2018
20:45:48 INFO  ProfileMatch              :     lib root package: "com.facebook.all"  (in app: "androidx.core.view")
20:45:48 INFO  ProfileMatch              : 
20:45:48 INFO  ProfileMatch              :                 name: Facebook
20:45:48 INFO  ProfileMatch              :             category: SocialMedia
20:45:48 INFO  ProfileMatch              :              version: 4.32.0  [OLD VERSION]
20:45:48 INFO  ProfileMatch              :         release-date: 11.04.2018
20:45:48 INFO  ProfileMatch              :     lib root package: "com.facebook.all"  (in app: "androidx.core.view")
20:45:48 INFO  ProfileMatch              : 
20:45:48 INFO  ProfileMatch              :                 name: Facebook
20:45:48 INFO  ProfileMatch              :             category: SocialMedia
20:45:48 INFO  ProfileMatch              :              version: 4.33.0  [OLD VERSION]
20:45:48 INFO  ProfileMatch              :         release-date: 01.05.2018
20:45:48 INFO  ProfileMatch              :     lib root package: "com.facebook.all"  (in app: "androidx.core.view")
20:45:48 INFO  ProfileMatch              : 
20:45:48 INFO  ProfileMatch              :                 name: Facebook
20:45:48 INFO  ProfileMatch              :             category: SocialMedia
20:45:48 INFO  ProfileMatch              :              version: 4.34.0  [OLD VERSION]
20:45:48 INFO  ProfileMatch              :         release-date: 19.06.2018
20:45:48 INFO  ProfileMatch              :     lib root package: "com.facebook.all"  (in app: "androidx.core.view")
20:45:48 INFO  ProfileMatch              : 
20:45:48 INFO  ProfileMatch              :                 name: Facebook
20:45:48 INFO  ProfileMatch              :             category: SocialMedia
20:45:48 INFO  ProfileMatch              :              version: 4.35.0  [OLD VERSION]
20:45:48 INFO  ProfileMatch              :         release-date: 26.07.2018
20:45:48 INFO  ProfileMatch              :     lib root package: "com.facebook.all"  (in app: "androidx.core.view")
20:45:48 INFO  ProfileMatch              : 
20:45:48 INFO  ProfileMatch              :                 name: Facebook
20:45:48 INFO  ProfileMatch              :             category: SocialMedia
20:45:48 INFO  ProfileMatch              :              version: 4.36.0  [OLD VERSION]
20:45:48 INFO  ProfileMatch              :         release-date: 29.08.2018
20:45:48 INFO  ProfileMatch              :     lib root package: "com.facebook.all"  (in app: "androidx.core.view")
20:45:48 INFO  ProfileMatch              : 
20:45:48 INFO  ProfileMatch              :                 name: Facebook
20:45:48 INFO  ProfileMatch              :             category: SocialMedia
20:45:48 INFO  ProfileMatch              :              version: 4.36.1  [OLD VERSION]
20:45:48 INFO  ProfileMatch              :         release-date: 15.09.2018
20:45:48 INFO  ProfileMatch              :     lib root package: "com.facebook.all"  (in app: "androidx.core.view")
20:45:48 INFO  ProfileMatch              : 
20:45:48 INFO  ProfileMatch              :                 name: Facebook
20:45:48 INFO  ProfileMatch              :             category: SocialMedia
20:45:48 INFO  ProfileMatch              :              version: 4.37.0  [OLD VERSION]
20:45:48 INFO  ProfileMatch              :         release-date: 27.09.2018
20:45:48 INFO  ProfileMatch              :     lib root package: "com.facebook.all"  (in app: "androidx.core.view")
20:45:48 INFO  ProfileMatch              : 
20:45:48 INFO  ProfileMatch              :                 name: Facebook
20:45:48 INFO  ProfileMatch              :             category: SocialMedia
20:45:48 INFO  ProfileMatch              :              version: 4.38.0  [OLD VERSION]
20:45:48 INFO  ProfileMatch              :         release-date: 23.10.2018
20:45:48 INFO  ProfileMatch              :     lib root package: "com.facebook.all"  (in app: "androidx.core.view")
20:45:48 INFO  ProfileMatch              : 
20:45:48 INFO  ProfileMatch              :                 name: Facebook
20:45:48 INFO  ProfileMatch              :             category: SocialMedia
20:45:48 INFO  ProfileMatch              :              version: 4.38.1  [OLD VERSION]
20:45:48 INFO  ProfileMatch              :         release-date: 31.10.2018
20:45:48 INFO  ProfileMatch              :     lib root package: "com.facebook.all"  (in app: "androidx.core.view")
20:45:48 INFO  ProfileMatch              : 
20:45:48 INFO  ProfileMatch              :                 name: Facebook
20:45:48 INFO  ProfileMatch              :             category: SocialMedia
20:45:48 INFO  ProfileMatch              :              version: 4.39.0  [OLD VERSION]
20:45:48 INFO  ProfileMatch              :         release-date: 05.12.2018
20:45:48 INFO  ProfileMatch              :     lib root package: "com.facebook.all"  (in app: "androidx.core.view")
20:45:48 INFO  ProfileMatch              : 
20:45:48 INFO  ProfileMatch              :                 name: Facebook
20:45:48 INFO  ProfileMatch              :             category: SocialMedia
20:45:48 INFO  ProfileMatch              :              version: 4.40.0  [OLD VERSION]
20:45:48 INFO  ProfileMatch              :         release-date: 22.01.2019
20:45:48 INFO  ProfileMatch              :     lib root package: "com.facebook.all"  (in app: "androidx.core.view")
20:45:48 INFO  ProfileMatch              : 
20:45:48 INFO  ProfileMatch              :                 name: Facebook
20:45:48 INFO  ProfileMatch              :             category: SocialMedia
20:45:48 INFO  ProfileMatch              :              version: 4.41.0  [OLD VERSION]
20:45:48 INFO  ProfileMatch              :         release-date: 08.03.2019
20:45:48 INFO  ProfileMatch              :     lib root package: "com.facebook.all"  (in app: "androidx.core.view")
20:45:48 INFO  ProfileMatch              : 
20:45:48 INFO  ProfileMatch              :                 name: Facebook
20:45:48 INFO  ProfileMatch              :             category: SocialMedia
20:45:48 INFO  ProfileMatch              :              version: 4.42.0  [OLD VERSION]
20:45:48 INFO  ProfileMatch              :         release-date: 08.04.2019
20:45:48 INFO  ProfileMatch              :     lib root package: "com.facebook.all"  (in app: "androidx.core.view")
20:45:48 INFO  ProfileMatch              : 
20:45:48 INFO  ProfileMatch              :                 name: Facebook
20:45:48 INFO  ProfileMatch              :             category: SocialMedia
20:45:48 INFO  ProfileMatch              :              version: 5.0.0  [OLD VERSION]
20:45:48 INFO  ProfileMatch              :         release-date: 30.04.2019
20:45:48 INFO  ProfileMatch              :     lib root package: "com.facebook.all"  (in app: "androidx.core.view")
20:45:48 INFO  ProfileMatch              : 
20:45:48 INFO  ProfileMatch              :                 name: Facebook
20:45:48 INFO  ProfileMatch              :             category: SocialMedia
20:45:48 INFO  ProfileMatch              :              version: 5.0.1  [OLD VERSION]
20:45:48 INFO  ProfileMatch              :         release-date: 17.05.2019
20:45:48 INFO  ProfileMatch              :     lib root package: "com.facebook.all"  (in app: "androidx.core.view")
20:45:48 INFO  ProfileMatch              : 
20:45:48 INFO  ProfileMatch              :                 name: Facebook
20:45:48 INFO  ProfileMatch              :             category: SocialMedia
20:45:48 INFO  ProfileMatch              :              version: 5.0.2  [OLD VERSION]
20:45:48 INFO  ProfileMatch              :         release-date: 09.06.2019
20:45:48 INFO  ProfileMatch              :     lib root package: "com.facebook.all"  (in app: "androidx.core.view")
20:45:48 INFO  ProfileMatch              : 
20:45:48 INFO  ProfileMatch              :                 name: Facebook
20:45:48 INFO  ProfileMatch              :             category: SocialMedia
20:45:48 INFO  ProfileMatch              :              version: 5.0.3  [OLD VERSION]
20:45:48 INFO  ProfileMatch              :         release-date: 14.06.2019
20:45:48 INFO  ProfileMatch              :     lib root package: "com.facebook.all"  (in app: "androidx.core.view")
20:45:48 INFO  ProfileMatch              : 
20:45:48 INFO  ProfileMatch              :                 name: Facebook
20:45:48 INFO  ProfileMatch              :             category: SocialMedia
20:45:48 INFO  ProfileMatch              :              version: 5.1.0  [OLD VERSION]
20:45:48 INFO  ProfileMatch              :         release-date: 21.06.2019
20:45:48 INFO  ProfileMatch              :     lib root package: "com.facebook.all"  (in app: "androidx.core.view")
20:45:48 INFO  ProfileMatch              : 
20:45:48 INFO  ProfileMatch              :                 name: Facebook
20:45:48 INFO  ProfileMatch              :             category: SocialMedia
20:45:48 INFO  ProfileMatch              :              version: 5.1.1  [OLD VERSION]
20:45:48 INFO  ProfileMatch              :         release-date: 02.07.2019
20:45:48 INFO  ProfileMatch              :     lib root package: "com.facebook.all"  (in app: "androidx.core.view")
20:45:48 INFO  ProfileMatch              : 
20:45:48 INFO  ProfileMatch              :                 name: Facebook
20:45:48 INFO  ProfileMatch              :             category: SocialMedia
20:45:48 INFO  ProfileMatch              :              version: 5.2.0  [OLD VERSION]
20:45:48 INFO  ProfileMatch              :         release-date: 29.07.2019
20:45:48 INFO  ProfileMatch              :     lib root package: "com.facebook.all"  (in app: "androidx.core.view")
20:45:48 INFO  ProfileMatch              : 
20:45:48 INFO  ProfileMatch              :                 name: Facebook
20:45:48 INFO  ProfileMatch              :             category: SocialMedia
20:45:48 INFO  ProfileMatch              :              version: 5.4.0  [OLD VERSION]
20:45:48 INFO  ProfileMatch              :         release-date: 16.08.2019
20:45:48 INFO  ProfileMatch              :     lib root package: "com.facebook.all"  (in app: "androidx.core.view")
20:45:48 INFO  ProfileMatch              : 
20:45:48 INFO  ProfileMatch              :                 name: Facebook
20:45:48 INFO  ProfileMatch              :             category: SocialMedia
20:45:48 INFO  ProfileMatch              :              version: 5.5.0  [OLD VERSION]
20:45:48 INFO  ProfileMatch              :         release-date: 31.08.2019
20:45:48 INFO  ProfileMatch              :     lib root package: "com.facebook.all"  (in app: "androidx.core.view")
20:45:48 INFO  ProfileMatch              : 
20:45:48 INFO  ProfileMatch              :                 name: Facebook
20:45:48 INFO  ProfileMatch              :             category: SocialMedia
20:45:48 INFO  ProfileMatch              :              version: 5.5.1  [OLD VERSION]
20:45:48 INFO  ProfileMatch              :         release-date: 06.09.2019
20:45:48 INFO  ProfileMatch              :     lib root package: "com.facebook.all"  (in app: "androidx.core.view")
20:45:48 INFO  ProfileMatch              : 
20:45:48 INFO  ProfileMatch              :                 name: Facebook
20:45:48 INFO  ProfileMatch              :             category: SocialMedia
20:45:48 INFO  ProfileMatch              :              version: 5.5.2  [OLD VERSION]
20:45:48 INFO  ProfileMatch              :         release-date: 05.10.2019
20:45:48 INFO  ProfileMatch              :     lib root package: "com.facebook.all"  (in app: "androidx.core.view")
20:45:48 INFO  ProfileMatch              : 
20:45:48 INFO  ProfileMatch              :                 name: Facebook
20:45:48 INFO  ProfileMatch              :             category: SocialMedia
20:45:48 INFO  ProfileMatch              :              version: 5.8.0  [OLD VERSION]
20:45:48 INFO  ProfileMatch              :         release-date: 08.10.2019
20:45:48 INFO  ProfileMatch              :     lib root package: "com.facebook.all"  (in app: "androidx.core.view")
20:45:48 INFO  ProfileMatch              : 
20:45:48 INFO  ProfileMatch              :                 name: Facebook
20:45:48 INFO  ProfileMatch              :             category: SocialMedia
20:45:48 INFO  ProfileMatch              :              version: 5.9.0  [OLD VERSION]
20:45:48 INFO  ProfileMatch              :         release-date: 29.10.2019
20:45:48 INFO  ProfileMatch              :     lib root package: "com.facebook.all"  (in app: "androidx.core.view")
20:45:48 INFO  ProfileMatch              : 
20:45:48 INFO  ProfileMatch              :                 name: Facebook
20:45:48 INFO  ProfileMatch              :             category: SocialMedia
20:45:48 INFO  ProfileMatch              :              version: 5.11.0  [OLD VERSION]
20:45:48 INFO  ProfileMatch              :         release-date: 15.11.2019
20:45:48 INFO  ProfileMatch              :     lib root package: "com.facebook.all"  (in app: "androidx.core.view")
20:45:48 INFO  ProfileMatch              : 
20:45:48 INFO  ProfileMatch              :                 name: Facebook
20:45:48 INFO  ProfileMatch              :             category: SocialMedia
20:45:48 INFO  ProfileMatch              :              version: 5.11.1  [OLD VERSION]
20:45:48 INFO  ProfileMatch              :         release-date: 21.11.2019
20:45:48 INFO  ProfileMatch              :     lib root package: "com.facebook.all"  (in app: "androidx.core.view")
20:45:48 INFO  ProfileMatch              : 
20:45:48 INFO  ProfileMatch              :                 name: Facebook
20:45:48 INFO  ProfileMatch              :             category: SocialMedia
20:45:48 INFO  ProfileMatch              :              version: 5.11.2  [OLD VERSION]
20:45:48 INFO  ProfileMatch              :         release-date: 22.11.2019
20:45:48 INFO  ProfileMatch              :     lib root package: "com.facebook.all"  (in app: "androidx.core.view")
20:45:48 INFO  ProfileMatch              : 
20:45:48 INFO  ProfileMatch              :                 name: Facebook
20:45:48 INFO  ProfileMatch              :             category: SocialMedia
20:45:48 INFO  ProfileMatch              :              version: 5.12.0  [OLD VERSION]
20:45:48 INFO  ProfileMatch              :         release-date: 04.12.2019
20:45:48 INFO  ProfileMatch              :     lib root package: "com.facebook.all"  (in app: "androidx.core.view")
20:45:48 INFO  ProfileMatch              : 
20:45:48 INFO  ProfileMatch              :                 name: Facebook
20:45:48 INFO  ProfileMatch              :             category: SocialMedia
20:45:48 INFO  ProfileMatch              :              version: 5.12.1  [OLD VERSION]
20:45:48 INFO  ProfileMatch              :         release-date: 09.12.2019
20:45:48 INFO  ProfileMatch              :     lib root package: "com.facebook.all"  (in app: "androidx.core.view")
20:45:48 INFO  ProfileMatch              : 
20:45:48 INFO  ProfileMatch              :                 name: Facebook
20:45:48 INFO  ProfileMatch              :             category: SocialMedia
20:45:48 INFO  ProfileMatch              :              version: 5.13.0  [OLD VERSION]
20:45:48 INFO  ProfileMatch              :         release-date: 12.12.2019
20:45:48 INFO  ProfileMatch              :     lib root package: "com.facebook.all"  (in app: "androidx.core.view")
20:45:48 INFO  ProfileMatch              : 
20:45:48 INFO  ProfileMatch              :                 name: Facebook
20:45:48 INFO  ProfileMatch              :             category: SocialMedia
20:45:48 INFO  ProfileMatch              :              version: 5.15.0  [OLD VERSION]
20:45:48 INFO  ProfileMatch              :         release-date: 21.01.2020
20:45:48 INFO  ProfileMatch              :     lib root package: "com.facebook.all"  (in app: "androidx.core.view")
20:45:48 INFO  ProfileMatch              : 
20:45:48 INFO  ProfileMatch              :                 name: Facebook
20:45:48 INFO  ProfileMatch              :             category: SocialMedia
20:45:48 INFO  ProfileMatch              :              version: 5.15.1  [OLD VERSION]
20:45:48 INFO  ProfileMatch              :         release-date: 29.01.2020
20:45:48 INFO  ProfileMatch              :     lib root package: "com.facebook.all"  (in app: "androidx.core.view")
20:45:48 INFO  ProfileMatch              : 
20:45:48 INFO  ProfileMatch              :                 name: Facebook
20:45:48 INFO  ProfileMatch              :             category: SocialMedia
20:45:48 INFO  ProfileMatch              :              version: 5.15.2  [OLD VERSION]
20:45:48 INFO  ProfileMatch              :         release-date: 03.02.2020
20:45:48 INFO  ProfileMatch              :     lib root package: "com.facebook.all"  (in app: "androidx.core.view")
20:45:48 INFO  ProfileMatch              : 
20:45:48 INFO  ProfileMatch              :                 name: Facebook
20:45:48 INFO  ProfileMatch              :             category: SocialMedia
20:45:48 INFO  ProfileMatch              :              version: 5.15.3  [OLD VERSION]
20:45:48 INFO  ProfileMatch              :         release-date: 03.02.2020
20:45:48 INFO  ProfileMatch              :     lib root package: "com.facebook.all"  (in app: "androidx.core.view")
20:45:48 INFO  ProfileMatch              : 
20:45:48 INFO  ProfileMatch              :                 name: Facebook
20:45:48 INFO  ProfileMatch              :             category: SocialMedia
20:45:48 INFO  ProfileMatch              :              version: 6.0.0  [OLD VERSION]
20:45:48 INFO  ProfileMatch              :         release-date: 03.02.2020
20:45:48 INFO  ProfileMatch              :     lib root package: "com.facebook.all"  (in app: "androidx.core.view")
20:45:48 INFO  ProfileMatch              : 
20:45:48 INFO  ProfileMatch              :                 name: Facebook
20:45:48 INFO  ProfileMatch              :             category: SocialMedia
20:45:48 INFO  ProfileMatch              :              version: 6.1.0  [OLD VERSION]
20:45:48 INFO  ProfileMatch              :         release-date: 14.02.2020
20:45:48 INFO  ProfileMatch              :     lib root package: "com.facebook.all"  (in app: "androidx.core.view")
20:45:48 INFO  ProfileMatch              : 
20:45:48 INFO  ProfileMatch              :                 name: Facebook
20:45:48 INFO  ProfileMatch              :             category: SocialMedia
20:45:48 INFO  ProfileMatch              :              version: 6.2.0  [OLD VERSION]
20:45:48 INFO  ProfileMatch              :         release-date: 09.03.2020
20:45:48 INFO  ProfileMatch              :     lib root package: "com.facebook.all"  (in app: "androidx.core.view")
20:45:48 INFO  ProfileMatch              : 
20:45:48 INFO  ProfileMatch              :                 name: Facebook
20:45:48 INFO  ProfileMatch              :             category: SocialMedia
20:45:48 INFO  ProfileMatch              :              version: 6.3.0  [OLD VERSION]
20:45:48 INFO  ProfileMatch              :         release-date: 25.03.2020
20:45:48 INFO  ProfileMatch              :     lib root package: "com.facebook.all"  (in app: "androidx.core.view")
20:45:48 INFO  ProfileMatch              : 
20:45:48 INFO  ProfileMatch              :                 name: Facebook
20:45:48 INFO  ProfileMatch              :             category: SocialMedia
20:45:48 INFO  ProfileMatch              :              version: 6.4.0  [OLD VERSION]
20:45:48 INFO  ProfileMatch              :         release-date: 15.04.2020
20:45:48 INFO  ProfileMatch              :     lib root package: "com.facebook.all"  (in app: "androidx.core.view")
20:45:48 INFO  ProfileMatch              : 
20:45:48 INFO  ProfileMatch              :                 name: Facebook
20:45:48 INFO  ProfileMatch              :             category: SocialMedia
20:45:48 INFO  ProfileMatch              :              version: 6.5.0  [OLD VERSION]
20:45:48 INFO  ProfileMatch              :         release-date: 20.04.2020
20:45:48 INFO  ProfileMatch              :     lib root package: "com.facebook.all"  (in app: "androidx.core.view")
20:45:48 INFO  ProfileMatch              : 
20:45:48 INFO  ProfileMatch              :                 name: Facebook
20:45:48 INFO  ProfileMatch              :             category: SocialMedia
20:45:48 INFO  ProfileMatch              :              version: 6.5.1  [OLD VERSION]
20:45:48 INFO  ProfileMatch              :         release-date: 23.04.2020
20:45:48 INFO  ProfileMatch              :     lib root package: "com.facebook.all"  (in app: "androidx.core.view")
20:45:48 INFO  ProfileMatch              : 
20:45:48 INFO  ProfileMatch              :                 name: Facebook
20:45:48 INFO  ProfileMatch              :             category: SocialMedia
20:45:48 INFO  ProfileMatch              :              version: 7.0.0  [OLD VERSION]
20:45:48 INFO  ProfileMatch              :         release-date: 05.05.2020
20:45:48 INFO  ProfileMatch              :     lib root package: "com.facebook.all"  (in app: "androidx.core.view")
20:45:48 INFO  ProfileMatch              : 
20:45:48 INFO  ProfileMatch              :                 name: Facebook
20:45:48 INFO  ProfileMatch              :             category: SocialMedia
20:45:48 INFO  ProfileMatch              :              version: 7.0.1  [OLD VERSION]
20:45:48 INFO  ProfileMatch              :         release-date: 09.06.2020
20:45:48 INFO  ProfileMatch              :     lib root package: "com.facebook.all"  (in app: "androidx.core.view")
20:45:48 INFO  ProfileMatch              : 
20:45:48 INFO  ProfileMatch              :                 name: Facebook
20:45:48 INFO  ProfileMatch              :             category: SocialMedia
20:45:48 INFO  ProfileMatch              :              version: 7.1.0  [OLD VERSION]
20:45:48 INFO  ProfileMatch              :         release-date: 23.06.2020
20:45:48 INFO  ProfileMatch              :     lib root package: "com.facebook.all"  (in app: "androidx.core.view")
20:45:48 INFO  ProfileMatch              : 
20:45:48 INFO  ProfileMatch              :                 name: Facebook
20:45:48 INFO  ProfileMatch              :             category: SocialMedia
20:45:48 INFO  ProfileMatch              :              version: 8.0.0  [OLD VERSION]
20:45:48 INFO  ProfileMatch              :         release-date: 28.09.2020
20:45:48 INFO  ProfileMatch              :     lib root package: "com.facebook.all"  (in app: "androidx.core.view")
20:45:48 INFO  ProfileMatch              : 
20:45:48 INFO  ProfileMatch              :                 name: Facebook
20:45:48 INFO  ProfileMatch              :             category: SocialMedia
20:45:48 INFO  ProfileMatch              :              version: 8.1.0  [OLD VERSION]
20:45:48 INFO  ProfileMatch              :         release-date: 14.10.2020
20:45:48 INFO  ProfileMatch              :     lib root package: "com.facebook.all"  (in app: "androidx.core.view")
20:45:48 INFO  ProfileMatch              : 
20:45:48 INFO  ProfileMatch              :                 name: Facebook
20:45:48 INFO  ProfileMatch              :             category: SocialMedia
20:45:48 INFO  ProfileMatch              :              version: 8.2.0  [OLD VERSION]
20:45:48 INFO  ProfileMatch              :         release-date: 18.12.2020
20:45:48 INFO  ProfileMatch              :     lib root package: "com.facebook.all"  (in app: "androidx.core.view")
20:45:48 INFO  ProfileMatch              : 
20:45:48 INFO  ProfileMatch              :                 name: Facebook
20:45:48 INFO  ProfileMatch              :             category: SocialMedia
20:45:48 INFO  ProfileMatch              :              version: 9.0.0  [OLD VERSION]
20:45:48 INFO  ProfileMatch              :         release-date: 19.01.2021
20:45:48 INFO  ProfileMatch              :     lib root package: "com.facebook.all"  (in app: "androidx.core.view")
20:45:48 INFO  ProfileMatch              : 
20:45:48 INFO  ProfileMatch              :                 name: Facebook
20:45:48 INFO  ProfileMatch              :             category: SocialMedia
20:45:48 INFO  ProfileMatch              :              version: 9.1.0  [OLD VERSION]
20:45:48 INFO  ProfileMatch              :         release-date: 15.03.2021
20:45:48 INFO  ProfileMatch              :     lib root package: "com.facebook.all"  (in app: "androidx.core.view")
20:45:48 INFO  ProfileMatch              : 
20:45:48 INFO  ProfileMatch              :                 name: Facebook
20:45:48 INFO  ProfileMatch              :             category: SocialMedia
20:45:48 INFO  ProfileMatch              :              version: 9.1.1  [OLD VERSION]
20:45:48 INFO  ProfileMatch              :         release-date: 12.04.2021
20:45:48 INFO  ProfileMatch              :     lib root package: "com.facebook.all"  (in app: "androidx.core.view")
20:45:48 INFO  ProfileMatch              : 
20:45:48 INFO  ProfileMatch              :                 name: Facebook
20:45:48 INFO  ProfileMatch              :             category: SocialMedia
20:45:48 INFO  ProfileMatch              :              version: 11.0.0  [OLD VERSION]
20:45:48 INFO  ProfileMatch              :         release-date: 08.06.2021
20:45:48 INFO  ProfileMatch              :     lib root package: "com.facebook.all"  (in app: "androidx.core.view")
20:45:48 INFO  ProfileMatch              : 
20:45:48 INFO  ProfileMatch              :                 name: Facebook
20:45:48 INFO  ProfileMatch              :             category: SocialMedia
20:45:48 INFO  ProfileMatch              :              version: 11.1.0  [OLD VERSION]
20:45:48 INFO  ProfileMatch              :         release-date: 06.07.2021
20:45:48 INFO  ProfileMatch              :     lib root package: "com.facebook.all"  (in app: "androidx.core.view")
20:45:48 INFO  ProfileMatch              : 
20:45:48 INFO  ProfileMatch              :                 name: Facebook
20:45:48 INFO  ProfileMatch              :             category: SocialMedia
20:45:48 INFO  ProfileMatch              :              version: 11.1.1  [OLD VERSION]
20:45:48 INFO  ProfileMatch              :         release-date: 19.07.2021
20:45:48 INFO  ProfileMatch              :     lib root package: "com.facebook.all"  (in app: "androidx.core.view")
20:45:48 INFO  ProfileMatch              : 
20:45:48 INFO  ProfileMatch              :                 name: Facebook
20:45:48 INFO  ProfileMatch              :             category: SocialMedia
20:45:48 INFO  ProfileMatch              :              version: 11.2.0  [OLD VERSION]
20:45:48 INFO  ProfileMatch              :         release-date: 03.08.2021
20:45:48 INFO  ProfileMatch              :     lib root package: "com.facebook.all"  (in app: "androidx.core.view")
20:45:48 INFO  ProfileMatch              : 
20:45:48 INFO  ProfileMatch              :                 name: Facebook
20:45:48 INFO  ProfileMatch              :             category: SocialMedia
20:45:48 INFO  ProfileMatch              :              version: 11.3.0  [OLD VERSION]
20:45:48 INFO  ProfileMatch              :         release-date: 07.09.2021
20:45:48 INFO  ProfileMatch              :     lib root package: "com.facebook.all"  (in app: "androidx.core.view")
20:45:48 INFO  ProfileMatch              : 
20:45:48 INFO  ProfileMatch              :                 name: Facebook
20:45:48 INFO  ProfileMatch              :             category: SocialMedia
20:45:48 INFO  ProfileMatch              :              version: 12.0.0  [OLD VERSION]
20:45:48 INFO  ProfileMatch              :         release-date: 05.10.2021
20:45:48 INFO  ProfileMatch              :     lib root package: "com.facebook.all"  (in app: "androidx.core.view")
20:45:48 INFO  ProfileMatch              : 
20:45:48 INFO  ProfileMatch              :                 name: Facebook
20:45:48 INFO  ProfileMatch              :             category: SocialMedia
20:45:48 INFO  ProfileMatch              :              version: 12.0.1  [OLD VERSION]
20:45:48 INFO  ProfileMatch              :         release-date: 13.10.2021
20:45:48 INFO  ProfileMatch              :     lib root package: "com.facebook.all"  (in app: "androidx.core.view")
20:45:48 INFO  ProfileMatch              : 
20:45:48 INFO  ProfileMatch              :                 name: Facebook
20:45:48 INFO  ProfileMatch              :             category: SocialMedia
20:45:48 INFO  ProfileMatch              :              version: 12.1.0  [OLD VERSION]
20:45:48 INFO  ProfileMatch              :         release-date: 01.11.2021
20:45:48 INFO  ProfileMatch              :     lib root package: "com.facebook.all"  (in app: "androidx.core.view")
20:45:48 INFO  ProfileMatch              : 
20:45:48 INFO  ProfileMatch              :                 name: Facebook
20:45:48 INFO  ProfileMatch              :             category: SocialMedia
20:45:48 INFO  ProfileMatch              :              version: 12.2.0  [OLD VERSION]
20:45:48 INFO  ProfileMatch              :         release-date: 06.12.2021
20:45:48 INFO  ProfileMatch              :     lib root package: "com.facebook.all"  (in app: "androidx.core.view")
20:45:48 INFO  ProfileMatch              : 
20:45:48 INFO  ProfileMatch              :                 name: Facebook
20:45:48 INFO  ProfileMatch              :             category: SocialMedia
20:45:48 INFO  ProfileMatch              :              version: 12.3.0  [OLD VERSION]
20:45:48 INFO  ProfileMatch              :         release-date: 10.01.2022
20:45:48 INFO  ProfileMatch              :     lib root package: "com.facebook.all"  (in app: "androidx.core.view")
20:45:48 INFO  ProfileMatch              : 
20:45:48 INFO  ProfileMatch              :                 name: Facebook
20:45:48 INFO  ProfileMatch              :             category: SocialMedia
20:45:48 INFO  ProfileMatch              :              version: 13.0.0  [OLD VERSION]
20:45:48 INFO  ProfileMatch              :         release-date: 23.02.2022
20:45:48 INFO  ProfileMatch              :     lib root package: "com.facebook.all"  (in app: "androidx.core.view")
20:45:48 INFO  ProfileMatch              : 
20:45:48 INFO  ProfileMatch              :                 name: Facebook
20:45:48 INFO  ProfileMatch              :             category: SocialMedia
20:45:48 INFO  ProfileMatch              :              version: 13.1.0  [OLD VERSION]
20:45:48 INFO  ProfileMatch              :         release-date: 21.03.2022
20:45:48 INFO  ProfileMatch              :     lib root package: "com.facebook.all"  (in app: "androidx.core.view")
20:45:48 INFO  ProfileMatch              : 
20:45:48 INFO  ProfileMatch              :                 name: Facebook
20:45:48 INFO  ProfileMatch              :             category: SocialMedia
20:45:48 INFO  ProfileMatch              :              version: 13.2.0  [OLD VERSION]
20:45:48 INFO  ProfileMatch              :         release-date: 22.04.2022
20:45:48 INFO  ProfileMatch              :     lib root package: "com.facebook.all"  (in app: "androidx.core.view")
20:45:48 INFO  ProfileMatch              : 
20:45:48 INFO  ProfileMatch              :                 name: Facebook
20:45:48 INFO  ProfileMatch              :             category: SocialMedia
20:45:48 INFO  ProfileMatch              :              version: 14.0.0
20:45:48 INFO  ProfileMatch              :         release-date: 14.06.2022
20:45:48 INFO  ProfileMatch              :     lib root package: "com.facebook.all"  (in app: "androidx.core.view")
20:45:48 INFO  ProfileMatch              : 
20:45:48 INFO  ProfileMatch              :                 name: androidx.sqlite::sqlite
20:45:48 INFO  ProfileMatch              :             category: Android
20:45:48 INFO  ProfileMatch              :              version: 2.1.0  [OLD VERSION]
20:45:48 INFO  ProfileMatch              :         release-date:  --
20:45:48 INFO  ProfileMatch              :     lib root package: "androidx.sqlite.db"
20:45:48 INFO  ProfileMatch              : 
20:45:48 INFO  ProfileMatch              :                 name: androidx.legacy::legacy-support-core-utils
20:45:48 INFO  ProfileMatch              :             category: Android
20:45:48 INFO  ProfileMatch              :              version: 1.0.0
20:45:48 INFO  ProfileMatch              :         release-date:  --
20:45:48 INFO  ProfileMatch              :     lib root package: "androidx.legacy.content"
20:45:48 INFO  ProfileMatch              : 
20:45:48 INFO  ProfileMatch              :                 name: com.android.support::documentfile
20:45:48 INFO  ProfileMatch              :             category: Android
20:45:48 INFO  ProfileMatch              :              version: 28.0.0
20:45:48 INFO  ProfileMatch              :         release-date:  --
20:45:48 INFO  ProfileMatch              :     lib root package: "android.support.v4.provider"  (in app: "androidx.documentfile.provider")
20:45:48 INFO  ProfileMatch              : 
20:45:48 INFO  ProfileMatch              :                 name: com.android.support::viewpager
20:45:48 INFO  ProfileMatch              :             category: Android
20:45:48 INFO  ProfileMatch              :              version: 28.0.0
20:45:48 INFO  ProfileMatch              :         release-date:  --
20:45:48 INFO  ProfileMatch              :     lib root package: "android.support.v4.view"  (in app: "androidx.viewpager.widget")
20:45:48 INFO  ProfileMatch              : 
20:45:48 INFO  ProfileMatch              :                 name: com.android.support::cardview-v7
20:45:48 INFO  ProfileMatch              :             category: Android
20:45:48 INFO  ProfileMatch              :              version: 27.1.0  [OLD VERSION]
20:45:48 INFO  ProfileMatch              :         release-date:  --
20:45:48 INFO  ProfileMatch              :     lib root package: "android.support.v7.widget"  (in app: "androidx.cardview.widget")
20:45:48 INFO  ProfileMatch              : 
20:45:48 INFO  ProfileMatch              :                 name: com.android.support::cardview-v7
20:45:48 INFO  ProfileMatch              :             category: Android
20:45:48 INFO  ProfileMatch              :              version: 27.1.1  [OLD VERSION]
20:45:48 INFO  ProfileMatch              :         release-date:  --
20:45:48 INFO  ProfileMatch              :     lib root package: "android.support.v7.widget"  (in app: "androidx.cardview.widget")
20:45:48 INFO  ProfileMatch              : 
20:45:48 INFO  ProfileMatch              :                 name: com.android.support::cardview-v7
20:45:48 INFO  ProfileMatch              :             category: Android
20:45:48 INFO  ProfileMatch              :              version: 28.0.0
20:45:48 INFO  ProfileMatch              :         release-date:  --
20:45:48 INFO  ProfileMatch              :     lib root package: "android.support.v7.widget"  (in app: "androidx.cardview.widget")
20:45:48 INFO  ProfileMatch              : 
20:45:48 INFO  ProfileMatch              :                 name: androidx.localbroadcastmanager::localbroadcastmanager
20:45:48 INFO  ProfileMatch              :             category: Android
20:45:48 INFO  ProfileMatch              :              version: 1.0.0  [OLD VERSION]
20:45:48 INFO  ProfileMatch              :         release-date:  --
20:45:48 INFO  ProfileMatch              :     lib root package: "androidx.localbroadcastmanager.content"
20:45:48 INFO  ProfileMatch              : 
20:45:48 INFO  ProfileMatch              :                 name: androidx.localbroadcastmanager::localbroadcastmanager
20:45:48 INFO  ProfileMatch              :             category: Android
20:45:48 INFO  ProfileMatch              :              version: 1.1.0
20:45:48 INFO  ProfileMatch              :         release-date:  --
20:45:48 INFO  ProfileMatch              :     lib root package: "androidx.localbroadcastmanager.content"
20:45:48 INFO  ProfileMatch              : 
20:45:48 INFO  ProfileMatch              :                 name: androidx.viewpager::viewpager
20:45:48 INFO  ProfileMatch              :             category: Android
20:45:48 INFO  ProfileMatch              :              version: 1.0.0
20:45:48 INFO  ProfileMatch              :         release-date:  --
20:45:48 INFO  ProfileMatch              :     lib root package: "androidx.viewpager.widget"
20:45:48 INFO  ProfileMatch              : 
20:45:49 INFO  LibraryIdentifier         : 
20:45:49 INFO  LibraryIdentifier         : - Partial library matches:
20:45:49 INFO  LibraryIdentifier         :                 name: android.arch.core::common
20:45:49 INFO  LibraryIdentifier         :             category: Android
20:45:49 INFO  LibraryIdentifier         :              version: 1.1.1
20:45:49 INFO  LibraryIdentifier         :         release-date:  --
20:45:49 INFO  LibraryIdentifier         :     lib root package: "android.arch.core"
20:45:49 INFO  LibraryIdentifier         :         Partial matching results:
20:45:49 INFO  LibraryIdentifier         :              - config: Hashing.md5() | Flags: no-flag | Keep: PN | Prune: MSIG   score: 0.875
20:45:49 INFO  LibraryIdentifier         : 
20:45:49 INFO  LibraryIdentifier         :                 name: android.arch.core::runtime
20:45:49 INFO  LibraryIdentifier         :             category: Android
20:45:49 INFO  LibraryIdentifier         :              version: 1.1.0  [OLD VERSION]
20:45:49 INFO  LibraryIdentifier         :         release-date:  --
20:45:49 INFO  LibraryIdentifier         :     lib root package: "android.arch.core"
20:45:49 INFO  LibraryIdentifier         :         Partial matching results:
20:45:49 INFO  LibraryIdentifier         :              - config: Hashing.md5() | Flags: no-flag | Keep: PN | Prune: MSIG   score: 0.9
20:45:49 INFO  LibraryIdentifier         : 
20:45:49 INFO  LibraryIdentifier         : 
20:45:49 INFO  LibraryIdentifier         : App processing time: 52 sec, 171 ms
