17:31:22 INFO  LibraryIdentifier         : Process app: ch.rmy.android.http_shortcuts_1102120001.apk
17:31:22 INFO  LibraryIdentifier         : = Manifest Parser =
17:31:22 INFO  LibraryIdentifier         :         Package name: ch.rmy.android.http_shortcuts
17:31:22 INFO  LibraryIdentifier         :         Version code: 1102120001
17:31:22 INFO  LibraryIdentifier         :        minSdkVersion: 21
17:31:22 INFO  LibraryIdentifier         :     targetSdkVersion: 31
17:31:22 INFO  LibraryIdentifier         :         SharedUserId:  - none -
17:31:22 INFO  LibraryIdentifier         :     Library dependencies:  - none -
17:31:22 INFO  LibraryIdentifier         : 
17:31:22 INFO  LibraryIdentifier         : Found 402 unique libraries in 12405 library profiles
17:31:23 INFO  LibraryIdentifier         : Generated class hierarchy (in 619 ms)
17:31:24 INFO  WalaUtils                 : 
17:31:24 INFO  WalaUtils                 : = ClassHierarchy Stats =
17:31:24 INFO  WalaUtils                 :     # of classes: 5307
17:31:24 INFO  WalaUtils                 :     # thereof inner classes: 2212
17:31:24 INFO  WalaUtils                 :     # thereof public classes: 5307
17:31:24 INFO  WalaUtils                 :         Activity : 35
17:31:24 INFO  WalaUtils                 :         Application : 1
17:31:24 INFO  WalaUtils                 :         AsyncTask : 2
17:31:24 INFO  WalaUtils                 :         BroadcastReceiver : 17
17:31:24 INFO  WalaUtils                 :         ContentProvider : 3
17:31:24 INFO  WalaUtils                 :         Fragment : 1
17:31:24 INFO  WalaUtils                 :         Handler : 6
17:31:24 INFO  WalaUtils                 :         LayoutContainer : 77
17:31:24 INFO  WalaUtils                 :         Plain : 5089
17:31:24 INFO  WalaUtils                 :         Runnable : 0
17:31:24 INFO  WalaUtils                 :         Service : 9
17:31:24 INFO  WalaUtils                 :         Thread : 11
17:31:24 INFO  WalaUtils                 :         View : 56
17:31:24 INFO  WalaUtils                 :     # methods: 26530
17:31:24 INFO  WalaUtils                 :         # of publicly accessible methods: 25503
17:31:24 INFO  WalaUtils                 :         # of non-accessible methods: 1027
17:31:24 INFO  WalaUtils                 : 
17:31:24 INFO  Profile                   : = PackageTree =
17:31:24 INFO  PackageTree               : Root Package: c
17:31:24 INFO  PackageTree               : └── Root
17:31:24 INFO  PackageTree               :     ├── d
17:31:24 INFO  PackageTree               :     │   └── a
17:31:24 INFO  PackageTree               :     │       ├── a
17:31:24 INFO  PackageTree               :     │       │   └── a
17:31:24 INFO  PackageTree               :     │       │       ├── h (40)
17:31:24 INFO  PackageTree               :     │       │       ├── b (14)
17:31:24 INFO  PackageTree               :     │       │       │   ├── e0 (17)
17:31:24 INFO  PackageTree               :     │       │       │   │   ├── r0 (76)
17:31:24 INFO  PackageTree               :     │       │       │   │   ├── s0 (11)
17:31:24 INFO  PackageTree               :     │       │       │   │   ├── p0 (14)
17:31:24 INFO  PackageTree               :     │       │       │   │   ├── k0 (18)
17:31:24 INFO  PackageTree               :     │       │       │   │   ├── n0 (25)
17:31:24 INFO  PackageTree               :     │       │       │   │   ├── o0 (8)
17:31:24 INFO  PackageTree               :     │       │       │   │   ├── q0 (3)
17:31:24 INFO  PackageTree               :     │       │       │   │   ├── l0 (6)
17:31:24 INFO  PackageTree               :     │       │       │   │   └── m0 (4)
17:31:24 INFO  PackageTree               :     │       │       │   ├── g0 (46)
17:31:24 INFO  PackageTree               :     │       │       │   ├── d0 (25)
17:31:24 INFO  PackageTree               :     │       │       │   ├── k0 (7)
17:31:24 INFO  PackageTree               :     │       │       │   │   └── t (6)
17:31:24 INFO  PackageTree               :     │       │       │   ├── l0 (21)
17:31:24 INFO  PackageTree               :     │       │       │   ├── h0 (4)
17:31:24 INFO  PackageTree               :     │       │       │   ├── i0 (4)
17:31:24 INFO  PackageTree               :     │       │       │   ├── f0 (1)
17:31:24 INFO  PackageTree               :     │       │       │   ├── m0 (1)
17:31:24 INFO  PackageTree               :     │       │       │   └── j0 (2)
17:31:24 INFO  PackageTree               :     │       │       ├── e (36)
17:31:24 INFO  PackageTree               :     │       │       ├── m (6)
17:31:24 INFO  PackageTree               :     │       │       │   ├── i (7)
17:31:24 INFO  PackageTree               :     │       │       │   └── h (1)
17:31:24 INFO  PackageTree               :     │       │       │       └── b (94)
17:31:24 INFO  PackageTree               :     │       │       ├── p (18)
17:31:24 INFO  PackageTree               :     │       │       │   └── x (43)
17:31:24 INFO  PackageTree               :     │       │       ├── c (12)
17:31:24 INFO  PackageTree               :     │       │       │   ├── q (5)
17:31:24 INFO  PackageTree               :     │       │       │   │   └── f (9)
17:31:24 INFO  PackageTree               :     │       │       │   ├── p (5)
17:31:24 INFO  PackageTree               :     │       │       │   └── o (2)
17:31:24 INFO  PackageTree               :     │       │       ├── d (50)
17:31:24 INFO  PackageTree               :     │       │       ├── f (15)
17:31:24 INFO  PackageTree               :     │       │       ├── o (38)
17:31:24 INFO  PackageTree               :     │       │       ├── k (6)
17:31:24 INFO  PackageTree               :     │       │       ├── j (21)
17:31:24 INFO  PackageTree               :     │       │       ├── i (17)
17:31:24 INFO  PackageTree               :     │       │       ├── r (2)
17:31:24 INFO  PackageTree               :     │       │       ├── g (9)
17:31:24 INFO  PackageTree               :     │       │       ├── n (1)
17:31:24 INFO  PackageTree               :     │       │       ├── l (1)
17:31:24 INFO  PackageTree               :     │       │       └── q (1)
17:31:24 INFO  PackageTree               :     │       └── b (7)
17:31:24 INFO  PackageTree               :     ├── ch
17:31:24 INFO  PackageTree               :     │   └── rmy
17:31:24 INFO  PackageTree               :     │       └── android
17:31:24 INFO  PackageTree               :     │           └── http_shortcuts (1)
17:31:24 INFO  PackageTree               :     │               ├── activities (14)
17:31:24 INFO  PackageTree               :     │               │   ├── settings (29)
17:31:24 INFO  PackageTree               :     │               │   │   └── globalcode (10)
17:31:24 INFO  PackageTree               :     │               │   ├── editor (10)
17:31:24 INFO  PackageTree               :     │               │   │   ├── headers (5)
17:31:24 INFO  PackageTree               :     │               │   │   ├── advancedsettings (5)
17:31:24 INFO  PackageTree               :     │               │   │   ├── scripting (12)
17:31:24 INFO  PackageTree               :     │               │   │   ├── authentication (4)
17:31:24 INFO  PackageTree               :     │               │   │   ├── shortcuts (4)
17:31:24 INFO  PackageTree               :     │               │   │   ├── body (5)
17:31:24 INFO  PackageTree               :     │               │   │   ├── basicsettings (4)
17:31:24 INFO  PackageTree               :     │               │   │   ├── response (4)
17:31:24 INFO  PackageTree               :     │               │   │   └── executionsettings (3)
17:31:24 INFO  PackageTree               :     │               │   ├── misc (13)
17:31:24 INFO  PackageTree               :     │               │   ├── main (7)
17:31:24 INFO  PackageTree               :     │               │   ├── response (16)
17:31:24 INFO  PackageTree               :     │               │   ├── remote_edit (1)
17:31:24 INFO  PackageTree               :     │               │   ├── variables (7)
17:31:24 INFO  PackageTree               :     │               │   ├── categories (2)
17:31:24 INFO  PackageTree               :     │               │   └── widget (5)
17:31:24 INFO  PackageTree               :     │               ├── data
17:31:24 INFO  PackageTree               :     │               │   └── models (27)
17:31:24 INFO  PackageTree               :     │               ├── utils (2)
17:31:24 INFO  PackageTree               :     │               ├── variables (2)
17:31:24 INFO  PackageTree               :     │               ├── widget (2)
17:31:24 INFO  PackageTree               :     │               ├── plugin (4)
17:31:24 INFO  PackageTree               :     │               ├── views (5)
17:31:24 INFO  PackageTree               :     │               ├── scripting (4)
17:31:24 INFO  PackageTree               :     │               ├── scheduling (2)
17:31:24 INFO  PackageTree               :     │               ├── receivers (1)
17:31:24 INFO  PackageTree               :     │               ├── icons (1)
17:31:24 INFO  PackageTree               :     │               └── tiles (2)
17:31:24 INFO  PackageTree               :     ├── g (12)
17:31:24 INFO  PackageTree               :     │   ├── p (1)
17:31:24 INFO  PackageTree               :     │   │   ├── b (23)
17:31:24 INFO  PackageTree               :     │   │   └── c (25)
17:31:24 INFO  PackageTree               :     │   │       └── y (1)
17:31:24 INFO  PackageTree               :     │   ├── n (14)
17:31:24 INFO  PackageTree               :     │   │   ├── i
17:31:24 INFO  PackageTree               :     │   │   │   └── a (9)
17:31:24 INFO  PackageTree               :     │   │   └── h (1)
17:31:24 INFO  PackageTree               :     │   ├── l (18)
17:31:24 INFO  PackageTree               :     │   ├── u (23)
17:31:24 INFO  PackageTree               :     │   ├── v (22)
17:31:24 INFO  PackageTree               :     │   ├── o (3)
17:31:24 INFO  PackageTree               :     │   │   ├── d (1)
17:31:24 INFO  PackageTree               :     │   │   └── c (1)
17:31:24 INFO  PackageTree               :     │   ├── r (6)
17:31:24 INFO  PackageTree               :     │   │   └── d (1)
17:31:24 INFO  PackageTree               :     │   ├── t (7)
17:31:24 INFO  PackageTree               :     │   ├── s (4)
17:31:24 INFO  PackageTree               :     │   ├── w (3)
17:31:24 INFO  PackageTree               :     │   ├── m (2)
17:31:24 INFO  PackageTree               :     │   └── q (1)
17:31:24 INFO  PackageTree               :     ├── k (33)
17:31:24 INFO  PackageTree               :     │   └── a0 (2)
17:31:24 INFO  PackageTree               :     ├── com
17:31:24 INFO  PackageTree               :     │   ├── facebook
17:31:24 INFO  PackageTree               :     │   │   └── stetho (13)
17:31:24 INFO  PackageTree               :     │   │       ├── inspector (7)
17:31:24 INFO  PackageTree               :     │   │       │   ├── elements (36)
17:31:24 INFO  PackageTree               :     │   │       │   │   └── android (59)
17:31:24 INFO  PackageTree               :     │   │       │   │       └── window (4)
17:31:24 INFO  PackageTree               :     │   │       │   ├── database (18)
17:31:24 INFO  PackageTree               :     │   │       │   ├── console (4)
17:31:24 INFO  PackageTree               :     │   │       │   ├── protocol (2)
17:31:24 INFO  PackageTree               :     │   │       │   │   └── module (147)
17:31:24 INFO  PackageTree               :     │   │       │   ├── screencast (4)
17:31:24 INFO  PackageTree               :     │   │       │   ├── network (39)
17:31:24 INFO  PackageTree               :     │   │       │   ├── jsonrpc (7)
17:31:24 INFO  PackageTree               :     │   │       │   │   └── protocol (6)
17:31:24 INFO  PackageTree               :     │   │       │   ├── helper (8)
17:31:24 INFO  PackageTree               :     │   │       │   ├── domstorage (5)
17:31:24 INFO  PackageTree               :     │   │       │   └── runtime (2)
17:31:24 INFO  PackageTree               :     │   │       ├── server (19)
17:31:24 INFO  PackageTree               :     │   │       │   └── http (16)
17:31:24 INFO  PackageTree               :     │   │       ├── common (22)
17:31:24 INFO  PackageTree               :     │   │       │   └── android (24)
17:31:24 INFO  PackageTree               :     │   │       ├── dumpapp (17)
17:31:24 INFO  PackageTree               :     │   │       │   └── plugins (6)
17:31:24 INFO  PackageTree               :     │   │       ├── json (1)
17:31:24 INFO  PackageTree               :     │   │       │   └── annotation (2)
17:31:24 INFO  PackageTree               :     │   │       ├── websocket (14)
17:31:24 INFO  PackageTree               :     │   │       └── okhttp3 (4)
17:31:24 INFO  PackageTree               :     │   ├── google
17:31:24 INFO  PackageTree               :     │   │   └── android
17:31:24 INFO  PackageTree               :     │   │       └── material
17:31:24 INFO  PackageTree               :     │   │           ├── transformation (10)
17:31:24 INFO  PackageTree               :     │   │           ├── bottomsheet (8)
17:31:24 INFO  PackageTree               :     │   │           ├── tabs (13)
17:31:24 INFO  PackageTree               :     │   │           ├── snackbar (15)
17:31:24 INFO  PackageTree               :     │   │           ├── behavior (6)
17:31:24 INFO  PackageTree               :     │   │           ├── textfield (11)
17:31:24 INFO  PackageTree               :     │   │           ├── button (12)
17:31:24 INFO  PackageTree               :     │   │           ├── appbar (8)
17:31:24 INFO  PackageTree               :     │   │           ├── timepicker (9)
17:31:24 INFO  PackageTree               :     │   │           ├── bottomappbar (5)
17:31:24 INFO  PackageTree               :     │   │           ├── floatingactionbutton (12)
17:31:24 INFO  PackageTree               :     │   │           ├── internal (7)
17:31:24 INFO  PackageTree               :     │   │           ├── chip (8)
17:31:24 INFO  PackageTree               :     │   │           ├── theme (1)
17:31:24 INFO  PackageTree               :     │   │           ├── datepicker (1)
17:31:24 INFO  PackageTree               :     │   │           └── textview (1)
17:31:24 INFO  PackageTree               :     │   ├── yalantis
17:31:24 INFO  PackageTree               :     │   │   └── ucrop (24)
17:31:24 INFO  PackageTree               :     │   │       ├── task (3)
17:31:24 INFO  PackageTree               :     │   │       ├── view (15)
17:31:24 INFO  PackageTree               :     │   │       │   └── widget (3)
17:31:24 INFO  PackageTree               :     │   │       ├── util (14)
17:31:24 INFO  PackageTree               :     │   │       ├── model (5)
17:31:24 INFO  PackageTree               :     │   │       └── callback (4)
17:31:24 INFO  PackageTree               :     │   ├── franmontiel
17:31:24 INFO  PackageTree               :     │   │   └── persistentcookiejar (2)
17:31:24 INFO  PackageTree               :     │   │       ├── cache (4)
17:31:24 INFO  PackageTree               :     │   │       └── persistence (3)
17:31:24 INFO  PackageTree               :     │   ├── afollestad
17:31:24 INFO  PackageTree               :     │   │   └── materialdialogs
17:31:24 INFO  PackageTree               :     │   │       └── internal
17:31:24 INFO  PackageTree               :     │   │           ├── button (4)
17:31:24 INFO  PackageTree               :     │   │           ├── main (4)
17:31:24 INFO  PackageTree               :     │   │           ├── list (3)
17:31:24 INFO  PackageTree               :     │   │           ├── rtl (1)
17:31:24 INFO  PackageTree               :     │   │           └── message (2)
17:31:24 INFO  PackageTree               :     │   ├── joaomgcd
17:31:24 INFO  PackageTree               :     │   │   └── taskerpluginlibrary
17:31:24 INFO  PackageTree               :     │   │       ├── condition (15)
17:31:24 INFO  PackageTree               :     │   │       ├── action (9)
17:31:24 INFO  PackageTree               :     │   │       └── output (2)
17:31:24 INFO  PackageTree               :     │   ├── skydoves
17:31:24 INFO  PackageTree               :     │   │   └── colorpickerview (2)
17:31:24 INFO  PackageTree               :     │   │       └── sliders (2)
17:31:24 INFO  PackageTree               :     │   └── squareup
17:31:24 INFO  PackageTree               :     │       └── picasso (1)
17:31:24 INFO  PackageTree               :     ├── androidx
17:31:24 INFO  PackageTree               :     │   ├── appcompat
17:31:24 INFO  PackageTree               :     │   │   ├── widget (72)
17:31:24 INFO  PackageTree               :     │   │   ├── view
17:31:24 INFO  PackageTree               :     │   │   │   └── menu (5)
17:31:24 INFO  PackageTree               :     │   │   └── app (6)
17:31:24 INFO  PackageTree               :     │   ├── recyclerview
17:31:24 INFO  PackageTree               :     │   │   └── widget (60)
17:31:24 INFO  PackageTree               :     │   ├── fragment
17:31:24 INFO  PackageTree               :     │   │   └── app (16)
17:31:24 INFO  PackageTree               :     │   ├── preference (44)
17:31:24 INFO  PackageTree               :     │   │   └── internal (1)
17:31:24 INFO  PackageTree               :     │   ├── coordinatorlayout
17:31:24 INFO  PackageTree               :     │   │   └── widget (11)
17:31:24 INFO  PackageTree               :     │   ├── work (16)
17:31:24 INFO  PackageTree               :     │   │   └── impl (3)
17:31:24 INFO  PackageTree               :     │   │       ├── background
17:31:24 INFO  PackageTree               :     │   │       │   ├── systemjob (1)
17:31:24 INFO  PackageTree               :     │   │       │   └── systemalarm (9)
17:31:24 INFO  PackageTree               :     │   │       ├── diagnostics (1)
17:31:24 INFO  PackageTree               :     │   │       ├── workers (4)
17:31:24 INFO  PackageTree               :     │   │       ├── foreground (2)
17:31:24 INFO  PackageTree               :     │   │       └── utils (2)
17:31:24 INFO  PackageTree               :     │   ├── emoji2
17:31:24 INFO  PackageTree               :     │   │   └── text (5)
17:31:24 INFO  PackageTree               :     │   ├── viewpager
17:31:24 INFO  PackageTree               :     │   │   └── widget (14)
17:31:24 INFO  PackageTree               :     │   ├── room (3)
17:31:24 INFO  PackageTree               :     │   ├── annotation (1)
17:31:24 INFO  PackageTree               :     │   ├── lifecycle (17)
17:31:24 INFO  PackageTree               :     │   ├── activity (15)
17:31:24 INFO  PackageTree               :     │   │   └── result (6)
17:31:24 INFO  PackageTree               :     │   ├── core
17:31:24 INFO  PackageTree               :     │   │   ├── app (4)
17:31:24 INFO  PackageTree               :     │   │   ├── graphics
17:31:24 INFO  PackageTree               :     │   │   │   └── drawable (2)
17:31:24 INFO  PackageTree               :     │   │   ├── content (3)
17:31:24 INFO  PackageTree               :     │   │   └── widget (5)
17:31:24 INFO  PackageTree               :     │   ├── savedstate (3)
17:31:24 INFO  PackageTree               :     │   ├── constraintlayout
17:31:24 INFO  PackageTree               :     │   │   └── widget (6)
17:31:24 INFO  PackageTree               :     │   ├── cardview
17:31:24 INFO  PackageTree               :     │   │   └── widget (2)
17:31:24 INFO  PackageTree               :     │   ├── versionedparcelable (3)
17:31:24 INFO  PackageTree               :     │   ├── viewpager2
17:31:24 INFO  PackageTree               :     │   │   └── adapter (3)
17:31:24 INFO  PackageTree               :     │   └── startup (1)
17:31:24 INFO  PackageTree               :     ├── c
17:31:24 INFO  PackageTree               :     │   ├── h (1)
17:31:24 INFO  PackageTree               :     │   │   ├── g (19)
17:31:24 INFO  PackageTree               :     │   │   ├── j (72)
17:31:24 INFO  PackageTree               :     │   │   │   ├── e0 (11)
17:31:24 INFO  PackageTree               :     │   │   │   └── f0 (9)
17:31:24 INFO  PackageTree               :     │   │   ├── i (5)
17:31:24 INFO  PackageTree               :     │   │   ├── k (11)
17:31:24 INFO  PackageTree               :     │   │   ├── d (14)
17:31:24 INFO  PackageTree               :     │   │   │   └── m (5)
17:31:24 INFO  PackageTree               :     │   │   ├── c (6)
17:31:24 INFO  PackageTree               :     │   │   │   └── b (17)
17:31:24 INFO  PackageTree               :     │   │   ├── b (19)
17:31:24 INFO  PackageTree               :     │   │   ├── h (11)
17:31:24 INFO  PackageTree               :     │   │   ├── e
17:31:24 INFO  PackageTree               :     │   │   │   └── a (3)
17:31:24 INFO  PackageTree               :     │   │   └── f (3)
17:31:24 INFO  PackageTree               :     │   ├── b (2)
17:31:24 INFO  PackageTree               :     │   │   ├── c (57)
17:31:24 INFO  PackageTree               :     │   │   ├── d
17:31:24 INFO  PackageTree               :     │   │   │   └── a (14)
17:31:24 INFO  PackageTree               :     │   │   ├── f (1)
17:31:24 INFO  PackageTree               :     │   │   ├── h (95)
17:31:24 INFO  PackageTree               :     │   │   ├── g (13)
17:31:24 INFO  PackageTree               :     │   │   │   └── i (38)
17:31:24 INFO  PackageTree               :     │   │   └── e (3)
17:31:24 INFO  PackageTree               :     │   ├── m (1)
17:31:24 INFO  PackageTree               :     │   │   └── b (87)
17:31:24 INFO  PackageTree               :     │   │       └── t0 (16)
17:31:24 INFO  PackageTree               :     │   ├── x (56)
17:31:24 INFO  PackageTree               :     │   ├── c0 (37)
17:31:24 INFO  PackageTree               :     │   │   └── z (26)
17:31:24 INFO  PackageTree               :     │   │       ├── s (37)
17:31:24 INFO  PackageTree               :     │   │       ├── p
17:31:24 INFO  PackageTree               :     │   │       │   ├── c (2)
17:31:24 INFO  PackageTree               :     │   │       │   ├── b (10)
17:31:24 INFO  PackageTree               :     │   │       │   └── a (3)
17:31:24 INFO  PackageTree               :     │   │       ├── t (24)
17:31:24 INFO  PackageTree               :     │   │       │   ├── s (12)
17:31:24 INFO  PackageTree               :     │   │       │   └── t (3)
17:31:24 INFO  PackageTree               :     │   │       ├── r (6)
17:31:24 INFO  PackageTree               :     │   │       ├── q (4)
17:31:24 INFO  PackageTree               :     │   │       │   ├── f (11)
17:31:24 INFO  PackageTree               :     │   │       │   └── e (9)
17:31:24 INFO  PackageTree               :     │   │       └── u (1)
17:31:24 INFO  PackageTree               :     │   ├── k
17:31:24 INFO  PackageTree               :     │   │   ├── a (29)
17:31:24 INFO  PackageTree               :     │   │   │   └── q (4)
17:31:24 INFO  PackageTree               :     │   │   └── b (17)
17:31:24 INFO  PackageTree               :     │   ├── o (50)
17:31:24 INFO  PackageTree               :     │   ├── e (15)
17:31:24 INFO  PackageTree               :     │   ├── t (21)
17:31:24 INFO  PackageTree               :     │   │   ├── l (7)
17:31:24 INFO  PackageTree               :     │   │   └── k (1)
17:31:24 INFO  PackageTree               :     │   ├── s (1)
17:31:24 INFO  PackageTree               :     │   │   └── b (61)
17:31:24 INFO  PackageTree               :     │   ├── u (5)
17:31:24 INFO  PackageTree               :     │   ├── y
17:31:24 INFO  PackageTree               :     │   │   └── a
17:31:24 INFO  PackageTree               :     │   │       └── a (18)
17:31:24 INFO  PackageTree               :     │   ├── r (32)
17:31:24 INFO  PackageTree               :     │   ├── j
17:31:24 INFO  PackageTree               :     │   │   ├── b (11)
17:31:24 INFO  PackageTree               :     │   │   └── a (3)
17:31:24 INFO  PackageTree               :     │   ├── f
17:31:24 INFO  PackageTree               :     │   │   ├── b
17:31:24 INFO  PackageTree               :     │   │   │   └── a (9)
17:31:24 INFO  PackageTree               :     │   │   ├── c (20)
17:31:24 INFO  PackageTree               :     │   │   └── a (11)
17:31:24 INFO  PackageTree               :     │   │       ├── j (12)
17:31:24 INFO  PackageTree               :     │   │       │   └── l (19)
17:31:24 INFO  PackageTree               :     │   │       └── i
17:31:24 INFO  PackageTree               :     │   │           └── a (1)
17:31:24 INFO  PackageTree               :     │   ├── l
17:31:24 INFO  PackageTree               :     │   │   └── a (7)
17:31:24 INFO  PackageTree               :     │   ├── c
17:31:24 INFO  PackageTree               :     │   │   └── a
17:31:24 INFO  PackageTree               :     │   │       ├── a (5)
17:31:24 INFO  PackageTree               :     │   │       ├── b (8)
17:31:24 INFO  PackageTree               :     │   │       └── c (1)
17:31:24 INFO  PackageTree               :     │   ├── v
17:31:24 INFO  PackageTree               :     │   │   └── a (8)
17:31:24 INFO  PackageTree               :     │   │       └── f (9)
17:31:24 INFO  PackageTree               :     │   ├── a (3)
17:31:24 INFO  PackageTree               :     │   │   ├── e (7)
17:31:24 INFO  PackageTree               :     │   │   │   └── f (4)
17:31:24 INFO  PackageTree               :     │   │   └── d (2)
17:31:24 INFO  PackageTree               :     │   ├── p
17:31:24 INFO  PackageTree               :     │   │   └── a (5)
17:31:24 INFO  PackageTree               :     │   ├── g (1)
17:31:24 INFO  PackageTree               :     │   │   └── b (2)
17:31:24 INFO  PackageTree               :     │   ├── n
17:31:24 INFO  PackageTree               :     │   │   └── a
17:31:24 INFO  PackageTree               :     │   │       └── a (4)
17:31:24 INFO  PackageTree               :     │   ├── z (3)
17:31:24 INFO  PackageTree               :     │   ├── d (2)
17:31:24 INFO  PackageTree               :     │   │   └── c (5)
17:31:24 INFO  PackageTree               :     │   ├── q (5)
17:31:24 INFO  PackageTree               :     │   ├── i
17:31:24 INFO  PackageTree               :     │   │   └── a (6)
17:31:24 INFO  PackageTree               :     │   ├── w (3)
17:31:24 INFO  PackageTree               :     │   ├── b0
17:31:24 INFO  PackageTree               :     │   │   └── a (2)
17:31:24 INFO  PackageTree               :     │   └── a0 (1)
17:31:24 INFO  PackageTree               :     ├── b
17:31:24 INFO  PackageTree               :     │   ├── f
17:31:24 INFO  PackageTree               :     │   │   ├── a
17:31:24 INFO  PackageTree               :     │   │   │   └── a (2)
17:31:24 INFO  PackageTree               :     │   │   │       ├── n (46)
17:31:24 INFO  PackageTree               :     │   │   │       ├── b0 (38)
17:31:24 INFO  PackageTree               :     │   │   │       ├── d0 (7)
17:31:24 INFO  PackageTree               :     │   │   │       ├── d (11)
17:31:24 INFO  PackageTree               :     │   │   │       ├── j (2)
17:31:24 INFO  PackageTree               :     │   │   │       ├── s (21)
17:31:24 INFO  PackageTree               :     │   │   │       ├── e (3)
17:31:24 INFO  PackageTree               :     │   │   │       ├── y (18)
17:31:24 INFO  PackageTree               :     │   │   │       ├── x (25)
17:31:24 INFO  PackageTree               :     │   │   │       ├── g (8)
17:31:24 INFO  PackageTree               :     │   │   │       ├── o (1)
17:31:24 INFO  PackageTree               :     │   │   │       ├── r (19)
17:31:24 INFO  PackageTree               :     │   │   │       ├── c (10)
17:31:24 INFO  PackageTree               :     │   │   │       ├── u (6)
17:31:24 INFO  PackageTree               :     │   │   │       ├── m (7)
17:31:24 INFO  PackageTree               :     │   │   │       │   └── d (1)
17:31:24 INFO  PackageTree               :     │   │   │       ├── t (1)
17:31:24 INFO  PackageTree               :     │   │   │       ├── h (3)
17:31:24 INFO  PackageTree               :     │   │   │       ├── w (2)
17:31:24 INFO  PackageTree               :     │   │   │       ├── e0 (5)
17:31:24 INFO  PackageTree               :     │   │   │       ├── a0 (4)
17:31:24 INFO  PackageTree               :     │   │   │       ├── z (2)
17:31:24 INFO  PackageTree               :     │   │   │       ├── l (3)
17:31:24 INFO  PackageTree               :     │   │   │       ├── q (2)
17:31:24 INFO  PackageTree               :     │   │   │       ├── c0
17:31:24 INFO  PackageTree               :     │   │   │       │   └── a (1)
17:31:24 INFO  PackageTree               :     │   │   │       ├── f (1)
17:31:24 INFO  PackageTree               :     │   │   │       ├── p (1)
17:31:24 INFO  PackageTree               :     │   │   │       ├── k (1)
17:31:24 INFO  PackageTree               :     │   │   │       ├── i (1)
17:31:24 INFO  PackageTree               :     │   │   │       └── v (1)
17:31:24 INFO  PackageTree               :     │   │   ├── c (38)
17:31:24 INFO  PackageTree               :     │   │   │   ├── e0 (40)
17:31:24 INFO  PackageTree               :     │   │   │   │   ├── b0 (3)
17:31:24 INFO  PackageTree               :     │   │   │   │   └── a0 (67)
17:31:24 INFO  PackageTree               :     │   │   │   │       └── u (1)
17:31:24 INFO  PackageTree               :     │   │   │   ├── d0 (2)
17:31:24 INFO  PackageTree               :     │   │   │   ├── g0 (5)
17:31:24 INFO  PackageTree               :     │   │   │   └── f0 (1)
17:31:24 INFO  PackageTree               :     │   │   └── b
17:31:24 INFO  PackageTree               :     │   │       └── a
17:31:24 INFO  PackageTree               :     │   │           └── a (1)
17:31:24 INFO  PackageTree               :     │   ├── b
17:31:24 INFO  PackageTree               :     │   │   └── a (2)
17:31:24 INFO  PackageTree               :     │   │       ├── e (6)
17:31:24 INFO  PackageTree               :     │   │       ├── a (18)
17:31:24 INFO  PackageTree               :     │   │       ├── g (21)
17:31:24 INFO  PackageTree               :     │   │       ├── f (9)
17:31:24 INFO  PackageTree               :     │   │       ├── h (4)
17:31:24 INFO  PackageTree               :     │   │       │   └── e (7)
17:31:24 INFO  PackageTree               :     │   │       └── d (1)
17:31:24 INFO  PackageTree               :     │   ├── a
17:31:24 INFO  PackageTree               :     │   │   └── a (9)
17:31:24 INFO  PackageTree               :     │   │       ├── l (1)
17:31:24 INFO  PackageTree               :     │   │       ├── j (7)
17:31:24 INFO  PackageTree               :     │   │       ├── h (1)
17:31:24 INFO  PackageTree               :     │   │       ├── m (3)
17:31:24 INFO  PackageTree               :     │   │       ├── k
17:31:24 INFO  PackageTree               :     │   │       │   ├── a (1)
17:31:24 INFO  PackageTree               :     │   │       │   └── b (1)
17:31:24 INFO  PackageTree               :     │   │       └── i (1)
17:31:24 INFO  PackageTree               :     │   ├── h
17:31:24 INFO  PackageTree               :     │   │   └── a (61)
17:31:24 INFO  PackageTree               :     │   ├── d
17:31:24 INFO  PackageTree               :     │   │   └── a
17:31:24 INFO  PackageTree               :     │   │       └── a (3)
17:31:24 INFO  PackageTree               :     │   │           └── c (9)
17:31:24 INFO  PackageTree               :     │   ├── i
17:31:24 INFO  PackageTree               :     │   │   └── a (8)
17:31:24 INFO  PackageTree               :     │   ├── g
17:31:24 INFO  PackageTree               :     │   │   └── a (10)
17:31:24 INFO  PackageTree               :     │   │       ├── o (3)
17:31:24 INFO  PackageTree               :     │   │       ├── k (1)
17:31:24 INFO  PackageTree               :     │   │       ├── m (3)
17:31:24 INFO  PackageTree               :     │   │       ├── l (2)
17:31:24 INFO  PackageTree               :     │   │       └── n (1)
17:31:24 INFO  PackageTree               :     │   ├── e
17:31:24 INFO  PackageTree               :     │   │   └── a (10)
17:31:24 INFO  PackageTree               :     │   └── c
17:31:24 INFO  PackageTree               :     │       └── a
17:31:24 INFO  PackageTree               :     │           └── a (1)
17:31:24 INFO  PackageTree               :     ├── org
17:31:24 INFO  PackageTree               :     │   ├── conscrypt (274)
17:31:24 INFO  PackageTree               :     │   │   ├── ct (19)
17:31:24 INFO  PackageTree               :     │   │   └── io (1)
17:31:24 INFO  PackageTree               :     │   ├── liquidplayer
17:31:24 INFO  PackageTree               :     │   │   ├── javascript (68)
17:31:24 INFO  PackageTree               :     │   │   └── node (4)
17:31:24 INFO  PackageTree               :     │   └── bson
17:31:24 INFO  PackageTree               :     │       └── types (2)
17:31:24 INFO  PackageTree               :     ├── f
17:31:24 INFO  PackageTree               :     │   ├── a (22)
17:31:24 INFO  PackageTree               :     │   │   ├── y
17:31:24 INFO  PackageTree               :     │   │   │   ├── e
17:31:24 INFO  PackageTree               :     │   │   │   │   ├── f (34)
17:31:24 INFO  PackageTree               :     │   │   │   │   ├── b (5)
17:31:24 INFO  PackageTree               :     │   │   │   │   ├── e (39)
17:31:24 INFO  PackageTree               :     │   │   │   │   ├── a (24)
17:31:24 INFO  PackageTree               :     │   │   │   │   ├── d (3)
17:31:24 INFO  PackageTree               :     │   │   │   │   └── c (3)
17:31:24 INFO  PackageTree               :     │   │   │   ├── b (8)
17:31:24 INFO  PackageTree               :     │   │   │   ├── g (24)
17:31:24 INFO  PackageTree               :     │   │   │   ├── f (2)
17:31:24 INFO  PackageTree               :     │   │   │   ├── d (10)
17:31:24 INFO  PackageTree               :     │   │   │   ├── c (4)
17:31:24 INFO  PackageTree               :     │   │   │   ├── h (10)
17:31:24 INFO  PackageTree               :     │   │   │   └── a (5)
17:31:24 INFO  PackageTree               :     │   │   ├── b0 (9)
17:31:24 INFO  PackageTree               :     │   │   ├── w (8)
17:31:24 INFO  PackageTree               :     │   │   ├── u
17:31:24 INFO  PackageTree               :     │   │   │   └── a (5)
17:31:24 INFO  PackageTree               :     │   │   ├── a0 (6)
17:31:24 INFO  PackageTree               :     │   │   ├── c0 (7)
17:31:24 INFO  PackageTree               :     │   │   ├── v (4)
17:31:24 INFO  PackageTree               :     │   │   ├── x (5)
17:31:24 INFO  PackageTree               :     │   │   └── z (1)
17:31:24 INFO  PackageTree               :     │   └── b (129)
17:31:24 INFO  PackageTree               :     │       ├── m2 (15)
17:31:24 INFO  PackageTree               :     │       ├── l2 (23)
17:31:24 INFO  PackageTree               :     │       │   ├── s (2)
17:31:24 INFO  PackageTree               :     │       │   ├── t (2)
17:31:24 INFO  PackageTree               :     │       │   ├── r (1)
17:31:24 INFO  PackageTree               :     │       │   └── u (1)
17:31:24 INFO  PackageTree               :     │       ├── k2 (2)
17:31:24 INFO  PackageTree               :     │       └── l1 (1)
17:31:24 INFO  PackageTree               :     ├── j (69)
17:31:24 INFO  PackageTree               :     │   └── m0 (3)
17:31:24 INFO  PackageTree               :     │       ├── e (14)
17:31:24 INFO  PackageTree               :     │       ├── j (40)
17:31:24 INFO  PackageTree               :     │       ├── h (11)
17:31:24 INFO  PackageTree               :     │       ├── l (17)
17:31:24 INFO  PackageTree               :     │       │   └── i (17)
17:31:24 INFO  PackageTree               :     │       ├── i (8)
17:31:24 INFO  PackageTree               :     │       ├── g (20)
17:31:24 INFO  PackageTree               :     │       ├── n (5)
17:31:24 INFO  PackageTree               :     │       ├── f (8)
17:31:24 INFO  PackageTree               :     │       ├── k (2)
17:31:24 INFO  PackageTree               :     │       ├── d (1)
17:31:24 INFO  PackageTree               :     │       └── m (1)
17:31:24 INFO  PackageTree               :     ├── h
17:31:24 INFO  PackageTree               :     │   └── a (68)
17:31:24 INFO  PackageTree               :     │       ├── k1 (3)
17:31:24 INFO  PackageTree               :     │       ├── m1 (26)
17:31:24 INFO  PackageTree               :     │       ├── n1 (15)
17:31:24 INFO  PackageTree               :     │       └── l1 (1)
17:31:24 INFO  PackageTree               :     ├── io
17:31:24 INFO  PackageTree               :     │   └── realm (7)
17:31:24 INFO  PackageTree               :     │       ├── exceptions (6)
17:31:24 INFO  PackageTree               :     │       ├── internal (43)
17:31:24 INFO  PackageTree               :     │       │   ├── android (1)
17:31:24 INFO  PackageTree               :     │       │   ├── objectstore (2)
17:31:24 INFO  PackageTree               :     │       │   ├── async (1)
17:31:24 INFO  PackageTree               :     │       │   └── core (1)
17:31:24 INFO  PackageTree               :     │       ├── log (2)
17:31:24 INFO  PackageTree               :     │       └── annotations (1)
17:31:24 INFO  PackageTree               :     ├── l
17:31:24 INFO  PackageTree               :     │   ├── a
17:31:24 INFO  PackageTree               :     │   │   └── a
17:31:24 INFO  PackageTree               :     │   │       └── a (13)
17:31:24 INFO  PackageTree               :     │   └── b
17:31:24 INFO  PackageTree               :     │       └── a (1)
17:31:24 INFO  PackageTree               :     ├── fr
17:31:24 INFO  PackageTree               :     │   └── castorflex
17:31:24 INFO  PackageTree               :     │       └── android
17:31:24 INFO  PackageTree               :     │           └── circularprogressbar (1)
17:31:24 INFO  PackageTree               :     ├── e
17:31:24 INFO  PackageTree               :     │   └── a
17:31:24 INFO  PackageTree               :     │       └── a
17:31:24 INFO  PackageTree               :     │           └── a (10)
17:31:24 INFO  PackageTree               :     ├── kotlinx
17:31:24 INFO  PackageTree               :     │   └── coroutines (2)
17:31:24 INFO  PackageTree               :     │       ├── android (2)
17:31:24 INFO  PackageTree               :     │       └── internal (1)
17:31:24 INFO  PackageTree               :     ├── okhttp3
17:31:24 INFO  PackageTree               :     │   └── internal
17:31:24 INFO  PackageTree               :     │       └── publicsuffix (2)
17:31:24 INFO  PackageTree               :     ├── android
17:31:24 INFO  PackageTree               :     │   └── support
17:31:24 INFO  PackageTree               :     │       └── v4
17:31:24 INFO  PackageTree               :     │           ├── graphics
17:31:24 INFO  PackageTree               :     │           │   └── drawable (1)
17:31:24 INFO  PackageTree               :     │           └── app (1)
17:31:24 INFO  PackageTree               :     ├── net
17:31:24 INFO  PackageTree               :     │   └── dinglisch
17:31:24 INFO  PackageTree               :     │       └── android
17:31:24 INFO  PackageTree               :     │           └── tasker (1)
17:31:24 INFO  PackageTree               :     ├── i
17:31:24 INFO  PackageTree               :     │   └── a
17:31:24 INFO  PackageTree               :     │       └── a
17:31:24 INFO  PackageTree               :     │           └── a (1)
17:31:24 INFO  PackageTree               :     └── kotlin (1)
17:31:24 INFO  Profile                   : 
17:31:24 INFO  AppProfile                : - generated app package tree (in 52 ms)
17:31:24 INFO  AppProfile                : 
17:31:24 DEBUG HashTree                  : Generate hash tree..
17:31:24 DEBUG HashTree                  :     - generated 423 package hashes.
17:31:24 DEBUG HashTree                  :     - generated 5129 clazz hashes.
17:31:24 DEBUG HashTree                  :     - generated 26530 method hashes.
17:31:24 DEBUG HashTree                  :     => Library Hash: d21044c5d9ff347208f74f4409977eaf
17:31:24 INFO  AppProfile                : - generated app hash trees (in 365 ms)
17:31:24 INFO  AppProfile                : 
17:31:24 INFO  LibraryIdentifier         : = Scan for library root packages (heuristic) =
17:31:24 INFO  LibraryIdentifier         :     - Found lib root package com.facebook  (Facebook)
17:31:24 INFO  LibraryIdentifier         :     - Found lib root package com.facebook  (Facebook-Core)
17:31:24 INFO  LibraryIdentifier         :     - Found lib root package com.facebook  (Facebook-Sharing)
17:31:24 INFO  LibraryIdentifier         :     - Found lib root package okhttp3  (OkHttp)
17:31:24 INFO  LibraryIdentifier         :     - Found lib root package com.squareup.picasso  (Picasso)
17:31:24 INFO  LibraryIdentifier         :     - Found lib root package com.facebook.stetho  (Stetho)
17:31:24 INFO  LibraryIdentifier         :     - Found lib root package androidx.work  (android.arch.work::work-runtime)
17:31:24 INFO  LibraryIdentifier         :     - Found lib root package androidx.work  (android.arch.work::work-runtime-ktx)
17:31:24 INFO  LibraryIdentifier         :     - Found lib root package androidx.annotation  (androidx.annotation::annotation)
17:31:24 INFO  LibraryIdentifier         :     - Found lib root package androidx.appcompat  (androidx.appcompat::appcompat)
17:31:24 INFO  LibraryIdentifier         :     - Found lib root package androidx.cardview.widget  (androidx.cardview::cardview)
17:31:24 INFO  LibraryIdentifier         :     - Found lib root package androidx.constraintlayout.widget  (androidx.constraintlayout::constraintlayout)
17:31:24 INFO  LibraryIdentifier         :     - Found lib root package androidx.coordinatorlayout.widget  (androidx.coordinatorlayout::coordinatorlayout)
17:31:24 INFO  LibraryIdentifier         :     - Found lib root package androidx.core  (androidx.core::core)
17:31:24 INFO  LibraryIdentifier         :     - Found lib root package androidx  (androidx.core::core-ktx)
17:31:24 INFO  LibraryIdentifier         :     - Found lib root package androidx.fragment.app  (androidx.fragment::fragment)
17:31:24 INFO  LibraryIdentifier         :     - Found lib root package androidx.fragment.app  (androidx.fragment::fragment-ktx)
17:31:24 INFO  LibraryIdentifier         :     - Found lib root package androidx.lifecycle  (androidx.lifecycle::lifecycle-common)
17:31:24 INFO  LibraryIdentifier         :     - Found lib root package androidx.lifecycle  (androidx.lifecycle::lifecycle-common-java8)
17:31:24 INFO  LibraryIdentifier         :     - Found lib root package androidx.lifecycle  (androidx.lifecycle::lifecycle-compiler)
17:31:24 INFO  LibraryIdentifier         :     - Found lib root package androidx.lifecycle  (androidx.lifecycle::lifecycle-extensions)
17:31:24 INFO  LibraryIdentifier         :     - Found lib root package androidx.lifecycle  (androidx.lifecycle::lifecycle-livedata)
17:31:24 INFO  LibraryIdentifier         :     - Found lib root package androidx.lifecycle  (androidx.lifecycle::lifecycle-livedata-core)
17:31:24 INFO  LibraryIdentifier         :     - Found lib root package androidx.lifecycle  (androidx.lifecycle::lifecycle-process)
17:31:24 INFO  LibraryIdentifier         :     - Found lib root package androidx.lifecycle  (androidx.lifecycle::lifecycle-reactivestreams)
17:31:24 INFO  LibraryIdentifier         :     - Found lib root package androidx.lifecycle  (androidx.lifecycle::lifecycle-reactivestreams-ktx)
17:31:24 INFO  LibraryIdentifier         :     - Found lib root package androidx.lifecycle  (androidx.lifecycle::lifecycle-runtime)
17:31:24 INFO  LibraryIdentifier         :     - Found lib root package androidx.lifecycle  (androidx.lifecycle::lifecycle-service)
17:31:24 INFO  LibraryIdentifier         :     - Found lib root package androidx.lifecycle  (androidx.lifecycle::lifecycle-viewmodel)
17:31:24 INFO  LibraryIdentifier         :     - Found lib root package androidx.lifecycle  (androidx.lifecycle::lifecycle-viewmodel-ktx)
17:31:24 INFO  LibraryIdentifier         :     - Found lib root package androidx.preference  (androidx.preference::preference)
17:31:24 INFO  LibraryIdentifier         :     - Found lib root package androidx.preference  (androidx.preference::preference-ktx)
17:31:24 INFO  LibraryIdentifier         :     - Found lib root package androidx.recyclerview.widget  (androidx.recyclerview::recyclerview)
17:31:24 INFO  LibraryIdentifier         :     - Found lib root package androidx.room  (androidx.room::room-common)
17:31:24 INFO  LibraryIdentifier         :     - Found lib root package androidx.room  (androidx.room::room-compiler)
17:31:24 INFO  LibraryIdentifier         :     - Found lib root package androidx.room  (androidx.room::room-runtime)
17:31:24 INFO  LibraryIdentifier         :     - Found lib root package androidx.room  (androidx.room::room-rxjava2)
17:31:24 INFO  LibraryIdentifier         :     - Found lib root package androidx.versionedparcelable  (androidx.versionedparcelable::versionedparcelable)
17:31:24 INFO  LibraryIdentifier         :     - Found lib root package androidx.viewpager.widget  (androidx.viewpager::viewpager)
17:31:24 INFO  LibraryIdentifier         :     - Found lib root package android.support.v4  (com.android.support::customview)
17:31:24 INFO  LibraryIdentifier         :     - Found lib root package android.support.v4  (com.android.support::loader)
17:31:24 INFO  LibraryIdentifier         :     - Found lib root package android.support.v4  (com.android.support::support-compat)
17:31:24 INFO  LibraryIdentifier         :     - Found lib root package android.support.v4  (com.android.support::support-core-ui)
17:31:24 INFO  LibraryIdentifier         :     - Found lib root package android.support.v4  (com.android.support::support-core-utils)
17:31:24 INFO  LibraryIdentifier         :     - Found lib root package android.support.v4.app  (com.android.support::support-fragment)
17:31:24 INFO  LibraryIdentifier         :     - Found lib root package android.support.v4  (com.android.support::support-v4)
17:31:24 INFO  LibraryIdentifier         :     - Found lib root package androidx.versionedparcelable  (com.android.support::versionedparcelable)
17:31:24 INFO  LibraryIdentifier         :     - Found lib root package com.google.android.material  (com.google.android.material::material)
17:31:24 INFO  LibraryIdentifier         :     - Found lib root package com.yalantis.ucrop  (uCrop)
17:31:24 INFO  LibraryIdentifier         : 
17:31:24 INFO  LibraryIdentifier         : = Match profiles =
17:32:35 INFO  LibraryIdentifier         :     >> profile matching done (1 min, 11 sec, 488 ms)
17:32:35 INFO  LibraryIdentifier         : 
17:32:35 INFO  LibraryIdentifier         : == Report ==
17:32:35 INFO  LibraryIdentifier         : - Full library matches:
17:32:36 INFO  ProfileMatch              :                 name: com.google.firebase::firebase-ml-vision-image-label-model
17:32:36 INFO  ProfileMatch              :             category: Android
17:32:36 INFO  ProfileMatch              :              version: 20.0.0  [OLD VERSION]
17:32:36 INFO  ProfileMatch              :         release-date:  --
17:32:36 INFO  ProfileMatch              :     lib root package: "com.google.firebase.ml.vision.imagelabel"  (in app: "b.a.a.k.a")
17:32:36 INFO  ProfileMatch              : 
17:32:36 INFO  ProfileMatch              :                 name: com.google.firebase::firebase-ml-vision-image-label-model
17:32:36 INFO  ProfileMatch              :             category: Android
17:32:36 INFO  ProfileMatch              :              version: 20.0.1  [OLD VERSION]
17:32:36 INFO  ProfileMatch              :         release-date:  --
17:32:36 INFO  ProfileMatch              :     lib root package: "com.google.firebase.ml.vision.imagelabel"  (in app: "b.a.a.k.a")
17:32:36 INFO  ProfileMatch              : 
17:32:36 INFO  ProfileMatch              :                 name: com.google.firebase::firebase-ml-vision-image-label-model
17:32:36 INFO  ProfileMatch              :             category: Android
17:32:36 INFO  ProfileMatch              :              version: 20.0.2
17:32:36 INFO  ProfileMatch              :         release-date:  --
17:32:36 INFO  ProfileMatch              :     lib root package: "com.google.firebase.ml.vision.imagelabel"  (in app: "b.a.a.k.a")
17:32:36 INFO  ProfileMatch              : 
17:32:36 INFO  ProfileMatch              :                 name: androidx.palette::palette-ktx
17:32:36 INFO  ProfileMatch              :             category: Android
17:32:36 INFO  ProfileMatch              :              version: 1.0.0
17:32:36 INFO  ProfileMatch              :         release-date:  --
17:32:36 INFO  ProfileMatch              :     lib root package: "androidx.palette.graphics"  (in app: "b.f.c")
17:32:36 INFO  ProfileMatch              : 
17:32:36 INFO  ProfileMatch              :                 name: com.android.support::interpolator
17:32:36 INFO  ProfileMatch              :             category: Android
17:32:36 INFO  ProfileMatch              :              version: 28.0.0
17:32:36 INFO  ProfileMatch              :         release-date:  --
17:32:36 INFO  ProfileMatch              :     lib root package: "android.support.v4.view.animation"  (in app: "c.n.a.a")
17:32:36 INFO  ProfileMatch              : 
17:32:36 INFO  ProfileMatch              :                 name: androidx.interpolator::interpolator
17:32:36 INFO  ProfileMatch              :             category: Android
17:32:36 INFO  ProfileMatch              :              version: 1.0.0
17:32:36 INFO  ProfileMatch              :         release-date:  --
17:32:36 INFO  ProfileMatch              :     lib root package: "androidx.interpolator.view.animation"  (in app: "c.n.a.a")
17:32:36 INFO  ProfileMatch              : 
17:32:36 INFO  ProfileMatch              :                 name: Facebook
17:32:36 INFO  ProfileMatch              :             category: SocialMedia
17:32:36 INFO  ProfileMatch              :              version: 4.27.0  [OLD VERSION]
17:32:36 INFO  ProfileMatch              :         release-date: 26.09.2017
17:32:36 INFO  ProfileMatch              :     lib root package: "com.facebook.all"  (in app: "b.a.a.k.a")
17:32:36 INFO  ProfileMatch              : 
17:32:36 INFO  ProfileMatch              :                 name: Facebook
17:32:36 INFO  ProfileMatch              :             category: SocialMedia
17:32:36 INFO  ProfileMatch              :              version: 4.28.0  [OLD VERSION]
17:32:36 INFO  ProfileMatch              :         release-date: 07.11.2017
17:32:36 INFO  ProfileMatch              :     lib root package: "com.facebook.all"  (in app: "b.a.a.k.a")
17:32:36 INFO  ProfileMatch              : 
17:32:36 INFO  ProfileMatch              :                 name: Facebook
17:32:36 INFO  ProfileMatch              :             category: SocialMedia
17:32:36 INFO  ProfileMatch              :              version: 4.29.0  [OLD VERSION]
17:32:36 INFO  ProfileMatch              :         release-date: 05.12.2017
17:32:36 INFO  ProfileMatch              :     lib root package: "com.facebook.all"  (in app: "b.a.a.k.a")
17:32:36 INFO  ProfileMatch              : 
17:32:36 INFO  ProfileMatch              :                 name: Facebook
17:32:36 INFO  ProfileMatch              :             category: SocialMedia
17:32:36 INFO  ProfileMatch              :              version: 4.30.0  [OLD VERSION]
17:32:36 INFO  ProfileMatch              :         release-date: 24.01.2018
17:32:36 INFO  ProfileMatch              :     lib root package: "com.facebook.all"  (in app: "b.a.a.k.a")
17:32:36 INFO  ProfileMatch              : 
17:32:36 INFO  ProfileMatch              :                 name: Facebook
17:32:36 INFO  ProfileMatch              :             category: SocialMedia
17:32:36 INFO  ProfileMatch              :              version: 4.31.0  [OLD VERSION]
17:32:36 INFO  ProfileMatch              :         release-date: 28.02.2018
17:32:36 INFO  ProfileMatch              :     lib root package: "com.facebook.all"  (in app: "b.a.a.k.a")
17:32:36 INFO  ProfileMatch              : 
17:32:36 INFO  ProfileMatch              :                 name: Facebook
17:32:36 INFO  ProfileMatch              :             category: SocialMedia
17:32:36 INFO  ProfileMatch              :              version: 4.32.0  [OLD VERSION]
17:32:36 INFO  ProfileMatch              :         release-date: 11.04.2018
17:32:36 INFO  ProfileMatch              :     lib root package: "com.facebook.all"  (in app: "b.a.a.k.a")
17:32:36 INFO  ProfileMatch              : 
17:32:36 INFO  ProfileMatch              :                 name: Facebook
17:32:36 INFO  ProfileMatch              :             category: SocialMedia
17:32:36 INFO  ProfileMatch              :              version: 4.33.0  [OLD VERSION]
17:32:36 INFO  ProfileMatch              :         release-date: 01.05.2018
17:32:36 INFO  ProfileMatch              :     lib root package: "com.facebook.all"  (in app: "b.a.a.k.a")
17:32:36 INFO  ProfileMatch              : 
17:32:36 INFO  ProfileMatch              :                 name: Facebook
17:32:36 INFO  ProfileMatch              :             category: SocialMedia
17:32:36 INFO  ProfileMatch              :              version: 4.34.0  [OLD VERSION]
17:32:36 INFO  ProfileMatch              :         release-date: 19.06.2018
17:32:36 INFO  ProfileMatch              :     lib root package: "com.facebook.all"  (in app: "b.a.a.k.a")
17:32:36 INFO  ProfileMatch              : 
17:32:36 INFO  ProfileMatch              :                 name: Facebook
17:32:36 INFO  ProfileMatch              :             category: SocialMedia
17:32:36 INFO  ProfileMatch              :              version: 4.35.0  [OLD VERSION]
17:32:36 INFO  ProfileMatch              :         release-date: 26.07.2018
17:32:36 INFO  ProfileMatch              :     lib root package: "com.facebook.all"  (in app: "b.a.a.k.a")
17:32:36 INFO  ProfileMatch              : 
17:32:36 INFO  ProfileMatch              :                 name: Facebook
17:32:36 INFO  ProfileMatch              :             category: SocialMedia
17:32:36 INFO  ProfileMatch              :              version: 4.36.0  [OLD VERSION]
17:32:36 INFO  ProfileMatch              :         release-date: 29.08.2018
17:32:36 INFO  ProfileMatch              :     lib root package: "com.facebook.all"  (in app: "b.a.a.k.a")
17:32:36 INFO  ProfileMatch              : 
17:32:36 INFO  ProfileMatch              :                 name: Facebook
17:32:36 INFO  ProfileMatch              :             category: SocialMedia
17:32:36 INFO  ProfileMatch              :              version: 4.36.1  [OLD VERSION]
17:32:36 INFO  ProfileMatch              :         release-date: 15.09.2018
17:32:36 INFO  ProfileMatch              :     lib root package: "com.facebook.all"  (in app: "b.a.a.k.a")
17:32:36 INFO  ProfileMatch              : 
17:32:36 INFO  ProfileMatch              :                 name: Facebook
17:32:36 INFO  ProfileMatch              :             category: SocialMedia
17:32:36 INFO  ProfileMatch              :              version: 4.37.0  [OLD VERSION]
17:32:36 INFO  ProfileMatch              :         release-date: 27.09.2018
17:32:36 INFO  ProfileMatch              :     lib root package: "com.facebook.all"  (in app: "b.a.a.k.a")
17:32:36 INFO  ProfileMatch              : 
17:32:36 INFO  ProfileMatch              :                 name: Facebook
17:32:36 INFO  ProfileMatch              :             category: SocialMedia
17:32:36 INFO  ProfileMatch              :              version: 4.38.0  [OLD VERSION]
17:32:36 INFO  ProfileMatch              :         release-date: 23.10.2018
17:32:36 INFO  ProfileMatch              :     lib root package: "com.facebook.all"  (in app: "b.a.a.k.a")
17:32:36 INFO  ProfileMatch              : 
17:32:36 INFO  ProfileMatch              :                 name: Facebook
17:32:36 INFO  ProfileMatch              :             category: SocialMedia
17:32:36 INFO  ProfileMatch              :              version: 4.38.1  [OLD VERSION]
17:32:36 INFO  ProfileMatch              :         release-date: 31.10.2018
17:32:36 INFO  ProfileMatch              :     lib root package: "com.facebook.all"  (in app: "b.a.a.k.a")
17:32:36 INFO  ProfileMatch              : 
17:32:36 INFO  ProfileMatch              :                 name: Facebook
17:32:36 INFO  ProfileMatch              :             category: SocialMedia
17:32:36 INFO  ProfileMatch              :              version: 4.39.0  [OLD VERSION]
17:32:36 INFO  ProfileMatch              :         release-date: 05.12.2018
17:32:36 INFO  ProfileMatch              :     lib root package: "com.facebook.all"  (in app: "b.a.a.k.a")
17:32:36 INFO  ProfileMatch              : 
17:32:36 INFO  ProfileMatch              :                 name: Facebook
17:32:36 INFO  ProfileMatch              :             category: SocialMedia
17:32:36 INFO  ProfileMatch              :              version: 4.40.0  [OLD VERSION]
17:32:36 INFO  ProfileMatch              :         release-date: 22.01.2019
17:32:36 INFO  ProfileMatch              :     lib root package: "com.facebook.all"  (in app: "b.a.a.k.a")
17:32:36 INFO  ProfileMatch              : 
17:32:36 INFO  ProfileMatch              :                 name: Facebook
17:32:36 INFO  ProfileMatch              :             category: SocialMedia
17:32:36 INFO  ProfileMatch              :              version: 4.41.0  [OLD VERSION]
17:32:36 INFO  ProfileMatch              :         release-date: 08.03.2019
17:32:36 INFO  ProfileMatch              :     lib root package: "com.facebook.all"  (in app: "b.a.a.k.a")
17:32:36 INFO  ProfileMatch              : 
17:32:36 INFO  ProfileMatch              :                 name: Facebook
17:32:36 INFO  ProfileMatch              :             category: SocialMedia
17:32:36 INFO  ProfileMatch              :              version: 4.42.0  [OLD VERSION]
17:32:36 INFO  ProfileMatch              :         release-date: 08.04.2019
17:32:36 INFO  ProfileMatch              :     lib root package: "com.facebook.all"  (in app: "b.a.a.k.a")
17:32:36 INFO  ProfileMatch              : 
17:32:36 INFO  ProfileMatch              :                 name: Facebook
17:32:36 INFO  ProfileMatch              :             category: SocialMedia
17:32:36 INFO  ProfileMatch              :              version: 5.0.0  [OLD VERSION]
17:32:36 INFO  ProfileMatch              :         release-date: 30.04.2019
17:32:36 INFO  ProfileMatch              :     lib root package: "com.facebook.all"  (in app: "b.a.a.k.a")
17:32:36 INFO  ProfileMatch              : 
17:32:36 INFO  ProfileMatch              :                 name: Facebook
17:32:36 INFO  ProfileMatch              :             category: SocialMedia
17:32:36 INFO  ProfileMatch              :              version: 5.0.1  [OLD VERSION]
17:32:36 INFO  ProfileMatch              :         release-date: 17.05.2019
17:32:36 INFO  ProfileMatch              :     lib root package: "com.facebook.all"  (in app: "b.a.a.k.a")
17:32:36 INFO  ProfileMatch              : 
17:32:36 INFO  ProfileMatch              :                 name: Facebook
17:32:36 INFO  ProfileMatch              :             category: SocialMedia
17:32:36 INFO  ProfileMatch              :              version: 5.0.2  [OLD VERSION]
17:32:36 INFO  ProfileMatch              :         release-date: 09.06.2019
17:32:36 INFO  ProfileMatch              :     lib root package: "com.facebook.all"  (in app: "b.a.a.k.a")
17:32:36 INFO  ProfileMatch              : 
17:32:36 INFO  ProfileMatch              :                 name: Facebook
17:32:36 INFO  ProfileMatch              :             category: SocialMedia
17:32:36 INFO  ProfileMatch              :              version: 5.0.3  [OLD VERSION]
17:32:36 INFO  ProfileMatch              :         release-date: 14.06.2019
17:32:36 INFO  ProfileMatch              :     lib root package: "com.facebook.all"  (in app: "b.a.a.k.a")
17:32:36 INFO  ProfileMatch              : 
17:32:36 INFO  ProfileMatch              :                 name: Facebook
17:32:36 INFO  ProfileMatch              :             category: SocialMedia
17:32:36 INFO  ProfileMatch              :              version: 5.1.0  [OLD VERSION]
17:32:36 INFO  ProfileMatch              :         release-date: 21.06.2019
17:32:36 INFO  ProfileMatch              :     lib root package: "com.facebook.all"  (in app: "b.a.a.k.a")
17:32:36 INFO  ProfileMatch              : 
17:32:36 INFO  ProfileMatch              :                 name: Facebook
17:32:36 INFO  ProfileMatch              :             category: SocialMedia
17:32:36 INFO  ProfileMatch              :              version: 5.1.1  [OLD VERSION]
17:32:36 INFO  ProfileMatch              :         release-date: 02.07.2019
17:32:36 INFO  ProfileMatch              :     lib root package: "com.facebook.all"  (in app: "b.a.a.k.a")
17:32:36 INFO  ProfileMatch              : 
17:32:36 INFO  ProfileMatch              :                 name: Facebook
17:32:36 INFO  ProfileMatch              :             category: SocialMedia
17:32:36 INFO  ProfileMatch              :              version: 5.2.0  [OLD VERSION]
17:32:36 INFO  ProfileMatch              :         release-date: 29.07.2019
17:32:36 INFO  ProfileMatch              :     lib root package: "com.facebook.all"  (in app: "b.a.a.k.a")
17:32:36 INFO  ProfileMatch              : 
17:32:36 INFO  ProfileMatch              :                 name: Facebook
17:32:36 INFO  ProfileMatch              :             category: SocialMedia
17:32:36 INFO  ProfileMatch              :              version: 5.4.0  [OLD VERSION]
17:32:36 INFO  ProfileMatch              :         release-date: 16.08.2019
17:32:36 INFO  ProfileMatch              :     lib root package: "com.facebook.all"  (in app: "b.a.a.k.a")
17:32:36 INFO  ProfileMatch              : 
17:32:36 INFO  ProfileMatch              :                 name: Facebook
17:32:36 INFO  ProfileMatch              :             category: SocialMedia
17:32:36 INFO  ProfileMatch              :              version: 5.5.0  [OLD VERSION]
17:32:36 INFO  ProfileMatch              :         release-date: 31.08.2019
17:32:36 INFO  ProfileMatch              :     lib root package: "com.facebook.all"  (in app: "b.a.a.k.a")
17:32:36 INFO  ProfileMatch              : 
17:32:36 INFO  ProfileMatch              :                 name: Facebook
17:32:36 INFO  ProfileMatch              :             category: SocialMedia
17:32:36 INFO  ProfileMatch              :              version: 5.5.1  [OLD VERSION]
17:32:36 INFO  ProfileMatch              :         release-date: 06.09.2019
17:32:36 INFO  ProfileMatch              :     lib root package: "com.facebook.all"  (in app: "b.a.a.k.a")
17:32:36 INFO  ProfileMatch              : 
17:32:36 INFO  ProfileMatch              :                 name: Facebook
17:32:36 INFO  ProfileMatch              :             category: SocialMedia
17:32:36 INFO  ProfileMatch              :              version: 5.5.2  [OLD VERSION]
17:32:36 INFO  ProfileMatch              :         release-date: 05.10.2019
17:32:36 INFO  ProfileMatch              :     lib root package: "com.facebook.all"  (in app: "b.a.a.k.a")
17:32:36 INFO  ProfileMatch              : 
17:32:36 INFO  ProfileMatch              :                 name: Facebook
17:32:36 INFO  ProfileMatch              :             category: SocialMedia
17:32:36 INFO  ProfileMatch              :              version: 5.8.0  [OLD VERSION]
17:32:36 INFO  ProfileMatch              :         release-date: 08.10.2019
17:32:36 INFO  ProfileMatch              :     lib root package: "com.facebook.all"  (in app: "b.a.a.k.a")
17:32:36 INFO  ProfileMatch              : 
17:32:36 INFO  ProfileMatch              :                 name: Facebook
17:32:36 INFO  ProfileMatch              :             category: SocialMedia
17:32:36 INFO  ProfileMatch              :              version: 5.9.0  [OLD VERSION]
17:32:36 INFO  ProfileMatch              :         release-date: 29.10.2019
17:32:36 INFO  ProfileMatch              :     lib root package: "com.facebook.all"  (in app: "b.a.a.k.a")
17:32:36 INFO  ProfileMatch              : 
17:32:36 INFO  ProfileMatch              :                 name: Facebook
17:32:36 INFO  ProfileMatch              :             category: SocialMedia
17:32:36 INFO  ProfileMatch              :              version: 5.11.0  [OLD VERSION]
17:32:36 INFO  ProfileMatch              :         release-date: 15.11.2019
17:32:36 INFO  ProfileMatch              :     lib root package: "com.facebook.all"  (in app: "b.a.a.k.a")
17:32:36 INFO  ProfileMatch              : 
17:32:36 INFO  ProfileMatch              :                 name: Facebook
17:32:36 INFO  ProfileMatch              :             category: SocialMedia
17:32:36 INFO  ProfileMatch              :              version: 5.11.1  [OLD VERSION]
17:32:36 INFO  ProfileMatch              :         release-date: 21.11.2019
17:32:36 INFO  ProfileMatch              :     lib root package: "com.facebook.all"  (in app: "b.a.a.k.a")
17:32:36 INFO  ProfileMatch              : 
17:32:36 INFO  ProfileMatch              :                 name: Facebook
17:32:36 INFO  ProfileMatch              :             category: SocialMedia
17:32:36 INFO  ProfileMatch              :              version: 5.11.2  [OLD VERSION]
17:32:36 INFO  ProfileMatch              :         release-date: 22.11.2019
17:32:36 INFO  ProfileMatch              :     lib root package: "com.facebook.all"  (in app: "b.a.a.k.a")
17:32:36 INFO  ProfileMatch              : 
17:32:36 INFO  ProfileMatch              :                 name: Facebook
17:32:36 INFO  ProfileMatch              :             category: SocialMedia
17:32:36 INFO  ProfileMatch              :              version: 5.12.0  [OLD VERSION]
17:32:36 INFO  ProfileMatch              :         release-date: 04.12.2019
17:32:36 INFO  ProfileMatch              :     lib root package: "com.facebook.all"  (in app: "b.a.a.k.a")
17:32:36 INFO  ProfileMatch              : 
17:32:36 INFO  ProfileMatch              :                 name: Facebook
17:32:36 INFO  ProfileMatch              :             category: SocialMedia
17:32:36 INFO  ProfileMatch              :              version: 5.12.1  [OLD VERSION]
17:32:36 INFO  ProfileMatch              :         release-date: 09.12.2019
17:32:36 INFO  ProfileMatch              :     lib root package: "com.facebook.all"  (in app: "b.a.a.k.a")
17:32:36 INFO  ProfileMatch              : 
17:32:36 INFO  ProfileMatch              :                 name: Facebook
17:32:36 INFO  ProfileMatch              :             category: SocialMedia
17:32:36 INFO  ProfileMatch              :              version: 5.13.0  [OLD VERSION]
17:32:36 INFO  ProfileMatch              :         release-date: 12.12.2019
17:32:36 INFO  ProfileMatch              :     lib root package: "com.facebook.all"  (in app: "b.a.a.k.a")
17:32:36 INFO  ProfileMatch              : 
17:32:36 INFO  ProfileMatch              :                 name: Facebook
17:32:36 INFO  ProfileMatch              :             category: SocialMedia
17:32:36 INFO  ProfileMatch              :              version: 5.15.0  [OLD VERSION]
17:32:36 INFO  ProfileMatch              :         release-date: 21.01.2020
17:32:36 INFO  ProfileMatch              :     lib root package: "com.facebook.all"  (in app: "b.a.a.k.a")
17:32:36 INFO  ProfileMatch              : 
17:32:36 INFO  ProfileMatch              :                 name: Facebook
17:32:36 INFO  ProfileMatch              :             category: SocialMedia
17:32:36 INFO  ProfileMatch              :              version: 5.15.1  [OLD VERSION]
17:32:36 INFO  ProfileMatch              :         release-date: 29.01.2020
17:32:36 INFO  ProfileMatch              :     lib root package: "com.facebook.all"  (in app: "b.a.a.k.a")
17:32:36 INFO  ProfileMatch              : 
17:32:36 INFO  ProfileMatch              :                 name: Facebook
17:32:36 INFO  ProfileMatch              :             category: SocialMedia
17:32:36 INFO  ProfileMatch              :              version: 5.15.2  [OLD VERSION]
17:32:36 INFO  ProfileMatch              :         release-date: 03.02.2020
17:32:36 INFO  ProfileMatch              :     lib root package: "com.facebook.all"  (in app: "b.a.a.k.a")
17:32:36 INFO  ProfileMatch              : 
17:32:36 INFO  ProfileMatch              :                 name: Facebook
17:32:36 INFO  ProfileMatch              :             category: SocialMedia
17:32:36 INFO  ProfileMatch              :              version: 5.15.3  [OLD VERSION]
17:32:36 INFO  ProfileMatch              :         release-date: 03.02.2020
17:32:36 INFO  ProfileMatch              :     lib root package: "com.facebook.all"  (in app: "b.a.a.k.a")
17:32:36 INFO  ProfileMatch              : 
17:32:36 INFO  ProfileMatch              :                 name: Facebook
17:32:36 INFO  ProfileMatch              :             category: SocialMedia
17:32:36 INFO  ProfileMatch              :              version: 6.0.0  [OLD VERSION]
17:32:36 INFO  ProfileMatch              :         release-date: 03.02.2020
17:32:36 INFO  ProfileMatch              :     lib root package: "com.facebook.all"  (in app: "b.a.a.k.a")
17:32:36 INFO  ProfileMatch              : 
17:32:36 INFO  ProfileMatch              :                 name: Facebook
17:32:36 INFO  ProfileMatch              :             category: SocialMedia
17:32:36 INFO  ProfileMatch              :              version: 6.1.0  [OLD VERSION]
17:32:36 INFO  ProfileMatch              :         release-date: 14.02.2020
17:32:36 INFO  ProfileMatch              :     lib root package: "com.facebook.all"  (in app: "b.a.a.k.a")
17:32:36 INFO  ProfileMatch              : 
17:32:36 INFO  ProfileMatch              :                 name: Facebook
17:32:36 INFO  ProfileMatch              :             category: SocialMedia
17:32:36 INFO  ProfileMatch              :              version: 6.2.0  [OLD VERSION]
17:32:36 INFO  ProfileMatch              :         release-date: 09.03.2020
17:32:36 INFO  ProfileMatch              :     lib root package: "com.facebook.all"  (in app: "b.a.a.k.a")
17:32:36 INFO  ProfileMatch              : 
17:32:36 INFO  ProfileMatch              :                 name: Facebook
17:32:36 INFO  ProfileMatch              :             category: SocialMedia
17:32:36 INFO  ProfileMatch              :              version: 6.3.0  [OLD VERSION]
17:32:36 INFO  ProfileMatch              :         release-date: 25.03.2020
17:32:36 INFO  ProfileMatch              :     lib root package: "com.facebook.all"  (in app: "b.a.a.k.a")
17:32:36 INFO  ProfileMatch              : 
17:32:36 INFO  ProfileMatch              :                 name: Facebook
17:32:36 INFO  ProfileMatch              :             category: SocialMedia
17:32:36 INFO  ProfileMatch              :              version: 6.4.0  [OLD VERSION]
17:32:36 INFO  ProfileMatch              :         release-date: 15.04.2020
17:32:36 INFO  ProfileMatch              :     lib root package: "com.facebook.all"  (in app: "b.a.a.k.a")
17:32:36 INFO  ProfileMatch              : 
17:32:36 INFO  ProfileMatch              :                 name: Facebook
17:32:36 INFO  ProfileMatch              :             category: SocialMedia
17:32:36 INFO  ProfileMatch              :              version: 6.5.0  [OLD VERSION]
17:32:36 INFO  ProfileMatch              :         release-date: 20.04.2020
17:32:36 INFO  ProfileMatch              :     lib root package: "com.facebook.all"  (in app: "b.a.a.k.a")
17:32:36 INFO  ProfileMatch              : 
17:32:36 INFO  ProfileMatch              :                 name: Facebook
17:32:36 INFO  ProfileMatch              :             category: SocialMedia
17:32:36 INFO  ProfileMatch              :              version: 6.5.1  [OLD VERSION]
17:32:36 INFO  ProfileMatch              :         release-date: 23.04.2020
17:32:36 INFO  ProfileMatch              :     lib root package: "com.facebook.all"  (in app: "b.a.a.k.a")
17:32:36 INFO  ProfileMatch              : 
17:32:36 INFO  ProfileMatch              :                 name: Facebook
17:32:36 INFO  ProfileMatch              :             category: SocialMedia
17:32:36 INFO  ProfileMatch              :              version: 7.0.0  [OLD VERSION]
17:32:36 INFO  ProfileMatch              :         release-date: 05.05.2020
17:32:36 INFO  ProfileMatch              :     lib root package: "com.facebook.all"  (in app: "b.a.a.k.a")
17:32:36 INFO  ProfileMatch              : 
17:32:36 INFO  ProfileMatch              :                 name: Facebook
17:32:36 INFO  ProfileMatch              :             category: SocialMedia
17:32:36 INFO  ProfileMatch              :              version: 7.0.1  [OLD VERSION]
17:32:36 INFO  ProfileMatch              :         release-date: 09.06.2020
17:32:36 INFO  ProfileMatch              :     lib root package: "com.facebook.all"  (in app: "b.a.a.k.a")
17:32:36 INFO  ProfileMatch              : 
17:32:36 INFO  ProfileMatch              :                 name: Facebook
17:32:36 INFO  ProfileMatch              :             category: SocialMedia
17:32:36 INFO  ProfileMatch              :              version: 7.1.0  [OLD VERSION]
17:32:36 INFO  ProfileMatch              :         release-date: 23.06.2020
17:32:36 INFO  ProfileMatch              :     lib root package: "com.facebook.all"  (in app: "b.a.a.k.a")
17:32:36 INFO  ProfileMatch              : 
17:32:36 INFO  ProfileMatch              :                 name: Facebook
17:32:36 INFO  ProfileMatch              :             category: SocialMedia
17:32:36 INFO  ProfileMatch              :              version: 8.0.0  [OLD VERSION]
17:32:36 INFO  ProfileMatch              :         release-date: 28.09.2020
17:32:36 INFO  ProfileMatch              :     lib root package: "com.facebook.all"  (in app: "b.a.a.k.a")
17:32:36 INFO  ProfileMatch              : 
17:32:36 INFO  ProfileMatch              :                 name: Facebook
17:32:36 INFO  ProfileMatch              :             category: SocialMedia
17:32:36 INFO  ProfileMatch              :              version: 8.1.0  [OLD VERSION]
17:32:36 INFO  ProfileMatch              :         release-date: 14.10.2020
17:32:36 INFO  ProfileMatch              :     lib root package: "com.facebook.all"  (in app: "b.a.a.k.a")
17:32:36 INFO  ProfileMatch              : 
17:32:36 INFO  ProfileMatch              :                 name: Facebook
17:32:36 INFO  ProfileMatch              :             category: SocialMedia
17:32:36 INFO  ProfileMatch              :              version: 8.2.0  [OLD VERSION]
17:32:36 INFO  ProfileMatch              :         release-date: 18.12.2020
17:32:36 INFO  ProfileMatch              :     lib root package: "com.facebook.all"  (in app: "b.a.a.k.a")
17:32:36 INFO  ProfileMatch              : 
17:32:36 INFO  ProfileMatch              :                 name: Facebook
17:32:36 INFO  ProfileMatch              :             category: SocialMedia
17:32:36 INFO  ProfileMatch              :              version: 9.0.0  [OLD VERSION]
17:32:36 INFO  ProfileMatch              :         release-date: 19.01.2021
17:32:36 INFO  ProfileMatch              :     lib root package: "com.facebook.all"  (in app: "b.a.a.k.a")
17:32:36 INFO  ProfileMatch              : 
17:32:36 INFO  ProfileMatch              :                 name: Facebook
17:32:36 INFO  ProfileMatch              :             category: SocialMedia
17:32:36 INFO  ProfileMatch              :              version: 9.1.0  [OLD VERSION]
17:32:36 INFO  ProfileMatch              :         release-date: 15.03.2021
17:32:36 INFO  ProfileMatch              :     lib root package: "com.facebook.all"  (in app: "b.a.a.k.a")
17:32:36 INFO  ProfileMatch              : 
17:32:36 INFO  ProfileMatch              :                 name: Facebook
17:32:36 INFO  ProfileMatch              :             category: SocialMedia
17:32:36 INFO  ProfileMatch              :              version: 9.1.1  [OLD VERSION]
17:32:36 INFO  ProfileMatch              :         release-date: 12.04.2021
17:32:36 INFO  ProfileMatch              :     lib root package: "com.facebook.all"  (in app: "b.a.a.k.a")
17:32:36 INFO  ProfileMatch              : 
17:32:36 INFO  ProfileMatch              :                 name: Facebook
17:32:36 INFO  ProfileMatch              :             category: SocialMedia
17:32:36 INFO  ProfileMatch              :              version: 11.0.0  [OLD VERSION]
17:32:36 INFO  ProfileMatch              :         release-date: 08.06.2021
17:32:36 INFO  ProfileMatch              :     lib root package: "com.facebook.all"  (in app: "b.a.a.k.a")
17:32:36 INFO  ProfileMatch              : 
17:32:36 INFO  ProfileMatch              :                 name: Facebook
17:32:36 INFO  ProfileMatch              :             category: SocialMedia
17:32:36 INFO  ProfileMatch              :              version: 11.1.0  [OLD VERSION]
17:32:36 INFO  ProfileMatch              :         release-date: 06.07.2021
17:32:36 INFO  ProfileMatch              :     lib root package: "com.facebook.all"  (in app: "b.a.a.k.a")
17:32:36 INFO  ProfileMatch              : 
17:32:36 INFO  ProfileMatch              :                 name: Facebook
17:32:36 INFO  ProfileMatch              :             category: SocialMedia
17:32:36 INFO  ProfileMatch              :              version: 11.1.1  [OLD VERSION]
17:32:36 INFO  ProfileMatch              :         release-date: 19.07.2021
17:32:36 INFO  ProfileMatch              :     lib root package: "com.facebook.all"  (in app: "b.a.a.k.a")
17:32:36 INFO  ProfileMatch              : 
17:32:36 INFO  ProfileMatch              :                 name: Facebook
17:32:36 INFO  ProfileMatch              :             category: SocialMedia
17:32:36 INFO  ProfileMatch              :              version: 11.2.0  [OLD VERSION]
17:32:36 INFO  ProfileMatch              :         release-date: 03.08.2021
17:32:36 INFO  ProfileMatch              :     lib root package: "com.facebook.all"  (in app: "b.a.a.k.a")
17:32:36 INFO  ProfileMatch              : 
17:32:36 INFO  ProfileMatch              :                 name: Facebook
17:32:36 INFO  ProfileMatch              :             category: SocialMedia
17:32:36 INFO  ProfileMatch              :              version: 11.3.0  [OLD VERSION]
17:32:36 INFO  ProfileMatch              :         release-date: 07.09.2021
17:32:36 INFO  ProfileMatch              :     lib root package: "com.facebook.all"  (in app: "b.a.a.k.a")
17:32:36 INFO  ProfileMatch              : 
17:32:36 INFO  ProfileMatch              :                 name: Facebook
17:32:36 INFO  ProfileMatch              :             category: SocialMedia
17:32:36 INFO  ProfileMatch              :              version: 12.0.0  [OLD VERSION]
17:32:36 INFO  ProfileMatch              :         release-date: 05.10.2021
17:32:36 INFO  ProfileMatch              :     lib root package: "com.facebook.all"  (in app: "b.a.a.k.a")
17:32:36 INFO  ProfileMatch              : 
17:32:36 INFO  ProfileMatch              :                 name: Facebook
17:32:36 INFO  ProfileMatch              :             category: SocialMedia
17:32:36 INFO  ProfileMatch              :              version: 12.0.1  [OLD VERSION]
17:32:36 INFO  ProfileMatch              :         release-date: 13.10.2021
17:32:36 INFO  ProfileMatch              :     lib root package: "com.facebook.all"  (in app: "b.a.a.k.a")
17:32:36 INFO  ProfileMatch              : 
17:32:36 INFO  ProfileMatch              :                 name: Facebook
17:32:36 INFO  ProfileMatch              :             category: SocialMedia
17:32:36 INFO  ProfileMatch              :              version: 12.1.0  [OLD VERSION]
17:32:36 INFO  ProfileMatch              :         release-date: 01.11.2021
17:32:36 INFO  ProfileMatch              :     lib root package: "com.facebook.all"  (in app: "b.a.a.k.a")
17:32:36 INFO  ProfileMatch              : 
17:32:36 INFO  ProfileMatch              :                 name: Facebook
17:32:36 INFO  ProfileMatch              :             category: SocialMedia
17:32:36 INFO  ProfileMatch              :              version: 12.2.0  [OLD VERSION]
17:32:36 INFO  ProfileMatch              :         release-date: 06.12.2021
17:32:36 INFO  ProfileMatch              :     lib root package: "com.facebook.all"  (in app: "b.a.a.k.a")
17:32:36 INFO  ProfileMatch              : 
17:32:36 INFO  ProfileMatch              :                 name: Facebook
17:32:36 INFO  ProfileMatch              :             category: SocialMedia
17:32:36 INFO  ProfileMatch              :              version: 12.3.0  [OLD VERSION]
17:32:36 INFO  ProfileMatch              :         release-date: 10.01.2022
17:32:36 INFO  ProfileMatch              :     lib root package: "com.facebook.all"  (in app: "b.a.a.k.a")
17:32:36 INFO  ProfileMatch              : 
17:32:36 INFO  ProfileMatch              :                 name: Facebook
17:32:36 INFO  ProfileMatch              :             category: SocialMedia
17:32:36 INFO  ProfileMatch              :              version: 13.0.0  [OLD VERSION]
17:32:36 INFO  ProfileMatch              :         release-date: 23.02.2022
17:32:36 INFO  ProfileMatch              :     lib root package: "com.facebook.all"  (in app: "b.a.a.k.a")
17:32:36 INFO  ProfileMatch              : 
17:32:36 INFO  ProfileMatch              :                 name: Facebook
17:32:36 INFO  ProfileMatch              :             category: SocialMedia
17:32:36 INFO  ProfileMatch              :              version: 13.1.0  [OLD VERSION]
17:32:36 INFO  ProfileMatch              :         release-date: 21.03.2022
17:32:36 INFO  ProfileMatch              :     lib root package: "com.facebook.all"  (in app: "b.a.a.k.a")
17:32:36 INFO  ProfileMatch              : 
17:32:36 INFO  ProfileMatch              :                 name: Facebook
17:32:36 INFO  ProfileMatch              :             category: SocialMedia
17:32:36 INFO  ProfileMatch              :              version: 13.2.0  [OLD VERSION]
17:32:36 INFO  ProfileMatch              :         release-date: 22.04.2022
17:32:36 INFO  ProfileMatch              :     lib root package: "com.facebook.all"  (in app: "b.a.a.k.a")
17:32:36 INFO  ProfileMatch              : 
17:32:36 INFO  ProfileMatch              :                 name: Facebook
17:32:36 INFO  ProfileMatch              :             category: SocialMedia
17:32:36 INFO  ProfileMatch              :              version: 14.0.0
17:32:36 INFO  ProfileMatch              :         release-date: 14.06.2022
17:32:36 INFO  ProfileMatch              :     lib root package: "com.facebook.all"  (in app: "b.a.a.k.a")
17:32:36 INFO  ProfileMatch              : 
17:32:36 INFO  ProfileMatch              :                 name: Stetho
17:32:36 INFO  ProfileMatch              :             category: Android
17:32:36 INFO  ProfileMatch              :              version: 1.6.0
17:32:36 INFO  ProfileMatch              :         release-date: 30.03.2021
17:32:36 INFO  ProfileMatch              :     lib root package: "com.facebook.stetho"
17:32:36 INFO  ProfileMatch              : 
17:32:36 INFO  LibraryIdentifier         : 
17:32:36 INFO  LibraryIdentifier         : - Partial library matches:
17:32:36 INFO  LibraryIdentifier         :                 name: uCrop
17:32:36 INFO  LibraryIdentifier         :             category: Android
17:32:36 INFO  LibraryIdentifier         :              version: 2.2.0
17:32:36 INFO  LibraryIdentifier         :         release-date: 08.09.2016
17:32:36 INFO  LibraryIdentifier         :     lib root package: "com.yalantis.ucrop"
17:32:36 INFO  LibraryIdentifier         :         Partial matching results:
17:32:36 INFO  LibraryIdentifier         :              - config: Hashing.md5() | Flags: no-flag | Keep: PN | Prune: MSIG   score: 0.8341063
17:32:36 INFO  LibraryIdentifier         : 
17:32:36 INFO  LibraryIdentifier         :                 name: androidx.arch.core::core-common
17:32:36 INFO  LibraryIdentifier         :             category: Android
17:32:36 INFO  LibraryIdentifier         :              version: 2.1.0
17:32:36 INFO  LibraryIdentifier         :         release-date:  --
17:32:36 INFO  LibraryIdentifier         :     lib root package: "androidx.arch.core"
17:32:36 INFO  LibraryIdentifier         :         Partial matching results:
17:32:36 INFO  LibraryIdentifier         :              - config: Hashing.md5() | Flags: no-flag | Keep: PN | Prune: MSIG   score: 0.75
17:32:36 INFO  LibraryIdentifier         : 
17:32:36 INFO  LibraryIdentifier         :                 name: android.arch.core::runtime
17:32:36 INFO  LibraryIdentifier         :             category: Android
17:32:36 INFO  LibraryIdentifier         :              version: 1.1.0  [OLD VERSION]
17:32:36 INFO  LibraryIdentifier         :         release-date:  --
17:32:36 INFO  LibraryIdentifier         :     lib root package: "android.arch.core"
17:32:36 INFO  LibraryIdentifier         :         Partial matching results:
17:32:36 INFO  LibraryIdentifier         :              - config: Hashing.md5() | Flags: no-flag | Keep: PN | Prune: MSIG   score: 0.8
17:32:36 INFO  LibraryIdentifier         : 
17:32:36 INFO  LibraryIdentifier         : 
17:32:36 INFO  LibraryIdentifier         : App processing time: 1 min, 13 sec, 956 ms
