23:01:55 INFO  LibraryIdentifier         : Process app: com.aravi.dot_30009.apk
23:01:55 INFO  LibraryIdentifier         : = Manifest Parser =
23:01:55 INFO  LibraryIdentifier         :         Package name: com.aravi.dot
23:01:55 INFO  LibraryIdentifier         :         Version code: 30009
23:01:55 INFO  LibraryIdentifier         :        minSdkVersion: 24
23:01:55 INFO  LibraryIdentifier         :     targetSdkVersion: 30
23:01:55 INFO  LibraryIdentifier         :         SharedUserId:  - none -
23:01:55 INFO  LibraryIdentifier         :     Library dependencies:  - none -
23:01:55 INFO  LibraryIdentifier         : 
23:01:55 INFO  LibraryIdentifier         : Found 402 unique libraries in 12405 library profiles
23:01:56 INFO  LibraryIdentifier         : Generated class hierarchy (in 842 ms)
23:01:56 INFO  WalaUtils                 : 
23:01:56 INFO  WalaUtils                 : = ClassHierarchy Stats =
23:01:56 INFO  WalaUtils                 :     # of classes: 1501
23:01:56 INFO  WalaUtils                 :     # thereof inner classes: 701
23:01:56 INFO  WalaUtils                 :     # thereof public classes: 1501
23:01:56 INFO  WalaUtils                 :         Activity : 7
23:01:56 INFO  WalaUtils                 :         Application : 1
23:01:56 INFO  WalaUtils                 :         AsyncTask : 0
23:01:56 INFO  WalaUtils                 :         BroadcastReceiver : 1
23:01:56 INFO  WalaUtils                 :         ContentProvider : 1
23:01:56 INFO  WalaUtils                 :         Fragment : 1
23:01:56 INFO  WalaUtils                 :         Handler : 1
23:01:56 INFO  WalaUtils                 :         LayoutContainer : 56
23:01:56 INFO  WalaUtils                 :         Plain : 1392
23:01:56 INFO  WalaUtils                 :         Runnable : 0
23:01:56 INFO  WalaUtils                 :         Service : 2
23:01:56 INFO  WalaUtils                 :         Thread : 1
23:01:56 INFO  WalaUtils                 :         View : 38
23:01:56 INFO  WalaUtils                 :     # methods: 8779
23:01:56 INFO  WalaUtils                 :         # of publicly accessible methods: 8724
23:01:56 INFO  WalaUtils                 :         # of non-accessible methods: 55
23:01:56 INFO  WalaUtils                 : 
23:01:56 INFO  Profile                   : = PackageTree =
23:01:56 INFO  PackageTree               : Root Package: b
23:01:56 INFO  PackageTree               : └── Root
23:01:56 INFO  PackageTree               :     ├── b
23:01:56 INFO  PackageTree               :     │   ├── p (49)
23:01:56 INFO  PackageTree               :     │   │   ├── w (6)
23:01:56 INFO  PackageTree               :     │   │   └── v (1)
23:01:56 INFO  PackageTree               :     │   ├── o (3)
23:01:56 INFO  PackageTree               :     │   │   └── d (48)
23:01:56 INFO  PackageTree               :     │   ├── k (3)
23:01:56 INFO  PackageTree               :     │   │   └── d (110)
23:01:56 INFO  PackageTree               :     │   ├── h (2)
23:01:56 INFO  PackageTree               :     │   │   ├── l (7)
23:01:56 INFO  PackageTree               :     │   │   ├── k (46)
23:01:56 INFO  PackageTree               :     │   │   │   ├── a0 (11)
23:01:56 INFO  PackageTree               :     │   │   │   └── b0 (8)
23:01:56 INFO  PackageTree               :     │   │   ├── i (11)
23:01:56 INFO  PackageTree               :     │   │   ├── f
23:01:56 INFO  PackageTree               :     │   │   │   └── a (3)
23:01:56 INFO  PackageTree               :     │   │   ├── c (21)
23:01:56 INFO  PackageTree               :     │   │   ├── h (19)
23:01:56 INFO  PackageTree               :     │   │   ├── e (12)
23:01:56 INFO  PackageTree               :     │   │   │   └── j (1)
23:01:56 INFO  PackageTree               :     │   │   ├── j (4)
23:01:56 INFO  PackageTree               :     │   │   ├── d (1)
23:01:56 INFO  PackageTree               :     │   │   │   └── b (8)
23:01:56 INFO  PackageTree               :     │   │   └── g (3)
23:01:56 INFO  PackageTree               :     │   ├── e (15)
23:01:56 INFO  PackageTree               :     │   ├── b (10)
23:01:56 INFO  PackageTree               :     │   │   ├── k (52)
23:01:56 INFO  PackageTree               :     │   │   ├── q (103)
23:01:56 INFO  PackageTree               :     │   │   ├── p (13)
23:01:56 INFO  PackageTree               :     │   │   │   └── i (38)
23:01:56 INFO  PackageTree               :     │   │   ├── n (1)
23:01:56 INFO  PackageTree               :     │   │   ├── l
23:01:56 INFO  PackageTree               :     │   │   │   └── a (1)
23:01:56 INFO  PackageTree               :     │   │   ├── o (1)
23:01:56 INFO  PackageTree               :     │   │   └── m
23:01:56 INFO  PackageTree               :     │   │       └── a (1)
23:01:56 INFO  PackageTree               :     │   ├── l
23:01:56 INFO  PackageTree               :     │   │   └── a
23:01:56 INFO  PackageTree               :     │   │       └── a (4)
23:01:56 INFO  PackageTree               :     │   ├── m (43)
23:01:56 INFO  PackageTree               :     │   │   ├── g0 (1)
23:01:56 INFO  PackageTree               :     │   │   └── f0 (1)
23:01:56 INFO  PackageTree               :     │   ├── u (3)
23:01:56 INFO  PackageTree               :     │   ├── f
23:01:56 INFO  PackageTree               :     │   │   ├── b (14)
23:01:56 INFO  PackageTree               :     │   │   │   └── i (13)
23:01:56 INFO  PackageTree               :     │   │   │       └── l (17)
23:01:56 INFO  PackageTree               :     │   │   ├── c (19)
23:01:56 INFO  PackageTree               :     │   │   └── a
23:01:56 INFO  PackageTree               :     │   │       └── a (1)
23:01:56 INFO  PackageTree               :     │   ├── j
23:01:56 INFO  PackageTree               :     │   │   ├── b (11)
23:01:56 INFO  PackageTree               :     │   │   └── a (3)
23:01:56 INFO  PackageTree               :     │   ├── r
23:01:56 INFO  PackageTree               :     │   │   └── a (9)
23:01:56 INFO  PackageTree               :     │   │       └── g (9)
23:01:56 INFO  PackageTree               :     │   ├── s (61)
23:01:56 INFO  PackageTree               :     │   ├── c
23:01:56 INFO  PackageTree               :     │   │   └── a
23:01:56 INFO  PackageTree               :     │   │       ├── a (5)
23:01:56 INFO  PackageTree               :     │   │       ├── b (8)
23:01:56 INFO  PackageTree               :     │   │       └── c (1)
23:01:56 INFO  PackageTree               :     │   ├── n
23:01:56 INFO  PackageTree               :     │   │   └── a (6)
23:01:56 INFO  PackageTree               :     │   ├── g (3)
23:01:56 INFO  PackageTree               :     │   │   └── d (2)
23:01:56 INFO  PackageTree               :     │   ├── d
23:01:56 INFO  PackageTree               :     │   │   └── a (6)
23:01:56 INFO  PackageTree               :     │   ├── a (3)
23:01:56 INFO  PackageTree               :     │   │   ├── e (9)
23:01:56 INFO  PackageTree               :     │   │   │   └── f (3)
23:01:56 INFO  PackageTree               :     │   │   └── d (2)
23:01:56 INFO  PackageTree               :     │   ├── q (6)
23:01:56 INFO  PackageTree               :     │   ├── i
23:01:56 INFO  PackageTree               :     │   │   └── a (6)
23:01:56 INFO  PackageTree               :     │   └── t
23:01:56 INFO  PackageTree               :     │       └── a
23:01:56 INFO  PackageTree               :     │           └── a (2)
23:01:56 INFO  PackageTree               :     ├── c
23:01:56 INFO  PackageTree               :     │   ├── c
23:01:56 INFO  PackageTree               :     │   │   └── a
23:01:56 INFO  PackageTree               :     │   │       └── a (11)
23:01:56 INFO  PackageTree               :     │   │           ├── g0 (18)
23:01:56 INFO  PackageTree               :     │   │           ├── z (21)
23:01:56 INFO  PackageTree               :     │   │           ├── a0 (21)
23:01:56 INFO  PackageTree               :     │   │           ├── f0 (25)
23:01:56 INFO  PackageTree               :     │   │           ├── i0 (38)
23:01:56 INFO  PackageTree               :     │   │           ├── m (13)
23:01:56 INFO  PackageTree               :     │   │           ├── v (47)
23:01:56 INFO  PackageTree               :     │   │           ├── w (2)
23:01:56 INFO  PackageTree               :     │   │           ├── u (7)
23:01:56 INFO  PackageTree               :     │   │           │   └── d (1)
23:01:56 INFO  PackageTree               :     │   │           ├── p (3)
23:01:56 INFO  PackageTree               :     │   │           ├── l (10)
23:01:56 INFO  PackageTree               :     │   │           ├── k0 (7)
23:01:56 INFO  PackageTree               :     │   │           ├── l0 (5)
23:01:56 INFO  PackageTree               :     │   │           ├── y (1)
23:01:56 INFO  PackageTree               :     │   │           ├── r (2)
23:01:56 INFO  PackageTree               :     │   │           ├── o (8)
23:01:56 INFO  PackageTree               :     │   │           ├── d0 (1)
23:01:56 INFO  PackageTree               :     │   │           ├── s (1)
23:01:56 INFO  PackageTree               :     │   │           ├── c0 (6)
23:01:56 INFO  PackageTree               :     │   │           ├── x (1)
23:01:56 INFO  PackageTree               :     │   │           ├── n (1)
23:01:56 INFO  PackageTree               :     │   │           ├── h0 (2)
23:01:56 INFO  PackageTree               :     │   │           ├── t (3)
23:01:56 INFO  PackageTree               :     │   │           ├── j0
23:01:56 INFO  PackageTree               :     │   │           │   └── a (1)
23:01:56 INFO  PackageTree               :     │   │           ├── e0 (2)
23:01:56 INFO  PackageTree               :     │   │           ├── b0 (1)
23:01:56 INFO  PackageTree               :     │   │           └── q (1)
23:01:56 INFO  PackageTree               :     │   ├── b
23:01:56 INFO  PackageTree               :     │   │   └── a
23:01:56 INFO  PackageTree               :     │   │       ├── e (1)
23:01:56 INFO  PackageTree               :     │   │       ├── a
23:01:56 INFO  PackageTree               :     │   │       │   └── b (1)
23:01:56 INFO  PackageTree               :     │   │       │       ├── e (7)
23:01:56 INFO  PackageTree               :     │   │       │       └── d (2)
23:01:56 INFO  PackageTree               :     │   │       ├── b (4)
23:01:56 INFO  PackageTree               :     │   │       ├── f (2)
23:01:56 INFO  PackageTree               :     │   │       ├── d (1)
23:01:56 INFO  PackageTree               :     │   │       └── c (1)
23:01:56 INFO  PackageTree               :     │   └── a
23:01:56 INFO  PackageTree               :     │       └── a
23:01:56 INFO  PackageTree               :     │           └── a (1)
23:01:56 INFO  PackageTree               :     ├── androidx
23:01:56 INFO  PackageTree               :     │   ├── appcompat
23:01:56 INFO  PackageTree               :     │   │   ├── widget (54)
23:01:56 INFO  PackageTree               :     │   │   ├── view
23:01:56 INFO  PackageTree               :     │   │   │   └── menu (5)
23:01:56 INFO  PackageTree               :     │   │   └── app (6)
23:01:56 INFO  PackageTree               :     │   ├── coordinatorlayout
23:01:56 INFO  PackageTree               :     │   │   └── widget (11)
23:01:56 INFO  PackageTree               :     │   ├── recyclerview
23:01:56 INFO  PackageTree               :     │   │   └── widget (58)
23:01:56 INFO  PackageTree               :     │   ├── room (3)
23:01:56 INFO  PackageTree               :     │   ├── annotation (1)
23:01:56 INFO  PackageTree               :     │   ├── activity (11)
23:01:56 INFO  PackageTree               :     │   │   └── result (1)
23:01:56 INFO  PackageTree               :     │   ├── lifecycle (14)
23:01:56 INFO  PackageTree               :     │   ├── core
23:01:56 INFO  PackageTree               :     │   │   ├── app (4)
23:01:56 INFO  PackageTree               :     │   │   ├── graphics
23:01:56 INFO  PackageTree               :     │   │   │   └── drawable (2)
23:01:56 INFO  PackageTree               :     │   │   └── widget (5)
23:01:56 INFO  PackageTree               :     │   ├── savedstate (3)
23:01:56 INFO  PackageTree               :     │   ├── constraintlayout
23:01:56 INFO  PackageTree               :     │   │   └── widget (6)
23:01:56 INFO  PackageTree               :     │   ├── fragment
23:01:56 INFO  PackageTree               :     │   │   └── app (2)
23:01:56 INFO  PackageTree               :     │   ├── versionedparcelable (3)
23:01:56 INFO  PackageTree               :     │   └── viewpager2
23:01:56 INFO  PackageTree               :     │       └── adapter (3)
23:01:56 INFO  PackageTree               :     ├── com
23:01:56 INFO  PackageTree               :     │   ├── google
23:01:56 INFO  PackageTree               :     │   │   └── android
23:01:56 INFO  PackageTree               :     │   │       └── material
23:01:56 INFO  PackageTree               :     │   │           ├── transformation (10)
23:01:56 INFO  PackageTree               :     │   │           ├── bottomsheet (8)
23:01:56 INFO  PackageTree               :     │   │           ├── snackbar (15)
23:01:56 INFO  PackageTree               :     │   │           ├── behavior (6)
23:01:56 INFO  PackageTree               :     │   │           ├── textfield (11)
23:01:56 INFO  PackageTree               :     │   │           ├── button (12)
23:01:56 INFO  PackageTree               :     │   │           ├── appbar (13)
23:01:56 INFO  PackageTree               :     │   │           ├── timepicker (12)
23:01:56 INFO  PackageTree               :     │   │           ├── bottomappbar (5)
23:01:56 INFO  PackageTree               :     │   │           ├── floatingactionbutton (18)
23:01:56 INFO  PackageTree               :     │   │           ├── internal (7)
23:01:56 INFO  PackageTree               :     │   │           ├── chip (8)
23:01:56 INFO  PackageTree               :     │   │           ├── theme (1)
23:01:56 INFO  PackageTree               :     │   │           ├── datepicker (1)
23:01:56 INFO  PackageTree               :     │   │           ├── textview (1)
23:01:56 INFO  PackageTree               :     │   │           └── switchmaterial (1)
23:01:56 INFO  PackageTree               :     │   └── aravi
23:01:56 INFO  PackageTree               :     │       └── dot (1)
23:01:56 INFO  PackageTree               :     │           ├── activities
23:01:56 INFO  PackageTree               :     │           │   ├── log (1)
23:01:56 INFO  PackageTree               :     │           │   │   └── database (3)
23:01:56 INFO  PackageTree               :     │           │   ├── custom (1)
23:01:56 INFO  PackageTree               :     │           │   └── main (1)
23:01:56 INFO  PackageTree               :     │           └── service (2)
23:01:56 INFO  PackageTree               :     ├── de
23:01:56 INFO  PackageTree               :     │   └── hdodenhof
23:01:56 INFO  PackageTree               :     │       └── circleimageview (2)
23:01:56 INFO  PackageTree               :     ├── d
23:01:56 INFO  PackageTree               :     │   └── a
23:01:56 INFO  PackageTree               :     │       └── a (1)
23:01:56 INFO  PackageTree               :     ├── a
23:01:56 INFO  PackageTree               :     │   └── a
23:01:56 INFO  PackageTree               :     │       └── a
23:01:56 INFO  PackageTree               :     │           └── a (3)
23:01:56 INFO  PackageTree               :     └── android
23:01:56 INFO  PackageTree               :         └── support
23:01:56 INFO  PackageTree               :             └── v4
23:01:56 INFO  PackageTree               :                 ├── graphics
23:01:56 INFO  PackageTree               :                 │   └── drawable (1)
23:01:56 INFO  PackageTree               :                 └── app (1)
23:01:56 INFO  Profile                   : 
23:01:56 INFO  AppProfile                : - generated app package tree (in 43 ms)
23:01:56 INFO  AppProfile                : 
23:01:56 DEBUG HashTree                  : Generate hash tree..
23:01:56 DEBUG HashTree                  :     - generated 139 package hashes.
23:01:56 DEBUG HashTree                  :     - generated 1400 clazz hashes.
23:01:56 DEBUG HashTree                  :     - generated 8779 method hashes.
23:01:56 DEBUG HashTree                  :     => Library Hash: 5a31096c847398fdbd83af49fd16fe08
23:01:56 INFO  AppProfile                : - generated app hash trees (in 250 ms)
23:01:56 INFO  AppProfile                : 
23:01:56 INFO  LibraryIdentifier         : = Scan for library root packages (heuristic) =
23:01:57 INFO  LibraryIdentifier         :     - Found lib root package androidx.annotation  (androidx.annotation::annotation)
23:01:57 INFO  LibraryIdentifier         :     - Found lib root package androidx.appcompat  (androidx.appcompat::appcompat)
23:01:57 INFO  LibraryIdentifier         :     - Found lib root package androidx.constraintlayout.widget  (androidx.constraintlayout::constraintlayout)
23:01:57 INFO  LibraryIdentifier         :     - Found lib root package androidx.coordinatorlayout.widget  (androidx.coordinatorlayout::coordinatorlayout)
23:01:57 INFO  LibraryIdentifier         :     - Found lib root package androidx.core  (androidx.core::core)
23:01:57 INFO  LibraryIdentifier         :     - Found lib root package androidx  (androidx.core::core-ktx)
23:01:57 INFO  LibraryIdentifier         :     - Found lib root package androidx.fragment.app  (androidx.fragment::fragment)
23:01:57 INFO  LibraryIdentifier         :     - Found lib root package androidx.fragment.app  (androidx.fragment::fragment-ktx)
23:01:57 INFO  LibraryIdentifier         :     - Found lib root package androidx.lifecycle  (androidx.lifecycle::lifecycle-common)
23:01:57 INFO  LibraryIdentifier         :     - Found lib root package androidx.lifecycle  (androidx.lifecycle::lifecycle-common-java8)
23:01:57 INFO  LibraryIdentifier         :     - Found lib root package androidx.lifecycle  (androidx.lifecycle::lifecycle-compiler)
23:01:57 INFO  LibraryIdentifier         :     - Found lib root package androidx.lifecycle  (androidx.lifecycle::lifecycle-extensions)
23:01:57 INFO  LibraryIdentifier         :     - Found lib root package androidx.lifecycle  (androidx.lifecycle::lifecycle-livedata)
23:01:57 INFO  LibraryIdentifier         :     - Found lib root package androidx.lifecycle  (androidx.lifecycle::lifecycle-livedata-core)
23:01:57 INFO  LibraryIdentifier         :     - Found lib root package androidx.lifecycle  (androidx.lifecycle::lifecycle-process)
23:01:57 INFO  LibraryIdentifier         :     - Found lib root package androidx.lifecycle  (androidx.lifecycle::lifecycle-reactivestreams)
23:01:57 INFO  LibraryIdentifier         :     - Found lib root package androidx.lifecycle  (androidx.lifecycle::lifecycle-reactivestreams-ktx)
23:01:57 INFO  LibraryIdentifier         :     - Found lib root package androidx.lifecycle  (androidx.lifecycle::lifecycle-runtime)
23:01:57 INFO  LibraryIdentifier         :     - Found lib root package androidx.lifecycle  (androidx.lifecycle::lifecycle-service)
23:01:57 INFO  LibraryIdentifier         :     - Found lib root package androidx.lifecycle  (androidx.lifecycle::lifecycle-viewmodel)
23:01:57 INFO  LibraryIdentifier         :     - Found lib root package androidx.lifecycle  (androidx.lifecycle::lifecycle-viewmodel-ktx)
23:01:57 INFO  LibraryIdentifier         :     - Found lib root package androidx.recyclerview.widget  (androidx.recyclerview::recyclerview)
23:01:57 INFO  LibraryIdentifier         :     - Found lib root package androidx.room  (androidx.room::room-common)
23:01:57 INFO  LibraryIdentifier         :     - Found lib root package androidx.room  (androidx.room::room-compiler)
23:01:57 INFO  LibraryIdentifier         :     - Found lib root package androidx.room  (androidx.room::room-runtime)
23:01:57 INFO  LibraryIdentifier         :     - Found lib root package androidx.room  (androidx.room::room-rxjava2)
23:01:57 INFO  LibraryIdentifier         :     - Found lib root package androidx.versionedparcelable  (androidx.versionedparcelable::versionedparcelable)
23:01:57 INFO  LibraryIdentifier         :     - Found lib root package android.support.v4  (com.android.support::customview)
23:01:57 INFO  LibraryIdentifier         :     - Found lib root package android.support.v4  (com.android.support::loader)
23:01:57 INFO  LibraryIdentifier         :     - Found lib root package android.support.v4  (com.android.support::support-compat)
23:01:57 INFO  LibraryIdentifier         :     - Found lib root package android.support.v4  (com.android.support::support-core-ui)
23:01:57 INFO  LibraryIdentifier         :     - Found lib root package android.support.v4  (com.android.support::support-core-utils)
23:01:57 INFO  LibraryIdentifier         :     - Found lib root package android.support.v4.app  (com.android.support::support-fragment)
23:01:57 INFO  LibraryIdentifier         :     - Found lib root package android.support.v4  (com.android.support::support-v4)
23:01:57 INFO  LibraryIdentifier         :     - Found lib root package androidx.versionedparcelable  (com.android.support::versionedparcelable)
23:01:57 INFO  LibraryIdentifier         :     - Found lib root package com.google.android.material  (com.google.android.material::material)
23:01:57 INFO  LibraryIdentifier         : 
23:01:57 INFO  LibraryIdentifier         : = Match profiles =
23:02:22 INFO  LibraryIdentifier         :     >> profile matching done (25 sec, 631 ms)
23:02:22 INFO  LibraryIdentifier         : 
23:02:22 INFO  LibraryIdentifier         : == Report ==
23:02:22 INFO  LibraryIdentifier         : - Full library matches:
23:02:22 INFO  ProfileMatch              :                 name: com.google.firebase::firebase-ml-vision-image-label-model
23:02:22 INFO  ProfileMatch              :             category: Android
23:02:22 INFO  ProfileMatch              :              version: 20.0.0  [OLD VERSION]
23:02:22 INFO  ProfileMatch              :         release-date:  --
23:02:22 INFO  ProfileMatch              :     lib root package: "com.google.firebase.ml.vision.imagelabel"  (in app: "b")
23:02:22 INFO  ProfileMatch              : 
23:02:22 INFO  ProfileMatch              :                 name: com.google.firebase::firebase-ml-vision-image-label-model
23:02:22 INFO  ProfileMatch              :             category: Android
23:02:22 INFO  ProfileMatch              :              version: 20.0.1  [OLD VERSION]
23:02:22 INFO  ProfileMatch              :         release-date:  --
23:02:22 INFO  ProfileMatch              :     lib root package: "com.google.firebase.ml.vision.imagelabel"  (in app: "b")
23:02:22 INFO  ProfileMatch              : 
23:02:22 INFO  ProfileMatch              :                 name: com.google.firebase::firebase-ml-vision-image-label-model
23:02:22 INFO  ProfileMatch              :             category: Android
23:02:22 INFO  ProfileMatch              :              version: 20.0.2
23:02:22 INFO  ProfileMatch              :         release-date:  --
23:02:22 INFO  ProfileMatch              :     lib root package: "com.google.firebase.ml.vision.imagelabel"  (in app: "b")
23:02:22 INFO  ProfileMatch              : 
23:02:23 INFO  ProfileMatch              :                 name: com.android.support::interpolator
23:02:23 INFO  ProfileMatch              :             category: Android
23:02:23 INFO  ProfileMatch              :              version: 28.0.0
23:02:23 INFO  ProfileMatch              :         release-date:  --
23:02:23 INFO  ProfileMatch              :     lib root package: "android.support.v4.view.animation"  (in app: "b.l.a.a")
23:02:23 INFO  ProfileMatch              : 
23:02:23 INFO  ProfileMatch              :                 name: androidx.interpolator::interpolator
23:02:23 INFO  ProfileMatch              :             category: Android
23:02:23 INFO  ProfileMatch              :              version: 1.0.0
23:02:23 INFO  ProfileMatch              :         release-date:  --
23:02:23 INFO  ProfileMatch              :     lib root package: "androidx.interpolator.view.animation"  (in app: "b.l.a.a")
23:02:23 INFO  ProfileMatch              : 
23:02:23 INFO  ProfileMatch              :                 name: Facebook
23:02:23 INFO  ProfileMatch              :             category: SocialMedia
23:02:23 INFO  ProfileMatch              :              version: 4.27.0  [OLD VERSION]
23:02:23 INFO  ProfileMatch              :         release-date: 26.09.2017
23:02:23 INFO  ProfileMatch              :     lib root package: "com.facebook.all"  (in app: "b")
23:02:23 INFO  ProfileMatch              : 
23:02:23 INFO  ProfileMatch              :                 name: Facebook
23:02:23 INFO  ProfileMatch              :             category: SocialMedia
23:02:23 INFO  ProfileMatch              :              version: 4.28.0  [OLD VERSION]
23:02:23 INFO  ProfileMatch              :         release-date: 07.11.2017
23:02:23 INFO  ProfileMatch              :     lib root package: "com.facebook.all"  (in app: "b")
23:02:23 INFO  ProfileMatch              : 
23:02:23 INFO  ProfileMatch              :                 name: Facebook
23:02:23 INFO  ProfileMatch              :             category: SocialMedia
23:02:23 INFO  ProfileMatch              :              version: 4.29.0  [OLD VERSION]
23:02:23 INFO  ProfileMatch              :         release-date: 05.12.2017
23:02:23 INFO  ProfileMatch              :     lib root package: "com.facebook.all"  (in app: "b")
23:02:23 INFO  ProfileMatch              : 
23:02:23 INFO  ProfileMatch              :                 name: Facebook
23:02:23 INFO  ProfileMatch              :             category: SocialMedia
23:02:23 INFO  ProfileMatch              :              version: 4.30.0  [OLD VERSION]
23:02:23 INFO  ProfileMatch              :         release-date: 24.01.2018
23:02:23 INFO  ProfileMatch              :     lib root package: "com.facebook.all"  (in app: "b")
23:02:23 INFO  ProfileMatch              : 
23:02:23 INFO  ProfileMatch              :                 name: Facebook
23:02:23 INFO  ProfileMatch              :             category: SocialMedia
23:02:23 INFO  ProfileMatch              :              version: 4.31.0  [OLD VERSION]
23:02:23 INFO  ProfileMatch              :         release-date: 28.02.2018
23:02:23 INFO  ProfileMatch              :     lib root package: "com.facebook.all"  (in app: "b")
23:02:23 INFO  ProfileMatch              : 
23:02:23 INFO  ProfileMatch              :                 name: Facebook
23:02:23 INFO  ProfileMatch              :             category: SocialMedia
23:02:23 INFO  ProfileMatch              :              version: 4.32.0  [OLD VERSION]
23:02:23 INFO  ProfileMatch              :         release-date: 11.04.2018
23:02:23 INFO  ProfileMatch              :     lib root package: "com.facebook.all"  (in app: "b")
23:02:23 INFO  ProfileMatch              : 
23:02:23 INFO  ProfileMatch              :                 name: Facebook
23:02:23 INFO  ProfileMatch              :             category: SocialMedia
23:02:23 INFO  ProfileMatch              :              version: 4.33.0  [OLD VERSION]
23:02:23 INFO  ProfileMatch              :         release-date: 01.05.2018
23:02:23 INFO  ProfileMatch              :     lib root package: "com.facebook.all"  (in app: "b")
23:02:23 INFO  ProfileMatch              : 
23:02:23 INFO  ProfileMatch              :                 name: Facebook
23:02:23 INFO  ProfileMatch              :             category: SocialMedia
23:02:23 INFO  ProfileMatch              :              version: 4.34.0  [OLD VERSION]
23:02:23 INFO  ProfileMatch              :         release-date: 19.06.2018
23:02:23 INFO  ProfileMatch              :     lib root package: "com.facebook.all"  (in app: "b")
23:02:23 INFO  ProfileMatch              : 
23:02:23 INFO  ProfileMatch              :                 name: Facebook
23:02:23 INFO  ProfileMatch              :             category: SocialMedia
23:02:23 INFO  ProfileMatch              :              version: 4.35.0  [OLD VERSION]
23:02:23 INFO  ProfileMatch              :         release-date: 26.07.2018
23:02:23 INFO  ProfileMatch              :     lib root package: "com.facebook.all"  (in app: "b")
23:02:23 INFO  ProfileMatch              : 
23:02:23 INFO  ProfileMatch              :                 name: Facebook
23:02:23 INFO  ProfileMatch              :             category: SocialMedia
23:02:23 INFO  ProfileMatch              :              version: 4.36.0  [OLD VERSION]
23:02:23 INFO  ProfileMatch              :         release-date: 29.08.2018
23:02:23 INFO  ProfileMatch              :     lib root package: "com.facebook.all"  (in app: "b")
23:02:23 INFO  ProfileMatch              : 
23:02:23 INFO  ProfileMatch              :                 name: Facebook
23:02:23 INFO  ProfileMatch              :             category: SocialMedia
23:02:23 INFO  ProfileMatch              :              version: 4.36.1  [OLD VERSION]
23:02:23 INFO  ProfileMatch              :         release-date: 15.09.2018
23:02:23 INFO  ProfileMatch              :     lib root package: "com.facebook.all"  (in app: "b")
23:02:23 INFO  ProfileMatch              : 
23:02:23 INFO  ProfileMatch              :                 name: Facebook
23:02:23 INFO  ProfileMatch              :             category: SocialMedia
23:02:23 INFO  ProfileMatch              :              version: 4.37.0  [OLD VERSION]
23:02:23 INFO  ProfileMatch              :         release-date: 27.09.2018
23:02:23 INFO  ProfileMatch              :     lib root package: "com.facebook.all"  (in app: "b")
23:02:23 INFO  ProfileMatch              : 
23:02:23 INFO  ProfileMatch              :                 name: Facebook
23:02:23 INFO  ProfileMatch              :             category: SocialMedia
23:02:23 INFO  ProfileMatch              :              version: 4.38.0  [OLD VERSION]
23:02:23 INFO  ProfileMatch              :         release-date: 23.10.2018
23:02:23 INFO  ProfileMatch              :     lib root package: "com.facebook.all"  (in app: "b")
23:02:23 INFO  ProfileMatch              : 
23:02:23 INFO  ProfileMatch              :                 name: Facebook
23:02:23 INFO  ProfileMatch              :             category: SocialMedia
23:02:23 INFO  ProfileMatch              :              version: 4.38.1  [OLD VERSION]
23:02:23 INFO  ProfileMatch              :         release-date: 31.10.2018
23:02:23 INFO  ProfileMatch              :     lib root package: "com.facebook.all"  (in app: "b")
23:02:23 INFO  ProfileMatch              : 
23:02:23 INFO  ProfileMatch              :                 name: Facebook
23:02:23 INFO  ProfileMatch              :             category: SocialMedia
23:02:23 INFO  ProfileMatch              :              version: 4.39.0  [OLD VERSION]
23:02:23 INFO  ProfileMatch              :         release-date: 05.12.2018
23:02:23 INFO  ProfileMatch              :     lib root package: "com.facebook.all"  (in app: "b")
23:02:23 INFO  ProfileMatch              : 
23:02:23 INFO  ProfileMatch              :                 name: Facebook
23:02:23 INFO  ProfileMatch              :             category: SocialMedia
23:02:23 INFO  ProfileMatch              :              version: 4.40.0  [OLD VERSION]
23:02:23 INFO  ProfileMatch              :         release-date: 22.01.2019
23:02:23 INFO  ProfileMatch              :     lib root package: "com.facebook.all"  (in app: "b")
23:02:23 INFO  ProfileMatch              : 
23:02:23 INFO  ProfileMatch              :                 name: Facebook
23:02:23 INFO  ProfileMatch              :             category: SocialMedia
23:02:23 INFO  ProfileMatch              :              version: 4.41.0  [OLD VERSION]
23:02:23 INFO  ProfileMatch              :         release-date: 08.03.2019
23:02:23 INFO  ProfileMatch              :     lib root package: "com.facebook.all"  (in app: "b")
23:02:23 INFO  ProfileMatch              : 
23:02:23 INFO  ProfileMatch              :                 name: Facebook
23:02:23 INFO  ProfileMatch              :             category: SocialMedia
23:02:23 INFO  ProfileMatch              :              version: 4.42.0  [OLD VERSION]
23:02:23 INFO  ProfileMatch              :         release-date: 08.04.2019
23:02:23 INFO  ProfileMatch              :     lib root package: "com.facebook.all"  (in app: "b")
23:02:23 INFO  ProfileMatch              : 
23:02:23 INFO  ProfileMatch              :                 name: Facebook
23:02:23 INFO  ProfileMatch              :             category: SocialMedia
23:02:23 INFO  ProfileMatch              :              version: 5.0.0  [OLD VERSION]
23:02:23 INFO  ProfileMatch              :         release-date: 30.04.2019
23:02:23 INFO  ProfileMatch              :     lib root package: "com.facebook.all"  (in app: "b")
23:02:23 INFO  ProfileMatch              : 
23:02:23 INFO  ProfileMatch              :                 name: Facebook
23:02:23 INFO  ProfileMatch              :             category: SocialMedia
23:02:23 INFO  ProfileMatch              :              version: 5.0.1  [OLD VERSION]
23:02:23 INFO  ProfileMatch              :         release-date: 17.05.2019
23:02:23 INFO  ProfileMatch              :     lib root package: "com.facebook.all"  (in app: "b")
23:02:23 INFO  ProfileMatch              : 
23:02:23 INFO  ProfileMatch              :                 name: Facebook
23:02:23 INFO  ProfileMatch              :             category: SocialMedia
23:02:23 INFO  ProfileMatch              :              version: 5.0.2  [OLD VERSION]
23:02:23 INFO  ProfileMatch              :         release-date: 09.06.2019
23:02:23 INFO  ProfileMatch              :     lib root package: "com.facebook.all"  (in app: "b")
23:02:23 INFO  ProfileMatch              : 
23:02:23 INFO  ProfileMatch              :                 name: Facebook
23:02:23 INFO  ProfileMatch              :             category: SocialMedia
23:02:23 INFO  ProfileMatch              :              version: 5.0.3  [OLD VERSION]
23:02:23 INFO  ProfileMatch              :         release-date: 14.06.2019
23:02:23 INFO  ProfileMatch              :     lib root package: "com.facebook.all"  (in app: "b")
23:02:23 INFO  ProfileMatch              : 
23:02:23 INFO  ProfileMatch              :                 name: Facebook
23:02:23 INFO  ProfileMatch              :             category: SocialMedia
23:02:23 INFO  ProfileMatch              :              version: 5.1.0  [OLD VERSION]
23:02:23 INFO  ProfileMatch              :         release-date: 21.06.2019
23:02:23 INFO  ProfileMatch              :     lib root package: "com.facebook.all"  (in app: "b")
23:02:23 INFO  ProfileMatch              : 
23:02:23 INFO  ProfileMatch              :                 name: Facebook
23:02:23 INFO  ProfileMatch              :             category: SocialMedia
23:02:23 INFO  ProfileMatch              :              version: 5.1.1  [OLD VERSION]
23:02:23 INFO  ProfileMatch              :         release-date: 02.07.2019
23:02:23 INFO  ProfileMatch              :     lib root package: "com.facebook.all"  (in app: "b")
23:02:23 INFO  ProfileMatch              : 
23:02:23 INFO  ProfileMatch              :                 name: Facebook
23:02:23 INFO  ProfileMatch              :             category: SocialMedia
23:02:23 INFO  ProfileMatch              :              version: 5.2.0  [OLD VERSION]
23:02:23 INFO  ProfileMatch              :         release-date: 29.07.2019
23:02:23 INFO  ProfileMatch              :     lib root package: "com.facebook.all"  (in app: "b")
23:02:23 INFO  ProfileMatch              : 
23:02:23 INFO  ProfileMatch              :                 name: Facebook
23:02:23 INFO  ProfileMatch              :             category: SocialMedia
23:02:23 INFO  ProfileMatch              :              version: 5.4.0  [OLD VERSION]
23:02:23 INFO  ProfileMatch              :         release-date: 16.08.2019
23:02:23 INFO  ProfileMatch              :     lib root package: "com.facebook.all"  (in app: "b")
23:02:23 INFO  ProfileMatch              : 
23:02:23 INFO  ProfileMatch              :                 name: Facebook
23:02:23 INFO  ProfileMatch              :             category: SocialMedia
23:02:23 INFO  ProfileMatch              :              version: 5.5.0  [OLD VERSION]
23:02:23 INFO  ProfileMatch              :         release-date: 31.08.2019
23:02:23 INFO  ProfileMatch              :     lib root package: "com.facebook.all"  (in app: "b")
23:02:23 INFO  ProfileMatch              : 
23:02:23 INFO  ProfileMatch              :                 name: Facebook
23:02:23 INFO  ProfileMatch              :             category: SocialMedia
23:02:23 INFO  ProfileMatch              :              version: 5.5.1  [OLD VERSION]
23:02:23 INFO  ProfileMatch              :         release-date: 06.09.2019
23:02:23 INFO  ProfileMatch              :     lib root package: "com.facebook.all"  (in app: "b")
23:02:23 INFO  ProfileMatch              : 
23:02:23 INFO  ProfileMatch              :                 name: Facebook
23:02:23 INFO  ProfileMatch              :             category: SocialMedia
23:02:23 INFO  ProfileMatch              :              version: 5.5.2  [OLD VERSION]
23:02:23 INFO  ProfileMatch              :         release-date: 05.10.2019
23:02:23 INFO  ProfileMatch              :     lib root package: "com.facebook.all"  (in app: "b")
23:02:23 INFO  ProfileMatch              : 
23:02:23 INFO  ProfileMatch              :                 name: Facebook
23:02:23 INFO  ProfileMatch              :             category: SocialMedia
23:02:23 INFO  ProfileMatch              :              version: 5.8.0  [OLD VERSION]
23:02:23 INFO  ProfileMatch              :         release-date: 08.10.2019
23:02:23 INFO  ProfileMatch              :     lib root package: "com.facebook.all"  (in app: "b")
23:02:23 INFO  ProfileMatch              : 
23:02:23 INFO  ProfileMatch              :                 name: Facebook
23:02:23 INFO  ProfileMatch              :             category: SocialMedia
23:02:23 INFO  ProfileMatch              :              version: 5.9.0  [OLD VERSION]
23:02:23 INFO  ProfileMatch              :         release-date: 29.10.2019
23:02:23 INFO  ProfileMatch              :     lib root package: "com.facebook.all"  (in app: "b")
23:02:23 INFO  ProfileMatch              : 
23:02:23 INFO  ProfileMatch              :                 name: Facebook
23:02:23 INFO  ProfileMatch              :             category: SocialMedia
23:02:23 INFO  ProfileMatch              :              version: 5.11.0  [OLD VERSION]
23:02:23 INFO  ProfileMatch              :         release-date: 15.11.2019
23:02:23 INFO  ProfileMatch              :     lib root package: "com.facebook.all"  (in app: "b")
23:02:23 INFO  ProfileMatch              : 
23:02:23 INFO  ProfileMatch              :                 name: Facebook
23:02:23 INFO  ProfileMatch              :             category: SocialMedia
23:02:23 INFO  ProfileMatch              :              version: 5.11.1  [OLD VERSION]
23:02:23 INFO  ProfileMatch              :         release-date: 21.11.2019
23:02:23 INFO  ProfileMatch              :     lib root package: "com.facebook.all"  (in app: "b")
23:02:23 INFO  ProfileMatch              : 
23:02:23 INFO  ProfileMatch              :                 name: Facebook
23:02:23 INFO  ProfileMatch              :             category: SocialMedia
23:02:23 INFO  ProfileMatch              :              version: 5.11.2  [OLD VERSION]
23:02:23 INFO  ProfileMatch              :         release-date: 22.11.2019
23:02:23 INFO  ProfileMatch              :     lib root package: "com.facebook.all"  (in app: "b")
23:02:23 INFO  ProfileMatch              : 
23:02:23 INFO  ProfileMatch              :                 name: Facebook
23:02:23 INFO  ProfileMatch              :             category: SocialMedia
23:02:23 INFO  ProfileMatch              :              version: 5.12.0  [OLD VERSION]
23:02:23 INFO  ProfileMatch              :         release-date: 04.12.2019
23:02:23 INFO  ProfileMatch              :     lib root package: "com.facebook.all"  (in app: "b")
23:02:23 INFO  ProfileMatch              : 
23:02:23 INFO  ProfileMatch              :                 name: Facebook
23:02:23 INFO  ProfileMatch              :             category: SocialMedia
23:02:23 INFO  ProfileMatch              :              version: 5.12.1  [OLD VERSION]
23:02:23 INFO  ProfileMatch              :         release-date: 09.12.2019
23:02:23 INFO  ProfileMatch              :     lib root package: "com.facebook.all"  (in app: "b")
23:02:23 INFO  ProfileMatch              : 
23:02:23 INFO  ProfileMatch              :                 name: Facebook
23:02:23 INFO  ProfileMatch              :             category: SocialMedia
23:02:23 INFO  ProfileMatch              :              version: 5.13.0  [OLD VERSION]
23:02:23 INFO  ProfileMatch              :         release-date: 12.12.2019
23:02:23 INFO  ProfileMatch              :     lib root package: "com.facebook.all"  (in app: "b")
23:02:23 INFO  ProfileMatch              : 
23:02:23 INFO  ProfileMatch              :                 name: Facebook
23:02:23 INFO  ProfileMatch              :             category: SocialMedia
23:02:23 INFO  ProfileMatch              :              version: 5.15.0  [OLD VERSION]
23:02:23 INFO  ProfileMatch              :         release-date: 21.01.2020
23:02:23 INFO  ProfileMatch              :     lib root package: "com.facebook.all"  (in app: "b")
23:02:23 INFO  ProfileMatch              : 
23:02:23 INFO  ProfileMatch              :                 name: Facebook
23:02:23 INFO  ProfileMatch              :             category: SocialMedia
23:02:23 INFO  ProfileMatch              :              version: 5.15.1  [OLD VERSION]
23:02:23 INFO  ProfileMatch              :         release-date: 29.01.2020
23:02:23 INFO  ProfileMatch              :     lib root package: "com.facebook.all"  (in app: "b")
23:02:23 INFO  ProfileMatch              : 
23:02:23 INFO  ProfileMatch              :                 name: Facebook
23:02:23 INFO  ProfileMatch              :             category: SocialMedia
23:02:23 INFO  ProfileMatch              :              version: 5.15.2  [OLD VERSION]
23:02:23 INFO  ProfileMatch              :         release-date: 03.02.2020
23:02:23 INFO  ProfileMatch              :     lib root package: "com.facebook.all"  (in app: "b")
23:02:23 INFO  ProfileMatch              : 
23:02:23 INFO  ProfileMatch              :                 name: Facebook
23:02:23 INFO  ProfileMatch              :             category: SocialMedia
23:02:23 INFO  ProfileMatch              :              version: 5.15.3  [OLD VERSION]
23:02:23 INFO  ProfileMatch              :         release-date: 03.02.2020
23:02:23 INFO  ProfileMatch              :     lib root package: "com.facebook.all"  (in app: "b")
23:02:23 INFO  ProfileMatch              : 
23:02:23 INFO  ProfileMatch              :                 name: Facebook
23:02:23 INFO  ProfileMatch              :             category: SocialMedia
23:02:23 INFO  ProfileMatch              :              version: 6.0.0  [OLD VERSION]
23:02:23 INFO  ProfileMatch              :         release-date: 03.02.2020
23:02:23 INFO  ProfileMatch              :     lib root package: "com.facebook.all"  (in app: "b")
23:02:23 INFO  ProfileMatch              : 
23:02:23 INFO  ProfileMatch              :                 name: Facebook
23:02:23 INFO  ProfileMatch              :             category: SocialMedia
23:02:23 INFO  ProfileMatch              :              version: 6.1.0  [OLD VERSION]
23:02:23 INFO  ProfileMatch              :         release-date: 14.02.2020
23:02:23 INFO  ProfileMatch              :     lib root package: "com.facebook.all"  (in app: "b")
23:02:23 INFO  ProfileMatch              : 
23:02:23 INFO  ProfileMatch              :                 name: Facebook
23:02:23 INFO  ProfileMatch              :             category: SocialMedia
23:02:23 INFO  ProfileMatch              :              version: 6.2.0  [OLD VERSION]
23:02:23 INFO  ProfileMatch              :         release-date: 09.03.2020
23:02:23 INFO  ProfileMatch              :     lib root package: "com.facebook.all"  (in app: "b")
23:02:23 INFO  ProfileMatch              : 
23:02:23 INFO  ProfileMatch              :                 name: Facebook
23:02:23 INFO  ProfileMatch              :             category: SocialMedia
23:02:23 INFO  ProfileMatch              :              version: 6.3.0  [OLD VERSION]
23:02:23 INFO  ProfileMatch              :         release-date: 25.03.2020
23:02:23 INFO  ProfileMatch              :     lib root package: "com.facebook.all"  (in app: "b")
23:02:23 INFO  ProfileMatch              : 
23:02:23 INFO  ProfileMatch              :                 name: Facebook
23:02:23 INFO  ProfileMatch              :             category: SocialMedia
23:02:23 INFO  ProfileMatch              :              version: 6.4.0  [OLD VERSION]
23:02:23 INFO  ProfileMatch              :         release-date: 15.04.2020
23:02:23 INFO  ProfileMatch              :     lib root package: "com.facebook.all"  (in app: "b")
23:02:23 INFO  ProfileMatch              : 
23:02:23 INFO  ProfileMatch              :                 name: Facebook
23:02:23 INFO  ProfileMatch              :             category: SocialMedia
23:02:23 INFO  ProfileMatch              :              version: 6.5.0  [OLD VERSION]
23:02:23 INFO  ProfileMatch              :         release-date: 20.04.2020
23:02:23 INFO  ProfileMatch              :     lib root package: "com.facebook.all"  (in app: "b")
23:02:23 INFO  ProfileMatch              : 
23:02:23 INFO  ProfileMatch              :                 name: Facebook
23:02:23 INFO  ProfileMatch              :             category: SocialMedia
23:02:23 INFO  ProfileMatch              :              version: 6.5.1  [OLD VERSION]
23:02:23 INFO  ProfileMatch              :         release-date: 23.04.2020
23:02:23 INFO  ProfileMatch              :     lib root package: "com.facebook.all"  (in app: "b")
23:02:23 INFO  ProfileMatch              : 
23:02:23 INFO  ProfileMatch              :                 name: Facebook
23:02:23 INFO  ProfileMatch              :             category: SocialMedia
23:02:23 INFO  ProfileMatch              :              version: 7.0.0  [OLD VERSION]
23:02:23 INFO  ProfileMatch              :         release-date: 05.05.2020
23:02:23 INFO  ProfileMatch              :     lib root package: "com.facebook.all"  (in app: "b")
23:02:23 INFO  ProfileMatch              : 
23:02:23 INFO  ProfileMatch              :                 name: Facebook
23:02:23 INFO  ProfileMatch              :             category: SocialMedia
23:02:23 INFO  ProfileMatch              :              version: 7.0.1  [OLD VERSION]
23:02:23 INFO  ProfileMatch              :         release-date: 09.06.2020
23:02:23 INFO  ProfileMatch              :     lib root package: "com.facebook.all"  (in app: "b")
23:02:23 INFO  ProfileMatch              : 
23:02:23 INFO  ProfileMatch              :                 name: Facebook
23:02:23 INFO  ProfileMatch              :             category: SocialMedia
23:02:23 INFO  ProfileMatch              :              version: 7.1.0  [OLD VERSION]
23:02:23 INFO  ProfileMatch              :         release-date: 23.06.2020
23:02:23 INFO  ProfileMatch              :     lib root package: "com.facebook.all"  (in app: "b")
23:02:23 INFO  ProfileMatch              : 
23:02:23 INFO  ProfileMatch              :                 name: Facebook
23:02:23 INFO  ProfileMatch              :             category: SocialMedia
23:02:23 INFO  ProfileMatch              :              version: 8.0.0  [OLD VERSION]
23:02:23 INFO  ProfileMatch              :         release-date: 28.09.2020
23:02:23 INFO  ProfileMatch              :     lib root package: "com.facebook.all"  (in app: "b")
23:02:23 INFO  ProfileMatch              : 
23:02:23 INFO  ProfileMatch              :                 name: Facebook
23:02:23 INFO  ProfileMatch              :             category: SocialMedia
23:02:23 INFO  ProfileMatch              :              version: 8.1.0  [OLD VERSION]
23:02:23 INFO  ProfileMatch              :         release-date: 14.10.2020
23:02:23 INFO  ProfileMatch              :     lib root package: "com.facebook.all"  (in app: "b")
23:02:23 INFO  ProfileMatch              : 
23:02:23 INFO  ProfileMatch              :                 name: Facebook
23:02:23 INFO  ProfileMatch              :             category: SocialMedia
23:02:23 INFO  ProfileMatch              :              version: 8.2.0  [OLD VERSION]
23:02:23 INFO  ProfileMatch              :         release-date: 18.12.2020
23:02:23 INFO  ProfileMatch              :     lib root package: "com.facebook.all"  (in app: "b")
23:02:23 INFO  ProfileMatch              : 
23:02:23 INFO  ProfileMatch              :                 name: Facebook
23:02:23 INFO  ProfileMatch              :             category: SocialMedia
23:02:23 INFO  ProfileMatch              :              version: 9.0.0  [OLD VERSION]
23:02:23 INFO  ProfileMatch              :         release-date: 19.01.2021
23:02:23 INFO  ProfileMatch              :     lib root package: "com.facebook.all"  (in app: "b")
23:02:23 INFO  ProfileMatch              : 
23:02:23 INFO  ProfileMatch              :                 name: Facebook
23:02:23 INFO  ProfileMatch              :             category: SocialMedia
23:02:23 INFO  ProfileMatch              :              version: 9.1.0  [OLD VERSION]
23:02:23 INFO  ProfileMatch              :         release-date: 15.03.2021
23:02:23 INFO  ProfileMatch              :     lib root package: "com.facebook.all"  (in app: "b")
23:02:23 INFO  ProfileMatch              : 
23:02:23 INFO  ProfileMatch              :                 name: Facebook
23:02:23 INFO  ProfileMatch              :             category: SocialMedia
23:02:23 INFO  ProfileMatch              :              version: 9.1.1  [OLD VERSION]
23:02:23 INFO  ProfileMatch              :         release-date: 12.04.2021
23:02:23 INFO  ProfileMatch              :     lib root package: "com.facebook.all"  (in app: "b")
23:02:23 INFO  ProfileMatch              : 
23:02:23 INFO  ProfileMatch              :                 name: Facebook
23:02:23 INFO  ProfileMatch              :             category: SocialMedia
23:02:23 INFO  ProfileMatch              :              version: 11.0.0  [OLD VERSION]
23:02:23 INFO  ProfileMatch              :         release-date: 08.06.2021
23:02:23 INFO  ProfileMatch              :     lib root package: "com.facebook.all"  (in app: "b")
23:02:23 INFO  ProfileMatch              : 
23:02:23 INFO  ProfileMatch              :                 name: Facebook
23:02:23 INFO  ProfileMatch              :             category: SocialMedia
23:02:23 INFO  ProfileMatch              :              version: 11.1.0  [OLD VERSION]
23:02:23 INFO  ProfileMatch              :         release-date: 06.07.2021
23:02:23 INFO  ProfileMatch              :     lib root package: "com.facebook.all"  (in app: "b")
23:02:23 INFO  ProfileMatch              : 
23:02:23 INFO  ProfileMatch              :                 name: Facebook
23:02:23 INFO  ProfileMatch              :             category: SocialMedia
23:02:23 INFO  ProfileMatch              :              version: 11.1.1  [OLD VERSION]
23:02:23 INFO  ProfileMatch              :         release-date: 19.07.2021
23:02:23 INFO  ProfileMatch              :     lib root package: "com.facebook.all"  (in app: "b")
23:02:23 INFO  ProfileMatch              : 
23:02:23 INFO  ProfileMatch              :                 name: Facebook
23:02:23 INFO  ProfileMatch              :             category: SocialMedia
23:02:23 INFO  ProfileMatch              :              version: 11.2.0  [OLD VERSION]
23:02:23 INFO  ProfileMatch              :         release-date: 03.08.2021
23:02:23 INFO  ProfileMatch              :     lib root package: "com.facebook.all"  (in app: "b")
23:02:23 INFO  ProfileMatch              : 
23:02:23 INFO  ProfileMatch              :                 name: Facebook
23:02:23 INFO  ProfileMatch              :             category: SocialMedia
23:02:23 INFO  ProfileMatch              :              version: 11.3.0  [OLD VERSION]
23:02:23 INFO  ProfileMatch              :         release-date: 07.09.2021
23:02:23 INFO  ProfileMatch              :     lib root package: "com.facebook.all"  (in app: "b")
23:02:23 INFO  ProfileMatch              : 
23:02:23 INFO  ProfileMatch              :                 name: Facebook
23:02:23 INFO  ProfileMatch              :             category: SocialMedia
23:02:23 INFO  ProfileMatch              :              version: 12.0.0  [OLD VERSION]
23:02:23 INFO  ProfileMatch              :         release-date: 05.10.2021
23:02:23 INFO  ProfileMatch              :     lib root package: "com.facebook.all"  (in app: "b")
23:02:23 INFO  ProfileMatch              : 
23:02:23 INFO  ProfileMatch              :                 name: Facebook
23:02:23 INFO  ProfileMatch              :             category: SocialMedia
23:02:23 INFO  ProfileMatch              :              version: 12.0.1  [OLD VERSION]
23:02:23 INFO  ProfileMatch              :         release-date: 13.10.2021
23:02:23 INFO  ProfileMatch              :     lib root package: "com.facebook.all"  (in app: "b")
23:02:23 INFO  ProfileMatch              : 
23:02:23 INFO  ProfileMatch              :                 name: Facebook
23:02:23 INFO  ProfileMatch              :             category: SocialMedia
23:02:23 INFO  ProfileMatch              :              version: 12.1.0  [OLD VERSION]
23:02:23 INFO  ProfileMatch              :         release-date: 01.11.2021
23:02:23 INFO  ProfileMatch              :     lib root package: "com.facebook.all"  (in app: "b")
23:02:23 INFO  ProfileMatch              : 
23:02:23 INFO  ProfileMatch              :                 name: Facebook
23:02:23 INFO  ProfileMatch              :             category: SocialMedia
23:02:23 INFO  ProfileMatch              :              version: 12.2.0  [OLD VERSION]
23:02:23 INFO  ProfileMatch              :         release-date: 06.12.2021
23:02:23 INFO  ProfileMatch              :     lib root package: "com.facebook.all"  (in app: "b")
23:02:23 INFO  ProfileMatch              : 
23:02:23 INFO  ProfileMatch              :                 name: Facebook
23:02:23 INFO  ProfileMatch              :             category: SocialMedia
23:02:23 INFO  ProfileMatch              :              version: 12.3.0  [OLD VERSION]
23:02:23 INFO  ProfileMatch              :         release-date: 10.01.2022
23:02:23 INFO  ProfileMatch              :     lib root package: "com.facebook.all"  (in app: "b")
23:02:23 INFO  ProfileMatch              : 
23:02:23 INFO  ProfileMatch              :                 name: Facebook
23:02:23 INFO  ProfileMatch              :             category: SocialMedia
23:02:23 INFO  ProfileMatch              :              version: 13.0.0  [OLD VERSION]
23:02:23 INFO  ProfileMatch              :         release-date: 23.02.2022
23:02:23 INFO  ProfileMatch              :     lib root package: "com.facebook.all"  (in app: "b")
23:02:23 INFO  ProfileMatch              : 
23:02:23 INFO  ProfileMatch              :                 name: Facebook
23:02:23 INFO  ProfileMatch              :             category: SocialMedia
23:02:23 INFO  ProfileMatch              :              version: 13.1.0  [OLD VERSION]
23:02:23 INFO  ProfileMatch              :         release-date: 21.03.2022
23:02:23 INFO  ProfileMatch              :     lib root package: "com.facebook.all"  (in app: "b")
23:02:23 INFO  ProfileMatch              : 
23:02:23 INFO  ProfileMatch              :                 name: Facebook
23:02:23 INFO  ProfileMatch              :             category: SocialMedia
23:02:23 INFO  ProfileMatch              :              version: 13.2.0  [OLD VERSION]
23:02:23 INFO  ProfileMatch              :         release-date: 22.04.2022
23:02:23 INFO  ProfileMatch              :     lib root package: "com.facebook.all"  (in app: "b")
23:02:23 INFO  ProfileMatch              : 
23:02:23 INFO  ProfileMatch              :                 name: Facebook
23:02:23 INFO  ProfileMatch              :             category: SocialMedia
23:02:23 INFO  ProfileMatch              :              version: 14.0.0
23:02:23 INFO  ProfileMatch              :         release-date: 14.06.2022
23:02:23 INFO  ProfileMatch              :     lib root package: "com.facebook.all"  (in app: "b")
23:02:23 INFO  ProfileMatch              : 
23:02:23 INFO  LibraryIdentifier         : 
23:02:23 INFO  LibraryIdentifier         : - Partial library matches:
23:02:23 INFO  LibraryIdentifier         :                 name: androidx.arch.core::core-common
23:02:23 INFO  LibraryIdentifier         :             category: Android
23:02:23 INFO  LibraryIdentifier         :              version: 2.1.0
23:02:23 INFO  LibraryIdentifier         :         release-date:  --
23:02:23 INFO  LibraryIdentifier         :     lib root package: "androidx.arch.core"
23:02:23 INFO  LibraryIdentifier         :         Partial matching results:
23:02:23 INFO  LibraryIdentifier         :              - config: Hashing.md5() | Flags: no-flag | Keep: PN | Prune: MSIG   score: 0.75
23:02:23 INFO  LibraryIdentifier         : 
23:02:23 INFO  LibraryIdentifier         :                 name: android.arch.core::runtime
23:02:23 INFO  LibraryIdentifier         :             category: Android
23:02:23 INFO  LibraryIdentifier         :              version: 1.1.0  [OLD VERSION]
23:02:23 INFO  LibraryIdentifier         :         release-date:  --
23:02:23 INFO  LibraryIdentifier         :     lib root package: "android.arch.core"
23:02:23 INFO  LibraryIdentifier         :         Partial matching results:
23:02:23 INFO  LibraryIdentifier         :              - config: Hashing.md5() | Flags: no-flag | Keep: PN | Prune: MSIG   score: 0.8
23:02:23 INFO  LibraryIdentifier         : 
23:02:23 INFO  LibraryIdentifier         : 
23:02:23 INFO  LibraryIdentifier         : App processing time: 28 sec, 191 ms
