04:24:44 INFO  LibraryIdentifier         : Process app: com.coboltforge.dontmind.multivnc_87.apk
04:24:44 INFO  LibraryIdentifier         : = Manifest Parser =
04:24:44 INFO  LibraryIdentifier         :         Package name: com.coboltforge.dontmind.multivnc
04:24:44 INFO  LibraryIdentifier         :         Version code: 87
04:24:44 INFO  LibraryIdentifier         :        minSdkVersion: 21
04:24:44 INFO  LibraryIdentifier         :     targetSdkVersion: 30
04:24:44 INFO  LibraryIdentifier         :         SharedUserId:  - none -
04:24:44 INFO  LibraryIdentifier         :     Library dependencies:  - none -
04:24:44 INFO  LibraryIdentifier         : 
04:24:44 INFO  LibraryIdentifier         : Found 402 unique libraries in 12405 library profiles
04:24:44 INFO  LibraryIdentifier         : Generated class hierarchy (in 604 ms)
04:24:45 INFO  WalaUtils                 : 
04:24:45 INFO  WalaUtils                 : = ClassHierarchy Stats =
04:24:45 INFO  WalaUtils                 :     # of classes: 2113
04:24:45 INFO  WalaUtils                 :     # thereof inner classes: 1015
04:24:45 INFO  WalaUtils                 :     # thereof public classes: 1162
04:24:45 INFO  WalaUtils                 :         Activity : 10
04:24:45 INFO  WalaUtils                 :         Application : 0
04:24:45 INFO  WalaUtils                 :         AsyncTask : 0
04:24:45 INFO  WalaUtils                 :         BroadcastReceiver : 2
04:24:45 INFO  WalaUtils                 :         ContentProvider : 1
04:24:45 INFO  WalaUtils                 :         Fragment : 1
04:24:45 INFO  WalaUtils                 :         Handler : 2
04:24:45 INFO  WalaUtils                 :         LayoutContainer : 50
04:24:45 INFO  WalaUtils                 :         Plain : 2006
04:24:45 INFO  WalaUtils                 :         Runnable : 0
04:24:45 INFO  WalaUtils                 :         Service : 3
04:24:45 INFO  WalaUtils                 :         Thread : 6
04:24:45 INFO  WalaUtils                 :         View : 32
04:24:45 INFO  WalaUtils                 :     # methods: 14800
04:24:45 INFO  WalaUtils                 :         # of publicly accessible methods: 9500
04:24:45 INFO  WalaUtils                 :         # of non-accessible methods: 5300
04:24:45 INFO  WalaUtils                 : 
04:24:45 INFO  Profile                   : = PackageTree =
04:24:45 INFO  PackageTree               : Root Package: androidx
04:24:45 INFO  PackageTree               : └── Root
04:24:45 INFO  PackageTree               :     ├── androidx
04:24:45 INFO  PackageTree               :     │   ├── fragment
04:24:45 INFO  PackageTree               :     │   │   └── app (75)
04:24:45 INFO  PackageTree               :     │   ├── appcompat
04:24:45 INFO  PackageTree               :     │   │   ├── widget (161)
04:24:45 INFO  PackageTree               :     │   │   ├── graphics
04:24:45 INFO  PackageTree               :     │   │   │   └── drawable (14)
04:24:45 INFO  PackageTree               :     │   │   ├── app (58)
04:24:45 INFO  PackageTree               :     │   │   ├── view (14)
04:24:45 INFO  PackageTree               :     │   │   │   └── menu (43)
04:24:45 INFO  PackageTree               :     │   │   └── content
04:24:45 INFO  PackageTree               :     │   │       └── res (2)
04:24:45 INFO  PackageTree               :     │   ├── recyclerview
04:24:45 INFO  PackageTree               :     │   │   └── widget (109)
04:24:45 INFO  PackageTree               :     │   ├── transition (73)
04:24:45 INFO  PackageTree               :     │   ├── core
04:24:45 INFO  PackageTree               :     │   │   ├── provider (15)
04:24:45 INFO  PackageTree               :     │   │   ├── app (25)
04:24:45 INFO  PackageTree               :     │   │   ├── view (41)
04:24:45 INFO  PackageTree               :     │   │   │   └── accessibility (19)
04:24:45 INFO  PackageTree               :     │   │   ├── content (2)
04:24:45 INFO  PackageTree               :     │   │   │   └── res (15)
04:24:45 INFO  PackageTree               :     │   │   ├── graphics (15)
04:24:45 INFO  PackageTree               :     │   │   │   └── drawable (8)
04:24:45 INFO  PackageTree               :     │   │   ├── widget (20)
04:24:45 INFO  PackageTree               :     │   │   ├── util (8)
04:24:45 INFO  PackageTree               :     │   │   ├── internal
04:24:45 INFO  PackageTree               :     │   │   │   └── view (3)
04:24:45 INFO  PackageTree               :     │   │   ├── text (16)
04:24:45 INFO  PackageTree               :     │   │   ├── math (1)
04:24:45 INFO  PackageTree               :     │   │   └── os (3)
04:24:45 INFO  PackageTree               :     │   ├── cursoradapter
04:24:45 INFO  PackageTree               :     │   │   └── widget (6)
04:24:45 INFO  PackageTree               :     │   ├── room (42)
04:24:45 INFO  PackageTree               :     │   │   ├── util (9)
04:24:45 INFO  PackageTree               :     │   │   └── migration (1)
04:24:45 INFO  PackageTree               :     │   ├── coordinatorlayout
04:24:45 INFO  PackageTree               :     │   │   └── widget (13)
04:24:45 INFO  PackageTree               :     │   ├── savedstate (8)
04:24:45 INFO  PackageTree               :     │   ├── arch
04:24:45 INFO  PackageTree               :     │   │   └── core
04:24:45 INFO  PackageTree               :     │   │       ├── executor (6)
04:24:45 INFO  PackageTree               :     │   │       └── internal (8)
04:24:45 INFO  PackageTree               :     │   ├── vectordrawable
04:24:45 INFO  PackageTree               :     │   │   └── graphics
04:24:45 INFO  PackageTree               :     │   │       └── drawable (20)
04:24:45 INFO  PackageTree               :     │   ├── loader
04:24:45 INFO  PackageTree               :     │   │   ├── app (5)
04:24:45 INFO  PackageTree               :     │   │   └── content (1)
04:24:45 INFO  PackageTree               :     │   ├── lifecycle (51)
04:24:45 INFO  PackageTree               :     │   ├── customview
04:24:45 INFO  PackageTree               :     │   │   ├── widget (12)
04:24:45 INFO  PackageTree               :     │   │   └── view (3)
04:24:45 INFO  PackageTree               :     │   ├── cardview
04:24:45 INFO  PackageTree               :     │   │   └── widget (11)
04:24:45 INFO  PackageTree               :     │   ├── annotation (1)
04:24:45 INFO  PackageTree               :     │   ├── activity (12)
04:24:45 INFO  PackageTree               :     │   ├── sqlite
04:24:45 INFO  PackageTree               :     │   │   └── db (10)
04:24:45 INFO  PackageTree               :     │   │       └── framework (9)
04:24:45 INFO  PackageTree               :     │   ├── versionedparcelable (6)
04:24:45 INFO  PackageTree               :     │   ├── collection (15)
04:24:45 INFO  PackageTree               :     │   ├── viewpager2
04:24:45 INFO  PackageTree               :     │   │   └── adapter (3)
04:24:45 INFO  PackageTree               :     │   └── interpolator
04:24:45 INFO  PackageTree               :     │       └── view
04:24:45 INFO  PackageTree               :     │           └── animation (4)
04:24:45 INFO  PackageTree               :     ├── javax
04:24:45 INFO  PackageTree               :     │   └── jmdns (10)
04:24:45 INFO  PackageTree               :     │       └── impl (55)
04:24:45 INFO  PackageTree               :     │           ├── tasks (3)
04:24:45 INFO  PackageTree               :     │           │   ├── state (5)
04:24:45 INFO  PackageTree               :     │           │   └── resolver (3)
04:24:45 INFO  PackageTree               :     │           └── constants (8)
04:24:45 INFO  PackageTree               :     ├── kotlinx
04:24:45 INFO  PackageTree               :     │   ├── coroutines (85)
04:24:45 INFO  PackageTree               :     │   │   ├── internal (38)
04:24:45 INFO  PackageTree               :     │   │   ├── scheduling (16)
04:24:45 INFO  PackageTree               :     │   │   ├── android (5)
04:24:45 INFO  PackageTree               :     │   │   └── intrinsics (2)
04:24:45 INFO  PackageTree               :     │   └── serialization (14)
04:24:45 INFO  PackageTree               :     │       ├── internal (91)
04:24:45 INFO  PackageTree               :     │       ├── encoding (9)
04:24:45 INFO  PackageTree               :     │       ├── descriptors (34)
04:24:45 INFO  PackageTree               :     │       ├── json (37)
04:24:45 INFO  PackageTree               :     │       │   └── internal (25)
04:24:45 INFO  PackageTree               :     │       ├── modules (4)
04:24:45 INFO  PackageTree               :     │       └── builtins (1)
04:24:45 INFO  PackageTree               :     ├── com
04:24:45 INFO  PackageTree               :     │   ├── google
04:24:45 INFO  PackageTree               :     │   │   └── android
04:24:45 INFO  PackageTree               :     │   │       └── material
04:24:45 INFO  PackageTree               :     │   │           ├── textfield (46)
04:24:45 INFO  PackageTree               :     │   │           ├── appbar (19)
04:24:45 INFO  PackageTree               :     │   │           ├── behavior (7)
04:24:45 INFO  PackageTree               :     │   │           ├── transformation (15)
04:24:45 INFO  PackageTree               :     │   │           ├── shape (28)
04:24:45 INFO  PackageTree               :     │   │           ├── internal (25)
04:24:45 INFO  PackageTree               :     │   │           ├── datepicker (39)
04:24:45 INFO  PackageTree               :     │   │           ├── floatingactionbutton (31)
04:24:45 INFO  PackageTree               :     │   │           ├── bottomappbar (13)
04:24:45 INFO  PackageTree               :     │   │           ├── card (2)
04:24:45 INFO  PackageTree               :     │   │           ├── chip (11)
04:24:45 INFO  PackageTree               :     │   │           ├── bottomsheet (9)
04:24:45 INFO  PackageTree               :     │   │           ├── elevation (1)
04:24:45 INFO  PackageTree               :     │   │           ├── shadow (2)
04:24:45 INFO  PackageTree               :     │   │           ├── resources (9)
04:24:45 INFO  PackageTree               :     │   │           ├── animation (11)
04:24:45 INFO  PackageTree               :     │   │           ├── theme (1)
04:24:45 INFO  PackageTree               :     │   │           │   └── overlay (1)
04:24:45 INFO  PackageTree               :     │   │           ├── circularreveal (9)
04:24:45 INFO  PackageTree               :     │   │           │   └── cardview (1)
04:24:45 INFO  PackageTree               :     │   │           ├── button (6)
04:24:45 INFO  PackageTree               :     │   │           ├── snackbar (12)
04:24:45 INFO  PackageTree               :     │   │           ├── math (1)
04:24:45 INFO  PackageTree               :     │   │           ├── ripple (3)
04:24:45 INFO  PackageTree               :     │   │           ├── stateful (2)
04:24:45 INFO  PackageTree               :     │   │           ├── drawable (1)
04:24:45 INFO  PackageTree               :     │   │           ├── expandable (2)
04:24:45 INFO  PackageTree               :     │   │           ├── radiobutton (1)
04:24:45 INFO  PackageTree               :     │   │           ├── textview (1)
04:24:45 INFO  PackageTree               :     │   │           ├── canvas (1)
04:24:45 INFO  PackageTree               :     │   │           ├── color (1)
04:24:45 INFO  PackageTree               :     │   │           └── checkbox (1)
04:24:45 INFO  PackageTree               :     │   ├── antlersoft
04:24:45 INFO  PackageTree               :     │   │   ├── android
04:24:45 INFO  PackageTree               :     │   │   │   └── contentxml (6)
04:24:45 INFO  PackageTree               :     │   │   └── util
04:24:45 INFO  PackageTree               :     │   │       └── xml (6)
04:24:45 INFO  PackageTree               :     │   └── coboltforge
04:24:45 INFO  PackageTree               :     │       └── dontmind
04:24:45 INFO  PackageTree               :     │           └── multivnc (129)
04:24:45 INFO  PackageTree               :     ├── kotlin (29)
04:24:45 INFO  PackageTree               :     │   ├── collections (40)
04:24:45 INFO  PackageTree               :     │   ├── text (26)
04:24:45 INFO  PackageTree               :     │   ├── internal (4)
04:24:45 INFO  PackageTree               :     │   ├── jvm (1)
04:24:45 INFO  PackageTree               :     │   │   ├── internal (25)
04:24:45 INFO  PackageTree               :     │   │   └── functions (23)
04:24:45 INFO  PackageTree               :     │   ├── sequences (11)
04:24:45 INFO  PackageTree               :     │   ├── random (5)
04:24:45 INFO  PackageTree               :     │   ├── reflect (6)
04:24:45 INFO  PackageTree               :     │   ├── coroutines (16)
04:24:45 INFO  PackageTree               :     │   │   ├── intrinsics (6)
04:24:45 INFO  PackageTree               :     │   │   └── jvm
04:24:45 INFO  PackageTree               :     │   │       └── internal (11)
04:24:45 INFO  PackageTree               :     │   ├── ranges (8)
04:24:45 INFO  PackageTree               :     │   ├── comparisons (4)
04:24:45 INFO  PackageTree               :     │   └── io (2)
04:24:45 INFO  PackageTree               :     └── android
04:24:45 INFO  PackageTree               :         └── support
04:24:45 INFO  PackageTree               :             └── v4
04:24:45 INFO  PackageTree               :                 ├── graphics
04:24:45 INFO  PackageTree               :                 │   └── drawable (1)
04:24:45 INFO  PackageTree               :                 └── app (1)
04:24:45 INFO  Profile                   : 
04:24:45 INFO  AppProfile                : - generated app package tree (in 40 ms)
04:24:45 INFO  AppProfile                : 
04:24:45 DEBUG HashTree                  : Generate hash tree..
04:24:45 DEBUG HashTree                  :     - generated 116 package hashes.
04:24:45 DEBUG HashTree                  :     - generated 2035 clazz hashes.
04:24:45 DEBUG HashTree                  :     - generated 14800 method hashes.
04:24:45 DEBUG HashTree                  :     => Library Hash: c6545b195091103b5d252967bebcc0b6
04:24:45 INFO  AppProfile                : - generated app hash trees (in 380 ms)
04:24:45 INFO  AppProfile                : 
04:24:45 INFO  LibraryIdentifier         : = Scan for library root packages (heuristic) =
04:24:45 INFO  LibraryIdentifier         :     - Found lib root package androidx.annotation  (androidx.annotation::annotation)
04:24:45 INFO  LibraryIdentifier         :     - Found lib root package androidx.appcompat  (androidx.appcompat::appcompat)
04:24:45 INFO  LibraryIdentifier         :     - Found lib root package androidx.arch.core  (androidx.arch.core::core-common)
04:24:45 INFO  LibraryIdentifier         :     - Found lib root package androidx.arch.core.executor  (androidx.arch.core::core-runtime)
04:24:45 INFO  LibraryIdentifier         :     - Found lib root package androidx.cardview.widget  (androidx.cardview::cardview)
04:24:45 INFO  LibraryIdentifier         :     - Found lib root package androidx.collection  (androidx.collection::collection)
04:24:45 INFO  LibraryIdentifier         :     - Found lib root package androidx.collection  (androidx.collection::collection-ktx)
04:24:45 INFO  LibraryIdentifier         :     - Found lib root package androidx.coordinatorlayout.widget  (androidx.coordinatorlayout::coordinatorlayout)
04:24:45 INFO  LibraryIdentifier         :     - Found lib root package androidx.core  (androidx.core::core)
04:24:45 INFO  LibraryIdentifier         :     - Found lib root package androidx  (androidx.core::core-ktx)
04:24:45 INFO  LibraryIdentifier         :     - Found lib root package androidx.cursoradapter.widget  (androidx.cursoradapter::cursoradapter)
04:24:45 INFO  LibraryIdentifier         :     - Found lib root package androidx.customview  (androidx.customview::customview)
04:24:45 INFO  LibraryIdentifier         :     - Found lib root package androidx.fragment.app  (androidx.fragment::fragment)
04:24:45 INFO  LibraryIdentifier         :     - Found lib root package androidx.fragment.app  (androidx.fragment::fragment-ktx)
04:24:45 INFO  LibraryIdentifier         :     - Found lib root package androidx.interpolator.view.animation  (androidx.interpolator::interpolator)
04:24:45 INFO  LibraryIdentifier         :     - Found lib root package androidx.lifecycle  (androidx.lifecycle::lifecycle-common)
04:24:45 INFO  LibraryIdentifier         :     - Found lib root package androidx.lifecycle  (androidx.lifecycle::lifecycle-common-java8)
04:24:45 INFO  LibraryIdentifier         :     - Found lib root package androidx.lifecycle  (androidx.lifecycle::lifecycle-compiler)
04:24:45 INFO  LibraryIdentifier         :     - Found lib root package androidx.lifecycle  (androidx.lifecycle::lifecycle-extensions)
04:24:45 INFO  LibraryIdentifier         :     - Found lib root package androidx.lifecycle  (androidx.lifecycle::lifecycle-livedata)
04:24:45 INFO  LibraryIdentifier         :     - Found lib root package androidx.lifecycle  (androidx.lifecycle::lifecycle-livedata-core)
04:24:45 INFO  LibraryIdentifier         :     - Found lib root package androidx.lifecycle  (androidx.lifecycle::lifecycle-process)
04:24:45 INFO  LibraryIdentifier         :     - Found lib root package androidx.lifecycle  (androidx.lifecycle::lifecycle-reactivestreams)
04:24:45 INFO  LibraryIdentifier         :     - Found lib root package androidx.lifecycle  (androidx.lifecycle::lifecycle-reactivestreams-ktx)
04:24:45 INFO  LibraryIdentifier         :     - Found lib root package androidx.lifecycle  (androidx.lifecycle::lifecycle-runtime)
04:24:45 INFO  LibraryIdentifier         :     - Found lib root package androidx.lifecycle  (androidx.lifecycle::lifecycle-service)
04:24:45 INFO  LibraryIdentifier         :     - Found lib root package androidx.lifecycle  (androidx.lifecycle::lifecycle-viewmodel)
04:24:45 INFO  LibraryIdentifier         :     - Found lib root package androidx.lifecycle  (androidx.lifecycle::lifecycle-viewmodel-ktx)
04:24:45 INFO  LibraryIdentifier         :     - Found lib root package androidx.loader  (androidx.loader::loader)
04:24:45 INFO  LibraryIdentifier         :     - Found lib root package androidx.recyclerview.widget  (androidx.recyclerview::recyclerview)
04:24:45 INFO  LibraryIdentifier         :     - Found lib root package androidx.room  (androidx.room::room-common)
04:24:45 INFO  LibraryIdentifier         :     - Found lib root package androidx.room  (androidx.room::room-compiler)
04:24:45 INFO  LibraryIdentifier         :     - Found lib root package androidx.room  (androidx.room::room-runtime)
04:24:45 INFO  LibraryIdentifier         :     - Found lib root package androidx.room  (androidx.room::room-rxjava2)
04:24:45 INFO  LibraryIdentifier         :     - Found lib root package androidx.sqlite.db  (androidx.sqlite::sqlite)
04:24:45 INFO  LibraryIdentifier         :     - Found lib root package androidx.sqlite.db.framework  (androidx.sqlite::sqlite-framework)
04:24:45 INFO  LibraryIdentifier         :     - Found lib root package androidx.sqlite.db  (androidx.sqlite::sqlite-ktx)
04:24:45 INFO  LibraryIdentifier         :     - Found lib root package androidx.transition  (androidx.transition::transition)
04:24:45 INFO  LibraryIdentifier         :     - Found lib root package androidx.vectordrawable.graphics.drawable  (androidx.vectordrawable::vectordrawable)
04:24:45 INFO  LibraryIdentifier         :     - Found lib root package androidx.vectordrawable.graphics.drawable  (androidx.vectordrawable::vectordrawable-animated)
04:24:45 INFO  LibraryIdentifier         :     - Found lib root package androidx.versionedparcelable  (androidx.versionedparcelable::versionedparcelable)
04:24:45 INFO  LibraryIdentifier         :     - Found lib root package android.support.v4  (com.android.support::customview)
04:24:45 INFO  LibraryIdentifier         :     - Found lib root package android.support.v4  (com.android.support::loader)
04:24:45 INFO  LibraryIdentifier         :     - Found lib root package android.support.v4  (com.android.support::support-compat)
04:24:45 INFO  LibraryIdentifier         :     - Found lib root package android.support.v4  (com.android.support::support-core-ui)
04:24:45 INFO  LibraryIdentifier         :     - Found lib root package android.support.v4  (com.android.support::support-core-utils)
04:24:45 INFO  LibraryIdentifier         :     - Found lib root package android.support.v4.app  (com.android.support::support-fragment)
04:24:45 INFO  LibraryIdentifier         :     - Found lib root package android.support.v4  (com.android.support::support-v4)
04:24:45 INFO  LibraryIdentifier         :     - Found lib root package androidx.versionedparcelable  (com.android.support::versionedparcelable)
04:24:45 INFO  LibraryIdentifier         :     - Found lib root package com.google.android.material  (com.google.android.material::material)
04:24:45 INFO  LibraryIdentifier         : 
04:24:45 INFO  LibraryIdentifier         : = Match profiles =
04:25:14 INFO  LibraryIdentifier         :     >> profile matching done (28 sec, 598 ms)
04:25:14 INFO  LibraryIdentifier         : 
04:25:14 INFO  LibraryIdentifier         : == Report ==
04:25:14 INFO  LibraryIdentifier         : - Full library matches:
04:25:14 INFO  ProfileMatch              :                 name: androidx.palette::palette-ktx
04:25:14 INFO  ProfileMatch              :             category: Android
04:25:14 INFO  ProfileMatch              :              version: 1.0.0
04:25:14 INFO  ProfileMatch              :         release-date:  --
04:25:14 INFO  ProfileMatch              :     lib root package: "androidx.palette.graphics"  (in app: "kotlinx.serialization.json")
04:25:14 INFO  ProfileMatch              : 
04:25:14 INFO  ProfileMatch              :                 name: com.android.support::interpolator
04:25:14 INFO  ProfileMatch              :             category: Android
04:25:14 INFO  ProfileMatch              :              version: 28.0.0
04:25:14 INFO  ProfileMatch              :         release-date:  --
04:25:14 INFO  ProfileMatch              :     lib root package: "android.support.v4.view.animation"  (in app: "androidx.interpolator.view.animation")
04:25:14 INFO  ProfileMatch              : 
04:25:14 INFO  ProfileMatch              :                 name: androidx.interpolator::interpolator
04:25:14 INFO  ProfileMatch              :             category: Android
04:25:14 INFO  ProfileMatch              :              version: 1.0.0
04:25:14 INFO  ProfileMatch              :         release-date:  --
04:25:14 INFO  ProfileMatch              :     lib root package: "androidx.interpolator.view.animation"
04:25:14 INFO  ProfileMatch              : 
04:25:14 INFO  ProfileMatch              :                 name: Facebook
04:25:14 INFO  ProfileMatch              :             category: SocialMedia
04:25:14 INFO  ProfileMatch              :              version: 4.27.0  [OLD VERSION]
04:25:14 INFO  ProfileMatch              :         release-date: 26.09.2017
04:25:14 INFO  ProfileMatch              :     lib root package: "com.facebook.all"  (in app: "kotlinx.serialization.json")
04:25:14 INFO  ProfileMatch              : 
04:25:14 INFO  ProfileMatch              :                 name: Facebook
04:25:14 INFO  ProfileMatch              :             category: SocialMedia
04:25:14 INFO  ProfileMatch              :              version: 4.28.0  [OLD VERSION]
04:25:14 INFO  ProfileMatch              :         release-date: 07.11.2017
04:25:14 INFO  ProfileMatch              :     lib root package: "com.facebook.all"  (in app: "kotlinx.serialization.json")
04:25:14 INFO  ProfileMatch              : 
04:25:14 INFO  ProfileMatch              :                 name: Facebook
04:25:14 INFO  ProfileMatch              :             category: SocialMedia
04:25:14 INFO  ProfileMatch              :              version: 4.29.0  [OLD VERSION]
04:25:14 INFO  ProfileMatch              :         release-date: 05.12.2017
04:25:14 INFO  ProfileMatch              :     lib root package: "com.facebook.all"  (in app: "kotlinx.serialization.json")
04:25:14 INFO  ProfileMatch              : 
04:25:14 INFO  ProfileMatch              :                 name: Facebook
04:25:14 INFO  ProfileMatch              :             category: SocialMedia
04:25:14 INFO  ProfileMatch              :              version: 4.30.0  [OLD VERSION]
04:25:14 INFO  ProfileMatch              :         release-date: 24.01.2018
04:25:14 INFO  ProfileMatch              :     lib root package: "com.facebook.all"  (in app: "kotlinx.serialization.json")
04:25:14 INFO  ProfileMatch              : 
04:25:14 INFO  ProfileMatch              :                 name: Facebook
04:25:14 INFO  ProfileMatch              :             category: SocialMedia
04:25:14 INFO  ProfileMatch              :              version: 4.31.0  [OLD VERSION]
04:25:14 INFO  ProfileMatch              :         release-date: 28.02.2018
04:25:14 INFO  ProfileMatch              :     lib root package: "com.facebook.all"  (in app: "kotlinx.serialization.json")
04:25:14 INFO  ProfileMatch              : 
04:25:14 INFO  ProfileMatch              :                 name: Facebook
04:25:14 INFO  ProfileMatch              :             category: SocialMedia
04:25:14 INFO  ProfileMatch              :              version: 4.32.0  [OLD VERSION]
04:25:14 INFO  ProfileMatch              :         release-date: 11.04.2018
04:25:14 INFO  ProfileMatch              :     lib root package: "com.facebook.all"  (in app: "kotlinx.serialization.json")
04:25:14 INFO  ProfileMatch              : 
04:25:14 INFO  ProfileMatch              :                 name: Facebook
04:25:14 INFO  ProfileMatch              :             category: SocialMedia
04:25:14 INFO  ProfileMatch              :              version: 4.33.0  [OLD VERSION]
04:25:14 INFO  ProfileMatch              :         release-date: 01.05.2018
04:25:14 INFO  ProfileMatch              :     lib root package: "com.facebook.all"  (in app: "kotlinx.serialization.json")
04:25:14 INFO  ProfileMatch              : 
04:25:14 INFO  ProfileMatch              :                 name: Facebook
04:25:14 INFO  ProfileMatch              :             category: SocialMedia
04:25:14 INFO  ProfileMatch              :              version: 4.34.0  [OLD VERSION]
04:25:14 INFO  ProfileMatch              :         release-date: 19.06.2018
04:25:14 INFO  ProfileMatch              :     lib root package: "com.facebook.all"  (in app: "kotlinx.serialization.json")
04:25:14 INFO  ProfileMatch              : 
04:25:14 INFO  ProfileMatch              :                 name: Facebook
04:25:14 INFO  ProfileMatch              :             category: SocialMedia
04:25:14 INFO  ProfileMatch              :              version: 4.35.0  [OLD VERSION]
04:25:14 INFO  ProfileMatch              :         release-date: 26.07.2018
04:25:14 INFO  ProfileMatch              :     lib root package: "com.facebook.all"  (in app: "kotlinx.serialization.json")
04:25:14 INFO  ProfileMatch              : 
04:25:14 INFO  ProfileMatch              :                 name: Facebook
04:25:14 INFO  ProfileMatch              :             category: SocialMedia
04:25:14 INFO  ProfileMatch              :              version: 4.36.0  [OLD VERSION]
04:25:14 INFO  ProfileMatch              :         release-date: 29.08.2018
04:25:14 INFO  ProfileMatch              :     lib root package: "com.facebook.all"  (in app: "kotlinx.serialization.json")
04:25:14 INFO  ProfileMatch              : 
04:25:14 INFO  ProfileMatch              :                 name: Facebook
04:25:14 INFO  ProfileMatch              :             category: SocialMedia
04:25:14 INFO  ProfileMatch              :              version: 4.36.1  [OLD VERSION]
04:25:14 INFO  ProfileMatch              :         release-date: 15.09.2018
04:25:14 INFO  ProfileMatch              :     lib root package: "com.facebook.all"  (in app: "kotlinx.serialization.json")
04:25:14 INFO  ProfileMatch              : 
04:25:14 INFO  ProfileMatch              :                 name: Facebook
04:25:14 INFO  ProfileMatch              :             category: SocialMedia
04:25:14 INFO  ProfileMatch              :              version: 4.37.0  [OLD VERSION]
04:25:14 INFO  ProfileMatch              :         release-date: 27.09.2018
04:25:14 INFO  ProfileMatch              :     lib root package: "com.facebook.all"  (in app: "kotlinx.serialization.json")
04:25:14 INFO  ProfileMatch              : 
04:25:14 INFO  ProfileMatch              :                 name: Facebook
04:25:14 INFO  ProfileMatch              :             category: SocialMedia
04:25:14 INFO  ProfileMatch              :              version: 4.38.0  [OLD VERSION]
04:25:14 INFO  ProfileMatch              :         release-date: 23.10.2018
04:25:14 INFO  ProfileMatch              :     lib root package: "com.facebook.all"  (in app: "kotlinx.serialization.json")
04:25:14 INFO  ProfileMatch              : 
04:25:14 INFO  ProfileMatch              :                 name: Facebook
04:25:14 INFO  ProfileMatch              :             category: SocialMedia
04:25:14 INFO  ProfileMatch              :              version: 4.38.1  [OLD VERSION]
04:25:14 INFO  ProfileMatch              :         release-date: 31.10.2018
04:25:14 INFO  ProfileMatch              :     lib root package: "com.facebook.all"  (in app: "kotlinx.serialization.json")
04:25:14 INFO  ProfileMatch              : 
04:25:14 INFO  ProfileMatch              :                 name: Facebook
04:25:14 INFO  ProfileMatch              :             category: SocialMedia
04:25:14 INFO  ProfileMatch              :              version: 4.39.0  [OLD VERSION]
04:25:14 INFO  ProfileMatch              :         release-date: 05.12.2018
04:25:14 INFO  ProfileMatch              :     lib root package: "com.facebook.all"  (in app: "kotlinx.serialization.json")
04:25:14 INFO  ProfileMatch              : 
04:25:14 INFO  ProfileMatch              :                 name: Facebook
04:25:14 INFO  ProfileMatch              :             category: SocialMedia
04:25:14 INFO  ProfileMatch              :              version: 4.40.0  [OLD VERSION]
04:25:14 INFO  ProfileMatch              :         release-date: 22.01.2019
04:25:14 INFO  ProfileMatch              :     lib root package: "com.facebook.all"  (in app: "kotlinx.serialization.json")
04:25:14 INFO  ProfileMatch              : 
04:25:14 INFO  ProfileMatch              :                 name: Facebook
04:25:14 INFO  ProfileMatch              :             category: SocialMedia
04:25:14 INFO  ProfileMatch              :              version: 4.41.0  [OLD VERSION]
04:25:14 INFO  ProfileMatch              :         release-date: 08.03.2019
04:25:14 INFO  ProfileMatch              :     lib root package: "com.facebook.all"  (in app: "kotlinx.serialization.json")
04:25:14 INFO  ProfileMatch              : 
04:25:14 INFO  ProfileMatch              :                 name: Facebook
04:25:14 INFO  ProfileMatch              :             category: SocialMedia
04:25:14 INFO  ProfileMatch              :              version: 4.42.0  [OLD VERSION]
04:25:14 INFO  ProfileMatch              :         release-date: 08.04.2019
04:25:14 INFO  ProfileMatch              :     lib root package: "com.facebook.all"  (in app: "kotlinx.serialization.json")
04:25:14 INFO  ProfileMatch              : 
04:25:14 INFO  ProfileMatch              :                 name: Facebook
04:25:14 INFO  ProfileMatch              :             category: SocialMedia
04:25:14 INFO  ProfileMatch              :              version: 5.0.0  [OLD VERSION]
04:25:14 INFO  ProfileMatch              :         release-date: 30.04.2019
04:25:14 INFO  ProfileMatch              :     lib root package: "com.facebook.all"  (in app: "kotlinx.serialization.json")
04:25:14 INFO  ProfileMatch              : 
04:25:14 INFO  ProfileMatch              :                 name: Facebook
04:25:14 INFO  ProfileMatch              :             category: SocialMedia
04:25:14 INFO  ProfileMatch              :              version: 5.0.1  [OLD VERSION]
04:25:14 INFO  ProfileMatch              :         release-date: 17.05.2019
04:25:14 INFO  ProfileMatch              :     lib root package: "com.facebook.all"  (in app: "kotlinx.serialization.json")
04:25:14 INFO  ProfileMatch              : 
04:25:14 INFO  ProfileMatch              :                 name: Facebook
04:25:14 INFO  ProfileMatch              :             category: SocialMedia
04:25:14 INFO  ProfileMatch              :              version: 5.0.2  [OLD VERSION]
04:25:14 INFO  ProfileMatch              :         release-date: 09.06.2019
04:25:14 INFO  ProfileMatch              :     lib root package: "com.facebook.all"  (in app: "kotlinx.serialization.json")
04:25:14 INFO  ProfileMatch              : 
04:25:14 INFO  ProfileMatch              :                 name: Facebook
04:25:14 INFO  ProfileMatch              :             category: SocialMedia
04:25:14 INFO  ProfileMatch              :              version: 5.0.3  [OLD VERSION]
04:25:14 INFO  ProfileMatch              :         release-date: 14.06.2019
04:25:14 INFO  ProfileMatch              :     lib root package: "com.facebook.all"  (in app: "kotlinx.serialization.json")
04:25:14 INFO  ProfileMatch              : 
04:25:14 INFO  ProfileMatch              :                 name: Facebook
04:25:14 INFO  ProfileMatch              :             category: SocialMedia
04:25:14 INFO  ProfileMatch              :              version: 5.1.0  [OLD VERSION]
04:25:14 INFO  ProfileMatch              :         release-date: 21.06.2019
04:25:14 INFO  ProfileMatch              :     lib root package: "com.facebook.all"  (in app: "kotlinx.serialization.json")
04:25:14 INFO  ProfileMatch              : 
04:25:14 INFO  ProfileMatch              :                 name: Facebook
04:25:14 INFO  ProfileMatch              :             category: SocialMedia
04:25:14 INFO  ProfileMatch              :              version: 5.1.1  [OLD VERSION]
04:25:14 INFO  ProfileMatch              :         release-date: 02.07.2019
04:25:14 INFO  ProfileMatch              :     lib root package: "com.facebook.all"  (in app: "kotlinx.serialization.json")
04:25:14 INFO  ProfileMatch              : 
04:25:14 INFO  ProfileMatch              :                 name: Facebook
04:25:14 INFO  ProfileMatch              :             category: SocialMedia
04:25:14 INFO  ProfileMatch              :              version: 5.2.0  [OLD VERSION]
04:25:14 INFO  ProfileMatch              :         release-date: 29.07.2019
04:25:14 INFO  ProfileMatch              :     lib root package: "com.facebook.all"  (in app: "kotlinx.serialization.json")
04:25:14 INFO  ProfileMatch              : 
04:25:14 INFO  ProfileMatch              :                 name: Facebook
04:25:14 INFO  ProfileMatch              :             category: SocialMedia
04:25:14 INFO  ProfileMatch              :              version: 5.4.0  [OLD VERSION]
04:25:14 INFO  ProfileMatch              :         release-date: 16.08.2019
04:25:14 INFO  ProfileMatch              :     lib root package: "com.facebook.all"  (in app: "kotlinx.serialization.json")
04:25:14 INFO  ProfileMatch              : 
04:25:14 INFO  ProfileMatch              :                 name: Facebook
04:25:14 INFO  ProfileMatch              :             category: SocialMedia
04:25:14 INFO  ProfileMatch              :              version: 5.5.0  [OLD VERSION]
04:25:14 INFO  ProfileMatch              :         release-date: 31.08.2019
04:25:14 INFO  ProfileMatch              :     lib root package: "com.facebook.all"  (in app: "kotlinx.serialization.json")
04:25:14 INFO  ProfileMatch              : 
04:25:14 INFO  ProfileMatch              :                 name: Facebook
04:25:14 INFO  ProfileMatch              :             category: SocialMedia
04:25:14 INFO  ProfileMatch              :              version: 5.5.1  [OLD VERSION]
04:25:14 INFO  ProfileMatch              :         release-date: 06.09.2019
04:25:14 INFO  ProfileMatch              :     lib root package: "com.facebook.all"  (in app: "kotlinx.serialization.json")
04:25:14 INFO  ProfileMatch              : 
04:25:14 INFO  ProfileMatch              :                 name: Facebook
04:25:14 INFO  ProfileMatch              :             category: SocialMedia
04:25:14 INFO  ProfileMatch              :              version: 5.5.2  [OLD VERSION]
04:25:14 INFO  ProfileMatch              :         release-date: 05.10.2019
04:25:14 INFO  ProfileMatch              :     lib root package: "com.facebook.all"  (in app: "kotlinx.serialization.json")
04:25:14 INFO  ProfileMatch              : 
04:25:14 INFO  ProfileMatch              :                 name: Facebook
04:25:14 INFO  ProfileMatch              :             category: SocialMedia
04:25:14 INFO  ProfileMatch              :              version: 5.8.0  [OLD VERSION]
04:25:14 INFO  ProfileMatch              :         release-date: 08.10.2019
04:25:14 INFO  ProfileMatch              :     lib root package: "com.facebook.all"  (in app: "kotlinx.serialization.json")
04:25:14 INFO  ProfileMatch              : 
04:25:14 INFO  ProfileMatch              :                 name: Facebook
04:25:14 INFO  ProfileMatch              :             category: SocialMedia
04:25:14 INFO  ProfileMatch              :              version: 5.9.0  [OLD VERSION]
04:25:14 INFO  ProfileMatch              :         release-date: 29.10.2019
04:25:14 INFO  ProfileMatch              :     lib root package: "com.facebook.all"  (in app: "kotlinx.serialization.json")
04:25:14 INFO  ProfileMatch              : 
04:25:14 INFO  ProfileMatch              :                 name: Facebook
04:25:14 INFO  ProfileMatch              :             category: SocialMedia
04:25:14 INFO  ProfileMatch              :              version: 5.11.0  [OLD VERSION]
04:25:14 INFO  ProfileMatch              :         release-date: 15.11.2019
04:25:14 INFO  ProfileMatch              :     lib root package: "com.facebook.all"  (in app: "kotlinx.serialization.json")
04:25:14 INFO  ProfileMatch              : 
04:25:14 INFO  ProfileMatch              :                 name: Facebook
04:25:14 INFO  ProfileMatch              :             category: SocialMedia
04:25:14 INFO  ProfileMatch              :              version: 5.11.1  [OLD VERSION]
04:25:14 INFO  ProfileMatch              :         release-date: 21.11.2019
04:25:14 INFO  ProfileMatch              :     lib root package: "com.facebook.all"  (in app: "kotlinx.serialization.json")
04:25:14 INFO  ProfileMatch              : 
04:25:14 INFO  ProfileMatch              :                 name: Facebook
04:25:14 INFO  ProfileMatch              :             category: SocialMedia
04:25:14 INFO  ProfileMatch              :              version: 5.11.2  [OLD VERSION]
04:25:14 INFO  ProfileMatch              :         release-date: 22.11.2019
04:25:14 INFO  ProfileMatch              :     lib root package: "com.facebook.all"  (in app: "kotlinx.serialization.json")
04:25:14 INFO  ProfileMatch              : 
04:25:14 INFO  ProfileMatch              :                 name: Facebook
04:25:14 INFO  ProfileMatch              :             category: SocialMedia
04:25:14 INFO  ProfileMatch              :              version: 5.12.0  [OLD VERSION]
04:25:14 INFO  ProfileMatch              :         release-date: 04.12.2019
04:25:14 INFO  ProfileMatch              :     lib root package: "com.facebook.all"  (in app: "kotlinx.serialization.json")
04:25:14 INFO  ProfileMatch              : 
04:25:14 INFO  ProfileMatch              :                 name: Facebook
04:25:14 INFO  ProfileMatch              :             category: SocialMedia
04:25:14 INFO  ProfileMatch              :              version: 5.12.1  [OLD VERSION]
04:25:14 INFO  ProfileMatch              :         release-date: 09.12.2019
04:25:14 INFO  ProfileMatch              :     lib root package: "com.facebook.all"  (in app: "kotlinx.serialization.json")
04:25:14 INFO  ProfileMatch              : 
04:25:14 INFO  ProfileMatch              :                 name: Facebook
04:25:14 INFO  ProfileMatch              :             category: SocialMedia
04:25:14 INFO  ProfileMatch              :              version: 5.13.0  [OLD VERSION]
04:25:14 INFO  ProfileMatch              :         release-date: 12.12.2019
04:25:14 INFO  ProfileMatch              :     lib root package: "com.facebook.all"  (in app: "kotlinx.serialization.json")
04:25:14 INFO  ProfileMatch              : 
04:25:14 INFO  ProfileMatch              :                 name: Facebook
04:25:14 INFO  ProfileMatch              :             category: SocialMedia
04:25:14 INFO  ProfileMatch              :              version: 5.15.0  [OLD VERSION]
04:25:14 INFO  ProfileMatch              :         release-date: 21.01.2020
04:25:14 INFO  ProfileMatch              :     lib root package: "com.facebook.all"  (in app: "kotlinx.serialization.json")
04:25:14 INFO  ProfileMatch              : 
04:25:14 INFO  ProfileMatch              :                 name: Facebook
04:25:14 INFO  ProfileMatch              :             category: SocialMedia
04:25:14 INFO  ProfileMatch              :              version: 5.15.1  [OLD VERSION]
04:25:14 INFO  ProfileMatch              :         release-date: 29.01.2020
04:25:14 INFO  ProfileMatch              :     lib root package: "com.facebook.all"  (in app: "kotlinx.serialization.json")
04:25:14 INFO  ProfileMatch              : 
04:25:14 INFO  ProfileMatch              :                 name: Facebook
04:25:14 INFO  ProfileMatch              :             category: SocialMedia
04:25:14 INFO  ProfileMatch              :              version: 5.15.2  [OLD VERSION]
04:25:14 INFO  ProfileMatch              :         release-date: 03.02.2020
04:25:14 INFO  ProfileMatch              :     lib root package: "com.facebook.all"  (in app: "kotlinx.serialization.json")
04:25:14 INFO  ProfileMatch              : 
04:25:14 INFO  ProfileMatch              :                 name: Facebook
04:25:14 INFO  ProfileMatch              :             category: SocialMedia
04:25:14 INFO  ProfileMatch              :              version: 5.15.3  [OLD VERSION]
04:25:14 INFO  ProfileMatch              :         release-date: 03.02.2020
04:25:14 INFO  ProfileMatch              :     lib root package: "com.facebook.all"  (in app: "kotlinx.serialization.json")
04:25:14 INFO  ProfileMatch              : 
04:25:14 INFO  ProfileMatch              :                 name: Facebook
04:25:14 INFO  ProfileMatch              :             category: SocialMedia
04:25:14 INFO  ProfileMatch              :              version: 6.0.0  [OLD VERSION]
04:25:14 INFO  ProfileMatch              :         release-date: 03.02.2020
04:25:14 INFO  ProfileMatch              :     lib root package: "com.facebook.all"  (in app: "kotlinx.serialization.json")
04:25:14 INFO  ProfileMatch              : 
04:25:14 INFO  ProfileMatch              :                 name: Facebook
04:25:14 INFO  ProfileMatch              :             category: SocialMedia
04:25:14 INFO  ProfileMatch              :              version: 6.1.0  [OLD VERSION]
04:25:14 INFO  ProfileMatch              :         release-date: 14.02.2020
04:25:14 INFO  ProfileMatch              :     lib root package: "com.facebook.all"  (in app: "kotlinx.serialization.json")
04:25:14 INFO  ProfileMatch              : 
04:25:14 INFO  ProfileMatch              :                 name: Facebook
04:25:14 INFO  ProfileMatch              :             category: SocialMedia
04:25:14 INFO  ProfileMatch              :              version: 6.2.0  [OLD VERSION]
04:25:14 INFO  ProfileMatch              :         release-date: 09.03.2020
04:25:14 INFO  ProfileMatch              :     lib root package: "com.facebook.all"  (in app: "kotlinx.serialization.json")
04:25:14 INFO  ProfileMatch              : 
04:25:14 INFO  ProfileMatch              :                 name: Facebook
04:25:14 INFO  ProfileMatch              :             category: SocialMedia
04:25:14 INFO  ProfileMatch              :              version: 6.3.0  [OLD VERSION]
04:25:14 INFO  ProfileMatch              :         release-date: 25.03.2020
04:25:14 INFO  ProfileMatch              :     lib root package: "com.facebook.all"  (in app: "kotlinx.serialization.json")
04:25:14 INFO  ProfileMatch              : 
04:25:14 INFO  ProfileMatch              :                 name: Facebook
04:25:14 INFO  ProfileMatch              :             category: SocialMedia
04:25:14 INFO  ProfileMatch              :              version: 6.4.0  [OLD VERSION]
04:25:14 INFO  ProfileMatch              :         release-date: 15.04.2020
04:25:14 INFO  ProfileMatch              :     lib root package: "com.facebook.all"  (in app: "kotlinx.serialization.json")
04:25:14 INFO  ProfileMatch              : 
04:25:14 INFO  ProfileMatch              :                 name: Facebook
04:25:14 INFO  ProfileMatch              :             category: SocialMedia
04:25:14 INFO  ProfileMatch              :              version: 6.5.0  [OLD VERSION]
04:25:14 INFO  ProfileMatch              :         release-date: 20.04.2020
04:25:14 INFO  ProfileMatch              :     lib root package: "com.facebook.all"  (in app: "kotlinx.serialization.json")
04:25:14 INFO  ProfileMatch              : 
04:25:14 INFO  ProfileMatch              :                 name: Facebook
04:25:14 INFO  ProfileMatch              :             category: SocialMedia
04:25:14 INFO  ProfileMatch              :              version: 6.5.1  [OLD VERSION]
04:25:14 INFO  ProfileMatch              :         release-date: 23.04.2020
04:25:14 INFO  ProfileMatch              :     lib root package: "com.facebook.all"  (in app: "kotlinx.serialization.json")
04:25:14 INFO  ProfileMatch              : 
04:25:14 INFO  ProfileMatch              :                 name: Facebook
04:25:14 INFO  ProfileMatch              :             category: SocialMedia
04:25:14 INFO  ProfileMatch              :              version: 7.0.0  [OLD VERSION]
04:25:14 INFO  ProfileMatch              :         release-date: 05.05.2020
04:25:14 INFO  ProfileMatch              :     lib root package: "com.facebook.all"  (in app: "kotlinx.serialization.json")
04:25:14 INFO  ProfileMatch              : 
04:25:14 INFO  ProfileMatch              :                 name: Facebook
04:25:14 INFO  ProfileMatch              :             category: SocialMedia
04:25:14 INFO  ProfileMatch              :              version: 7.0.1  [OLD VERSION]
04:25:14 INFO  ProfileMatch              :         release-date: 09.06.2020
04:25:14 INFO  ProfileMatch              :     lib root package: "com.facebook.all"  (in app: "kotlinx.serialization.json")
04:25:14 INFO  ProfileMatch              : 
04:25:14 INFO  ProfileMatch              :                 name: Facebook
04:25:14 INFO  ProfileMatch              :             category: SocialMedia
04:25:14 INFO  ProfileMatch              :              version: 7.1.0  [OLD VERSION]
04:25:14 INFO  ProfileMatch              :         release-date: 23.06.2020
04:25:14 INFO  ProfileMatch              :     lib root package: "com.facebook.all"  (in app: "kotlinx.serialization.json")
04:25:14 INFO  ProfileMatch              : 
04:25:14 INFO  ProfileMatch              :                 name: Facebook
04:25:14 INFO  ProfileMatch              :             category: SocialMedia
04:25:14 INFO  ProfileMatch              :              version: 8.0.0  [OLD VERSION]
04:25:14 INFO  ProfileMatch              :         release-date: 28.09.2020
04:25:14 INFO  ProfileMatch              :     lib root package: "com.facebook.all"  (in app: "kotlinx.serialization.json")
04:25:14 INFO  ProfileMatch              : 
04:25:14 INFO  ProfileMatch              :                 name: Facebook
04:25:14 INFO  ProfileMatch              :             category: SocialMedia
04:25:14 INFO  ProfileMatch              :              version: 8.1.0  [OLD VERSION]
04:25:14 INFO  ProfileMatch              :         release-date: 14.10.2020
04:25:14 INFO  ProfileMatch              :     lib root package: "com.facebook.all"  (in app: "kotlinx.serialization.json")
04:25:14 INFO  ProfileMatch              : 
04:25:14 INFO  ProfileMatch              :                 name: Facebook
04:25:14 INFO  ProfileMatch              :             category: SocialMedia
04:25:14 INFO  ProfileMatch              :              version: 8.2.0  [OLD VERSION]
04:25:14 INFO  ProfileMatch              :         release-date: 18.12.2020
04:25:14 INFO  ProfileMatch              :     lib root package: "com.facebook.all"  (in app: "kotlinx.serialization.json")
04:25:14 INFO  ProfileMatch              : 
04:25:14 INFO  ProfileMatch              :                 name: Facebook
04:25:14 INFO  ProfileMatch              :             category: SocialMedia
04:25:14 INFO  ProfileMatch              :              version: 9.0.0  [OLD VERSION]
04:25:14 INFO  ProfileMatch              :         release-date: 19.01.2021
04:25:14 INFO  ProfileMatch              :     lib root package: "com.facebook.all"  (in app: "kotlinx.serialization.json")
04:25:14 INFO  ProfileMatch              : 
04:25:14 INFO  ProfileMatch              :                 name: Facebook
04:25:14 INFO  ProfileMatch              :             category: SocialMedia
04:25:14 INFO  ProfileMatch              :              version: 9.1.0  [OLD VERSION]
04:25:14 INFO  ProfileMatch              :         release-date: 15.03.2021
04:25:14 INFO  ProfileMatch              :     lib root package: "com.facebook.all"  (in app: "kotlinx.serialization.json")
04:25:14 INFO  ProfileMatch              : 
04:25:14 INFO  ProfileMatch              :                 name: Facebook
04:25:14 INFO  ProfileMatch              :             category: SocialMedia
04:25:14 INFO  ProfileMatch              :              version: 9.1.1  [OLD VERSION]
04:25:14 INFO  ProfileMatch              :         release-date: 12.04.2021
04:25:14 INFO  ProfileMatch              :     lib root package: "com.facebook.all"  (in app: "kotlinx.serialization.json")
04:25:14 INFO  ProfileMatch              : 
04:25:14 INFO  ProfileMatch              :                 name: Facebook
04:25:14 INFO  ProfileMatch              :             category: SocialMedia
04:25:14 INFO  ProfileMatch              :              version: 11.0.0  [OLD VERSION]
04:25:14 INFO  ProfileMatch              :         release-date: 08.06.2021
04:25:14 INFO  ProfileMatch              :     lib root package: "com.facebook.all"  (in app: "kotlinx.serialization.json")
04:25:14 INFO  ProfileMatch              : 
04:25:14 INFO  ProfileMatch              :                 name: Facebook
04:25:14 INFO  ProfileMatch              :             category: SocialMedia
04:25:14 INFO  ProfileMatch              :              version: 11.1.0  [OLD VERSION]
04:25:14 INFO  ProfileMatch              :         release-date: 06.07.2021
04:25:14 INFO  ProfileMatch              :     lib root package: "com.facebook.all"  (in app: "kotlinx.serialization.json")
04:25:14 INFO  ProfileMatch              : 
04:25:14 INFO  ProfileMatch              :                 name: Facebook
04:25:14 INFO  ProfileMatch              :             category: SocialMedia
04:25:14 INFO  ProfileMatch              :              version: 11.1.1  [OLD VERSION]
04:25:14 INFO  ProfileMatch              :         release-date: 19.07.2021
04:25:14 INFO  ProfileMatch              :     lib root package: "com.facebook.all"  (in app: "kotlinx.serialization.json")
04:25:14 INFO  ProfileMatch              : 
04:25:14 INFO  ProfileMatch              :                 name: Facebook
04:25:14 INFO  ProfileMatch              :             category: SocialMedia
04:25:14 INFO  ProfileMatch              :              version: 11.2.0  [OLD VERSION]
04:25:14 INFO  ProfileMatch              :         release-date: 03.08.2021
04:25:14 INFO  ProfileMatch              :     lib root package: "com.facebook.all"  (in app: "kotlinx.serialization.json")
04:25:14 INFO  ProfileMatch              : 
04:25:14 INFO  ProfileMatch              :                 name: Facebook
04:25:14 INFO  ProfileMatch              :             category: SocialMedia
04:25:14 INFO  ProfileMatch              :              version: 11.3.0  [OLD VERSION]
04:25:14 INFO  ProfileMatch              :         release-date: 07.09.2021
04:25:14 INFO  ProfileMatch              :     lib root package: "com.facebook.all"  (in app: "kotlinx.serialization.json")
04:25:14 INFO  ProfileMatch              : 
04:25:14 INFO  ProfileMatch              :                 name: Facebook
04:25:14 INFO  ProfileMatch              :             category: SocialMedia
04:25:14 INFO  ProfileMatch              :              version: 12.0.0  [OLD VERSION]
04:25:14 INFO  ProfileMatch              :         release-date: 05.10.2021
04:25:14 INFO  ProfileMatch              :     lib root package: "com.facebook.all"  (in app: "kotlinx.serialization.json")
04:25:14 INFO  ProfileMatch              : 
04:25:14 INFO  ProfileMatch              :                 name: Facebook
04:25:14 INFO  ProfileMatch              :             category: SocialMedia
04:25:14 INFO  ProfileMatch              :              version: 12.0.1  [OLD VERSION]
04:25:14 INFO  ProfileMatch              :         release-date: 13.10.2021
04:25:14 INFO  ProfileMatch              :     lib root package: "com.facebook.all"  (in app: "kotlinx.serialization.json")
04:25:14 INFO  ProfileMatch              : 
04:25:14 INFO  ProfileMatch              :                 name: Facebook
04:25:14 INFO  ProfileMatch              :             category: SocialMedia
04:25:14 INFO  ProfileMatch              :              version: 12.1.0  [OLD VERSION]
04:25:14 INFO  ProfileMatch              :         release-date: 01.11.2021
04:25:14 INFO  ProfileMatch              :     lib root package: "com.facebook.all"  (in app: "kotlinx.serialization.json")
04:25:14 INFO  ProfileMatch              : 
04:25:14 INFO  ProfileMatch              :                 name: Facebook
04:25:14 INFO  ProfileMatch              :             category: SocialMedia
04:25:14 INFO  ProfileMatch              :              version: 12.2.0  [OLD VERSION]
04:25:14 INFO  ProfileMatch              :         release-date: 06.12.2021
04:25:14 INFO  ProfileMatch              :     lib root package: "com.facebook.all"  (in app: "kotlinx.serialization.json")
04:25:14 INFO  ProfileMatch              : 
04:25:14 INFO  ProfileMatch              :                 name: Facebook
04:25:14 INFO  ProfileMatch              :             category: SocialMedia
04:25:14 INFO  ProfileMatch              :              version: 12.3.0  [OLD VERSION]
04:25:14 INFO  ProfileMatch              :         release-date: 10.01.2022
04:25:14 INFO  ProfileMatch              :     lib root package: "com.facebook.all"  (in app: "kotlinx.serialization.json")
04:25:14 INFO  ProfileMatch              : 
04:25:14 INFO  ProfileMatch              :                 name: Facebook
04:25:14 INFO  ProfileMatch              :             category: SocialMedia
04:25:14 INFO  ProfileMatch              :              version: 13.0.0  [OLD VERSION]
04:25:14 INFO  ProfileMatch              :         release-date: 23.02.2022
04:25:14 INFO  ProfileMatch              :     lib root package: "com.facebook.all"  (in app: "kotlinx.serialization.json")
04:25:14 INFO  ProfileMatch              : 
04:25:14 INFO  ProfileMatch              :                 name: Facebook
04:25:14 INFO  ProfileMatch              :             category: SocialMedia
04:25:14 INFO  ProfileMatch              :              version: 13.1.0  [OLD VERSION]
04:25:14 INFO  ProfileMatch              :         release-date: 21.03.2022
04:25:14 INFO  ProfileMatch              :     lib root package: "com.facebook.all"  (in app: "kotlinx.serialization.json")
04:25:14 INFO  ProfileMatch              : 
04:25:14 INFO  ProfileMatch              :                 name: Facebook
04:25:14 INFO  ProfileMatch              :             category: SocialMedia
04:25:14 INFO  ProfileMatch              :              version: 13.2.0  [OLD VERSION]
04:25:14 INFO  ProfileMatch              :         release-date: 22.04.2022
04:25:14 INFO  ProfileMatch              :     lib root package: "com.facebook.all"  (in app: "kotlinx.serialization.json")
04:25:14 INFO  ProfileMatch              : 
04:25:14 INFO  ProfileMatch              :                 name: Facebook
04:25:14 INFO  ProfileMatch              :             category: SocialMedia
04:25:14 INFO  ProfileMatch              :              version: 14.0.0
04:25:14 INFO  ProfileMatch              :         release-date: 14.06.2022
04:25:14 INFO  ProfileMatch              :     lib root package: "com.facebook.all"  (in app: "kotlinx.serialization.json")
04:25:14 INFO  ProfileMatch              : 
04:25:14 INFO  LibraryIdentifier         : 
04:25:14 INFO  LibraryIdentifier         : - Partial library matches:
04:25:14 INFO  LibraryIdentifier         :                 name: androidx.customview::customview
04:25:14 INFO  LibraryIdentifier         :             category: Android
04:25:14 INFO  LibraryIdentifier         :              version: 1.0.0  [OLD VERSION]
04:25:14 INFO  LibraryIdentifier         :         release-date:  --
04:25:14 INFO  LibraryIdentifier         :     lib root package: "androidx.customview"
04:25:14 INFO  LibraryIdentifier         :         Partial matching results:
04:25:14 INFO  LibraryIdentifier         :              - config: Hashing.md5() | Flags: no-flag | Keep: PN | Prune: MSIG   score: 0.7083334
04:25:14 INFO  LibraryIdentifier         : 
04:25:14 INFO  LibraryIdentifier         : 
04:25:14 INFO  LibraryIdentifier         : App processing time: 30 sec, 625 ms
