23:35:34 INFO  LibraryIdentifier         : Process app: com.tnibler.cryptocam_16.apk
23:35:34 INFO  LibraryIdentifier         : = Manifest Parser =
23:35:34 INFO  LibraryIdentifier         :         Package name: com.tnibler.cryptocam
23:35:34 INFO  LibraryIdentifier         :         Version code: 16
23:35:34 INFO  LibraryIdentifier         :        minSdkVersion: 21
23:35:34 INFO  LibraryIdentifier         :     targetSdkVersion: 31
23:35:34 INFO  LibraryIdentifier         :         SharedUserId:  - none -
23:35:34 INFO  LibraryIdentifier         :     Library dependencies:  - none -
23:35:34 INFO  LibraryIdentifier         : 
23:35:34 INFO  LibraryIdentifier         : Found 402 unique libraries in 12405 library profiles
23:35:34 INFO  LibraryIdentifier         : Multi-dex apk detected - Code is merged to single class hierarchy!
23:35:35 INFO  LibraryIdentifier         : Generated class hierarchy (in 562 ms)
23:35:35 INFO  WalaUtils                 : 
23:35:35 INFO  WalaUtils                 : = ClassHierarchy Stats =
23:35:35 INFO  WalaUtils                 :     # of classes: 3288
23:35:35 INFO  WalaUtils                 :     # thereof inner classes: 1465
23:35:35 INFO  WalaUtils                 :     # thereof public classes: 2949
23:35:35 INFO  WalaUtils                 :         Activity : 6
23:35:35 INFO  WalaUtils                 :         Application : 1
23:35:35 INFO  WalaUtils                 :         AsyncTask : 0
23:35:35 INFO  WalaUtils                 :         BroadcastReceiver : 1
23:35:35 INFO  WalaUtils                 :         ContentProvider : 1
23:35:35 INFO  WalaUtils                 :         Fragment : 2
23:35:35 INFO  WalaUtils                 :         Handler : 3
23:35:35 INFO  WalaUtils                 :         LayoutContainer : 59
23:35:35 INFO  WalaUtils                 :         Plain : 3169
23:35:35 INFO  WalaUtils                 :         Runnable : 0
23:35:35 INFO  WalaUtils                 :         Service : 3
23:35:35 INFO  WalaUtils                 :         Thread : 4
23:35:35 INFO  WalaUtils                 :         View : 39
23:35:35 INFO  WalaUtils                 :     # methods: 16399
23:35:35 INFO  WalaUtils                 :         # of publicly accessible methods: 15512
23:35:35 INFO  WalaUtils                 :         # of non-accessible methods: 887
23:35:35 INFO  WalaUtils                 : 
23:35:35 INFO  Profile                   : = PackageTree =
23:35:35 INFO  PackageTree               : Root Package: c
23:35:35 INFO  PackageTree               : └── Root
23:35:35 INFO  PackageTree               :     ├── d
23:35:35 INFO  PackageTree               :     │   ├── c
23:35:35 INFO  PackageTree               :     │   │   ├── c (19)
23:35:35 INFO  PackageTree               :     │   │   │   ├── v (1)
23:35:35 INFO  PackageTree               :     │   │   │   │   ├── b (7)
23:35:35 INFO  PackageTree               :     │   │   │   │   └── c (3)
23:35:35 INFO  PackageTree               :     │   │   │   ├── x (17)
23:35:35 INFO  PackageTree               :     │   │   │   │   └── r (5)
23:35:35 INFO  PackageTree               :     │   │   │   │       └── f (3)
23:35:35 INFO  PackageTree               :     │   │   │   │           └── d (19)
23:35:35 INFO  PackageTree               :     │   │   │   ├── y (3)
23:35:35 INFO  PackageTree               :     │   │   │   │   ├── d (10)
23:35:35 INFO  PackageTree               :     │   │   │   │   │   └── k (3)
23:35:35 INFO  PackageTree               :     │   │   │   │   └── e (1)
23:35:35 INFO  PackageTree               :     │   │   │   ├── z (2)
23:35:35 INFO  PackageTree               :     │   │   │   │   ├── c (20)
23:35:35 INFO  PackageTree               :     │   │   │   │   ├── e (4)
23:35:35 INFO  PackageTree               :     │   │   │   │   └── d (8)
23:35:35 INFO  PackageTree               :     │   │   │   ├── u (10)
23:35:35 INFO  PackageTree               :     │   │   │   │   ├── l (5)
23:35:35 INFO  PackageTree               :     │   │   │   │   └── k (1)
23:35:35 INFO  PackageTree               :     │   │   │   ├── t (2)
23:35:35 INFO  PackageTree               :     │   │   │   │   ├── c (1)
23:35:35 INFO  PackageTree               :     │   │   │   │   └── d (2)
23:35:35 INFO  PackageTree               :     │   │   │   └── w (1)
23:35:35 INFO  PackageTree               :     │   │   │       └── b (3)
23:35:35 INFO  PackageTree               :     │   │   ├── a
23:35:35 INFO  PackageTree               :     │   │   │   └── a (2)
23:35:35 INFO  PackageTree               :     │   │   │       ├── z (38)
23:35:35 INFO  PackageTree               :     │   │   │       ├── m (46)
23:35:35 INFO  PackageTree               :     │   │   │       ├── g (3)
23:35:35 INFO  PackageTree               :     │   │   │       ├── r (21)
23:35:35 INFO  PackageTree               :     │   │   │       ├── x (18)
23:35:35 INFO  PackageTree               :     │   │   │       ├── w (25)
23:35:35 INFO  PackageTree               :     │   │   │       ├── f (8)
23:35:35 INFO  PackageTree               :     │   │   │       ├── l (7)
23:35:35 INFO  PackageTree               :     │   │   │       │   └── d (1)
23:35:35 INFO  PackageTree               :     │   │   │       ├── c (10)
23:35:35 INFO  PackageTree               :     │   │   │       ├── q (20)
23:35:35 INFO  PackageTree               :     │   │   │       ├── y (2)
23:35:35 INFO  PackageTree               :     │   │   │       ├── b0 (7)
23:35:35 INFO  PackageTree               :     │   │   │       ├── t (6)
23:35:35 INFO  PackageTree               :     │   │   │       ├── d (9)
23:35:35 INFO  PackageTree               :     │   │   │       ├── s (1)
23:35:35 INFO  PackageTree               :     │   │   │       ├── n (1)
23:35:35 INFO  PackageTree               :     │   │   │       ├── e (1)
23:35:35 INFO  PackageTree               :     │   │   │       ├── a0
23:35:35 INFO  PackageTree               :     │   │   │       │   └── a (1)
23:35:35 INFO  PackageTree               :     │   │   │       ├── c0 (5)
23:35:35 INFO  PackageTree               :     │   │   │       ├── j (1)
23:35:35 INFO  PackageTree               :     │   │   │       ├── o (1)
23:35:35 INFO  PackageTree               :     │   │   │       ├── k (3)
23:35:35 INFO  PackageTree               :     │   │   │       ├── u (3)
23:35:35 INFO  PackageTree               :     │   │   │       ├── v (2)
23:35:35 INFO  PackageTree               :     │   │   │       ├── p (2)
23:35:35 INFO  PackageTree               :     │   │   │       ├── i (2)
23:35:35 INFO  PackageTree               :     │   │   │       └── h (1)
23:35:35 INFO  PackageTree               :     │   │   └── b
23:35:35 INFO  PackageTree               :     │   │       └── a
23:35:35 INFO  PackageTree               :     │   │           └── a (1)
23:35:35 INFO  PackageTree               :     │   ├── d
23:35:35 INFO  PackageTree               :     │   │   └── a (11)
23:35:35 INFO  PackageTree               :     │   │       └── g (1)
23:35:35 INFO  PackageTree               :     │   ├── e
23:35:35 INFO  PackageTree               :     │   │   └── a (11)
23:35:35 INFO  PackageTree               :     │   │       ├── k (24)
23:35:35 INFO  PackageTree               :     │   │       ├── i (8)
23:35:35 INFO  PackageTree               :     │   │       │   ├── j (5)
23:35:35 INFO  PackageTree               :     │   │       │   ├── i (24)
23:35:35 INFO  PackageTree               :     │   │       │   └── h (6)
23:35:35 INFO  PackageTree               :     │   │       ├── j (23)
23:35:35 INFO  PackageTree               :     │   │       ├── n (23)
23:35:35 INFO  PackageTree               :     │   │       ├── m (1)
23:35:35 INFO  PackageTree               :     │   │       ├── l (11)
23:35:35 INFO  PackageTree               :     │   │       └── h (8)
23:35:35 INFO  PackageTree               :     │   ├── b
23:35:35 INFO  PackageTree               :     │   │   └── a
23:35:35 INFO  PackageTree               :     │   │       └── a (23)
23:35:35 INFO  PackageTree               :     │   ├── f
23:35:35 INFO  PackageTree               :     │   │   ├── b
23:35:35 INFO  PackageTree               :     │   │   │   ├── a (4)
23:35:35 INFO  PackageTree               :     │   │   │   └── b (2)
23:35:35 INFO  PackageTree               :     │   │   ├── a (38)
23:35:35 INFO  PackageTree               :     │   │   │   └── v (26)
23:35:35 INFO  PackageTree               :     │   │   │       └── j (6)
23:35:35 INFO  PackageTree               :     │   │   └── c (4)
23:35:35 INFO  PackageTree               :     │   └── a
23:35:35 INFO  PackageTree               :     │       └── a
23:35:35 INFO  PackageTree               :     │           └── a (1)
23:35:35 INFO  PackageTree               :     ├── j$
23:35:35 INFO  PackageTree               :     │   ├── util (44)
23:35:35 INFO  PackageTree               :     │   │   ├── stream (289)
23:35:35 INFO  PackageTree               :     │   │   ├── function (32)
23:35:35 INFO  PackageTree               :     │   │   └── concurrent (30)
23:35:35 INFO  PackageTree               :     │   ├── time (15)
23:35:35 INFO  PackageTree               :     │   │   ├── chrono (8)
23:35:35 INFO  PackageTree               :     │   │   ├── format (23)
23:35:35 INFO  PackageTree               :     │   │   ├── temporal (16)
23:35:35 INFO  PackageTree               :     │   │   └── zone (7)
23:35:35 INFO  PackageTree               :     │   ├── com
23:35:35 INFO  PackageTree               :     │   │   └── android
23:35:35 INFO  PackageTree               :     │   │       └── tools
23:35:35 INFO  PackageTree               :     │   │           └── r8 (1)
23:35:35 INFO  PackageTree               :     │   └── lang (1)
23:35:35 INFO  PackageTree               :     ├── g
23:35:35 INFO  PackageTree               :     │   └── a (82)
23:35:35 INFO  PackageTree               :     │       ├── y1 (35)
23:35:35 INFO  PackageTree               :     │       ├── c2 (11)
23:35:35 INFO  PackageTree               :     │       ├── a2 (29)
23:35:35 INFO  PackageTree               :     │       ├── z1 (16)
23:35:35 INFO  PackageTree               :     │       │   └── o (24)
23:35:35 INFO  PackageTree               :     │       ├── x1 (5)
23:35:35 INFO  PackageTree               :     │       └── b2 (15)
23:35:35 INFO  PackageTree               :     ├── c
23:35:35 INFO  PackageTree               :     │   ├── d
23:35:35 INFO  PackageTree               :     │   │   ├── b (108)
23:35:35 INFO  PackageTree               :     │   │   │   ├── m3 (98)
23:35:35 INFO  PackageTree               :     │   │   │   │   └── e2 (15)
23:35:35 INFO  PackageTree               :     │   │   │   │       ├── k (20)
23:35:35 INFO  PackageTree               :     │   │   │   │       └── j (13)
23:35:35 INFO  PackageTree               :     │   │   │   └── n3 (13)
23:35:35 INFO  PackageTree               :     │   │   │       └── m (1)
23:35:35 INFO  PackageTree               :     │   │   │           └── b (5)
23:35:35 INFO  PackageTree               :     │   │   ├── a
23:35:35 INFO  PackageTree               :     │   │   │   ├── e (73)
23:35:35 INFO  PackageTree               :     │   │   │   │   └── q2 (45)
23:35:35 INFO  PackageTree               :     │   │   │   │       ├── q (5)
23:35:35 INFO  PackageTree               :     │   │   │   │       ├── p (12)
23:35:35 INFO  PackageTree               :     │   │   │   │       └── o (16)
23:35:35 INFO  PackageTree               :     │   │   │   ├── f (3)
23:35:35 INFO  PackageTree               :     │   │   │   └── d (5)
23:35:35 INFO  PackageTree               :     │   │   ├── d (16)
23:35:35 INFO  PackageTree               :     │   │   │   ├── c0
23:35:35 INFO  PackageTree               :     │   │   │   │   └── a
23:35:35 INFO  PackageTree               :     │   │   │   │       └── a (4)
23:35:35 INFO  PackageTree               :     │   │   │   └── d0 (1)
23:35:35 INFO  PackageTree               :     │   │   └── c (2)
23:35:35 INFO  PackageTree               :     │   ├── b (2)
23:35:35 INFO  PackageTree               :     │   │   ├── c (48)
23:35:35 INFO  PackageTree               :     │   │   ├── i (104)
23:35:35 INFO  PackageTree               :     │   │   ├── f (1)
23:35:35 INFO  PackageTree               :     │   │   ├── h (13)
23:35:35 INFO  PackageTree               :     │   │   │   └── i (38)
23:35:35 INFO  PackageTree               :     │   │   ├── e
23:35:35 INFO  PackageTree               :     │   │   │   └── a (14)
23:35:35 INFO  PackageTree               :     │   │   ├── d
23:35:35 INFO  PackageTree               :     │   │   │   └── a (2)
23:35:35 INFO  PackageTree               :     │   │   └── g (1)
23:35:35 INFO  PackageTree               :     │   ├── j (1)
23:35:35 INFO  PackageTree               :     │   │   ├── d (13)
23:35:35 INFO  PackageTree               :     │   │   │   └── l (5)
23:35:35 INFO  PackageTree               :     │   │   ├── g (19)
23:35:35 INFO  PackageTree               :     │   │   ├── j (50)
23:35:35 INFO  PackageTree               :     │   │   │   ├── a0 (8)
23:35:35 INFO  PackageTree               :     │   │   │   └── z (11)
23:35:35 INFO  PackageTree               :     │   │   ├── b (20)
23:35:35 INFO  PackageTree               :     │   │   ├── h (11)
23:35:35 INFO  PackageTree               :     │   │   ├── c (6)
23:35:35 INFO  PackageTree               :     │   │   │   └── b (14)
23:35:35 INFO  PackageTree               :     │   │   ├── f (5)
23:35:35 INFO  PackageTree               :     │   │   ├── i (4)
23:35:35 INFO  PackageTree               :     │   │   ├── e
23:35:35 INFO  PackageTree               :     │   │   │   └── a (3)
23:35:35 INFO  PackageTree               :     │   │   └── k (8)
23:35:35 INFO  PackageTree               :     │   ├── x
23:35:35 INFO  PackageTree               :     │   │   └── a
23:35:35 INFO  PackageTree               :     │   │       └── a (18)
23:35:35 INFO  PackageTree               :     │   ├── t (1)
23:35:35 INFO  PackageTree               :     │   │   └── b (69)
23:35:35 INFO  PackageTree               :     │   ├── q (37)
23:35:35 INFO  PackageTree               :     │   ├── h
23:35:35 INFO  PackageTree               :     │   │   ├── a (11)
23:35:35 INFO  PackageTree               :     │   │   │   ├── i (12)
23:35:35 INFO  PackageTree               :     │   │   │   │   └── l (19)
23:35:35 INFO  PackageTree               :     │   │   │   └── h
23:35:35 INFO  PackageTree               :     │   │   │       └── a (1)
23:35:35 INFO  PackageTree               :     │   │   ├── c (20)
23:35:35 INFO  PackageTree               :     │   │   └── b
23:35:35 INFO  PackageTree               :     │   │       └── a (9)
23:35:35 INFO  PackageTree               :     │   ├── k
23:35:35 INFO  PackageTree               :     │   │   └── a (6)
23:35:35 INFO  PackageTree               :     │   ├── f (15)
23:35:35 INFO  PackageTree               :     │   ├── u (5)
23:35:35 INFO  PackageTree               :     │   ├── w (56)
23:35:35 INFO  PackageTree               :     │   ├── n
23:35:35 INFO  PackageTree               :     │   │   └── a (5)
23:35:35 INFO  PackageTree               :     │   ├── v (3)
23:35:35 INFO  PackageTree               :     │   ├── o (1)
23:35:35 INFO  PackageTree               :     │   │   └── b (112)
23:35:35 INFO  PackageTree               :     │   ├── l
23:35:35 INFO  PackageTree               :     │   │   ├── b (11)
23:35:35 INFO  PackageTree               :     │   │   └── a (3)
23:35:35 INFO  PackageTree               :     │   ├── s (27)
23:35:35 INFO  PackageTree               :     │   ├── c
23:35:35 INFO  PackageTree               :     │   │   └── a
23:35:35 INFO  PackageTree               :     │   │       ├── a (4)
23:35:35 INFO  PackageTree               :     │   │       ├── b (8)
23:35:35 INFO  PackageTree               :     │   │       └── c (1)
23:35:35 INFO  PackageTree               :     │   ├── g
23:35:35 INFO  PackageTree               :     │   │   └── a (16)
23:35:35 INFO  PackageTree               :     │   ├── a (3)
23:35:35 INFO  PackageTree               :     │   │   ├── e (12)
23:35:35 INFO  PackageTree               :     │   │   │   └── h (5)
23:35:35 INFO  PackageTree               :     │   │   └── d (2)
23:35:35 INFO  PackageTree               :     │   ├── m
23:35:35 INFO  PackageTree               :     │   │   └── a (2)
23:35:35 INFO  PackageTree               :     │   ├── p
23:35:35 INFO  PackageTree               :     │   │   └── a
23:35:35 INFO  PackageTree               :     │   │       └── a (4)
23:35:35 INFO  PackageTree               :     │   ├── e
23:35:35 INFO  PackageTree               :     │   │   └── a (6)
23:35:35 INFO  PackageTree               :     │   ├── r
23:35:35 INFO  PackageTree               :     │   │   └── a (5)
23:35:35 INFO  PackageTree               :     │   ├── y (3)
23:35:35 INFO  PackageTree               :     │   └── i (1)
23:35:35 INFO  PackageTree               :     │       └── b (2)
23:35:35 INFO  PackageTree               :     ├── androidx
23:35:35 INFO  PackageTree               :     │   ├── appcompat
23:35:35 INFO  PackageTree               :     │   │   ├── widget (57)
23:35:35 INFO  PackageTree               :     │   │   ├── view
23:35:35 INFO  PackageTree               :     │   │   │   └── menu (5)
23:35:35 INFO  PackageTree               :     │   │   └── app (6)
23:35:35 INFO  PackageTree               :     │   ├── recyclerview
23:35:35 INFO  PackageTree               :     │   │   └── widget (59)
23:35:35 INFO  PackageTree               :     │   ├── preference (44)
23:35:35 INFO  PackageTree               :     │   │   └── internal (1)
23:35:35 INFO  PackageTree               :     │   ├── coordinatorlayout
23:35:35 INFO  PackageTree               :     │   │   └── widget (11)
23:35:35 INFO  PackageTree               :     │   ├── annotation (1)
23:35:35 INFO  PackageTree               :     │   ├── lifecycle (22)
23:35:35 INFO  PackageTree               :     │   ├── activity (15)
23:35:35 INFO  PackageTree               :     │   │   └── result (1)
23:35:35 INFO  PackageTree               :     │   ├── core
23:35:35 INFO  PackageTree               :     │   │   ├── app (4)
23:35:35 INFO  PackageTree               :     │   │   ├── graphics
23:35:35 INFO  PackageTree               :     │   │   │   └── drawable (2)
23:35:35 INFO  PackageTree               :     │   │   └── widget (5)
23:35:35 INFO  PackageTree               :     │   ├── camera
23:35:35 INFO  PackageTree               :     │   │   ├── view (6)
23:35:35 INFO  PackageTree               :     │   │   ├── lifecycle (4)
23:35:35 INFO  PackageTree               :     │   │   └── camera2 (1)
23:35:35 INFO  PackageTree               :     │   ├── savedstate (3)
23:35:35 INFO  PackageTree               :     │   ├── constraintlayout
23:35:35 INFO  PackageTree               :     │   │   └── widget (6)
23:35:35 INFO  PackageTree               :     │   ├── fragment
23:35:35 INFO  PackageTree               :     │   │   └── app (2)
23:35:35 INFO  PackageTree               :     │   ├── versionedparcelable (3)
23:35:35 INFO  PackageTree               :     │   ├── viewpager2
23:35:35 INFO  PackageTree               :     │   │   └── adapter (3)
23:35:35 INFO  PackageTree               :     │   └── startup (1)
23:35:35 INFO  PackageTree               :     ├── go (12)
23:35:35 INFO  PackageTree               :     ├── com
23:35:35 INFO  PackageTree               :     │   ├── google
23:35:35 INFO  PackageTree               :     │   │   └── android
23:35:35 INFO  PackageTree               :     │   │       └── material
23:35:35 INFO  PackageTree               :     │   │           ├── transformation (10)
23:35:35 INFO  PackageTree               :     │   │           ├── snackbar (15)
23:35:35 INFO  PackageTree               :     │   │           ├── behavior (6)
23:35:35 INFO  PackageTree               :     │   │           ├── textfield (11)
23:35:35 INFO  PackageTree               :     │   │           ├── button (12)
23:35:35 INFO  PackageTree               :     │   │           ├── bottomsheet (7)
23:35:35 INFO  PackageTree               :     │   │           ├── appbar (10)
23:35:35 INFO  PackageTree               :     │   │           ├── timepicker (9)
23:35:35 INFO  PackageTree               :     │   │           ├── bottomappbar (5)
23:35:35 INFO  PackageTree               :     │   │           ├── floatingactionbutton (12)
23:35:35 INFO  PackageTree               :     │   │           ├── internal (7)
23:35:35 INFO  PackageTree               :     │   │           ├── chip (8)
23:35:35 INFO  PackageTree               :     │   │           ├── theme (1)
23:35:35 INFO  PackageTree               :     │   │           ├── datepicker (1)
23:35:35 INFO  PackageTree               :     │   │           └── textview (1)
23:35:35 INFO  PackageTree               :     │   ├── tnibler
23:35:35 INFO  PackageTree               :     │   │   └── cryptocam (6)
23:35:35 INFO  PackageTree               :     │   │       └── video (15)
23:35:35 INFO  PackageTree               :     │   ├── haroldadmin
23:35:35 INFO  PackageTree               :     │   │   └── whatthestack (7)
23:35:35 INFO  PackageTree               :     │   └── budiyev
23:35:35 INFO  PackageTree               :     │       └── android
23:35:35 INFO  PackageTree               :     │           └── codescanner (4)
23:35:35 INFO  PackageTree               :     ├── f (10)
23:35:35 INFO  PackageTree               :     │   ├── k (12)
23:35:35 INFO  PackageTree               :     │   │   ├── i
23:35:35 INFO  PackageTree               :     │   │   │   └── a (9)
23:35:35 INFO  PackageTree               :     │   │   └── h (1)
23:35:35 INFO  PackageTree               :     │   ├── j (7)
23:35:35 INFO  PackageTree               :     │   ├── n (1)
23:35:35 INFO  PackageTree               :     │   │   ├── c (19)
23:35:35 INFO  PackageTree               :     │   │   └── b (23)
23:35:35 INFO  PackageTree               :     │   ├── q (7)
23:35:35 INFO  PackageTree               :     │   ├── o (5)
23:35:35 INFO  PackageTree               :     │   │   └── d (1)
23:35:35 INFO  PackageTree               :     │   ├── p (3)
23:35:35 INFO  PackageTree               :     │   ├── r (5)
23:35:35 INFO  PackageTree               :     │   ├── s (7)
23:35:35 INFO  PackageTree               :     │   ├── l (3)
23:35:35 INFO  PackageTree               :     │   │   ├── d (1)
23:35:35 INFO  PackageTree               :     │   │   └── c (1)
23:35:35 INFO  PackageTree               :     │   └── m (3)
23:35:35 INFO  PackageTree               :     ├── e
23:35:35 INFO  PackageTree               :     │   └── a
23:35:35 INFO  PackageTree               :     │       └── a (6)
23:35:35 INFO  PackageTree               :     ├── h
23:35:35 INFO  PackageTree               :     │   └── a
23:35:35 INFO  PackageTree               :     │       └── a
23:35:35 INFO  PackageTree               :     │           ├── b (2)
23:35:35 INFO  PackageTree               :     │           │   ├── d
23:35:35 INFO  PackageTree               :     │           │   │   └── a (2)
23:35:35 INFO  PackageTree               :     │           │   │       └── c (6)
23:35:35 INFO  PackageTree               :     │           │   ├── c (3)
23:35:35 INFO  PackageTree               :     │           │   │   └── d (4)
23:35:35 INFO  PackageTree               :     │           │   └── e (1)
23:35:35 INFO  PackageTree               :     │           └── a
23:35:35 INFO  PackageTree               :     │               └── a (1)
23:35:35 INFO  PackageTree               :     ├── b
23:35:35 INFO  PackageTree               :     │   └── a
23:35:35 INFO  PackageTree               :     │       └── a
23:35:35 INFO  PackageTree               :     │           └── a (3)
23:35:35 INFO  PackageTree               :     ├── kotlinx
23:35:35 INFO  PackageTree               :     │   └── coroutines (2)
23:35:35 INFO  PackageTree               :     │       ├── android (2)
23:35:35 INFO  PackageTree               :     │       └── internal (1)
23:35:35 INFO  PackageTree               :     ├── android
23:35:35 INFO  PackageTree               :     │   └── support
23:35:35 INFO  PackageTree               :     │       └── v4
23:35:35 INFO  PackageTree               :     │           ├── graphics
23:35:35 INFO  PackageTree               :     │           │   └── drawable (1)
23:35:35 INFO  PackageTree               :     │           └── app (1)
23:35:35 INFO  PackageTree               :     └── cryptocam_age_encryption (2)
23:35:35 INFO  Profile                   : 
23:35:35 INFO  AppProfile                : - generated app package tree (in 50 ms)
23:35:35 INFO  AppProfile                : 
23:35:35 DEBUG HashTree                  : Generate hash tree..
23:35:36 DEBUG HashTree                  :     - generated 248 package hashes.
23:35:36 DEBUG HashTree                  :     - generated 3142 clazz hashes.
23:35:36 DEBUG HashTree                  :     - generated 16399 method hashes.
23:35:36 DEBUG HashTree                  :     => Library Hash: f61873d5c1f21a8bab374c7b20e4f685
23:35:36 INFO  AppProfile                : - generated app hash trees (in 411 ms)
23:35:36 INFO  AppProfile                : 
23:35:36 INFO  LibraryIdentifier         : = Scan for library root packages (heuristic) =
23:35:36 INFO  LibraryIdentifier         :     - Found lib root package androidx.annotation  (androidx.annotation::annotation)
23:35:36 INFO  LibraryIdentifier         :     - Found lib root package androidx.appcompat  (androidx.appcompat::appcompat)
23:35:36 INFO  LibraryIdentifier         :     - Found lib root package androidx.constraintlayout.widget  (androidx.constraintlayout::constraintlayout)
23:35:36 INFO  LibraryIdentifier         :     - Found lib root package androidx.coordinatorlayout.widget  (androidx.coordinatorlayout::coordinatorlayout)
23:35:36 INFO  LibraryIdentifier         :     - Found lib root package androidx.core  (androidx.core::core)
23:35:36 INFO  LibraryIdentifier         :     - Found lib root package androidx  (androidx.core::core-ktx)
23:35:36 INFO  LibraryIdentifier         :     - Found lib root package androidx.fragment.app  (androidx.fragment::fragment)
23:35:36 INFO  LibraryIdentifier         :     - Found lib root package androidx.fragment.app  (androidx.fragment::fragment-ktx)
23:35:36 INFO  LibraryIdentifier         :     - Found lib root package androidx.lifecycle  (androidx.lifecycle::lifecycle-common)
23:35:36 INFO  LibraryIdentifier         :     - Found lib root package androidx.lifecycle  (androidx.lifecycle::lifecycle-common-java8)
23:35:36 INFO  LibraryIdentifier         :     - Found lib root package androidx.lifecycle  (androidx.lifecycle::lifecycle-compiler)
23:35:36 INFO  LibraryIdentifier         :     - Found lib root package androidx.lifecycle  (androidx.lifecycle::lifecycle-extensions)
23:35:36 INFO  LibraryIdentifier         :     - Found lib root package androidx.lifecycle  (androidx.lifecycle::lifecycle-livedata)
23:35:36 INFO  LibraryIdentifier         :     - Found lib root package androidx.lifecycle  (androidx.lifecycle::lifecycle-livedata-core)
23:35:36 INFO  LibraryIdentifier         :     - Found lib root package androidx.lifecycle  (androidx.lifecycle::lifecycle-process)
23:35:36 INFO  LibraryIdentifier         :     - Found lib root package androidx.lifecycle  (androidx.lifecycle::lifecycle-reactivestreams)
23:35:36 INFO  LibraryIdentifier         :     - Found lib root package androidx.lifecycle  (androidx.lifecycle::lifecycle-reactivestreams-ktx)
23:35:36 INFO  LibraryIdentifier         :     - Found lib root package androidx.lifecycle  (androidx.lifecycle::lifecycle-runtime)
23:35:36 INFO  LibraryIdentifier         :     - Found lib root package androidx.lifecycle  (androidx.lifecycle::lifecycle-service)
23:35:36 INFO  LibraryIdentifier         :     - Found lib root package androidx.lifecycle  (androidx.lifecycle::lifecycle-viewmodel)
23:35:36 INFO  LibraryIdentifier         :     - Found lib root package androidx.lifecycle  (androidx.lifecycle::lifecycle-viewmodel-ktx)
23:35:36 INFO  LibraryIdentifier         :     - Found lib root package androidx.preference  (androidx.preference::preference)
23:35:36 INFO  LibraryIdentifier         :     - Found lib root package androidx.preference  (androidx.preference::preference-ktx)
23:35:36 INFO  LibraryIdentifier         :     - Found lib root package androidx.recyclerview.widget  (androidx.recyclerview::recyclerview)
23:35:36 INFO  LibraryIdentifier         :     - Found lib root package androidx.versionedparcelable  (androidx.versionedparcelable::versionedparcelable)
23:35:36 INFO  LibraryIdentifier         :     - Found lib root package android.support.v4  (com.android.support::customview)
23:35:36 INFO  LibraryIdentifier         :     - Found lib root package android.support.v4  (com.android.support::loader)
23:35:36 INFO  LibraryIdentifier         :     - Found lib root package android.support.v4  (com.android.support::support-compat)
23:35:36 INFO  LibraryIdentifier         :     - Found lib root package android.support.v4  (com.android.support::support-core-ui)
23:35:36 INFO  LibraryIdentifier         :     - Found lib root package android.support.v4  (com.android.support::support-core-utils)
23:35:36 INFO  LibraryIdentifier         :     - Found lib root package android.support.v4.app  (com.android.support::support-fragment)
23:35:36 INFO  LibraryIdentifier         :     - Found lib root package android.support.v4  (com.android.support::support-v4)
23:35:36 INFO  LibraryIdentifier         :     - Found lib root package androidx.versionedparcelable  (com.android.support::versionedparcelable)
23:35:36 INFO  LibraryIdentifier         :     - Found lib root package com.google.android.material  (com.google.android.material::material)
23:35:36 INFO  LibraryIdentifier         : 
23:35:36 INFO  LibraryIdentifier         : = Match profiles =
23:36:21 INFO  LibraryIdentifier         :     >> profile matching done (45 sec, 811 ms)
23:36:21 INFO  LibraryIdentifier         : 
23:36:21 INFO  LibraryIdentifier         : == Report ==
23:36:21 INFO  LibraryIdentifier         : - Full library matches:
23:36:22 INFO  ProfileMatch              :                 name: com.google.firebase::firebase-ml-vision-image-label-model
23:36:22 INFO  ProfileMatch              :             category: Android
23:36:22 INFO  ProfileMatch              :              version: 20.0.0  [OLD VERSION]
23:36:22 INFO  ProfileMatch              :         release-date:  --
23:36:22 INFO  ProfileMatch              :     lib root package: "com.google.firebase.ml.vision.imagelabel"  (in app: "c")
23:36:22 INFO  ProfileMatch              : 
23:36:22 INFO  ProfileMatch              :                 name: com.google.firebase::firebase-ml-vision-image-label-model
23:36:22 INFO  ProfileMatch              :             category: Android
23:36:22 INFO  ProfileMatch              :              version: 20.0.1  [OLD VERSION]
23:36:22 INFO  ProfileMatch              :         release-date:  --
23:36:22 INFO  ProfileMatch              :     lib root package: "com.google.firebase.ml.vision.imagelabel"  (in app: "c")
23:36:22 INFO  ProfileMatch              : 
23:36:22 INFO  ProfileMatch              :                 name: com.google.firebase::firebase-ml-vision-image-label-model
23:36:22 INFO  ProfileMatch              :             category: Android
23:36:22 INFO  ProfileMatch              :              version: 20.0.2
23:36:22 INFO  ProfileMatch              :         release-date:  --
23:36:22 INFO  ProfileMatch              :     lib root package: "com.google.firebase.ml.vision.imagelabel"  (in app: "c")
23:36:22 INFO  ProfileMatch              : 
23:36:22 INFO  ProfileMatch              :                 name: com.android.support::interpolator
23:36:22 INFO  ProfileMatch              :             category: Android
23:36:22 INFO  ProfileMatch              :              version: 28.0.0
23:36:22 INFO  ProfileMatch              :         release-date:  --
23:36:22 INFO  ProfileMatch              :     lib root package: "android.support.v4.view.animation"  (in app: "c.p.a.a")
23:36:22 INFO  ProfileMatch              : 
23:36:22 INFO  ProfileMatch              :                 name: androidx.interpolator::interpolator
23:36:22 INFO  ProfileMatch              :             category: Android
23:36:22 INFO  ProfileMatch              :              version: 1.0.0
23:36:22 INFO  ProfileMatch              :         release-date:  --
23:36:22 INFO  ProfileMatch              :     lib root package: "androidx.interpolator.view.animation"  (in app: "c.p.a.a")
23:36:22 INFO  ProfileMatch              : 
23:36:22 INFO  ProfileMatch              :                 name: Facebook
23:36:22 INFO  ProfileMatch              :             category: SocialMedia
23:36:22 INFO  ProfileMatch              :              version: 4.27.0  [OLD VERSION]
23:36:22 INFO  ProfileMatch              :         release-date: 26.09.2017
23:36:22 INFO  ProfileMatch              :     lib root package: "com.facebook.all"  (in app: "c")
23:36:22 INFO  ProfileMatch              : 
23:36:22 INFO  ProfileMatch              :                 name: Facebook
23:36:22 INFO  ProfileMatch              :             category: SocialMedia
23:36:22 INFO  ProfileMatch              :              version: 4.28.0  [OLD VERSION]
23:36:22 INFO  ProfileMatch              :         release-date: 07.11.2017
23:36:22 INFO  ProfileMatch              :     lib root package: "com.facebook.all"  (in app: "c")
23:36:22 INFO  ProfileMatch              : 
23:36:22 INFO  ProfileMatch              :                 name: Facebook
23:36:22 INFO  ProfileMatch              :             category: SocialMedia
23:36:22 INFO  ProfileMatch              :              version: 4.29.0  [OLD VERSION]
23:36:22 INFO  ProfileMatch              :         release-date: 05.12.2017
23:36:22 INFO  ProfileMatch              :     lib root package: "com.facebook.all"  (in app: "c")
23:36:22 INFO  ProfileMatch              : 
23:36:22 INFO  ProfileMatch              :                 name: Facebook
23:36:22 INFO  ProfileMatch              :             category: SocialMedia
23:36:22 INFO  ProfileMatch              :              version: 4.30.0  [OLD VERSION]
23:36:22 INFO  ProfileMatch              :         release-date: 24.01.2018
23:36:22 INFO  ProfileMatch              :     lib root package: "com.facebook.all"  (in app: "c")
23:36:22 INFO  ProfileMatch              : 
23:36:22 INFO  ProfileMatch              :                 name: Facebook
23:36:22 INFO  ProfileMatch              :             category: SocialMedia
23:36:22 INFO  ProfileMatch              :              version: 4.31.0  [OLD VERSION]
23:36:22 INFO  ProfileMatch              :         release-date: 28.02.2018
23:36:22 INFO  ProfileMatch              :     lib root package: "com.facebook.all"  (in app: "c")
23:36:22 INFO  ProfileMatch              : 
23:36:22 INFO  ProfileMatch              :                 name: Facebook
23:36:22 INFO  ProfileMatch              :             category: SocialMedia
23:36:22 INFO  ProfileMatch              :              version: 4.32.0  [OLD VERSION]
23:36:22 INFO  ProfileMatch              :         release-date: 11.04.2018
23:36:22 INFO  ProfileMatch              :     lib root package: "com.facebook.all"  (in app: "c")
23:36:22 INFO  ProfileMatch              : 
23:36:22 INFO  ProfileMatch              :                 name: Facebook
23:36:22 INFO  ProfileMatch              :             category: SocialMedia
23:36:22 INFO  ProfileMatch              :              version: 4.33.0  [OLD VERSION]
23:36:22 INFO  ProfileMatch              :         release-date: 01.05.2018
23:36:22 INFO  ProfileMatch              :     lib root package: "com.facebook.all"  (in app: "c")
23:36:22 INFO  ProfileMatch              : 
23:36:22 INFO  ProfileMatch              :                 name: Facebook
23:36:22 INFO  ProfileMatch              :             category: SocialMedia
23:36:22 INFO  ProfileMatch              :              version: 4.34.0  [OLD VERSION]
23:36:22 INFO  ProfileMatch              :         release-date: 19.06.2018
23:36:22 INFO  ProfileMatch              :     lib root package: "com.facebook.all"  (in app: "c")
23:36:22 INFO  ProfileMatch              : 
23:36:22 INFO  ProfileMatch              :                 name: Facebook
23:36:22 INFO  ProfileMatch              :             category: SocialMedia
23:36:22 INFO  ProfileMatch              :              version: 4.35.0  [OLD VERSION]
23:36:22 INFO  ProfileMatch              :         release-date: 26.07.2018
23:36:22 INFO  ProfileMatch              :     lib root package: "com.facebook.all"  (in app: "c")
23:36:22 INFO  ProfileMatch              : 
23:36:22 INFO  ProfileMatch              :                 name: Facebook
23:36:22 INFO  ProfileMatch              :             category: SocialMedia
23:36:22 INFO  ProfileMatch              :              version: 4.36.0  [OLD VERSION]
23:36:22 INFO  ProfileMatch              :         release-date: 29.08.2018
23:36:22 INFO  ProfileMatch              :     lib root package: "com.facebook.all"  (in app: "c")
23:36:22 INFO  ProfileMatch              : 
23:36:22 INFO  ProfileMatch              :                 name: Facebook
23:36:22 INFO  ProfileMatch              :             category: SocialMedia
23:36:22 INFO  ProfileMatch              :              version: 4.36.1  [OLD VERSION]
23:36:22 INFO  ProfileMatch              :         release-date: 15.09.2018
23:36:22 INFO  ProfileMatch              :     lib root package: "com.facebook.all"  (in app: "c")
23:36:22 INFO  ProfileMatch              : 
23:36:22 INFO  ProfileMatch              :                 name: Facebook
23:36:22 INFO  ProfileMatch              :             category: SocialMedia
23:36:22 INFO  ProfileMatch              :              version: 4.37.0  [OLD VERSION]
23:36:22 INFO  ProfileMatch              :         release-date: 27.09.2018
23:36:22 INFO  ProfileMatch              :     lib root package: "com.facebook.all"  (in app: "c")
23:36:22 INFO  ProfileMatch              : 
23:36:22 INFO  ProfileMatch              :                 name: Facebook
23:36:22 INFO  ProfileMatch              :             category: SocialMedia
23:36:22 INFO  ProfileMatch              :              version: 4.38.0  [OLD VERSION]
23:36:22 INFO  ProfileMatch              :         release-date: 23.10.2018
23:36:22 INFO  ProfileMatch              :     lib root package: "com.facebook.all"  (in app: "c")
23:36:22 INFO  ProfileMatch              : 
23:36:22 INFO  ProfileMatch              :                 name: Facebook
23:36:22 INFO  ProfileMatch              :             category: SocialMedia
23:36:22 INFO  ProfileMatch              :              version: 4.38.1  [OLD VERSION]
23:36:22 INFO  ProfileMatch              :         release-date: 31.10.2018
23:36:22 INFO  ProfileMatch              :     lib root package: "com.facebook.all"  (in app: "c")
23:36:22 INFO  ProfileMatch              : 
23:36:22 INFO  ProfileMatch              :                 name: Facebook
23:36:22 INFO  ProfileMatch              :             category: SocialMedia
23:36:22 INFO  ProfileMatch              :              version: 4.39.0  [OLD VERSION]
23:36:22 INFO  ProfileMatch              :         release-date: 05.12.2018
23:36:22 INFO  ProfileMatch              :     lib root package: "com.facebook.all"  (in app: "c")
23:36:22 INFO  ProfileMatch              : 
23:36:22 INFO  ProfileMatch              :                 name: Facebook
23:36:22 INFO  ProfileMatch              :             category: SocialMedia
23:36:22 INFO  ProfileMatch              :              version: 4.40.0  [OLD VERSION]
23:36:22 INFO  ProfileMatch              :         release-date: 22.01.2019
23:36:22 INFO  ProfileMatch              :     lib root package: "com.facebook.all"  (in app: "c")
23:36:22 INFO  ProfileMatch              : 
23:36:22 INFO  ProfileMatch              :                 name: Facebook
23:36:22 INFO  ProfileMatch              :             category: SocialMedia
23:36:22 INFO  ProfileMatch              :              version: 4.41.0  [OLD VERSION]
23:36:22 INFO  ProfileMatch              :         release-date: 08.03.2019
23:36:22 INFO  ProfileMatch              :     lib root package: "com.facebook.all"  (in app: "c")
23:36:22 INFO  ProfileMatch              : 
23:36:22 INFO  ProfileMatch              :                 name: Facebook
23:36:22 INFO  ProfileMatch              :             category: SocialMedia
23:36:22 INFO  ProfileMatch              :              version: 4.42.0  [OLD VERSION]
23:36:22 INFO  ProfileMatch              :         release-date: 08.04.2019
23:36:22 INFO  ProfileMatch              :     lib root package: "com.facebook.all"  (in app: "c")
23:36:22 INFO  ProfileMatch              : 
23:36:22 INFO  ProfileMatch              :                 name: Facebook
23:36:22 INFO  ProfileMatch              :             category: SocialMedia
23:36:22 INFO  ProfileMatch              :              version: 5.0.0  [OLD VERSION]
23:36:22 INFO  ProfileMatch              :         release-date: 30.04.2019
23:36:22 INFO  ProfileMatch              :     lib root package: "com.facebook.all"  (in app: "c")
23:36:22 INFO  ProfileMatch              : 
23:36:22 INFO  ProfileMatch              :                 name: Facebook
23:36:22 INFO  ProfileMatch              :             category: SocialMedia
23:36:22 INFO  ProfileMatch              :              version: 5.0.1  [OLD VERSION]
23:36:22 INFO  ProfileMatch              :         release-date: 17.05.2019
23:36:22 INFO  ProfileMatch              :     lib root package: "com.facebook.all"  (in app: "c")
23:36:22 INFO  ProfileMatch              : 
23:36:22 INFO  ProfileMatch              :                 name: Facebook
23:36:22 INFO  ProfileMatch              :             category: SocialMedia
23:36:22 INFO  ProfileMatch              :              version: 5.0.2  [OLD VERSION]
23:36:22 INFO  ProfileMatch              :         release-date: 09.06.2019
23:36:22 INFO  ProfileMatch              :     lib root package: "com.facebook.all"  (in app: "c")
23:36:22 INFO  ProfileMatch              : 
23:36:22 INFO  ProfileMatch              :                 name: Facebook
23:36:22 INFO  ProfileMatch              :             category: SocialMedia
23:36:22 INFO  ProfileMatch              :              version: 5.0.3  [OLD VERSION]
23:36:22 INFO  ProfileMatch              :         release-date: 14.06.2019
23:36:22 INFO  ProfileMatch              :     lib root package: "com.facebook.all"  (in app: "c")
23:36:22 INFO  ProfileMatch              : 
23:36:22 INFO  ProfileMatch              :                 name: Facebook
23:36:22 INFO  ProfileMatch              :             category: SocialMedia
23:36:22 INFO  ProfileMatch              :              version: 5.1.0  [OLD VERSION]
23:36:22 INFO  ProfileMatch              :         release-date: 21.06.2019
23:36:22 INFO  ProfileMatch              :     lib root package: "com.facebook.all"  (in app: "c")
23:36:22 INFO  ProfileMatch              : 
23:36:22 INFO  ProfileMatch              :                 name: Facebook
23:36:22 INFO  ProfileMatch              :             category: SocialMedia
23:36:22 INFO  ProfileMatch              :              version: 5.1.1  [OLD VERSION]
23:36:22 INFO  ProfileMatch              :         release-date: 02.07.2019
23:36:22 INFO  ProfileMatch              :     lib root package: "com.facebook.all"  (in app: "c")
23:36:22 INFO  ProfileMatch              : 
23:36:22 INFO  ProfileMatch              :                 name: Facebook
23:36:22 INFO  ProfileMatch              :             category: SocialMedia
23:36:22 INFO  ProfileMatch              :              version: 5.2.0  [OLD VERSION]
23:36:22 INFO  ProfileMatch              :         release-date: 29.07.2019
23:36:22 INFO  ProfileMatch              :     lib root package: "com.facebook.all"  (in app: "c")
23:36:22 INFO  ProfileMatch              : 
23:36:22 INFO  ProfileMatch              :                 name: Facebook
23:36:22 INFO  ProfileMatch              :             category: SocialMedia
23:36:22 INFO  ProfileMatch              :              version: 5.4.0  [OLD VERSION]
23:36:22 INFO  ProfileMatch              :         release-date: 16.08.2019
23:36:22 INFO  ProfileMatch              :     lib root package: "com.facebook.all"  (in app: "c")
23:36:22 INFO  ProfileMatch              : 
23:36:22 INFO  ProfileMatch              :                 name: Facebook
23:36:22 INFO  ProfileMatch              :             category: SocialMedia
23:36:22 INFO  ProfileMatch              :              version: 5.5.0  [OLD VERSION]
23:36:22 INFO  ProfileMatch              :         release-date: 31.08.2019
23:36:22 INFO  ProfileMatch              :     lib root package: "com.facebook.all"  (in app: "c")
23:36:22 INFO  ProfileMatch              : 
23:36:22 INFO  ProfileMatch              :                 name: Facebook
23:36:22 INFO  ProfileMatch              :             category: SocialMedia
23:36:22 INFO  ProfileMatch              :              version: 5.5.1  [OLD VERSION]
23:36:22 INFO  ProfileMatch              :         release-date: 06.09.2019
23:36:22 INFO  ProfileMatch              :     lib root package: "com.facebook.all"  (in app: "c")
23:36:22 INFO  ProfileMatch              : 
23:36:22 INFO  ProfileMatch              :                 name: Facebook
23:36:22 INFO  ProfileMatch              :             category: SocialMedia
23:36:22 INFO  ProfileMatch              :              version: 5.5.2  [OLD VERSION]
23:36:22 INFO  ProfileMatch              :         release-date: 05.10.2019
23:36:22 INFO  ProfileMatch              :     lib root package: "com.facebook.all"  (in app: "c")
23:36:22 INFO  ProfileMatch              : 
23:36:22 INFO  ProfileMatch              :                 name: Facebook
23:36:22 INFO  ProfileMatch              :             category: SocialMedia
23:36:22 INFO  ProfileMatch              :              version: 5.8.0  [OLD VERSION]
23:36:22 INFO  ProfileMatch              :         release-date: 08.10.2019
23:36:22 INFO  ProfileMatch              :     lib root package: "com.facebook.all"  (in app: "c")
23:36:22 INFO  ProfileMatch              : 
23:36:22 INFO  ProfileMatch              :                 name: Facebook
23:36:22 INFO  ProfileMatch              :             category: SocialMedia
23:36:22 INFO  ProfileMatch              :              version: 5.9.0  [OLD VERSION]
23:36:22 INFO  ProfileMatch              :         release-date: 29.10.2019
23:36:22 INFO  ProfileMatch              :     lib root package: "com.facebook.all"  (in app: "c")
23:36:22 INFO  ProfileMatch              : 
23:36:22 INFO  ProfileMatch              :                 name: Facebook
23:36:22 INFO  ProfileMatch              :             category: SocialMedia
23:36:22 INFO  ProfileMatch              :              version: 5.11.0  [OLD VERSION]
23:36:22 INFO  ProfileMatch              :         release-date: 15.11.2019
23:36:22 INFO  ProfileMatch              :     lib root package: "com.facebook.all"  (in app: "c")
23:36:22 INFO  ProfileMatch              : 
23:36:22 INFO  ProfileMatch              :                 name: Facebook
23:36:22 INFO  ProfileMatch              :             category: SocialMedia
23:36:22 INFO  ProfileMatch              :              version: 5.11.1  [OLD VERSION]
23:36:22 INFO  ProfileMatch              :         release-date: 21.11.2019
23:36:22 INFO  ProfileMatch              :     lib root package: "com.facebook.all"  (in app: "c")
23:36:22 INFO  ProfileMatch              : 
23:36:22 INFO  ProfileMatch              :                 name: Facebook
23:36:22 INFO  ProfileMatch              :             category: SocialMedia
23:36:22 INFO  ProfileMatch              :              version: 5.11.2  [OLD VERSION]
23:36:22 INFO  ProfileMatch              :         release-date: 22.11.2019
23:36:22 INFO  ProfileMatch              :     lib root package: "com.facebook.all"  (in app: "c")
23:36:22 INFO  ProfileMatch              : 
23:36:22 INFO  ProfileMatch              :                 name: Facebook
23:36:22 INFO  ProfileMatch              :             category: SocialMedia
23:36:22 INFO  ProfileMatch              :              version: 5.12.0  [OLD VERSION]
23:36:22 INFO  ProfileMatch              :         release-date: 04.12.2019
23:36:22 INFO  ProfileMatch              :     lib root package: "com.facebook.all"  (in app: "c")
23:36:22 INFO  ProfileMatch              : 
23:36:22 INFO  ProfileMatch              :                 name: Facebook
23:36:22 INFO  ProfileMatch              :             category: SocialMedia
23:36:22 INFO  ProfileMatch              :              version: 5.12.1  [OLD VERSION]
23:36:22 INFO  ProfileMatch              :         release-date: 09.12.2019
23:36:22 INFO  ProfileMatch              :     lib root package: "com.facebook.all"  (in app: "c")
23:36:22 INFO  ProfileMatch              : 
23:36:22 INFO  ProfileMatch              :                 name: Facebook
23:36:22 INFO  ProfileMatch              :             category: SocialMedia
23:36:22 INFO  ProfileMatch              :              version: 5.13.0  [OLD VERSION]
23:36:22 INFO  ProfileMatch              :         release-date: 12.12.2019
23:36:22 INFO  ProfileMatch              :     lib root package: "com.facebook.all"  (in app: "c")
23:36:22 INFO  ProfileMatch              : 
23:36:22 INFO  ProfileMatch              :                 name: Facebook
23:36:22 INFO  ProfileMatch              :             category: SocialMedia
23:36:22 INFO  ProfileMatch              :              version: 5.15.0  [OLD VERSION]
23:36:22 INFO  ProfileMatch              :         release-date: 21.01.2020
23:36:22 INFO  ProfileMatch              :     lib root package: "com.facebook.all"  (in app: "c")
23:36:22 INFO  ProfileMatch              : 
23:36:22 INFO  ProfileMatch              :                 name: Facebook
23:36:22 INFO  ProfileMatch              :             category: SocialMedia
23:36:22 INFO  ProfileMatch              :              version: 5.15.1  [OLD VERSION]
23:36:22 INFO  ProfileMatch              :         release-date: 29.01.2020
23:36:22 INFO  ProfileMatch              :     lib root package: "com.facebook.all"  (in app: "c")
23:36:22 INFO  ProfileMatch              : 
23:36:22 INFO  ProfileMatch              :                 name: Facebook
23:36:22 INFO  ProfileMatch              :             category: SocialMedia
23:36:22 INFO  ProfileMatch              :              version: 5.15.2  [OLD VERSION]
23:36:22 INFO  ProfileMatch              :         release-date: 03.02.2020
23:36:22 INFO  ProfileMatch              :     lib root package: "com.facebook.all"  (in app: "c")
23:36:22 INFO  ProfileMatch              : 
23:36:22 INFO  ProfileMatch              :                 name: Facebook
23:36:22 INFO  ProfileMatch              :             category: SocialMedia
23:36:22 INFO  ProfileMatch              :              version: 5.15.3  [OLD VERSION]
23:36:22 INFO  ProfileMatch              :         release-date: 03.02.2020
23:36:22 INFO  ProfileMatch              :     lib root package: "com.facebook.all"  (in app: "c")
23:36:22 INFO  ProfileMatch              : 
23:36:22 INFO  ProfileMatch              :                 name: Facebook
23:36:22 INFO  ProfileMatch              :             category: SocialMedia
23:36:22 INFO  ProfileMatch              :              version: 6.0.0  [OLD VERSION]
23:36:22 INFO  ProfileMatch              :         release-date: 03.02.2020
23:36:22 INFO  ProfileMatch              :     lib root package: "com.facebook.all"  (in app: "c")
23:36:22 INFO  ProfileMatch              : 
23:36:22 INFO  ProfileMatch              :                 name: Facebook
23:36:22 INFO  ProfileMatch              :             category: SocialMedia
23:36:22 INFO  ProfileMatch              :              version: 6.1.0  [OLD VERSION]
23:36:22 INFO  ProfileMatch              :         release-date: 14.02.2020
23:36:22 INFO  ProfileMatch              :     lib root package: "com.facebook.all"  (in app: "c")
23:36:22 INFO  ProfileMatch              : 
23:36:22 INFO  ProfileMatch              :                 name: Facebook
23:36:22 INFO  ProfileMatch              :             category: SocialMedia
23:36:22 INFO  ProfileMatch              :              version: 6.2.0  [OLD VERSION]
23:36:22 INFO  ProfileMatch              :         release-date: 09.03.2020
23:36:22 INFO  ProfileMatch              :     lib root package: "com.facebook.all"  (in app: "c")
23:36:22 INFO  ProfileMatch              : 
23:36:22 INFO  ProfileMatch              :                 name: Facebook
23:36:22 INFO  ProfileMatch              :             category: SocialMedia
23:36:22 INFO  ProfileMatch              :              version: 6.3.0  [OLD VERSION]
23:36:22 INFO  ProfileMatch              :         release-date: 25.03.2020
23:36:22 INFO  ProfileMatch              :     lib root package: "com.facebook.all"  (in app: "c")
23:36:22 INFO  ProfileMatch              : 
23:36:22 INFO  ProfileMatch              :                 name: Facebook
23:36:22 INFO  ProfileMatch              :             category: SocialMedia
23:36:22 INFO  ProfileMatch              :              version: 6.4.0  [OLD VERSION]
23:36:22 INFO  ProfileMatch              :         release-date: 15.04.2020
23:36:22 INFO  ProfileMatch              :     lib root package: "com.facebook.all"  (in app: "c")
23:36:22 INFO  ProfileMatch              : 
23:36:22 INFO  ProfileMatch              :                 name: Facebook
23:36:22 INFO  ProfileMatch              :             category: SocialMedia
23:36:22 INFO  ProfileMatch              :              version: 6.5.0  [OLD VERSION]
23:36:22 INFO  ProfileMatch              :         release-date: 20.04.2020
23:36:22 INFO  ProfileMatch              :     lib root package: "com.facebook.all"  (in app: "c")
23:36:22 INFO  ProfileMatch              : 
23:36:22 INFO  ProfileMatch              :                 name: Facebook
23:36:22 INFO  ProfileMatch              :             category: SocialMedia
23:36:22 INFO  ProfileMatch              :              version: 6.5.1  [OLD VERSION]
23:36:22 INFO  ProfileMatch              :         release-date: 23.04.2020
23:36:22 INFO  ProfileMatch              :     lib root package: "com.facebook.all"  (in app: "c")
23:36:22 INFO  ProfileMatch              : 
23:36:22 INFO  ProfileMatch              :                 name: Facebook
23:36:22 INFO  ProfileMatch              :             category: SocialMedia
23:36:22 INFO  ProfileMatch              :              version: 7.0.0  [OLD VERSION]
23:36:22 INFO  ProfileMatch              :         release-date: 05.05.2020
23:36:22 INFO  ProfileMatch              :     lib root package: "com.facebook.all"  (in app: "c")
23:36:22 INFO  ProfileMatch              : 
23:36:22 INFO  ProfileMatch              :                 name: Facebook
23:36:22 INFO  ProfileMatch              :             category: SocialMedia
23:36:22 INFO  ProfileMatch              :              version: 7.0.1  [OLD VERSION]
23:36:22 INFO  ProfileMatch              :         release-date: 09.06.2020
23:36:22 INFO  ProfileMatch              :     lib root package: "com.facebook.all"  (in app: "c")
23:36:22 INFO  ProfileMatch              : 
23:36:22 INFO  ProfileMatch              :                 name: Facebook
23:36:22 INFO  ProfileMatch              :             category: SocialMedia
23:36:22 INFO  ProfileMatch              :              version: 7.1.0  [OLD VERSION]
23:36:22 INFO  ProfileMatch              :         release-date: 23.06.2020
23:36:22 INFO  ProfileMatch              :     lib root package: "com.facebook.all"  (in app: "c")
23:36:22 INFO  ProfileMatch              : 
23:36:22 INFO  ProfileMatch              :                 name: Facebook
23:36:22 INFO  ProfileMatch              :             category: SocialMedia
23:36:22 INFO  ProfileMatch              :              version: 8.0.0  [OLD VERSION]
23:36:22 INFO  ProfileMatch              :         release-date: 28.09.2020
23:36:22 INFO  ProfileMatch              :     lib root package: "com.facebook.all"  (in app: "c")
23:36:22 INFO  ProfileMatch              : 
23:36:22 INFO  ProfileMatch              :                 name: Facebook
23:36:22 INFO  ProfileMatch              :             category: SocialMedia
23:36:22 INFO  ProfileMatch              :              version: 8.1.0  [OLD VERSION]
23:36:22 INFO  ProfileMatch              :         release-date: 14.10.2020
23:36:22 INFO  ProfileMatch              :     lib root package: "com.facebook.all"  (in app: "c")
23:36:22 INFO  ProfileMatch              : 
23:36:22 INFO  ProfileMatch              :                 name: Facebook
23:36:22 INFO  ProfileMatch              :             category: SocialMedia
23:36:22 INFO  ProfileMatch              :              version: 8.2.0  [OLD VERSION]
23:36:22 INFO  ProfileMatch              :         release-date: 18.12.2020
23:36:22 INFO  ProfileMatch              :     lib root package: "com.facebook.all"  (in app: "c")
23:36:22 INFO  ProfileMatch              : 
23:36:22 INFO  ProfileMatch              :                 name: Facebook
23:36:22 INFO  ProfileMatch              :             category: SocialMedia
23:36:22 INFO  ProfileMatch              :              version: 9.0.0  [OLD VERSION]
23:36:22 INFO  ProfileMatch              :         release-date: 19.01.2021
23:36:22 INFO  ProfileMatch              :     lib root package: "com.facebook.all"  (in app: "c")
23:36:22 INFO  ProfileMatch              : 
23:36:22 INFO  ProfileMatch              :                 name: Facebook
23:36:22 INFO  ProfileMatch              :             category: SocialMedia
23:36:22 INFO  ProfileMatch              :              version: 9.1.0  [OLD VERSION]
23:36:22 INFO  ProfileMatch              :         release-date: 15.03.2021
23:36:22 INFO  ProfileMatch              :     lib root package: "com.facebook.all"  (in app: "c")
23:36:22 INFO  ProfileMatch              : 
23:36:22 INFO  ProfileMatch              :                 name: Facebook
23:36:22 INFO  ProfileMatch              :             category: SocialMedia
23:36:22 INFO  ProfileMatch              :              version: 9.1.1  [OLD VERSION]
23:36:22 INFO  ProfileMatch              :         release-date: 12.04.2021
23:36:22 INFO  ProfileMatch              :     lib root package: "com.facebook.all"  (in app: "c")
23:36:22 INFO  ProfileMatch              : 
23:36:22 INFO  ProfileMatch              :                 name: Facebook
23:36:22 INFO  ProfileMatch              :             category: SocialMedia
23:36:22 INFO  ProfileMatch              :              version: 11.0.0  [OLD VERSION]
23:36:22 INFO  ProfileMatch              :         release-date: 08.06.2021
23:36:22 INFO  ProfileMatch              :     lib root package: "com.facebook.all"  (in app: "c")
23:36:22 INFO  ProfileMatch              : 
23:36:22 INFO  ProfileMatch              :                 name: Facebook
23:36:22 INFO  ProfileMatch              :             category: SocialMedia
23:36:22 INFO  ProfileMatch              :              version: 11.1.0  [OLD VERSION]
23:36:22 INFO  ProfileMatch              :         release-date: 06.07.2021
23:36:22 INFO  ProfileMatch              :     lib root package: "com.facebook.all"  (in app: "c")
23:36:22 INFO  ProfileMatch              : 
23:36:22 INFO  ProfileMatch              :                 name: Facebook
23:36:22 INFO  ProfileMatch              :             category: SocialMedia
23:36:22 INFO  ProfileMatch              :              version: 11.1.1  [OLD VERSION]
23:36:22 INFO  ProfileMatch              :         release-date: 19.07.2021
23:36:22 INFO  ProfileMatch              :     lib root package: "com.facebook.all"  (in app: "c")
23:36:22 INFO  ProfileMatch              : 
23:36:22 INFO  ProfileMatch              :                 name: Facebook
23:36:22 INFO  ProfileMatch              :             category: SocialMedia
23:36:22 INFO  ProfileMatch              :              version: 11.2.0  [OLD VERSION]
23:36:22 INFO  ProfileMatch              :         release-date: 03.08.2021
23:36:22 INFO  ProfileMatch              :     lib root package: "com.facebook.all"  (in app: "c")
23:36:22 INFO  ProfileMatch              : 
23:36:22 INFO  ProfileMatch              :                 name: Facebook
23:36:22 INFO  ProfileMatch              :             category: SocialMedia
23:36:22 INFO  ProfileMatch              :              version: 11.3.0  [OLD VERSION]
23:36:22 INFO  ProfileMatch              :         release-date: 07.09.2021
23:36:22 INFO  ProfileMatch              :     lib root package: "com.facebook.all"  (in app: "c")
23:36:22 INFO  ProfileMatch              : 
23:36:22 INFO  ProfileMatch              :                 name: Facebook
23:36:22 INFO  ProfileMatch              :             category: SocialMedia
23:36:22 INFO  ProfileMatch              :              version: 12.0.0  [OLD VERSION]
23:36:22 INFO  ProfileMatch              :         release-date: 05.10.2021
23:36:22 INFO  ProfileMatch              :     lib root package: "com.facebook.all"  (in app: "c")
23:36:22 INFO  ProfileMatch              : 
23:36:22 INFO  ProfileMatch              :                 name: Facebook
23:36:22 INFO  ProfileMatch              :             category: SocialMedia
23:36:22 INFO  ProfileMatch              :              version: 12.0.1  [OLD VERSION]
23:36:22 INFO  ProfileMatch              :         release-date: 13.10.2021
23:36:22 INFO  ProfileMatch              :     lib root package: "com.facebook.all"  (in app: "c")
23:36:22 INFO  ProfileMatch              : 
23:36:22 INFO  ProfileMatch              :                 name: Facebook
23:36:22 INFO  ProfileMatch              :             category: SocialMedia
23:36:22 INFO  ProfileMatch              :              version: 12.1.0  [OLD VERSION]
23:36:22 INFO  ProfileMatch              :         release-date: 01.11.2021
23:36:22 INFO  ProfileMatch              :     lib root package: "com.facebook.all"  (in app: "c")
23:36:22 INFO  ProfileMatch              : 
23:36:22 INFO  ProfileMatch              :                 name: Facebook
23:36:22 INFO  ProfileMatch              :             category: SocialMedia
23:36:22 INFO  ProfileMatch              :              version: 12.2.0  [OLD VERSION]
23:36:22 INFO  ProfileMatch              :         release-date: 06.12.2021
23:36:22 INFO  ProfileMatch              :     lib root package: "com.facebook.all"  (in app: "c")
23:36:22 INFO  ProfileMatch              : 
23:36:22 INFO  ProfileMatch              :                 name: Facebook
23:36:22 INFO  ProfileMatch              :             category: SocialMedia
23:36:22 INFO  ProfileMatch              :              version: 12.3.0  [OLD VERSION]
23:36:22 INFO  ProfileMatch              :         release-date: 10.01.2022
23:36:22 INFO  ProfileMatch              :     lib root package: "com.facebook.all"  (in app: "c")
23:36:22 INFO  ProfileMatch              : 
23:36:22 INFO  ProfileMatch              :                 name: Facebook
23:36:22 INFO  ProfileMatch              :             category: SocialMedia
23:36:22 INFO  ProfileMatch              :              version: 13.0.0  [OLD VERSION]
23:36:22 INFO  ProfileMatch              :         release-date: 23.02.2022
23:36:22 INFO  ProfileMatch              :     lib root package: "com.facebook.all"  (in app: "c")
23:36:22 INFO  ProfileMatch              : 
23:36:22 INFO  ProfileMatch              :                 name: Facebook
23:36:22 INFO  ProfileMatch              :             category: SocialMedia
23:36:22 INFO  ProfileMatch              :              version: 13.1.0  [OLD VERSION]
23:36:22 INFO  ProfileMatch              :         release-date: 21.03.2022
23:36:22 INFO  ProfileMatch              :     lib root package: "com.facebook.all"  (in app: "c")
23:36:22 INFO  ProfileMatch              : 
23:36:22 INFO  ProfileMatch              :                 name: Facebook
23:36:22 INFO  ProfileMatch              :             category: SocialMedia
23:36:22 INFO  ProfileMatch              :              version: 13.2.0  [OLD VERSION]
23:36:22 INFO  ProfileMatch              :         release-date: 22.04.2022
23:36:22 INFO  ProfileMatch              :     lib root package: "com.facebook.all"  (in app: "c")
23:36:22 INFO  ProfileMatch              : 
23:36:22 INFO  ProfileMatch              :                 name: Facebook
23:36:22 INFO  ProfileMatch              :             category: SocialMedia
23:36:22 INFO  ProfileMatch              :              version: 14.0.0
23:36:22 INFO  ProfileMatch              :         release-date: 14.06.2022
23:36:22 INFO  ProfileMatch              :     lib root package: "com.facebook.all"  (in app: "c")
23:36:22 INFO  ProfileMatch              : 
23:36:22 INFO  LibraryIdentifier         : 
23:36:22 INFO  LibraryIdentifier         : - Partial library matches:
23:36:22 INFO  LibraryIdentifier         :                 name: androidx.arch.core::core-common
23:36:22 INFO  LibraryIdentifier         :             category: Android
23:36:22 INFO  LibraryIdentifier         :              version: 2.1.0
23:36:22 INFO  LibraryIdentifier         :         release-date:  --
23:36:22 INFO  LibraryIdentifier         :     lib root package: "androidx.arch.core"
23:36:22 INFO  LibraryIdentifier         :         Partial matching results:
23:36:22 INFO  LibraryIdentifier         :              - config: Hashing.md5() | Flags: no-flag | Keep: PN | Prune: MSIG   score: 0.75
23:36:22 INFO  LibraryIdentifier         : 
23:36:22 INFO  LibraryIdentifier         : 
23:36:22 INFO  LibraryIdentifier         : App processing time: 47 sec, 802 ms
