17:41:28 INFO  LibraryIdentifier         : Process app: com.toxtox.philosopherstonewidget_3.apk
17:41:28 INFO  LibraryIdentifier         : = Manifest Parser =
17:41:28 INFO  LibraryIdentifier         :         Package name: 
17:41:28 INFO  LibraryIdentifier         :         Version code: 0
17:41:28 INFO  LibraryIdentifier         :        minSdkVersion: 1
17:41:28 INFO  LibraryIdentifier         :     targetSdkVersion: 1
17:41:28 INFO  LibraryIdentifier         :         SharedUserId:  - none -
17:41:28 INFO  LibraryIdentifier         :     Library dependencies:  - none -
17:41:28 INFO  LibraryIdentifier         : 
17:41:28 INFO  LibraryIdentifier         : Found 402 unique libraries in 12405 library profiles
17:41:29 INFO  LibraryIdentifier         : Generated class hierarchy (in 578 ms)
17:41:29 INFO  WalaUtils                 : 
17:41:29 INFO  WalaUtils                 : = ClassHierarchy Stats =
17:41:29 INFO  WalaUtils                 :     # of classes: 1320
17:41:29 INFO  WalaUtils                 :     # thereof inner classes: 819
17:41:29 INFO  WalaUtils                 :     # thereof public classes: 608
17:41:29 INFO  WalaUtils                 :         Activity : 5
17:41:29 INFO  WalaUtils                 :         Application : 2
17:41:29 INFO  WalaUtils                 :         AsyncTask : 3
17:41:29 INFO  WalaUtils                 :         BroadcastReceiver : 6
17:41:29 INFO  WalaUtils                 :         ContentProvider : 1
17:41:29 INFO  WalaUtils                 :         Fragment : 4
17:41:29 INFO  WalaUtils                 :         Handler : 9
17:41:29 INFO  WalaUtils                 :         LayoutContainer : 8
17:41:29 INFO  WalaUtils                 :         Plain : 1270
17:41:29 INFO  WalaUtils                 :         Runnable : 0
17:41:29 INFO  WalaUtils                 :         Service : 7
17:41:29 INFO  WalaUtils                 :         Thread : 2
17:41:29 INFO  WalaUtils                 :         View : 3
17:41:29 INFO  WalaUtils                 :     # methods: 9965
17:41:29 INFO  WalaUtils                 :         # of publicly accessible methods: 7389
17:41:29 INFO  WalaUtils                 :         # of non-accessible methods: 2576
17:41:29 INFO  WalaUtils                 : 
17:41:29 INFO  Profile                   : = PackageTree =
17:41:29 INFO  PackageTree               : Root Package: android
17:41:29 INFO  PackageTree               : └── Root
17:41:29 INFO  PackageTree               :     ├── android
17:41:29 INFO  PackageTree               :     │   ├── arch
17:41:29 INFO  PackageTree               :     │   │   ├── lifecycle (16)
17:41:29 INFO  PackageTree               :     │   │   └── core
17:41:29 INFO  PackageTree               :     │   │       └── internal (8)
17:41:29 INFO  PackageTree               :     │   └── support
17:41:29 INFO  PackageTree               :     │       ├── v4
17:41:29 INFO  PackageTree               :     │       │   ├── media (138)
17:41:29 INFO  PackageTree               :     │       │   │   ├── session (92)
17:41:29 INFO  PackageTree               :     │       │   │   └── app (3)
17:41:29 INFO  PackageTree               :     │       │   ├── graphics (20)
17:41:29 INFO  PackageTree               :     │       │   │   └── drawable (20)
17:41:29 INFO  PackageTree               :     │       │   ├── os (25)
17:41:29 INFO  PackageTree               :     │       │   ├── widget (118)
17:41:29 INFO  PackageTree               :     │       │   ├── net (11)
17:41:29 INFO  PackageTree               :     │       │   ├── content (35)
17:41:29 INFO  PackageTree               :     │       │   │   ├── res (9)
17:41:29 INFO  PackageTree               :     │       │   │   └── pm (5)
17:41:29 INFO  PackageTree               :     │       │   ├── text (17)
17:41:29 INFO  PackageTree               :     │       │   │   └── util (4)
17:41:29 INFO  PackageTree               :     │       │   ├── app (206)
17:41:29 INFO  PackageTree               :     │       │   ├── provider (34)
17:41:29 INFO  PackageTree               :     │       │   ├── view (117)
17:41:29 INFO  PackageTree               :     │       │   │   ├── accessibility (44)
17:41:29 INFO  PackageTree               :     │       │   │   └── animation (6)
17:41:29 INFO  PackageTree               :     │       │   ├── util (31)
17:41:29 INFO  PackageTree               :     │       │   ├── hardware
17:41:29 INFO  PackageTree               :     │       │   │   ├── fingerprint (13)
17:41:29 INFO  PackageTree               :     │       │   │   └── display (3)
17:41:29 INFO  PackageTree               :     │       │   ├── print (16)
17:41:29 INFO  PackageTree               :     │       │   ├── accessibilityservice (4)
17:41:29 INFO  PackageTree               :     │       │   ├── math (1)
17:41:29 INFO  PackageTree               :     │       │   ├── internal
17:41:29 INFO  PackageTree               :     │       │   │   └── view (3)
17:41:29 INFO  PackageTree               :     │       │   └── database (1)
17:41:29 INFO  PackageTree               :     │       └── annotation (52)
17:41:29 INFO  PackageTree               :     ├── okhttp3 (75)
17:41:29 INFO  PackageTree               :     │   └── internal (6)
17:41:29 INFO  PackageTree               :     │       ├── tls (7)
17:41:29 INFO  PackageTree               :     │       ├── http2 (39)
17:41:29 INFO  PackageTree               :     │       ├── http1 (7)
17:41:29 INFO  PackageTree               :     │       ├── connection (9)
17:41:29 INFO  PackageTree               :     │       ├── cache (15)
17:41:29 INFO  PackageTree               :     │       ├── ws (13)
17:41:29 INFO  PackageTree               :     │       ├── io (2)
17:41:29 INFO  PackageTree               :     │       ├── platform (8)
17:41:29 INFO  PackageTree               :     │       ├── http (13)
17:41:29 INFO  PackageTree               :     │       ├── publicsuffix (1)
17:41:29 INFO  PackageTree               :     │       └── cache2 (3)
17:41:29 INFO  PackageTree               :     ├── okio (42)
17:41:29 INFO  PackageTree               :     └── com
17:41:29 INFO  PackageTree               :         └── brentpanther
17:41:29 INFO  PackageTree               :             ├── philosopherstonewidget (13)
17:41:29 INFO  PackageTree               :             └── cryptowidget (15)
17:41:29 INFO  Profile                   : 
17:41:29 INFO  AppProfile                : - generated app package tree (in 26 ms)
17:41:29 INFO  AppProfile                : 
17:41:29 DEBUG HashTree                  : Generate hash tree..
17:41:29 DEBUG HashTree                  :     - generated 45 package hashes.
17:41:29 DEBUG HashTree                  :     - generated 1227 clazz hashes.
17:41:29 DEBUG HashTree                  :     - generated 9965 method hashes.
17:41:29 DEBUG HashTree                  :     => Library Hash: 372a2cda9680057d1e4143a1f512f3f1
17:41:29 INFO  AppProfile                : - generated app hash trees (in 211 ms)
17:41:29 INFO  AppProfile                : 
17:41:29 INFO  LibraryIdentifier         : = Scan for library root packages (heuristic) =
17:41:29 INFO  LibraryIdentifier         :     - Found lib root package okhttp3  (OkHttp)
17:41:29 INFO  LibraryIdentifier         :     - Found lib root package android.arch.core.internal  (android.arch.core::common)
17:41:29 INFO  LibraryIdentifier         :     - Found lib root package android.arch.core  (android.arch.core::runtime)
17:41:29 INFO  LibraryIdentifier         :     - Found lib root package android.arch.lifecycle  (android.arch.lifecycle::common)
17:41:29 INFO  LibraryIdentifier         :     - Found lib root package android.arch.lifecycle  (android.arch.lifecycle::common-java8)
17:41:29 INFO  LibraryIdentifier         :     - Found lib root package android.arch.lifecycle  (android.arch.lifecycle::compiler)
17:41:29 INFO  LibraryIdentifier         :     - Found lib root package android.arch.lifecycle  (android.arch.lifecycle::extensions)
17:41:29 INFO  LibraryIdentifier         :     - Found lib root package android.arch.lifecycle  (android.arch.lifecycle::livedata)
17:41:29 INFO  LibraryIdentifier         :     - Found lib root package android.arch.lifecycle  (android.arch.lifecycle::livedata-core)
17:41:29 INFO  LibraryIdentifier         :     - Found lib root package android.arch.lifecycle  (android.arch.lifecycle::reactivestreams)
17:41:29 INFO  LibraryIdentifier         :     - Found lib root package android.arch.lifecycle  (android.arch.lifecycle::runtime)
17:41:29 INFO  LibraryIdentifier         :     - Found lib root package android.arch.lifecycle  (android.arch.lifecycle::viewmodel)
17:41:29 INFO  LibraryIdentifier         :     - Found lib root package android.support.v4.media  (androidx.media::media)
17:41:29 INFO  LibraryIdentifier         :     - Found lib root package android.support.v4.view  (com.android.support::asynclayoutinflater)
17:41:29 INFO  LibraryIdentifier         :     - Found lib root package android.support.v4.util  (com.android.support::collections)
17:41:29 INFO  LibraryIdentifier         :     - Found lib root package android.support.v4.widget  (com.android.support::cursoradapter)
17:41:29 INFO  LibraryIdentifier         :     - Found lib root package android.support.v4  (com.android.support::customview)
17:41:29 INFO  LibraryIdentifier         :     - Found lib root package android.support.v4.provider  (com.android.support::documentfile)
17:41:29 INFO  LibraryIdentifier         :     - Found lib root package android.support.v4.widget  (com.android.support::drawerlayout)
17:41:29 INFO  LibraryIdentifier         :     - Found lib root package android.support.v4.view.animation  (com.android.support::interpolator)
17:41:29 INFO  LibraryIdentifier         :     - Found lib root package android.support.v4  (com.android.support::loader)
17:41:29 INFO  LibraryIdentifier         :     - Found lib root package android.support.v4.content  (com.android.support::localbroadcastmanager)
17:41:29 INFO  LibraryIdentifier         :     - Found lib root package android.support.v4.print  (com.android.support::print)
17:41:29 INFO  LibraryIdentifier         :     - Found lib root package android.support.v4.widget  (com.android.support::slidingpanelayout)
17:41:29 INFO  LibraryIdentifier         :     - Found lib root package android.support.annotation  (com.android.support::support-annotations)
17:41:29 INFO  LibraryIdentifier         :     - Found lib root package android.support.v4  (com.android.support::support-compat)
17:41:29 INFO  LibraryIdentifier         :     - Found lib root package android.support.v4  (com.android.support::support-core-ui)
17:41:29 INFO  LibraryIdentifier         :     - Found lib root package android.support.v4  (com.android.support::support-core-utils)
17:41:29 INFO  LibraryIdentifier         :     - Found lib root package android.support.v4.app  (com.android.support::support-fragment)
17:41:29 INFO  LibraryIdentifier         :     - Found lib root package android.support.v4.media  (com.android.support::support-media-compat)
17:41:29 INFO  LibraryIdentifier         :     - Found lib root package android.support.v4  (com.android.support::support-v4)
17:41:29 INFO  LibraryIdentifier         :     - Found lib root package android.support.v4.widget  (com.android.support::swiperefreshlayout)
17:41:29 INFO  LibraryIdentifier         :     - Found lib root package android.support.v4.view  (com.android.support::viewpager)
17:41:29 INFO  LibraryIdentifier         :     - Found lib root package okio  (okio)
17:41:29 INFO  LibraryIdentifier         : 
17:41:29 INFO  LibraryIdentifier         : = Match profiles =
17:41:31 INFO  LibraryIdentifier         :     >> profile matching done (1 sec, 40 ms)
17:41:31 INFO  LibraryIdentifier         : 
17:41:31 INFO  LibraryIdentifier         : == Report ==
17:41:31 INFO  LibraryIdentifier         : - Full library matches:
17:41:31 INFO  ProfileMatch              :                 name: okio
17:41:31 INFO  ProfileMatch              :             category: Utilities
17:41:31 INFO  ProfileMatch              :              version: 1.12.0  [OLD VERSION]
17:41:31 INFO  ProfileMatch              :         release-date: 12.04.2017
17:41:31 INFO  ProfileMatch              :     lib root package: "okio"
17:41:31 INFO  ProfileMatch              : 
17:41:31 INFO  ProfileMatch              :                 name: okio
17:41:31 INFO  ProfileMatch              :             category: Utilities
17:41:31 INFO  ProfileMatch              :              version: 1.13.0  [OLD VERSION]
17:41:31 INFO  ProfileMatch              :         release-date: 12.05.2017
17:41:31 INFO  ProfileMatch              :     lib root package: "okio"
17:41:31 INFO  ProfileMatch              : 
17:41:31 INFO  ProfileMatch              :                 name: OkHttp
17:41:31 INFO  ProfileMatch              :             category: Utilities
17:41:31 INFO  ProfileMatch              :              version: 3.8.0  [OLD VERSION]
17:41:31 INFO  ProfileMatch              :         release-date: 13.05.2017
17:41:31 INFO  ProfileMatch              :     lib root package: "okhttp3"
17:41:31 INFO  ProfileMatch              : 
17:41:31 INFO  ProfileMatch              :                 name: OkHttp
17:41:31 INFO  ProfileMatch              :             category: Utilities
17:41:31 INFO  ProfileMatch              :              version: 3.8.1  [OLD VERSION]
17:41:31 INFO  ProfileMatch              :         release-date: 18.06.2017
17:41:31 INFO  ProfileMatch              :     lib root package: "okhttp3"
17:41:31 INFO  ProfileMatch              : 
17:41:31 INFO  ProfileMatch              :                 name: com.android.support::support-annotations
17:41:31 INFO  ProfileMatch              :             category: Android
17:41:31 INFO  ProfileMatch              :              version: 26.0.0  [OLD VERSION]
17:41:31 INFO  ProfileMatch              :         release-date:  --
17:41:31 INFO  ProfileMatch              :     lib root package: "android.support.annotation"
17:41:31 INFO  ProfileMatch              : 
17:41:31 INFO  ProfileMatch              :                 name: com.android.support::support-annotations
17:41:31 INFO  ProfileMatch              :             category: Android
17:41:31 INFO  ProfileMatch              :              version: 26.0.1  [OLD VERSION]
17:41:31 INFO  ProfileMatch              :         release-date:  --
17:41:31 INFO  ProfileMatch              :     lib root package: "android.support.annotation"
17:41:31 INFO  ProfileMatch              : 
17:41:31 INFO  ProfileMatch              :                 name: com.android.support::support-annotations
17:41:31 INFO  ProfileMatch              :             category: Android
17:41:31 INFO  ProfileMatch              :              version: 26.0.2  [OLD VERSION]
17:41:31 INFO  ProfileMatch              :         release-date:  --
17:41:31 INFO  ProfileMatch              :     lib root package: "android.support.annotation"
17:41:31 INFO  ProfileMatch              : 
17:41:31 INFO  ProfileMatch              :                 name: com.android.support::support-annotations
17:41:31 INFO  ProfileMatch              :             category: Android
17:41:31 INFO  ProfileMatch              :              version: 26.1.0  [OLD VERSION]
17:41:31 INFO  ProfileMatch              :         release-date:  --
17:41:31 INFO  ProfileMatch              :     lib root package: "android.support.annotation"
17:41:31 INFO  ProfileMatch              : 
17:41:31 INFO  ProfileMatch              :                 name: com.android.support::support-annotations
17:41:31 INFO  ProfileMatch              :             category: Android
17:41:31 INFO  ProfileMatch              :              version: 27.0.0  [OLD VERSION]
17:41:31 INFO  ProfileMatch              :         release-date:  --
17:41:31 INFO  ProfileMatch              :     lib root package: "android.support.annotation"
17:41:31 INFO  ProfileMatch              : 
17:41:31 INFO  ProfileMatch              :                 name: com.android.support::support-annotations
17:41:31 INFO  ProfileMatch              :             category: Android
17:41:31 INFO  ProfileMatch              :              version: 27.0.1  [OLD VERSION]
17:41:31 INFO  ProfileMatch              :         release-date:  --
17:41:31 INFO  ProfileMatch              :     lib root package: "android.support.annotation"
17:41:31 INFO  ProfileMatch              : 
17:41:31 INFO  ProfileMatch              :                 name: com.android.support::support-annotations
17:41:31 INFO  ProfileMatch              :             category: Android
17:41:31 INFO  ProfileMatch              :              version: 27.0.2  [OLD VERSION]
17:41:31 INFO  ProfileMatch              :         release-date:  --
17:41:31 INFO  ProfileMatch              :     lib root package: "android.support.annotation"
17:41:31 INFO  ProfileMatch              : 
17:41:31 INFO  ProfileMatch              :                 name: com.android.support::support-media-compat
17:41:31 INFO  ProfileMatch              :             category: Android
17:41:31 INFO  ProfileMatch              :              version: 26.0.1  [OLD VERSION]
17:41:31 INFO  ProfileMatch              :         release-date:  --
17:41:31 INFO  ProfileMatch              :     lib root package: "android.support.v4.media"
17:41:31 INFO  ProfileMatch              : 
17:41:31 INFO  ProfileMatch              :                 name: com.android.support::support-media-compat
17:41:31 INFO  ProfileMatch              :             category: Android
17:41:31 INFO  ProfileMatch              :              version: 26.0.2  [OLD VERSION]
17:41:31 INFO  ProfileMatch              :         release-date:  --
17:41:31 INFO  ProfileMatch              :     lib root package: "android.support.v4.media"
17:41:31 INFO  ProfileMatch              : 
17:41:31 INFO  ProfileMatch              :                 name: com.android.support::support-media-compat
17:41:31 INFO  ProfileMatch              :             category: Android
17:41:31 INFO  ProfileMatch              :              version: 26.1.0  [OLD VERSION]
17:41:31 INFO  ProfileMatch              :         release-date:  --
17:41:31 INFO  ProfileMatch              :     lib root package: "android.support.v4.media"
17:41:31 INFO  ProfileMatch              : 
17:41:31 INFO  ProfileMatch              :                 name: android.arch.core::common
17:41:31 INFO  ProfileMatch              :             category: Android
17:41:31 INFO  ProfileMatch              :              version: 1.0.0  [OLD VERSION]
17:41:31 INFO  ProfileMatch              :         release-date:  --
17:41:31 INFO  ProfileMatch              :     lib root package: "android.arch.core.internal"
17:41:31 INFO  ProfileMatch              : 
17:41:31 INFO  ProfileMatch              :                 name: android.arch.core::common
17:41:31 INFO  ProfileMatch              :             category: Android
17:41:31 INFO  ProfileMatch              :              version: 1.1.0  [OLD VERSION]
17:41:31 INFO  ProfileMatch              :         release-date:  --
17:41:31 INFO  ProfileMatch              :     lib root package: "android.arch.core.internal"
17:41:31 INFO  ProfileMatch              : 
17:41:31 INFO  LibraryIdentifier         : 
17:41:31 INFO  LibraryIdentifier         : - Partial library matches:
17:41:31 INFO  LibraryIdentifier         : 
17:41:31 INFO  LibraryIdentifier         : App processing time: 3 sec, 178 ms
