22:44:10 INFO  LibraryIdentifier         : Process app: com.serwylo.babyphone_5.apk
22:44:10 INFO  LibraryIdentifier         : = Manifest Parser =
22:44:10 INFO  LibraryIdentifier         :         Package name: com.serwylo.babyphone
22:44:10 INFO  LibraryIdentifier         :         Version code: 5
22:44:10 INFO  LibraryIdentifier         :        minSdkVersion: 22
22:44:10 INFO  LibraryIdentifier         :     targetSdkVersion: 30
22:44:10 INFO  LibraryIdentifier         :         SharedUserId:  - none -
22:44:10 INFO  LibraryIdentifier         :     Library dependencies:  - none -
22:44:10 INFO  LibraryIdentifier         : 
22:44:10 INFO  LibraryIdentifier         : Found 402 unique libraries in 12405 library profiles
22:44:11 INFO  LibraryIdentifier         : Generated class hierarchy (in 653 ms)
22:44:11 INFO  WalaUtils                 : 
22:44:11 INFO  WalaUtils                 : = ClassHierarchy Stats =
22:44:11 INFO  WalaUtils                 :     # of classes: 4979
22:44:11 INFO  WalaUtils                 :     # thereof inner classes: 2787
22:44:11 INFO  WalaUtils                 :     # thereof public classes: 2866
22:44:11 INFO  WalaUtils                 :         Activity : 6
22:44:11 INFO  WalaUtils                 :         Application : 0
22:44:11 INFO  WalaUtils                 :         AsyncTask : 4
22:44:11 INFO  WalaUtils                 :         BroadcastReceiver : 3
22:44:11 INFO  WalaUtils                 :         ContentProvider : 1
22:44:11 INFO  WalaUtils                 :         Fragment : 6
22:44:11 INFO  WalaUtils                 :         Handler : 6
22:44:11 INFO  WalaUtils                 :         LayoutContainer : 88
22:44:11 INFO  WalaUtils                 :         Plain : 4804
22:44:11 INFO  WalaUtils                 :         Runnable : 0
22:44:11 INFO  WalaUtils                 :         Service : 2
22:44:11 INFO  WalaUtils                 :         Thread : 4
22:44:11 INFO  WalaUtils                 :         View : 55
22:44:11 INFO  WalaUtils                 :     # methods: 37076
22:44:11 INFO  WalaUtils                 :         # of publicly accessible methods: 25153
22:44:11 INFO  WalaUtils                 :         # of non-accessible methods: 11923
22:44:11 INFO  WalaUtils                 : 
22:44:11 INFO  Profile                   : = PackageTree =
22:44:11 INFO  PackageTree               : Root Package: androidx
22:44:11 INFO  PackageTree               : └── Root
22:44:11 INFO  PackageTree               :     ├── kotlinx
22:44:11 INFO  PackageTree               :     │   └── coroutines (176)
22:44:11 INFO  PackageTree               :     │       ├── channels (174)
22:44:11 INFO  PackageTree               :     │       ├── test (7)
22:44:11 INFO  PackageTree               :     │       ├── flow (323)
22:44:11 INFO  PackageTree               :     │       │   └── internal (60)
22:44:11 INFO  PackageTree               :     │       ├── internal (70)
22:44:11 INFO  PackageTree               :     │       ├── sync (25)
22:44:11 INFO  PackageTree               :     │       ├── scheduling (18)
22:44:11 INFO  PackageTree               :     │       ├── debug (3)
22:44:11 INFO  PackageTree               :     │       │   └── internal (25)
22:44:11 INFO  PackageTree               :     │       ├── android (10)
22:44:11 INFO  PackageTree               :     │       ├── selects (22)
22:44:11 INFO  PackageTree               :     │       └── intrinsics (2)
22:44:11 INFO  PackageTree               :     ├── com
22:44:11 INFO  PackageTree               :     │   ├── serwylo
22:44:11 INFO  PackageTree               :     │   │   ├── babyphone (13)
22:44:11 INFO  PackageTree               :     │   │   │   └── databinding (2)
22:44:11 INFO  PackageTree               :     │   │   └── immersivelock (3)
22:44:11 INFO  PackageTree               :     │   └── google
22:44:11 INFO  PackageTree               :     │       └── android
22:44:11 INFO  PackageTree               :     │           └── material
22:44:11 INFO  PackageTree               :     │               ├── textfield (51)
22:44:11 INFO  PackageTree               :     │               ├── timepicker (42)
22:44:11 INFO  PackageTree               :     │               ├── transition (51)
22:44:11 INFO  PackageTree               :     │               │   └── platform (57)
22:44:11 INFO  PackageTree               :     │               ├── snackbar (41)
22:44:11 INFO  PackageTree               :     │               ├── internal (68)
22:44:11 INFO  PackageTree               :     │               ├── appbar (30)
22:44:11 INFO  PackageTree               :     │               ├── tabs (27)
22:44:11 INFO  PackageTree               :     │               ├── datepicker (69)
22:44:11 INFO  PackageTree               :     │               ├── behavior (7)
22:44:11 INFO  PackageTree               :     │               ├── transformation (15)
22:44:11 INFO  PackageTree               :     │               ├── bottomsheet (22)
22:44:11 INFO  PackageTree               :     │               ├── shape (39)
22:44:11 INFO  PackageTree               :     │               ├── floatingactionbutton (43)
22:44:11 INFO  PackageTree               :     │               ├── button (14)
22:44:11 INFO  PackageTree               :     │               ├── bottomappbar (19)
22:44:11 INFO  PackageTree               :     │               ├── dialog (3)
22:44:11 INFO  PackageTree               :     │               ├── progressindicator (38)
22:44:11 INFO  PackageTree               :     │               ├── card (4)
22:44:11 INFO  PackageTree               :     │               ├── chip (11)
22:44:11 INFO  PackageTree               :     │               ├── slider (21)
22:44:11 INFO  PackageTree               :     │               ├── navigation (22)
22:44:11 INFO  PackageTree               :     │               ├── elevation (1)
22:44:11 INFO  PackageTree               :     │               ├── shadow (3)
22:44:11 INFO  PackageTree               :     │               ├── resources (9)
22:44:11 INFO  PackageTree               :     │               ├── animation (11)
22:44:11 INFO  PackageTree               :     │               ├── bottomnavigation (6)
22:44:11 INFO  PackageTree               :     │               ├── badge (8)
22:44:11 INFO  PackageTree               :     │               ├── theme (1)
22:44:11 INFO  PackageTree               :     │               │   └── overlay (1)
22:44:11 INFO  PackageTree               :     │               ├── navigationrail (3)
22:44:11 INFO  PackageTree               :     │               ├── circularreveal (14)
22:44:11 INFO  PackageTree               :     │               │   ├── coordinatorlayout (1)
22:44:11 INFO  PackageTree               :     │               │   └── cardview (1)
22:44:11 INFO  PackageTree               :     │               ├── tooltip (2)
22:44:11 INFO  PackageTree               :     │               ├── expandable (3)
22:44:11 INFO  PackageTree               :     │               ├── math (1)
22:44:11 INFO  PackageTree               :     │               ├── ripple (3)
22:44:11 INFO  PackageTree               :     │               ├── imageview (2)
22:44:11 INFO  PackageTree               :     │               ├── stateful (2)
22:44:11 INFO  PackageTree               :     │               ├── drawable (1)
22:44:11 INFO  PackageTree               :     │               ├── radiobutton (1)
22:44:11 INFO  PackageTree               :     │               ├── textview (1)
22:44:11 INFO  PackageTree               :     │               ├── canvas (1)
22:44:11 INFO  PackageTree               :     │               ├── color (1)
22:44:11 INFO  PackageTree               :     │               ├── switchmaterial (1)
22:44:11 INFO  PackageTree               :     │               └── checkbox (1)
22:44:11 INFO  PackageTree               :     ├── androidx
22:44:11 INFO  PackageTree               :     │   ├── core
22:44:11 INFO  PackageTree               :     │   │   ├── view (148)
22:44:11 INFO  PackageTree               :     │   │   │   ├── accessibility (30)
22:44:11 INFO  PackageTree               :     │   │   │   ├── inputmethod (10)
22:44:11 INFO  PackageTree               :     │   │   │   └── animation (2)
22:44:11 INFO  PackageTree               :     │   │   ├── location (31)
22:44:11 INFO  PackageTree               :     │   │   ├── content (27)
22:44:11 INFO  PackageTree               :     │   │   │   ├── res (24)
22:44:11 INFO  PackageTree               :     │   │   │   └── pm (15)
22:44:11 INFO  PackageTree               :     │   │   ├── util (41)
22:44:11 INFO  PackageTree               :     │   │   ├── os (35)
22:44:11 INFO  PackageTree               :     │   │   ├── provider (31)
22:44:11 INFO  PackageTree               :     │   │   ├── app (108)
22:44:11 INFO  PackageTree               :     │   │   ├── telephony (6)
22:44:11 INFO  PackageTree               :     │   │   │   └── mbms (1)
22:44:11 INFO  PackageTree               :     │   │   ├── hardware
22:44:11 INFO  PackageTree               :     │   │   │   ├── fingerprint (5)
22:44:11 INFO  PackageTree               :     │   │   │   └── display (1)
22:44:11 INFO  PackageTree               :     │   │   ├── text (26)
22:44:11 INFO  PackageTree               :     │   │   │   └── util (6)
22:44:11 INFO  PackageTree               :     │   │   ├── graphics (40)
22:44:11 INFO  PackageTree               :     │   │   │   └── drawable (17)
22:44:11 INFO  PackageTree               :     │   │   ├── widget (41)
22:44:11 INFO  PackageTree               :     │   │   ├── transition (12)
22:44:11 INFO  PackageTree               :     │   │   ├── internal
22:44:11 INFO  PackageTree               :     │   │   │   └── view (3)
22:44:11 INFO  PackageTree               :     │   │   ├── animation (15)
22:44:11 INFO  PackageTree               :     │   │   ├── accessibilityservice (1)
22:44:11 INFO  PackageTree               :     │   │   ├── database (3)
22:44:11 INFO  PackageTree               :     │   │   │   └── sqlite (2)
22:44:11 INFO  PackageTree               :     │   │   ├── net (9)
22:44:11 INFO  PackageTree               :     │   │   └── math (1)
22:44:11 INFO  PackageTree               :     │   ├── documentfile
22:44:11 INFO  PackageTree               :     │   │   └── provider (5)
22:44:11 INFO  PackageTree               :     │   ├── fragment
22:44:11 INFO  PackageTree               :     │   │   └── app (135)
22:44:11 INFO  PackageTree               :     │   │       └── strictmode (19)
22:44:11 INFO  PackageTree               :     │   ├── constraintlayout
22:44:11 INFO  PackageTree               :     │   │   ├── solver (18)
22:44:11 INFO  PackageTree               :     │   │   │   ├── widgets (17)
22:44:11 INFO  PackageTree               :     │   │   │   │   └── analyzer (21)
22:44:11 INFO  PackageTree               :     │   │   │   └── state (12)
22:44:11 INFO  PackageTree               :     │   │   │       └── helpers (7)
22:44:11 INFO  PackageTree               :     │   │   ├── motion
22:44:11 INFO  PackageTree               :     │   │   │   ├── widget (94)
22:44:11 INFO  PackageTree               :     │   │   │   └── utils (13)
22:44:11 INFO  PackageTree               :     │   │   ├── widget (28)
22:44:11 INFO  PackageTree               :     │   │   ├── utils
22:44:11 INFO  PackageTree               :     │   │   │   └── widget (9)
22:44:11 INFO  PackageTree               :     │   │   └── helper
22:44:11 INFO  PackageTree               :     │   │       └── widget (2)
22:44:11 INFO  PackageTree               :     │   ├── annotation (64)
22:44:11 INFO  PackageTree               :     │   │   └── experimental (3)
22:44:11 INFO  PackageTree               :     │   ├── appcompat
22:44:11 INFO  PackageTree               :     │   │   ├── widget (204)
22:44:11 INFO  PackageTree               :     │   │   ├── graphics
22:44:11 INFO  PackageTree               :     │   │   │   └── drawable (17)
22:44:11 INFO  PackageTree               :     │   │   ├── app (90)
22:44:11 INFO  PackageTree               :     │   │   ├── view (14)
22:44:11 INFO  PackageTree               :     │   │   │   └── menu (45)
22:44:11 INFO  PackageTree               :     │   │   ├── content
22:44:11 INFO  PackageTree               :     │   │   │   └── res (2)
22:44:11 INFO  PackageTree               :     │   │   └── text (1)
22:44:11 INFO  PackageTree               :     │   ├── preference (96)
22:44:11 INFO  PackageTree               :     │   │   └── internal (1)
22:44:11 INFO  PackageTree               :     │   ├── recyclerview
22:44:11 INFO  PackageTree               :     │   │   └── widget (175)
22:44:11 INFO  PackageTree               :     │   ├── transition (133)
22:44:11 INFO  PackageTree               :     │   ├── viewpager
22:44:11 INFO  PackageTree               :     │   │   └── widget (24)
22:44:11 INFO  PackageTree               :     │   ├── cursoradapter
22:44:11 INFO  PackageTree               :     │   │   └── widget (9)
22:44:11 INFO  PackageTree               :     │   ├── dynamicanimation
22:44:11 INFO  PackageTree               :     │   │   └── animation (36)
22:44:11 INFO  PackageTree               :     │   ├── activity (23)
22:44:11 INFO  PackageTree               :     │   │   ├── contextaware (6)
22:44:11 INFO  PackageTree               :     │   │   └── result (23)
22:44:11 INFO  PackageTree               :     │   │       └── contract (17)
22:44:11 INFO  PackageTree               :     │   ├── lifecycle (94)
22:44:11 INFO  PackageTree               :     │   ├── coordinatorlayout
22:44:11 INFO  PackageTree               :     │   │   └── widget (14)
22:44:11 INFO  PackageTree               :     │   ├── loader
22:44:11 INFO  PackageTree               :     │   │   ├── app (7)
22:44:11 INFO  PackageTree               :     │   │   └── content (15)
22:44:11 INFO  PackageTree               :     │   ├── viewpager2
22:44:11 INFO  PackageTree               :     │   │   ├── adapter (13)
22:44:11 INFO  PackageTree               :     │   │   └── widget (32)
22:44:11 INFO  PackageTree               :     │   ├── savedstate (10)
22:44:11 INFO  PackageTree               :     │   ├── arch
22:44:11 INFO  PackageTree               :     │   │   └── core
22:44:11 INFO  PackageTree               :     │   │       ├── executor (6)
22:44:11 INFO  PackageTree               :     │   │       ├── internal (8)
22:44:11 INFO  PackageTree               :     │   │       └── util (1)
22:44:11 INFO  PackageTree               :     │   ├── collection (30)
22:44:11 INFO  PackageTree               :     │   ├── vectordrawable
22:44:11 INFO  PackageTree               :     │   │   └── graphics
22:44:11 INFO  PackageTree               :     │   │       └── drawable (24)
22:44:11 INFO  PackageTree               :     │   ├── customview
22:44:11 INFO  PackageTree               :     │   │   ├── widget (12)
22:44:11 INFO  PackageTree               :     │   │   └── view (3)
22:44:11 INFO  PackageTree               :     │   ├── cardview
22:44:11 INFO  PackageTree               :     │   │   └── widget (12)
22:44:11 INFO  PackageTree               :     │   ├── legacy
22:44:11 INFO  PackageTree               :     │   │   └── content (1)
22:44:11 INFO  PackageTree               :     │   ├── versionedparcelable (15)
22:44:11 INFO  PackageTree               :     │   ├── print (7)
22:44:11 INFO  PackageTree               :     │   ├── drawerlayout
22:44:11 INFO  PackageTree               :     │   │   └── widget (11)
22:44:11 INFO  PackageTree               :     │   ├── localbroadcastmanager
22:44:11 INFO  PackageTree               :     │   │   └── content (4)
22:44:11 INFO  PackageTree               :     │   ├── viewbinding (1)
22:44:11 INFO  PackageTree               :     │   ├── interpolator
22:44:11 INFO  PackageTree               :     │   │   └── view
22:44:11 INFO  PackageTree               :     │   │       └── animation (4)
22:44:11 INFO  PackageTree               :     │   └── tracing (3)
22:44:11 INFO  PackageTree               :     ├── kotlin (109)
22:44:11 INFO  PackageTree               :     │   ├── jvm (21)
22:44:11 INFO  PackageTree               :     │   │   ├── internal (85)
22:44:11 INFO  PackageTree               :     │   │   │   ├── markers (9)
22:44:11 INFO  PackageTree               :     │   │   │   └── unsafe (1)
22:44:11 INFO  PackageTree               :     │   │   └── functions (24)
22:44:11 INFO  PackageTree               :     │   ├── collections (134)
22:44:11 INFO  PackageTree               :     │   │   ├── unsigned (11)
22:44:11 INFO  PackageTree               :     │   │   └── builders (15)
22:44:11 INFO  PackageTree               :     │   ├── internal (18)
22:44:11 INFO  PackageTree               :     │   ├── io (36)
22:44:11 INFO  PackageTree               :     │   ├── time (22)
22:44:11 INFO  PackageTree               :     │   ├── text (67)
22:44:11 INFO  PackageTree               :     │   ├── ranges (37)
22:44:11 INFO  PackageTree               :     │   ├── contracts (11)
22:44:11 INFO  PackageTree               :     │   ├── reflect (47)
22:44:11 INFO  PackageTree               :     │   ├── sequences (81)
22:44:11 INFO  PackageTree               :     │   ├── properties (8)
22:44:11 INFO  PackageTree               :     │   ├── random (15)
22:44:11 INFO  PackageTree               :     │   ├── coroutines (24)
22:44:11 INFO  PackageTree               :     │   │   ├── intrinsics (10)
22:44:11 INFO  PackageTree               :     │   │   ├── jvm
22:44:11 INFO  PackageTree               :     │   │   │   └── internal (16)
22:44:11 INFO  PackageTree               :     │   │   └── cancellation (1)
22:44:11 INFO  PackageTree               :     │   ├── comparisons (23)
22:44:11 INFO  PackageTree               :     │   ├── system (2)
22:44:11 INFO  PackageTree               :     │   ├── experimental (2)
22:44:11 INFO  PackageTree               :     │   ├── math (5)
22:44:11 INFO  PackageTree               :     │   ├── annotation (6)
22:44:11 INFO  PackageTree               :     │   ├── concurrent (5)
22:44:11 INFO  PackageTree               :     │   └── js (1)
22:44:11 INFO  PackageTree               :     ├── android
22:44:11 INFO  PackageTree               :     │   └── support
22:44:11 INFO  PackageTree               :     │       └── v4
22:44:11 INFO  PackageTree               :     │           ├── os (8)
22:44:11 INFO  PackageTree               :     │           ├── app (5)
22:44:11 INFO  PackageTree               :     │           └── graphics
22:44:11 INFO  PackageTree               :     │               └── drawable (1)
22:44:11 INFO  PackageTree               :     └── org
22:44:11 INFO  PackageTree               :         ├── jetbrains
22:44:11 INFO  PackageTree               :         │   └── annotations (7)
22:44:11 INFO  PackageTree               :         └── intellij
22:44:11 INFO  PackageTree               :             └── lang
22:44:11 INFO  PackageTree               :                 └── annotations (25)
22:44:11 INFO  Profile                   : 
22:44:11 INFO  AppProfile                : - generated app package tree (in 63 ms)
22:44:11 INFO  AppProfile                : 
22:44:11 DEBUG HashTree                  : Generate hash tree..
22:44:12 DEBUG HashTree                  :     - generated 181 package hashes.
22:44:12 DEBUG HashTree                  :     - generated 4689 clazz hashes.
22:44:12 DEBUG HashTree                  :     - generated 37076 method hashes.
22:44:12 DEBUG HashTree                  :     => Library Hash: 6d263d3509cec0e320eb0206ffc28513
22:44:12 INFO  AppProfile                : - generated app hash trees (in 683 ms)
22:44:12 INFO  AppProfile                : 
22:44:12 INFO  LibraryIdentifier         : = Scan for library root packages (heuristic) =
22:44:12 INFO  LibraryIdentifier         :     - Found lib root package androidx.annotation  (androidx.annotation::annotation)
22:44:12 INFO  LibraryIdentifier         :     - Found lib root package androidx.appcompat  (androidx.appcompat::appcompat)
22:44:12 INFO  LibraryIdentifier         :     - Found lib root package androidx.arch.core  (androidx.arch.core::core-common)
22:44:12 INFO  LibraryIdentifier         :     - Found lib root package androidx.arch.core.executor  (androidx.arch.core::core-runtime)
22:44:12 INFO  LibraryIdentifier         :     - Found lib root package androidx.cardview.widget  (androidx.cardview::cardview)
22:44:12 INFO  LibraryIdentifier         :     - Found lib root package androidx.collection  (androidx.collection::collection)
22:44:12 INFO  LibraryIdentifier         :     - Found lib root package androidx.collection  (androidx.collection::collection-ktx)
22:44:12 INFO  LibraryIdentifier         :     - Found lib root package androidx.constraintlayout.widget  (androidx.constraintlayout::constraintlayout)
22:44:12 INFO  LibraryIdentifier         :     - Found lib root package androidx.constraintlayout.solver  (androidx.constraintlayout::constraintlayout-solver)
22:44:12 INFO  LibraryIdentifier         :     - Found lib root package androidx.coordinatorlayout.widget  (androidx.coordinatorlayout::coordinatorlayout)
22:44:12 INFO  LibraryIdentifier         :     - Found lib root package androidx.core  (androidx.core::core)
22:44:12 INFO  LibraryIdentifier         :     - Found lib root package androidx  (androidx.core::core-ktx)
22:44:12 INFO  LibraryIdentifier         :     - Found lib root package androidx.cursoradapter.widget  (androidx.cursoradapter::cursoradapter)
22:44:12 INFO  LibraryIdentifier         :     - Found lib root package androidx.customview  (androidx.customview::customview)
22:44:12 INFO  LibraryIdentifier         :     - Found lib root package androidx.documentfile.provider  (androidx.documentfile::documentfile)
22:44:12 INFO  LibraryIdentifier         :     - Found lib root package androidx.drawerlayout.widget  (androidx.drawerlayout::drawerlayout)
22:44:12 INFO  LibraryIdentifier         :     - Found lib root package androidx.dynamicanimation.animation  (androidx.dynamicanimation::dynamicanimation)
22:44:12 INFO  LibraryIdentifier         :     - Found lib root package androidx.fragment.app  (androidx.fragment::fragment)
22:44:12 INFO  LibraryIdentifier         :     - Found lib root package androidx.fragment.app  (androidx.fragment::fragment-ktx)
22:44:12 INFO  LibraryIdentifier         :     - Found lib root package androidx.interpolator.view.animation  (androidx.interpolator::interpolator)
22:44:12 INFO  LibraryIdentifier         :     - Found lib root package androidx.legacy  (androidx.legacy::legacy-support-core-ui)
22:44:12 INFO  LibraryIdentifier         :     - Found lib root package androidx.legacy.content  (androidx.legacy::legacy-support-core-utils)
22:44:12 INFO  LibraryIdentifier         :     - Found lib root package androidx.legacy  (androidx.legacy::legacy-support-v13)
22:44:12 INFO  LibraryIdentifier         :     - Found lib root package androidx.lifecycle  (androidx.lifecycle::lifecycle-common)
22:44:12 INFO  LibraryIdentifier         :     - Found lib root package androidx.lifecycle  (androidx.lifecycle::lifecycle-common-java8)
22:44:12 INFO  LibraryIdentifier         :     - Found lib root package androidx.lifecycle  (androidx.lifecycle::lifecycle-compiler)
22:44:12 INFO  LibraryIdentifier         :     - Found lib root package androidx.lifecycle  (androidx.lifecycle::lifecycle-extensions)
22:44:12 INFO  LibraryIdentifier         :     - Found lib root package androidx.lifecycle  (androidx.lifecycle::lifecycle-livedata)
22:44:12 INFO  LibraryIdentifier         :     - Found lib root package androidx.lifecycle  (androidx.lifecycle::lifecycle-livedata-core)
22:44:12 INFO  LibraryIdentifier         :     - Found lib root package androidx.lifecycle  (androidx.lifecycle::lifecycle-process)
22:44:12 INFO  LibraryIdentifier         :     - Found lib root package androidx.lifecycle  (androidx.lifecycle::lifecycle-reactivestreams)
22:44:12 INFO  LibraryIdentifier         :     - Found lib root package androidx.lifecycle  (androidx.lifecycle::lifecycle-reactivestreams-ktx)
22:44:12 INFO  LibraryIdentifier         :     - Found lib root package androidx.lifecycle  (androidx.lifecycle::lifecycle-runtime)
22:44:12 INFO  LibraryIdentifier         :     - Found lib root package androidx.lifecycle  (androidx.lifecycle::lifecycle-service)
22:44:12 INFO  LibraryIdentifier         :     - Found lib root package androidx.lifecycle  (androidx.lifecycle::lifecycle-viewmodel)
22:44:12 INFO  LibraryIdentifier         :     - Found lib root package androidx.lifecycle  (androidx.lifecycle::lifecycle-viewmodel-ktx)
22:44:12 INFO  LibraryIdentifier         :     - Found lib root package androidx.loader  (androidx.loader::loader)
22:44:12 INFO  LibraryIdentifier         :     - Found lib root package androidx.localbroadcastmanager.content  (androidx.localbroadcastmanager::localbroadcastmanager)
22:44:12 INFO  LibraryIdentifier         :     - Found lib root package androidx.preference  (androidx.preference::preference)
22:44:12 INFO  LibraryIdentifier         :     - Found lib root package androidx.preference  (androidx.preference::preference-ktx)
22:44:12 INFO  LibraryIdentifier         :     - Found lib root package androidx.print  (androidx.print::print)
22:44:12 INFO  LibraryIdentifier         :     - Found lib root package androidx.recyclerview.widget  (androidx.recyclerview::recyclerview)
22:44:12 INFO  LibraryIdentifier         :     - Found lib root package androidx.transition  (androidx.transition::transition)
22:44:12 INFO  LibraryIdentifier         :     - Found lib root package androidx.vectordrawable.graphics.drawable  (androidx.vectordrawable::vectordrawable)
22:44:12 INFO  LibraryIdentifier         :     - Found lib root package androidx.vectordrawable.graphics.drawable  (androidx.vectordrawable::vectordrawable-animated)
22:44:12 INFO  LibraryIdentifier         :     - Found lib root package androidx.versionedparcelable  (androidx.versionedparcelable::versionedparcelable)
22:44:12 INFO  LibraryIdentifier         :     - Found lib root package androidx.viewpager.widget  (androidx.viewpager::viewpager)
22:44:12 INFO  LibraryIdentifier         :     - Found lib root package android.support.v4  (com.android.support::customview)
22:44:12 INFO  LibraryIdentifier         :     - Found lib root package android.support.v4  (com.android.support::loader)
22:44:12 INFO  LibraryIdentifier         :     - Found lib root package android.support.v4  (com.android.support::support-compat)
22:44:12 INFO  LibraryIdentifier         :     - Found lib root package android.support.v4  (com.android.support::support-core-ui)
22:44:12 INFO  LibraryIdentifier         :     - Found lib root package android.support.v4  (com.android.support::support-core-utils)
22:44:12 INFO  LibraryIdentifier         :     - Found lib root package android.support.v4.app  (com.android.support::support-fragment)
22:44:12 INFO  LibraryIdentifier         :     - Found lib root package android.support.v4  (com.android.support::support-v4)
22:44:12 INFO  LibraryIdentifier         :     - Found lib root package androidx.versionedparcelable  (com.android.support::versionedparcelable)
22:44:12 INFO  LibraryIdentifier         :     - Found lib root package com.google.android.material  (com.google.android.material::material)
22:44:12 INFO  LibraryIdentifier         : 
22:44:12 INFO  LibraryIdentifier         : = Match profiles =
22:45:17 INFO  LibraryIdentifier         :     >> profile matching done (1 min, 4 sec, 481 ms)
22:45:17 INFO  LibraryIdentifier         : 
22:45:17 INFO  LibraryIdentifier         : == Report ==
22:45:17 INFO  LibraryIdentifier         : - Full library matches:
22:45:17 INFO  ProfileMatch              :                 name: androidx.customview::customview
22:45:17 INFO  ProfileMatch              :             category: Android
22:45:17 INFO  ProfileMatch              :              version: 1.0.0  [OLD VERSION]
22:45:17 INFO  ProfileMatch              :         release-date:  --
22:45:17 INFO  ProfileMatch              :     lib root package: "androidx.customview"
22:45:17 INFO  ProfileMatch              : 
22:45:17 INFO  ProfileMatch              :                 name: androidx.appcompat::appcompat
22:45:17 INFO  ProfileMatch              :             category: Android
22:45:17 INFO  ProfileMatch              :              version: 1.3.0  [OLD VERSION]
22:45:17 INFO  ProfileMatch              :         release-date:  --
22:45:17 INFO  ProfileMatch              :     lib root package: "androidx.appcompat"
22:45:17 INFO  ProfileMatch              : 
22:45:17 INFO  ProfileMatch              :                 name: androidx.appcompat::appcompat
22:45:17 INFO  ProfileMatch              :             category: Android
22:45:17 INFO  ProfileMatch              :              version: 1.3.1  [OLD VERSION]
22:45:17 INFO  ProfileMatch              :         release-date:  --
22:45:17 INFO  ProfileMatch              :     lib root package: "androidx.appcompat"
22:45:17 INFO  ProfileMatch              : 
22:45:17 INFO  ProfileMatch              :                 name: androidx.cursoradapter::cursoradapter
22:45:17 INFO  ProfileMatch              :             category: Android
22:45:17 INFO  ProfileMatch              :              version: 1.0.0
22:45:17 INFO  ProfileMatch              :         release-date:  --
22:45:17 INFO  ProfileMatch              :     lib root package: "androidx.cursoradapter.widget"
22:45:17 INFO  ProfileMatch              : 
22:45:17 INFO  ProfileMatch              :                 name: androidx.recyclerview::recyclerview
22:45:17 INFO  ProfileMatch              :             category: Android
22:45:17 INFO  ProfileMatch              :              version: 1.1.0  [OLD VERSION]
22:45:17 INFO  ProfileMatch              :         release-date:  --
22:45:17 INFO  ProfileMatch              :     lib root package: "androidx.recyclerview.widget"
22:45:17 INFO  ProfileMatch              : 
22:45:17 INFO  ProfileMatch              :                 name: com.android.support::loader
22:45:17 INFO  ProfileMatch              :             category: Android
22:45:17 INFO  ProfileMatch              :              version: 28.0.0
22:45:17 INFO  ProfileMatch              :         release-date:  --
22:45:17 INFO  ProfileMatch              :     lib root package: "android.support.v4"  (in app: "androidx.loader")
22:45:17 INFO  ProfileMatch              : 
22:45:17 INFO  ProfileMatch              :                 name: androidx.constraintlayout::constraintlayout-solver
22:45:17 INFO  ProfileMatch              :             category: Android
22:45:17 INFO  ProfileMatch              :              version: 2.0.3  [OLD VERSION]
22:45:17 INFO  ProfileMatch              :         release-date:  --
22:45:17 INFO  ProfileMatch              :     lib root package: "androidx.constraintlayout.solver"
22:45:17 INFO  ProfileMatch              : 
22:45:17 INFO  ProfileMatch              :                 name: androidx.constraintlayout::constraintlayout-solver
22:45:17 INFO  ProfileMatch              :             category: Android
22:45:17 INFO  ProfileMatch              :              version: 2.0.4
22:45:17 INFO  ProfileMatch              :         release-date:  --
22:45:17 INFO  ProfileMatch              :     lib root package: "androidx.constraintlayout.solver"
22:45:17 INFO  ProfileMatch              : 
22:45:17 INFO  ProfileMatch              :                 name: androidx.annotation::annotation
22:45:17 INFO  ProfileMatch              :             category: Android
22:45:17 INFO  ProfileMatch              :              version: 1.0.1  [OLD VERSION]
22:45:17 INFO  ProfileMatch              :         release-date:  --
22:45:17 INFO  ProfileMatch              :     lib root package: "androidx.annotation"
22:45:17 INFO  ProfileMatch              : 
22:45:17 INFO  ProfileMatch              :                 name: androidx.annotation::annotation
22:45:17 INFO  ProfileMatch              :             category: Android
22:45:17 INFO  ProfileMatch              :              version: 1.0.2  [OLD VERSION]
22:45:17 INFO  ProfileMatch              :         release-date:  --
22:45:17 INFO  ProfileMatch              :     lib root package: "androidx.annotation"
22:45:17 INFO  ProfileMatch              : 
22:45:17 INFO  ProfileMatch              :                 name: androidx.annotation::annotation
22:45:17 INFO  ProfileMatch              :             category: Android
22:45:17 INFO  ProfileMatch              :              version: 1.1.0  [OLD VERSION]
22:45:17 INFO  ProfileMatch              :         release-date:  --
22:45:17 INFO  ProfileMatch              :     lib root package: "androidx.annotation"
22:45:17 INFO  ProfileMatch              : 
22:45:17 INFO  ProfileMatch              :                 name: androidx.annotation::annotation
22:45:17 INFO  ProfileMatch              :             category: Android
22:45:17 INFO  ProfileMatch              :              version: 1.2.0  [OLD VERSION]
22:45:17 INFO  ProfileMatch              :         release-date:  --
22:45:17 INFO  ProfileMatch              :     lib root package: "androidx.annotation"
22:45:17 INFO  ProfileMatch              : 
22:45:17 INFO  ProfileMatch              :                 name: androidx.annotation::annotation
22:45:17 INFO  ProfileMatch              :             category: Android
22:45:17 INFO  ProfileMatch              :              version: 1.3.0  [OLD VERSION]
22:45:17 INFO  ProfileMatch              :         release-date:  --
22:45:17 INFO  ProfileMatch              :     lib root package: "androidx.annotation"
22:45:17 INFO  ProfileMatch              : 
22:45:17 INFO  ProfileMatch              :                 name: androidx.annotation::annotation
22:45:17 INFO  ProfileMatch              :             category: Android
22:45:17 INFO  ProfileMatch              :              version: 1.4.0
22:45:17 INFO  ProfileMatch              :         release-date:  --
22:45:17 INFO  ProfileMatch              :     lib root package: "androidx.annotation"
22:45:17 INFO  ProfileMatch              : 
22:45:17 INFO  ProfileMatch              :                 name: androidx.preference::preference
22:45:17 INFO  ProfileMatch              :             category: Android
22:45:17 INFO  ProfileMatch              :              version: 1.1.0  [OLD VERSION]
22:45:17 INFO  ProfileMatch              :         release-date:  --
22:45:17 INFO  ProfileMatch              :     lib root package: "androidx.preference"
22:45:17 INFO  ProfileMatch              : 
22:45:17 INFO  ProfileMatch              :                 name: androidx.preference::preference
22:45:17 INFO  ProfileMatch              :             category: Android
22:45:17 INFO  ProfileMatch              :              version: 1.1.1  [OLD VERSION]
22:45:17 INFO  ProfileMatch              :         release-date:  --
22:45:17 INFO  ProfileMatch              :     lib root package: "androidx.preference"
22:45:17 INFO  ProfileMatch              : 
22:45:17 INFO  ProfileMatch              :                 name: androidx.coordinatorlayout::coordinatorlayout
22:45:17 INFO  ProfileMatch              :             category: Android
22:45:17 INFO  ProfileMatch              :              version: 1.1.0  [OLD VERSION]
22:45:17 INFO  ProfileMatch              :         release-date:  --
22:45:17 INFO  ProfileMatch              :     lib root package: "androidx.coordinatorlayout.widget"
22:45:17 INFO  ProfileMatch              : 
22:45:17 INFO  ProfileMatch              :                 name: com.android.support::localbroadcastmanager
22:45:17 INFO  ProfileMatch              :             category: Android
22:45:17 INFO  ProfileMatch              :              version: 28.0.0
22:45:17 INFO  ProfileMatch              :         release-date:  --
22:45:17 INFO  ProfileMatch              :     lib root package: "android.support.v4.content"  (in app: "androidx.localbroadcastmanager.content")
22:45:17 INFO  ProfileMatch              : 
22:45:17 INFO  ProfileMatch              :                 name: androidx.constraintlayout::constraintlayout
22:45:17 INFO  ProfileMatch              :             category: Android
22:45:17 INFO  ProfileMatch              :              version: 2.0.3  [OLD VERSION]
22:45:17 INFO  ProfileMatch              :         release-date:  --
22:45:17 INFO  ProfileMatch              :     lib root package: "androidx.constraintlayout"
22:45:17 INFO  ProfileMatch              : 
22:45:17 INFO  ProfileMatch              :                 name: androidx.constraintlayout::constraintlayout
22:45:17 INFO  ProfileMatch              :             category: Android
22:45:17 INFO  ProfileMatch              :              version: 2.0.4  [OLD VERSION]
22:45:17 INFO  ProfileMatch              :         release-date:  --
22:45:17 INFO  ProfileMatch              :     lib root package: "androidx.constraintlayout"
22:45:17 INFO  ProfileMatch              : 
22:45:17 INFO  ProfileMatch              :                 name: com.android.support::customview
22:45:17 INFO  ProfileMatch              :             category: Android
22:45:17 INFO  ProfileMatch              :              version: 28.0.0
22:45:17 INFO  ProfileMatch              :         release-date:  --
22:45:17 INFO  ProfileMatch              :     lib root package: "android.support.v4"  (in app: "androidx.customview")
22:45:17 INFO  ProfileMatch              : 
22:45:17 INFO  ProfileMatch              :                 name: com.android.support::drawerlayout
22:45:17 INFO  ProfileMatch              :             category: Android
22:45:17 INFO  ProfileMatch              :              version: 28.0.0
22:45:17 INFO  ProfileMatch              :         release-date:  --
22:45:17 INFO  ProfileMatch              :     lib root package: "android.support.v4.widget"  (in app: "androidx.drawerlayout.widget")
22:45:17 INFO  ProfileMatch              : 
22:45:17 INFO  ProfileMatch              :                 name: androidx.loader::loader
22:45:17 INFO  ProfileMatch              :             category: Android
22:45:17 INFO  ProfileMatch              :              version: 1.0.0  [OLD VERSION]
22:45:17 INFO  ProfileMatch              :         release-date:  --
22:45:17 INFO  ProfileMatch              :     lib root package: "androidx.loader"
22:45:17 INFO  ProfileMatch              : 
22:45:17 INFO  ProfileMatch              :                 name: androidx.cardview::cardview
22:45:17 INFO  ProfileMatch              :             category: Android
22:45:17 INFO  ProfileMatch              :              version: 1.0.0
22:45:17 INFO  ProfileMatch              :         release-date:  --
22:45:17 INFO  ProfileMatch              :     lib root package: "androidx.cardview.widget"
22:45:17 INFO  ProfileMatch              : 
22:45:17 INFO  ProfileMatch              :                 name: com.android.support::support-dynamic-animation
22:45:17 INFO  ProfileMatch              :             category: Android
22:45:17 INFO  ProfileMatch              :              version: 27.0.0  [OLD VERSION]
22:45:17 INFO  ProfileMatch              :         release-date:  --
22:45:17 INFO  ProfileMatch              :     lib root package: "android.support.animation"  (in app: "androidx.dynamicanimation.animation")
22:45:17 INFO  ProfileMatch              : 
22:45:17 INFO  ProfileMatch              :                 name: com.android.support::support-dynamic-animation
22:45:17 INFO  ProfileMatch              :             category: Android
22:45:17 INFO  ProfileMatch              :              version: 27.0.1  [OLD VERSION]
22:45:17 INFO  ProfileMatch              :         release-date:  --
22:45:17 INFO  ProfileMatch              :     lib root package: "android.support.animation"  (in app: "androidx.dynamicanimation.animation")
22:45:17 INFO  ProfileMatch              : 
22:45:17 INFO  ProfileMatch              :                 name: com.android.support::support-dynamic-animation
22:45:17 INFO  ProfileMatch              :             category: Android
22:45:17 INFO  ProfileMatch              :              version: 27.0.2  [OLD VERSION]
22:45:17 INFO  ProfileMatch              :         release-date:  --
22:45:17 INFO  ProfileMatch              :     lib root package: "android.support.animation"  (in app: "androidx.dynamicanimation.animation")
22:45:17 INFO  ProfileMatch              : 
22:45:17 INFO  ProfileMatch              :                 name: com.android.support::support-dynamic-animation
22:45:17 INFO  ProfileMatch              :             category: Android
22:45:17 INFO  ProfileMatch              :              version: 27.1.0  [OLD VERSION]
22:45:17 INFO  ProfileMatch              :         release-date:  --
22:45:17 INFO  ProfileMatch              :     lib root package: "android.support.animation"  (in app: "androidx.dynamicanimation.animation")
22:45:17 INFO  ProfileMatch              : 
22:45:17 INFO  ProfileMatch              :                 name: com.android.support::support-dynamic-animation
22:45:17 INFO  ProfileMatch              :             category: Android
22:45:17 INFO  ProfileMatch              :              version: 27.1.1  [OLD VERSION]
22:45:17 INFO  ProfileMatch              :         release-date:  --
22:45:17 INFO  ProfileMatch              :     lib root package: "android.support.animation"  (in app: "androidx.dynamicanimation.animation")
22:45:17 INFO  ProfileMatch              : 
22:45:17 INFO  ProfileMatch              :                 name: com.android.support::support-dynamic-animation
22:45:17 INFO  ProfileMatch              :             category: Android
22:45:17 INFO  ProfileMatch              :              version: 28.0.0
22:45:17 INFO  ProfileMatch              :         release-date:  --
22:45:17 INFO  ProfileMatch              :     lib root package: "android.support.animation"  (in app: "androidx.dynamicanimation.animation")
22:45:17 INFO  ProfileMatch              : 
22:45:17 INFO  ProfileMatch              :                 name: androidx.print::print
22:45:17 INFO  ProfileMatch              :             category: Android
22:45:17 INFO  ProfileMatch              :              version: 1.0.0
22:45:17 INFO  ProfileMatch              :         release-date:  --
22:45:17 INFO  ProfileMatch              :     lib root package: "androidx.print"
22:45:17 INFO  ProfileMatch              : 
22:45:17 INFO  ProfileMatch              :                 name: androidx.drawerlayout::drawerlayout
22:45:17 INFO  ProfileMatch              :             category: Android
22:45:17 INFO  ProfileMatch              :              version: 1.0.0  [OLD VERSION]
22:45:17 INFO  ProfileMatch              :         release-date:  --
22:45:17 INFO  ProfileMatch              :     lib root package: "androidx.drawerlayout.widget"
22:45:17 INFO  ProfileMatch              : 
22:45:17 INFO  ProfileMatch              :                 name: com.android.support::support-core-utils
22:45:17 INFO  ProfileMatch              :             category: Android
22:45:17 INFO  ProfileMatch              :              version: 28.0.0
22:45:17 INFO  ProfileMatch              :         release-date:  --
22:45:17 INFO  ProfileMatch              :     lib root package: "android.support.v4.content"  (in app: "androidx.legacy.content")
22:45:17 INFO  ProfileMatch              : 
22:45:17 INFO  ProfileMatch              :                 name: androidx.fragment::fragment-ktx
22:45:17 INFO  ProfileMatch              :             category: Android
22:45:17 INFO  ProfileMatch              :              version: 1.2.0  [OLD VERSION]
22:45:17 INFO  ProfileMatch              :         release-date:  --
22:45:17 INFO  ProfileMatch              :     lib root package: "androidx.fragment.app"
22:45:17 INFO  ProfileMatch              : 
22:45:17 INFO  ProfileMatch              :                 name: androidx.fragment::fragment-ktx
22:45:17 INFO  ProfileMatch              :             category: Android
22:45:17 INFO  ProfileMatch              :              version: 1.2.1  [OLD VERSION]
22:45:17 INFO  ProfileMatch              :         release-date:  --
22:45:17 INFO  ProfileMatch              :     lib root package: "androidx.fragment.app"
22:45:17 INFO  ProfileMatch              : 
22:45:17 INFO  ProfileMatch              :                 name: androidx.fragment::fragment-ktx
22:45:17 INFO  ProfileMatch              :             category: Android
22:45:17 INFO  ProfileMatch              :              version: 1.2.2  [OLD VERSION]
22:45:17 INFO  ProfileMatch              :         release-date:  --
22:45:17 INFO  ProfileMatch              :     lib root package: "androidx.fragment.app"
22:45:17 INFO  ProfileMatch              : 
22:45:17 INFO  ProfileMatch              :                 name: androidx.fragment::fragment-ktx
22:45:17 INFO  ProfileMatch              :             category: Android
22:45:17 INFO  ProfileMatch              :              version: 1.2.3  [OLD VERSION]
22:45:17 INFO  ProfileMatch              :         release-date:  --
22:45:17 INFO  ProfileMatch              :     lib root package: "androidx.fragment.app"
22:45:17 INFO  ProfileMatch              : 
22:45:17 INFO  ProfileMatch              :                 name: androidx.fragment::fragment-ktx
22:45:17 INFO  ProfileMatch              :             category: Android
22:45:17 INFO  ProfileMatch              :              version: 1.2.4  [OLD VERSION]
22:45:17 INFO  ProfileMatch              :         release-date:  --
22:45:17 INFO  ProfileMatch              :     lib root package: "androidx.fragment.app"
22:45:17 INFO  ProfileMatch              : 
22:45:17 INFO  ProfileMatch              :                 name: androidx.fragment::fragment-ktx
22:45:17 INFO  ProfileMatch              :             category: Android
22:45:17 INFO  ProfileMatch              :              version: 1.2.5  [OLD VERSION]
22:45:17 INFO  ProfileMatch              :         release-date:  --
22:45:17 INFO  ProfileMatch              :     lib root package: "androidx.fragment.app"
22:45:17 INFO  ProfileMatch              : 
22:45:17 INFO  ProfileMatch              :                 name: com.android.support::print
22:45:17 INFO  ProfileMatch              :             category: Android
22:45:17 INFO  ProfileMatch              :              version: 28.0.0
22:45:17 INFO  ProfileMatch              :         release-date:  --
22:45:17 INFO  ProfileMatch              :     lib root package: "android.support.v4.print"  (in app: "androidx.print")
22:45:17 INFO  ProfileMatch              : 
22:45:17 INFO  ProfileMatch              :                 name: com.google.android.material::material
22:45:17 INFO  ProfileMatch              :             category: Android
22:45:17 INFO  ProfileMatch              :              version: 1.4.0  [OLD VERSION]
22:45:17 INFO  ProfileMatch              :         release-date:  --
22:45:17 INFO  ProfileMatch              :     lib root package: "com.google.android.material"
22:45:17 INFO  ProfileMatch              : 
22:45:17 INFO  ProfileMatch              :                 name: androidx.dynamicanimation::dynamicanimation
22:45:17 INFO  ProfileMatch              :             category: Android
22:45:17 INFO  ProfileMatch              :              version: 1.0.0
22:45:17 INFO  ProfileMatch              :         release-date:  --
22:45:17 INFO  ProfileMatch              :     lib root package: "androidx.dynamicanimation.animation"
22:45:17 INFO  ProfileMatch              : 
22:45:17 INFO  ProfileMatch              :                 name: androidx.core::core-ktx
22:45:17 INFO  ProfileMatch              :             category: Android
22:45:17 INFO  ProfileMatch              :              version: 1.6.0  [OLD VERSION]
22:45:17 INFO  ProfileMatch              :         release-date:  --
22:45:17 INFO  ProfileMatch              :     lib root package: "androidx.core"
22:45:17 INFO  ProfileMatch              : 
22:45:17 INFO  ProfileMatch              :                 name: androidx.arch.core::core-runtime
22:45:17 INFO  ProfileMatch              :             category: Android
22:45:17 INFO  ProfileMatch              :              version: 2.1.0
22:45:17 INFO  ProfileMatch              :         release-date:  --
22:45:17 INFO  ProfileMatch              :     lib root package: "androidx.arch.core.executor"
22:45:17 INFO  ProfileMatch              : 
22:45:17 INFO  ProfileMatch              :                 name: com.android.support.constraint::constraint-layout-solver
22:45:17 INFO  ProfileMatch              :             category: Android
22:45:17 INFO  ProfileMatch              :              version: 2.0.3  [OLD VERSION]
22:45:17 INFO  ProfileMatch              :         release-date:  --
22:45:17 INFO  ProfileMatch              :     lib root package: "android.support.constraint.solver"  (in app: "androidx.constraintlayout.solver")
22:45:17 INFO  ProfileMatch              : 
22:45:17 INFO  ProfileMatch              :                 name: com.android.support.constraint::constraint-layout-solver
22:45:17 INFO  ProfileMatch              :             category: Android
22:45:17 INFO  ProfileMatch              :              version: 2.0.4
22:45:17 INFO  ProfileMatch              :         release-date:  --
22:45:17 INFO  ProfileMatch              :     lib root package: "android.support.constraint.solver"  (in app: "androidx.constraintlayout.solver")
22:45:17 INFO  ProfileMatch              : 
22:45:17 INFO  ProfileMatch              :                 name: androidx.arch.core::core-common
22:45:17 INFO  ProfileMatch              :             category: Android
22:45:17 INFO  ProfileMatch              :              version: 2.0.0  [OLD VERSION]
22:45:17 INFO  ProfileMatch              :         release-date:  --
22:45:17 INFO  ProfileMatch              :     lib root package: "androidx.arch.core"
22:45:17 INFO  ProfileMatch              : 
22:45:17 INFO  ProfileMatch              :                 name: androidx.arch.core::core-common
22:45:17 INFO  ProfileMatch              :             category: Android
22:45:17 INFO  ProfileMatch              :              version: 2.0.1  [OLD VERSION]
22:45:17 INFO  ProfileMatch              :         release-date:  --
22:45:17 INFO  ProfileMatch              :     lib root package: "androidx.arch.core"
22:45:17 INFO  ProfileMatch              : 
22:45:17 INFO  ProfileMatch              :                 name: androidx.arch.core::core-common
22:45:17 INFO  ProfileMatch              :             category: Android
22:45:17 INFO  ProfileMatch              :              version: 2.1.0
22:45:17 INFO  ProfileMatch              :         release-date:  --
22:45:17 INFO  ProfileMatch              :     lib root package: "androidx.arch.core"
22:45:17 INFO  ProfileMatch              : 
22:45:17 INFO  ProfileMatch              :                 name: androidx.versionedparcelable::versionedparcelable  [OLD VERSION]
22:45:17 INFO  ProfileMatch              :             category: Android
22:45:17 INFO  ProfileMatch              :              version: 1.1.0  [OLD VERSION]
22:45:17 INFO  ProfileMatch              :         release-date:  --
22:45:17 INFO  ProfileMatch              :     lib root package: "androidx.versionedparcelable"
22:45:17 INFO  ProfileMatch              : 
22:45:17 INFO  ProfileMatch              :                 name: androidx.versionedparcelable::versionedparcelable
22:45:17 INFO  ProfileMatch              :             category: Android
22:45:17 INFO  ProfileMatch              :              version: 1.1.1
22:45:17 INFO  ProfileMatch              :         release-date:  --
22:45:17 INFO  ProfileMatch              :     lib root package: "androidx.versionedparcelable"
22:45:17 INFO  ProfileMatch              : 
22:45:17 INFO  ProfileMatch              :                 name: com.android.support::cursoradapter
22:45:17 INFO  ProfileMatch              :             category: Android
22:45:17 INFO  ProfileMatch              :              version: 28.0.0
22:45:17 INFO  ProfileMatch              :         release-date:  --
22:45:17 INFO  ProfileMatch              :     lib root package: "android.support.v4.widget"  (in app: "androidx.cursoradapter.widget")
22:45:17 INFO  ProfileMatch              : 
22:45:17 INFO  ProfileMatch              :                 name: com.android.support::interpolator
22:45:17 INFO  ProfileMatch              :             category: Android
22:45:17 INFO  ProfileMatch              :              version: 28.0.0
22:45:17 INFO  ProfileMatch              :         release-date:  --
22:45:17 INFO  ProfileMatch              :     lib root package: "android.support.v4.view.animation"  (in app: "androidx.interpolator.view.animation")
22:45:17 INFO  ProfileMatch              : 
22:45:17 INFO  ProfileMatch              :                 name: androidx.interpolator::interpolator
22:45:17 INFO  ProfileMatch              :             category: Android
22:45:17 INFO  ProfileMatch              :              version: 1.0.0
22:45:17 INFO  ProfileMatch              :         release-date:  --
22:45:17 INFO  ProfileMatch              :     lib root package: "androidx.interpolator.view.animation"
22:45:17 INFO  ProfileMatch              : 
22:45:17 INFO  ProfileMatch              :                 name: androidx.documentfile::documentfile
22:45:17 INFO  ProfileMatch              :             category: Android
22:45:17 INFO  ProfileMatch              :              version: 1.0.0  [OLD VERSION]
22:45:17 INFO  ProfileMatch              :         release-date:  --
22:45:17 INFO  ProfileMatch              :     lib root package: "androidx.documentfile.provider"
22:45:17 INFO  ProfileMatch              : 
22:45:17 INFO  ProfileMatch              :                 name: androidx.documentfile::documentfile
22:45:17 INFO  ProfileMatch              :             category: Android
22:45:17 INFO  ProfileMatch              :              version: 1.0.1
22:45:17 INFO  ProfileMatch              :         release-date:  --
22:45:17 INFO  ProfileMatch              :     lib root package: "androidx.documentfile.provider"
22:45:17 INFO  ProfileMatch              : 
22:45:17 INFO  ProfileMatch              :                 name: Facebook
22:45:17 INFO  ProfileMatch              :             category: SocialMedia
22:45:17 INFO  ProfileMatch              :              version: 4.27.0  [OLD VERSION]
22:45:17 INFO  ProfileMatch              :         release-date: 26.09.2017
22:45:17 INFO  ProfileMatch              :     lib root package: "com.facebook.all"  (in app: "androidx.core.view")
22:45:17 INFO  ProfileMatch              : 
22:45:17 INFO  ProfileMatch              :                 name: Facebook
22:45:17 INFO  ProfileMatch              :             category: SocialMedia
22:45:17 INFO  ProfileMatch              :              version: 4.28.0  [OLD VERSION]
22:45:17 INFO  ProfileMatch              :         release-date: 07.11.2017
22:45:17 INFO  ProfileMatch              :     lib root package: "com.facebook.all"  (in app: "androidx.core.view")
22:45:17 INFO  ProfileMatch              : 
22:45:17 INFO  ProfileMatch              :                 name: Facebook
22:45:17 INFO  ProfileMatch              :             category: SocialMedia
22:45:17 INFO  ProfileMatch              :              version: 4.29.0  [OLD VERSION]
22:45:17 INFO  ProfileMatch              :         release-date: 05.12.2017
22:45:17 INFO  ProfileMatch              :     lib root package: "com.facebook.all"  (in app: "androidx.core.view")
22:45:17 INFO  ProfileMatch              : 
22:45:17 INFO  ProfileMatch              :                 name: Facebook
22:45:17 INFO  ProfileMatch              :             category: SocialMedia
22:45:17 INFO  ProfileMatch              :              version: 4.30.0  [OLD VERSION]
22:45:17 INFO  ProfileMatch              :         release-date: 24.01.2018
22:45:17 INFO  ProfileMatch              :     lib root package: "com.facebook.all"  (in app: "androidx.core.view")
22:45:17 INFO  ProfileMatch              : 
22:45:17 INFO  ProfileMatch              :                 name: Facebook
22:45:17 INFO  ProfileMatch              :             category: SocialMedia
22:45:17 INFO  ProfileMatch              :              version: 4.31.0  [OLD VERSION]
22:45:17 INFO  ProfileMatch              :         release-date: 28.02.2018
22:45:17 INFO  ProfileMatch              :     lib root package: "com.facebook.all"  (in app: "androidx.core.view")
22:45:17 INFO  ProfileMatch              : 
22:45:17 INFO  ProfileMatch              :                 name: Facebook
22:45:17 INFO  ProfileMatch              :             category: SocialMedia
22:45:17 INFO  ProfileMatch              :              version: 4.32.0  [OLD VERSION]
22:45:17 INFO  ProfileMatch              :         release-date: 11.04.2018
22:45:17 INFO  ProfileMatch              :     lib root package: "com.facebook.all"  (in app: "androidx.core.view")
22:45:17 INFO  ProfileMatch              : 
22:45:17 INFO  ProfileMatch              :                 name: Facebook
22:45:17 INFO  ProfileMatch              :             category: SocialMedia
22:45:17 INFO  ProfileMatch              :              version: 4.33.0  [OLD VERSION]
22:45:17 INFO  ProfileMatch              :         release-date: 01.05.2018
22:45:17 INFO  ProfileMatch              :     lib root package: "com.facebook.all"  (in app: "androidx.core.view")
22:45:17 INFO  ProfileMatch              : 
22:45:17 INFO  ProfileMatch              :                 name: Facebook
22:45:17 INFO  ProfileMatch              :             category: SocialMedia
22:45:17 INFO  ProfileMatch              :              version: 4.34.0  [OLD VERSION]
22:45:17 INFO  ProfileMatch              :         release-date: 19.06.2018
22:45:17 INFO  ProfileMatch              :     lib root package: "com.facebook.all"  (in app: "androidx.core.view")
22:45:17 INFO  ProfileMatch              : 
22:45:17 INFO  ProfileMatch              :                 name: Facebook
22:45:17 INFO  ProfileMatch              :             category: SocialMedia
22:45:17 INFO  ProfileMatch              :              version: 4.35.0  [OLD VERSION]
22:45:17 INFO  ProfileMatch              :         release-date: 26.07.2018
22:45:17 INFO  ProfileMatch              :     lib root package: "com.facebook.all"  (in app: "androidx.core.view")
22:45:17 INFO  ProfileMatch              : 
22:45:17 INFO  ProfileMatch              :                 name: Facebook
22:45:17 INFO  ProfileMatch              :             category: SocialMedia
22:45:17 INFO  ProfileMatch              :              version: 4.36.0  [OLD VERSION]
22:45:17 INFO  ProfileMatch              :         release-date: 29.08.2018
22:45:17 INFO  ProfileMatch              :     lib root package: "com.facebook.all"  (in app: "androidx.core.view")
22:45:17 INFO  ProfileMatch              : 
22:45:17 INFO  ProfileMatch              :                 name: Facebook
22:45:17 INFO  ProfileMatch              :             category: SocialMedia
22:45:17 INFO  ProfileMatch              :              version: 4.36.1  [OLD VERSION]
22:45:17 INFO  ProfileMatch              :         release-date: 15.09.2018
22:45:17 INFO  ProfileMatch              :     lib root package: "com.facebook.all"  (in app: "androidx.core.view")
22:45:17 INFO  ProfileMatch              : 
22:45:17 INFO  ProfileMatch              :                 name: Facebook
22:45:17 INFO  ProfileMatch              :             category: SocialMedia
22:45:17 INFO  ProfileMatch              :              version: 4.37.0  [OLD VERSION]
22:45:17 INFO  ProfileMatch              :         release-date: 27.09.2018
22:45:17 INFO  ProfileMatch              :     lib root package: "com.facebook.all"  (in app: "androidx.core.view")
22:45:17 INFO  ProfileMatch              : 
22:45:17 INFO  ProfileMatch              :                 name: Facebook
22:45:17 INFO  ProfileMatch              :             category: SocialMedia
22:45:17 INFO  ProfileMatch              :              version: 4.38.0  [OLD VERSION]
22:45:17 INFO  ProfileMatch              :         release-date: 23.10.2018
22:45:17 INFO  ProfileMatch              :     lib root package: "com.facebook.all"  (in app: "androidx.core.view")
22:45:17 INFO  ProfileMatch              : 
22:45:17 INFO  ProfileMatch              :                 name: Facebook
22:45:17 INFO  ProfileMatch              :             category: SocialMedia
22:45:17 INFO  ProfileMatch              :              version: 4.38.1  [OLD VERSION]
22:45:17 INFO  ProfileMatch              :         release-date: 31.10.2018
22:45:17 INFO  ProfileMatch              :     lib root package: "com.facebook.all"  (in app: "androidx.core.view")
22:45:17 INFO  ProfileMatch              : 
22:45:17 INFO  ProfileMatch              :                 name: Facebook
22:45:17 INFO  ProfileMatch              :             category: SocialMedia
22:45:17 INFO  ProfileMatch              :              version: 4.39.0  [OLD VERSION]
22:45:17 INFO  ProfileMatch              :         release-date: 05.12.2018
22:45:17 INFO  ProfileMatch              :     lib root package: "com.facebook.all"  (in app: "androidx.core.view")
22:45:17 INFO  ProfileMatch              : 
22:45:17 INFO  ProfileMatch              :                 name: Facebook
22:45:17 INFO  ProfileMatch              :             category: SocialMedia
22:45:17 INFO  ProfileMatch              :              version: 4.40.0  [OLD VERSION]
22:45:17 INFO  ProfileMatch              :         release-date: 22.01.2019
22:45:17 INFO  ProfileMatch              :     lib root package: "com.facebook.all"  (in app: "androidx.core.view")
22:45:17 INFO  ProfileMatch              : 
22:45:17 INFO  ProfileMatch              :                 name: Facebook
22:45:17 INFO  ProfileMatch              :             category: SocialMedia
22:45:17 INFO  ProfileMatch              :              version: 4.41.0  [OLD VERSION]
22:45:17 INFO  ProfileMatch              :         release-date: 08.03.2019
22:45:17 INFO  ProfileMatch              :     lib root package: "com.facebook.all"  (in app: "androidx.core.view")
22:45:17 INFO  ProfileMatch              : 
22:45:17 INFO  ProfileMatch              :                 name: Facebook
22:45:17 INFO  ProfileMatch              :             category: SocialMedia
22:45:17 INFO  ProfileMatch              :              version: 4.42.0  [OLD VERSION]
22:45:17 INFO  ProfileMatch              :         release-date: 08.04.2019
22:45:17 INFO  ProfileMatch              :     lib root package: "com.facebook.all"  (in app: "androidx.core.view")
22:45:17 INFO  ProfileMatch              : 
22:45:17 INFO  ProfileMatch              :                 name: Facebook
22:45:17 INFO  ProfileMatch              :             category: SocialMedia
22:45:17 INFO  ProfileMatch              :              version: 5.0.0  [OLD VERSION]
22:45:17 INFO  ProfileMatch              :         release-date: 30.04.2019
22:45:17 INFO  ProfileMatch              :     lib root package: "com.facebook.all"  (in app: "androidx.core.view")
22:45:17 INFO  ProfileMatch              : 
22:45:17 INFO  ProfileMatch              :                 name: Facebook
22:45:17 INFO  ProfileMatch              :             category: SocialMedia
22:45:17 INFO  ProfileMatch              :              version: 5.0.1  [OLD VERSION]
22:45:17 INFO  ProfileMatch              :         release-date: 17.05.2019
22:45:17 INFO  ProfileMatch              :     lib root package: "com.facebook.all"  (in app: "androidx.core.view")
22:45:17 INFO  ProfileMatch              : 
22:45:17 INFO  ProfileMatch              :                 name: Facebook
22:45:17 INFO  ProfileMatch              :             category: SocialMedia
22:45:17 INFO  ProfileMatch              :              version: 5.0.2  [OLD VERSION]
22:45:17 INFO  ProfileMatch              :         release-date: 09.06.2019
22:45:17 INFO  ProfileMatch              :     lib root package: "com.facebook.all"  (in app: "androidx.core.view")
22:45:17 INFO  ProfileMatch              : 
22:45:17 INFO  ProfileMatch              :                 name: Facebook
22:45:17 INFO  ProfileMatch              :             category: SocialMedia
22:45:17 INFO  ProfileMatch              :              version: 5.0.3  [OLD VERSION]
22:45:17 INFO  ProfileMatch              :         release-date: 14.06.2019
22:45:17 INFO  ProfileMatch              :     lib root package: "com.facebook.all"  (in app: "androidx.core.view")
22:45:17 INFO  ProfileMatch              : 
22:45:17 INFO  ProfileMatch              :                 name: Facebook
22:45:17 INFO  ProfileMatch              :             category: SocialMedia
22:45:17 INFO  ProfileMatch              :              version: 5.1.0  [OLD VERSION]
22:45:17 INFO  ProfileMatch              :         release-date: 21.06.2019
22:45:17 INFO  ProfileMatch              :     lib root package: "com.facebook.all"  (in app: "androidx.core.view")
22:45:17 INFO  ProfileMatch              : 
22:45:17 INFO  ProfileMatch              :                 name: Facebook
22:45:17 INFO  ProfileMatch              :             category: SocialMedia
22:45:17 INFO  ProfileMatch              :              version: 5.1.1  [OLD VERSION]
22:45:17 INFO  ProfileMatch              :         release-date: 02.07.2019
22:45:17 INFO  ProfileMatch              :     lib root package: "com.facebook.all"  (in app: "androidx.core.view")
22:45:17 INFO  ProfileMatch              : 
22:45:17 INFO  ProfileMatch              :                 name: Facebook
22:45:17 INFO  ProfileMatch              :             category: SocialMedia
22:45:17 INFO  ProfileMatch              :              version: 5.2.0  [OLD VERSION]
22:45:17 INFO  ProfileMatch              :         release-date: 29.07.2019
22:45:17 INFO  ProfileMatch              :     lib root package: "com.facebook.all"  (in app: "androidx.core.view")
22:45:17 INFO  ProfileMatch              : 
22:45:17 INFO  ProfileMatch              :                 name: Facebook
22:45:17 INFO  ProfileMatch              :             category: SocialMedia
22:45:17 INFO  ProfileMatch              :              version: 5.4.0  [OLD VERSION]
22:45:17 INFO  ProfileMatch              :         release-date: 16.08.2019
22:45:17 INFO  ProfileMatch              :     lib root package: "com.facebook.all"  (in app: "androidx.core.view")
22:45:17 INFO  ProfileMatch              : 
22:45:17 INFO  ProfileMatch              :                 name: Facebook
22:45:17 INFO  ProfileMatch              :             category: SocialMedia
22:45:17 INFO  ProfileMatch              :              version: 5.5.0  [OLD VERSION]
22:45:17 INFO  ProfileMatch              :         release-date: 31.08.2019
22:45:17 INFO  ProfileMatch              :     lib root package: "com.facebook.all"  (in app: "androidx.core.view")
22:45:17 INFO  ProfileMatch              : 
22:45:17 INFO  ProfileMatch              :                 name: Facebook
22:45:17 INFO  ProfileMatch              :             category: SocialMedia
22:45:17 INFO  ProfileMatch              :              version: 5.5.1  [OLD VERSION]
22:45:17 INFO  ProfileMatch              :         release-date: 06.09.2019
22:45:17 INFO  ProfileMatch              :     lib root package: "com.facebook.all"  (in app: "androidx.core.view")
22:45:17 INFO  ProfileMatch              : 
22:45:17 INFO  ProfileMatch              :                 name: Facebook
22:45:17 INFO  ProfileMatch              :             category: SocialMedia
22:45:17 INFO  ProfileMatch              :              version: 5.5.2  [OLD VERSION]
22:45:17 INFO  ProfileMatch              :         release-date: 05.10.2019
22:45:17 INFO  ProfileMatch              :     lib root package: "com.facebook.all"  (in app: "androidx.core.view")
22:45:17 INFO  ProfileMatch              : 
22:45:17 INFO  ProfileMatch              :                 name: Facebook
22:45:17 INFO  ProfileMatch              :             category: SocialMedia
22:45:17 INFO  ProfileMatch              :              version: 5.8.0  [OLD VERSION]
22:45:17 INFO  ProfileMatch              :         release-date: 08.10.2019
22:45:17 INFO  ProfileMatch              :     lib root package: "com.facebook.all"  (in app: "androidx.core.view")
22:45:17 INFO  ProfileMatch              : 
22:45:17 INFO  ProfileMatch              :                 name: Facebook
22:45:17 INFO  ProfileMatch              :             category: SocialMedia
22:45:17 INFO  ProfileMatch              :              version: 5.9.0  [OLD VERSION]
22:45:17 INFO  ProfileMatch              :         release-date: 29.10.2019
22:45:17 INFO  ProfileMatch              :     lib root package: "com.facebook.all"  (in app: "androidx.core.view")
22:45:17 INFO  ProfileMatch              : 
22:45:17 INFO  ProfileMatch              :                 name: Facebook
22:45:17 INFO  ProfileMatch              :             category: SocialMedia
22:45:17 INFO  ProfileMatch              :              version: 5.11.0  [OLD VERSION]
22:45:17 INFO  ProfileMatch              :         release-date: 15.11.2019
22:45:17 INFO  ProfileMatch              :     lib root package: "com.facebook.all"  (in app: "androidx.core.view")
22:45:17 INFO  ProfileMatch              : 
22:45:17 INFO  ProfileMatch              :                 name: Facebook
22:45:17 INFO  ProfileMatch              :             category: SocialMedia
22:45:17 INFO  ProfileMatch              :              version: 5.11.1  [OLD VERSION]
22:45:17 INFO  ProfileMatch              :         release-date: 21.11.2019
22:45:17 INFO  ProfileMatch              :     lib root package: "com.facebook.all"  (in app: "androidx.core.view")
22:45:17 INFO  ProfileMatch              : 
22:45:17 INFO  ProfileMatch              :                 name: Facebook
22:45:17 INFO  ProfileMatch              :             category: SocialMedia
22:45:17 INFO  ProfileMatch              :              version: 5.11.2  [OLD VERSION]
22:45:17 INFO  ProfileMatch              :         release-date: 22.11.2019
22:45:17 INFO  ProfileMatch              :     lib root package: "com.facebook.all"  (in app: "androidx.core.view")
22:45:17 INFO  ProfileMatch              : 
22:45:17 INFO  ProfileMatch              :                 name: Facebook
22:45:17 INFO  ProfileMatch              :             category: SocialMedia
22:45:17 INFO  ProfileMatch              :              version: 5.12.0  [OLD VERSION]
22:45:17 INFO  ProfileMatch              :         release-date: 04.12.2019
22:45:17 INFO  ProfileMatch              :     lib root package: "com.facebook.all"  (in app: "androidx.core.view")
22:45:17 INFO  ProfileMatch              : 
22:45:17 INFO  ProfileMatch              :                 name: Facebook
22:45:17 INFO  ProfileMatch              :             category: SocialMedia
22:45:17 INFO  ProfileMatch              :              version: 5.12.1  [OLD VERSION]
22:45:17 INFO  ProfileMatch              :         release-date: 09.12.2019
22:45:17 INFO  ProfileMatch              :     lib root package: "com.facebook.all"  (in app: "androidx.core.view")
22:45:17 INFO  ProfileMatch              : 
22:45:17 INFO  ProfileMatch              :                 name: Facebook
22:45:17 INFO  ProfileMatch              :             category: SocialMedia
22:45:17 INFO  ProfileMatch              :              version: 5.13.0  [OLD VERSION]
22:45:17 INFO  ProfileMatch              :         release-date: 12.12.2019
22:45:17 INFO  ProfileMatch              :     lib root package: "com.facebook.all"  (in app: "androidx.core.view")
22:45:17 INFO  ProfileMatch              : 
22:45:17 INFO  ProfileMatch              :                 name: Facebook
22:45:17 INFO  ProfileMatch              :             category: SocialMedia
22:45:17 INFO  ProfileMatch              :              version: 5.15.0  [OLD VERSION]
22:45:17 INFO  ProfileMatch              :         release-date: 21.01.2020
22:45:17 INFO  ProfileMatch              :     lib root package: "com.facebook.all"  (in app: "androidx.core.view")
22:45:17 INFO  ProfileMatch              : 
22:45:17 INFO  ProfileMatch              :                 name: Facebook
22:45:17 INFO  ProfileMatch              :             category: SocialMedia
22:45:17 INFO  ProfileMatch              :              version: 5.15.1  [OLD VERSION]
22:45:17 INFO  ProfileMatch              :         release-date: 29.01.2020
22:45:17 INFO  ProfileMatch              :     lib root package: "com.facebook.all"  (in app: "androidx.core.view")
22:45:17 INFO  ProfileMatch              : 
22:45:17 INFO  ProfileMatch              :                 name: Facebook
22:45:17 INFO  ProfileMatch              :             category: SocialMedia
22:45:17 INFO  ProfileMatch              :              version: 5.15.2  [OLD VERSION]
22:45:17 INFO  ProfileMatch              :         release-date: 03.02.2020
22:45:17 INFO  ProfileMatch              :     lib root package: "com.facebook.all"  (in app: "androidx.core.view")
22:45:17 INFO  ProfileMatch              : 
22:45:17 INFO  ProfileMatch              :                 name: Facebook
22:45:17 INFO  ProfileMatch              :             category: SocialMedia
22:45:17 INFO  ProfileMatch              :              version: 5.15.3  [OLD VERSION]
22:45:17 INFO  ProfileMatch              :         release-date: 03.02.2020
22:45:17 INFO  ProfileMatch              :     lib root package: "com.facebook.all"  (in app: "androidx.core.view")
22:45:17 INFO  ProfileMatch              : 
22:45:17 INFO  ProfileMatch              :                 name: Facebook
22:45:17 INFO  ProfileMatch              :             category: SocialMedia
22:45:17 INFO  ProfileMatch              :              version: 6.0.0  [OLD VERSION]
22:45:17 INFO  ProfileMatch              :         release-date: 03.02.2020
22:45:17 INFO  ProfileMatch              :     lib root package: "com.facebook.all"  (in app: "androidx.core.view")
22:45:17 INFO  ProfileMatch              : 
22:45:17 INFO  ProfileMatch              :                 name: Facebook
22:45:17 INFO  ProfileMatch              :             category: SocialMedia
22:45:17 INFO  ProfileMatch              :              version: 6.1.0  [OLD VERSION]
22:45:17 INFO  ProfileMatch              :         release-date: 14.02.2020
22:45:17 INFO  ProfileMatch              :     lib root package: "com.facebook.all"  (in app: "androidx.core.view")
22:45:17 INFO  ProfileMatch              : 
22:45:17 INFO  ProfileMatch              :                 name: Facebook
22:45:17 INFO  ProfileMatch              :             category: SocialMedia
22:45:17 INFO  ProfileMatch              :              version: 6.2.0  [OLD VERSION]
22:45:17 INFO  ProfileMatch              :         release-date: 09.03.2020
22:45:17 INFO  ProfileMatch              :     lib root package: "com.facebook.all"  (in app: "androidx.core.view")
22:45:17 INFO  ProfileMatch              : 
22:45:17 INFO  ProfileMatch              :                 name: Facebook
22:45:17 INFO  ProfileMatch              :             category: SocialMedia
22:45:17 INFO  ProfileMatch              :              version: 6.3.0  [OLD VERSION]
22:45:17 INFO  ProfileMatch              :         release-date: 25.03.2020
22:45:17 INFO  ProfileMatch              :     lib root package: "com.facebook.all"  (in app: "androidx.core.view")
22:45:17 INFO  ProfileMatch              : 
22:45:17 INFO  ProfileMatch              :                 name: Facebook
22:45:17 INFO  ProfileMatch              :             category: SocialMedia
22:45:17 INFO  ProfileMatch              :              version: 6.4.0  [OLD VERSION]
22:45:17 INFO  ProfileMatch              :         release-date: 15.04.2020
22:45:17 INFO  ProfileMatch              :     lib root package: "com.facebook.all"  (in app: "androidx.core.view")
22:45:17 INFO  ProfileMatch              : 
22:45:17 INFO  ProfileMatch              :                 name: Facebook
22:45:17 INFO  ProfileMatch              :             category: SocialMedia
22:45:17 INFO  ProfileMatch              :              version: 6.5.0  [OLD VERSION]
22:45:17 INFO  ProfileMatch              :         release-date: 20.04.2020
22:45:17 INFO  ProfileMatch              :     lib root package: "com.facebook.all"  (in app: "androidx.core.view")
22:45:17 INFO  ProfileMatch              : 
22:45:17 INFO  ProfileMatch              :                 name: Facebook
22:45:17 INFO  ProfileMatch              :             category: SocialMedia
22:45:17 INFO  ProfileMatch              :              version: 6.5.1  [OLD VERSION]
22:45:17 INFO  ProfileMatch              :         release-date: 23.04.2020
22:45:17 INFO  ProfileMatch              :     lib root package: "com.facebook.all"  (in app: "androidx.core.view")
22:45:17 INFO  ProfileMatch              : 
22:45:17 INFO  ProfileMatch              :                 name: Facebook
22:45:17 INFO  ProfileMatch              :             category: SocialMedia
22:45:17 INFO  ProfileMatch              :              version: 7.0.0  [OLD VERSION]
22:45:17 INFO  ProfileMatch              :         release-date: 05.05.2020
22:45:17 INFO  ProfileMatch              :     lib root package: "com.facebook.all"  (in app: "androidx.core.view")
22:45:17 INFO  ProfileMatch              : 
22:45:17 INFO  ProfileMatch              :                 name: Facebook
22:45:17 INFO  ProfileMatch              :             category: SocialMedia
22:45:17 INFO  ProfileMatch              :              version: 7.0.1  [OLD VERSION]
22:45:17 INFO  ProfileMatch              :         release-date: 09.06.2020
22:45:17 INFO  ProfileMatch              :     lib root package: "com.facebook.all"  (in app: "androidx.core.view")
22:45:17 INFO  ProfileMatch              : 
22:45:17 INFO  ProfileMatch              :                 name: Facebook
22:45:17 INFO  ProfileMatch              :             category: SocialMedia
22:45:17 INFO  ProfileMatch              :              version: 7.1.0  [OLD VERSION]
22:45:17 INFO  ProfileMatch              :         release-date: 23.06.2020
22:45:17 INFO  ProfileMatch              :     lib root package: "com.facebook.all"  (in app: "androidx.core.view")
22:45:17 INFO  ProfileMatch              : 
22:45:17 INFO  ProfileMatch              :                 name: Facebook
22:45:17 INFO  ProfileMatch              :             category: SocialMedia
22:45:17 INFO  ProfileMatch              :              version: 8.0.0  [OLD VERSION]
22:45:17 INFO  ProfileMatch              :         release-date: 28.09.2020
22:45:17 INFO  ProfileMatch              :     lib root package: "com.facebook.all"  (in app: "androidx.core.view")
22:45:17 INFO  ProfileMatch              : 
22:45:17 INFO  ProfileMatch              :                 name: Facebook
22:45:17 INFO  ProfileMatch              :             category: SocialMedia
22:45:17 INFO  ProfileMatch              :              version: 8.1.0  [OLD VERSION]
22:45:17 INFO  ProfileMatch              :         release-date: 14.10.2020
22:45:17 INFO  ProfileMatch              :     lib root package: "com.facebook.all"  (in app: "androidx.core.view")
22:45:17 INFO  ProfileMatch              : 
22:45:17 INFO  ProfileMatch              :                 name: Facebook
22:45:17 INFO  ProfileMatch              :             category: SocialMedia
22:45:17 INFO  ProfileMatch              :              version: 8.2.0  [OLD VERSION]
22:45:17 INFO  ProfileMatch              :         release-date: 18.12.2020
22:45:17 INFO  ProfileMatch              :     lib root package: "com.facebook.all"  (in app: "androidx.core.view")
22:45:17 INFO  ProfileMatch              : 
22:45:17 INFO  ProfileMatch              :                 name: Facebook
22:45:17 INFO  ProfileMatch              :             category: SocialMedia
22:45:17 INFO  ProfileMatch              :              version: 9.0.0  [OLD VERSION]
22:45:17 INFO  ProfileMatch              :         release-date: 19.01.2021
22:45:17 INFO  ProfileMatch              :     lib root package: "com.facebook.all"  (in app: "androidx.core.view")
22:45:17 INFO  ProfileMatch              : 
22:45:17 INFO  ProfileMatch              :                 name: Facebook
22:45:17 INFO  ProfileMatch              :             category: SocialMedia
22:45:17 INFO  ProfileMatch              :              version: 9.1.0  [OLD VERSION]
22:45:17 INFO  ProfileMatch              :         release-date: 15.03.2021
22:45:17 INFO  ProfileMatch              :     lib root package: "com.facebook.all"  (in app: "androidx.core.view")
22:45:17 INFO  ProfileMatch              : 
22:45:17 INFO  ProfileMatch              :                 name: Facebook
22:45:17 INFO  ProfileMatch              :             category: SocialMedia
22:45:17 INFO  ProfileMatch              :              version: 9.1.1  [OLD VERSION]
22:45:17 INFO  ProfileMatch              :         release-date: 12.04.2021
22:45:17 INFO  ProfileMatch              :     lib root package: "com.facebook.all"  (in app: "androidx.core.view")
22:45:17 INFO  ProfileMatch              : 
22:45:17 INFO  ProfileMatch              :                 name: Facebook
22:45:17 INFO  ProfileMatch              :             category: SocialMedia
22:45:17 INFO  ProfileMatch              :              version: 11.0.0  [OLD VERSION]
22:45:17 INFO  ProfileMatch              :         release-date: 08.06.2021
22:45:17 INFO  ProfileMatch              :     lib root package: "com.facebook.all"  (in app: "androidx.core.view")
22:45:17 INFO  ProfileMatch              : 
22:45:17 INFO  ProfileMatch              :                 name: Facebook
22:45:17 INFO  ProfileMatch              :             category: SocialMedia
22:45:17 INFO  ProfileMatch              :              version: 11.1.0  [OLD VERSION]
22:45:17 INFO  ProfileMatch              :         release-date: 06.07.2021
22:45:17 INFO  ProfileMatch              :     lib root package: "com.facebook.all"  (in app: "androidx.core.view")
22:45:17 INFO  ProfileMatch              : 
22:45:17 INFO  ProfileMatch              :                 name: Facebook
22:45:17 INFO  ProfileMatch              :             category: SocialMedia
22:45:17 INFO  ProfileMatch              :              version: 11.1.1  [OLD VERSION]
22:45:17 INFO  ProfileMatch              :         release-date: 19.07.2021
22:45:17 INFO  ProfileMatch              :     lib root package: "com.facebook.all"  (in app: "androidx.core.view")
22:45:17 INFO  ProfileMatch              : 
22:45:17 INFO  ProfileMatch              :                 name: Facebook
22:45:17 INFO  ProfileMatch              :             category: SocialMedia
22:45:17 INFO  ProfileMatch              :              version: 11.2.0  [OLD VERSION]
22:45:17 INFO  ProfileMatch              :         release-date: 03.08.2021
22:45:17 INFO  ProfileMatch              :     lib root package: "com.facebook.all"  (in app: "androidx.core.view")
22:45:17 INFO  ProfileMatch              : 
22:45:17 INFO  ProfileMatch              :                 name: Facebook
22:45:17 INFO  ProfileMatch              :             category: SocialMedia
22:45:17 INFO  ProfileMatch              :              version: 11.3.0  [OLD VERSION]
22:45:17 INFO  ProfileMatch              :         release-date: 07.09.2021
22:45:17 INFO  ProfileMatch              :     lib root package: "com.facebook.all"  (in app: "androidx.core.view")
22:45:17 INFO  ProfileMatch              : 
22:45:17 INFO  ProfileMatch              :                 name: Facebook
22:45:17 INFO  ProfileMatch              :             category: SocialMedia
22:45:17 INFO  ProfileMatch              :              version: 12.0.0  [OLD VERSION]
22:45:17 INFO  ProfileMatch              :         release-date: 05.10.2021
22:45:17 INFO  ProfileMatch              :     lib root package: "com.facebook.all"  (in app: "androidx.core.view")
22:45:17 INFO  ProfileMatch              : 
22:45:17 INFO  ProfileMatch              :                 name: Facebook
22:45:17 INFO  ProfileMatch              :             category: SocialMedia
22:45:17 INFO  ProfileMatch              :              version: 12.0.1  [OLD VERSION]
22:45:17 INFO  ProfileMatch              :         release-date: 13.10.2021
22:45:17 INFO  ProfileMatch              :     lib root package: "com.facebook.all"  (in app: "androidx.core.view")
22:45:17 INFO  ProfileMatch              : 
22:45:17 INFO  ProfileMatch              :                 name: Facebook
22:45:17 INFO  ProfileMatch              :             category: SocialMedia
22:45:17 INFO  ProfileMatch              :              version: 12.1.0  [OLD VERSION]
22:45:17 INFO  ProfileMatch              :         release-date: 01.11.2021
22:45:17 INFO  ProfileMatch              :     lib root package: "com.facebook.all"  (in app: "androidx.core.view")
22:45:17 INFO  ProfileMatch              : 
22:45:17 INFO  ProfileMatch              :                 name: Facebook
22:45:17 INFO  ProfileMatch              :             category: SocialMedia
22:45:17 INFO  ProfileMatch              :              version: 12.2.0  [OLD VERSION]
22:45:17 INFO  ProfileMatch              :         release-date: 06.12.2021
22:45:17 INFO  ProfileMatch              :     lib root package: "com.facebook.all"  (in app: "androidx.core.view")
22:45:17 INFO  ProfileMatch              : 
22:45:17 INFO  ProfileMatch              :                 name: Facebook
22:45:17 INFO  ProfileMatch              :             category: SocialMedia
22:45:17 INFO  ProfileMatch              :              version: 12.3.0  [OLD VERSION]
22:45:17 INFO  ProfileMatch              :         release-date: 10.01.2022
22:45:17 INFO  ProfileMatch              :     lib root package: "com.facebook.all"  (in app: "androidx.core.view")
22:45:17 INFO  ProfileMatch              : 
22:45:17 INFO  ProfileMatch              :                 name: Facebook
22:45:17 INFO  ProfileMatch              :             category: SocialMedia
22:45:17 INFO  ProfileMatch              :              version: 13.0.0  [OLD VERSION]
22:45:17 INFO  ProfileMatch              :         release-date: 23.02.2022
22:45:17 INFO  ProfileMatch              :     lib root package: "com.facebook.all"  (in app: "androidx.core.view")
22:45:17 INFO  ProfileMatch              : 
22:45:17 INFO  ProfileMatch              :                 name: Facebook
22:45:17 INFO  ProfileMatch              :             category: SocialMedia
22:45:17 INFO  ProfileMatch              :              version: 13.1.0  [OLD VERSION]
22:45:17 INFO  ProfileMatch              :         release-date: 21.03.2022
22:45:17 INFO  ProfileMatch              :     lib root package: "com.facebook.all"  (in app: "androidx.core.view")
22:45:17 INFO  ProfileMatch              : 
22:45:17 INFO  ProfileMatch              :                 name: Facebook
22:45:17 INFO  ProfileMatch              :             category: SocialMedia
22:45:17 INFO  ProfileMatch              :              version: 13.2.0  [OLD VERSION]
22:45:17 INFO  ProfileMatch              :         release-date: 22.04.2022
22:45:17 INFO  ProfileMatch              :     lib root package: "com.facebook.all"  (in app: "androidx.core.view")
22:45:17 INFO  ProfileMatch              : 
22:45:17 INFO  ProfileMatch              :                 name: Facebook
22:45:17 INFO  ProfileMatch              :             category: SocialMedia
22:45:17 INFO  ProfileMatch              :              version: 14.0.0
22:45:17 INFO  ProfileMatch              :         release-date: 14.06.2022
22:45:17 INFO  ProfileMatch              :     lib root package: "com.facebook.all"  (in app: "androidx.core.view")
22:45:17 INFO  ProfileMatch              : 
22:45:17 INFO  ProfileMatch              :                 name: androidx.legacy::legacy-support-core-utils
22:45:17 INFO  ProfileMatch              :             category: Android
22:45:17 INFO  ProfileMatch              :              version: 1.0.0
22:45:17 INFO  ProfileMatch              :         release-date:  --
22:45:17 INFO  ProfileMatch              :     lib root package: "androidx.legacy.content"
22:45:17 INFO  ProfileMatch              : 
22:45:17 INFO  ProfileMatch              :                 name: com.android.support::documentfile
22:45:17 INFO  ProfileMatch              :             category: Android
22:45:17 INFO  ProfileMatch              :              version: 28.0.0
22:45:17 INFO  ProfileMatch              :         release-date:  --
22:45:17 INFO  ProfileMatch              :     lib root package: "android.support.v4.provider"  (in app: "androidx.documentfile.provider")
22:45:17 INFO  ProfileMatch              : 
22:45:17 INFO  ProfileMatch              :                 name: com.android.support::viewpager
22:45:17 INFO  ProfileMatch              :             category: Android
22:45:17 INFO  ProfileMatch              :              version: 28.0.0
22:45:17 INFO  ProfileMatch              :         release-date:  --
22:45:17 INFO  ProfileMatch              :     lib root package: "android.support.v4.view"  (in app: "androidx.viewpager.widget")
22:45:17 INFO  ProfileMatch              : 
22:45:17 INFO  ProfileMatch              :                 name: com.android.support::cardview-v7
22:45:17 INFO  ProfileMatch              :             category: Android
22:45:17 INFO  ProfileMatch              :              version: 27.1.0  [OLD VERSION]
22:45:17 INFO  ProfileMatch              :         release-date:  --
22:45:17 INFO  ProfileMatch              :     lib root package: "android.support.v7.widget"  (in app: "androidx.cardview.widget")
22:45:17 INFO  ProfileMatch              : 
22:45:17 INFO  ProfileMatch              :                 name: com.android.support::cardview-v7
22:45:17 INFO  ProfileMatch              :             category: Android
22:45:17 INFO  ProfileMatch              :              version: 27.1.1  [OLD VERSION]
22:45:17 INFO  ProfileMatch              :         release-date:  --
22:45:17 INFO  ProfileMatch              :     lib root package: "android.support.v7.widget"  (in app: "androidx.cardview.widget")
22:45:17 INFO  ProfileMatch              : 
22:45:17 INFO  ProfileMatch              :                 name: com.android.support::cardview-v7
22:45:17 INFO  ProfileMatch              :             category: Android
22:45:17 INFO  ProfileMatch              :              version: 28.0.0
22:45:17 INFO  ProfileMatch              :         release-date:  --
22:45:17 INFO  ProfileMatch              :     lib root package: "android.support.v7.widget"  (in app: "androidx.cardview.widget")
22:45:17 INFO  ProfileMatch              : 
22:45:17 INFO  ProfileMatch              :                 name: androidx.localbroadcastmanager::localbroadcastmanager
22:45:17 INFO  ProfileMatch              :             category: Android
22:45:17 INFO  ProfileMatch              :              version: 1.0.0  [OLD VERSION]
22:45:17 INFO  ProfileMatch              :         release-date:  --
22:45:17 INFO  ProfileMatch              :     lib root package: "androidx.localbroadcastmanager.content"
22:45:17 INFO  ProfileMatch              : 
22:45:17 INFO  ProfileMatch              :                 name: androidx.localbroadcastmanager::localbroadcastmanager
22:45:17 INFO  ProfileMatch              :             category: Android
22:45:17 INFO  ProfileMatch              :              version: 1.1.0
22:45:17 INFO  ProfileMatch              :         release-date:  --
22:45:17 INFO  ProfileMatch              :     lib root package: "androidx.localbroadcastmanager.content"
22:45:17 INFO  ProfileMatch              : 
22:45:17 INFO  ProfileMatch              :                 name: androidx.viewpager::viewpager
22:45:17 INFO  ProfileMatch              :             category: Android
22:45:17 INFO  ProfileMatch              :              version: 1.0.0
22:45:17 INFO  ProfileMatch              :         release-date:  --
22:45:17 INFO  ProfileMatch              :     lib root package: "androidx.viewpager.widget"
22:45:17 INFO  ProfileMatch              : 
22:45:17 INFO  LibraryIdentifier         : 
22:45:17 INFO  LibraryIdentifier         : - Partial library matches:
22:45:17 INFO  LibraryIdentifier         :                 name: android.arch.core::common
22:45:17 INFO  LibraryIdentifier         :             category: Android
22:45:17 INFO  LibraryIdentifier         :              version: 1.1.1
22:45:17 INFO  LibraryIdentifier         :         release-date:  --
22:45:17 INFO  LibraryIdentifier         :     lib root package: "android.arch.core"
22:45:17 INFO  LibraryIdentifier         :         Partial matching results:
22:45:17 INFO  LibraryIdentifier         :              - config: Hashing.md5() | Flags: no-flag | Keep: PN | Prune: MSIG   score: 0.875
22:45:17 INFO  LibraryIdentifier         : 
22:45:17 INFO  LibraryIdentifier         :                 name: androidx.core::core
22:45:17 INFO  LibraryIdentifier         :             category: Android
22:45:17 INFO  LibraryIdentifier         :              version: 1.6.0  [OLD VERSION]
22:45:17 INFO  LibraryIdentifier         :         release-date:  --
22:45:17 INFO  LibraryIdentifier         :     lib root package: "androidx.core"
22:45:17 INFO  LibraryIdentifier         :         Partial matching results:
22:45:17 INFO  LibraryIdentifier         :              - config: Hashing.md5() | Flags: no-flag | Keep: PN | Prune: MSIG   score: 0.8965517
22:45:17 INFO  LibraryIdentifier         : 
22:45:17 INFO  LibraryIdentifier         :                 name: android.arch.core::runtime
22:45:17 INFO  LibraryIdentifier         :             category: Android
22:45:17 INFO  LibraryIdentifier         :              version: 1.1.0  [OLD VERSION]
22:45:17 INFO  LibraryIdentifier         :         release-date:  --
22:45:17 INFO  LibraryIdentifier         :     lib root package: "android.arch.core"
22:45:17 INFO  LibraryIdentifier         :         Partial matching results:
22:45:17 INFO  LibraryIdentifier         :              - config: Hashing.md5() | Flags: no-flag | Keep: PN | Prune: MSIG   score: 0.9
22:45:17 INFO  LibraryIdentifier         : 
22:45:17 INFO  LibraryIdentifier         :                 name: androidx.fragment::fragment
22:45:17 INFO  LibraryIdentifier         :             category: Android
22:45:17 INFO  LibraryIdentifier         :              version: 1.3.6  [OLD VERSION]
22:45:17 INFO  LibraryIdentifier         :         release-date:  --
22:45:17 INFO  LibraryIdentifier         :     lib root package: "androidx.fragment.app"
22:45:17 INFO  LibraryIdentifier         :         Partial matching results:
22:45:17 INFO  LibraryIdentifier         :              - config: Hashing.md5() | Flags: no-flag | Keep: PN | Prune: MSIG   score: 0.7826087
22:45:17 INFO  LibraryIdentifier         : 
22:45:17 INFO  LibraryIdentifier         : 
22:45:17 INFO  LibraryIdentifier         : App processing time: 1 min, 7 sec, 379 ms
