15:22:26 INFO  LibraryIdentifier         : Process app: com.flasskamp.subz_4.apk
15:22:26 INFO  LibraryIdentifier         : = Manifest Parser =
15:22:26 INFO  LibraryIdentifier         :         Package name: com.flasskamp.subz
15:22:26 INFO  LibraryIdentifier         :         Version code: 4
15:22:26 INFO  LibraryIdentifier         :        minSdkVersion: 21
15:22:26 INFO  LibraryIdentifier         :     targetSdkVersion: 29
15:22:26 INFO  LibraryIdentifier         :         SharedUserId:  - none -
15:22:26 INFO  LibraryIdentifier         :     Library dependencies:  - none -
15:22:26 INFO  LibraryIdentifier         : 
15:22:26 INFO  LibraryIdentifier         : Found 402 unique libraries in 12405 library profiles
15:22:27 INFO  LibraryIdentifier         : Generated class hierarchy (in 618 ms)
15:22:27 INFO  WalaUtils                 : 
15:22:27 INFO  WalaUtils                 : = ClassHierarchy Stats =
15:22:27 INFO  WalaUtils                 :     # of classes: 1510
15:22:27 INFO  WalaUtils                 :     # thereof inner classes: 828
15:22:27 INFO  WalaUtils                 :     # thereof public classes: 831
15:22:27 INFO  WalaUtils                 :         Activity : 7
15:22:27 INFO  WalaUtils                 :         Application : 0
15:22:27 INFO  WalaUtils                 :         AsyncTask : 2
15:22:27 INFO  WalaUtils                 :         BroadcastReceiver : 7
15:22:27 INFO  WalaUtils                 :         ContentProvider : 1
15:22:27 INFO  WalaUtils                 :         Fragment : 1
15:22:27 INFO  WalaUtils                 :         Handler : 3
15:22:27 INFO  WalaUtils                 :         LayoutContainer : 33
15:22:27 INFO  WalaUtils                 :         Plain : 1432
15:22:27 INFO  WalaUtils                 :         Runnable : 0
15:22:27 INFO  WalaUtils                 :         Service : 2
15:22:27 INFO  WalaUtils                 :         Thread : 0
15:22:27 INFO  WalaUtils                 :         View : 22
15:22:27 INFO  WalaUtils                 :     # methods: 12419
15:22:27 INFO  WalaUtils                 :         # of publicly accessible methods: 8838
15:22:27 INFO  WalaUtils                 :         # of non-accessible methods: 3581
15:22:27 INFO  WalaUtils                 : 
15:22:27 INFO  Profile                   : = PackageTree =
15:22:27 INFO  PackageTree               : Root Package: androidx
15:22:27 INFO  PackageTree               : └── Root
15:22:27 INFO  PackageTree               :     ├── androidx
15:22:27 INFO  PackageTree               :     │   ├── core
15:22:27 INFO  PackageTree               :     │   │   ├── view (86)
15:22:27 INFO  PackageTree               :     │   │   │   ├── accessibility (28)
15:22:27 INFO  PackageTree               :     │   │   │   ├── inputmethod (9)
15:22:27 INFO  PackageTree               :     │   │   │   └── animation (2)
15:22:27 INFO  PackageTree               :     │   │   ├── content (15)
15:22:27 INFO  PackageTree               :     │   │   │   ├── res (20)
15:22:27 INFO  PackageTree               :     │   │   │   └── pm (11)
15:22:27 INFO  PackageTree               :     │   │   ├── provider (28)
15:22:27 INFO  PackageTree               :     │   │   ├── app (98)
15:22:27 INFO  PackageTree               :     │   │   ├── os (18)
15:22:27 INFO  PackageTree               :     │   │   ├── hardware
15:22:27 INFO  PackageTree               :     │   │   │   ├── fingerprint (5)
15:22:27 INFO  PackageTree               :     │   │   │   └── display (1)
15:22:27 INFO  PackageTree               :     │   │   ├── telephony
15:22:27 INFO  PackageTree               :     │   │   │   └── mbms (1)
15:22:27 INFO  PackageTree               :     │   │   ├── graphics (23)
15:22:27 INFO  PackageTree               :     │   │   │   └── drawable (13)
15:22:27 INFO  PackageTree               :     │   │   ├── widget (27)
15:22:27 INFO  PackageTree               :     │   │   ├── util (15)
15:22:27 INFO  PackageTree               :     │   │   ├── internal
15:22:27 INFO  PackageTree               :     │   │   │   └── view (3)
15:22:27 INFO  PackageTree               :     │   │   ├── text (19)
15:22:27 INFO  PackageTree               :     │   │   │   └── util (6)
15:22:27 INFO  PackageTree               :     │   │   ├── location (1)
15:22:27 INFO  PackageTree               :     │   │   ├── accessibilityservice (1)
15:22:27 INFO  PackageTree               :     │   │   ├── database (2)
15:22:27 INFO  PackageTree               :     │   │   │   └── sqlite (1)
15:22:27 INFO  PackageTree               :     │   │   ├── net (6)
15:22:27 INFO  PackageTree               :     │   │   └── math (1)
15:22:27 INFO  PackageTree               :     │   ├── fragment
15:22:27 INFO  PackageTree               :     │   │   └── app (138)
15:22:27 INFO  PackageTree               :     │   ├── annotation (59)
15:22:27 INFO  PackageTree               :     │   │   └── experimental (3)
15:22:27 INFO  PackageTree               :     │   ├── appcompat
15:22:27 INFO  PackageTree               :     │   │   ├── widget (199)
15:22:27 INFO  PackageTree               :     │   │   ├── graphics
15:22:27 INFO  PackageTree               :     │   │   │   └── drawable (16)
15:22:27 INFO  PackageTree               :     │   │   ├── app (86)
15:22:27 INFO  PackageTree               :     │   │   ├── view (14)
15:22:27 INFO  PackageTree               :     │   │   │   └── menu (45)
15:22:27 INFO  PackageTree               :     │   │   ├── content
15:22:27 INFO  PackageTree               :     │   │   │   └── res (2)
15:22:27 INFO  PackageTree               :     │   │   └── text (1)
15:22:27 INFO  PackageTree               :     │   ├── viewpager
15:22:27 INFO  PackageTree               :     │   │   └── widget (24)
15:22:27 INFO  PackageTree               :     │   ├── cursoradapter
15:22:27 INFO  PackageTree               :     │   │   └── widget (9)
15:22:27 INFO  PackageTree               :     │   ├── activity (16)
15:22:27 INFO  PackageTree               :     │   │   ├── result (15)
15:22:27 INFO  PackageTree               :     │   │   │   └── contract (17)
15:22:27 INFO  PackageTree               :     │   │   └── contextaware (3)
15:22:27 INFO  PackageTree               :     │   ├── coordinatorlayout
15:22:27 INFO  PackageTree               :     │   │   └── widget (14)
15:22:27 INFO  PackageTree               :     │   ├── loader
15:22:27 INFO  PackageTree               :     │   │   ├── app (7)
15:22:27 INFO  PackageTree               :     │   │   └── content (15)
15:22:27 INFO  PackageTree               :     │   ├── savedstate (9)
15:22:27 INFO  PackageTree               :     │   ├── arch
15:22:27 INFO  PackageTree               :     │   │   └── core
15:22:27 INFO  PackageTree               :     │   │       ├── executor (6)
15:22:27 INFO  PackageTree               :     │   │       ├── internal (8)
15:22:27 INFO  PackageTree               :     │   │       └── util (1)
15:22:27 INFO  PackageTree               :     │   ├── vectordrawable
15:22:27 INFO  PackageTree               :     │   │   └── graphics
15:22:27 INFO  PackageTree               :     │   │       └── drawable (24)
15:22:27 INFO  PackageTree               :     │   ├── lifecycle (64)
15:22:27 INFO  PackageTree               :     │   ├── customview
15:22:27 INFO  PackageTree               :     │   │   ├── widget (12)
15:22:27 INFO  PackageTree               :     │   │   └── view (3)
15:22:27 INFO  PackageTree               :     │   ├── versionedparcelable (15)
15:22:27 INFO  PackageTree               :     │   ├── collection (17)
15:22:27 INFO  PackageTree               :     │   ├── drawerlayout
15:22:27 INFO  PackageTree               :     │   │   └── widget (11)
15:22:27 INFO  PackageTree               :     │   ├── interpolator
15:22:27 INFO  PackageTree               :     │   │   └── view
15:22:27 INFO  PackageTree               :     │   │       └── animation (4)
15:22:27 INFO  PackageTree               :     │   └── tracing (3)
15:22:27 INFO  PackageTree               :     ├── com
15:22:27 INFO  PackageTree               :     │   ├── capacitorjs
15:22:27 INFO  PackageTree               :     │   │   └── plugins
15:22:27 INFO  PackageTree               :     │   │       ├── keyboard (4)
15:22:27 INFO  PackageTree               :     │   │       ├── haptics (2)
15:22:27 INFO  PackageTree               :     │   │       │   └── arguments (4)
15:22:27 INFO  PackageTree               :     │   │       ├── storage (4)
15:22:27 INFO  PackageTree               :     │   │       ├── splashscreen (8)
15:22:27 INFO  PackageTree               :     │   │       ├── filesystem (2)
15:22:27 INFO  PackageTree               :     │   │       │   └── exceptions (3)
15:22:27 INFO  PackageTree               :     │   │       ├── localnotifications (12)
15:22:27 INFO  PackageTree               :     │   │       └── app (2)
15:22:27 INFO  PackageTree               :     │   ├── getcapacitor (46)
15:22:27 INFO  PackageTree               :     │   │   ├── util (9)
15:22:27 INFO  PackageTree               :     │   │   ├── annotation (4)
15:22:27 INFO  PackageTree               :     │   │   ├── cordova (4)
15:22:27 INFO  PackageTree               :     │   │   └── plugin (1)
15:22:27 INFO  PackageTree               :     │   │       └── util (1)
15:22:27 INFO  PackageTree               :     │   └── flasskamp
15:22:27 INFO  PackageTree               :     │       └── subz (1)
15:22:27 INFO  PackageTree               :     ├── org
15:22:27 INFO  PackageTree               :     │   └── apache
15:22:27 INFO  PackageTree               :     │       └── cordova (76)
15:22:27 INFO  PackageTree               :     │           └── engine (13)
15:22:27 INFO  PackageTree               :     └── android
15:22:27 INFO  PackageTree               :         └── support
15:22:27 INFO  PackageTree               :             └── v4
15:22:27 INFO  PackageTree               :                 ├── os (8)
15:22:27 INFO  PackageTree               :                 ├── app (5)
15:22:27 INFO  PackageTree               :                 └── graphics
15:22:27 INFO  PackageTree               :                     └── drawable (1)
15:22:27 INFO  Profile                   : 
15:22:27 INFO  AppProfile                : - generated app package tree (in 32 ms)
15:22:27 INFO  AppProfile                : 
15:22:27 DEBUG HashTree                  : Generate hash tree..
15:22:28 DEBUG HashTree                  :     - generated 79 package hashes.
15:22:28 DEBUG HashTree                  :     - generated 1430 clazz hashes.
15:22:28 DEBUG HashTree                  :     - generated 12419 method hashes.
15:22:28 DEBUG HashTree                  :     => Library Hash: 55e4d951f0a5fd0638b630f85ffc6f24
15:22:28 INFO  AppProfile                : - generated app hash trees (in 395 ms)
15:22:28 INFO  AppProfile                : 
15:22:28 INFO  LibraryIdentifier         : = Scan for library root packages (heuristic) =
15:22:28 INFO  LibraryIdentifier         :     - Found lib root package androidx.annotation  (androidx.annotation::annotation)
15:22:28 INFO  LibraryIdentifier         :     - Found lib root package androidx.appcompat  (androidx.appcompat::appcompat)
15:22:28 INFO  LibraryIdentifier         :     - Found lib root package androidx.arch.core  (androidx.arch.core::core-common)
15:22:28 INFO  LibraryIdentifier         :     - Found lib root package androidx.arch.core.executor  (androidx.arch.core::core-runtime)
15:22:28 INFO  LibraryIdentifier         :     - Found lib root package androidx.collection  (androidx.collection::collection)
15:22:28 INFO  LibraryIdentifier         :     - Found lib root package androidx.collection  (androidx.collection::collection-ktx)
15:22:28 INFO  LibraryIdentifier         :     - Found lib root package androidx.coordinatorlayout.widget  (androidx.coordinatorlayout::coordinatorlayout)
15:22:28 INFO  LibraryIdentifier         :     - Found lib root package androidx.core  (androidx.core::core)
15:22:28 INFO  LibraryIdentifier         :     - Found lib root package androidx  (androidx.core::core-ktx)
15:22:28 INFO  LibraryIdentifier         :     - Found lib root package androidx.cursoradapter.widget  (androidx.cursoradapter::cursoradapter)
15:22:28 INFO  LibraryIdentifier         :     - Found lib root package androidx.customview  (androidx.customview::customview)
15:22:28 INFO  LibraryIdentifier         :     - Found lib root package androidx.drawerlayout.widget  (androidx.drawerlayout::drawerlayout)
15:22:28 INFO  LibraryIdentifier         :     - Found lib root package androidx.fragment.app  (androidx.fragment::fragment)
15:22:28 INFO  LibraryIdentifier         :     - Found lib root package androidx.fragment.app  (androidx.fragment::fragment-ktx)
15:22:28 INFO  LibraryIdentifier         :     - Found lib root package androidx.interpolator.view.animation  (androidx.interpolator::interpolator)
15:22:28 INFO  LibraryIdentifier         :     - Found lib root package androidx.lifecycle  (androidx.lifecycle::lifecycle-common)
15:22:28 INFO  LibraryIdentifier         :     - Found lib root package androidx.lifecycle  (androidx.lifecycle::lifecycle-common-java8)
15:22:28 INFO  LibraryIdentifier         :     - Found lib root package androidx.lifecycle  (androidx.lifecycle::lifecycle-compiler)
15:22:28 INFO  LibraryIdentifier         :     - Found lib root package androidx.lifecycle  (androidx.lifecycle::lifecycle-extensions)
15:22:28 INFO  LibraryIdentifier         :     - Found lib root package androidx.lifecycle  (androidx.lifecycle::lifecycle-livedata)
15:22:28 INFO  LibraryIdentifier         :     - Found lib root package androidx.lifecycle  (androidx.lifecycle::lifecycle-livedata-core)
15:22:28 INFO  LibraryIdentifier         :     - Found lib root package androidx.lifecycle  (androidx.lifecycle::lifecycle-process)
15:22:28 INFO  LibraryIdentifier         :     - Found lib root package androidx.lifecycle  (androidx.lifecycle::lifecycle-reactivestreams)
15:22:28 INFO  LibraryIdentifier         :     - Found lib root package androidx.lifecycle  (androidx.lifecycle::lifecycle-reactivestreams-ktx)
15:22:28 INFO  LibraryIdentifier         :     - Found lib root package androidx.lifecycle  (androidx.lifecycle::lifecycle-runtime)
15:22:28 INFO  LibraryIdentifier         :     - Found lib root package androidx.lifecycle  (androidx.lifecycle::lifecycle-service)
15:22:28 INFO  LibraryIdentifier         :     - Found lib root package androidx.lifecycle  (androidx.lifecycle::lifecycle-viewmodel)
15:22:28 INFO  LibraryIdentifier         :     - Found lib root package androidx.lifecycle  (androidx.lifecycle::lifecycle-viewmodel-ktx)
15:22:28 INFO  LibraryIdentifier         :     - Found lib root package androidx.loader  (androidx.loader::loader)
15:22:28 INFO  LibraryIdentifier         :     - Found lib root package androidx.vectordrawable.graphics.drawable  (androidx.vectordrawable::vectordrawable)
15:22:28 INFO  LibraryIdentifier         :     - Found lib root package androidx.vectordrawable.graphics.drawable  (androidx.vectordrawable::vectordrawable-animated)
15:22:28 INFO  LibraryIdentifier         :     - Found lib root package androidx.versionedparcelable  (androidx.versionedparcelable::versionedparcelable)
15:22:28 INFO  LibraryIdentifier         :     - Found lib root package androidx.viewpager.widget  (androidx.viewpager::viewpager)
15:22:28 INFO  LibraryIdentifier         :     - Found lib root package android.support.v4  (com.android.support::customview)
15:22:28 INFO  LibraryIdentifier         :     - Found lib root package android.support.v4  (com.android.support::loader)
15:22:28 INFO  LibraryIdentifier         :     - Found lib root package android.support.v4  (com.android.support::support-compat)
15:22:28 INFO  LibraryIdentifier         :     - Found lib root package android.support.v4  (com.android.support::support-core-ui)
15:22:28 INFO  LibraryIdentifier         :     - Found lib root package android.support.v4  (com.android.support::support-core-utils)
15:22:28 INFO  LibraryIdentifier         :     - Found lib root package android.support.v4.app  (com.android.support::support-fragment)
15:22:28 INFO  LibraryIdentifier         :     - Found lib root package android.support.v4  (com.android.support::support-v4)
15:22:28 INFO  LibraryIdentifier         :     - Found lib root package androidx.versionedparcelable  (com.android.support::versionedparcelable)
15:22:28 INFO  LibraryIdentifier         : 
15:22:28 INFO  LibraryIdentifier         : = Match profiles =
15:22:41 INFO  LibraryIdentifier         :     >> profile matching done (13 sec, 691 ms)
15:22:41 INFO  LibraryIdentifier         : 
15:22:41 INFO  LibraryIdentifier         : == Report ==
15:22:41 INFO  LibraryIdentifier         : - Full library matches:
15:22:41 INFO  ProfileMatch              :                 name: androidx.customview::customview
15:22:41 INFO  ProfileMatch              :             category: Android
15:22:41 INFO  ProfileMatch              :              version: 1.0.0  [OLD VERSION]
15:22:41 INFO  ProfileMatch              :         release-date:  --
15:22:41 INFO  ProfileMatch              :     lib root package: "androidx.customview"
15:22:41 INFO  ProfileMatch              : 
15:22:41 INFO  ProfileMatch              :                 name: androidx.appcompat::appcompat
15:22:41 INFO  ProfileMatch              :             category: Android
15:22:41 INFO  ProfileMatch              :              version: 1.2.0  [OLD VERSION]
15:22:41 INFO  ProfileMatch              :         release-date:  --
15:22:41 INFO  ProfileMatch              :     lib root package: "androidx.appcompat"
15:22:41 INFO  ProfileMatch              : 
15:22:41 INFO  ProfileMatch              :                 name: androidx.cursoradapter::cursoradapter
15:22:41 INFO  ProfileMatch              :             category: Android
15:22:41 INFO  ProfileMatch              :              version: 1.0.0
15:22:41 INFO  ProfileMatch              :         release-date:  --
15:22:41 INFO  ProfileMatch              :     lib root package: "androidx.cursoradapter.widget"
15:22:41 INFO  ProfileMatch              : 
15:22:41 INFO  ProfileMatch              :                 name: com.android.support::loader
15:22:41 INFO  ProfileMatch              :             category: Android
15:22:41 INFO  ProfileMatch              :              version: 28.0.0
15:22:41 INFO  ProfileMatch              :         release-date:  --
15:22:41 INFO  ProfileMatch              :     lib root package: "android.support.v4"  (in app: "androidx.loader")
15:22:41 INFO  ProfileMatch              : 
15:22:41 INFO  ProfileMatch              :                 name: androidx.annotation::annotation
15:22:41 INFO  ProfileMatch              :             category: Android
15:22:41 INFO  ProfileMatch              :              version: 1.0.1  [OLD VERSION]
15:22:41 INFO  ProfileMatch              :         release-date:  --
15:22:41 INFO  ProfileMatch              :     lib root package: "androidx.annotation"
15:22:41 INFO  ProfileMatch              : 
15:22:41 INFO  ProfileMatch              :                 name: androidx.annotation::annotation
15:22:41 INFO  ProfileMatch              :             category: Android
15:22:41 INFO  ProfileMatch              :              version: 1.0.2  [OLD VERSION]
15:22:41 INFO  ProfileMatch              :         release-date:  --
15:22:41 INFO  ProfileMatch              :     lib root package: "androidx.annotation"
15:22:41 INFO  ProfileMatch              : 
15:22:41 INFO  ProfileMatch              :                 name: androidx.annotation::annotation
15:22:41 INFO  ProfileMatch              :             category: Android
15:22:41 INFO  ProfileMatch              :              version: 1.1.0  [OLD VERSION]
15:22:41 INFO  ProfileMatch              :         release-date:  --
15:22:41 INFO  ProfileMatch              :     lib root package: "androidx.annotation"
15:22:41 INFO  ProfileMatch              : 
15:22:41 INFO  ProfileMatch              :                 name: androidx.coordinatorlayout::coordinatorlayout
15:22:41 INFO  ProfileMatch              :             category: Android
15:22:41 INFO  ProfileMatch              :              version: 1.1.0  [OLD VERSION]
15:22:41 INFO  ProfileMatch              :         release-date:  --
15:22:41 INFO  ProfileMatch              :     lib root package: "androidx.coordinatorlayout.widget"
15:22:41 INFO  ProfileMatch              : 
15:22:41 INFO  ProfileMatch              :                 name: com.android.support::customview
15:22:41 INFO  ProfileMatch              :             category: Android
15:22:41 INFO  ProfileMatch              :              version: 28.0.0
15:22:41 INFO  ProfileMatch              :         release-date:  --
15:22:41 INFO  ProfileMatch              :     lib root package: "android.support.v4"  (in app: "androidx.customview")
15:22:41 INFO  ProfileMatch              : 
15:22:41 INFO  ProfileMatch              :                 name: com.android.support::drawerlayout
15:22:41 INFO  ProfileMatch              :             category: Android
15:22:41 INFO  ProfileMatch              :              version: 28.0.0
15:22:41 INFO  ProfileMatch              :         release-date:  --
15:22:41 INFO  ProfileMatch              :     lib root package: "android.support.v4.widget"  (in app: "androidx.drawerlayout.widget")
15:22:41 INFO  ProfileMatch              : 
15:22:41 INFO  ProfileMatch              :                 name: androidx.loader::loader
15:22:41 INFO  ProfileMatch              :             category: Android
15:22:41 INFO  ProfileMatch              :              version: 1.0.0  [OLD VERSION]
15:22:41 INFO  ProfileMatch              :         release-date:  --
15:22:41 INFO  ProfileMatch              :     lib root package: "androidx.loader"
15:22:41 INFO  ProfileMatch              : 
15:22:41 INFO  ProfileMatch              :                 name: androidx.drawerlayout::drawerlayout
15:22:41 INFO  ProfileMatch              :             category: Android
15:22:41 INFO  ProfileMatch              :              version: 1.0.0  [OLD VERSION]
15:22:41 INFO  ProfileMatch              :         release-date:  --
15:22:41 INFO  ProfileMatch              :     lib root package: "androidx.drawerlayout.widget"
15:22:41 INFO  ProfileMatch              : 
15:22:42 INFO  ProfileMatch              :                 name: androidx.arch.core::core-runtime
15:22:42 INFO  ProfileMatch              :             category: Android
15:22:42 INFO  ProfileMatch              :              version: 2.1.0
15:22:42 INFO  ProfileMatch              :         release-date:  --
15:22:42 INFO  ProfileMatch              :     lib root package: "androidx.arch.core.executor"
15:22:42 INFO  ProfileMatch              : 
15:22:42 INFO  ProfileMatch              :                 name: androidx.arch.core::core-common
15:22:42 INFO  ProfileMatch              :             category: Android
15:22:42 INFO  ProfileMatch              :              version: 2.0.0  [OLD VERSION]
15:22:42 INFO  ProfileMatch              :         release-date:  --
15:22:42 INFO  ProfileMatch              :     lib root package: "androidx.arch.core"
15:22:42 INFO  ProfileMatch              : 
15:22:42 INFO  ProfileMatch              :                 name: androidx.arch.core::core-common
15:22:42 INFO  ProfileMatch              :             category: Android
15:22:42 INFO  ProfileMatch              :              version: 2.0.1  [OLD VERSION]
15:22:42 INFO  ProfileMatch              :         release-date:  --
15:22:42 INFO  ProfileMatch              :     lib root package: "androidx.arch.core"
15:22:42 INFO  ProfileMatch              : 
15:22:42 INFO  ProfileMatch              :                 name: androidx.arch.core::core-common
15:22:42 INFO  ProfileMatch              :             category: Android
15:22:42 INFO  ProfileMatch              :              version: 2.1.0
15:22:42 INFO  ProfileMatch              :         release-date:  --
15:22:42 INFO  ProfileMatch              :     lib root package: "androidx.arch.core"
15:22:42 INFO  ProfileMatch              : 
15:22:42 INFO  ProfileMatch              :                 name: androidx.core::core
15:22:42 INFO  ProfileMatch              :             category: Android
15:22:42 INFO  ProfileMatch              :              version: 1.3.2  [OLD VERSION]
15:22:42 INFO  ProfileMatch              :         release-date:  --
15:22:42 INFO  ProfileMatch              :     lib root package: "androidx.core"
15:22:42 INFO  ProfileMatch              : 
15:22:42 INFO  ProfileMatch              :                 name: androidx.versionedparcelable::versionedparcelable  [OLD VERSION]
15:22:42 INFO  ProfileMatch              :             category: Android
15:22:42 INFO  ProfileMatch              :              version: 1.1.0  [OLD VERSION]
15:22:42 INFO  ProfileMatch              :         release-date:  --
15:22:42 INFO  ProfileMatch              :     lib root package: "androidx.versionedparcelable"
15:22:42 INFO  ProfileMatch              : 
15:22:42 INFO  ProfileMatch              :                 name: androidx.versionedparcelable::versionedparcelable
15:22:42 INFO  ProfileMatch              :             category: Android
15:22:42 INFO  ProfileMatch              :              version: 1.1.1
15:22:42 INFO  ProfileMatch              :         release-date:  --
15:22:42 INFO  ProfileMatch              :     lib root package: "androidx.versionedparcelable"
15:22:42 INFO  ProfileMatch              : 
15:22:42 INFO  ProfileMatch              :                 name: androidx.collection::collection
15:22:42 INFO  ProfileMatch              :             category: Android
15:22:42 INFO  ProfileMatch              :              version: 1.1.0  [OLD VERSION]
15:22:42 INFO  ProfileMatch              :         release-date:  --
15:22:42 INFO  ProfileMatch              :     lib root package: "androidx.collection"
15:22:42 INFO  ProfileMatch              : 
15:22:42 INFO  ProfileMatch              :                 name: com.android.support::cursoradapter
15:22:42 INFO  ProfileMatch              :             category: Android
15:22:42 INFO  ProfileMatch              :              version: 28.0.0
15:22:42 INFO  ProfileMatch              :         release-date:  --
15:22:42 INFO  ProfileMatch              :     lib root package: "android.support.v4.widget"  (in app: "androidx.cursoradapter.widget")
15:22:42 INFO  ProfileMatch              : 
15:22:42 INFO  ProfileMatch              :                 name: com.android.support::interpolator
15:22:42 INFO  ProfileMatch              :             category: Android
15:22:42 INFO  ProfileMatch              :              version: 28.0.0
15:22:42 INFO  ProfileMatch              :         release-date:  --
15:22:42 INFO  ProfileMatch              :     lib root package: "android.support.v4.view.animation"  (in app: "androidx.interpolator.view.animation")
15:22:42 INFO  ProfileMatch              : 
15:22:42 INFO  ProfileMatch              :                 name: androidx.interpolator::interpolator
15:22:42 INFO  ProfileMatch              :             category: Android
15:22:42 INFO  ProfileMatch              :              version: 1.0.0
15:22:42 INFO  ProfileMatch              :         release-date:  --
15:22:42 INFO  ProfileMatch              :     lib root package: "androidx.interpolator.view.animation"
15:22:42 INFO  ProfileMatch              : 
15:22:42 INFO  ProfileMatch              :                 name: androidx.fragment::fragment
15:22:42 INFO  ProfileMatch              :             category: Android
15:22:42 INFO  ProfileMatch              :              version: 1.3.0  [OLD VERSION]
15:22:42 INFO  ProfileMatch              :         release-date:  --
15:22:42 INFO  ProfileMatch              :     lib root package: "androidx.fragment.app"
15:22:42 INFO  ProfileMatch              : 
15:22:42 INFO  ProfileMatch              :                 name: Facebook
15:22:42 INFO  ProfileMatch              :             category: SocialMedia
15:22:42 INFO  ProfileMatch              :              version: 4.27.0  [OLD VERSION]
15:22:42 INFO  ProfileMatch              :         release-date: 26.09.2017
15:22:42 INFO  ProfileMatch              :     lib root package: "com.facebook.all"  (in app: "androidx.core.view")
15:22:42 INFO  ProfileMatch              : 
15:22:42 INFO  ProfileMatch              :                 name: Facebook
15:22:42 INFO  ProfileMatch              :             category: SocialMedia
15:22:42 INFO  ProfileMatch              :              version: 4.28.0  [OLD VERSION]
15:22:42 INFO  ProfileMatch              :         release-date: 07.11.2017
15:22:42 INFO  ProfileMatch              :     lib root package: "com.facebook.all"  (in app: "androidx.core.view")
15:22:42 INFO  ProfileMatch              : 
15:22:42 INFO  ProfileMatch              :                 name: Facebook
15:22:42 INFO  ProfileMatch              :             category: SocialMedia
15:22:42 INFO  ProfileMatch              :              version: 4.29.0  [OLD VERSION]
15:22:42 INFO  ProfileMatch              :         release-date: 05.12.2017
15:22:42 INFO  ProfileMatch              :     lib root package: "com.facebook.all"  (in app: "androidx.core.view")
15:22:42 INFO  ProfileMatch              : 
15:22:42 INFO  ProfileMatch              :                 name: Facebook
15:22:42 INFO  ProfileMatch              :             category: SocialMedia
15:22:42 INFO  ProfileMatch              :              version: 4.30.0  [OLD VERSION]
15:22:42 INFO  ProfileMatch              :         release-date: 24.01.2018
15:22:42 INFO  ProfileMatch              :     lib root package: "com.facebook.all"  (in app: "androidx.core.view")
15:22:42 INFO  ProfileMatch              : 
15:22:42 INFO  ProfileMatch              :                 name: Facebook
15:22:42 INFO  ProfileMatch              :             category: SocialMedia
15:22:42 INFO  ProfileMatch              :              version: 4.31.0  [OLD VERSION]
15:22:42 INFO  ProfileMatch              :         release-date: 28.02.2018
15:22:42 INFO  ProfileMatch              :     lib root package: "com.facebook.all"  (in app: "androidx.core.view")
15:22:42 INFO  ProfileMatch              : 
15:22:42 INFO  ProfileMatch              :                 name: Facebook
15:22:42 INFO  ProfileMatch              :             category: SocialMedia
15:22:42 INFO  ProfileMatch              :              version: 4.32.0  [OLD VERSION]
15:22:42 INFO  ProfileMatch              :         release-date: 11.04.2018
15:22:42 INFO  ProfileMatch              :     lib root package: "com.facebook.all"  (in app: "androidx.core.view")
15:22:42 INFO  ProfileMatch              : 
15:22:42 INFO  ProfileMatch              :                 name: Facebook
15:22:42 INFO  ProfileMatch              :             category: SocialMedia
15:22:42 INFO  ProfileMatch              :              version: 4.33.0  [OLD VERSION]
15:22:42 INFO  ProfileMatch              :         release-date: 01.05.2018
15:22:42 INFO  ProfileMatch              :     lib root package: "com.facebook.all"  (in app: "androidx.core.view")
15:22:42 INFO  ProfileMatch              : 
15:22:42 INFO  ProfileMatch              :                 name: Facebook
15:22:42 INFO  ProfileMatch              :             category: SocialMedia
15:22:42 INFO  ProfileMatch              :              version: 4.34.0  [OLD VERSION]
15:22:42 INFO  ProfileMatch              :         release-date: 19.06.2018
15:22:42 INFO  ProfileMatch              :     lib root package: "com.facebook.all"  (in app: "androidx.core.view")
15:22:42 INFO  ProfileMatch              : 
15:22:42 INFO  ProfileMatch              :                 name: Facebook
15:22:42 INFO  ProfileMatch              :             category: SocialMedia
15:22:42 INFO  ProfileMatch              :              version: 4.35.0  [OLD VERSION]
15:22:42 INFO  ProfileMatch              :         release-date: 26.07.2018
15:22:42 INFO  ProfileMatch              :     lib root package: "com.facebook.all"  (in app: "androidx.core.view")
15:22:42 INFO  ProfileMatch              : 
15:22:42 INFO  ProfileMatch              :                 name: Facebook
15:22:42 INFO  ProfileMatch              :             category: SocialMedia
15:22:42 INFO  ProfileMatch              :              version: 4.36.0  [OLD VERSION]
15:22:42 INFO  ProfileMatch              :         release-date: 29.08.2018
15:22:42 INFO  ProfileMatch              :     lib root package: "com.facebook.all"  (in app: "androidx.core.view")
15:22:42 INFO  ProfileMatch              : 
15:22:42 INFO  ProfileMatch              :                 name: Facebook
15:22:42 INFO  ProfileMatch              :             category: SocialMedia
15:22:42 INFO  ProfileMatch              :              version: 4.36.1  [OLD VERSION]
15:22:42 INFO  ProfileMatch              :         release-date: 15.09.2018
15:22:42 INFO  ProfileMatch              :     lib root package: "com.facebook.all"  (in app: "androidx.core.view")
15:22:42 INFO  ProfileMatch              : 
15:22:42 INFO  ProfileMatch              :                 name: Facebook
15:22:42 INFO  ProfileMatch              :             category: SocialMedia
15:22:42 INFO  ProfileMatch              :              version: 4.37.0  [OLD VERSION]
15:22:42 INFO  ProfileMatch              :         release-date: 27.09.2018
15:22:42 INFO  ProfileMatch              :     lib root package: "com.facebook.all"  (in app: "androidx.core.view")
15:22:42 INFO  ProfileMatch              : 
15:22:42 INFO  ProfileMatch              :                 name: Facebook
15:22:42 INFO  ProfileMatch              :             category: SocialMedia
15:22:42 INFO  ProfileMatch              :              version: 4.38.0  [OLD VERSION]
15:22:42 INFO  ProfileMatch              :         release-date: 23.10.2018
15:22:42 INFO  ProfileMatch              :     lib root package: "com.facebook.all"  (in app: "androidx.core.view")
15:22:42 INFO  ProfileMatch              : 
15:22:42 INFO  ProfileMatch              :                 name: Facebook
15:22:42 INFO  ProfileMatch              :             category: SocialMedia
15:22:42 INFO  ProfileMatch              :              version: 4.38.1  [OLD VERSION]
15:22:42 INFO  ProfileMatch              :         release-date: 31.10.2018
15:22:42 INFO  ProfileMatch              :     lib root package: "com.facebook.all"  (in app: "androidx.core.view")
15:22:42 INFO  ProfileMatch              : 
15:22:42 INFO  ProfileMatch              :                 name: Facebook
15:22:42 INFO  ProfileMatch              :             category: SocialMedia
15:22:42 INFO  ProfileMatch              :              version: 4.39.0  [OLD VERSION]
15:22:42 INFO  ProfileMatch              :         release-date: 05.12.2018
15:22:42 INFO  ProfileMatch              :     lib root package: "com.facebook.all"  (in app: "androidx.core.view")
15:22:42 INFO  ProfileMatch              : 
15:22:42 INFO  ProfileMatch              :                 name: Facebook
15:22:42 INFO  ProfileMatch              :             category: SocialMedia
15:22:42 INFO  ProfileMatch              :              version: 4.40.0  [OLD VERSION]
15:22:42 INFO  ProfileMatch              :         release-date: 22.01.2019
15:22:42 INFO  ProfileMatch              :     lib root package: "com.facebook.all"  (in app: "androidx.core.view")
15:22:42 INFO  ProfileMatch              : 
15:22:42 INFO  ProfileMatch              :                 name: Facebook
15:22:42 INFO  ProfileMatch              :             category: SocialMedia
15:22:42 INFO  ProfileMatch              :              version: 4.41.0  [OLD VERSION]
15:22:42 INFO  ProfileMatch              :         release-date: 08.03.2019
15:22:42 INFO  ProfileMatch              :     lib root package: "com.facebook.all"  (in app: "androidx.core.view")
15:22:42 INFO  ProfileMatch              : 
15:22:42 INFO  ProfileMatch              :                 name: Facebook
15:22:42 INFO  ProfileMatch              :             category: SocialMedia
15:22:42 INFO  ProfileMatch              :              version: 4.42.0  [OLD VERSION]
15:22:42 INFO  ProfileMatch              :         release-date: 08.04.2019
15:22:42 INFO  ProfileMatch              :     lib root package: "com.facebook.all"  (in app: "androidx.core.view")
15:22:42 INFO  ProfileMatch              : 
15:22:42 INFO  ProfileMatch              :                 name: Facebook
15:22:42 INFO  ProfileMatch              :             category: SocialMedia
15:22:42 INFO  ProfileMatch              :              version: 5.0.0  [OLD VERSION]
15:22:42 INFO  ProfileMatch              :         release-date: 30.04.2019
15:22:42 INFO  ProfileMatch              :     lib root package: "com.facebook.all"  (in app: "androidx.core.view")
15:22:42 INFO  ProfileMatch              : 
15:22:42 INFO  ProfileMatch              :                 name: Facebook
15:22:42 INFO  ProfileMatch              :             category: SocialMedia
15:22:42 INFO  ProfileMatch              :              version: 5.0.1  [OLD VERSION]
15:22:42 INFO  ProfileMatch              :         release-date: 17.05.2019
15:22:42 INFO  ProfileMatch              :     lib root package: "com.facebook.all"  (in app: "androidx.core.view")
15:22:42 INFO  ProfileMatch              : 
15:22:42 INFO  ProfileMatch              :                 name: Facebook
15:22:42 INFO  ProfileMatch              :             category: SocialMedia
15:22:42 INFO  ProfileMatch              :              version: 5.0.2  [OLD VERSION]
15:22:42 INFO  ProfileMatch              :         release-date: 09.06.2019
15:22:42 INFO  ProfileMatch              :     lib root package: "com.facebook.all"  (in app: "androidx.core.view")
15:22:42 INFO  ProfileMatch              : 
15:22:42 INFO  ProfileMatch              :                 name: Facebook
15:22:42 INFO  ProfileMatch              :             category: SocialMedia
15:22:42 INFO  ProfileMatch              :              version: 5.0.3  [OLD VERSION]
15:22:42 INFO  ProfileMatch              :         release-date: 14.06.2019
15:22:42 INFO  ProfileMatch              :     lib root package: "com.facebook.all"  (in app: "androidx.core.view")
15:22:42 INFO  ProfileMatch              : 
15:22:42 INFO  ProfileMatch              :                 name: Facebook
15:22:42 INFO  ProfileMatch              :             category: SocialMedia
15:22:42 INFO  ProfileMatch              :              version: 5.1.0  [OLD VERSION]
15:22:42 INFO  ProfileMatch              :         release-date: 21.06.2019
15:22:42 INFO  ProfileMatch              :     lib root package: "com.facebook.all"  (in app: "androidx.core.view")
15:22:42 INFO  ProfileMatch              : 
15:22:42 INFO  ProfileMatch              :                 name: Facebook
15:22:42 INFO  ProfileMatch              :             category: SocialMedia
15:22:42 INFO  ProfileMatch              :              version: 5.1.1  [OLD VERSION]
15:22:42 INFO  ProfileMatch              :         release-date: 02.07.2019
15:22:42 INFO  ProfileMatch              :     lib root package: "com.facebook.all"  (in app: "androidx.core.view")
15:22:42 INFO  ProfileMatch              : 
15:22:42 INFO  ProfileMatch              :                 name: Facebook
15:22:42 INFO  ProfileMatch              :             category: SocialMedia
15:22:42 INFO  ProfileMatch              :              version: 5.2.0  [OLD VERSION]
15:22:42 INFO  ProfileMatch              :         release-date: 29.07.2019
15:22:42 INFO  ProfileMatch              :     lib root package: "com.facebook.all"  (in app: "androidx.core.view")
15:22:42 INFO  ProfileMatch              : 
15:22:42 INFO  ProfileMatch              :                 name: Facebook
15:22:42 INFO  ProfileMatch              :             category: SocialMedia
15:22:42 INFO  ProfileMatch              :              version: 5.4.0  [OLD VERSION]
15:22:42 INFO  ProfileMatch              :         release-date: 16.08.2019
15:22:42 INFO  ProfileMatch              :     lib root package: "com.facebook.all"  (in app: "androidx.core.view")
15:22:42 INFO  ProfileMatch              : 
15:22:42 INFO  ProfileMatch              :                 name: Facebook
15:22:42 INFO  ProfileMatch              :             category: SocialMedia
15:22:42 INFO  ProfileMatch              :              version: 5.5.0  [OLD VERSION]
15:22:42 INFO  ProfileMatch              :         release-date: 31.08.2019
15:22:42 INFO  ProfileMatch              :     lib root package: "com.facebook.all"  (in app: "androidx.core.view")
15:22:42 INFO  ProfileMatch              : 
15:22:42 INFO  ProfileMatch              :                 name: Facebook
15:22:42 INFO  ProfileMatch              :             category: SocialMedia
15:22:42 INFO  ProfileMatch              :              version: 5.5.1  [OLD VERSION]
15:22:42 INFO  ProfileMatch              :         release-date: 06.09.2019
15:22:42 INFO  ProfileMatch              :     lib root package: "com.facebook.all"  (in app: "androidx.core.view")
15:22:42 INFO  ProfileMatch              : 
15:22:42 INFO  ProfileMatch              :                 name: Facebook
15:22:42 INFO  ProfileMatch              :             category: SocialMedia
15:22:42 INFO  ProfileMatch              :              version: 5.5.2  [OLD VERSION]
15:22:42 INFO  ProfileMatch              :         release-date: 05.10.2019
15:22:42 INFO  ProfileMatch              :     lib root package: "com.facebook.all"  (in app: "androidx.core.view")
15:22:42 INFO  ProfileMatch              : 
15:22:42 INFO  ProfileMatch              :                 name: Facebook
15:22:42 INFO  ProfileMatch              :             category: SocialMedia
15:22:42 INFO  ProfileMatch              :              version: 5.8.0  [OLD VERSION]
15:22:42 INFO  ProfileMatch              :         release-date: 08.10.2019
15:22:42 INFO  ProfileMatch              :     lib root package: "com.facebook.all"  (in app: "androidx.core.view")
15:22:42 INFO  ProfileMatch              : 
15:22:42 INFO  ProfileMatch              :                 name: Facebook
15:22:42 INFO  ProfileMatch              :             category: SocialMedia
15:22:42 INFO  ProfileMatch              :              version: 5.9.0  [OLD VERSION]
15:22:42 INFO  ProfileMatch              :         release-date: 29.10.2019
15:22:42 INFO  ProfileMatch              :     lib root package: "com.facebook.all"  (in app: "androidx.core.view")
15:22:42 INFO  ProfileMatch              : 
15:22:42 INFO  ProfileMatch              :                 name: Facebook
15:22:42 INFO  ProfileMatch              :             category: SocialMedia
15:22:42 INFO  ProfileMatch              :              version: 5.11.0  [OLD VERSION]
15:22:42 INFO  ProfileMatch              :         release-date: 15.11.2019
15:22:42 INFO  ProfileMatch              :     lib root package: "com.facebook.all"  (in app: "androidx.core.view")
15:22:42 INFO  ProfileMatch              : 
15:22:42 INFO  ProfileMatch              :                 name: Facebook
15:22:42 INFO  ProfileMatch              :             category: SocialMedia
15:22:42 INFO  ProfileMatch              :              version: 5.11.1  [OLD VERSION]
15:22:42 INFO  ProfileMatch              :         release-date: 21.11.2019
15:22:42 INFO  ProfileMatch              :     lib root package: "com.facebook.all"  (in app: "androidx.core.view")
15:22:42 INFO  ProfileMatch              : 
15:22:42 INFO  ProfileMatch              :                 name: Facebook
15:22:42 INFO  ProfileMatch              :             category: SocialMedia
15:22:42 INFO  ProfileMatch              :              version: 5.11.2  [OLD VERSION]
15:22:42 INFO  ProfileMatch              :         release-date: 22.11.2019
15:22:42 INFO  ProfileMatch              :     lib root package: "com.facebook.all"  (in app: "androidx.core.view")
15:22:42 INFO  ProfileMatch              : 
15:22:42 INFO  ProfileMatch              :                 name: Facebook
15:22:42 INFO  ProfileMatch              :             category: SocialMedia
15:22:42 INFO  ProfileMatch              :              version: 5.12.0  [OLD VERSION]
15:22:42 INFO  ProfileMatch              :         release-date: 04.12.2019
15:22:42 INFO  ProfileMatch              :     lib root package: "com.facebook.all"  (in app: "androidx.core.view")
15:22:42 INFO  ProfileMatch              : 
15:22:42 INFO  ProfileMatch              :                 name: Facebook
15:22:42 INFO  ProfileMatch              :             category: SocialMedia
15:22:42 INFO  ProfileMatch              :              version: 5.12.1  [OLD VERSION]
15:22:42 INFO  ProfileMatch              :         release-date: 09.12.2019
15:22:42 INFO  ProfileMatch              :     lib root package: "com.facebook.all"  (in app: "androidx.core.view")
15:22:42 INFO  ProfileMatch              : 
15:22:42 INFO  ProfileMatch              :                 name: Facebook
15:22:42 INFO  ProfileMatch              :             category: SocialMedia
15:22:42 INFO  ProfileMatch              :              version: 5.13.0  [OLD VERSION]
15:22:42 INFO  ProfileMatch              :         release-date: 12.12.2019
15:22:42 INFO  ProfileMatch              :     lib root package: "com.facebook.all"  (in app: "androidx.core.view")
15:22:42 INFO  ProfileMatch              : 
15:22:42 INFO  ProfileMatch              :                 name: Facebook
15:22:42 INFO  ProfileMatch              :             category: SocialMedia
15:22:42 INFO  ProfileMatch              :              version: 5.15.0  [OLD VERSION]
15:22:42 INFO  ProfileMatch              :         release-date: 21.01.2020
15:22:42 INFO  ProfileMatch              :     lib root package: "com.facebook.all"  (in app: "androidx.core.view")
15:22:42 INFO  ProfileMatch              : 
15:22:42 INFO  ProfileMatch              :                 name: Facebook
15:22:42 INFO  ProfileMatch              :             category: SocialMedia
15:22:42 INFO  ProfileMatch              :              version: 5.15.1  [OLD VERSION]
15:22:42 INFO  ProfileMatch              :         release-date: 29.01.2020
15:22:42 INFO  ProfileMatch              :     lib root package: "com.facebook.all"  (in app: "androidx.core.view")
15:22:42 INFO  ProfileMatch              : 
15:22:42 INFO  ProfileMatch              :                 name: Facebook
15:22:42 INFO  ProfileMatch              :             category: SocialMedia
15:22:42 INFO  ProfileMatch              :              version: 5.15.2  [OLD VERSION]
15:22:42 INFO  ProfileMatch              :         release-date: 03.02.2020
15:22:42 INFO  ProfileMatch              :     lib root package: "com.facebook.all"  (in app: "androidx.core.view")
15:22:42 INFO  ProfileMatch              : 
15:22:42 INFO  ProfileMatch              :                 name: Facebook
15:22:42 INFO  ProfileMatch              :             category: SocialMedia
15:22:42 INFO  ProfileMatch              :              version: 5.15.3  [OLD VERSION]
15:22:42 INFO  ProfileMatch              :         release-date: 03.02.2020
15:22:42 INFO  ProfileMatch              :     lib root package: "com.facebook.all"  (in app: "androidx.core.view")
15:22:42 INFO  ProfileMatch              : 
15:22:42 INFO  ProfileMatch              :                 name: Facebook
15:22:42 INFO  ProfileMatch              :             category: SocialMedia
15:22:42 INFO  ProfileMatch              :              version: 6.0.0  [OLD VERSION]
15:22:42 INFO  ProfileMatch              :         release-date: 03.02.2020
15:22:42 INFO  ProfileMatch              :     lib root package: "com.facebook.all"  (in app: "androidx.core.view")
15:22:42 INFO  ProfileMatch              : 
15:22:42 INFO  ProfileMatch              :                 name: Facebook
15:22:42 INFO  ProfileMatch              :             category: SocialMedia
15:22:42 INFO  ProfileMatch              :              version: 6.1.0  [OLD VERSION]
15:22:42 INFO  ProfileMatch              :         release-date: 14.02.2020
15:22:42 INFO  ProfileMatch              :     lib root package: "com.facebook.all"  (in app: "androidx.core.view")
15:22:42 INFO  ProfileMatch              : 
15:22:42 INFO  ProfileMatch              :                 name: Facebook
15:22:42 INFO  ProfileMatch              :             category: SocialMedia
15:22:42 INFO  ProfileMatch              :              version: 6.2.0  [OLD VERSION]
15:22:42 INFO  ProfileMatch              :         release-date: 09.03.2020
15:22:42 INFO  ProfileMatch              :     lib root package: "com.facebook.all"  (in app: "androidx.core.view")
15:22:42 INFO  ProfileMatch              : 
15:22:42 INFO  ProfileMatch              :                 name: Facebook
15:22:42 INFO  ProfileMatch              :             category: SocialMedia
15:22:42 INFO  ProfileMatch              :              version: 6.3.0  [OLD VERSION]
15:22:42 INFO  ProfileMatch              :         release-date: 25.03.2020
15:22:42 INFO  ProfileMatch              :     lib root package: "com.facebook.all"  (in app: "androidx.core.view")
15:22:42 INFO  ProfileMatch              : 
15:22:42 INFO  ProfileMatch              :                 name: Facebook
15:22:42 INFO  ProfileMatch              :             category: SocialMedia
15:22:42 INFO  ProfileMatch              :              version: 6.4.0  [OLD VERSION]
15:22:42 INFO  ProfileMatch              :         release-date: 15.04.2020
15:22:42 INFO  ProfileMatch              :     lib root package: "com.facebook.all"  (in app: "androidx.core.view")
15:22:42 INFO  ProfileMatch              : 
15:22:42 INFO  ProfileMatch              :                 name: Facebook
15:22:42 INFO  ProfileMatch              :             category: SocialMedia
15:22:42 INFO  ProfileMatch              :              version: 6.5.0  [OLD VERSION]
15:22:42 INFO  ProfileMatch              :         release-date: 20.04.2020
15:22:42 INFO  ProfileMatch              :     lib root package: "com.facebook.all"  (in app: "androidx.core.view")
15:22:42 INFO  ProfileMatch              : 
15:22:42 INFO  ProfileMatch              :                 name: Facebook
15:22:42 INFO  ProfileMatch              :             category: SocialMedia
15:22:42 INFO  ProfileMatch              :              version: 6.5.1  [OLD VERSION]
15:22:42 INFO  ProfileMatch              :         release-date: 23.04.2020
15:22:42 INFO  ProfileMatch              :     lib root package: "com.facebook.all"  (in app: "androidx.core.view")
15:22:42 INFO  ProfileMatch              : 
15:22:42 INFO  ProfileMatch              :                 name: Facebook
15:22:42 INFO  ProfileMatch              :             category: SocialMedia
15:22:42 INFO  ProfileMatch              :              version: 7.0.0  [OLD VERSION]
15:22:42 INFO  ProfileMatch              :         release-date: 05.05.2020
15:22:42 INFO  ProfileMatch              :     lib root package: "com.facebook.all"  (in app: "androidx.core.view")
15:22:42 INFO  ProfileMatch              : 
15:22:42 INFO  ProfileMatch              :                 name: Facebook
15:22:42 INFO  ProfileMatch              :             category: SocialMedia
15:22:42 INFO  ProfileMatch              :              version: 7.0.1  [OLD VERSION]
15:22:42 INFO  ProfileMatch              :         release-date: 09.06.2020
15:22:42 INFO  ProfileMatch              :     lib root package: "com.facebook.all"  (in app: "androidx.core.view")
15:22:42 INFO  ProfileMatch              : 
15:22:42 INFO  ProfileMatch              :                 name: Facebook
15:22:42 INFO  ProfileMatch              :             category: SocialMedia
15:22:42 INFO  ProfileMatch              :              version: 7.1.0  [OLD VERSION]
15:22:42 INFO  ProfileMatch              :         release-date: 23.06.2020
15:22:42 INFO  ProfileMatch              :     lib root package: "com.facebook.all"  (in app: "androidx.core.view")
15:22:42 INFO  ProfileMatch              : 
15:22:42 INFO  ProfileMatch              :                 name: Facebook
15:22:42 INFO  ProfileMatch              :             category: SocialMedia
15:22:42 INFO  ProfileMatch              :              version: 8.0.0  [OLD VERSION]
15:22:42 INFO  ProfileMatch              :         release-date: 28.09.2020
15:22:42 INFO  ProfileMatch              :     lib root package: "com.facebook.all"  (in app: "androidx.core.view")
15:22:42 INFO  ProfileMatch              : 
15:22:42 INFO  ProfileMatch              :                 name: Facebook
15:22:42 INFO  ProfileMatch              :             category: SocialMedia
15:22:42 INFO  ProfileMatch              :              version: 8.1.0  [OLD VERSION]
15:22:42 INFO  ProfileMatch              :         release-date: 14.10.2020
15:22:42 INFO  ProfileMatch              :     lib root package: "com.facebook.all"  (in app: "androidx.core.view")
15:22:42 INFO  ProfileMatch              : 
15:22:42 INFO  ProfileMatch              :                 name: Facebook
15:22:42 INFO  ProfileMatch              :             category: SocialMedia
15:22:42 INFO  ProfileMatch              :              version: 8.2.0  [OLD VERSION]
15:22:42 INFO  ProfileMatch              :         release-date: 18.12.2020
15:22:42 INFO  ProfileMatch              :     lib root package: "com.facebook.all"  (in app: "androidx.core.view")
15:22:42 INFO  ProfileMatch              : 
15:22:42 INFO  ProfileMatch              :                 name: Facebook
15:22:42 INFO  ProfileMatch              :             category: SocialMedia
15:22:42 INFO  ProfileMatch              :              version: 9.0.0  [OLD VERSION]
15:22:42 INFO  ProfileMatch              :         release-date: 19.01.2021
15:22:42 INFO  ProfileMatch              :     lib root package: "com.facebook.all"  (in app: "androidx.core.view")
15:22:42 INFO  ProfileMatch              : 
15:22:42 INFO  ProfileMatch              :                 name: Facebook
15:22:42 INFO  ProfileMatch              :             category: SocialMedia
15:22:42 INFO  ProfileMatch              :              version: 9.1.0  [OLD VERSION]
15:22:42 INFO  ProfileMatch              :         release-date: 15.03.2021
15:22:42 INFO  ProfileMatch              :     lib root package: "com.facebook.all"  (in app: "androidx.core.view")
15:22:42 INFO  ProfileMatch              : 
15:22:42 INFO  ProfileMatch              :                 name: Facebook
15:22:42 INFO  ProfileMatch              :             category: SocialMedia
15:22:42 INFO  ProfileMatch              :              version: 9.1.1  [OLD VERSION]
15:22:42 INFO  ProfileMatch              :         release-date: 12.04.2021
15:22:42 INFO  ProfileMatch              :     lib root package: "com.facebook.all"  (in app: "androidx.core.view")
15:22:42 INFO  ProfileMatch              : 
15:22:42 INFO  ProfileMatch              :                 name: Facebook
15:22:42 INFO  ProfileMatch              :             category: SocialMedia
15:22:42 INFO  ProfileMatch              :              version: 11.0.0  [OLD VERSION]
15:22:42 INFO  ProfileMatch              :         release-date: 08.06.2021
15:22:42 INFO  ProfileMatch              :     lib root package: "com.facebook.all"  (in app: "androidx.core.view")
15:22:42 INFO  ProfileMatch              : 
15:22:42 INFO  ProfileMatch              :                 name: Facebook
15:22:42 INFO  ProfileMatch              :             category: SocialMedia
15:22:42 INFO  ProfileMatch              :              version: 11.1.0  [OLD VERSION]
15:22:42 INFO  ProfileMatch              :         release-date: 06.07.2021
15:22:42 INFO  ProfileMatch              :     lib root package: "com.facebook.all"  (in app: "androidx.core.view")
15:22:42 INFO  ProfileMatch              : 
15:22:42 INFO  ProfileMatch              :                 name: Facebook
15:22:42 INFO  ProfileMatch              :             category: SocialMedia
15:22:42 INFO  ProfileMatch              :              version: 11.1.1  [OLD VERSION]
15:22:42 INFO  ProfileMatch              :         release-date: 19.07.2021
15:22:42 INFO  ProfileMatch              :     lib root package: "com.facebook.all"  (in app: "androidx.core.view")
15:22:42 INFO  ProfileMatch              : 
15:22:42 INFO  ProfileMatch              :                 name: Facebook
15:22:42 INFO  ProfileMatch              :             category: SocialMedia
15:22:42 INFO  ProfileMatch              :              version: 11.2.0  [OLD VERSION]
15:22:42 INFO  ProfileMatch              :         release-date: 03.08.2021
15:22:42 INFO  ProfileMatch              :     lib root package: "com.facebook.all"  (in app: "androidx.core.view")
15:22:42 INFO  ProfileMatch              : 
15:22:42 INFO  ProfileMatch              :                 name: Facebook
15:22:42 INFO  ProfileMatch              :             category: SocialMedia
15:22:42 INFO  ProfileMatch              :              version: 11.3.0  [OLD VERSION]
15:22:42 INFO  ProfileMatch              :         release-date: 07.09.2021
15:22:42 INFO  ProfileMatch              :     lib root package: "com.facebook.all"  (in app: "androidx.core.view")
15:22:42 INFO  ProfileMatch              : 
15:22:42 INFO  ProfileMatch              :                 name: Facebook
15:22:42 INFO  ProfileMatch              :             category: SocialMedia
15:22:42 INFO  ProfileMatch              :              version: 12.0.0  [OLD VERSION]
15:22:42 INFO  ProfileMatch              :         release-date: 05.10.2021
15:22:42 INFO  ProfileMatch              :     lib root package: "com.facebook.all"  (in app: "androidx.core.view")
15:22:42 INFO  ProfileMatch              : 
15:22:42 INFO  ProfileMatch              :                 name: Facebook
15:22:42 INFO  ProfileMatch              :             category: SocialMedia
15:22:42 INFO  ProfileMatch              :              version: 12.0.1  [OLD VERSION]
15:22:42 INFO  ProfileMatch              :         release-date: 13.10.2021
15:22:42 INFO  ProfileMatch              :     lib root package: "com.facebook.all"  (in app: "androidx.core.view")
15:22:42 INFO  ProfileMatch              : 
15:22:42 INFO  ProfileMatch              :                 name: Facebook
15:22:42 INFO  ProfileMatch              :             category: SocialMedia
15:22:42 INFO  ProfileMatch              :              version: 12.1.0  [OLD VERSION]
15:22:42 INFO  ProfileMatch              :         release-date: 01.11.2021
15:22:42 INFO  ProfileMatch              :     lib root package: "com.facebook.all"  (in app: "androidx.core.view")
15:22:42 INFO  ProfileMatch              : 
15:22:42 INFO  ProfileMatch              :                 name: Facebook
15:22:42 INFO  ProfileMatch              :             category: SocialMedia
15:22:42 INFO  ProfileMatch              :              version: 12.2.0  [OLD VERSION]
15:22:42 INFO  ProfileMatch              :         release-date: 06.12.2021
15:22:42 INFO  ProfileMatch              :     lib root package: "com.facebook.all"  (in app: "androidx.core.view")
15:22:42 INFO  ProfileMatch              : 
15:22:42 INFO  ProfileMatch              :                 name: Facebook
15:22:42 INFO  ProfileMatch              :             category: SocialMedia
15:22:42 INFO  ProfileMatch              :              version: 12.3.0  [OLD VERSION]
15:22:42 INFO  ProfileMatch              :         release-date: 10.01.2022
15:22:42 INFO  ProfileMatch              :     lib root package: "com.facebook.all"  (in app: "androidx.core.view")
15:22:42 INFO  ProfileMatch              : 
15:22:42 INFO  ProfileMatch              :                 name: Facebook
15:22:42 INFO  ProfileMatch              :             category: SocialMedia
15:22:42 INFO  ProfileMatch              :              version: 13.0.0  [OLD VERSION]
15:22:42 INFO  ProfileMatch              :         release-date: 23.02.2022
15:22:42 INFO  ProfileMatch              :     lib root package: "com.facebook.all"  (in app: "androidx.core.view")
15:22:42 INFO  ProfileMatch              : 
15:22:42 INFO  ProfileMatch              :                 name: Facebook
15:22:42 INFO  ProfileMatch              :             category: SocialMedia
15:22:42 INFO  ProfileMatch              :              version: 13.1.0  [OLD VERSION]
15:22:42 INFO  ProfileMatch              :         release-date: 21.03.2022
15:22:42 INFO  ProfileMatch              :     lib root package: "com.facebook.all"  (in app: "androidx.core.view")
15:22:42 INFO  ProfileMatch              : 
15:22:42 INFO  ProfileMatch              :                 name: Facebook
15:22:42 INFO  ProfileMatch              :             category: SocialMedia
15:22:42 INFO  ProfileMatch              :              version: 13.2.0  [OLD VERSION]
15:22:42 INFO  ProfileMatch              :         release-date: 22.04.2022
15:22:42 INFO  ProfileMatch              :     lib root package: "com.facebook.all"  (in app: "androidx.core.view")
15:22:42 INFO  ProfileMatch              : 
15:22:42 INFO  ProfileMatch              :                 name: Facebook
15:22:42 INFO  ProfileMatch              :             category: SocialMedia
15:22:42 INFO  ProfileMatch              :              version: 14.0.0
15:22:42 INFO  ProfileMatch              :         release-date: 14.06.2022
15:22:42 INFO  ProfileMatch              :     lib root package: "com.facebook.all"  (in app: "androidx.core.view")
15:22:42 INFO  ProfileMatch              : 
15:22:42 INFO  ProfileMatch              :                 name: com.android.support::viewpager
15:22:42 INFO  ProfileMatch              :             category: Android
15:22:42 INFO  ProfileMatch              :              version: 28.0.0
15:22:42 INFO  ProfileMatch              :         release-date:  --
15:22:42 INFO  ProfileMatch              :     lib root package: "android.support.v4.view"  (in app: "androidx.viewpager.widget")
15:22:42 INFO  ProfileMatch              : 
15:22:42 INFO  ProfileMatch              :                 name: androidx.viewpager::viewpager
15:22:42 INFO  ProfileMatch              :             category: Android
15:22:42 INFO  ProfileMatch              :              version: 1.0.0
15:22:42 INFO  ProfileMatch              :         release-date:  --
15:22:42 INFO  ProfileMatch              :     lib root package: "androidx.viewpager.widget"
15:22:42 INFO  ProfileMatch              : 
15:22:42 INFO  LibraryIdentifier         : 
15:22:42 INFO  LibraryIdentifier         : - Partial library matches:
15:22:42 INFO  LibraryIdentifier         :                 name: android.arch.core::common
15:22:42 INFO  LibraryIdentifier         :             category: Android
15:22:42 INFO  LibraryIdentifier         :              version: 1.1.1
15:22:42 INFO  LibraryIdentifier         :         release-date:  --
15:22:42 INFO  LibraryIdentifier         :     lib root package: "android.arch.core"
15:22:42 INFO  LibraryIdentifier         :         Partial matching results:
15:22:42 INFO  LibraryIdentifier         :              - config: Hashing.md5() | Flags: no-flag | Keep: PN | Prune: MSIG   score: 0.875
15:22:42 INFO  LibraryIdentifier         : 
15:22:42 INFO  LibraryIdentifier         :                 name: android.arch.core::runtime
15:22:42 INFO  LibraryIdentifier         :             category: Android
15:22:42 INFO  LibraryIdentifier         :              version: 1.1.0  [OLD VERSION]
15:22:42 INFO  LibraryIdentifier         :         release-date:  --
15:22:42 INFO  LibraryIdentifier         :     lib root package: "android.arch.core"
15:22:42 INFO  LibraryIdentifier         :         Partial matching results:
15:22:42 INFO  LibraryIdentifier         :              - config: Hashing.md5() | Flags: no-flag | Keep: PN | Prune: MSIG   score: 0.9
15:22:42 INFO  LibraryIdentifier         : 
15:22:42 INFO  LibraryIdentifier         : 
15:22:42 INFO  LibraryIdentifier         : App processing time: 15 sec, 776 ms
