02:47:57 INFO  LibraryIdentifier         : Process app: com.hearham.repeaterstart_7.apk
02:47:57 INFO  LibraryIdentifier         : = Manifest Parser =
02:47:57 INFO  LibraryIdentifier         :         Package name: com.hearham.repeaterstart
02:47:57 INFO  LibraryIdentifier         :         Version code: 7
02:47:57 INFO  LibraryIdentifier         :        minSdkVersion: 19
02:47:57 INFO  LibraryIdentifier         :     targetSdkVersion: 30
02:47:57 INFO  LibraryIdentifier         :         SharedUserId:  - none -
02:47:57 INFO  LibraryIdentifier         :     Library dependencies:  - none -
02:47:57 INFO  LibraryIdentifier         : 
02:47:57 INFO  LibraryIdentifier         : Found 402 unique libraries in 12405 library profiles
02:47:58 INFO  LibraryIdentifier         : Generated class hierarchy (in 650 ms)
02:47:58 INFO  WalaUtils                 : 
02:47:58 INFO  WalaUtils                 : = ClassHierarchy Stats =
02:47:58 INFO  WalaUtils                 :     # of classes: 3842
02:47:58 INFO  WalaUtils                 :     # thereof inner classes: 2089
02:47:58 INFO  WalaUtils                 :     # thereof public classes: 2034
02:47:58 INFO  WalaUtils                 :         Activity : 6
02:47:58 INFO  WalaUtils                 :         Application : 0
02:47:58 INFO  WalaUtils                 :         AsyncTask : 11
02:47:58 INFO  WalaUtils                 :         BroadcastReceiver : 10
02:47:58 INFO  WalaUtils                 :         ContentProvider : 5
02:47:58 INFO  WalaUtils                 :         Fragment : 7
02:47:58 INFO  WalaUtils                 :         Handler : 10
02:47:58 INFO  WalaUtils                 :         LayoutContainer : 42
02:47:58 INFO  WalaUtils                 :         Plain : 3696
02:47:58 INFO  WalaUtils                 :         Runnable : 0
02:47:58 INFO  WalaUtils                 :         Service : 4
02:47:58 INFO  WalaUtils                 :         Thread : 5
02:47:58 INFO  WalaUtils                 :         View : 46
02:47:58 INFO  WalaUtils                 :     # methods: 31737
02:47:58 INFO  WalaUtils                 :         # of publicly accessible methods: 21625
02:47:58 INFO  WalaUtils                 :         # of non-accessible methods: 10112
02:47:58 INFO  WalaUtils                 : 
02:47:58 INFO  Profile                   : = PackageTree =
02:47:58 INFO  PackageTree               : Root Package: androidx
02:47:58 INFO  PackageTree               : └── Root
02:47:58 INFO  PackageTree               :     ├── androidx
02:47:58 INFO  PackageTree               :     │   ├── slidingpanelayout
02:47:58 INFO  PackageTree               :     │   │   └── widget (9)
02:47:58 INFO  PackageTree               :     │   ├── constraintlayout
02:47:58 INFO  PackageTree               :     │   │   ├── core (18)
02:47:58 INFO  PackageTree               :     │   │   │   ├── motion (10)
02:47:58 INFO  PackageTree               :     │   │   │   │   ├── utils (55)
02:47:58 INFO  PackageTree               :     │   │   │   │   ├── key (7)
02:47:58 INFO  PackageTree               :     │   │   │   │   └── parse (3)
02:47:58 INFO  PackageTree               :     │   │   │   ├── state (19)
02:47:58 INFO  PackageTree               :     │   │   │   │   └── helpers (8)
02:47:58 INFO  PackageTree               :     │   │   │   ├── parser (13)
02:47:58 INFO  PackageTree               :     │   │   │   └── widgets (18)
02:47:58 INFO  PackageTree               :     │   │   │       └── analyzer (21)
02:47:58 INFO  PackageTree               :     │   │   ├── motion
02:47:58 INFO  PackageTree               :     │   │   │   ├── widget (54)
02:47:58 INFO  PackageTree               :     │   │   │   └── utils (46)
02:47:58 INFO  PackageTree               :     │   │   ├── widget (34)
02:47:58 INFO  PackageTree               :     │   │   ├── utils
02:47:58 INFO  PackageTree               :     │   │   │   └── widget (15)
02:47:58 INFO  PackageTree               :     │   │   └── helper
02:47:58 INFO  PackageTree               :     │   │       └── widget (9)
02:47:58 INFO  PackageTree               :     │   ├── core
02:47:58 INFO  PackageTree               :     │   │   ├── view (151)
02:47:58 INFO  PackageTree               :     │   │   │   ├── accessibility (30)
02:47:58 INFO  PackageTree               :     │   │   │   ├── inputmethod (11)
02:47:58 INFO  PackageTree               :     │   │   │   └── animation (2)
02:47:58 INFO  PackageTree               :     │   │   ├── content (33)
02:47:58 INFO  PackageTree               :     │   │   │   ├── res (27)
02:47:58 INFO  PackageTree               :     │   │   │   └── pm (16)
02:47:58 INFO  PackageTree               :     │   │   ├── os (29)
02:47:58 INFO  PackageTree               :     │   │   ├── provider (36)
02:47:58 INFO  PackageTree               :     │   │   ├── app (112)
02:47:58 INFO  PackageTree               :     │   │   │   └── unusedapprestrictions (8)
02:47:58 INFO  PackageTree               :     │   │   ├── telephony (6)
02:47:58 INFO  PackageTree               :     │   │   │   └── mbms (1)
02:47:58 INFO  PackageTree               :     │   │   ├── location (26)
02:47:58 INFO  PackageTree               :     │   │   ├── hardware
02:47:58 INFO  PackageTree               :     │   │   │   ├── fingerprint (5)
02:47:58 INFO  PackageTree               :     │   │   │   └── display (1)
02:47:58 INFO  PackageTree               :     │   │   ├── graphics (24)
02:47:58 INFO  PackageTree               :     │   │   │   └── drawable (13)
02:47:58 INFO  PackageTree               :     │   │   ├── widget (36)
02:47:58 INFO  PackageTree               :     │   │   ├── util (15)
02:47:58 INFO  PackageTree               :     │   │   ├── internal
02:47:58 INFO  PackageTree               :     │   │   │   └── view (3)
02:47:58 INFO  PackageTree               :     │   │   ├── text (19)
02:47:58 INFO  PackageTree               :     │   │   │   └── util (6)
02:47:58 INFO  PackageTree               :     │   │   ├── accessibilityservice (1)
02:47:58 INFO  PackageTree               :     │   │   ├── database (2)
02:47:58 INFO  PackageTree               :     │   │   │   └── sqlite (1)
02:47:58 INFO  PackageTree               :     │   │   ├── net (8)
02:47:58 INFO  PackageTree               :     │   │   └── math (1)
02:47:58 INFO  PackageTree               :     │   ├── documentfile
02:47:58 INFO  PackageTree               :     │   │   └── provider (5)
02:47:58 INFO  PackageTree               :     │   ├── fragment
02:47:58 INFO  PackageTree               :     │   │   └── app (139)
02:47:58 INFO  PackageTree               :     │   ├── annotation (69)
02:47:58 INFO  PackageTree               :     │   │   └── experimental (3)
02:47:58 INFO  PackageTree               :     │   ├── appcompat
02:47:58 INFO  PackageTree               :     │   │   ├── widget (231)
02:47:58 INFO  PackageTree               :     │   │   ├── graphics
02:47:58 INFO  PackageTree               :     │   │   │   └── drawable (17)
02:47:58 INFO  PackageTree               :     │   │   ├── app (91)
02:47:58 INFO  PackageTree               :     │   │   ├── view (14)
02:47:58 INFO  PackageTree               :     │   │   │   └── menu (45)
02:47:58 INFO  PackageTree               :     │   │   ├── resources (4)
02:47:58 INFO  PackageTree               :     │   │   ├── content
02:47:58 INFO  PackageTree               :     │   │   │   └── res (1)
02:47:58 INFO  PackageTree               :     │   │   └── text (1)
02:47:58 INFO  PackageTree               :     │   ├── preference (96)
02:47:58 INFO  PackageTree               :     │   │   └── internal (1)
02:47:58 INFO  PackageTree               :     │   ├── recyclerview
02:47:58 INFO  PackageTree               :     │   │   └── widget (173)
02:47:58 INFO  PackageTree               :     │   ├── emoji2
02:47:58 INFO  PackageTree               :     │   │   ├── text (50)
02:47:58 INFO  PackageTree               :     │   │   │   └── flatbuffer (49)
02:47:58 INFO  PackageTree               :     │   │   └── viewsintegration (17)
02:47:58 INFO  PackageTree               :     │   ├── legacy
02:47:58 INFO  PackageTree               :     │   │   ├── app (5)
02:47:58 INFO  PackageTree               :     │   │   ├── widget (1)
02:47:58 INFO  PackageTree               :     │   │   └── content (1)
02:47:58 INFO  PackageTree               :     │   ├── viewpager
02:47:58 INFO  PackageTree               :     │   │   └── widget (24)
02:47:58 INFO  PackageTree               :     │   ├── cursoradapter
02:47:58 INFO  PackageTree               :     │   │   └── widget (9)
02:47:58 INFO  PackageTree               :     │   ├── swiperefreshlayout
02:47:58 INFO  PackageTree               :     │   │   └── widget (18)
02:47:58 INFO  PackageTree               :     │   ├── activity (18)
02:47:58 INFO  PackageTree               :     │   │   ├── result (15)
02:47:58 INFO  PackageTree               :     │   │   │   └── contract (17)
02:47:58 INFO  PackageTree               :     │   │   └── contextaware (3)
02:47:58 INFO  PackageTree               :     │   ├── coordinatorlayout
02:47:58 INFO  PackageTree               :     │   │   └── widget (14)
02:47:58 INFO  PackageTree               :     │   ├── loader
02:47:58 INFO  PackageTree               :     │   │   ├── app (7)
02:47:58 INFO  PackageTree               :     │   │   └── content (15)
02:47:58 INFO  PackageTree               :     │   ├── savedstate (9)
02:47:58 INFO  PackageTree               :     │   ├── arch
02:47:58 INFO  PackageTree               :     │   │   └── core
02:47:58 INFO  PackageTree               :     │   │       ├── executor (6)
02:47:58 INFO  PackageTree               :     │   │       ├── internal (8)
02:47:58 INFO  PackageTree               :     │   │       └── util (1)
02:47:58 INFO  PackageTree               :     │   ├── vectordrawable
02:47:58 INFO  PackageTree               :     │   │   └── graphics
02:47:58 INFO  PackageTree               :     │   │       └── drawable (24)
02:47:58 INFO  PackageTree               :     │   ├── lifecycle (74)
02:47:58 INFO  PackageTree               :     │   ├── customview
02:47:58 INFO  PackageTree               :     │   │   ├── widget (12)
02:47:58 INFO  PackageTree               :     │   │   └── view (3)
02:47:58 INFO  PackageTree               :     │   ├── concurrent
02:47:58 INFO  PackageTree               :     │   │   └── futures (18)
02:47:58 INFO  PackageTree               :     │   ├── versionedparcelable (15)
02:47:58 INFO  PackageTree               :     │   ├── print (7)
02:47:58 INFO  PackageTree               :     │   ├── collection (17)
02:47:58 INFO  PackageTree               :     │   ├── startup (5)
02:47:58 INFO  PackageTree               :     │   ├── drawerlayout
02:47:58 INFO  PackageTree               :     │   │   └── widget (11)
02:47:58 INFO  PackageTree               :     │   ├── asynclayoutinflater
02:47:58 INFO  PackageTree               :     │   │   └── view (6)
02:47:58 INFO  PackageTree               :     │   ├── localbroadcastmanager
02:47:58 INFO  PackageTree               :     │   │   └── content (4)
02:47:58 INFO  PackageTree               :     │   ├── resourceinspection
02:47:58 INFO  PackageTree               :     │   │   └── annotation (3)
02:47:58 INFO  PackageTree               :     │   ├── interpolator
02:47:58 INFO  PackageTree               :     │   │   └── view
02:47:58 INFO  PackageTree               :     │   │       └── animation (4)
02:47:58 INFO  PackageTree               :     │   └── tracing (3)
02:47:58 INFO  PackageTree               :     ├── com
02:47:58 INFO  PackageTree               :     │   ├── mapbox
02:47:58 INFO  PackageTree               :     │   │   ├── android
02:47:58 INFO  PackageTree               :     │   │   │   ├── gestures (33)
02:47:58 INFO  PackageTree               :     │   │   │   ├── telemetry (86)
02:47:58 INFO  PackageTree               :     │   │   │   │   ├── metrics (2)
02:47:58 INFO  PackageTree               :     │   │   │   │   │   └── network (3)
02:47:58 INFO  PackageTree               :     │   │   │   │   ├── errors (6)
02:47:58 INFO  PackageTree               :     │   │   │   │   ├── location (8)
02:47:58 INFO  PackageTree               :     │   │   │   │   └── provider (1)
02:47:58 INFO  PackageTree               :     │   │   │   ├── core (3)
02:47:58 INFO  PackageTree               :     │   │   │   │   ├── location (16)
02:47:58 INFO  PackageTree               :     │   │   │   │   ├── permissions (2)
02:47:58 INFO  PackageTree               :     │   │   │   │   ├── crashreporter (3)
02:47:58 INFO  PackageTree               :     │   │   │   │   ├── metrics (3)
02:47:58 INFO  PackageTree               :     │   │   │   │   └── connectivity (2)
02:47:58 INFO  PackageTree               :     │   │   │   └── accounts
02:47:58 INFO  PackageTree               :     │   │   │       └── v1 (2)
02:47:58 INFO  PackageTree               :     │   │   ├── mapboxsdk (8)
02:47:58 INFO  PackageTree               :     │   │   │   ├── offline (64)
02:47:58 INFO  PackageTree               :     │   │   │   ├── storage (8)
02:47:58 INFO  PackageTree               :     │   │   │   ├── geometry (13)
02:47:58 INFO  PackageTree               :     │   │   │   ├── maps (127)
02:47:58 INFO  PackageTree               :     │   │   │   │   ├── renderer (3)
02:47:58 INFO  PackageTree               :     │   │   │   │   │   ├── glsurfaceview (4)
02:47:58 INFO  PackageTree               :     │   │   │   │   │   ├── textureview (3)
02:47:58 INFO  PackageTree               :     │   │   │   │   │   └── egl (5)
02:47:58 INFO  PackageTree               :     │   │   │   │   └── widgets (2)
02:47:58 INFO  PackageTree               :     │   │   │   ├── utils (20)
02:47:58 INFO  PackageTree               :     │   │   │   ├── http (9)
02:47:58 INFO  PackageTree               :     │   │   │   ├── style
02:47:58 INFO  PackageTree               :     │   │   │   │   ├── expressions (13)
02:47:58 INFO  PackageTree               :     │   │   │   │   ├── layers (44)
02:47:58 INFO  PackageTree               :     │   │   │   │   ├── sources (16)
02:47:58 INFO  PackageTree               :     │   │   │   │   ├── types (2)
02:47:58 INFO  PackageTree               :     │   │   │   │   └── light (2)
02:47:58 INFO  PackageTree               :     │   │   │   ├── location (74)
02:47:58 INFO  PackageTree               :     │   │   │   │   └── modes (4)
02:47:58 INFO  PackageTree               :     │   │   │   ├── snapshotter (10)
02:47:58 INFO  PackageTree               :     │   │   │   ├── annotations (22)
02:47:58 INFO  PackageTree               :     │   │   │   ├── module
02:47:58 INFO  PackageTree               :     │   │   │   │   ├── telemetry (12)
02:47:58 INFO  PackageTree               :     │   │   │   │   ├── http (3)
02:47:58 INFO  PackageTree               :     │   │   │   │   └── loader (2)
02:47:58 INFO  PackageTree               :     │   │   │   ├── attribution (15)
02:47:58 INFO  PackageTree               :     │   │   │   ├── exceptions (7)
02:47:58 INFO  PackageTree               :     │   │   │   ├── camera (9)
02:47:58 INFO  PackageTree               :     │   │   │   ├── log (4)
02:47:58 INFO  PackageTree               :     │   │   │   ├── net (3)
02:47:58 INFO  PackageTree               :     │   │   │   ├── text (1)
02:47:58 INFO  PackageTree               :     │   │   │   └── constants (3)
02:47:58 INFO  PackageTree               :     │   │   ├── turf (11)
02:47:58 INFO  PackageTree               :     │   │   │   └── models (2)
02:47:58 INFO  PackageTree               :     │   │   ├── geojson (30)
02:47:58 INFO  PackageTree               :     │   │   │   ├── shifter (3)
02:47:58 INFO  PackageTree               :     │   │   │   ├── gson (4)
02:47:58 INFO  PackageTree               :     │   │   │   ├── constants (1)
02:47:58 INFO  PackageTree               :     │   │   │   ├── exception (1)
02:47:58 INFO  PackageTree               :     │   │   │   └── utils (2)
02:47:58 INFO  PackageTree               :     │   │   └── pluginscalebar (11)
02:47:58 INFO  PackageTree               :     │   ├── google
02:47:58 INFO  PackageTree               :     │   │   ├── gson (40)
02:47:58 INFO  PackageTree               :     │   │   │   ├── internal (55)
02:47:58 INFO  PackageTree               :     │   │   │   │   ├── bind (66)
02:47:58 INFO  PackageTree               :     │   │   │   │   │   └── util (1)
02:47:58 INFO  PackageTree               :     │   │   │   │   └── reflect (3)
02:47:58 INFO  PackageTree               :     │   │   │   ├── annotations (5)
02:47:58 INFO  PackageTree               :     │   │   │   ├── stream (6)
02:47:58 INFO  PackageTree               :     │   │   │   ├── typeadapters (2)
02:47:58 INFO  PackageTree               :     │   │   │   └── reflect (1)
02:47:58 INFO  PackageTree               :     │   │   └── common
02:47:58 INFO  PackageTree               :     │   │       └── util
02:47:58 INFO  PackageTree               :     │   │           └── concurrent (1)
02:47:58 INFO  PackageTree               :     │   └── hearham
02:47:58 INFO  PackageTree               :     │       └── repeaterstart (30)
02:47:58 INFO  PackageTree               :     ├── io
02:47:58 INFO  PackageTree               :     │   └── sentry (121)
02:47:58 INFO  PackageTree               :     │       ├── protocol (25)
02:47:58 INFO  PackageTree               :     │       ├── android
02:47:58 INFO  PackageTree               :     │       │   ├── core (40)
02:47:58 INFO  PackageTree               :     │       │   │   └── util (6)
02:47:58 INFO  PackageTree               :     │       │   └── ndk (7)
02:47:58 INFO  PackageTree               :     │       ├── transport (23)
02:47:58 INFO  PackageTree               :     │       ├── util (9)
02:47:58 INFO  PackageTree               :     │       ├── config (10)
02:47:58 INFO  PackageTree               :     │       ├── adapters (18)
02:47:58 INFO  PackageTree               :     │       ├── exception (3)
02:47:58 INFO  PackageTree               :     │       ├── hints (11)
02:47:58 INFO  PackageTree               :     │       ├── vendor (4)
02:47:58 INFO  PackageTree               :     │       └── cache (3)
02:47:58 INFO  PackageTree               :     ├── okhttp3 (75)
02:47:58 INFO  PackageTree               :     │   └── internal (6)
02:47:58 INFO  PackageTree               :     │       ├── tls (6)
02:47:58 INFO  PackageTree               :     │       ├── http2 (39)
02:47:58 INFO  PackageTree               :     │       ├── http1 (7)
02:47:58 INFO  PackageTree               :     │       ├── connection (10)
02:47:58 INFO  PackageTree               :     │       ├── cache (15)
02:47:58 INFO  PackageTree               :     │       ├── ws (13)
02:47:58 INFO  PackageTree               :     │       ├── io (2)
02:47:58 INFO  PackageTree               :     │       ├── platform (10)
02:47:58 INFO  PackageTree               :     │       ├── proxy (1)
02:47:58 INFO  PackageTree               :     │       ├── http (14)
02:47:58 INFO  PackageTree               :     │       ├── publicsuffix (1)
02:47:58 INFO  PackageTree               :     │       ├── cache2 (3)
02:47:58 INFO  PackageTree               :     │       └── annotations (1)
02:47:58 INFO  PackageTree               :     ├── okio (43)
02:47:58 INFO  PackageTree               :     └── android
02:47:58 INFO  PackageTree               :         └── support
02:47:58 INFO  PackageTree               :             └── v4
02:47:58 INFO  PackageTree               :                 ├── os (8)
02:47:58 INFO  PackageTree               :                 ├── app (5)
02:47:58 INFO  PackageTree               :                 └── graphics
02:47:58 INFO  PackageTree               :                     └── drawable (1)
02:47:58 INFO  Profile                   : 
02:47:58 INFO  AppProfile                : - generated app package tree (in 34 ms)
02:47:58 INFO  AppProfile                : 
02:47:58 DEBUG HashTree                  : Generate hash tree..
02:47:59 DEBUG HashTree                  :     - generated 190 package hashes.
02:47:59 DEBUG HashTree                  :     - generated 3696 clazz hashes.
02:47:59 DEBUG HashTree                  :     - generated 31737 method hashes.
02:47:59 DEBUG HashTree                  :     => Library Hash: af5a40deba88a4b17f7757dd6ba7c7bf
02:47:59 INFO  AppProfile                : - generated app hash trees (in 424 ms)
02:47:59 INFO  AppProfile                : 
02:47:59 INFO  LibraryIdentifier         : = Scan for library root packages (heuristic) =
02:47:59 INFO  LibraryIdentifier         :     - Found lib root package com.google.gson  (Gson)
02:47:59 INFO  LibraryIdentifier         :     - Found lib root package com.google.common  (Guava)
02:47:59 INFO  LibraryIdentifier         :     - Found lib root package com.mapbox.mapboxsdk  (MapBox)
02:47:59 INFO  LibraryIdentifier         :     - Found lib root package okhttp3  (OkHttp)
02:47:59 INFO  LibraryIdentifier         :     - Found lib root package androidx.annotation  (androidx.annotation::annotation)
02:47:59 INFO  LibraryIdentifier         :     - Found lib root package androidx.appcompat  (androidx.appcompat::appcompat)
02:47:59 INFO  LibraryIdentifier         :     - Found lib root package androidx.arch.core  (androidx.arch.core::core-common)
02:47:59 INFO  LibraryIdentifier         :     - Found lib root package androidx.arch.core.executor  (androidx.arch.core::core-runtime)
02:47:59 INFO  LibraryIdentifier         :     - Found lib root package androidx.asynclayoutinflater.view  (androidx.asynclayoutinflater::asynclayoutinflater)
02:47:59 INFO  LibraryIdentifier         :     - Found lib root package androidx.collection  (androidx.collection::collection)
02:47:59 INFO  LibraryIdentifier         :     - Found lib root package androidx.collection  (androidx.collection::collection-ktx)
02:47:59 INFO  LibraryIdentifier         :     - Found lib root package androidx.constraintlayout.widget  (androidx.constraintlayout::constraintlayout)
02:47:59 INFO  LibraryIdentifier         :     - Found lib root package androidx.coordinatorlayout.widget  (androidx.coordinatorlayout::coordinatorlayout)
02:47:59 INFO  LibraryIdentifier         :     - Found lib root package androidx.core  (androidx.core::core)
02:47:59 INFO  LibraryIdentifier         :     - Found lib root package androidx  (androidx.core::core-ktx)
02:47:59 INFO  LibraryIdentifier         :     - Found lib root package androidx.cursoradapter.widget  (androidx.cursoradapter::cursoradapter)
02:47:59 INFO  LibraryIdentifier         :     - Found lib root package androidx.customview  (androidx.customview::customview)
02:47:59 INFO  LibraryIdentifier         :     - Found lib root package androidx.documentfile.provider  (androidx.documentfile::documentfile)
02:47:59 INFO  LibraryIdentifier         :     - Found lib root package androidx.drawerlayout.widget  (androidx.drawerlayout::drawerlayout)
02:47:59 INFO  LibraryIdentifier         :     - Found lib root package androidx.fragment.app  (androidx.fragment::fragment)
02:47:59 INFO  LibraryIdentifier         :     - Found lib root package androidx.fragment.app  (androidx.fragment::fragment-ktx)
02:47:59 INFO  LibraryIdentifier         :     - Found lib root package androidx.interpolator.view.animation  (androidx.interpolator::interpolator)
02:47:59 INFO  LibraryIdentifier         :     - Found lib root package androidx.legacy  (androidx.legacy::legacy-support-core-ui)
02:47:59 INFO  LibraryIdentifier         :     - Found lib root package androidx.legacy.content  (androidx.legacy::legacy-support-core-utils)
02:47:59 INFO  LibraryIdentifier         :     - Found lib root package androidx.legacy  (androidx.legacy::legacy-support-v13)
02:47:59 INFO  LibraryIdentifier         :     - Found lib root package androidx.lifecycle  (androidx.lifecycle::lifecycle-common)
02:47:59 INFO  LibraryIdentifier         :     - Found lib root package androidx.lifecycle  (androidx.lifecycle::lifecycle-common-java8)
02:47:59 INFO  LibraryIdentifier         :     - Found lib root package androidx.lifecycle  (androidx.lifecycle::lifecycle-compiler)
02:47:59 INFO  LibraryIdentifier         :     - Found lib root package androidx.lifecycle  (androidx.lifecycle::lifecycle-extensions)
02:47:59 INFO  LibraryIdentifier         :     - Found lib root package androidx.lifecycle  (androidx.lifecycle::lifecycle-livedata)
02:47:59 INFO  LibraryIdentifier         :     - Found lib root package androidx.lifecycle  (androidx.lifecycle::lifecycle-livedata-core)
02:47:59 INFO  LibraryIdentifier         :     - Found lib root package androidx.lifecycle  (androidx.lifecycle::lifecycle-process)
02:47:59 INFO  LibraryIdentifier         :     - Found lib root package androidx.lifecycle  (androidx.lifecycle::lifecycle-reactivestreams)
02:47:59 INFO  LibraryIdentifier         :     - Found lib root package androidx.lifecycle  (androidx.lifecycle::lifecycle-reactivestreams-ktx)
02:47:59 INFO  LibraryIdentifier         :     - Found lib root package androidx.lifecycle  (androidx.lifecycle::lifecycle-runtime)
02:47:59 INFO  LibraryIdentifier         :     - Found lib root package androidx.lifecycle  (androidx.lifecycle::lifecycle-service)
02:47:59 INFO  LibraryIdentifier         :     - Found lib root package androidx.lifecycle  (androidx.lifecycle::lifecycle-viewmodel)
02:47:59 INFO  LibraryIdentifier         :     - Found lib root package androidx.lifecycle  (androidx.lifecycle::lifecycle-viewmodel-ktx)
02:47:59 INFO  LibraryIdentifier         :     - Found lib root package androidx.loader  (androidx.loader::loader)
02:47:59 INFO  LibraryIdentifier         :     - Found lib root package androidx.localbroadcastmanager.content  (androidx.localbroadcastmanager::localbroadcastmanager)
02:47:59 INFO  LibraryIdentifier         :     - Found lib root package androidx.preference  (androidx.preference::preference)
02:47:59 INFO  LibraryIdentifier         :     - Found lib root package androidx.preference  (androidx.preference::preference-ktx)
02:47:59 INFO  LibraryIdentifier         :     - Found lib root package androidx.print  (androidx.print::print)
02:47:59 INFO  LibraryIdentifier         :     - Found lib root package androidx.recyclerview.widget  (androidx.recyclerview::recyclerview)
02:47:59 INFO  LibraryIdentifier         :     - Found lib root package androidx.slidingpanelayout.widget  (androidx.slidingpanelayout::slidingpanelayout)
02:47:59 INFO  LibraryIdentifier         :     - Found lib root package androidx.swiperefreshlayout.widget  (androidx.swiperefreshlayout::swiperefreshlayout)
02:47:59 INFO  LibraryIdentifier         :     - Found lib root package androidx.vectordrawable.graphics.drawable  (androidx.vectordrawable::vectordrawable)
02:47:59 INFO  LibraryIdentifier         :     - Found lib root package androidx.vectordrawable.graphics.drawable  (androidx.vectordrawable::vectordrawable-animated)
02:47:59 INFO  LibraryIdentifier         :     - Found lib root package androidx.versionedparcelable  (androidx.versionedparcelable::versionedparcelable)
02:47:59 INFO  LibraryIdentifier         :     - Found lib root package androidx.viewpager.widget  (androidx.viewpager::viewpager)
02:47:59 INFO  LibraryIdentifier         :     - Found lib root package android.support.v4  (com.android.support::customview)
02:47:59 INFO  LibraryIdentifier         :     - Found lib root package android.support.v4  (com.android.support::loader)
02:47:59 INFO  LibraryIdentifier         :     - Found lib root package android.support.v4  (com.android.support::support-compat)
02:47:59 INFO  LibraryIdentifier         :     - Found lib root package android.support.v4  (com.android.support::support-core-ui)
02:47:59 INFO  LibraryIdentifier         :     - Found lib root package android.support.v4  (com.android.support::support-core-utils)
02:47:59 INFO  LibraryIdentifier         :     - Found lib root package android.support.v4.app  (com.android.support::support-fragment)
02:47:59 INFO  LibraryIdentifier         :     - Found lib root package android.support.v4  (com.android.support::support-v4)
02:47:59 INFO  LibraryIdentifier         :     - Found lib root package androidx.versionedparcelable  (com.android.support::versionedparcelable)
02:47:59 INFO  LibraryIdentifier         :     - Found lib root package okio  (okio)
02:47:59 INFO  LibraryIdentifier         : 
02:47:59 INFO  LibraryIdentifier         : = Match profiles =
02:48:28 INFO  LibraryIdentifier         :     >> profile matching done (29 sec, 547 ms)
02:48:28 INFO  LibraryIdentifier         : 
02:48:28 INFO  LibraryIdentifier         : == Report ==
02:48:28 INFO  LibraryIdentifier         : - Full library matches:
02:48:28 INFO  ProfileMatch              :                 name: androidx.customview::customview
02:48:28 INFO  ProfileMatch              :             category: Android
02:48:28 INFO  ProfileMatch              :              version: 1.0.0  [OLD VERSION]
02:48:28 INFO  ProfileMatch              :         release-date:  --
02:48:28 INFO  ProfileMatch              :     lib root package: "androidx.customview"
02:48:28 INFO  ProfileMatch              : 
02:48:28 INFO  ProfileMatch              :                 name: androidx.appcompat::appcompat
02:48:28 INFO  ProfileMatch              :             category: Android
02:48:28 INFO  ProfileMatch              :              version: 1.4.0  [OLD VERSION]
02:48:28 INFO  ProfileMatch              :         release-date:  --
02:48:28 INFO  ProfileMatch              :     lib root package: "androidx.appcompat"
02:48:28 INFO  ProfileMatch              : 
02:48:28 INFO  ProfileMatch              :                 name: androidx.cursoradapter::cursoradapter
02:48:28 INFO  ProfileMatch              :             category: Android
02:48:28 INFO  ProfileMatch              :              version: 1.0.0
02:48:28 INFO  ProfileMatch              :         release-date:  --
02:48:28 INFO  ProfileMatch              :     lib root package: "androidx.cursoradapter.widget"
02:48:28 INFO  ProfileMatch              : 
02:48:28 INFO  ProfileMatch              :                 name: okio
02:48:28 INFO  ProfileMatch              :             category: Utilities
02:48:28 INFO  ProfileMatch              :              version: 1.15.0  [OLD VERSION]
02:48:28 INFO  ProfileMatch              :         release-date: 19.07.2018
02:48:28 INFO  ProfileMatch              :     lib root package: "okio"
02:48:28 INFO  ProfileMatch              : 
02:48:28 INFO  ProfileMatch              :                 name: androidx.recyclerview::recyclerview
02:48:28 INFO  ProfileMatch              :             category: Android
02:48:28 INFO  ProfileMatch              :              version: 1.0.0  [OLD VERSION]
02:48:28 INFO  ProfileMatch              :         release-date:  --
02:48:28 INFO  ProfileMatch              :     lib root package: "androidx.recyclerview.widget"
02:48:28 INFO  ProfileMatch              : 
02:48:28 INFO  ProfileMatch              :                 name: com.android.support::loader
02:48:28 INFO  ProfileMatch              :             category: Android
02:48:28 INFO  ProfileMatch              :              version: 28.0.0
02:48:28 INFO  ProfileMatch              :         release-date:  --
02:48:28 INFO  ProfileMatch              :     lib root package: "android.support.v4"  (in app: "androidx.loader")
02:48:28 INFO  ProfileMatch              : 
02:48:28 INFO  ProfileMatch              :                 name: OkHttp
02:48:28 INFO  ProfileMatch              :             category: Utilities
02:48:28 INFO  ProfileMatch              :              version: 3.12.0  [OLD VERSION]
02:48:28 INFO  ProfileMatch              :         release-date: 17.11.2018
02:48:28 INFO  ProfileMatch              :     lib root package: "okhttp3"
02:48:28 INFO  ProfileMatch              : 
02:48:28 INFO  ProfileMatch              :                 name: OkHttp
02:48:28 INFO  ProfileMatch              :             category: Utilities
02:48:28 INFO  ProfileMatch              :              version: 3.12.1  [OLD VERSION]
02:48:28 INFO  ProfileMatch              :         release-date: 23.12.2018
02:48:28 INFO  ProfileMatch              :     lib root package: "okhttp3"
02:48:28 INFO  ProfileMatch              : 
02:48:28 INFO  ProfileMatch              :                 name: OkHttp
02:48:28 INFO  ProfileMatch              :             category: Utilities
02:48:28 INFO  ProfileMatch              :              version: 3.12.2  [OLD VERSION]
02:48:28 INFO  ProfileMatch              :         release-date: 14.03.2019
02:48:28 INFO  ProfileMatch              :     lib root package: "okhttp3"
02:48:28 INFO  ProfileMatch              : 
02:48:28 INFO  ProfileMatch              :                 name: OkHttp
02:48:28 INFO  ProfileMatch              :             category: Utilities
02:48:28 INFO  ProfileMatch              :              version: 3.12.3  [OLD VERSION]
02:48:28 INFO  ProfileMatch              :         release-date: 07.05.2019
02:48:28 INFO  ProfileMatch              :     lib root package: "okhttp3"
02:48:28 INFO  ProfileMatch              : 
02:48:28 INFO  ProfileMatch              :                 name: androidx.annotation::annotation
02:48:28 INFO  ProfileMatch              :             category: Android
02:48:28 INFO  ProfileMatch              :              version: 1.0.1  [OLD VERSION]
02:48:28 INFO  ProfileMatch              :         release-date:  --
02:48:28 INFO  ProfileMatch              :     lib root package: "androidx.annotation"
02:48:28 INFO  ProfileMatch              : 
02:48:28 INFO  ProfileMatch              :                 name: androidx.annotation::annotation
02:48:28 INFO  ProfileMatch              :             category: Android
02:48:28 INFO  ProfileMatch              :              version: 1.0.2  [OLD VERSION]
02:48:28 INFO  ProfileMatch              :         release-date:  --
02:48:28 INFO  ProfileMatch              :     lib root package: "androidx.annotation"
02:48:28 INFO  ProfileMatch              : 
02:48:28 INFO  ProfileMatch              :                 name: androidx.annotation::annotation
02:48:28 INFO  ProfileMatch              :             category: Android
02:48:28 INFO  ProfileMatch              :              version: 1.1.0  [OLD VERSION]
02:48:28 INFO  ProfileMatch              :         release-date:  --
02:48:28 INFO  ProfileMatch              :     lib root package: "androidx.annotation"
02:48:28 INFO  ProfileMatch              : 
02:48:28 INFO  ProfileMatch              :                 name: androidx.annotation::annotation
02:48:28 INFO  ProfileMatch              :             category: Android
02:48:28 INFO  ProfileMatch              :              version: 1.2.0  [OLD VERSION]
02:48:28 INFO  ProfileMatch              :         release-date:  --
02:48:28 INFO  ProfileMatch              :     lib root package: "androidx.annotation"
02:48:28 INFO  ProfileMatch              : 
02:48:28 INFO  ProfileMatch              :                 name: androidx.annotation::annotation
02:48:28 INFO  ProfileMatch              :             category: Android
02:48:28 INFO  ProfileMatch              :              version: 1.3.0  [OLD VERSION]
02:48:28 INFO  ProfileMatch              :         release-date:  --
02:48:28 INFO  ProfileMatch              :     lib root package: "androidx.annotation"
02:48:28 INFO  ProfileMatch              : 
02:48:28 INFO  ProfileMatch              :                 name: androidx.annotation::annotation
02:48:28 INFO  ProfileMatch              :             category: Android
02:48:28 INFO  ProfileMatch              :              version: 1.4.0
02:48:28 INFO  ProfileMatch              :         release-date:  --
02:48:28 INFO  ProfileMatch              :     lib root package: "androidx.annotation"
02:48:28 INFO  ProfileMatch              : 
02:48:28 INFO  ProfileMatch              :                 name: androidx.preference::preference
02:48:28 INFO  ProfileMatch              :             category: Android
02:48:28 INFO  ProfileMatch              :              version: 1.1.0  [OLD VERSION]
02:48:28 INFO  ProfileMatch              :         release-date:  --
02:48:28 INFO  ProfileMatch              :     lib root package: "androidx.preference"
02:48:28 INFO  ProfileMatch              : 
02:48:28 INFO  ProfileMatch              :                 name: androidx.preference::preference
02:48:28 INFO  ProfileMatch              :             category: Android
02:48:28 INFO  ProfileMatch              :              version: 1.1.1  [OLD VERSION]
02:48:28 INFO  ProfileMatch              :         release-date:  --
02:48:28 INFO  ProfileMatch              :     lib root package: "androidx.preference"
02:48:28 INFO  ProfileMatch              : 
02:48:28 INFO  ProfileMatch              :                 name: androidx.coordinatorlayout::coordinatorlayout
02:48:28 INFO  ProfileMatch              :             category: Android
02:48:28 INFO  ProfileMatch              :              version: 1.0.0  [OLD VERSION]
02:48:28 INFO  ProfileMatch              :         release-date:  --
02:48:28 INFO  ProfileMatch              :     lib root package: "androidx.coordinatorlayout.widget"
02:48:28 INFO  ProfileMatch              : 
02:48:28 INFO  ProfileMatch              :                 name: androidx.swiperefreshlayout::swiperefreshlayout
02:48:28 INFO  ProfileMatch              :             category: Android
02:48:28 INFO  ProfileMatch              :              version: 1.0.0  [OLD VERSION]
02:48:28 INFO  ProfileMatch              :         release-date:  --
02:48:28 INFO  ProfileMatch              :     lib root package: "androidx.swiperefreshlayout.widget"
02:48:28 INFO  ProfileMatch              : 
02:48:28 INFO  ProfileMatch              :                 name: com.android.support::localbroadcastmanager
02:48:28 INFO  ProfileMatch              :             category: Android
02:48:28 INFO  ProfileMatch              :              version: 28.0.0
02:48:28 INFO  ProfileMatch              :         release-date:  --
02:48:28 INFO  ProfileMatch              :     lib root package: "android.support.v4.content"  (in app: "androidx.localbroadcastmanager.content")
02:48:28 INFO  ProfileMatch              : 
02:48:28 INFO  ProfileMatch              :                 name: androidx.constraintlayout::constraintlayout
02:48:28 INFO  ProfileMatch              :             category: Android
02:48:28 INFO  ProfileMatch              :              version: 2.1.2  [OLD VERSION]
02:48:28 INFO  ProfileMatch              :         release-date:  --
02:48:28 INFO  ProfileMatch              :     lib root package: "androidx.constraintlayout"
02:48:28 INFO  ProfileMatch              : 
02:48:28 INFO  ProfileMatch              :                 name: com.android.support::customview
02:48:28 INFO  ProfileMatch              :             category: Android
02:48:28 INFO  ProfileMatch              :              version: 28.0.0
02:48:28 INFO  ProfileMatch              :         release-date:  --
02:48:28 INFO  ProfileMatch              :     lib root package: "android.support.v4"  (in app: "androidx.customview")
02:48:28 INFO  ProfileMatch              : 
02:48:28 INFO  ProfileMatch              :                 name: com.android.support::drawerlayout
02:48:28 INFO  ProfileMatch              :             category: Android
02:48:28 INFO  ProfileMatch              :              version: 28.0.0
02:48:28 INFO  ProfileMatch              :         release-date:  --
02:48:28 INFO  ProfileMatch              :     lib root package: "android.support.v4.widget"  (in app: "androidx.drawerlayout.widget")
02:48:28 INFO  ProfileMatch              : 
02:48:28 INFO  ProfileMatch              :                 name: androidx.loader::loader
02:48:28 INFO  ProfileMatch              :             category: Android
02:48:28 INFO  ProfileMatch              :              version: 1.0.0  [OLD VERSION]
02:48:28 INFO  ProfileMatch              :         release-date:  --
02:48:28 INFO  ProfileMatch              :     lib root package: "androidx.loader"
02:48:28 INFO  ProfileMatch              : 
02:48:28 INFO  ProfileMatch              :                 name: androidx.print::print
02:48:28 INFO  ProfileMatch              :             category: Android
02:48:28 INFO  ProfileMatch              :              version: 1.0.0
02:48:28 INFO  ProfileMatch              :         release-date:  --
02:48:28 INFO  ProfileMatch              :     lib root package: "androidx.print"
02:48:28 INFO  ProfileMatch              : 
02:48:28 INFO  ProfileMatch              :                 name: androidx.drawerlayout::drawerlayout
02:48:28 INFO  ProfileMatch              :             category: Android
02:48:28 INFO  ProfileMatch              :              version: 1.0.0  [OLD VERSION]
02:48:28 INFO  ProfileMatch              :         release-date:  --
02:48:28 INFO  ProfileMatch              :     lib root package: "androidx.drawerlayout.widget"
02:48:28 INFO  ProfileMatch              : 
02:48:28 INFO  ProfileMatch              :                 name: com.android.support::support-core-utils
02:48:28 INFO  ProfileMatch              :             category: Android
02:48:28 INFO  ProfileMatch              :              version: 28.0.0
02:48:28 INFO  ProfileMatch              :         release-date:  --
02:48:28 INFO  ProfileMatch              :     lib root package: "android.support.v4.content"  (in app: "androidx.legacy.content")
02:48:28 INFO  ProfileMatch              : 
02:48:28 INFO  ProfileMatch              :                 name: com.android.support::swiperefreshlayout
02:48:28 INFO  ProfileMatch              :             category: Android
02:48:28 INFO  ProfileMatch              :              version: 28.0.0
02:48:28 INFO  ProfileMatch              :         release-date:  --
02:48:28 INFO  ProfileMatch              :     lib root package: "android.support.v4.widget"  (in app: "androidx.swiperefreshlayout.widget")
02:48:28 INFO  ProfileMatch              : 
02:48:28 INFO  ProfileMatch              :                 name: com.android.support::print
02:48:28 INFO  ProfileMatch              :             category: Android
02:48:28 INFO  ProfileMatch              :              version: 28.0.0
02:48:28 INFO  ProfileMatch              :         release-date:  --
02:48:28 INFO  ProfileMatch              :     lib root package: "android.support.v4.print"  (in app: "androidx.print")
02:48:28 INFO  ProfileMatch              : 
02:48:28 INFO  ProfileMatch              :                 name: androidx.arch.core::core-runtime
02:48:28 INFO  ProfileMatch              :             category: Android
02:48:28 INFO  ProfileMatch              :              version: 2.1.0
02:48:28 INFO  ProfileMatch              :         release-date:  --
02:48:28 INFO  ProfileMatch              :     lib root package: "androidx.arch.core.executor"
02:48:28 INFO  ProfileMatch              : 
02:48:28 INFO  ProfileMatch              :                 name: MapBox
02:48:28 INFO  ProfileMatch              :             category: Utilities
02:48:28 INFO  ProfileMatch              :              version: 9.2.0  [OLD VERSION]
02:48:28 INFO  ProfileMatch              :         release-date: 07.05.2020
02:48:28 INFO  ProfileMatch              :     lib root package: "com.mapbox.mapboxsdk"
02:48:28 INFO  ProfileMatch              : 
02:48:28 INFO  ProfileMatch              :                 name: MapBox
02:48:28 INFO  ProfileMatch              :             category: Utilities
02:48:28 INFO  ProfileMatch              :              version: 9.2.1
02:48:28 INFO  ProfileMatch              :         release-date: 14.05.2020
02:48:28 INFO  ProfileMatch              :     lib root package: "com.mapbox.mapboxsdk"
02:48:28 INFO  ProfileMatch              : 
02:48:28 INFO  ProfileMatch              :                 name: com.google.firebase::firebase-ml-vision-image-label-model
02:48:28 INFO  ProfileMatch              :             category: Android
02:48:28 INFO  ProfileMatch              :              version: 20.0.0  [OLD VERSION]
02:48:28 INFO  ProfileMatch              :         release-date:  --
02:48:28 INFO  ProfileMatch              :     lib root package: "com.google.firebase.ml.vision.imagelabel"  (in app: "com.mapbox.geojson.constants")
02:48:28 INFO  ProfileMatch              : 
02:48:28 INFO  ProfileMatch              :                 name: com.google.firebase::firebase-ml-vision-image-label-model
02:48:28 INFO  ProfileMatch              :             category: Android
02:48:28 INFO  ProfileMatch              :              version: 20.0.1  [OLD VERSION]
02:48:28 INFO  ProfileMatch              :         release-date:  --
02:48:28 INFO  ProfileMatch              :     lib root package: "com.google.firebase.ml.vision.imagelabel"  (in app: "com.mapbox.geojson.constants")
02:48:28 INFO  ProfileMatch              : 
02:48:28 INFO  ProfileMatch              :                 name: com.google.firebase::firebase-ml-vision-image-label-model
02:48:28 INFO  ProfileMatch              :             category: Android
02:48:28 INFO  ProfileMatch              :              version: 20.0.2
02:48:28 INFO  ProfileMatch              :         release-date:  --
02:48:28 INFO  ProfileMatch              :     lib root package: "com.google.firebase.ml.vision.imagelabel"  (in app: "com.mapbox.geojson.constants")
02:48:28 INFO  ProfileMatch              : 
02:48:28 INFO  ProfileMatch              :                 name: com.android.support::asynclayoutinflater
02:48:28 INFO  ProfileMatch              :             category: Android
02:48:28 INFO  ProfileMatch              :              version: 28.0.0
02:48:28 INFO  ProfileMatch              :         release-date:  --
02:48:28 INFO  ProfileMatch              :     lib root package: "android.support.v4.view"  (in app: "androidx.asynclayoutinflater.view")
02:48:28 INFO  ProfileMatch              : 
02:48:29 INFO  ProfileMatch              :                 name: androidx.arch.core::core-common
02:48:29 INFO  ProfileMatch              :             category: Android
02:48:29 INFO  ProfileMatch              :              version: 2.0.0  [OLD VERSION]
02:48:29 INFO  ProfileMatch              :         release-date:  --
02:48:29 INFO  ProfileMatch              :     lib root package: "androidx.arch.core"
02:48:29 INFO  ProfileMatch              : 
02:48:29 INFO  ProfileMatch              :                 name: androidx.arch.core::core-common
02:48:29 INFO  ProfileMatch              :             category: Android
02:48:29 INFO  ProfileMatch              :              version: 2.0.1  [OLD VERSION]
02:48:29 INFO  ProfileMatch              :         release-date:  --
02:48:29 INFO  ProfileMatch              :     lib root package: "androidx.arch.core"
02:48:29 INFO  ProfileMatch              : 
02:48:29 INFO  ProfileMatch              :                 name: androidx.arch.core::core-common
02:48:29 INFO  ProfileMatch              :             category: Android
02:48:29 INFO  ProfileMatch              :              version: 2.1.0
02:48:29 INFO  ProfileMatch              :         release-date:  --
02:48:29 INFO  ProfileMatch              :     lib root package: "androidx.arch.core"
02:48:29 INFO  ProfileMatch              : 
02:48:29 INFO  ProfileMatch              :                 name: com.android.support::slidingpanelayout
02:48:29 INFO  ProfileMatch              :             category: Android
02:48:29 INFO  ProfileMatch              :              version: 28.0.0
02:48:29 INFO  ProfileMatch              :         release-date:  --
02:48:29 INFO  ProfileMatch              :     lib root package: "android.support.v4.widget"  (in app: "androidx.slidingpanelayout.widget")
02:48:29 INFO  ProfileMatch              : 
02:48:29 INFO  ProfileMatch              :                 name: androidx.core::core
02:48:29 INFO  ProfileMatch              :             category: Android
02:48:29 INFO  ProfileMatch              :              version: 1.7.0  [OLD VERSION]
02:48:29 INFO  ProfileMatch              :         release-date:  --
02:48:29 INFO  ProfileMatch              :     lib root package: "androidx.core"
02:48:29 INFO  ProfileMatch              : 
02:48:29 INFO  ProfileMatch              :                 name: androidx.versionedparcelable::versionedparcelable  [OLD VERSION]
02:48:29 INFO  ProfileMatch              :             category: Android
02:48:29 INFO  ProfileMatch              :              version: 1.1.0  [OLD VERSION]
02:48:29 INFO  ProfileMatch              :         release-date:  --
02:48:29 INFO  ProfileMatch              :     lib root package: "androidx.versionedparcelable"
02:48:29 INFO  ProfileMatch              : 
02:48:29 INFO  ProfileMatch              :                 name: androidx.versionedparcelable::versionedparcelable
02:48:29 INFO  ProfileMatch              :             category: Android
02:48:29 INFO  ProfileMatch              :              version: 1.1.1
02:48:29 INFO  ProfileMatch              :         release-date:  --
02:48:29 INFO  ProfileMatch              :     lib root package: "androidx.versionedparcelable"
02:48:29 INFO  ProfileMatch              : 
02:48:29 INFO  ProfileMatch              :                 name: androidx.collection::collection
02:48:29 INFO  ProfileMatch              :             category: Android
02:48:29 INFO  ProfileMatch              :              version: 1.1.0  [OLD VERSION]
02:48:29 INFO  ProfileMatch              :         release-date:  --
02:48:29 INFO  ProfileMatch              :     lib root package: "androidx.collection"
02:48:29 INFO  ProfileMatch              : 
02:48:29 INFO  ProfileMatch              :                 name: androidx.palette::palette-ktx
02:48:29 INFO  ProfileMatch              :             category: Android
02:48:29 INFO  ProfileMatch              :              version: 1.0.0
02:48:29 INFO  ProfileMatch              :         release-date:  --
02:48:29 INFO  ProfileMatch              :     lib root package: "androidx.palette.graphics"  (in app: "com.google.gson")
02:48:29 INFO  ProfileMatch              : 
02:48:29 INFO  ProfileMatch              :                 name: com.android.support::cursoradapter
02:48:29 INFO  ProfileMatch              :             category: Android
02:48:29 INFO  ProfileMatch              :              version: 28.0.0
02:48:29 INFO  ProfileMatch              :         release-date:  --
02:48:29 INFO  ProfileMatch              :     lib root package: "android.support.v4.widget"  (in app: "androidx.cursoradapter.widget")
02:48:29 INFO  ProfileMatch              : 
02:48:29 INFO  ProfileMatch              :                 name: androidx.slidingpanelayout::slidingpanelayout
02:48:29 INFO  ProfileMatch              :             category: Android
02:48:29 INFO  ProfileMatch              :              version: 1.0.0  [OLD VERSION]
02:48:29 INFO  ProfileMatch              :         release-date:  --
02:48:29 INFO  ProfileMatch              :     lib root package: "androidx.slidingpanelayout.widget"
02:48:29 INFO  ProfileMatch              : 
02:48:29 INFO  ProfileMatch              :                 name: androidx.legacy::legacy-support-core-ui
02:48:29 INFO  ProfileMatch              :             category: Android
02:48:29 INFO  ProfileMatch              :              version: 1.0.0
02:48:29 INFO  ProfileMatch              :         release-date:  --
02:48:29 INFO  ProfileMatch              :     lib root package: "androidx.legacy"
02:48:29 INFO  ProfileMatch              : 
02:48:29 INFO  ProfileMatch              :                 name: com.android.support::interpolator
02:48:29 INFO  ProfileMatch              :             category: Android
02:48:29 INFO  ProfileMatch              :              version: 28.0.0
02:48:29 INFO  ProfileMatch              :         release-date:  --
02:48:29 INFO  ProfileMatch              :     lib root package: "android.support.v4.view.animation"  (in app: "androidx.interpolator.view.animation")
02:48:29 INFO  ProfileMatch              : 
02:48:29 INFO  ProfileMatch              :                 name: androidx.interpolator::interpolator
02:48:29 INFO  ProfileMatch              :             category: Android
02:48:29 INFO  ProfileMatch              :              version: 1.0.0
02:48:29 INFO  ProfileMatch              :         release-date:  --
02:48:29 INFO  ProfileMatch              :     lib root package: "androidx.interpolator.view.animation"
02:48:29 INFO  ProfileMatch              : 
02:48:29 INFO  ProfileMatch              :                 name: androidx.fragment::fragment
02:48:29 INFO  ProfileMatch              :             category: Android
02:48:29 INFO  ProfileMatch              :              version: 1.3.4  [OLD VERSION]
02:48:29 INFO  ProfileMatch              :         release-date:  --
02:48:29 INFO  ProfileMatch              :     lib root package: "androidx.fragment.app"
02:48:29 INFO  ProfileMatch              : 
02:48:29 INFO  ProfileMatch              :                 name: androidx.fragment::fragment
02:48:29 INFO  ProfileMatch              :             category: Android
02:48:29 INFO  ProfileMatch              :              version: 1.3.5  [OLD VERSION]
02:48:29 INFO  ProfileMatch              :         release-date:  --
02:48:29 INFO  ProfileMatch              :     lib root package: "androidx.fragment.app"
02:48:29 INFO  ProfileMatch              : 
02:48:29 INFO  ProfileMatch              :                 name: androidx.fragment::fragment
02:48:29 INFO  ProfileMatch              :             category: Android
02:48:29 INFO  ProfileMatch              :              version: 1.3.6  [OLD VERSION]
02:48:29 INFO  ProfileMatch              :         release-date:  --
02:48:29 INFO  ProfileMatch              :     lib root package: "androidx.fragment.app"
02:48:29 INFO  ProfileMatch              : 
02:48:29 INFO  ProfileMatch              :                 name: androidx.documentfile::documentfile
02:48:29 INFO  ProfileMatch              :             category: Android
02:48:29 INFO  ProfileMatch              :              version: 1.0.0  [OLD VERSION]
02:48:29 INFO  ProfileMatch              :         release-date:  --
02:48:29 INFO  ProfileMatch              :     lib root package: "androidx.documentfile.provider"
02:48:29 INFO  ProfileMatch              : 
02:48:29 INFO  ProfileMatch              :                 name: androidx.documentfile::documentfile
02:48:29 INFO  ProfileMatch              :             category: Android
02:48:29 INFO  ProfileMatch              :              version: 1.0.1
02:48:29 INFO  ProfileMatch              :         release-date:  --
02:48:29 INFO  ProfileMatch              :     lib root package: "androidx.documentfile.provider"
02:48:29 INFO  ProfileMatch              : 
02:48:29 INFO  ProfileMatch              :                 name: androidx.asynclayoutinflater::asynclayoutinflater
02:48:29 INFO  ProfileMatch              :             category: Android
02:48:29 INFO  ProfileMatch              :              version: 1.0.0
02:48:29 INFO  ProfileMatch              :         release-date:  --
02:48:29 INFO  ProfileMatch              :     lib root package: "androidx.asynclayoutinflater.view"
02:48:29 INFO  ProfileMatch              : 
02:48:29 INFO  ProfileMatch              :                 name: com.android.support::support-core-ui
02:48:29 INFO  ProfileMatch              :             category: Android
02:48:29 INFO  ProfileMatch              :              version: 28.0.0
02:48:29 INFO  ProfileMatch              :         release-date:  --
02:48:29 INFO  ProfileMatch              :     lib root package: "android.support.v4"  (in app: "androidx.legacy")
02:48:29 INFO  ProfileMatch              : 
02:48:29 INFO  ProfileMatch              :                 name: Facebook
02:48:29 INFO  ProfileMatch              :             category: SocialMedia
02:48:29 INFO  ProfileMatch              :              version: 4.27.0  [OLD VERSION]
02:48:29 INFO  ProfileMatch              :         release-date: 26.09.2017
02:48:29 INFO  ProfileMatch              :     lib root package: "com.facebook.all"  (in app: "com.mapbox.geojson.constants")
02:48:29 INFO  ProfileMatch              : 
02:48:29 INFO  ProfileMatch              :                 name: Facebook
02:48:29 INFO  ProfileMatch              :             category: SocialMedia
02:48:29 INFO  ProfileMatch              :              version: 4.28.0  [OLD VERSION]
02:48:29 INFO  ProfileMatch              :         release-date: 07.11.2017
02:48:29 INFO  ProfileMatch              :     lib root package: "com.facebook.all"  (in app: "com.mapbox.geojson.constants")
02:48:29 INFO  ProfileMatch              : 
02:48:29 INFO  ProfileMatch              :                 name: Facebook
02:48:29 INFO  ProfileMatch              :             category: SocialMedia
02:48:29 INFO  ProfileMatch              :              version: 4.29.0  [OLD VERSION]
02:48:29 INFO  ProfileMatch              :         release-date: 05.12.2017
02:48:29 INFO  ProfileMatch              :     lib root package: "com.facebook.all"  (in app: "com.mapbox.geojson.constants")
02:48:29 INFO  ProfileMatch              : 
02:48:29 INFO  ProfileMatch              :                 name: Facebook
02:48:29 INFO  ProfileMatch              :             category: SocialMedia
02:48:29 INFO  ProfileMatch              :              version: 4.30.0  [OLD VERSION]
02:48:29 INFO  ProfileMatch              :         release-date: 24.01.2018
02:48:29 INFO  ProfileMatch              :     lib root package: "com.facebook.all"  (in app: "com.mapbox.geojson.constants")
02:48:29 INFO  ProfileMatch              : 
02:48:29 INFO  ProfileMatch              :                 name: Facebook
02:48:29 INFO  ProfileMatch              :             category: SocialMedia
02:48:29 INFO  ProfileMatch              :              version: 4.31.0  [OLD VERSION]
02:48:29 INFO  ProfileMatch              :         release-date: 28.02.2018
02:48:29 INFO  ProfileMatch              :     lib root package: "com.facebook.all"  (in app: "com.mapbox.geojson.constants")
02:48:29 INFO  ProfileMatch              : 
02:48:29 INFO  ProfileMatch              :                 name: Facebook
02:48:29 INFO  ProfileMatch              :             category: SocialMedia
02:48:29 INFO  ProfileMatch              :              version: 4.32.0  [OLD VERSION]
02:48:29 INFO  ProfileMatch              :         release-date: 11.04.2018
02:48:29 INFO  ProfileMatch              :     lib root package: "com.facebook.all"  (in app: "com.mapbox.geojson.constants")
02:48:29 INFO  ProfileMatch              : 
02:48:29 INFO  ProfileMatch              :                 name: Facebook
02:48:29 INFO  ProfileMatch              :             category: SocialMedia
02:48:29 INFO  ProfileMatch              :              version: 4.33.0  [OLD VERSION]
02:48:29 INFO  ProfileMatch              :         release-date: 01.05.2018
02:48:29 INFO  ProfileMatch              :     lib root package: "com.facebook.all"  (in app: "com.mapbox.geojson.constants")
02:48:29 INFO  ProfileMatch              : 
02:48:29 INFO  ProfileMatch              :                 name: Facebook
02:48:29 INFO  ProfileMatch              :             category: SocialMedia
02:48:29 INFO  ProfileMatch              :              version: 4.34.0  [OLD VERSION]
02:48:29 INFO  ProfileMatch              :         release-date: 19.06.2018
02:48:29 INFO  ProfileMatch              :     lib root package: "com.facebook.all"  (in app: "com.mapbox.geojson.constants")
02:48:29 INFO  ProfileMatch              : 
02:48:29 INFO  ProfileMatch              :                 name: Facebook
02:48:29 INFO  ProfileMatch              :             category: SocialMedia
02:48:29 INFO  ProfileMatch              :              version: 4.35.0  [OLD VERSION]
02:48:29 INFO  ProfileMatch              :         release-date: 26.07.2018
02:48:29 INFO  ProfileMatch              :     lib root package: "com.facebook.all"  (in app: "com.mapbox.geojson.constants")
02:48:29 INFO  ProfileMatch              : 
02:48:29 INFO  ProfileMatch              :                 name: Facebook
02:48:29 INFO  ProfileMatch              :             category: SocialMedia
02:48:29 INFO  ProfileMatch              :              version: 4.36.0  [OLD VERSION]
02:48:29 INFO  ProfileMatch              :         release-date: 29.08.2018
02:48:29 INFO  ProfileMatch              :     lib root package: "com.facebook.all"  (in app: "com.mapbox.geojson.constants")
02:48:29 INFO  ProfileMatch              : 
02:48:29 INFO  ProfileMatch              :                 name: Facebook
02:48:29 INFO  ProfileMatch              :             category: SocialMedia
02:48:29 INFO  ProfileMatch              :              version: 4.36.1  [OLD VERSION]
02:48:29 INFO  ProfileMatch              :         release-date: 15.09.2018
02:48:29 INFO  ProfileMatch              :     lib root package: "com.facebook.all"  (in app: "com.mapbox.geojson.constants")
02:48:29 INFO  ProfileMatch              : 
02:48:29 INFO  ProfileMatch              :                 name: Facebook
02:48:29 INFO  ProfileMatch              :             category: SocialMedia
02:48:29 INFO  ProfileMatch              :              version: 4.37.0  [OLD VERSION]
02:48:29 INFO  ProfileMatch              :         release-date: 27.09.2018
02:48:29 INFO  ProfileMatch              :     lib root package: "com.facebook.all"  (in app: "com.mapbox.geojson.constants")
02:48:29 INFO  ProfileMatch              : 
02:48:29 INFO  ProfileMatch              :                 name: Facebook
02:48:29 INFO  ProfileMatch              :             category: SocialMedia
02:48:29 INFO  ProfileMatch              :              version: 4.38.0  [OLD VERSION]
02:48:29 INFO  ProfileMatch              :         release-date: 23.10.2018
02:48:29 INFO  ProfileMatch              :     lib root package: "com.facebook.all"  (in app: "com.mapbox.geojson.constants")
02:48:29 INFO  ProfileMatch              : 
02:48:29 INFO  ProfileMatch              :                 name: Facebook
02:48:29 INFO  ProfileMatch              :             category: SocialMedia
02:48:29 INFO  ProfileMatch              :              version: 4.38.1  [OLD VERSION]
02:48:29 INFO  ProfileMatch              :         release-date: 31.10.2018
02:48:29 INFO  ProfileMatch              :     lib root package: "com.facebook.all"  (in app: "com.mapbox.geojson.constants")
02:48:29 INFO  ProfileMatch              : 
02:48:29 INFO  ProfileMatch              :                 name: Facebook
02:48:29 INFO  ProfileMatch              :             category: SocialMedia
02:48:29 INFO  ProfileMatch              :              version: 4.39.0  [OLD VERSION]
02:48:29 INFO  ProfileMatch              :         release-date: 05.12.2018
02:48:29 INFO  ProfileMatch              :     lib root package: "com.facebook.all"  (in app: "com.mapbox.geojson.constants")
02:48:29 INFO  ProfileMatch              : 
02:48:29 INFO  ProfileMatch              :                 name: Facebook
02:48:29 INFO  ProfileMatch              :             category: SocialMedia
02:48:29 INFO  ProfileMatch              :              version: 4.40.0  [OLD VERSION]
02:48:29 INFO  ProfileMatch              :         release-date: 22.01.2019
02:48:29 INFO  ProfileMatch              :     lib root package: "com.facebook.all"  (in app: "com.mapbox.geojson.constants")
02:48:29 INFO  ProfileMatch              : 
02:48:29 INFO  ProfileMatch              :                 name: Facebook
02:48:29 INFO  ProfileMatch              :             category: SocialMedia
02:48:29 INFO  ProfileMatch              :              version: 4.41.0  [OLD VERSION]
02:48:29 INFO  ProfileMatch              :         release-date: 08.03.2019
02:48:29 INFO  ProfileMatch              :     lib root package: "com.facebook.all"  (in app: "com.mapbox.geojson.constants")
02:48:29 INFO  ProfileMatch              : 
02:48:29 INFO  ProfileMatch              :                 name: Facebook
02:48:29 INFO  ProfileMatch              :             category: SocialMedia
02:48:29 INFO  ProfileMatch              :              version: 4.42.0  [OLD VERSION]
02:48:29 INFO  ProfileMatch              :         release-date: 08.04.2019
02:48:29 INFO  ProfileMatch              :     lib root package: "com.facebook.all"  (in app: "com.mapbox.geojson.constants")
02:48:29 INFO  ProfileMatch              : 
02:48:29 INFO  ProfileMatch              :                 name: Facebook
02:48:29 INFO  ProfileMatch              :             category: SocialMedia
02:48:29 INFO  ProfileMatch              :              version: 5.0.0  [OLD VERSION]
02:48:29 INFO  ProfileMatch              :         release-date: 30.04.2019
02:48:29 INFO  ProfileMatch              :     lib root package: "com.facebook.all"  (in app: "com.mapbox.geojson.constants")
02:48:29 INFO  ProfileMatch              : 
02:48:29 INFO  ProfileMatch              :                 name: Facebook
02:48:29 INFO  ProfileMatch              :             category: SocialMedia
02:48:29 INFO  ProfileMatch              :              version: 5.0.1  [OLD VERSION]
02:48:29 INFO  ProfileMatch              :         release-date: 17.05.2019
02:48:29 INFO  ProfileMatch              :     lib root package: "com.facebook.all"  (in app: "com.mapbox.geojson.constants")
02:48:29 INFO  ProfileMatch              : 
02:48:29 INFO  ProfileMatch              :                 name: Facebook
02:48:29 INFO  ProfileMatch              :             category: SocialMedia
02:48:29 INFO  ProfileMatch              :              version: 5.0.2  [OLD VERSION]
02:48:29 INFO  ProfileMatch              :         release-date: 09.06.2019
02:48:29 INFO  ProfileMatch              :     lib root package: "com.facebook.all"  (in app: "com.mapbox.geojson.constants")
02:48:29 INFO  ProfileMatch              : 
02:48:29 INFO  ProfileMatch              :                 name: Facebook
02:48:29 INFO  ProfileMatch              :             category: SocialMedia
02:48:29 INFO  ProfileMatch              :              version: 5.0.3  [OLD VERSION]
02:48:29 INFO  ProfileMatch              :         release-date: 14.06.2019
02:48:29 INFO  ProfileMatch              :     lib root package: "com.facebook.all"  (in app: "com.mapbox.geojson.constants")
02:48:29 INFO  ProfileMatch              : 
02:48:29 INFO  ProfileMatch              :                 name: Facebook
02:48:29 INFO  ProfileMatch              :             category: SocialMedia
02:48:29 INFO  ProfileMatch              :              version: 5.1.0  [OLD VERSION]
02:48:29 INFO  ProfileMatch              :         release-date: 21.06.2019
02:48:29 INFO  ProfileMatch              :     lib root package: "com.facebook.all"  (in app: "com.mapbox.geojson.constants")
02:48:29 INFO  ProfileMatch              : 
02:48:29 INFO  ProfileMatch              :                 name: Facebook
02:48:29 INFO  ProfileMatch              :             category: SocialMedia
02:48:29 INFO  ProfileMatch              :              version: 5.1.1  [OLD VERSION]
02:48:29 INFO  ProfileMatch              :         release-date: 02.07.2019
02:48:29 INFO  ProfileMatch              :     lib root package: "com.facebook.all"  (in app: "com.mapbox.geojson.constants")
02:48:29 INFO  ProfileMatch              : 
02:48:29 INFO  ProfileMatch              :                 name: Facebook
02:48:29 INFO  ProfileMatch              :             category: SocialMedia
02:48:29 INFO  ProfileMatch              :              version: 5.2.0  [OLD VERSION]
02:48:29 INFO  ProfileMatch              :         release-date: 29.07.2019
02:48:29 INFO  ProfileMatch              :     lib root package: "com.facebook.all"  (in app: "com.mapbox.geojson.constants")
02:48:29 INFO  ProfileMatch              : 
02:48:29 INFO  ProfileMatch              :                 name: Facebook
02:48:29 INFO  ProfileMatch              :             category: SocialMedia
02:48:29 INFO  ProfileMatch              :              version: 5.4.0  [OLD VERSION]
02:48:29 INFO  ProfileMatch              :         release-date: 16.08.2019
02:48:29 INFO  ProfileMatch              :     lib root package: "com.facebook.all"  (in app: "com.mapbox.geojson.constants")
02:48:29 INFO  ProfileMatch              : 
02:48:29 INFO  ProfileMatch              :                 name: Facebook
02:48:29 INFO  ProfileMatch              :             category: SocialMedia
02:48:29 INFO  ProfileMatch              :              version: 5.5.0  [OLD VERSION]
02:48:29 INFO  ProfileMatch              :         release-date: 31.08.2019
02:48:29 INFO  ProfileMatch              :     lib root package: "com.facebook.all"  (in app: "com.mapbox.geojson.constants")
02:48:29 INFO  ProfileMatch              : 
02:48:29 INFO  ProfileMatch              :                 name: Facebook
02:48:29 INFO  ProfileMatch              :             category: SocialMedia
02:48:29 INFO  ProfileMatch              :              version: 5.5.1  [OLD VERSION]
02:48:29 INFO  ProfileMatch              :         release-date: 06.09.2019
02:48:29 INFO  ProfileMatch              :     lib root package: "com.facebook.all"  (in app: "com.mapbox.geojson.constants")
02:48:29 INFO  ProfileMatch              : 
02:48:29 INFO  ProfileMatch              :                 name: Facebook
02:48:29 INFO  ProfileMatch              :             category: SocialMedia
02:48:29 INFO  ProfileMatch              :              version: 5.5.2  [OLD VERSION]
02:48:29 INFO  ProfileMatch              :         release-date: 05.10.2019
02:48:29 INFO  ProfileMatch              :     lib root package: "com.facebook.all"  (in app: "com.mapbox.geojson.constants")
02:48:29 INFO  ProfileMatch              : 
02:48:29 INFO  ProfileMatch              :                 name: Facebook
02:48:29 INFO  ProfileMatch              :             category: SocialMedia
02:48:29 INFO  ProfileMatch              :              version: 5.8.0  [OLD VERSION]
02:48:29 INFO  ProfileMatch              :         release-date: 08.10.2019
02:48:29 INFO  ProfileMatch              :     lib root package: "com.facebook.all"  (in app: "com.mapbox.geojson.constants")
02:48:29 INFO  ProfileMatch              : 
02:48:29 INFO  ProfileMatch              :                 name: Facebook
02:48:29 INFO  ProfileMatch              :             category: SocialMedia
02:48:29 INFO  ProfileMatch              :              version: 5.9.0  [OLD VERSION]
02:48:29 INFO  ProfileMatch              :         release-date: 29.10.2019
02:48:29 INFO  ProfileMatch              :     lib root package: "com.facebook.all"  (in app: "com.mapbox.geojson.constants")
02:48:29 INFO  ProfileMatch              : 
02:48:29 INFO  ProfileMatch              :                 name: Facebook
02:48:29 INFO  ProfileMatch              :             category: SocialMedia
02:48:29 INFO  ProfileMatch              :              version: 5.11.0  [OLD VERSION]
02:48:29 INFO  ProfileMatch              :         release-date: 15.11.2019
02:48:29 INFO  ProfileMatch              :     lib root package: "com.facebook.all"  (in app: "com.mapbox.geojson.constants")
02:48:29 INFO  ProfileMatch              : 
02:48:29 INFO  ProfileMatch              :                 name: Facebook
02:48:29 INFO  ProfileMatch              :             category: SocialMedia
02:48:29 INFO  ProfileMatch              :              version: 5.11.1  [OLD VERSION]
02:48:29 INFO  ProfileMatch              :         release-date: 21.11.2019
02:48:29 INFO  ProfileMatch              :     lib root package: "com.facebook.all"  (in app: "com.mapbox.geojson.constants")
02:48:29 INFO  ProfileMatch              : 
02:48:29 INFO  ProfileMatch              :                 name: Facebook
02:48:29 INFO  ProfileMatch              :             category: SocialMedia
02:48:29 INFO  ProfileMatch              :              version: 5.11.2  [OLD VERSION]
02:48:29 INFO  ProfileMatch              :         release-date: 22.11.2019
02:48:29 INFO  ProfileMatch              :     lib root package: "com.facebook.all"  (in app: "com.mapbox.geojson.constants")
02:48:29 INFO  ProfileMatch              : 
02:48:29 INFO  ProfileMatch              :                 name: Facebook
02:48:29 INFO  ProfileMatch              :             category: SocialMedia
02:48:29 INFO  ProfileMatch              :              version: 5.12.0  [OLD VERSION]
02:48:29 INFO  ProfileMatch              :         release-date: 04.12.2019
02:48:29 INFO  ProfileMatch              :     lib root package: "com.facebook.all"  (in app: "com.mapbox.geojson.constants")
02:48:29 INFO  ProfileMatch              : 
02:48:29 INFO  ProfileMatch              :                 name: Facebook
02:48:29 INFO  ProfileMatch              :             category: SocialMedia
02:48:29 INFO  ProfileMatch              :              version: 5.12.1  [OLD VERSION]
02:48:29 INFO  ProfileMatch              :         release-date: 09.12.2019
02:48:29 INFO  ProfileMatch              :     lib root package: "com.facebook.all"  (in app: "com.mapbox.geojson.constants")
02:48:29 INFO  ProfileMatch              : 
02:48:29 INFO  ProfileMatch              :                 name: Facebook
02:48:29 INFO  ProfileMatch              :             category: SocialMedia
02:48:29 INFO  ProfileMatch              :              version: 5.13.0  [OLD VERSION]
02:48:29 INFO  ProfileMatch              :         release-date: 12.12.2019
02:48:29 INFO  ProfileMatch              :     lib root package: "com.facebook.all"  (in app: "com.mapbox.geojson.constants")
02:48:29 INFO  ProfileMatch              : 
02:48:29 INFO  ProfileMatch              :                 name: Facebook
02:48:29 INFO  ProfileMatch              :             category: SocialMedia
02:48:29 INFO  ProfileMatch              :              version: 5.15.0  [OLD VERSION]
02:48:29 INFO  ProfileMatch              :         release-date: 21.01.2020
02:48:29 INFO  ProfileMatch              :     lib root package: "com.facebook.all"  (in app: "com.mapbox.geojson.constants")
02:48:29 INFO  ProfileMatch              : 
02:48:29 INFO  ProfileMatch              :                 name: Facebook
02:48:29 INFO  ProfileMatch              :             category: SocialMedia
02:48:29 INFO  ProfileMatch              :              version: 5.15.1  [OLD VERSION]
02:48:29 INFO  ProfileMatch              :         release-date: 29.01.2020
02:48:29 INFO  ProfileMatch              :     lib root package: "com.facebook.all"  (in app: "com.mapbox.geojson.constants")
02:48:29 INFO  ProfileMatch              : 
02:48:29 INFO  ProfileMatch              :                 name: Facebook
02:48:29 INFO  ProfileMatch              :             category: SocialMedia
02:48:29 INFO  ProfileMatch              :              version: 5.15.2  [OLD VERSION]
02:48:29 INFO  ProfileMatch              :         release-date: 03.02.2020
02:48:29 INFO  ProfileMatch              :     lib root package: "com.facebook.all"  (in app: "com.mapbox.geojson.constants")
02:48:29 INFO  ProfileMatch              : 
02:48:29 INFO  ProfileMatch              :                 name: Facebook
02:48:29 INFO  ProfileMatch              :             category: SocialMedia
02:48:29 INFO  ProfileMatch              :              version: 5.15.3  [OLD VERSION]
02:48:29 INFO  ProfileMatch              :         release-date: 03.02.2020
02:48:29 INFO  ProfileMatch              :     lib root package: "com.facebook.all"  (in app: "com.mapbox.geojson.constants")
02:48:29 INFO  ProfileMatch              : 
02:48:29 INFO  ProfileMatch              :                 name: Facebook
02:48:29 INFO  ProfileMatch              :             category: SocialMedia
02:48:29 INFO  ProfileMatch              :              version: 6.0.0  [OLD VERSION]
02:48:29 INFO  ProfileMatch              :         release-date: 03.02.2020
02:48:29 INFO  ProfileMatch              :     lib root package: "com.facebook.all"  (in app: "com.mapbox.geojson.constants")
02:48:29 INFO  ProfileMatch              : 
02:48:29 INFO  ProfileMatch              :                 name: Facebook
02:48:29 INFO  ProfileMatch              :             category: SocialMedia
02:48:29 INFO  ProfileMatch              :              version: 6.1.0  [OLD VERSION]
02:48:29 INFO  ProfileMatch              :         release-date: 14.02.2020
02:48:29 INFO  ProfileMatch              :     lib root package: "com.facebook.all"  (in app: "com.mapbox.geojson.constants")
02:48:29 INFO  ProfileMatch              : 
02:48:29 INFO  ProfileMatch              :                 name: Facebook
02:48:29 INFO  ProfileMatch              :             category: SocialMedia
02:48:29 INFO  ProfileMatch              :              version: 6.2.0  [OLD VERSION]
02:48:29 INFO  ProfileMatch              :         release-date: 09.03.2020
02:48:29 INFO  ProfileMatch              :     lib root package: "com.facebook.all"  (in app: "com.mapbox.geojson.constants")
02:48:29 INFO  ProfileMatch              : 
02:48:29 INFO  ProfileMatch              :                 name: Facebook
02:48:29 INFO  ProfileMatch              :             category: SocialMedia
02:48:29 INFO  ProfileMatch              :              version: 6.3.0  [OLD VERSION]
02:48:29 INFO  ProfileMatch              :         release-date: 25.03.2020
02:48:29 INFO  ProfileMatch              :     lib root package: "com.facebook.all"  (in app: "com.mapbox.geojson.constants")
02:48:29 INFO  ProfileMatch              : 
02:48:29 INFO  ProfileMatch              :                 name: Facebook
02:48:29 INFO  ProfileMatch              :             category: SocialMedia
02:48:29 INFO  ProfileMatch              :              version: 6.4.0  [OLD VERSION]
02:48:29 INFO  ProfileMatch              :         release-date: 15.04.2020
02:48:29 INFO  ProfileMatch              :     lib root package: "com.facebook.all"  (in app: "com.mapbox.geojson.constants")
02:48:29 INFO  ProfileMatch              : 
02:48:29 INFO  ProfileMatch              :                 name: Facebook
02:48:29 INFO  ProfileMatch              :             category: SocialMedia
02:48:29 INFO  ProfileMatch              :              version: 6.5.0  [OLD VERSION]
02:48:29 INFO  ProfileMatch              :         release-date: 20.04.2020
02:48:29 INFO  ProfileMatch              :     lib root package: "com.facebook.all"  (in app: "com.mapbox.geojson.constants")
02:48:29 INFO  ProfileMatch              : 
02:48:29 INFO  ProfileMatch              :                 name: Facebook
02:48:29 INFO  ProfileMatch              :             category: SocialMedia
02:48:29 INFO  ProfileMatch              :              version: 6.5.1  [OLD VERSION]
02:48:29 INFO  ProfileMatch              :         release-date: 23.04.2020
02:48:29 INFO  ProfileMatch              :     lib root package: "com.facebook.all"  (in app: "com.mapbox.geojson.constants")
02:48:29 INFO  ProfileMatch              : 
02:48:29 INFO  ProfileMatch              :                 name: Facebook
02:48:29 INFO  ProfileMatch              :             category: SocialMedia
02:48:29 INFO  ProfileMatch              :              version: 7.0.0  [OLD VERSION]
02:48:29 INFO  ProfileMatch              :         release-date: 05.05.2020
02:48:29 INFO  ProfileMatch              :     lib root package: "com.facebook.all"  (in app: "com.mapbox.geojson.constants")
02:48:29 INFO  ProfileMatch              : 
02:48:29 INFO  ProfileMatch              :                 name: Facebook
02:48:29 INFO  ProfileMatch              :             category: SocialMedia
02:48:29 INFO  ProfileMatch              :              version: 7.0.1  [OLD VERSION]
02:48:29 INFO  ProfileMatch              :         release-date: 09.06.2020
02:48:29 INFO  ProfileMatch              :     lib root package: "com.facebook.all"  (in app: "com.mapbox.geojson.constants")
02:48:29 INFO  ProfileMatch              : 
02:48:29 INFO  ProfileMatch              :                 name: Facebook
02:48:29 INFO  ProfileMatch              :             category: SocialMedia
02:48:29 INFO  ProfileMatch              :              version: 7.1.0  [OLD VERSION]
02:48:29 INFO  ProfileMatch              :         release-date: 23.06.2020
02:48:29 INFO  ProfileMatch              :     lib root package: "com.facebook.all"  (in app: "com.mapbox.geojson.constants")
02:48:29 INFO  ProfileMatch              : 
02:48:29 INFO  ProfileMatch              :                 name: Facebook
02:48:29 INFO  ProfileMatch              :             category: SocialMedia
02:48:29 INFO  ProfileMatch              :              version: 8.0.0  [OLD VERSION]
02:48:29 INFO  ProfileMatch              :         release-date: 28.09.2020
02:48:29 INFO  ProfileMatch              :     lib root package: "com.facebook.all"  (in app: "com.mapbox.geojson.constants")
02:48:29 INFO  ProfileMatch              : 
02:48:29 INFO  ProfileMatch              :                 name: Facebook
02:48:29 INFO  ProfileMatch              :             category: SocialMedia
02:48:29 INFO  ProfileMatch              :              version: 8.1.0  [OLD VERSION]
02:48:29 INFO  ProfileMatch              :         release-date: 14.10.2020
02:48:29 INFO  ProfileMatch              :     lib root package: "com.facebook.all"  (in app: "com.mapbox.geojson.constants")
02:48:29 INFO  ProfileMatch              : 
02:48:29 INFO  ProfileMatch              :                 name: Facebook
02:48:29 INFO  ProfileMatch              :             category: SocialMedia
02:48:29 INFO  ProfileMatch              :              version: 8.2.0  [OLD VERSION]
02:48:29 INFO  ProfileMatch              :         release-date: 18.12.2020
02:48:29 INFO  ProfileMatch              :     lib root package: "com.facebook.all"  (in app: "com.mapbox.geojson.constants")
02:48:29 INFO  ProfileMatch              : 
02:48:29 INFO  ProfileMatch              :                 name: Facebook
02:48:29 INFO  ProfileMatch              :             category: SocialMedia
02:48:29 INFO  ProfileMatch              :              version: 9.0.0  [OLD VERSION]
02:48:29 INFO  ProfileMatch              :         release-date: 19.01.2021
02:48:29 INFO  ProfileMatch              :     lib root package: "com.facebook.all"  (in app: "com.mapbox.geojson.constants")
02:48:29 INFO  ProfileMatch              : 
02:48:29 INFO  ProfileMatch              :                 name: Facebook
02:48:29 INFO  ProfileMatch              :             category: SocialMedia
02:48:29 INFO  ProfileMatch              :              version: 9.1.0  [OLD VERSION]
02:48:29 INFO  ProfileMatch              :         release-date: 15.03.2021
02:48:29 INFO  ProfileMatch              :     lib root package: "com.facebook.all"  (in app: "com.mapbox.geojson.constants")
02:48:29 INFO  ProfileMatch              : 
02:48:29 INFO  ProfileMatch              :                 name: Facebook
02:48:29 INFO  ProfileMatch              :             category: SocialMedia
02:48:29 INFO  ProfileMatch              :              version: 9.1.1  [OLD VERSION]
02:48:29 INFO  ProfileMatch              :         release-date: 12.04.2021
02:48:29 INFO  ProfileMatch              :     lib root package: "com.facebook.all"  (in app: "com.mapbox.geojson.constants")
02:48:29 INFO  ProfileMatch              : 
02:48:29 INFO  ProfileMatch              :                 name: Facebook
02:48:29 INFO  ProfileMatch              :             category: SocialMedia
02:48:29 INFO  ProfileMatch              :              version: 11.0.0  [OLD VERSION]
02:48:29 INFO  ProfileMatch              :         release-date: 08.06.2021
02:48:29 INFO  ProfileMatch              :     lib root package: "com.facebook.all"  (in app: "com.mapbox.geojson.constants")
02:48:29 INFO  ProfileMatch              : 
02:48:29 INFO  ProfileMatch              :                 name: Facebook
02:48:29 INFO  ProfileMatch              :             category: SocialMedia
02:48:29 INFO  ProfileMatch              :              version: 11.1.0  [OLD VERSION]
02:48:29 INFO  ProfileMatch              :         release-date: 06.07.2021
02:48:29 INFO  ProfileMatch              :     lib root package: "com.facebook.all"  (in app: "com.mapbox.geojson.constants")
02:48:29 INFO  ProfileMatch              : 
02:48:29 INFO  ProfileMatch              :                 name: Facebook
02:48:29 INFO  ProfileMatch              :             category: SocialMedia
02:48:29 INFO  ProfileMatch              :              version: 11.1.1  [OLD VERSION]
02:48:29 INFO  ProfileMatch              :         release-date: 19.07.2021
02:48:29 INFO  ProfileMatch              :     lib root package: "com.facebook.all"  (in app: "com.mapbox.geojson.constants")
02:48:29 INFO  ProfileMatch              : 
02:48:29 INFO  ProfileMatch              :                 name: Facebook
02:48:29 INFO  ProfileMatch              :             category: SocialMedia
02:48:29 INFO  ProfileMatch              :              version: 11.2.0  [OLD VERSION]
02:48:29 INFO  ProfileMatch              :         release-date: 03.08.2021
02:48:29 INFO  ProfileMatch              :     lib root package: "com.facebook.all"  (in app: "com.mapbox.geojson.constants")
02:48:29 INFO  ProfileMatch              : 
02:48:29 INFO  ProfileMatch              :                 name: Facebook
02:48:29 INFO  ProfileMatch              :             category: SocialMedia
02:48:29 INFO  ProfileMatch              :              version: 11.3.0  [OLD VERSION]
02:48:29 INFO  ProfileMatch              :         release-date: 07.09.2021
02:48:29 INFO  ProfileMatch              :     lib root package: "com.facebook.all"  (in app: "com.mapbox.geojson.constants")
02:48:29 INFO  ProfileMatch              : 
02:48:29 INFO  ProfileMatch              :                 name: Facebook
02:48:29 INFO  ProfileMatch              :             category: SocialMedia
02:48:29 INFO  ProfileMatch              :              version: 12.0.0  [OLD VERSION]
02:48:29 INFO  ProfileMatch              :         release-date: 05.10.2021
02:48:29 INFO  ProfileMatch              :     lib root package: "com.facebook.all"  (in app: "com.mapbox.geojson.constants")
02:48:29 INFO  ProfileMatch              : 
02:48:29 INFO  ProfileMatch              :                 name: Facebook
02:48:29 INFO  ProfileMatch              :             category: SocialMedia
02:48:29 INFO  ProfileMatch              :              version: 12.0.1  [OLD VERSION]
02:48:29 INFO  ProfileMatch              :         release-date: 13.10.2021
02:48:29 INFO  ProfileMatch              :     lib root package: "com.facebook.all"  (in app: "com.mapbox.geojson.constants")
02:48:29 INFO  ProfileMatch              : 
02:48:29 INFO  ProfileMatch              :                 name: Facebook
02:48:29 INFO  ProfileMatch              :             category: SocialMedia
02:48:29 INFO  ProfileMatch              :              version: 12.1.0  [OLD VERSION]
02:48:29 INFO  ProfileMatch              :         release-date: 01.11.2021
02:48:29 INFO  ProfileMatch              :     lib root package: "com.facebook.all"  (in app: "com.mapbox.geojson.constants")
02:48:29 INFO  ProfileMatch              : 
02:48:29 INFO  ProfileMatch              :                 name: Facebook
02:48:29 INFO  ProfileMatch              :             category: SocialMedia
02:48:29 INFO  ProfileMatch              :              version: 12.2.0  [OLD VERSION]
02:48:29 INFO  ProfileMatch              :         release-date: 06.12.2021
02:48:29 INFO  ProfileMatch              :     lib root package: "com.facebook.all"  (in app: "com.mapbox.geojson.constants")
02:48:29 INFO  ProfileMatch              : 
02:48:29 INFO  ProfileMatch              :                 name: Facebook
02:48:29 INFO  ProfileMatch              :             category: SocialMedia
02:48:29 INFO  ProfileMatch              :              version: 12.3.0  [OLD VERSION]
02:48:29 INFO  ProfileMatch              :         release-date: 10.01.2022
02:48:29 INFO  ProfileMatch              :     lib root package: "com.facebook.all"  (in app: "com.mapbox.geojson.constants")
02:48:29 INFO  ProfileMatch              : 
02:48:29 INFO  ProfileMatch              :                 name: Facebook
02:48:29 INFO  ProfileMatch              :             category: SocialMedia
02:48:29 INFO  ProfileMatch              :              version: 13.0.0  [OLD VERSION]
02:48:29 INFO  ProfileMatch              :         release-date: 23.02.2022
02:48:29 INFO  ProfileMatch              :     lib root package: "com.facebook.all"  (in app: "com.mapbox.geojson.constants")
02:48:29 INFO  ProfileMatch              : 
02:48:29 INFO  ProfileMatch              :                 name: Facebook
02:48:29 INFO  ProfileMatch              :             category: SocialMedia
02:48:29 INFO  ProfileMatch              :              version: 13.1.0  [OLD VERSION]
02:48:29 INFO  ProfileMatch              :         release-date: 21.03.2022
02:48:29 INFO  ProfileMatch              :     lib root package: "com.facebook.all"  (in app: "com.mapbox.geojson.constants")
02:48:29 INFO  ProfileMatch              : 
02:48:29 INFO  ProfileMatch              :                 name: Facebook
02:48:29 INFO  ProfileMatch              :             category: SocialMedia
02:48:29 INFO  ProfileMatch              :              version: 13.2.0  [OLD VERSION]
02:48:29 INFO  ProfileMatch              :         release-date: 22.04.2022
02:48:29 INFO  ProfileMatch              :     lib root package: "com.facebook.all"  (in app: "com.mapbox.geojson.constants")
02:48:29 INFO  ProfileMatch              : 
02:48:29 INFO  ProfileMatch              :                 name: Facebook
02:48:29 INFO  ProfileMatch              :             category: SocialMedia
02:48:29 INFO  ProfileMatch              :              version: 14.0.0
02:48:29 INFO  ProfileMatch              :         release-date: 14.06.2022
02:48:29 INFO  ProfileMatch              :     lib root package: "com.facebook.all"  (in app: "com.mapbox.geojson.constants")
02:48:29 INFO  ProfileMatch              : 
02:48:29 INFO  ProfileMatch              :                 name: androidx.legacy::legacy-support-core-utils
02:48:29 INFO  ProfileMatch              :             category: Android
02:48:29 INFO  ProfileMatch              :              version: 1.0.0
02:48:29 INFO  ProfileMatch              :         release-date:  --
02:48:29 INFO  ProfileMatch              :     lib root package: "androidx.legacy.content"
02:48:29 INFO  ProfileMatch              : 
02:48:29 INFO  ProfileMatch              :                 name: com.android.support::documentfile
02:48:29 INFO  ProfileMatch              :             category: Android
02:48:29 INFO  ProfileMatch              :              version: 28.0.0
02:48:29 INFO  ProfileMatch              :         release-date:  --
02:48:29 INFO  ProfileMatch              :     lib root package: "android.support.v4.provider"  (in app: "androidx.documentfile.provider")
02:48:29 INFO  ProfileMatch              : 
02:48:29 INFO  ProfileMatch              :                 name: Gson
02:48:29 INFO  ProfileMatch              :             category: Utilities
02:48:29 INFO  ProfileMatch              :              version: 2.8.6  [OLD VERSION]
02:48:29 INFO  ProfileMatch              :         release-date: 04.10.2019
02:48:29 INFO  ProfileMatch              :     lib root package: "com.google.gson"
02:48:29 INFO  ProfileMatch              : 
02:48:29 INFO  ProfileMatch              :                 name: com.android.support::viewpager
02:48:29 INFO  ProfileMatch              :             category: Android
02:48:29 INFO  ProfileMatch              :              version: 28.0.0
02:48:29 INFO  ProfileMatch              :         release-date:  --
02:48:29 INFO  ProfileMatch              :     lib root package: "android.support.v4.view"  (in app: "androidx.viewpager.widget")
02:48:29 INFO  ProfileMatch              : 
02:48:29 INFO  ProfileMatch              :                 name: androidx.localbroadcastmanager::localbroadcastmanager
02:48:29 INFO  ProfileMatch              :             category: Android
02:48:29 INFO  ProfileMatch              :              version: 1.0.0  [OLD VERSION]
02:48:29 INFO  ProfileMatch              :         release-date:  --
02:48:29 INFO  ProfileMatch              :     lib root package: "androidx.localbroadcastmanager.content"
02:48:29 INFO  ProfileMatch              : 
02:48:29 INFO  ProfileMatch              :                 name: androidx.localbroadcastmanager::localbroadcastmanager
02:48:29 INFO  ProfileMatch              :             category: Android
02:48:29 INFO  ProfileMatch              :              version: 1.1.0
02:48:29 INFO  ProfileMatch              :         release-date:  --
02:48:29 INFO  ProfileMatch              :     lib root package: "androidx.localbroadcastmanager.content"
02:48:29 INFO  ProfileMatch              : 
02:48:29 INFO  ProfileMatch              :                 name: androidx.viewpager::viewpager
02:48:29 INFO  ProfileMatch              :             category: Android
02:48:29 INFO  ProfileMatch              :              version: 1.0.0
02:48:29 INFO  ProfileMatch              :         release-date:  --
02:48:29 INFO  ProfileMatch              :     lib root package: "androidx.viewpager.widget"
02:48:29 INFO  ProfileMatch              : 
02:48:29 INFO  LibraryIdentifier         : 
02:48:29 INFO  LibraryIdentifier         : - Partial library matches:
02:48:29 INFO  LibraryIdentifier         :                 name: android.arch.core::common
02:48:29 INFO  LibraryIdentifier         :             category: Android
02:48:29 INFO  LibraryIdentifier         :              version: 1.1.1
02:48:29 INFO  LibraryIdentifier         :         release-date:  --
02:48:29 INFO  LibraryIdentifier         :     lib root package: "android.arch.core"
02:48:29 INFO  LibraryIdentifier         :         Partial matching results:
02:48:29 INFO  LibraryIdentifier         :              - config: Hashing.md5() | Flags: no-flag | Keep: PN | Prune: MSIG   score: 0.875
02:48:29 INFO  LibraryIdentifier         : 
02:48:29 INFO  LibraryIdentifier         :                 name: android.arch.core::runtime
02:48:29 INFO  LibraryIdentifier         :             category: Android
02:48:29 INFO  LibraryIdentifier         :              version: 1.1.0  [OLD VERSION]
02:48:29 INFO  LibraryIdentifier         :         release-date:  --
02:48:29 INFO  LibraryIdentifier         :     lib root package: "android.arch.core"
02:48:29 INFO  LibraryIdentifier         :         Partial matching results:
02:48:29 INFO  LibraryIdentifier         :              - config: Hashing.md5() | Flags: no-flag | Keep: PN | Prune: MSIG   score: 0.9
02:48:29 INFO  LibraryIdentifier         : 
02:48:29 INFO  LibraryIdentifier         : 
02:48:29 INFO  LibraryIdentifier         : App processing time: 31 sec, 992 ms
