04:29:51 INFO  LibraryIdentifier         : Process app: de.eidottermihi.raspicheck_57.apk
04:29:51 INFO  LibraryIdentifier         : = Manifest Parser =
04:29:51 INFO  LibraryIdentifier         :         Package name: de.eidottermihi.raspicheck
04:29:51 INFO  LibraryIdentifier         :         Version code: 57
04:29:51 INFO  LibraryIdentifier         :        minSdkVersion: 21
04:29:51 INFO  LibraryIdentifier         :     targetSdkVersion: 28
04:29:51 INFO  LibraryIdentifier         :         SharedUserId:  - none -
04:29:51 INFO  LibraryIdentifier         :     Library dependencies:  - none -
04:29:51 INFO  LibraryIdentifier         : 
04:29:51 INFO  LibraryIdentifier         : Found 402 unique libraries in 12405 library profiles
04:29:51 INFO  LibraryIdentifier         : Generated class hierarchy (in 628 ms)
04:29:52 INFO  WalaUtils                 : 
04:29:52 INFO  WalaUtils                 : = ClassHierarchy Stats =
04:29:52 INFO  WalaUtils                 :     # of classes: 6819
04:29:52 INFO  WalaUtils                 :     # thereof inner classes: 2494
04:29:52 INFO  WalaUtils                 :     # thereof public classes: 5299
04:29:52 INFO  WalaUtils                 :         Activity : 16
04:29:52 INFO  WalaUtils                 :         Application : 0
04:29:52 INFO  WalaUtils                 :         AsyncTask : 12
04:29:52 INFO  WalaUtils                 :         BroadcastReceiver : 2
04:29:52 INFO  WalaUtils                 :         ContentProvider : 1
04:29:52 INFO  WalaUtils                 :         Fragment : 13
04:29:52 INFO  WalaUtils                 :         Handler : 3
04:29:52 INFO  WalaUtils                 :         LayoutContainer : 44
04:29:52 INFO  WalaUtils                 :         Plain : 6687
04:29:52 INFO  WalaUtils                 :         Runnable : 0
04:29:52 INFO  WalaUtils                 :         Service : 2
04:29:52 INFO  WalaUtils                 :         Thread : 15
04:29:52 INFO  WalaUtils                 :         View : 24
04:29:52 INFO  WalaUtils                 :     # methods: 42438
04:29:52 INFO  WalaUtils                 :         # of publicly accessible methods: 29965
04:29:52 INFO  WalaUtils                 :         # of non-accessible methods: 12473
04:29:52 INFO  WalaUtils                 : 
04:29:52 INFO  Profile                   : = PackageTree =
04:29:52 INFO  PackageTree               : Root Package:  - none -
04:29:52 INFO  PackageTree               : └── Root
04:29:52 INFO  PackageTree               :     ├── com
04:29:52 INFO  PackageTree               :     │   ├── hierynomus
04:29:52 INFO  PackageTree               :     │   │   ├── asn1 (6)
04:29:52 INFO  PackageTree               :     │   │   │   ├── types (17)
04:29:52 INFO  PackageTree               :     │   │   │   │   ├── string (7)
04:29:52 INFO  PackageTree               :     │   │   │   │   ├── constructed (9)
04:29:52 INFO  PackageTree               :     │   │   │   │   └── primitive (16)
04:29:52 INFO  PackageTree               :     │   │   │   ├── encodingrules (2)
04:29:52 INFO  PackageTree               :     │   │   │   │   ├── ber (1)
04:29:52 INFO  PackageTree               :     │   │   │   │   └── der (2)
04:29:52 INFO  PackageTree               :     │   │   │   └── util (1)
04:29:52 INFO  PackageTree               :     │   │   └── sshj
04:29:52 INFO  PackageTree               :     │   │       ├── transport (1)
04:29:52 INFO  PackageTree               :     │   │       │   ├── kex (5)
04:29:52 INFO  PackageTree               :     │   │       │   ├── verification (7)
04:29:52 INFO  PackageTree               :     │   │       │   ├── mac (2)
04:29:52 INFO  PackageTree               :     │   │       │   └── cipher (10)
04:29:52 INFO  PackageTree               :     │   │       ├── userauth
04:29:52 INFO  PackageTree               :     │   │       │   ├── keyprovider (2)
04:29:52 INFO  PackageTree               :     │   │       │   └── certificate (2)
04:29:52 INFO  PackageTree               :     │   │       ├── common (2)
04:29:52 INFO  PackageTree               :     │   │       ├── backport (4)
04:29:52 INFO  PackageTree               :     │   │       ├── signature (3)
04:29:52 INFO  PackageTree               :     │   │       ├── key (4)
04:29:52 INFO  PackageTree               :     │   │       └── secg (1)
04:29:52 INFO  PackageTree               :     │   ├── nononsenseapps
04:29:52 INFO  PackageTree               :     │   │   └── filepicker (26)
04:29:52 INFO  PackageTree               :     │   ├── google
04:29:52 INFO  PackageTree               :     │   │   └── common
04:29:52 INFO  PackageTree               :     │   │       └── base (39)
04:29:52 INFO  PackageTree               :     │   ├── jcraft
04:29:52 INFO  PackageTree               :     │   │   └── jzlib (26)
04:29:52 INFO  PackageTree               :     │   └── mindprod
04:29:52 INFO  PackageTree               :     │       └── ledatastream (1)
04:29:52 INFO  PackageTree               :     ├── org
04:29:52 INFO  PackageTree               :     │   ├── bouncycastle (1)
04:29:52 INFO  PackageTree               :     │   │   ├── math (3)
04:29:52 INFO  PackageTree               :     │   │   │   ├── ec (52)
04:29:52 INFO  PackageTree               :     │   │   │   │   ├── custom
04:29:52 INFO  PackageTree               :     │   │   │   │   │   ├── sec (130)
04:29:52 INFO  PackageTree               :     │   │   │   │   │   ├── djb (5)
04:29:52 INFO  PackageTree               :     │   │   │   │   │   └── gm (5)
04:29:52 INFO  PackageTree               :     │   │   │   │   ├── rfc8032 (12)
04:29:52 INFO  PackageTree               :     │   │   │   │   ├── tools (3)
04:29:52 INFO  PackageTree               :     │   │   │   │   ├── endo (10)
04:29:52 INFO  PackageTree               :     │   │   │   │   └── rfc7748 (8)
04:29:52 INFO  PackageTree               :     │   │   │   ├── raw (15)
04:29:52 INFO  PackageTree               :     │   │   │   └── field (8)
04:29:52 INFO  PackageTree               :     │   │   ├── cms (110)
04:29:52 INFO  PackageTree               :     │   │   │   ├── jcajce (74)
04:29:52 INFO  PackageTree               :     │   │   │   └── bc (25)
04:29:52 INFO  PackageTree               :     │   │   ├── operator (37)
04:29:52 INFO  PackageTree               :     │   │   │   ├── bc (48)
04:29:52 INFO  PackageTree               :     │   │   │   └── jcajce (27)
04:29:52 INFO  PackageTree               :     │   │   ├── jcajce (32)
04:29:52 INFO  PackageTree               :     │   │   │   ├── provider
04:29:52 INFO  PackageTree               :     │   │   │   │   ├── asymmetric (28)
04:29:52 INFO  PackageTree               :     │   │   │   │   │   ├── ec (124)
04:29:52 INFO  PackageTree               :     │   │   │   │   │   ├── edec (39)
04:29:52 INFO  PackageTree               :     │   │   │   │   │   ├── dh (44)
04:29:52 INFO  PackageTree               :     │   │   │   │   │   ├── dstu (6)
04:29:52 INFO  PackageTree               :     │   │   │   │   │   ├── rsa (73)
04:29:52 INFO  PackageTree               :     │   │   │   │   │   ├── x509 (22)
04:29:52 INFO  PackageTree               :     │   │   │   │   │   ├── dsa (28)
04:29:52 INFO  PackageTree               :     │   │   │   │   │   ├── elgamal (10)
04:29:52 INFO  PackageTree               :     │   │   │   │   │   ├── gost (8)
04:29:52 INFO  PackageTree               :     │   │   │   │   │   ├── ecgost (8)
04:29:52 INFO  PackageTree               :     │   │   │   │   │   ├── ies (1)
04:29:52 INFO  PackageTree               :     │   │   │   │   │   ├── util (19)
04:29:52 INFO  PackageTree               :     │   │   │   │   │   └── ecgost12 (10)
04:29:52 INFO  PackageTree               :     │   │   │   │   ├── symmetric (500)
04:29:52 INFO  PackageTree               :     │   │   │   │   │   └── util (26)
04:29:52 INFO  PackageTree               :     │   │   │   │   ├── digest (242)
04:29:52 INFO  PackageTree               :     │   │   │   │   ├── keystore (6)
04:29:52 INFO  PackageTree               :     │   │   │   │   │   ├── bc (6)
04:29:52 INFO  PackageTree               :     │   │   │   │   │   ├── pkcs12 (8)
04:29:52 INFO  PackageTree               :     │   │   │   │   │   └── bcfks (8)
04:29:52 INFO  PackageTree               :     │   │   │   │   ├── drbg (16)
04:29:52 INFO  PackageTree               :     │   │   │   │   ├── util (6)
04:29:52 INFO  PackageTree               :     │   │   │   │   └── config (4)
04:29:52 INFO  PackageTree               :     │   │   │   ├── util (12)
04:29:52 INFO  PackageTree               :     │   │   │   ├── spec (26)
04:29:52 INFO  PackageTree               :     │   │   │   ├── io (7)
04:29:52 INFO  PackageTree               :     │   │   │   └── interfaces (7)
04:29:52 INFO  PackageTree               :     │   │   ├── crypto (51)
04:29:52 INFO  PackageTree               :     │   │   │   ├── modes (32)
04:29:52 INFO  PackageTree               :     │   │   │   │   ├── kgcm (10)
04:29:52 INFO  PackageTree               :     │   │   │   │   └── gcm (9)
04:29:52 INFO  PackageTree               :     │   │   │   ├── agreement (15)
04:29:52 INFO  PackageTree               :     │   │   │   │   ├── kdf (6)
04:29:52 INFO  PackageTree               :     │   │   │   │   ├── jpake (7)
04:29:52 INFO  PackageTree               :     │   │   │   │   └── srp (5)
04:29:52 INFO  PackageTree               :     │   │   │   ├── engines (82)
04:29:52 INFO  PackageTree               :     │   │   │   ├── ec (44)
04:29:52 INFO  PackageTree               :     │   │   │   ├── generators (46)
04:29:52 INFO  PackageTree               :     │   │   │   ├── digests (45)
04:29:52 INFO  PackageTree               :     │   │   │   ├── params (97)
04:29:52 INFO  PackageTree               :     │   │   │   ├── util (47)
04:29:52 INFO  PackageTree               :     │   │   │   ├── paddings (8)
04:29:52 INFO  PackageTree               :     │   │   │   ├── signers (30)
04:29:52 INFO  PackageTree               :     │   │   │   ├── macs (24)
04:29:52 INFO  PackageTree               :     │   │   │   ├── encodings (3)
04:29:52 INFO  PackageTree               :     │   │   │   ├── prng (21)
04:29:52 INFO  PackageTree               :     │   │   │   │   └── drbg (7)
04:29:52 INFO  PackageTree               :     │   │   │   ├── kems (2)
04:29:52 INFO  PackageTree               :     │   │   │   ├── io (10)
04:29:52 INFO  PackageTree               :     │   │   │   ├── parsers (2)
04:29:52 INFO  PackageTree               :     │   │   │   ├── examples (2)
04:29:52 INFO  PackageTree               :     │   │   │   └── commitments (2)
04:29:52 INFO  PackageTree               :     │   │   ├── asn1 (103)
04:29:52 INFO  PackageTree               :     │   │   │   ├── oiw (2)
04:29:52 INFO  PackageTree               :     │   │   │   ├── dvcs (14)
04:29:52 INFO  PackageTree               :     │   │   │   ├── cmp (38)
04:29:52 INFO  PackageTree               :     │   │   │   ├── isismtt (1)
04:29:52 INFO  PackageTree               :     │   │   │   │   ├── x509 (9)
04:29:52 INFO  PackageTree               :     │   │   │   │   └── ocsp (2)
04:29:52 INFO  PackageTree               :     │   │   │   ├── tsp (12)
04:29:52 INFO  PackageTree               :     │   │   │   ├── x509 (82)
04:29:52 INFO  PackageTree               :     │   │   │   │   ├── qualified (8)
04:29:52 INFO  PackageTree               :     │   │   │   │   └── sigi (3)
04:29:52 INFO  PackageTree               :     │   │   │   ├── ua (7)
04:29:52 INFO  PackageTree               :     │   │   │   ├── x500 (6)
04:29:52 INFO  PackageTree               :     │   │   │   │   └── style (6)
04:29:52 INFO  PackageTree               :     │   │   │   ├── bc (13)
04:29:52 INFO  PackageTree               :     │   │   │   ├── x9 (41)
04:29:52 INFO  PackageTree               :     │   │   │   ├── pkcs (30)
04:29:52 INFO  PackageTree               :     │   │   │   ├── esf (25)
04:29:52 INFO  PackageTree               :     │   │   │   ├── crmf (23)
04:29:52 INFO  PackageTree               :     │   │   │   ├── nist (4)
04:29:52 INFO  PackageTree               :     │   │   │   ├── teletrust (16)
04:29:52 INFO  PackageTree               :     │   │   │   ├── cryptopro (11)
04:29:52 INFO  PackageTree               :     │   │   │   ├── est (3)
04:29:52 INFO  PackageTree               :     │   │   │   ├── cmc (39)
04:29:52 INFO  PackageTree               :     │   │   │   ├── cms (53)
04:29:52 INFO  PackageTree               :     │   │   │   │   └── ecc (2)
04:29:52 INFO  PackageTree               :     │   │   │   ├── misc (7)
04:29:52 INFO  PackageTree               :     │   │   │   ├── sec (37)
04:29:52 INFO  PackageTree               :     │   │   │   ├── ocsp (17)
04:29:52 INFO  PackageTree               :     │   │   │   ├── eac (16)
04:29:52 INFO  PackageTree               :     │   │   │   ├── kisa (1)
04:29:52 INFO  PackageTree               :     │   │   │   ├── gm (4)
04:29:52 INFO  PackageTree               :     │   │   │   ├── anssi (3)
04:29:52 INFO  PackageTree               :     │   │   │   ├── util (3)
04:29:52 INFO  PackageTree               :     │   │   │   ├── ess (8)
04:29:52 INFO  PackageTree               :     │   │   │   ├── bsi (1)
04:29:52 INFO  PackageTree               :     │   │   │   ├── iso (1)
04:29:52 INFO  PackageTree               :     │   │   │   ├── mozilla (2)
04:29:52 INFO  PackageTree               :     │   │   │   ├── smime (6)
04:29:52 INFO  PackageTree               :     │   │   │   ├── icao (5)
04:29:52 INFO  PackageTree               :     │   │   │   ├── rosstandart (1)
04:29:52 INFO  PackageTree               :     │   │   │   ├── gnu (1)
04:29:52 INFO  PackageTree               :     │   │   │   ├── cryptlib (1)
04:29:52 INFO  PackageTree               :     │   │   │   ├── isara (1)
04:29:52 INFO  PackageTree               :     │   │   │   ├── nsri (1)
04:29:52 INFO  PackageTree               :     │   │   │   ├── ntt (1)
04:29:52 INFO  PackageTree               :     │   │   │   ├── microsoft (1)
04:29:52 INFO  PackageTree               :     │   │   │   ├── iana (1)
04:29:52 INFO  PackageTree               :     │   │   │   └── edec (1)
04:29:52 INFO  PackageTree               :     │   │   ├── openpgp (50)
04:29:52 INFO  PackageTree               :     │   │   │   ├── operator (25)
04:29:52 INFO  PackageTree               :     │   │   │   │   ├── bc (29)
04:29:52 INFO  PackageTree               :     │   │   │   │   └── jcajce (32)
04:29:52 INFO  PackageTree               :     │   │   │   ├── jcajce (5)
04:29:52 INFO  PackageTree               :     │   │   │   ├── examples (12)
04:29:52 INFO  PackageTree               :     │   │   │   └── bc (5)
04:29:52 INFO  PackageTree               :     │   │   ├── x509 (33)
04:29:52 INFO  PackageTree               :     │   │   │   ├── util (3)
04:29:52 INFO  PackageTree               :     │   │   │   └── extension (2)
04:29:52 INFO  PackageTree               :     │   │   ├── eac (5)
04:29:52 INFO  PackageTree               :     │   │   │   ├── operator (2)
04:29:52 INFO  PackageTree               :     │   │   │   │   └── jcajce (11)
04:29:52 INFO  PackageTree               :     │   │   │   └── jcajce (5)
04:29:52 INFO  PackageTree               :     │   │   ├── pqc
04:29:52 INFO  PackageTree               :     │   │   │   ├── crypto (8)
04:29:52 INFO  PackageTree               :     │   │   │   │   ├── xmss (54)
04:29:52 INFO  PackageTree               :     │   │   │   │   ├── lms (35)
04:29:52 INFO  PackageTree               :     │   │   │   │   ├── util (12)
04:29:52 INFO  PackageTree               :     │   │   │   │   ├── qtesla (14)
04:29:52 INFO  PackageTree               :     │   │   │   │   ├── gmss (15)
04:29:52 INFO  PackageTree               :     │   │   │   │   │   └── util (4)
04:29:52 INFO  PackageTree               :     │   │   │   │   ├── newhope (19)
04:29:52 INFO  PackageTree               :     │   │   │   │   ├── mceliece (19)
04:29:52 INFO  PackageTree               :     │   │   │   │   ├── sphincs (14)
04:29:52 INFO  PackageTree               :     │   │   │   │   └── rainbow (8)
04:29:52 INFO  PackageTree               :     │   │   │   │       └── util (3)
04:29:52 INFO  PackageTree               :     │   │   │   ├── jcajce
04:29:52 INFO  PackageTree               :     │   │   │   │   ├── provider (17)
04:29:52 INFO  PackageTree               :     │   │   │   │   │   ├── rainbow (10)
04:29:52 INFO  PackageTree               :     │   │   │   │   │   ├── mceliece (28)
04:29:52 INFO  PackageTree               :     │   │   │   │   │   ├── qtesla (9)
04:29:52 INFO  PackageTree               :     │   │   │   │   │   ├── newhope (5)
04:29:52 INFO  PackageTree               :     │   │   │   │   │   ├── xmss (29)
04:29:52 INFO  PackageTree               :     │   │   │   │   │   ├── gmss (1)
04:29:52 INFO  PackageTree               :     │   │   │   │   │   ├── lms (7)
04:29:52 INFO  PackageTree               :     │   │   │   │   │   ├── sphincs (7)
04:29:52 INFO  PackageTree               :     │   │   │   │   │   └── util (4)
04:29:52 INFO  PackageTree               :     │   │   │   │   ├── interfaces (12)
04:29:52 INFO  PackageTree               :     │   │   │   │   └── spec (13)
04:29:52 INFO  PackageTree               :     │   │   │   ├── math
04:29:52 INFO  PackageTree               :     │   │   │   │   └── linearalgebra (31)
04:29:52 INFO  PackageTree               :     │   │   │   └── asn1 (17)
04:29:52 INFO  PackageTree               :     │   │   ├── cert (16)
04:29:52 INFO  PackageTree               :     │   │   │   ├── crmf (20)
04:29:52 INFO  PackageTree               :     │   │   │   │   ├── jcajce (12)
04:29:52 INFO  PackageTree               :     │   │   │   │   └── bc (5)
04:29:52 INFO  PackageTree               :     │   │   │   ├── cmp (11)
04:29:52 INFO  PackageTree               :     │   │   │   ├── dane (11)
04:29:52 INFO  PackageTree               :     │   │   │   │   └── fetcher (2)
04:29:52 INFO  PackageTree               :     │   │   │   ├── jcajce (22)
04:29:52 INFO  PackageTree               :     │   │   │   ├── path (7)
04:29:52 INFO  PackageTree               :     │   │   │   │   └── validations (8)
04:29:52 INFO  PackageTree               :     │   │   │   ├── bc (4)
04:29:52 INFO  PackageTree               :     │   │   │   ├── ocsp (18)
04:29:52 INFO  PackageTree               :     │   │   │   │   └── jcajce (3)
04:29:52 INFO  PackageTree               :     │   │   │   └── selector (6)
04:29:52 INFO  PackageTree               :     │   │   │       └── jcajce (3)
04:29:52 INFO  PackageTree               :     │   │   ├── pkix (1)
04:29:52 INFO  PackageTree               :     │   │   │   └── jcajce (13)
04:29:52 INFO  PackageTree               :     │   │   ├── jce (13)
04:29:52 INFO  PackageTree               :     │   │   │   ├── spec (24)
04:29:52 INFO  PackageTree               :     │   │   │   ├── provider (73)
04:29:52 INFO  PackageTree               :     │   │   │   ├── interfaces (16)
04:29:52 INFO  PackageTree               :     │   │   │   ├── exception (5)
04:29:52 INFO  PackageTree               :     │   │   │   └── netscape (1)
04:29:52 INFO  PackageTree               :     │   │   ├── tsp (22)
04:29:52 INFO  PackageTree               :     │   │   │   └── cms (7)
04:29:52 INFO  PackageTree               :     │   │   ├── bcpg (56)
04:29:52 INFO  PackageTree               :     │   │   │   ├── sig (21)
04:29:52 INFO  PackageTree               :     │   │   │   └── attr (1)
04:29:52 INFO  PackageTree               :     │   │   ├── est (30)
04:29:52 INFO  PackageTree               :     │   │   │   └── jcajce (17)
04:29:52 INFO  PackageTree               :     │   │   ├── openssl (32)
04:29:52 INFO  PackageTree               :     │   │   │   ├── jcajce (17)
04:29:52 INFO  PackageTree               :     │   │   │   └── bc (3)
04:29:52 INFO  PackageTree               :     │   │   ├── util (29)
04:29:52 INFO  PackageTree               :     │   │   │   ├── io (6)
04:29:52 INFO  PackageTree               :     │   │   │   │   └── pem (7)
04:29:52 INFO  PackageTree               :     │   │   │   ├── test (17)
04:29:52 INFO  PackageTree               :     │   │   │   └── encoders (14)
04:29:52 INFO  PackageTree               :     │   │   ├── i18n (8)
04:29:52 INFO  PackageTree               :     │   │   │   └── filter (6)
04:29:52 INFO  PackageTree               :     │   │   ├── its
04:29:52 INFO  PackageTree               :     │   │   │   └── asn1 (50)
04:29:52 INFO  PackageTree               :     │   │   ├── apache
04:29:52 INFO  PackageTree               :     │   │   │   └── bzip2 (5)
04:29:52 INFO  PackageTree               :     │   │   ├── pkcs (15)
04:29:52 INFO  PackageTree               :     │   │   │   ├── jcajce (15)
04:29:52 INFO  PackageTree               :     │   │   │   └── bc (12)
04:29:52 INFO  PackageTree               :     │   │   ├── gpg (3)
04:29:52 INFO  PackageTree               :     │   │   │   └── keybox (11)
04:29:52 INFO  PackageTree               :     │   │   │       ├── jcajce (4)
04:29:52 INFO  PackageTree               :     │   │   │       └── bc (2)
04:29:52 INFO  PackageTree               :     │   │   ├── dvcs (21)
04:29:52 INFO  PackageTree               :     │   │   ├── mime (15)
04:29:52 INFO  PackageTree               :     │   │   │   ├── encoding (3)
04:29:52 INFO  PackageTree               :     │   │   │   └── smime (13)
04:29:52 INFO  PackageTree               :     │   │   ├── voms (2)
04:29:52 INFO  PackageTree               :     │   │   ├── cmc (2)
04:29:52 INFO  PackageTree               :     │   │   ├── iana (1)
04:29:52 INFO  PackageTree               :     │   │   └── mozilla (1)
04:29:52 INFO  PackageTree               :     │   │       └── jcajce (1)
04:29:52 INFO  PackageTree               :     │   ├── ocpsoft
04:29:52 INFO  PackageTree               :     │   │   └── prettytime (5)
04:29:52 INFO  PackageTree               :     │   │       ├── units (13)
04:29:52 INFO  PackageTree               :     │   │       ├── i18n (33)
04:29:52 INFO  PackageTree               :     │   │       ├── impl (4)
04:29:52 INFO  PackageTree               :     │   │       └── format (1)
04:29:52 INFO  PackageTree               :     │   ├── slf4j (8)
04:29:52 INFO  PackageTree               :     │   │   ├── helpers (15)
04:29:52 INFO  PackageTree               :     │   │   ├── spi (4)
04:29:52 INFO  PackageTree               :     │   │   ├── impl (3)
04:29:52 INFO  PackageTree               :     │   │   └── event (5)
04:29:52 INFO  PackageTree               :     │   └── mindrot
04:29:52 INFO  PackageTree               :     │       └── jbcrypt (1)
04:29:52 INFO  PackageTree               :     ├── android
04:29:52 INFO  PackageTree               :     │   ├── support
04:29:52 INFO  PackageTree               :     │   │   ├── design
04:29:52 INFO  PackageTree               :     │   │   │   ├── circularreveal (10)
04:29:52 INFO  PackageTree               :     │   │   │   │   └── cardview (1)
04:29:52 INFO  PackageTree               :     │   │   │   ├── widget (90)
04:29:52 INFO  PackageTree               :     │   │   │   ├── internal (7)
04:29:52 INFO  PackageTree               :     │   │   │   ├── transformation (15)
04:29:52 INFO  PackageTree               :     │   │   │   ├── behavior (2)
04:29:52 INFO  PackageTree               :     │   │   │   ├── stateful (2)
04:29:52 INFO  PackageTree               :     │   │   │   ├── resources (1)
04:29:52 INFO  PackageTree               :     │   │   │   ├── ripple (1)
04:29:52 INFO  PackageTree               :     │   │   │   ├── shape (2)
04:29:52 INFO  PackageTree               :     │   │   │   ├── bottomappbar (8)
04:29:52 INFO  PackageTree               :     │   │   │   ├── theme (1)
04:29:52 INFO  PackageTree               :     │   │   │   ├── animation (10)
04:29:52 INFO  PackageTree               :     │   │   │   ├── expandable (3)
04:29:52 INFO  PackageTree               :     │   │   │   ├── button (3)
04:29:52 INFO  PackageTree               :     │   │   │   └── snackbar (1)
04:29:52 INFO  PackageTree               :     │   │   ├── transition (72)
04:29:52 INFO  PackageTree               :     │   │   ├── v7
04:29:52 INFO  PackageTree               :     │   │   │   ├── widget (265)
04:29:52 INFO  PackageTree               :     │   │   │   │   ├── helper (1)
04:29:52 INFO  PackageTree               :     │   │   │   │   └── util (1)
04:29:52 INFO  PackageTree               :     │   │   │   ├── app (66)
04:29:52 INFO  PackageTree               :     │   │   │   ├── view (14)
04:29:52 INFO  PackageTree               :     │   │   │   │   └── menu (47)
04:29:52 INFO  PackageTree               :     │   │   │   ├── content
04:29:52 INFO  PackageTree               :     │   │   │   │   └── res (2)
04:29:52 INFO  PackageTree               :     │   │   │   ├── util (5)
04:29:52 INFO  PackageTree               :     │   │   │   └── graphics
04:29:52 INFO  PackageTree               :     │   │   │       └── drawable (14)
04:29:52 INFO  PackageTree               :     │   │   ├── v4
04:29:52 INFO  PackageTree               :     │   │   │   ├── widget (49)
04:29:52 INFO  PackageTree               :     │   │   │   ├── content (18)
04:29:52 INFO  PackageTree               :     │   │   │   │   └── res (15)
04:29:52 INFO  PackageTree               :     │   │   │   ├── text (13)
04:29:52 INFO  PackageTree               :     │   │   │   ├── app (93)
04:29:52 INFO  PackageTree               :     │   │   │   ├── provider (15)
04:29:52 INFO  PackageTree               :     │   │   │   ├── view (39)
04:29:52 INFO  PackageTree               :     │   │   │   │   ├── animation (4)
04:29:52 INFO  PackageTree               :     │   │   │   │   └── accessibility (9)
04:29:52 INFO  PackageTree               :     │   │   │   ├── util (23)
04:29:52 INFO  PackageTree               :     │   │   │   ├── graphics (14)
04:29:52 INFO  PackageTree               :     │   │   │   │   └── drawable (10)
04:29:52 INFO  PackageTree               :     │   │   │   ├── math (1)
04:29:52 INFO  PackageTree               :     │   │   │   ├── internal
04:29:52 INFO  PackageTree               :     │   │   │   │   └── view (3)
04:29:52 INFO  PackageTree               :     │   │   │   └── os (2)
04:29:52 INFO  PackageTree               :     │   │   ├── graphics
04:29:52 INFO  PackageTree               :     │   │   │   └── drawable (21)
04:29:52 INFO  PackageTree               :     │   │   └── annotation (1)
04:29:52 INFO  PackageTree               :     │   └── arch
04:29:52 INFO  PackageTree               :     │       ├── lifecycle (35)
04:29:52 INFO  PackageTree               :     │       └── core
04:29:52 INFO  PackageTree               :     │           ├── internal (8)
04:29:52 INFO  PackageTree               :     │           └── executor (5)
04:29:52 INFO  PackageTree               :     ├── ch
04:29:52 INFO  PackageTree               :     │   └── qos
04:29:52 INFO  PackageTree               :     │       └── logback
04:29:52 INFO  PackageTree               :     │           ├── core (18)
04:29:52 INFO  PackageTree               :     │           │   ├── spi (23)
04:29:52 INFO  PackageTree               :     │           │   ├── joran (2)
04:29:52 INFO  PackageTree               :     │           │   │   ├── action (22)
04:29:52 INFO  PackageTree               :     │           │   │   ├── event (6)
04:29:52 INFO  PackageTree               :     │           │   │   ├── util (7)
04:29:52 INFO  PackageTree               :     │           │   │   ├── spi (19)
04:29:52 INFO  PackageTree               :     │           │   │   └── node (1)
04:29:52 INFO  PackageTree               :     │           │   ├── pattern (13)
04:29:52 INFO  PackageTree               :     │           │   │   ├── parser (10)
04:29:52 INFO  PackageTree               :     │           │   │   └── util (5)
04:29:52 INFO  PackageTree               :     │           │   ├── rolling (13)
04:29:52 INFO  PackageTree               :     │           │   │   └── helper (21)
04:29:52 INFO  PackageTree               :     │           │   ├── read (1)
04:29:52 INFO  PackageTree               :     │           │   ├── net (17)
04:29:52 INFO  PackageTree               :     │           │   │   ├── ssl (15)
04:29:52 INFO  PackageTree               :     │           │   │   └── server (17)
04:29:52 INFO  PackageTree               :     │           │   ├── filter (3)
04:29:52 INFO  PackageTree               :     │           │   ├── html (4)
04:29:52 INFO  PackageTree               :     │           │   ├── util (26)
04:29:52 INFO  PackageTree               :     │           │   ├── sift (8)
04:29:52 INFO  PackageTree               :     │           │   ├── subst (8)
04:29:52 INFO  PackageTree               :     │           │   ├── status (13)
04:29:52 INFO  PackageTree               :     │           │   ├── recovery (4)
04:29:52 INFO  PackageTree               :     │           │   ├── encoder (8)
04:29:52 INFO  PackageTree               :     │           │   ├── helpers (4)
04:29:52 INFO  PackageTree               :     │           │   ├── property (2)
04:29:52 INFO  PackageTree               :     │           │   ├── boolex (3)
04:29:52 INFO  PackageTree               :     │           │   └── android (2)
04:29:52 INFO  PackageTree               :     │           └── classic (7)
04:29:52 INFO  PackageTree               :     │               ├── pattern (29)
04:29:52 INFO  PackageTree               :     │               ├── net (11)
04:29:52 INFO  PackageTree               :     │               │   └── server (8)
04:29:52 INFO  PackageTree               :     │               ├── turbo (10)
04:29:52 INFO  PackageTree               :     │               ├── filter (2)
04:29:52 INFO  PackageTree               :     │               ├── sift (6)
04:29:52 INFO  PackageTree               :     │               ├── spi (20)
04:29:52 INFO  PackageTree               :     │               ├── joran (1)
04:29:52 INFO  PackageTree               :     │               │   └── action (10)
04:29:52 INFO  PackageTree               :     │               ├── util (8)
04:29:52 INFO  PackageTree               :     │               ├── db (1)
04:29:52 INFO  PackageTree               :     │               │   └── names (5)
04:29:52 INFO  PackageTree               :     │               ├── html (4)
04:29:52 INFO  PackageTree               :     │               ├── boolex (3)
04:29:52 INFO  PackageTree               :     │               ├── encoder (1)
04:29:52 INFO  PackageTree               :     │               ├── log4j (1)
04:29:52 INFO  PackageTree               :     │               ├── android (8)
04:29:52 INFO  PackageTree               :     │               ├── selector (2)
04:29:52 INFO  PackageTree               :     │               └── jul (2)
04:29:52 INFO  PackageTree               :     ├── de
04:29:52 INFO  PackageTree               :     │   └── eidottermihi
04:29:52 INFO  PackageTree               :     │       └── rpicheck
04:29:52 INFO  PackageTree               :     │           ├── beans (3)
04:29:52 INFO  PackageTree               :     │           ├── fragment (20)
04:29:52 INFO  PackageTree               :     │           ├── activity (30)
04:29:52 INFO  PackageTree               :     │           │   └── helper (5)
04:29:52 INFO  PackageTree               :     │           ├── ssh (5)
04:29:52 INFO  PackageTree               :     │           │   ├── beans (9)
04:29:52 INFO  PackageTree               :     │           │   └── impl (3)
04:29:52 INFO  PackageTree               :     │           │       └── queries (7)
04:29:52 INFO  PackageTree               :     │           ├── widget (5)
04:29:52 INFO  PackageTree               :     │           ├── adapter (1)
04:29:52 INFO  PackageTree               :     │           └── db (4)
04:29:52 INFO  PackageTree               :     ├── net
04:29:52 INFO  PackageTree               :     │   ├── schmizz
04:29:52 INFO  PackageTree               :     │   │   ├── sshj (9)
04:29:52 INFO  PackageTree               :     │   │   │   ├── transport (15)
04:29:52 INFO  PackageTree               :     │   │   │   │   ├── verification (13)
04:29:52 INFO  PackageTree               :     │   │   │   │   ├── mac (16)
04:29:52 INFO  PackageTree               :     │   │   │   │   ├── digest (12)
04:29:52 INFO  PackageTree               :     │   │   │   │   ├── cipher (22)
04:29:52 INFO  PackageTree               :     │   │   │   │   ├── random (6)
04:29:52 INFO  PackageTree               :     │   │   │   │   ├── compression (8)
04:29:52 INFO  PackageTree               :     │   │   │   │   └── kex (25)
04:29:52 INFO  PackageTree               :     │   │   │   ├── xfer (13)
04:29:52 INFO  PackageTree               :     │   │   │   │   └── scp (13)
04:29:52 INFO  PackageTree               :     │   │   │   ├── connection (4)
04:29:52 INFO  PackageTree               :     │   │   │   │   └── channel (14)
04:29:52 INFO  PackageTree               :     │   │   │   │       ├── direct (14)
04:29:52 INFO  PackageTree               :     │   │   │   │       └── forwarded (11)
04:29:52 INFO  PackageTree               :     │   │   │   ├── userauth (6)
04:29:52 INFO  PackageTree               :     │   │   │   │   ├── keyprovider (17)
04:29:52 INFO  PackageTree               :     │   │   │   │   ├── method (14)
04:29:52 INFO  PackageTree               :     │   │   │   │   └── password (10)
04:29:52 INFO  PackageTree               :     │   │   │   ├── common (41)
04:29:52 INFO  PackageTree               :     │   │   │   ├── signature (13)
04:29:52 INFO  PackageTree               :     │   │   │   └── sftp (34)
04:29:52 INFO  PackageTree               :     │   │   ├── concurrent (5)
04:29:52 INFO  PackageTree               :     │   │   └── keepalive (6)
04:29:52 INFO  PackageTree               :     │   └── i2p
04:29:52 INFO  PackageTree               :     │       └── crypto
04:29:52 INFO  PackageTree               :     │           └── eddsa (10)
04:29:52 INFO  PackageTree               :     │               ├── math (8)
04:29:52 INFO  PackageTree               :     │               │   ├── ed25519 (3)
04:29:52 INFO  PackageTree               :     │               │   └── bigint (3)
04:29:52 INFO  PackageTree               :     │               └── spec (6)
04:29:52 INFO  PackageTree               :     ├── brut
04:29:52 INFO  PackageTree               :     │   ├── androlib (1)
04:29:52 INFO  PackageTree               :     │   │   └── res
04:29:52 INFO  PackageTree               :     │   │       ├── xml (1)
04:29:52 INFO  PackageTree               :     │   │       └── decoder (4)
04:29:52 INFO  PackageTree               :     │   ├── util (2)
04:29:52 INFO  PackageTree               :     │   └── common (1)
04:29:52 INFO  PackageTree               :     ├── io
04:29:52 INFO  PackageTree               :     │   └── freefair
04:29:52 INFO  PackageTree               :     │       └── android
04:29:52 INFO  PackageTree               :     │           ├── injection (2)
04:29:52 INFO  PackageTree               :     │           │   ├── helper (2)
04:29:52 INFO  PackageTree               :     │           │   ├── annotation (9)
04:29:52 INFO  PackageTree               :     │           │   ├── app (1)
04:29:52 INFO  PackageTree               :     │           │   ├── injector (5)
04:29:52 INFO  PackageTree               :     │           │   ├── reflection (1)
04:29:52 INFO  PackageTree               :     │           │   └── exceptions (2)
04:29:52 INFO  PackageTree               :     │           ├── util
04:29:52 INFO  PackageTree               :     │           │   ├── function (8)
04:29:52 INFO  PackageTree               :     │           │   └── logging (2)
04:29:52 INFO  PackageTree               :     │           └── preference (1)
04:29:52 INFO  PackageTree               :     ├── androidx
04:29:52 INFO  PackageTree               :     │   ├── core
04:29:52 INFO  PackageTree               :     │   │   └── graphics
04:29:52 INFO  PackageTree               :     │   │       └── drawable (1)
04:29:52 INFO  PackageTree               :     │   └── versionedparcelable (6)
04:29:52 INFO  PackageTree               :     ├── sheetrock
04:29:52 INFO  PackageTree               :     │   └── panda
04:29:52 INFO  PackageTree               :     │       └── changelog (5)
04:29:52 INFO  PackageTree               :     └── djb (2)
04:29:52 INFO  Profile                   : 
04:29:52 INFO  AppProfile                : - generated app package tree (in 51 ms)
04:29:52 INFO  AppProfile                : 
04:29:52 DEBUG HashTree                  : Generate hash tree..
04:29:53 DEBUG HashTree                  :     - generated 404 package hashes.
04:29:53 DEBUG HashTree                  :     - generated 6754 clazz hashes.
04:29:53 DEBUG HashTree                  :     - generated 42438 method hashes.
04:29:53 DEBUG HashTree                  :     => Library Hash: 33ad20776a26ecb1c00b36a32c6cdd4e
04:29:53 INFO  AppProfile                : - generated app hash trees (in 714 ms)
04:29:53 INFO  AppProfile                : 
04:29:53 INFO  LibraryIdentifier         : = Scan for library root packages (heuristic) =
04:29:53 INFO  LibraryIdentifier         :     - Found lib root package com.google.common  (Guava)
04:29:53 INFO  LibraryIdentifier         :     - Found lib root package org.ocpsoft.prettytime  (PrettyTime)
04:29:53 INFO  LibraryIdentifier         :     - Found lib root package android.arch.core.internal  (android.arch.core::common)
04:29:53 INFO  LibraryIdentifier         :     - Found lib root package android.arch.core  (android.arch.core::runtime)
04:29:53 INFO  LibraryIdentifier         :     - Found lib root package android.arch.lifecycle  (android.arch.lifecycle::common)
04:29:53 INFO  LibraryIdentifier         :     - Found lib root package android.arch.lifecycle  (android.arch.lifecycle::common-java8)
04:29:53 INFO  LibraryIdentifier         :     - Found lib root package android.arch.lifecycle  (android.arch.lifecycle::compiler)
04:29:53 INFO  LibraryIdentifier         :     - Found lib root package android.arch.lifecycle  (android.arch.lifecycle::extensions)
04:29:53 INFO  LibraryIdentifier         :     - Found lib root package android.arch.lifecycle  (android.arch.lifecycle::livedata)
04:29:53 INFO  LibraryIdentifier         :     - Found lib root package android.arch.lifecycle  (android.arch.lifecycle::livedata-core)
04:29:53 INFO  LibraryIdentifier         :     - Found lib root package android.arch.lifecycle  (android.arch.lifecycle::reactivestreams)
04:29:53 INFO  LibraryIdentifier         :     - Found lib root package android.arch.lifecycle  (android.arch.lifecycle::runtime)
04:29:53 INFO  LibraryIdentifier         :     - Found lib root package android.arch.lifecycle  (android.arch.lifecycle::viewmodel)
04:29:53 INFO  LibraryIdentifier         :     - Found lib root package androidx.core  (androidx.core::core)
04:29:53 INFO  LibraryIdentifier         :     - Found lib root package androidx  (androidx.core::core-ktx)
04:29:53 INFO  LibraryIdentifier         :     - Found lib root package androidx.versionedparcelable  (androidx.versionedparcelable::versionedparcelable)
04:29:53 INFO  LibraryIdentifier         :     - Found lib root package android.support.graphics.drawable  (com.android.support::animated-vector-drawable)
04:29:53 INFO  LibraryIdentifier         :     - Found lib root package android.support.v7  (com.android.support::appcompat-v7)
04:29:53 INFO  LibraryIdentifier         :     - Found lib root package android.support.v4.view  (com.android.support::asynclayoutinflater)
04:29:53 INFO  LibraryIdentifier         :     - Found lib root package android.support.v7.widget  (com.android.support::cardview-v7)
04:29:53 INFO  LibraryIdentifier         :     - Found lib root package android.support.v4.util  (com.android.support::collections)
04:29:53 INFO  LibraryIdentifier         :     - Found lib root package android.support.v4.widget  (com.android.support::cursoradapter)
04:29:53 INFO  LibraryIdentifier         :     - Found lib root package android.support.v4  (com.android.support::customview)
04:29:53 INFO  LibraryIdentifier         :     - Found lib root package android.support.design  (com.android.support::design)
04:29:53 INFO  LibraryIdentifier         :     - Found lib root package android.support.v4.provider  (com.android.support::documentfile)
04:29:53 INFO  LibraryIdentifier         :     - Found lib root package android.support.v4.widget  (com.android.support::drawerlayout)
04:29:53 INFO  LibraryIdentifier         :     - Found lib root package android.support.v7.widget  (com.android.support::gridlayout-v7)
04:29:53 INFO  LibraryIdentifier         :     - Found lib root package android.support.v4.view.animation  (com.android.support::interpolator)
04:29:53 INFO  LibraryIdentifier         :     - Found lib root package android.support.v4  (com.android.support::loader)
04:29:53 INFO  LibraryIdentifier         :     - Found lib root package android.support.v4.content  (com.android.support::localbroadcastmanager)
04:29:53 INFO  LibraryIdentifier         :     - Found lib root package android.support.v7  (com.android.support::mediarouter-v7)
04:29:53 INFO  LibraryIdentifier         :     - Found lib root package android.support.v7.graphics  (com.android.support::palette-v7)
04:29:53 INFO  LibraryIdentifier         :     - Found lib root package android.support.v7  (com.android.support::preference-v7)
04:29:53 INFO  LibraryIdentifier         :     - Found lib root package android.support.v7.widget  (com.android.support::recyclerview-v7)
04:29:53 INFO  LibraryIdentifier         :     - Found lib root package android.support.v4.widget  (com.android.support::slidingpanelayout)
04:29:53 INFO  LibraryIdentifier         :     - Found lib root package android.support.annotation  (com.android.support::support-annotations)
04:29:53 INFO  LibraryIdentifier         :     - Found lib root package android.support.v4  (com.android.support::support-compat)
04:29:53 INFO  LibraryIdentifier         :     - Found lib root package android.support.v4  (com.android.support::support-core-ui)
04:29:53 INFO  LibraryIdentifier         :     - Found lib root package android.support.v4  (com.android.support::support-core-utils)
04:29:53 INFO  LibraryIdentifier         :     - Found lib root package android.support.v4.app  (com.android.support::support-fragment)
04:29:53 INFO  LibraryIdentifier         :     - Found lib root package android.support.v4  (com.android.support::support-v4)
04:29:53 INFO  LibraryIdentifier         :     - Found lib root package android.support.graphics.drawable  (com.android.support::support-vector-drawable)
04:29:53 INFO  LibraryIdentifier         :     - Found lib root package android.support.v4.widget  (com.android.support::swiperefreshlayout)
04:29:53 INFO  LibraryIdentifier         :     - Found lib root package android.support.transition  (com.android.support::transition)
04:29:53 INFO  LibraryIdentifier         :     - Found lib root package androidx.versionedparcelable  (com.android.support::versionedparcelable)
04:29:53 INFO  LibraryIdentifier         :     - Found lib root package android.support.v4.view  (com.android.support::viewpager)
04:29:53 INFO  LibraryIdentifier         : 
04:29:53 INFO  LibraryIdentifier         : = Match profiles =
04:31:29 INFO  LibraryIdentifier         :     >> profile matching done (1 min, 35 sec, 966 ms)
04:31:29 INFO  LibraryIdentifier         : 
04:31:29 INFO  LibraryIdentifier         : == Report ==
04:31:29 INFO  LibraryIdentifier         : - Full library matches:
04:31:29 INFO  ProfileMatch              :                 name: com.google.firebase::firebase-ml-vision-image-label-model
04:31:29 INFO  ProfileMatch              :             category: Android
04:31:29 INFO  ProfileMatch              :              version: 20.0.0  [OLD VERSION]
04:31:29 INFO  ProfileMatch              :         release-date:  --
04:31:29 INFO  ProfileMatch              :     lib root package: "com.google.firebase.ml.vision.imagelabel"  (in app: "org.bouncycastle")
04:31:29 INFO  ProfileMatch              : 
04:31:29 INFO  ProfileMatch              :                 name: com.google.firebase::firebase-ml-vision-image-label-model
04:31:29 INFO  ProfileMatch              :             category: Android
04:31:29 INFO  ProfileMatch              :              version: 20.0.1  [OLD VERSION]
04:31:29 INFO  ProfileMatch              :         release-date:  --
04:31:29 INFO  ProfileMatch              :     lib root package: "com.google.firebase.ml.vision.imagelabel"  (in app: "org.bouncycastle")
04:31:29 INFO  ProfileMatch              : 
04:31:29 INFO  ProfileMatch              :                 name: com.google.firebase::firebase-ml-vision-image-label-model
04:31:29 INFO  ProfileMatch              :             category: Android
04:31:29 INFO  ProfileMatch              :              version: 20.0.2
04:31:29 INFO  ProfileMatch              :         release-date:  --
04:31:29 INFO  ProfileMatch              :     lib root package: "com.google.firebase.ml.vision.imagelabel"  (in app: "org.bouncycastle")
04:31:29 INFO  ProfileMatch              : 
04:31:29 INFO  ProfileMatch              :                 name: android.arch.core::common
04:31:29 INFO  ProfileMatch              :             category: Android
04:31:29 INFO  ProfileMatch              :              version: 1.0.0  [OLD VERSION]
04:31:29 INFO  ProfileMatch              :         release-date:  --
04:31:29 INFO  ProfileMatch              :     lib root package: "android.arch.core.internal"
04:31:29 INFO  ProfileMatch              : 
04:31:29 INFO  ProfileMatch              :                 name: android.arch.core::common
04:31:29 INFO  ProfileMatch              :             category: Android
04:31:29 INFO  ProfileMatch              :              version: 1.1.0  [OLD VERSION]
04:31:29 INFO  ProfileMatch              :         release-date:  --
04:31:29 INFO  ProfileMatch              :     lib root package: "android.arch.core.internal"
04:31:29 INFO  ProfileMatch              : 
04:31:29 INFO  ProfileMatch              :                 name: PrettyTime
04:31:29 INFO  ProfileMatch              :             category: Utilities
04:31:29 INFO  ProfileMatch              :              version: 2.1.0  [OLD VERSION]
04:31:29 INFO  ProfileMatch              :         release-date: 18.12.2012
04:31:29 INFO  ProfileMatch              :     lib root package: "org.ocpsoft.prettytime"
04:31:29 INFO  ProfileMatch              : 
04:31:29 INFO  ProfileMatch              :                 name: PrettyTime
04:31:29 INFO  ProfileMatch              :             category: Utilities
04:31:29 INFO  ProfileMatch              :              version: 2.1.1.Final  [OLD VERSION]
04:31:29 INFO  ProfileMatch              :         release-date: 19.12.2012
04:31:29 INFO  ProfileMatch              :     lib root package: "org.ocpsoft.prettytime"
04:31:29 INFO  ProfileMatch              : 
04:31:29 INFO  ProfileMatch              :                 name: PrettyTime
04:31:29 INFO  ProfileMatch              :             category: Utilities
04:31:29 INFO  ProfileMatch              :              version: 2.1.2.Final  [OLD VERSION]
04:31:29 INFO  ProfileMatch              :         release-date: 28.12.2012
04:31:29 INFO  ProfileMatch              :     lib root package: "org.ocpsoft.prettytime"
04:31:29 INFO  ProfileMatch              : 
04:31:29 INFO  ProfileMatch              :                 name: androidx.palette::palette-ktx
04:31:29 INFO  ProfileMatch              :             category: Android
04:31:29 INFO  ProfileMatch              :              version: 1.0.0
04:31:29 INFO  ProfileMatch              :         release-date:  --
04:31:29 INFO  ProfileMatch              :     lib root package: "androidx.palette.graphics"  (in app: "org.bouncycastle.est")
04:31:29 INFO  ProfileMatch              : 
04:31:29 INFO  ProfileMatch              :                 name: com.android.support::interpolator
04:31:29 INFO  ProfileMatch              :             category: Android
04:31:29 INFO  ProfileMatch              :              version: 28.0.0
04:31:29 INFO  ProfileMatch              :         release-date:  --
04:31:29 INFO  ProfileMatch              :     lib root package: "android.support.v4.view.animation"
04:31:29 INFO  ProfileMatch              : 
04:31:29 INFO  ProfileMatch              :                 name: androidx.interpolator::interpolator
04:31:29 INFO  ProfileMatch              :             category: Android
04:31:29 INFO  ProfileMatch              :              version: 1.0.0
04:31:29 INFO  ProfileMatch              :         release-date:  --
04:31:29 INFO  ProfileMatch              :     lib root package: "androidx.interpolator.view.animation"  (in app: "android.support.v4.view.animation")
04:31:29 INFO  ProfileMatch              : 
04:31:29 INFO  ProfileMatch              :                 name: Facebook
04:31:29 INFO  ProfileMatch              :             category: SocialMedia
04:31:29 INFO  ProfileMatch              :              version: 4.27.0  [OLD VERSION]
04:31:29 INFO  ProfileMatch              :         release-date: 26.09.2017
04:31:29 INFO  ProfileMatch              :     lib root package: "com.facebook.all"  (in app: "org.bouncycastle")
04:31:29 INFO  ProfileMatch              : 
04:31:29 INFO  ProfileMatch              :                 name: Facebook
04:31:29 INFO  ProfileMatch              :             category: SocialMedia
04:31:29 INFO  ProfileMatch              :              version: 4.28.0  [OLD VERSION]
04:31:29 INFO  ProfileMatch              :         release-date: 07.11.2017
04:31:29 INFO  ProfileMatch              :     lib root package: "com.facebook.all"  (in app: "org.bouncycastle")
04:31:29 INFO  ProfileMatch              : 
04:31:29 INFO  ProfileMatch              :                 name: Facebook
04:31:29 INFO  ProfileMatch              :             category: SocialMedia
04:31:29 INFO  ProfileMatch              :              version: 4.29.0  [OLD VERSION]
04:31:29 INFO  ProfileMatch              :         release-date: 05.12.2017
04:31:29 INFO  ProfileMatch              :     lib root package: "com.facebook.all"  (in app: "org.bouncycastle")
04:31:29 INFO  ProfileMatch              : 
04:31:29 INFO  ProfileMatch              :                 name: Facebook
04:31:29 INFO  ProfileMatch              :             category: SocialMedia
04:31:29 INFO  ProfileMatch              :              version: 4.30.0  [OLD VERSION]
04:31:29 INFO  ProfileMatch              :         release-date: 24.01.2018
04:31:29 INFO  ProfileMatch              :     lib root package: "com.facebook.all"  (in app: "org.bouncycastle")
04:31:29 INFO  ProfileMatch              : 
04:31:29 INFO  ProfileMatch              :                 name: Facebook
04:31:29 INFO  ProfileMatch              :             category: SocialMedia
04:31:29 INFO  ProfileMatch              :              version: 4.31.0  [OLD VERSION]
04:31:29 INFO  ProfileMatch              :         release-date: 28.02.2018
04:31:29 INFO  ProfileMatch              :     lib root package: "com.facebook.all"  (in app: "org.bouncycastle")
04:31:29 INFO  ProfileMatch              : 
04:31:29 INFO  ProfileMatch              :                 name: Facebook
04:31:29 INFO  ProfileMatch              :             category: SocialMedia
04:31:29 INFO  ProfileMatch              :              version: 4.32.0  [OLD VERSION]
04:31:29 INFO  ProfileMatch              :         release-date: 11.04.2018
04:31:29 INFO  ProfileMatch              :     lib root package: "com.facebook.all"  (in app: "org.bouncycastle")
04:31:29 INFO  ProfileMatch              : 
04:31:29 INFO  ProfileMatch              :                 name: Facebook
04:31:29 INFO  ProfileMatch              :             category: SocialMedia
04:31:29 INFO  ProfileMatch              :              version: 4.33.0  [OLD VERSION]
04:31:29 INFO  ProfileMatch              :         release-date: 01.05.2018
04:31:29 INFO  ProfileMatch              :     lib root package: "com.facebook.all"  (in app: "org.bouncycastle")
04:31:29 INFO  ProfileMatch              : 
04:31:29 INFO  ProfileMatch              :                 name: Facebook
04:31:29 INFO  ProfileMatch              :             category: SocialMedia
04:31:29 INFO  ProfileMatch              :              version: 4.34.0  [OLD VERSION]
04:31:29 INFO  ProfileMatch              :         release-date: 19.06.2018
04:31:29 INFO  ProfileMatch              :     lib root package: "com.facebook.all"  (in app: "org.bouncycastle")
04:31:29 INFO  ProfileMatch              : 
04:31:29 INFO  ProfileMatch              :                 name: Facebook
04:31:29 INFO  ProfileMatch              :             category: SocialMedia
04:31:29 INFO  ProfileMatch              :              version: 4.35.0  [OLD VERSION]
04:31:29 INFO  ProfileMatch              :         release-date: 26.07.2018
04:31:29 INFO  ProfileMatch              :     lib root package: "com.facebook.all"  (in app: "org.bouncycastle")
04:31:29 INFO  ProfileMatch              : 
04:31:29 INFO  ProfileMatch              :                 name: Facebook
04:31:29 INFO  ProfileMatch              :             category: SocialMedia
04:31:29 INFO  ProfileMatch              :              version: 4.36.0  [OLD VERSION]
04:31:29 INFO  ProfileMatch              :         release-date: 29.08.2018
04:31:29 INFO  ProfileMatch              :     lib root package: "com.facebook.all"  (in app: "org.bouncycastle")
04:31:29 INFO  ProfileMatch              : 
04:31:29 INFO  ProfileMatch              :                 name: Facebook
04:31:29 INFO  ProfileMatch              :             category: SocialMedia
04:31:29 INFO  ProfileMatch              :              version: 4.36.1  [OLD VERSION]
04:31:29 INFO  ProfileMatch              :         release-date: 15.09.2018
04:31:29 INFO  ProfileMatch              :     lib root package: "com.facebook.all"  (in app: "org.bouncycastle")
04:31:29 INFO  ProfileMatch              : 
04:31:29 INFO  ProfileMatch              :                 name: Facebook
04:31:29 INFO  ProfileMatch              :             category: SocialMedia
04:31:29 INFO  ProfileMatch              :              version: 4.37.0  [OLD VERSION]
04:31:29 INFO  ProfileMatch              :         release-date: 27.09.2018
04:31:29 INFO  ProfileMatch              :     lib root package: "com.facebook.all"  (in app: "org.bouncycastle")
04:31:29 INFO  ProfileMatch              : 
04:31:29 INFO  ProfileMatch              :                 name: Facebook
04:31:29 INFO  ProfileMatch              :             category: SocialMedia
04:31:29 INFO  ProfileMatch              :              version: 4.38.0  [OLD VERSION]
04:31:29 INFO  ProfileMatch              :         release-date: 23.10.2018
04:31:29 INFO  ProfileMatch              :     lib root package: "com.facebook.all"  (in app: "org.bouncycastle")
04:31:29 INFO  ProfileMatch              : 
04:31:29 INFO  ProfileMatch              :                 name: Facebook
04:31:29 INFO  ProfileMatch              :             category: SocialMedia
04:31:29 INFO  ProfileMatch              :              version: 4.38.1  [OLD VERSION]
04:31:29 INFO  ProfileMatch              :         release-date: 31.10.2018
04:31:29 INFO  ProfileMatch              :     lib root package: "com.facebook.all"  (in app: "org.bouncycastle")
04:31:29 INFO  ProfileMatch              : 
04:31:29 INFO  ProfileMatch              :                 name: Facebook
04:31:29 INFO  ProfileMatch              :             category: SocialMedia
04:31:29 INFO  ProfileMatch              :              version: 4.39.0  [OLD VERSION]
04:31:29 INFO  ProfileMatch              :         release-date: 05.12.2018
04:31:29 INFO  ProfileMatch              :     lib root package: "com.facebook.all"  (in app: "org.bouncycastle")
04:31:29 INFO  ProfileMatch              : 
04:31:29 INFO  ProfileMatch              :                 name: Facebook
04:31:29 INFO  ProfileMatch              :             category: SocialMedia
04:31:29 INFO  ProfileMatch              :              version: 4.40.0  [OLD VERSION]
04:31:29 INFO  ProfileMatch              :         release-date: 22.01.2019
04:31:29 INFO  ProfileMatch              :     lib root package: "com.facebook.all"  (in app: "org.bouncycastle")
04:31:29 INFO  ProfileMatch              : 
04:31:29 INFO  ProfileMatch              :                 name: Facebook
04:31:29 INFO  ProfileMatch              :             category: SocialMedia
04:31:29 INFO  ProfileMatch              :              version: 4.41.0  [OLD VERSION]
04:31:29 INFO  ProfileMatch              :         release-date: 08.03.2019
04:31:29 INFO  ProfileMatch              :     lib root package: "com.facebook.all"  (in app: "org.bouncycastle")
04:31:29 INFO  ProfileMatch              : 
04:31:29 INFO  ProfileMatch              :                 name: Facebook
04:31:29 INFO  ProfileMatch              :             category: SocialMedia
04:31:29 INFO  ProfileMatch              :              version: 4.42.0  [OLD VERSION]
04:31:29 INFO  ProfileMatch              :         release-date: 08.04.2019
04:31:29 INFO  ProfileMatch              :     lib root package: "com.facebook.all"  (in app: "org.bouncycastle")
04:31:29 INFO  ProfileMatch              : 
04:31:29 INFO  ProfileMatch              :                 name: Facebook
04:31:29 INFO  ProfileMatch              :             category: SocialMedia
04:31:29 INFO  ProfileMatch              :              version: 5.0.0  [OLD VERSION]
04:31:29 INFO  ProfileMatch              :         release-date: 30.04.2019
04:31:29 INFO  ProfileMatch              :     lib root package: "com.facebook.all"  (in app: "org.bouncycastle")
04:31:29 INFO  ProfileMatch              : 
04:31:29 INFO  ProfileMatch              :                 name: Facebook
04:31:29 INFO  ProfileMatch              :             category: SocialMedia
04:31:29 INFO  ProfileMatch              :              version: 5.0.1  [OLD VERSION]
04:31:29 INFO  ProfileMatch              :         release-date: 17.05.2019
04:31:29 INFO  ProfileMatch              :     lib root package: "com.facebook.all"  (in app: "org.bouncycastle")
04:31:29 INFO  ProfileMatch              : 
04:31:29 INFO  ProfileMatch              :                 name: Facebook
04:31:29 INFO  ProfileMatch              :             category: SocialMedia
04:31:29 INFO  ProfileMatch              :              version: 5.0.2  [OLD VERSION]
04:31:29 INFO  ProfileMatch              :         release-date: 09.06.2019
04:31:29 INFO  ProfileMatch              :     lib root package: "com.facebook.all"  (in app: "org.bouncycastle")
04:31:29 INFO  ProfileMatch              : 
04:31:29 INFO  ProfileMatch              :                 name: Facebook
04:31:29 INFO  ProfileMatch              :             category: SocialMedia
04:31:29 INFO  ProfileMatch              :              version: 5.0.3  [OLD VERSION]
04:31:29 INFO  ProfileMatch              :         release-date: 14.06.2019
04:31:29 INFO  ProfileMatch              :     lib root package: "com.facebook.all"  (in app: "org.bouncycastle")
04:31:29 INFO  ProfileMatch              : 
04:31:29 INFO  ProfileMatch              :                 name: Facebook
04:31:29 INFO  ProfileMatch              :             category: SocialMedia
04:31:29 INFO  ProfileMatch              :              version: 5.1.0  [OLD VERSION]
04:31:29 INFO  ProfileMatch              :         release-date: 21.06.2019
04:31:29 INFO  ProfileMatch              :     lib root package: "com.facebook.all"  (in app: "org.bouncycastle")
04:31:29 INFO  ProfileMatch              : 
04:31:29 INFO  ProfileMatch              :                 name: Facebook
04:31:29 INFO  ProfileMatch              :             category: SocialMedia
04:31:29 INFO  ProfileMatch              :              version: 5.1.1  [OLD VERSION]
04:31:29 INFO  ProfileMatch              :         release-date: 02.07.2019
04:31:29 INFO  ProfileMatch              :     lib root package: "com.facebook.all"  (in app: "org.bouncycastle")
04:31:29 INFO  ProfileMatch              : 
04:31:29 INFO  ProfileMatch              :                 name: Facebook
04:31:29 INFO  ProfileMatch              :             category: SocialMedia
04:31:29 INFO  ProfileMatch              :              version: 5.2.0  [OLD VERSION]
04:31:29 INFO  ProfileMatch              :         release-date: 29.07.2019
04:31:29 INFO  ProfileMatch              :     lib root package: "com.facebook.all"  (in app: "org.bouncycastle")
04:31:29 INFO  ProfileMatch              : 
04:31:29 INFO  ProfileMatch              :                 name: Facebook
04:31:29 INFO  ProfileMatch              :             category: SocialMedia
04:31:29 INFO  ProfileMatch              :              version: 5.4.0  [OLD VERSION]
04:31:29 INFO  ProfileMatch              :         release-date: 16.08.2019
04:31:29 INFO  ProfileMatch              :     lib root package: "com.facebook.all"  (in app: "org.bouncycastle")
04:31:29 INFO  ProfileMatch              : 
04:31:29 INFO  ProfileMatch              :                 name: Facebook
04:31:29 INFO  ProfileMatch              :             category: SocialMedia
04:31:29 INFO  ProfileMatch              :              version: 5.5.0  [OLD VERSION]
04:31:29 INFO  ProfileMatch              :         release-date: 31.08.2019
04:31:29 INFO  ProfileMatch              :     lib root package: "com.facebook.all"  (in app: "org.bouncycastle")
04:31:29 INFO  ProfileMatch              : 
04:31:29 INFO  ProfileMatch              :                 name: Facebook
04:31:29 INFO  ProfileMatch              :             category: SocialMedia
04:31:29 INFO  ProfileMatch              :              version: 5.5.1  [OLD VERSION]
04:31:29 INFO  ProfileMatch              :         release-date: 06.09.2019
04:31:29 INFO  ProfileMatch              :     lib root package: "com.facebook.all"  (in app: "org.bouncycastle")
04:31:29 INFO  ProfileMatch              : 
04:31:29 INFO  ProfileMatch              :                 name: Facebook
04:31:29 INFO  ProfileMatch              :             category: SocialMedia
04:31:29 INFO  ProfileMatch              :              version: 5.5.2  [OLD VERSION]
04:31:29 INFO  ProfileMatch              :         release-date: 05.10.2019
04:31:29 INFO  ProfileMatch              :     lib root package: "com.facebook.all"  (in app: "org.bouncycastle")
04:31:29 INFO  ProfileMatch              : 
04:31:29 INFO  ProfileMatch              :                 name: Facebook
04:31:29 INFO  ProfileMatch              :             category: SocialMedia
04:31:29 INFO  ProfileMatch              :              version: 5.8.0  [OLD VERSION]
04:31:29 INFO  ProfileMatch              :         release-date: 08.10.2019
04:31:29 INFO  ProfileMatch              :     lib root package: "com.facebook.all"  (in app: "org.bouncycastle")
04:31:29 INFO  ProfileMatch              : 
04:31:29 INFO  ProfileMatch              :                 name: Facebook
04:31:29 INFO  ProfileMatch              :             category: SocialMedia
04:31:29 INFO  ProfileMatch              :              version: 5.9.0  [OLD VERSION]
04:31:29 INFO  ProfileMatch              :         release-date: 29.10.2019
04:31:29 INFO  ProfileMatch              :     lib root package: "com.facebook.all"  (in app: "org.bouncycastle")
04:31:29 INFO  ProfileMatch              : 
04:31:29 INFO  ProfileMatch              :                 name: Facebook
04:31:29 INFO  ProfileMatch              :             category: SocialMedia
04:31:29 INFO  ProfileMatch              :              version: 5.11.0  [OLD VERSION]
04:31:29 INFO  ProfileMatch              :         release-date: 15.11.2019
04:31:29 INFO  ProfileMatch              :     lib root package: "com.facebook.all"  (in app: "org.bouncycastle")
04:31:29 INFO  ProfileMatch              : 
04:31:29 INFO  ProfileMatch              :                 name: Facebook
04:31:29 INFO  ProfileMatch              :             category: SocialMedia
04:31:29 INFO  ProfileMatch              :              version: 5.11.1  [OLD VERSION]
04:31:29 INFO  ProfileMatch              :         release-date: 21.11.2019
04:31:29 INFO  ProfileMatch              :     lib root package: "com.facebook.all"  (in app: "org.bouncycastle")
04:31:29 INFO  ProfileMatch              : 
04:31:29 INFO  ProfileMatch              :                 name: Facebook
04:31:29 INFO  ProfileMatch              :             category: SocialMedia
04:31:29 INFO  ProfileMatch              :              version: 5.11.2  [OLD VERSION]
04:31:29 INFO  ProfileMatch              :         release-date: 22.11.2019
04:31:29 INFO  ProfileMatch              :     lib root package: "com.facebook.all"  (in app: "org.bouncycastle")
04:31:29 INFO  ProfileMatch              : 
04:31:29 INFO  ProfileMatch              :                 name: Facebook
04:31:29 INFO  ProfileMatch              :             category: SocialMedia
04:31:29 INFO  ProfileMatch              :              version: 5.12.0  [OLD VERSION]
04:31:29 INFO  ProfileMatch              :         release-date: 04.12.2019
04:31:29 INFO  ProfileMatch              :     lib root package: "com.facebook.all"  (in app: "org.bouncycastle")
04:31:29 INFO  ProfileMatch              : 
04:31:29 INFO  ProfileMatch              :                 name: Facebook
04:31:29 INFO  ProfileMatch              :             category: SocialMedia
04:31:29 INFO  ProfileMatch              :              version: 5.12.1  [OLD VERSION]
04:31:29 INFO  ProfileMatch              :         release-date: 09.12.2019
04:31:29 INFO  ProfileMatch              :     lib root package: "com.facebook.all"  (in app: "org.bouncycastle")
04:31:29 INFO  ProfileMatch              : 
04:31:29 INFO  ProfileMatch              :                 name: Facebook
04:31:29 INFO  ProfileMatch              :             category: SocialMedia
04:31:29 INFO  ProfileMatch              :              version: 5.13.0  [OLD VERSION]
04:31:29 INFO  ProfileMatch              :         release-date: 12.12.2019
04:31:29 INFO  ProfileMatch              :     lib root package: "com.facebook.all"  (in app: "org.bouncycastle")
04:31:29 INFO  ProfileMatch              : 
04:31:29 INFO  ProfileMatch              :                 name: Facebook
04:31:29 INFO  ProfileMatch              :             category: SocialMedia
04:31:29 INFO  ProfileMatch              :              version: 5.15.0  [OLD VERSION]
04:31:29 INFO  ProfileMatch              :         release-date: 21.01.2020
04:31:29 INFO  ProfileMatch              :     lib root package: "com.facebook.all"  (in app: "org.bouncycastle")
04:31:29 INFO  ProfileMatch              : 
04:31:29 INFO  ProfileMatch              :                 name: Facebook
04:31:29 INFO  ProfileMatch              :             category: SocialMedia
04:31:29 INFO  ProfileMatch              :              version: 5.15.1  [OLD VERSION]
04:31:29 INFO  ProfileMatch              :         release-date: 29.01.2020
04:31:29 INFO  ProfileMatch              :     lib root package: "com.facebook.all"  (in app: "org.bouncycastle")
04:31:29 INFO  ProfileMatch              : 
04:31:29 INFO  ProfileMatch              :                 name: Facebook
04:31:29 INFO  ProfileMatch              :             category: SocialMedia
04:31:29 INFO  ProfileMatch              :              version: 5.15.2  [OLD VERSION]
04:31:29 INFO  ProfileMatch              :         release-date: 03.02.2020
04:31:29 INFO  ProfileMatch              :     lib root package: "com.facebook.all"  (in app: "org.bouncycastle")
04:31:29 INFO  ProfileMatch              : 
04:31:29 INFO  ProfileMatch              :                 name: Facebook
04:31:29 INFO  ProfileMatch              :             category: SocialMedia
04:31:29 INFO  ProfileMatch              :              version: 5.15.3  [OLD VERSION]
04:31:29 INFO  ProfileMatch              :         release-date: 03.02.2020
04:31:29 INFO  ProfileMatch              :     lib root package: "com.facebook.all"  (in app: "org.bouncycastle")
04:31:29 INFO  ProfileMatch              : 
04:31:29 INFO  ProfileMatch              :                 name: Facebook
04:31:29 INFO  ProfileMatch              :             category: SocialMedia
04:31:29 INFO  ProfileMatch              :              version: 6.0.0  [OLD VERSION]
04:31:29 INFO  ProfileMatch              :         release-date: 03.02.2020
04:31:29 INFO  ProfileMatch              :     lib root package: "com.facebook.all"  (in app: "org.bouncycastle")
04:31:29 INFO  ProfileMatch              : 
04:31:29 INFO  ProfileMatch              :                 name: Facebook
04:31:29 INFO  ProfileMatch              :             category: SocialMedia
04:31:29 INFO  ProfileMatch              :              version: 6.1.0  [OLD VERSION]
04:31:29 INFO  ProfileMatch              :         release-date: 14.02.2020
04:31:29 INFO  ProfileMatch              :     lib root package: "com.facebook.all"  (in app: "org.bouncycastle")
04:31:29 INFO  ProfileMatch              : 
04:31:29 INFO  ProfileMatch              :                 name: Facebook
04:31:29 INFO  ProfileMatch              :             category: SocialMedia
04:31:29 INFO  ProfileMatch              :              version: 6.2.0  [OLD VERSION]
04:31:29 INFO  ProfileMatch              :         release-date: 09.03.2020
04:31:29 INFO  ProfileMatch              :     lib root package: "com.facebook.all"  (in app: "org.bouncycastle")
04:31:29 INFO  ProfileMatch              : 
04:31:29 INFO  ProfileMatch              :                 name: Facebook
04:31:29 INFO  ProfileMatch              :             category: SocialMedia
04:31:29 INFO  ProfileMatch              :              version: 6.3.0  [OLD VERSION]
04:31:29 INFO  ProfileMatch              :         release-date: 25.03.2020
04:31:29 INFO  ProfileMatch              :     lib root package: "com.facebook.all"  (in app: "org.bouncycastle")
04:31:29 INFO  ProfileMatch              : 
04:31:29 INFO  ProfileMatch              :                 name: Facebook
04:31:29 INFO  ProfileMatch              :             category: SocialMedia
04:31:29 INFO  ProfileMatch              :              version: 6.4.0  [OLD VERSION]
04:31:29 INFO  ProfileMatch              :         release-date: 15.04.2020
04:31:29 INFO  ProfileMatch              :     lib root package: "com.facebook.all"  (in app: "org.bouncycastle")
04:31:29 INFO  ProfileMatch              : 
04:31:29 INFO  ProfileMatch              :                 name: Facebook
04:31:29 INFO  ProfileMatch              :             category: SocialMedia
04:31:29 INFO  ProfileMatch              :              version: 6.5.0  [OLD VERSION]
04:31:29 INFO  ProfileMatch              :         release-date: 20.04.2020
04:31:29 INFO  ProfileMatch              :     lib root package: "com.facebook.all"  (in app: "org.bouncycastle")
04:31:29 INFO  ProfileMatch              : 
04:31:29 INFO  ProfileMatch              :                 name: Facebook
04:31:29 INFO  ProfileMatch              :             category: SocialMedia
04:31:29 INFO  ProfileMatch              :              version: 6.5.1  [OLD VERSION]
04:31:29 INFO  ProfileMatch              :         release-date: 23.04.2020
04:31:29 INFO  ProfileMatch              :     lib root package: "com.facebook.all"  (in app: "org.bouncycastle")
04:31:29 INFO  ProfileMatch              : 
04:31:29 INFO  ProfileMatch              :                 name: Facebook
04:31:29 INFO  ProfileMatch              :             category: SocialMedia
04:31:29 INFO  ProfileMatch              :              version: 7.0.0  [OLD VERSION]
04:31:29 INFO  ProfileMatch              :         release-date: 05.05.2020
04:31:29 INFO  ProfileMatch              :     lib root package: "com.facebook.all"  (in app: "org.bouncycastle")
04:31:29 INFO  ProfileMatch              : 
04:31:29 INFO  ProfileMatch              :                 name: Facebook
04:31:29 INFO  ProfileMatch              :             category: SocialMedia
04:31:29 INFO  ProfileMatch              :              version: 7.0.1  [OLD VERSION]
04:31:29 INFO  ProfileMatch              :         release-date: 09.06.2020
04:31:29 INFO  ProfileMatch              :     lib root package: "com.facebook.all"  (in app: "org.bouncycastle")
04:31:29 INFO  ProfileMatch              : 
04:31:29 INFO  ProfileMatch              :                 name: Facebook
04:31:29 INFO  ProfileMatch              :             category: SocialMedia
04:31:29 INFO  ProfileMatch              :              version: 7.1.0  [OLD VERSION]
04:31:29 INFO  ProfileMatch              :         release-date: 23.06.2020
04:31:29 INFO  ProfileMatch              :     lib root package: "com.facebook.all"  (in app: "org.bouncycastle")
04:31:29 INFO  ProfileMatch              : 
04:31:29 INFO  ProfileMatch              :                 name: Facebook
04:31:29 INFO  ProfileMatch              :             category: SocialMedia
04:31:29 INFO  ProfileMatch              :              version: 8.0.0  [OLD VERSION]
04:31:29 INFO  ProfileMatch              :         release-date: 28.09.2020
04:31:29 INFO  ProfileMatch              :     lib root package: "com.facebook.all"  (in app: "org.bouncycastle")
04:31:29 INFO  ProfileMatch              : 
04:31:29 INFO  ProfileMatch              :                 name: Facebook
04:31:29 INFO  ProfileMatch              :             category: SocialMedia
04:31:29 INFO  ProfileMatch              :              version: 8.1.0  [OLD VERSION]
04:31:29 INFO  ProfileMatch              :         release-date: 14.10.2020
04:31:29 INFO  ProfileMatch              :     lib root package: "com.facebook.all"  (in app: "org.bouncycastle")
04:31:29 INFO  ProfileMatch              : 
04:31:29 INFO  ProfileMatch              :                 name: Facebook
04:31:29 INFO  ProfileMatch              :             category: SocialMedia
04:31:29 INFO  ProfileMatch              :              version: 8.2.0  [OLD VERSION]
04:31:29 INFO  ProfileMatch              :         release-date: 18.12.2020
04:31:29 INFO  ProfileMatch              :     lib root package: "com.facebook.all"  (in app: "org.bouncycastle")
04:31:29 INFO  ProfileMatch              : 
04:31:29 INFO  ProfileMatch              :                 name: Facebook
04:31:29 INFO  ProfileMatch              :             category: SocialMedia
04:31:29 INFO  ProfileMatch              :              version: 9.0.0  [OLD VERSION]
04:31:29 INFO  ProfileMatch              :         release-date: 19.01.2021
04:31:29 INFO  ProfileMatch              :     lib root package: "com.facebook.all"  (in app: "org.bouncycastle")
04:31:29 INFO  ProfileMatch              : 
04:31:29 INFO  ProfileMatch              :                 name: Facebook
04:31:29 INFO  ProfileMatch              :             category: SocialMedia
04:31:29 INFO  ProfileMatch              :              version: 9.1.0  [OLD VERSION]
04:31:29 INFO  ProfileMatch              :         release-date: 15.03.2021
04:31:29 INFO  ProfileMatch              :     lib root package: "com.facebook.all"  (in app: "org.bouncycastle")
04:31:29 INFO  ProfileMatch              : 
04:31:29 INFO  ProfileMatch              :                 name: Facebook
04:31:29 INFO  ProfileMatch              :             category: SocialMedia
04:31:29 INFO  ProfileMatch              :              version: 9.1.1  [OLD VERSION]
04:31:29 INFO  ProfileMatch              :         release-date: 12.04.2021
04:31:29 INFO  ProfileMatch              :     lib root package: "com.facebook.all"  (in app: "org.bouncycastle")
04:31:29 INFO  ProfileMatch              : 
04:31:29 INFO  ProfileMatch              :                 name: Facebook
04:31:29 INFO  ProfileMatch              :             category: SocialMedia
04:31:29 INFO  ProfileMatch              :              version: 11.0.0  [OLD VERSION]
04:31:29 INFO  ProfileMatch              :         release-date: 08.06.2021
04:31:29 INFO  ProfileMatch              :     lib root package: "com.facebook.all"  (in app: "org.bouncycastle")
04:31:29 INFO  ProfileMatch              : 
04:31:29 INFO  ProfileMatch              :                 name: Facebook
04:31:29 INFO  ProfileMatch              :             category: SocialMedia
04:31:29 INFO  ProfileMatch              :              version: 11.1.0  [OLD VERSION]
04:31:29 INFO  ProfileMatch              :         release-date: 06.07.2021
04:31:29 INFO  ProfileMatch              :     lib root package: "com.facebook.all"  (in app: "org.bouncycastle")
04:31:29 INFO  ProfileMatch              : 
04:31:29 INFO  ProfileMatch              :                 name: Facebook
04:31:29 INFO  ProfileMatch              :             category: SocialMedia
04:31:29 INFO  ProfileMatch              :              version: 11.1.1  [OLD VERSION]
04:31:29 INFO  ProfileMatch              :         release-date: 19.07.2021
04:31:29 INFO  ProfileMatch              :     lib root package: "com.facebook.all"  (in app: "org.bouncycastle")
04:31:29 INFO  ProfileMatch              : 
04:31:29 INFO  ProfileMatch              :                 name: Facebook
04:31:29 INFO  ProfileMatch              :             category: SocialMedia
04:31:29 INFO  ProfileMatch              :              version: 11.2.0  [OLD VERSION]
04:31:29 INFO  ProfileMatch              :         release-date: 03.08.2021
04:31:29 INFO  ProfileMatch              :     lib root package: "com.facebook.all"  (in app: "org.bouncycastle")
04:31:29 INFO  ProfileMatch              : 
04:31:29 INFO  ProfileMatch              :                 name: Facebook
04:31:29 INFO  ProfileMatch              :             category: SocialMedia
04:31:29 INFO  ProfileMatch              :              version: 11.3.0  [OLD VERSION]
04:31:29 INFO  ProfileMatch              :         release-date: 07.09.2021
04:31:29 INFO  ProfileMatch              :     lib root package: "com.facebook.all"  (in app: "org.bouncycastle")
04:31:29 INFO  ProfileMatch              : 
04:31:29 INFO  ProfileMatch              :                 name: Facebook
04:31:29 INFO  ProfileMatch              :             category: SocialMedia
04:31:29 INFO  ProfileMatch              :              version: 12.0.0  [OLD VERSION]
04:31:29 INFO  ProfileMatch              :         release-date: 05.10.2021
04:31:29 INFO  ProfileMatch              :     lib root package: "com.facebook.all"  (in app: "org.bouncycastle")
04:31:29 INFO  ProfileMatch              : 
04:31:29 INFO  ProfileMatch              :                 name: Facebook
04:31:29 INFO  ProfileMatch              :             category: SocialMedia
04:31:29 INFO  ProfileMatch              :              version: 12.0.1  [OLD VERSION]
04:31:29 INFO  ProfileMatch              :         release-date: 13.10.2021
04:31:29 INFO  ProfileMatch              :     lib root package: "com.facebook.all"  (in app: "org.bouncycastle")
04:31:29 INFO  ProfileMatch              : 
04:31:29 INFO  ProfileMatch              :                 name: Facebook
04:31:29 INFO  ProfileMatch              :             category: SocialMedia
04:31:29 INFO  ProfileMatch              :              version: 12.1.0  [OLD VERSION]
04:31:29 INFO  ProfileMatch              :         release-date: 01.11.2021
04:31:29 INFO  ProfileMatch              :     lib root package: "com.facebook.all"  (in app: "org.bouncycastle")
04:31:29 INFO  ProfileMatch              : 
04:31:29 INFO  ProfileMatch              :                 name: Facebook
04:31:29 INFO  ProfileMatch              :             category: SocialMedia
04:31:29 INFO  ProfileMatch              :              version: 12.2.0  [OLD VERSION]
04:31:29 INFO  ProfileMatch              :         release-date: 06.12.2021
04:31:29 INFO  ProfileMatch              :     lib root package: "com.facebook.all"  (in app: "org.bouncycastle")
04:31:29 INFO  ProfileMatch              : 
04:31:29 INFO  ProfileMatch              :                 name: Facebook
04:31:29 INFO  ProfileMatch              :             category: SocialMedia
04:31:29 INFO  ProfileMatch              :              version: 12.3.0  [OLD VERSION]
04:31:29 INFO  ProfileMatch              :         release-date: 10.01.2022
04:31:29 INFO  ProfileMatch              :     lib root package: "com.facebook.all"  (in app: "org.bouncycastle")
04:31:29 INFO  ProfileMatch              : 
04:31:29 INFO  ProfileMatch              :                 name: Facebook
04:31:29 INFO  ProfileMatch              :             category: SocialMedia
04:31:29 INFO  ProfileMatch              :              version: 13.0.0  [OLD VERSION]
04:31:29 INFO  ProfileMatch              :         release-date: 23.02.2022
04:31:29 INFO  ProfileMatch              :     lib root package: "com.facebook.all"  (in app: "org.bouncycastle")
04:31:29 INFO  ProfileMatch              : 
04:31:29 INFO  ProfileMatch              :                 name: Facebook
04:31:29 INFO  ProfileMatch              :             category: SocialMedia
04:31:29 INFO  ProfileMatch              :              version: 13.1.0  [OLD VERSION]
04:31:29 INFO  ProfileMatch              :         release-date: 21.03.2022
04:31:29 INFO  ProfileMatch              :     lib root package: "com.facebook.all"  (in app: "org.bouncycastle")
04:31:29 INFO  ProfileMatch              : 
04:31:29 INFO  ProfileMatch              :                 name: Facebook
04:31:29 INFO  ProfileMatch              :             category: SocialMedia
04:31:29 INFO  ProfileMatch              :              version: 13.2.0  [OLD VERSION]
04:31:29 INFO  ProfileMatch              :         release-date: 22.04.2022
04:31:29 INFO  ProfileMatch              :     lib root package: "com.facebook.all"  (in app: "org.bouncycastle")
04:31:29 INFO  ProfileMatch              : 
04:31:29 INFO  ProfileMatch              :                 name: Facebook
04:31:29 INFO  ProfileMatch              :             category: SocialMedia
04:31:29 INFO  ProfileMatch              :              version: 14.0.0
04:31:29 INFO  ProfileMatch              :         release-date: 14.06.2022
04:31:29 INFO  ProfileMatch              :     lib root package: "com.facebook.all"  (in app: "org.bouncycastle")
04:31:29 INFO  ProfileMatch              : 
04:31:29 INFO  LibraryIdentifier         : 
04:31:29 INFO  LibraryIdentifier         : - Partial library matches:
04:31:30 INFO  LibraryIdentifier         : 
04:31:30 INFO  LibraryIdentifier         : App processing time: 1 min, 38 sec, 819 ms
