02:50:43 INFO  LibraryIdentifier         : Process app: de.jbservices.nc_passwords_app_20.apk
02:50:43 INFO  LibraryIdentifier         : = Manifest Parser =
02:50:43 INFO  LibraryIdentifier         :         Package name: de.jbservices.nc_passwords_app
02:50:43 INFO  LibraryIdentifier         :         Version code: 20
02:50:43 INFO  LibraryIdentifier         :        minSdkVersion: 22
02:50:43 INFO  LibraryIdentifier         :     targetSdkVersion: 31
02:50:43 INFO  LibraryIdentifier         :         SharedUserId:  - none -
02:50:43 INFO  LibraryIdentifier         :     Library dependencies:  - none -
02:50:43 INFO  LibraryIdentifier         : 
02:50:43 INFO  LibraryIdentifier         : Found 402 unique libraries in 12405 library profiles
02:50:43 INFO  LibraryIdentifier         : Generated class hierarchy (in 639 ms)
02:50:44 INFO  WalaUtils                 : 
02:50:44 INFO  WalaUtils                 : = ClassHierarchy Stats =
02:50:44 INFO  WalaUtils                 :     # of classes: 5016
02:50:44 INFO  WalaUtils                 :     # thereof inner classes: 2500
02:50:44 INFO  WalaUtils                 :     # thereof public classes: 2798
02:50:44 INFO  WalaUtils                 :         Activity : 12
02:50:44 INFO  WalaUtils                 :         Application : 1
02:50:44 INFO  WalaUtils                 :         AsyncTask : 0
02:50:44 INFO  WalaUtils                 :         BroadcastReceiver : 4
02:50:44 INFO  WalaUtils                 :         ContentProvider : 3
02:50:44 INFO  WalaUtils                 :         Fragment : 1
02:50:44 INFO  WalaUtils                 :         Handler : 3
02:50:44 INFO  WalaUtils                 :         LayoutContainer : 59
02:50:44 INFO  WalaUtils                 :         Plain : 4885
02:50:44 INFO  WalaUtils                 :         Runnable : 0
02:50:44 INFO  WalaUtils                 :         Service : 2
02:50:44 INFO  WalaUtils                 :         Thread : 2
02:50:44 INFO  WalaUtils                 :         View : 44
02:50:44 INFO  WalaUtils                 :     # methods: 31427
02:50:44 INFO  WalaUtils                 :         # of publicly accessible methods: 20504
02:50:44 INFO  WalaUtils                 :         # of non-accessible methods: 10923
02:50:44 INFO  WalaUtils                 : 
02:50:44 INFO  Profile                   : = PackageTree =
02:50:44 INFO  PackageTree               : Root Package: kotlin
02:50:44 INFO  PackageTree               : └── Root
02:50:44 INFO  PackageTree               :     ├── b
02:50:44 INFO  PackageTree               :     │   ├── h (3)
02:50:44 INFO  PackageTree               :     │   │   ├── m (54)
02:50:44 INFO  PackageTree               :     │   │   │   └── b0 (19)
02:50:44 INFO  PackageTree               :     │   │   ├── l (7)
02:50:44 INFO  PackageTree               :     │   │   ├── i (3)
02:50:44 INFO  PackageTree               :     │   │   ├── e (16)
02:50:44 INFO  PackageTree               :     │   │   ├── d (5)
02:50:44 INFO  PackageTree               :     │   │   │   └── d (18)
02:50:44 INFO  PackageTree               :     │   │   ├── f
02:50:44 INFO  PackageTree               :     │   │   │   └── a (5)
02:50:44 INFO  PackageTree               :     │   │   ├── k (16)
02:50:44 INFO  PackageTree               :     │   │   ├── g
02:50:44 INFO  PackageTree               :     │   │   │   └── a (3)
02:50:44 INFO  PackageTree               :     │   │   ├── j (15)
02:50:44 INFO  PackageTree               :     │   │   └── h (1)
02:50:44 INFO  PackageTree               :     │   ├── a (10)
02:50:44 INFO  PackageTree               :     │   │   ├── n (14)
02:50:44 INFO  PackageTree               :     │   │   ├── l
02:50:44 INFO  PackageTree               :     │   │   │   └── a (14)
02:50:44 INFO  PackageTree               :     │   │   ├── k
02:50:44 INFO  PackageTree               :     │   │   │   └── a (2)
02:50:44 INFO  PackageTree               :     │   │   └── m (2)
02:50:44 INFO  PackageTree               :     │   ├── r (74)
02:50:44 INFO  PackageTree               :     │   ├── e (15)
02:50:44 INFO  PackageTree               :     │   ├── l
02:50:44 INFO  PackageTree               :     │   │   └── a
02:50:44 INFO  PackageTree               :     │   │       └── a (4)
02:50:44 INFO  PackageTree               :     │   ├── f
02:50:44 INFO  PackageTree               :     │   │   ├── b (16)
02:50:44 INFO  PackageTree               :     │   │   │   └── k (14)
02:50:44 INFO  PackageTree               :     │   │   │       └── m (21)
02:50:44 INFO  PackageTree               :     │   │   └── a
02:50:44 INFO  PackageTree               :     │   │       ├── b (1)
02:50:44 INFO  PackageTree               :     │   │       └── a (1)
02:50:44 INFO  PackageTree               :     │   ├── c (1)
02:50:44 INFO  PackageTree               :     │   │   └── b (15)
02:50:44 INFO  PackageTree               :     │   ├── t (13)
02:50:44 INFO  PackageTree               :     │   │   └── k (28)
02:50:44 INFO  PackageTree               :     │   ├── j
02:50:44 INFO  PackageTree               :     │   │   ├── b (12)
02:50:44 INFO  PackageTree               :     │   │   └── a (3)
02:50:44 INFO  PackageTree               :     │   ├── s
02:50:44 INFO  PackageTree               :     │   │   └── a
02:50:44 INFO  PackageTree               :     │   │       └── a (20)
02:50:44 INFO  PackageTree               :     │   ├── o
02:50:44 INFO  PackageTree               :     │   │   └── a (9)
02:50:44 INFO  PackageTree               :     │   ├── m
02:50:44 INFO  PackageTree               :     │   │   ├── a (6)
02:50:44 INFO  PackageTree               :     │   │   └── b (1)
02:50:44 INFO  PackageTree               :     │   ├── p (1)
02:50:44 INFO  PackageTree               :     │   │   └── b (19)
02:50:44 INFO  PackageTree               :     │   ├── g (3)
02:50:44 INFO  PackageTree               :     │   ├── d
02:50:44 INFO  PackageTree               :     │   │   └── a (11)
02:50:44 INFO  PackageTree               :     │   ├── n (3)
02:50:44 INFO  PackageTree               :     │   ├── b
02:50:44 INFO  PackageTree               :     │   │   └── a
02:50:44 INFO  PackageTree               :     │   │       ├── a (4)
02:50:44 INFO  PackageTree               :     │   │       └── b (8)
02:50:44 INFO  PackageTree               :     │   ├── i
02:50:44 INFO  PackageTree               :     │   │   └── a (6)
02:50:44 INFO  PackageTree               :     │   ├── q (2)
02:50:44 INFO  PackageTree               :     │   └── k (3)
02:50:44 INFO  PackageTree               :     ├── com
02:50:44 INFO  PackageTree               :     │   ├── pichillilorenzo
02:50:44 INFO  PackageTree               :     │   │   └── flutter_inappwebview (37)
02:50:44 INFO  PackageTree               :     │   │       ├── types (26)
02:50:44 INFO  PackageTree               :     │   │       ├── chrome_custom_tabs (12)
02:50:44 INFO  PackageTree               :     │   │       ├── credential_database (9)
02:50:44 INFO  PackageTree               :     │   │       ├── in_app_browser (9)
02:50:44 INFO  PackageTree               :     │   │       ├── in_app_webview (62)
02:50:44 INFO  PackageTree               :     │   │       ├── content_blocker (8)
02:50:44 INFO  PackageTree               :     │   │       ├── pull_to_refresh (4)
02:50:44 INFO  PackageTree               :     │   │       ├── plugin_scripts_js (10)
02:50:44 INFO  PackageTree               :     │   │       └── headless_in_app_webview (2)
02:50:44 INFO  PackageTree               :     │   ├── google
02:50:44 INFO  PackageTree               :     │   │   └── android
02:50:44 INFO  PackageTree               :     │   │       └── material
02:50:44 INFO  PackageTree               :     │   │           ├── transformation (15)
02:50:44 INFO  PackageTree               :     │   │           ├── bottomsheet (10)
02:50:44 INFO  PackageTree               :     │   │           ├── snackbar (35)
02:50:44 INFO  PackageTree               :     │   │           ├── internal (29)
02:50:44 INFO  PackageTree               :     │   │           ├── behavior (7)
02:50:44 INFO  PackageTree               :     │   │           ├── textfield (46)
02:50:44 INFO  PackageTree               :     │   │           ├── datepicker (49)
02:50:44 INFO  PackageTree               :     │   │           ├── appbar (21)
02:50:44 INFO  PackageTree               :     │   │           ├── floatingactionbutton (31)
02:50:44 INFO  PackageTree               :     │   │           ├── bottomappbar (13)
02:50:44 INFO  PackageTree               :     │   │           ├── theme (1)
02:50:44 INFO  PackageTree               :     │   │           │   └── a (1)
02:50:44 INFO  PackageTree               :     │   │           ├── chip (11)
02:50:44 INFO  PackageTree               :     │   │           ├── button (6)
02:50:44 INFO  PackageTree               :     │   │           └── textview (1)
02:50:44 INFO  PackageTree               :     │   ├── shinow
02:50:44 INFO  PackageTree               :     │   │   └── qrscan (11)
02:50:44 INFO  PackageTree               :     │   ├── uuzuche
02:50:44 INFO  PackageTree               :     │   │   └── lib_zxing
02:50:44 INFO  PackageTree               :     │   │       ├── activity (9)
02:50:44 INFO  PackageTree               :     │   │       └── view (2)
02:50:44 INFO  PackageTree               :     │   └── squareup
02:50:44 INFO  PackageTree               :     │       └── picasso (1)
02:50:44 INFO  PackageTree               :     ├── androidx
02:50:44 INFO  PackageTree               :     │   ├── appcompat
02:50:44 INFO  PackageTree               :     │   │   ├── widget (162)
02:50:44 INFO  PackageTree               :     │   │   ├── app (69)
02:50:44 INFO  PackageTree               :     │   │   └── view
02:50:44 INFO  PackageTree               :     │   │       └── menu (43)
02:50:44 INFO  PackageTree               :     │   ├── biometric (74)
02:50:44 INFO  PackageTree               :     │   ├── lifecycle (52)
02:50:44 INFO  PackageTree               :     │   │   ├── a0 (1)
02:50:44 INFO  PackageTree               :     │   │   └── z (1)
02:50:44 INFO  PackageTree               :     │   ├── recyclerview
02:50:44 INFO  PackageTree               :     │   │   └── widget (108)
02:50:44 INFO  PackageTree               :     │   ├── fragment
02:50:44 INFO  PackageTree               :     │   │   └── app (117)
02:50:44 INFO  PackageTree               :     │   ├── versionedparcelable (6)
02:50:44 INFO  PackageTree               :     │   ├── coordinatorlayout
02:50:44 INFO  PackageTree               :     │   │   └── widget (13)
02:50:44 INFO  PackageTree               :     │   ├── core
02:50:44 INFO  PackageTree               :     │   │   ├── app (29)
02:50:44 INFO  PackageTree               :     │   │   ├── widget (20)
02:50:44 INFO  PackageTree               :     │   │   └── graphics
02:50:44 INFO  PackageTree               :     │   │       └── drawable (8)
02:50:44 INFO  PackageTree               :     │   ├── activity (16)
02:50:44 INFO  PackageTree               :     │   │   ├── result (14)
02:50:44 INFO  PackageTree               :     │   │   │   └── f (4)
02:50:44 INFO  PackageTree               :     │   │   └── d (2)
02:50:44 INFO  PackageTree               :     │   ├── constraintlayout
02:50:44 INFO  PackageTree               :     │   │   └── widget (25)
02:50:44 INFO  PackageTree               :     │   ├── annotation (1)
02:50:44 INFO  PackageTree               :     │   ├── viewpager2
02:50:44 INFO  PackageTree               :     │   │   └── adapter (6)
02:50:44 INFO  PackageTree               :     │   ├── savedstate (10)
02:50:44 INFO  PackageTree               :     │   └── browser
02:50:44 INFO  PackageTree               :     │       └── browseractions (1)
02:50:44 INFO  PackageTree               :     ├── kotlin (35)
02:50:44 INFO  PackageTree               :     │   ├── n0 (16)
02:50:44 INFO  PackageTree               :     │   │   ├── p (2)
02:50:44 INFO  PackageTree               :     │   │   │   └── c (135)
02:50:44 INFO  PackageTree               :     │   │   │       ├── p0
02:50:44 INFO  PackageTree               :     │   │   │       │   ├── j (31)
02:50:44 INFO  PackageTree               :     │   │   │       │   │   ├── t (32)
02:50:44 INFO  PackageTree               :     │   │   │       │   │   │   └── o (7)
02:50:44 INFO  PackageTree               :     │   │   │       │   │   ├── q (6)
02:50:44 INFO  PackageTree               :     │   │   │       │   │   ├── s (2)
02:50:44 INFO  PackageTree               :     │   │   │       │   │   ├── o (39)
02:50:44 INFO  PackageTree               :     │   │   │       │   │   ├── n
02:50:44 INFO  PackageTree               :     │   │   │       │   │   │   └── a (6)
02:50:44 INFO  PackageTree               :     │   │   │       │   │   ├── r (4)
02:50:44 INFO  PackageTree               :     │   │   │       │   │   └── p (2)
02:50:44 INFO  PackageTree               :     │   │   │       │   ├── m (106)
02:50:44 INFO  PackageTree               :     │   │   │       │   │   ├── k1 (42)
02:50:44 INFO  PackageTree               :     │   │   │       │   │   ├── l1 (2)
02:50:44 INFO  PackageTree               :     │   │   │       │   │   ├── o1 (7)
02:50:44 INFO  PackageTree               :     │   │   │       │   │   ├── m1 (18)
02:50:44 INFO  PackageTree               :     │   │   │       │   │   └── n1 (3)
02:50:44 INFO  PackageTree               :     │   │   │       │   ├── d
02:50:44 INFO  PackageTree               :     │   │   │       │   │   ├── b (52)
02:50:44 INFO  PackageTree               :     │   │   │       │   │   │   └── b0 (11)
02:50:44 INFO  PackageTree               :     │   │   │       │   │   └── a (42)
02:50:44 INFO  PackageTree               :     │   │   │       │   │       ├── a0 (21)
02:50:44 INFO  PackageTree               :     │   │   │       │   │       │   ├── n (61)
02:50:44 INFO  PackageTree               :     │   │   │       │   │       │   └── o (16)
02:50:44 INFO  PackageTree               :     │   │   │       │   │       ├── d0 (62)
02:50:44 INFO  PackageTree               :     │   │   │       │   │       ├── y (22)
02:50:44 INFO  PackageTree               :     │   │   │       │   │       ├── z (14)
02:50:44 INFO  PackageTree               :     │   │   │       │   │       ├── c0 (29)
02:50:44 INFO  PackageTree               :     │   │   │       │   │       └── b0 (2)
02:50:44 INFO  PackageTree               :     │   │   │       │   ├── e (85)
02:50:44 INFO  PackageTree               :     │   │   │       │   │   ├── z (17)
02:50:44 INFO  PackageTree               :     │   │   │       │   │   ├── a0 (17)
02:50:44 INFO  PackageTree               :     │   │   │       │   │   │   └── b (12)
02:50:44 INFO  PackageTree               :     │   │   │       │   │   └── y (3)
02:50:44 INFO  PackageTree               :     │   │   │       │   ├── n (36)
02:50:44 INFO  PackageTree               :     │   │   │       │   │   ├── n (1)
02:50:44 INFO  PackageTree               :     │   │   │       │   │   └── m (1)
02:50:44 INFO  PackageTree               :     │   │   │       │   ├── b (89)
02:50:44 INFO  PackageTree               :     │   │   │       │   │   ├── f1
02:50:44 INFO  PackageTree               :     │   │   │       │   │   │   ├── a (17)
02:50:44 INFO  PackageTree               :     │   │   │       │   │   │   └── b (36)
02:50:44 INFO  PackageTree               :     │   │   │       │   │   ├── c1 (22)
02:50:44 INFO  PackageTree               :     │   │   │       │   │   ├── e1 (70)
02:50:44 INFO  PackageTree               :     │   │   │       │   │   └── d1 (9)
02:50:44 INFO  PackageTree               :     │   │   │       │   ├── k (1)
02:50:44 INFO  PackageTree               :     │   │   │       │   │   └── b (54)
02:50:44 INFO  PackageTree               :     │   │   │       │   │       ├── g0 (43)
02:50:44 INFO  PackageTree               :     │   │   │       │   │       └── f0 (5)
02:50:44 INFO  PackageTree               :     │   │   │       │   ├── o (33)
02:50:44 INFO  PackageTree               :     │   │   │       │   ├── c (1)
02:50:44 INFO  PackageTree               :     │   │   │       │   │   └── b (8)
02:50:44 INFO  PackageTree               :     │   │   │       │   ├── h (66)
02:50:44 INFO  PackageTree               :     │   │   │       │   ├── a (25)
02:50:44 INFO  PackageTree               :     │   │   │       │   │   ├── n (11)
02:50:44 INFO  PackageTree               :     │   │   │       │   │   └── o (31)
02:50:44 INFO  PackageTree               :     │   │   │       │   ├── l (32)
02:50:44 INFO  PackageTree               :     │   │   │       │   ├── i (43)
02:50:44 INFO  PackageTree               :     │   │   │       │   ├── f (9)
02:50:44 INFO  PackageTree               :     │   │   │       │   └── g (1)
02:50:44 INFO  PackageTree               :     │   │   │       ├── o0 (45)
02:50:44 INFO  PackageTree               :     │   │   │       └── q0 (6)
02:50:44 INFO  PackageTree               :     │   │   └── o (2)
02:50:44 INFO  PackageTree               :     │   ├── f0 (55)
02:50:44 INFO  PackageTree               :     │   │   └── s0 (3)
02:50:44 INFO  PackageTree               :     │   ├── jvm
02:50:44 INFO  PackageTree               :     │   │   └── internal (28)
02:50:44 INFO  PackageTree               :     │   │       └── z (2)
02:50:44 INFO  PackageTree               :     │   ├── o0 (28)
02:50:44 INFO  PackageTree               :     │   ├── g0 (4)
02:50:44 INFO  PackageTree               :     │   ├── k0 (2)
02:50:44 INFO  PackageTree               :     │   │   └── c (23)
02:50:44 INFO  PackageTree               :     │   ├── h0 (1)
02:50:44 INFO  PackageTree               :     │   ├── p0 (25)
02:50:44 INFO  PackageTree               :     │   ├── l0 (3)
02:50:44 INFO  PackageTree               :     │   ├── m0 (8)
02:50:44 INFO  PackageTree               :     │   ├── i0 (4)
02:50:44 INFO  PackageTree               :     │   │   └── d (1)
02:50:44 INFO  PackageTree               :     │   └── j0 (1)
02:50:44 INFO  PackageTree               :     ├── de
02:50:44 INFO  PackageTree               :     │   └── jbservices
02:50:44 INFO  PackageTree               :     │       ├── autofill_service (59)
02:50:44 INFO  PackageTree               :     │       └── nc_passwords_app (1)
02:50:44 INFO  PackageTree               :     ├── io
02:50:44 INFO  PackageTree               :     │   └── flutter
02:50:44 INFO  PackageTree               :     │       ├── embedding
02:50:44 INFO  PackageTree               :     │       │   ├── android (48)
02:50:44 INFO  PackageTree               :     │       │   └── engine (16)
02:50:44 INFO  PackageTree               :     │       │       ├── j (51)
02:50:44 INFO  PackageTree               :     │       │       ├── f (8)
02:50:44 INFO  PackageTree               :     │       │       ├── mutatorsstack (5)
02:50:44 INFO  PackageTree               :     │       │       ├── h (8)
02:50:44 INFO  PackageTree               :     │       │       ├── i (4)
02:50:44 INFO  PackageTree               :     │       │       │   ├── f (2)
02:50:44 INFO  PackageTree               :     │       │       │   ├── c (4)
02:50:44 INFO  PackageTree               :     │       │       │   ├── g (3)
02:50:44 INFO  PackageTree               :     │       │       │   ├── e (2)
02:50:44 INFO  PackageTree               :     │       │       │   ├── d (2)
02:50:44 INFO  PackageTree               :     │       │       │   └── h (1)
02:50:44 INFO  PackageTree               :     │       │       ├── renderer (8)
02:50:44 INFO  PackageTree               :     │       │       ├── plugins
02:50:44 INFO  PackageTree               :     │       │       │   └── lifecycle (2)
02:50:44 INFO  PackageTree               :     │       │       └── g (1)
02:50:44 INFO  PackageTree               :     │       ├── plugin
02:50:44 INFO  PackageTree               :     │       │   ├── platform (25)
02:50:44 INFO  PackageTree               :     │       │   └── editing (14)
02:50:44 INFO  PackageTree               :     │       ├── view (31)
02:50:44 INFO  PackageTree               :     │       ├── plugins (1)
02:50:44 INFO  PackageTree               :     │       │   ├── b (7)
02:50:44 INFO  PackageTree               :     │       │   ├── urllauncher (9)
02:50:44 INFO  PackageTree               :     │       │   ├── localauth (12)
02:50:44 INFO  PackageTree               :     │       │   └── a (1)
02:50:44 INFO  PackageTree               :     │       └── app (2)
02:50:44 INFO  PackageTree               :     ├── c
02:50:44 INFO  PackageTree               :     │   ├── c
02:50:44 INFO  PackageTree               :     │   │   ├── c
02:50:44 INFO  PackageTree               :     │   │   │   └── a (29)
02:50:44 INFO  PackageTree               :     │   │   │       ├── y (78)
02:50:44 INFO  PackageTree               :     │   │   │       ├── a0 (36)
02:50:44 INFO  PackageTree               :     │   │   │       ├── z
02:50:44 INFO  PackageTree               :     │   │   │       │   └── a (147)
02:50:44 INFO  PackageTree               :     │   │   │       ├── w (9)
02:50:44 INFO  PackageTree               :     │   │   │       ├── t (31)
02:50:44 INFO  PackageTree               :     │   │   │       │   └── m (2)
02:50:44 INFO  PackageTree               :     │   │   │       ├── u (6)
02:50:44 INFO  PackageTree               :     │   │   │       ├── v
02:50:44 INFO  PackageTree               :     │   │   │       │   └── a (7)
02:50:44 INFO  PackageTree               :     │   │   │       └── x (1)
02:50:44 INFO  PackageTree               :     │   │   ├── d (17)
02:50:44 INFO  PackageTree               :     │   │   │   ├── v (17)
02:50:44 INFO  PackageTree               :     │   │   │   │   └── r (6)
02:50:44 INFO  PackageTree               :     │   │   │   │       └── g (4)
02:50:44 INFO  PackageTree               :     │   │   │   │           └── e (20)
02:50:44 INFO  PackageTree               :     │   │   │   ├── r (2)
02:50:44 INFO  PackageTree               :     │   │   │   │   ├── c (2)
02:50:44 INFO  PackageTree               :     │   │   │   │   └── d (2)
02:50:44 INFO  PackageTree               :     │   │   │   ├── w (3)
02:50:44 INFO  PackageTree               :     │   │   │   │   ├── d (11)
02:50:44 INFO  PackageTree               :     │   │   │   │   │   └── k (3)
02:50:44 INFO  PackageTree               :     │   │   │   │   └── e (2)
02:50:44 INFO  PackageTree               :     │   │   │   ├── u (1)
02:50:44 INFO  PackageTree               :     │   │   │   │   └── b (3)
02:50:44 INFO  PackageTree               :     │   │   │   ├── x (2)
02:50:44 INFO  PackageTree               :     │   │   │   │   ├── d (8)
02:50:44 INFO  PackageTree               :     │   │   │   │   ├── c (20)
02:50:44 INFO  PackageTree               :     │   │   │   │   └── e (6)
02:50:44 INFO  PackageTree               :     │   │   │   ├── s (12)
02:50:44 INFO  PackageTree               :     │   │   │   │   ├── m (2)
02:50:44 INFO  PackageTree               :     │   │   │   │   └── n (5)
02:50:44 INFO  PackageTree               :     │   │   │   └── t (1)
02:50:44 INFO  PackageTree               :     │   │   │       ├── b (8)
02:50:44 INFO  PackageTree               :     │   │   │       └── c (3)
02:50:44 INFO  PackageTree               :     │   │   ├── a
02:50:44 INFO  PackageTree               :     │   │   │   └── a (11)
02:50:44 INFO  PackageTree               :     │   │   │       ├── a0 (28)
02:50:44 INFO  PackageTree               :     │   │   │       ├── x (9)
02:50:44 INFO  PackageTree               :     │   │   │       ├── p (9)
02:50:44 INFO  PackageTree               :     │   │   │       │   └── e (1)
02:50:44 INFO  PackageTree               :     │   │   │       ├── l (11)
02:50:44 INFO  PackageTree               :     │   │   │       ├── y (3)
02:50:44 INFO  PackageTree               :     │   │   │       ├── b0 (2)
02:50:44 INFO  PackageTree               :     │   │   │       ├── s (1)
02:50:44 INFO  PackageTree               :     │   │   │       ├── n (3)
02:50:44 INFO  PackageTree               :     │   │   │       ├── t (1)
02:50:44 INFO  PackageTree               :     │   │   │       ├── o (1)
02:50:44 INFO  PackageTree               :     │   │   │       ├── z (2)
02:50:44 INFO  PackageTree               :     │   │   │       ├── u (2)
02:50:44 INFO  PackageTree               :     │   │   │       ├── r (1)
02:50:44 INFO  PackageTree               :     │   │   │       ├── w (1)
02:50:44 INFO  PackageTree               :     │   │   │       ├── m (1)
02:50:44 INFO  PackageTree               :     │   │   │       ├── v (1)
02:50:44 INFO  PackageTree               :     │   │   │       └── q (1)
02:50:44 INFO  PackageTree               :     │   │   └── b
02:50:44 INFO  PackageTree               :     │   │       ├── b
02:50:44 INFO  PackageTree               :     │   │       │   └── a (23)
02:50:44 INFO  PackageTree               :     │   │       │       └── i (2)
02:50:44 INFO  PackageTree               :     │   │       └── a (6)
02:50:44 INFO  PackageTree               :     │   ├── e
02:50:44 INFO  PackageTree               :     │   │   └── a (62)
02:50:44 INFO  PackageTree               :     │   │       └── x (5)
02:50:44 INFO  PackageTree               :     │   ├── d
02:50:44 INFO  PackageTree               :     │   │   └── a (3)
02:50:44 INFO  PackageTree               :     │   │       └── e (3)
02:50:44 INFO  PackageTree               :     │   ├── f
02:50:44 INFO  PackageTree               :     │   │   └── a (17)
02:50:44 INFO  PackageTree               :     │   │       ├── f (10)
02:50:44 INFO  PackageTree               :     │   │       └── e (1)
02:50:44 INFO  PackageTree               :     │   ├── g
02:50:44 INFO  PackageTree               :     │   │   └── a (7)
02:50:44 INFO  PackageTree               :     │   │       ├── h (7)
02:50:44 INFO  PackageTree               :     │   │       └── i (8)
02:50:44 INFO  PackageTree               :     │   ├── a
02:50:44 INFO  PackageTree               :     │   │   └── a (12)
02:50:44 INFO  PackageTree               :     │   └── b
02:50:44 INFO  PackageTree               :     │       └── a (1)
02:50:44 INFO  PackageTree               :     ├── h (29)
02:50:44 INFO  PackageTree               :     ├── g (47)
02:50:44 INFO  PackageTree               :     │   └── k0 (4)
02:50:44 INFO  PackageTree               :     │       ├── i (12)
02:50:44 INFO  PackageTree               :     │       ├── l (10)
02:50:44 INFO  PackageTree               :     │       ├── h (15)
02:50:44 INFO  PackageTree               :     │       ├── k (39)
02:50:44 INFO  PackageTree               :     │       ├── j (7)
02:50:44 INFO  PackageTree               :     │       ├── n (5)
02:50:44 INFO  PackageTree               :     │       ├── g (6)
02:50:44 INFO  PackageTree               :     │       └── m (1)
02:50:44 INFO  PackageTree               :     ├── e
02:50:44 INFO  PackageTree               :     │   └── a (3)
02:50:44 INFO  PackageTree               :     │       ├── d (4)
02:50:44 INFO  PackageTree               :     │       └── c
02:50:44 INFO  PackageTree               :     │           ├── a (37)
02:50:44 INFO  PackageTree               :     │           ├── c (4)
02:50:44 INFO  PackageTree               :     │           └── b (2)
02:50:44 INFO  PackageTree               :     ├── org
02:50:44 INFO  PackageTree               :     │   └── chromium
02:50:44 INFO  PackageTree               :     │       └── support_lib_boundary (26)
02:50:44 INFO  PackageTree               :     │           └── a (2)
02:50:44 INFO  PackageTree               :     ├── i
02:50:44 INFO  PackageTree               :     │   └── a (6)
02:50:44 INFO  PackageTree               :     │       ├── h (9)
02:50:44 INFO  PackageTree               :     │       ├── i (1)
02:50:44 INFO  PackageTree               :     │       └── g (4)
02:50:44 INFO  PackageTree               :     ├── d
02:50:44 INFO  PackageTree               :     │   └── a
02:50:44 INFO  PackageTree               :     │       └── a (6)
02:50:44 INFO  PackageTree               :     │           ├── d (3)
02:50:44 INFO  PackageTree               :     │           └── e (3)
02:50:44 INFO  PackageTree               :     ├── a
02:50:44 INFO  PackageTree               :     │   └── a
02:50:44 INFO  PackageTree               :     │       └── a (5)
02:50:44 INFO  PackageTree               :     ├── f (3)
02:50:44 INFO  PackageTree               :     │   └── d (4)
02:50:44 INFO  PackageTree               :     ├── android
02:50:44 INFO  PackageTree               :     │   └── support
02:50:44 INFO  PackageTree               :     │       └── v4
02:50:44 INFO  PackageTree               :     │           ├── graphics
02:50:44 INFO  PackageTree               :     │           │   └── drawable (1)
02:50:44 INFO  PackageTree               :     │           └── app (1)
02:50:44 INFO  PackageTree               :     └── okhttp3
02:50:44 INFO  PackageTree               :         └── internal
02:50:44 INFO  PackageTree               :             └── publicsuffix (1)
02:50:44 INFO  Profile                   : 
02:50:44 INFO  AppProfile                : - generated app package tree (in 66 ms)
02:50:44 INFO  AppProfile                : 
02:50:44 DEBUG HashTree                  : Generate hash tree..
02:50:44 DEBUG HashTree                  :     - generated 294 package hashes.
02:50:44 DEBUG HashTree                  :     - generated 4830 clazz hashes.
02:50:44 DEBUG HashTree                  :     - generated 31427 method hashes.
02:50:44 DEBUG HashTree                  :     => Library Hash: 5ed9a426539b0f22d3a22abdd6012a73
02:50:44 INFO  AppProfile                : - generated app hash trees (in 472 ms)
02:50:44 INFO  AppProfile                : 
02:50:44 INFO  LibraryIdentifier         : = Scan for library root packages (heuristic) =
02:50:44 INFO  LibraryIdentifier         :     - Found lib root package okhttp3  (OkHttp)
02:50:44 INFO  LibraryIdentifier         :     - Found lib root package com.squareup.picasso  (Picasso)
02:50:44 INFO  LibraryIdentifier         :     - Found lib root package androidx.annotation  (androidx.annotation::annotation)
02:50:44 INFO  LibraryIdentifier         :     - Found lib root package androidx.appcompat  (androidx.appcompat::appcompat)
02:50:44 INFO  LibraryIdentifier         :     - Found lib root package androidx.browser  (androidx.browser::browser)
02:50:44 INFO  LibraryIdentifier         :     - Found lib root package androidx.constraintlayout.widget  (androidx.constraintlayout::constraintlayout)
02:50:44 INFO  LibraryIdentifier         :     - Found lib root package androidx.coordinatorlayout.widget  (androidx.coordinatorlayout::coordinatorlayout)
02:50:44 INFO  LibraryIdentifier         :     - Found lib root package androidx.core  (androidx.core::core)
02:50:44 INFO  LibraryIdentifier         :     - Found lib root package androidx  (androidx.core::core-ktx)
02:50:44 INFO  LibraryIdentifier         :     - Found lib root package androidx.fragment.app  (androidx.fragment::fragment)
02:50:44 INFO  LibraryIdentifier         :     - Found lib root package androidx.fragment.app  (androidx.fragment::fragment-ktx)
02:50:44 INFO  LibraryIdentifier         :     - Found lib root package androidx.lifecycle  (androidx.lifecycle::lifecycle-common)
02:50:44 INFO  LibraryIdentifier         :     - Found lib root package androidx.lifecycle  (androidx.lifecycle::lifecycle-common-java8)
02:50:44 INFO  LibraryIdentifier         :     - Found lib root package androidx.lifecycle  (androidx.lifecycle::lifecycle-compiler)
02:50:44 INFO  LibraryIdentifier         :     - Found lib root package androidx.lifecycle  (androidx.lifecycle::lifecycle-extensions)
02:50:44 INFO  LibraryIdentifier         :     - Found lib root package androidx.lifecycle  (androidx.lifecycle::lifecycle-livedata)
02:50:44 INFO  LibraryIdentifier         :     - Found lib root package androidx.lifecycle  (androidx.lifecycle::lifecycle-livedata-core)
02:50:44 INFO  LibraryIdentifier         :     - Found lib root package androidx.lifecycle  (androidx.lifecycle::lifecycle-process)
02:50:44 INFO  LibraryIdentifier         :     - Found lib root package androidx.lifecycle  (androidx.lifecycle::lifecycle-reactivestreams)
02:50:44 INFO  LibraryIdentifier         :     - Found lib root package androidx.lifecycle  (androidx.lifecycle::lifecycle-reactivestreams-ktx)
02:50:44 INFO  LibraryIdentifier         :     - Found lib root package androidx.lifecycle  (androidx.lifecycle::lifecycle-runtime)
02:50:44 INFO  LibraryIdentifier         :     - Found lib root package androidx.lifecycle  (androidx.lifecycle::lifecycle-service)
02:50:44 INFO  LibraryIdentifier         :     - Found lib root package androidx.lifecycle  (androidx.lifecycle::lifecycle-viewmodel)
02:50:44 INFO  LibraryIdentifier         :     - Found lib root package androidx.lifecycle  (androidx.lifecycle::lifecycle-viewmodel-ktx)
02:50:44 INFO  LibraryIdentifier         :     - Found lib root package androidx.recyclerview.widget  (androidx.recyclerview::recyclerview)
02:50:44 INFO  LibraryIdentifier         :     - Found lib root package androidx.versionedparcelable  (androidx.versionedparcelable::versionedparcelable)
02:50:44 INFO  LibraryIdentifier         :     - Found lib root package org.chromium.support_lib_boundary  (androidx.webkit::webkit)
02:50:44 INFO  LibraryIdentifier         :     - Found lib root package androidx.browser.browseractions  (com.android.support::customtabs)
02:50:44 INFO  LibraryIdentifier         :     - Found lib root package android.support.v4  (com.android.support::customview)
02:50:44 INFO  LibraryIdentifier         :     - Found lib root package android.support.v4  (com.android.support::loader)
02:50:44 INFO  LibraryIdentifier         :     - Found lib root package android.support.v4  (com.android.support::support-compat)
02:50:44 INFO  LibraryIdentifier         :     - Found lib root package android.support.v4  (com.android.support::support-core-ui)
02:50:44 INFO  LibraryIdentifier         :     - Found lib root package android.support.v4  (com.android.support::support-core-utils)
02:50:44 INFO  LibraryIdentifier         :     - Found lib root package android.support.v4.app  (com.android.support::support-fragment)
02:50:44 INFO  LibraryIdentifier         :     - Found lib root package android.support.v4  (com.android.support::support-v4)
02:50:44 INFO  LibraryIdentifier         :     - Found lib root package androidx.versionedparcelable  (com.android.support::versionedparcelable)
02:50:44 INFO  LibraryIdentifier         :     - Found lib root package org.chromium.support_lib_boundary  (com.android.support::webkit)
02:50:44 INFO  LibraryIdentifier         :     - Found lib root package com.google.android.material  (com.google.android.material::material)
02:50:44 INFO  LibraryIdentifier         : 
02:50:44 INFO  LibraryIdentifier         : = Match profiles =
02:51:24 INFO  LibraryIdentifier         :     >> profile matching done (39 sec, 845 ms)
02:51:24 INFO  LibraryIdentifier         : 
02:51:24 INFO  LibraryIdentifier         : == Report ==
02:51:24 INFO  LibraryIdentifier         : - Full library matches:
02:51:24 INFO  ProfileMatch              :                 name: com.google.firebase::firebase-ml-vision-image-label-model
02:51:24 INFO  ProfileMatch              :             category: Android
02:51:24 INFO  ProfileMatch              :              version: 20.0.0  [OLD VERSION]
02:51:24 INFO  ProfileMatch              :         release-date:  --
02:51:24 INFO  ProfileMatch              :     lib root package: "com.google.firebase.ml.vision.imagelabel"  (in app: "b")
02:51:24 INFO  ProfileMatch              : 
02:51:24 INFO  ProfileMatch              :                 name: com.google.firebase::firebase-ml-vision-image-label-model
02:51:24 INFO  ProfileMatch              :             category: Android
02:51:24 INFO  ProfileMatch              :              version: 20.0.1  [OLD VERSION]
02:51:24 INFO  ProfileMatch              :         release-date:  --
02:51:24 INFO  ProfileMatch              :     lib root package: "com.google.firebase.ml.vision.imagelabel"  (in app: "b")
02:51:24 INFO  ProfileMatch              : 
02:51:24 INFO  ProfileMatch              :                 name: com.google.firebase::firebase-ml-vision-image-label-model
02:51:24 INFO  ProfileMatch              :             category: Android
02:51:24 INFO  ProfileMatch              :              version: 20.0.2
02:51:24 INFO  ProfileMatch              :         release-date:  --
02:51:24 INFO  ProfileMatch              :     lib root package: "com.google.firebase.ml.vision.imagelabel"  (in app: "b")
02:51:24 INFO  ProfileMatch              : 
02:51:24 INFO  ProfileMatch              :                 name: com.android.support::interpolator
02:51:24 INFO  ProfileMatch              :             category: Android
02:51:24 INFO  ProfileMatch              :              version: 28.0.0
02:51:24 INFO  ProfileMatch              :         release-date:  --
02:51:24 INFO  ProfileMatch              :     lib root package: "android.support.v4.view.animation"  (in app: "b.l.a.a")
02:51:24 INFO  ProfileMatch              : 
02:51:24 INFO  ProfileMatch              :                 name: androidx.interpolator::interpolator
02:51:24 INFO  ProfileMatch              :             category: Android
02:51:24 INFO  ProfileMatch              :              version: 1.0.0
02:51:24 INFO  ProfileMatch              :         release-date:  --
02:51:24 INFO  ProfileMatch              :     lib root package: "androidx.interpolator.view.animation"  (in app: "b.l.a.a")
02:51:24 INFO  ProfileMatch              : 
02:51:24 INFO  ProfileMatch              :                 name: Facebook
02:51:24 INFO  ProfileMatch              :             category: SocialMedia
02:51:24 INFO  ProfileMatch              :              version: 4.27.0  [OLD VERSION]
02:51:24 INFO  ProfileMatch              :         release-date: 26.09.2017
02:51:24 INFO  ProfileMatch              :     lib root package: "com.facebook.all"  (in app: "b")
02:51:24 INFO  ProfileMatch              : 
02:51:24 INFO  ProfileMatch              :                 name: Facebook
02:51:24 INFO  ProfileMatch              :             category: SocialMedia
02:51:24 INFO  ProfileMatch              :              version: 4.28.0  [OLD VERSION]
02:51:24 INFO  ProfileMatch              :         release-date: 07.11.2017
02:51:24 INFO  ProfileMatch              :     lib root package: "com.facebook.all"  (in app: "b")
02:51:24 INFO  ProfileMatch              : 
02:51:24 INFO  ProfileMatch              :                 name: Facebook
02:51:24 INFO  ProfileMatch              :             category: SocialMedia
02:51:24 INFO  ProfileMatch              :              version: 4.29.0  [OLD VERSION]
02:51:24 INFO  ProfileMatch              :         release-date: 05.12.2017
02:51:24 INFO  ProfileMatch              :     lib root package: "com.facebook.all"  (in app: "b")
02:51:24 INFO  ProfileMatch              : 
02:51:24 INFO  ProfileMatch              :                 name: Facebook
02:51:24 INFO  ProfileMatch              :             category: SocialMedia
02:51:24 INFO  ProfileMatch              :              version: 4.30.0  [OLD VERSION]
02:51:24 INFO  ProfileMatch              :         release-date: 24.01.2018
02:51:24 INFO  ProfileMatch              :     lib root package: "com.facebook.all"  (in app: "b")
02:51:24 INFO  ProfileMatch              : 
02:51:24 INFO  ProfileMatch              :                 name: Facebook
02:51:24 INFO  ProfileMatch              :             category: SocialMedia
02:51:24 INFO  ProfileMatch              :              version: 4.31.0  [OLD VERSION]
02:51:24 INFO  ProfileMatch              :         release-date: 28.02.2018
02:51:24 INFO  ProfileMatch              :     lib root package: "com.facebook.all"  (in app: "b")
02:51:24 INFO  ProfileMatch              : 
02:51:24 INFO  ProfileMatch              :                 name: Facebook
02:51:24 INFO  ProfileMatch              :             category: SocialMedia
02:51:24 INFO  ProfileMatch              :              version: 4.32.0  [OLD VERSION]
02:51:24 INFO  ProfileMatch              :         release-date: 11.04.2018
02:51:24 INFO  ProfileMatch              :     lib root package: "com.facebook.all"  (in app: "b")
02:51:24 INFO  ProfileMatch              : 
02:51:24 INFO  ProfileMatch              :                 name: Facebook
02:51:24 INFO  ProfileMatch              :             category: SocialMedia
02:51:24 INFO  ProfileMatch              :              version: 4.33.0  [OLD VERSION]
02:51:24 INFO  ProfileMatch              :         release-date: 01.05.2018
02:51:24 INFO  ProfileMatch              :     lib root package: "com.facebook.all"  (in app: "b")
02:51:24 INFO  ProfileMatch              : 
02:51:24 INFO  ProfileMatch              :                 name: Facebook
02:51:24 INFO  ProfileMatch              :             category: SocialMedia
02:51:24 INFO  ProfileMatch              :              version: 4.34.0  [OLD VERSION]
02:51:24 INFO  ProfileMatch              :         release-date: 19.06.2018
02:51:24 INFO  ProfileMatch              :     lib root package: "com.facebook.all"  (in app: "b")
02:51:24 INFO  ProfileMatch              : 
02:51:24 INFO  ProfileMatch              :                 name: Facebook
02:51:24 INFO  ProfileMatch              :             category: SocialMedia
02:51:24 INFO  ProfileMatch              :              version: 4.35.0  [OLD VERSION]
02:51:24 INFO  ProfileMatch              :         release-date: 26.07.2018
02:51:24 INFO  ProfileMatch              :     lib root package: "com.facebook.all"  (in app: "b")
02:51:24 INFO  ProfileMatch              : 
02:51:24 INFO  ProfileMatch              :                 name: Facebook
02:51:24 INFO  ProfileMatch              :             category: SocialMedia
02:51:24 INFO  ProfileMatch              :              version: 4.36.0  [OLD VERSION]
02:51:24 INFO  ProfileMatch              :         release-date: 29.08.2018
02:51:24 INFO  ProfileMatch              :     lib root package: "com.facebook.all"  (in app: "b")
02:51:24 INFO  ProfileMatch              : 
02:51:24 INFO  ProfileMatch              :                 name: Facebook
02:51:24 INFO  ProfileMatch              :             category: SocialMedia
02:51:24 INFO  ProfileMatch              :              version: 4.36.1  [OLD VERSION]
02:51:24 INFO  ProfileMatch              :         release-date: 15.09.2018
02:51:24 INFO  ProfileMatch              :     lib root package: "com.facebook.all"  (in app: "b")
02:51:24 INFO  ProfileMatch              : 
02:51:24 INFO  ProfileMatch              :                 name: Facebook
02:51:24 INFO  ProfileMatch              :             category: SocialMedia
02:51:24 INFO  ProfileMatch              :              version: 4.37.0  [OLD VERSION]
02:51:24 INFO  ProfileMatch              :         release-date: 27.09.2018
02:51:24 INFO  ProfileMatch              :     lib root package: "com.facebook.all"  (in app: "b")
02:51:24 INFO  ProfileMatch              : 
02:51:24 INFO  ProfileMatch              :                 name: Facebook
02:51:24 INFO  ProfileMatch              :             category: SocialMedia
02:51:24 INFO  ProfileMatch              :              version: 4.38.0  [OLD VERSION]
02:51:24 INFO  ProfileMatch              :         release-date: 23.10.2018
02:51:24 INFO  ProfileMatch              :     lib root package: "com.facebook.all"  (in app: "b")
02:51:24 INFO  ProfileMatch              : 
02:51:24 INFO  ProfileMatch              :                 name: Facebook
02:51:24 INFO  ProfileMatch              :             category: SocialMedia
02:51:24 INFO  ProfileMatch              :              version: 4.38.1  [OLD VERSION]
02:51:24 INFO  ProfileMatch              :         release-date: 31.10.2018
02:51:24 INFO  ProfileMatch              :     lib root package: "com.facebook.all"  (in app: "b")
02:51:24 INFO  ProfileMatch              : 
02:51:24 INFO  ProfileMatch              :                 name: Facebook
02:51:24 INFO  ProfileMatch              :             category: SocialMedia
02:51:24 INFO  ProfileMatch              :              version: 4.39.0  [OLD VERSION]
02:51:24 INFO  ProfileMatch              :         release-date: 05.12.2018
02:51:24 INFO  ProfileMatch              :     lib root package: "com.facebook.all"  (in app: "b")
02:51:24 INFO  ProfileMatch              : 
02:51:24 INFO  ProfileMatch              :                 name: Facebook
02:51:24 INFO  ProfileMatch              :             category: SocialMedia
02:51:24 INFO  ProfileMatch              :              version: 4.40.0  [OLD VERSION]
02:51:24 INFO  ProfileMatch              :         release-date: 22.01.2019
02:51:24 INFO  ProfileMatch              :     lib root package: "com.facebook.all"  (in app: "b")
02:51:24 INFO  ProfileMatch              : 
02:51:24 INFO  ProfileMatch              :                 name: Facebook
02:51:24 INFO  ProfileMatch              :             category: SocialMedia
02:51:24 INFO  ProfileMatch              :              version: 4.41.0  [OLD VERSION]
02:51:24 INFO  ProfileMatch              :         release-date: 08.03.2019
02:51:24 INFO  ProfileMatch              :     lib root package: "com.facebook.all"  (in app: "b")
02:51:24 INFO  ProfileMatch              : 
02:51:24 INFO  ProfileMatch              :                 name: Facebook
02:51:24 INFO  ProfileMatch              :             category: SocialMedia
02:51:24 INFO  ProfileMatch              :              version: 4.42.0  [OLD VERSION]
02:51:24 INFO  ProfileMatch              :         release-date: 08.04.2019
02:51:24 INFO  ProfileMatch              :     lib root package: "com.facebook.all"  (in app: "b")
02:51:24 INFO  ProfileMatch              : 
02:51:24 INFO  ProfileMatch              :                 name: Facebook
02:51:24 INFO  ProfileMatch              :             category: SocialMedia
02:51:24 INFO  ProfileMatch              :              version: 5.0.0  [OLD VERSION]
02:51:24 INFO  ProfileMatch              :         release-date: 30.04.2019
02:51:24 INFO  ProfileMatch              :     lib root package: "com.facebook.all"  (in app: "b")
02:51:24 INFO  ProfileMatch              : 
02:51:24 INFO  ProfileMatch              :                 name: Facebook
02:51:24 INFO  ProfileMatch              :             category: SocialMedia
02:51:24 INFO  ProfileMatch              :              version: 5.0.1  [OLD VERSION]
02:51:24 INFO  ProfileMatch              :         release-date: 17.05.2019
02:51:24 INFO  ProfileMatch              :     lib root package: "com.facebook.all"  (in app: "b")
02:51:24 INFO  ProfileMatch              : 
02:51:24 INFO  ProfileMatch              :                 name: Facebook
02:51:24 INFO  ProfileMatch              :             category: SocialMedia
02:51:24 INFO  ProfileMatch              :              version: 5.0.2  [OLD VERSION]
02:51:24 INFO  ProfileMatch              :         release-date: 09.06.2019
02:51:24 INFO  ProfileMatch              :     lib root package: "com.facebook.all"  (in app: "b")
02:51:24 INFO  ProfileMatch              : 
02:51:24 INFO  ProfileMatch              :                 name: Facebook
02:51:24 INFO  ProfileMatch              :             category: SocialMedia
02:51:24 INFO  ProfileMatch              :              version: 5.0.3  [OLD VERSION]
02:51:24 INFO  ProfileMatch              :         release-date: 14.06.2019
02:51:24 INFO  ProfileMatch              :     lib root package: "com.facebook.all"  (in app: "b")
02:51:24 INFO  ProfileMatch              : 
02:51:24 INFO  ProfileMatch              :                 name: Facebook
02:51:24 INFO  ProfileMatch              :             category: SocialMedia
02:51:24 INFO  ProfileMatch              :              version: 5.1.0  [OLD VERSION]
02:51:24 INFO  ProfileMatch              :         release-date: 21.06.2019
02:51:24 INFO  ProfileMatch              :     lib root package: "com.facebook.all"  (in app: "b")
02:51:24 INFO  ProfileMatch              : 
02:51:24 INFO  ProfileMatch              :                 name: Facebook
02:51:24 INFO  ProfileMatch              :             category: SocialMedia
02:51:24 INFO  ProfileMatch              :              version: 5.1.1  [OLD VERSION]
02:51:24 INFO  ProfileMatch              :         release-date: 02.07.2019
02:51:24 INFO  ProfileMatch              :     lib root package: "com.facebook.all"  (in app: "b")
02:51:24 INFO  ProfileMatch              : 
02:51:24 INFO  ProfileMatch              :                 name: Facebook
02:51:24 INFO  ProfileMatch              :             category: SocialMedia
02:51:24 INFO  ProfileMatch              :              version: 5.2.0  [OLD VERSION]
02:51:24 INFO  ProfileMatch              :         release-date: 29.07.2019
02:51:24 INFO  ProfileMatch              :     lib root package: "com.facebook.all"  (in app: "b")
02:51:24 INFO  ProfileMatch              : 
02:51:24 INFO  ProfileMatch              :                 name: Facebook
02:51:24 INFO  ProfileMatch              :             category: SocialMedia
02:51:24 INFO  ProfileMatch              :              version: 5.4.0  [OLD VERSION]
02:51:24 INFO  ProfileMatch              :         release-date: 16.08.2019
02:51:24 INFO  ProfileMatch              :     lib root package: "com.facebook.all"  (in app: "b")
02:51:24 INFO  ProfileMatch              : 
02:51:24 INFO  ProfileMatch              :                 name: Facebook
02:51:24 INFO  ProfileMatch              :             category: SocialMedia
02:51:24 INFO  ProfileMatch              :              version: 5.5.0  [OLD VERSION]
02:51:24 INFO  ProfileMatch              :         release-date: 31.08.2019
02:51:24 INFO  ProfileMatch              :     lib root package: "com.facebook.all"  (in app: "b")
02:51:24 INFO  ProfileMatch              : 
02:51:24 INFO  ProfileMatch              :                 name: Facebook
02:51:24 INFO  ProfileMatch              :             category: SocialMedia
02:51:24 INFO  ProfileMatch              :              version: 5.5.1  [OLD VERSION]
02:51:24 INFO  ProfileMatch              :         release-date: 06.09.2019
02:51:24 INFO  ProfileMatch              :     lib root package: "com.facebook.all"  (in app: "b")
02:51:24 INFO  ProfileMatch              : 
02:51:24 INFO  ProfileMatch              :                 name: Facebook
02:51:24 INFO  ProfileMatch              :             category: SocialMedia
02:51:24 INFO  ProfileMatch              :              version: 5.5.2  [OLD VERSION]
02:51:24 INFO  ProfileMatch              :         release-date: 05.10.2019
02:51:24 INFO  ProfileMatch              :     lib root package: "com.facebook.all"  (in app: "b")
02:51:24 INFO  ProfileMatch              : 
02:51:24 INFO  ProfileMatch              :                 name: Facebook
02:51:24 INFO  ProfileMatch              :             category: SocialMedia
02:51:24 INFO  ProfileMatch              :              version: 5.8.0  [OLD VERSION]
02:51:24 INFO  ProfileMatch              :         release-date: 08.10.2019
02:51:24 INFO  ProfileMatch              :     lib root package: "com.facebook.all"  (in app: "b")
02:51:24 INFO  ProfileMatch              : 
02:51:24 INFO  ProfileMatch              :                 name: Facebook
02:51:24 INFO  ProfileMatch              :             category: SocialMedia
02:51:24 INFO  ProfileMatch              :              version: 5.9.0  [OLD VERSION]
02:51:24 INFO  ProfileMatch              :         release-date: 29.10.2019
02:51:24 INFO  ProfileMatch              :     lib root package: "com.facebook.all"  (in app: "b")
02:51:24 INFO  ProfileMatch              : 
02:51:24 INFO  ProfileMatch              :                 name: Facebook
02:51:24 INFO  ProfileMatch              :             category: SocialMedia
02:51:24 INFO  ProfileMatch              :              version: 5.11.0  [OLD VERSION]
02:51:24 INFO  ProfileMatch              :         release-date: 15.11.2019
02:51:24 INFO  ProfileMatch              :     lib root package: "com.facebook.all"  (in app: "b")
02:51:24 INFO  ProfileMatch              : 
02:51:24 INFO  ProfileMatch              :                 name: Facebook
02:51:24 INFO  ProfileMatch              :             category: SocialMedia
02:51:24 INFO  ProfileMatch              :              version: 5.11.1  [OLD VERSION]
02:51:24 INFO  ProfileMatch              :         release-date: 21.11.2019
02:51:24 INFO  ProfileMatch              :     lib root package: "com.facebook.all"  (in app: "b")
02:51:24 INFO  ProfileMatch              : 
02:51:24 INFO  ProfileMatch              :                 name: Facebook
02:51:24 INFO  ProfileMatch              :             category: SocialMedia
02:51:24 INFO  ProfileMatch              :              version: 5.11.2  [OLD VERSION]
02:51:24 INFO  ProfileMatch              :         release-date: 22.11.2019
02:51:24 INFO  ProfileMatch              :     lib root package: "com.facebook.all"  (in app: "b")
02:51:24 INFO  ProfileMatch              : 
02:51:24 INFO  ProfileMatch              :                 name: Facebook
02:51:24 INFO  ProfileMatch              :             category: SocialMedia
02:51:24 INFO  ProfileMatch              :              version: 5.12.0  [OLD VERSION]
02:51:24 INFO  ProfileMatch              :         release-date: 04.12.2019
02:51:24 INFO  ProfileMatch              :     lib root package: "com.facebook.all"  (in app: "b")
02:51:24 INFO  ProfileMatch              : 
02:51:24 INFO  ProfileMatch              :                 name: Facebook
02:51:24 INFO  ProfileMatch              :             category: SocialMedia
02:51:24 INFO  ProfileMatch              :              version: 5.12.1  [OLD VERSION]
02:51:24 INFO  ProfileMatch              :         release-date: 09.12.2019
02:51:24 INFO  ProfileMatch              :     lib root package: "com.facebook.all"  (in app: "b")
02:51:24 INFO  ProfileMatch              : 
02:51:24 INFO  ProfileMatch              :                 name: Facebook
02:51:24 INFO  ProfileMatch              :             category: SocialMedia
02:51:24 INFO  ProfileMatch              :              version: 5.13.0  [OLD VERSION]
02:51:24 INFO  ProfileMatch              :         release-date: 12.12.2019
02:51:24 INFO  ProfileMatch              :     lib root package: "com.facebook.all"  (in app: "b")
02:51:24 INFO  ProfileMatch              : 
02:51:24 INFO  ProfileMatch              :                 name: Facebook
02:51:24 INFO  ProfileMatch              :             category: SocialMedia
02:51:24 INFO  ProfileMatch              :              version: 5.15.0  [OLD VERSION]
02:51:24 INFO  ProfileMatch              :         release-date: 21.01.2020
02:51:24 INFO  ProfileMatch              :     lib root package: "com.facebook.all"  (in app: "b")
02:51:24 INFO  ProfileMatch              : 
02:51:24 INFO  ProfileMatch              :                 name: Facebook
02:51:24 INFO  ProfileMatch              :             category: SocialMedia
02:51:24 INFO  ProfileMatch              :              version: 5.15.1  [OLD VERSION]
02:51:24 INFO  ProfileMatch              :         release-date: 29.01.2020
02:51:24 INFO  ProfileMatch              :     lib root package: "com.facebook.all"  (in app: "b")
02:51:24 INFO  ProfileMatch              : 
02:51:24 INFO  ProfileMatch              :                 name: Facebook
02:51:24 INFO  ProfileMatch              :             category: SocialMedia
02:51:24 INFO  ProfileMatch              :              version: 5.15.2  [OLD VERSION]
02:51:24 INFO  ProfileMatch              :         release-date: 03.02.2020
02:51:24 INFO  ProfileMatch              :     lib root package: "com.facebook.all"  (in app: "b")
02:51:24 INFO  ProfileMatch              : 
02:51:24 INFO  ProfileMatch              :                 name: Facebook
02:51:24 INFO  ProfileMatch              :             category: SocialMedia
02:51:24 INFO  ProfileMatch              :              version: 5.15.3  [OLD VERSION]
02:51:24 INFO  ProfileMatch              :         release-date: 03.02.2020
02:51:24 INFO  ProfileMatch              :     lib root package: "com.facebook.all"  (in app: "b")
02:51:24 INFO  ProfileMatch              : 
02:51:24 INFO  ProfileMatch              :                 name: Facebook
02:51:24 INFO  ProfileMatch              :             category: SocialMedia
02:51:24 INFO  ProfileMatch              :              version: 6.0.0  [OLD VERSION]
02:51:24 INFO  ProfileMatch              :         release-date: 03.02.2020
02:51:24 INFO  ProfileMatch              :     lib root package: "com.facebook.all"  (in app: "b")
02:51:24 INFO  ProfileMatch              : 
02:51:24 INFO  ProfileMatch              :                 name: Facebook
02:51:24 INFO  ProfileMatch              :             category: SocialMedia
02:51:24 INFO  ProfileMatch              :              version: 6.1.0  [OLD VERSION]
02:51:24 INFO  ProfileMatch              :         release-date: 14.02.2020
02:51:24 INFO  ProfileMatch              :     lib root package: "com.facebook.all"  (in app: "b")
02:51:24 INFO  ProfileMatch              : 
02:51:24 INFO  ProfileMatch              :                 name: Facebook
02:51:24 INFO  ProfileMatch              :             category: SocialMedia
02:51:24 INFO  ProfileMatch              :              version: 6.2.0  [OLD VERSION]
02:51:24 INFO  ProfileMatch              :         release-date: 09.03.2020
02:51:24 INFO  ProfileMatch              :     lib root package: "com.facebook.all"  (in app: "b")
02:51:24 INFO  ProfileMatch              : 
02:51:24 INFO  ProfileMatch              :                 name: Facebook
02:51:24 INFO  ProfileMatch              :             category: SocialMedia
02:51:24 INFO  ProfileMatch              :              version: 6.3.0  [OLD VERSION]
02:51:24 INFO  ProfileMatch              :         release-date: 25.03.2020
02:51:24 INFO  ProfileMatch              :     lib root package: "com.facebook.all"  (in app: "b")
02:51:24 INFO  ProfileMatch              : 
02:51:24 INFO  ProfileMatch              :                 name: Facebook
02:51:24 INFO  ProfileMatch              :             category: SocialMedia
02:51:24 INFO  ProfileMatch              :              version: 6.4.0  [OLD VERSION]
02:51:24 INFO  ProfileMatch              :         release-date: 15.04.2020
02:51:24 INFO  ProfileMatch              :     lib root package: "com.facebook.all"  (in app: "b")
02:51:24 INFO  ProfileMatch              : 
02:51:24 INFO  ProfileMatch              :                 name: Facebook
02:51:24 INFO  ProfileMatch              :             category: SocialMedia
02:51:24 INFO  ProfileMatch              :              version: 6.5.0  [OLD VERSION]
02:51:24 INFO  ProfileMatch              :         release-date: 20.04.2020
02:51:24 INFO  ProfileMatch              :     lib root package: "com.facebook.all"  (in app: "b")
02:51:24 INFO  ProfileMatch              : 
02:51:24 INFO  ProfileMatch              :                 name: Facebook
02:51:24 INFO  ProfileMatch              :             category: SocialMedia
02:51:24 INFO  ProfileMatch              :              version: 6.5.1  [OLD VERSION]
02:51:24 INFO  ProfileMatch              :         release-date: 23.04.2020
02:51:24 INFO  ProfileMatch              :     lib root package: "com.facebook.all"  (in app: "b")
02:51:24 INFO  ProfileMatch              : 
02:51:24 INFO  ProfileMatch              :                 name: Facebook
02:51:24 INFO  ProfileMatch              :             category: SocialMedia
02:51:24 INFO  ProfileMatch              :              version: 7.0.0  [OLD VERSION]
02:51:24 INFO  ProfileMatch              :         release-date: 05.05.2020
02:51:24 INFO  ProfileMatch              :     lib root package: "com.facebook.all"  (in app: "b")
02:51:24 INFO  ProfileMatch              : 
02:51:24 INFO  ProfileMatch              :                 name: Facebook
02:51:24 INFO  ProfileMatch              :             category: SocialMedia
02:51:24 INFO  ProfileMatch              :              version: 7.0.1  [OLD VERSION]
02:51:24 INFO  ProfileMatch              :         release-date: 09.06.2020
02:51:24 INFO  ProfileMatch              :     lib root package: "com.facebook.all"  (in app: "b")
02:51:24 INFO  ProfileMatch              : 
02:51:24 INFO  ProfileMatch              :                 name: Facebook
02:51:24 INFO  ProfileMatch              :             category: SocialMedia
02:51:24 INFO  ProfileMatch              :              version: 7.1.0  [OLD VERSION]
02:51:24 INFO  ProfileMatch              :         release-date: 23.06.2020
02:51:24 INFO  ProfileMatch              :     lib root package: "com.facebook.all"  (in app: "b")
02:51:24 INFO  ProfileMatch              : 
02:51:24 INFO  ProfileMatch              :                 name: Facebook
02:51:24 INFO  ProfileMatch              :             category: SocialMedia
02:51:24 INFO  ProfileMatch              :              version: 8.0.0  [OLD VERSION]
02:51:24 INFO  ProfileMatch              :         release-date: 28.09.2020
02:51:24 INFO  ProfileMatch              :     lib root package: "com.facebook.all"  (in app: "b")
02:51:24 INFO  ProfileMatch              : 
02:51:24 INFO  ProfileMatch              :                 name: Facebook
02:51:24 INFO  ProfileMatch              :             category: SocialMedia
02:51:24 INFO  ProfileMatch              :              version: 8.1.0  [OLD VERSION]
02:51:24 INFO  ProfileMatch              :         release-date: 14.10.2020
02:51:24 INFO  ProfileMatch              :     lib root package: "com.facebook.all"  (in app: "b")
02:51:24 INFO  ProfileMatch              : 
02:51:24 INFO  ProfileMatch              :                 name: Facebook
02:51:24 INFO  ProfileMatch              :             category: SocialMedia
02:51:24 INFO  ProfileMatch              :              version: 8.2.0  [OLD VERSION]
02:51:24 INFO  ProfileMatch              :         release-date: 18.12.2020
02:51:24 INFO  ProfileMatch              :     lib root package: "com.facebook.all"  (in app: "b")
02:51:24 INFO  ProfileMatch              : 
02:51:24 INFO  ProfileMatch              :                 name: Facebook
02:51:24 INFO  ProfileMatch              :             category: SocialMedia
02:51:24 INFO  ProfileMatch              :              version: 9.0.0  [OLD VERSION]
02:51:24 INFO  ProfileMatch              :         release-date: 19.01.2021
02:51:24 INFO  ProfileMatch              :     lib root package: "com.facebook.all"  (in app: "b")
02:51:24 INFO  ProfileMatch              : 
02:51:24 INFO  ProfileMatch              :                 name: Facebook
02:51:24 INFO  ProfileMatch              :             category: SocialMedia
02:51:24 INFO  ProfileMatch              :              version: 9.1.0  [OLD VERSION]
02:51:24 INFO  ProfileMatch              :         release-date: 15.03.2021
02:51:24 INFO  ProfileMatch              :     lib root package: "com.facebook.all"  (in app: "b")
02:51:24 INFO  ProfileMatch              : 
02:51:24 INFO  ProfileMatch              :                 name: Facebook
02:51:24 INFO  ProfileMatch              :             category: SocialMedia
02:51:24 INFO  ProfileMatch              :              version: 9.1.1  [OLD VERSION]
02:51:24 INFO  ProfileMatch              :         release-date: 12.04.2021
02:51:24 INFO  ProfileMatch              :     lib root package: "com.facebook.all"  (in app: "b")
02:51:24 INFO  ProfileMatch              : 
02:51:24 INFO  ProfileMatch              :                 name: Facebook
02:51:24 INFO  ProfileMatch              :             category: SocialMedia
02:51:24 INFO  ProfileMatch              :              version: 11.0.0  [OLD VERSION]
02:51:24 INFO  ProfileMatch              :         release-date: 08.06.2021
02:51:24 INFO  ProfileMatch              :     lib root package: "com.facebook.all"  (in app: "b")
02:51:24 INFO  ProfileMatch              : 
02:51:24 INFO  ProfileMatch              :                 name: Facebook
02:51:24 INFO  ProfileMatch              :             category: SocialMedia
02:51:24 INFO  ProfileMatch              :              version: 11.1.0  [OLD VERSION]
02:51:24 INFO  ProfileMatch              :         release-date: 06.07.2021
02:51:24 INFO  ProfileMatch              :     lib root package: "com.facebook.all"  (in app: "b")
02:51:24 INFO  ProfileMatch              : 
02:51:24 INFO  ProfileMatch              :                 name: Facebook
02:51:24 INFO  ProfileMatch              :             category: SocialMedia
02:51:24 INFO  ProfileMatch              :              version: 11.1.1  [OLD VERSION]
02:51:24 INFO  ProfileMatch              :         release-date: 19.07.2021
02:51:24 INFO  ProfileMatch              :     lib root package: "com.facebook.all"  (in app: "b")
02:51:24 INFO  ProfileMatch              : 
02:51:24 INFO  ProfileMatch              :                 name: Facebook
02:51:24 INFO  ProfileMatch              :             category: SocialMedia
02:51:24 INFO  ProfileMatch              :              version: 11.2.0  [OLD VERSION]
02:51:24 INFO  ProfileMatch              :         release-date: 03.08.2021
02:51:24 INFO  ProfileMatch              :     lib root package: "com.facebook.all"  (in app: "b")
02:51:24 INFO  ProfileMatch              : 
02:51:24 INFO  ProfileMatch              :                 name: Facebook
02:51:24 INFO  ProfileMatch              :             category: SocialMedia
02:51:24 INFO  ProfileMatch              :              version: 11.3.0  [OLD VERSION]
02:51:24 INFO  ProfileMatch              :         release-date: 07.09.2021
02:51:24 INFO  ProfileMatch              :     lib root package: "com.facebook.all"  (in app: "b")
02:51:24 INFO  ProfileMatch              : 
02:51:24 INFO  ProfileMatch              :                 name: Facebook
02:51:24 INFO  ProfileMatch              :             category: SocialMedia
02:51:24 INFO  ProfileMatch              :              version: 12.0.0  [OLD VERSION]
02:51:24 INFO  ProfileMatch              :         release-date: 05.10.2021
02:51:24 INFO  ProfileMatch              :     lib root package: "com.facebook.all"  (in app: "b")
02:51:24 INFO  ProfileMatch              : 
02:51:24 INFO  ProfileMatch              :                 name: Facebook
02:51:24 INFO  ProfileMatch              :             category: SocialMedia
02:51:24 INFO  ProfileMatch              :              version: 12.0.1  [OLD VERSION]
02:51:24 INFO  ProfileMatch              :         release-date: 13.10.2021
02:51:24 INFO  ProfileMatch              :     lib root package: "com.facebook.all"  (in app: "b")
02:51:24 INFO  ProfileMatch              : 
02:51:24 INFO  ProfileMatch              :                 name: Facebook
02:51:24 INFO  ProfileMatch              :             category: SocialMedia
02:51:24 INFO  ProfileMatch              :              version: 12.1.0  [OLD VERSION]
02:51:24 INFO  ProfileMatch              :         release-date: 01.11.2021
02:51:24 INFO  ProfileMatch              :     lib root package: "com.facebook.all"  (in app: "b")
02:51:24 INFO  ProfileMatch              : 
02:51:24 INFO  ProfileMatch              :                 name: Facebook
02:51:24 INFO  ProfileMatch              :             category: SocialMedia
02:51:24 INFO  ProfileMatch              :              version: 12.2.0  [OLD VERSION]
02:51:24 INFO  ProfileMatch              :         release-date: 06.12.2021
02:51:24 INFO  ProfileMatch              :     lib root package: "com.facebook.all"  (in app: "b")
02:51:24 INFO  ProfileMatch              : 
02:51:24 INFO  ProfileMatch              :                 name: Facebook
02:51:24 INFO  ProfileMatch              :             category: SocialMedia
02:51:24 INFO  ProfileMatch              :              version: 12.3.0  [OLD VERSION]
02:51:24 INFO  ProfileMatch              :         release-date: 10.01.2022
02:51:24 INFO  ProfileMatch              :     lib root package: "com.facebook.all"  (in app: "b")
02:51:24 INFO  ProfileMatch              : 
02:51:24 INFO  ProfileMatch              :                 name: Facebook
02:51:24 INFO  ProfileMatch              :             category: SocialMedia
02:51:24 INFO  ProfileMatch              :              version: 13.0.0  [OLD VERSION]
02:51:24 INFO  ProfileMatch              :         release-date: 23.02.2022
02:51:24 INFO  ProfileMatch              :     lib root package: "com.facebook.all"  (in app: "b")
02:51:24 INFO  ProfileMatch              : 
02:51:24 INFO  ProfileMatch              :                 name: Facebook
02:51:24 INFO  ProfileMatch              :             category: SocialMedia
02:51:24 INFO  ProfileMatch              :              version: 13.1.0  [OLD VERSION]
02:51:24 INFO  ProfileMatch              :         release-date: 21.03.2022
02:51:24 INFO  ProfileMatch              :     lib root package: "com.facebook.all"  (in app: "b")
02:51:24 INFO  ProfileMatch              : 
02:51:24 INFO  ProfileMatch              :                 name: Facebook
02:51:24 INFO  ProfileMatch              :             category: SocialMedia
02:51:24 INFO  ProfileMatch              :              version: 13.2.0  [OLD VERSION]
02:51:24 INFO  ProfileMatch              :         release-date: 22.04.2022
02:51:24 INFO  ProfileMatch              :     lib root package: "com.facebook.all"  (in app: "b")
02:51:24 INFO  ProfileMatch              : 
02:51:24 INFO  ProfileMatch              :                 name: Facebook
02:51:24 INFO  ProfileMatch              :             category: SocialMedia
02:51:24 INFO  ProfileMatch              :              version: 14.0.0
02:51:24 INFO  ProfileMatch              :         release-date: 14.06.2022
02:51:24 INFO  ProfileMatch              :     lib root package: "com.facebook.all"  (in app: "b")
02:51:24 INFO  ProfileMatch              : 
02:51:25 INFO  LibraryIdentifier         : 
02:51:25 INFO  LibraryIdentifier         : - Partial library matches:
02:51:25 INFO  LibraryIdentifier         :                 name: androidx.customview::customview
02:51:25 INFO  LibraryIdentifier         :             category: Android
02:51:25 INFO  LibraryIdentifier         :              version: 1.0.0  [OLD VERSION]
02:51:25 INFO  LibraryIdentifier         :         release-date:  --
02:51:25 INFO  LibraryIdentifier         :     lib root package: "androidx.customview"
02:51:25 INFO  LibraryIdentifier         :         Partial matching results:
02:51:25 INFO  LibraryIdentifier         :              - config: Hashing.md5() | Flags: no-flag | Keep: PN | Prune: MSIG   score: 0.7083334
02:51:25 INFO  LibraryIdentifier         : 
02:51:25 INFO  LibraryIdentifier         : 
02:51:25 INFO  LibraryIdentifier         : App processing time: 42 sec, 312 ms
