02:55:26 INFO  LibraryIdentifier         : Process app: de.j4velin.wifiAutoOff_1910.apk
02:55:26 INFO  LibraryIdentifier         : = Manifest Parser =
02:55:26 INFO  LibraryIdentifier         :         Package name: de.j4velin.wifiAutoOff
02:55:26 INFO  LibraryIdentifier         :         Version code: 1910
02:55:26 INFO  LibraryIdentifier         :        minSdkVersion: 14
02:55:26 INFO  LibraryIdentifier         :     targetSdkVersion: 28
02:55:26 INFO  LibraryIdentifier         :         SharedUserId:  - none -
02:55:26 INFO  LibraryIdentifier         :     Library dependencies:  - none -
02:55:26 INFO  LibraryIdentifier         : 
02:55:26 INFO  LibraryIdentifier         : Found 402 unique libraries in 12405 library profiles
02:55:26 INFO  LibraryIdentifier         : Generated class hierarchy (in 513 ms)
02:55:27 INFO  WalaUtils                 : 
02:55:27 INFO  WalaUtils                 : = ClassHierarchy Stats =
02:55:27 INFO  WalaUtils                 :     # of classes: 651
02:55:27 INFO  WalaUtils                 :     # thereof inner classes: 369
02:55:27 INFO  WalaUtils                 :     # thereof public classes: 297
02:55:27 INFO  WalaUtils                 :         Activity : 1
02:55:27 INFO  WalaUtils                 :         Application : 0
02:55:27 INFO  WalaUtils                 :         AsyncTask : 1
02:55:27 INFO  WalaUtils                 :         BroadcastReceiver : 6
02:55:27 INFO  WalaUtils                 :         ContentProvider : 0
02:55:27 INFO  WalaUtils                 :         Fragment : 0
02:55:27 INFO  WalaUtils                 :         Handler : 1
02:55:27 INFO  WalaUtils                 :         LayoutContainer : 26
02:55:27 INFO  WalaUtils                 :         Plain : 593
02:55:27 INFO  WalaUtils                 :         Runnable : 0
02:55:27 INFO  WalaUtils                 :         Service : 6
02:55:27 INFO  WalaUtils                 :         Thread : 0
02:55:27 INFO  WalaUtils                 :         View : 17
02:55:27 INFO  WalaUtils                 :     # methods: 5325
02:55:27 INFO  WalaUtils                 :         # of publicly accessible methods: 3546
02:55:27 INFO  WalaUtils                 :         # of non-accessible methods: 1779
02:55:27 INFO  WalaUtils                 : 
02:55:27 INFO  Profile                   : = PackageTree =
02:55:27 INFO  PackageTree               : Root Package: a.a
02:55:27 INFO  PackageTree               : └── Root
02:55:27 INFO  PackageTree               :     ├── android
02:55:27 INFO  PackageTree               :     │   ├── support
02:55:27 INFO  PackageTree               :     │   │   ├── v7
02:55:27 INFO  PackageTree               :     │   │   │   ├── app (60)
02:55:27 INFO  PackageTree               :     │   │   │   ├── widget (242)
02:55:27 INFO  PackageTree               :     │   │   │   └── view
02:55:27 INFO  PackageTree               :     │   │   │       └── menu (46)
02:55:27 INFO  PackageTree               :     │   │   ├── v4
02:55:27 INFO  PackageTree               :     │   │   │   ├── app (21)
02:55:27 INFO  PackageTree               :     │   │   │   └── widget (35)
02:55:27 INFO  PackageTree               :     │   │   └── annotation (1)
02:55:27 INFO  PackageTree               :     │   └── arch
02:55:27 INFO  PackageTree               :     │       └── lifecycle (10)
02:55:27 INFO  PackageTree               :     ├── a
02:55:27 INFO  PackageTree               :     │   └── a
02:55:27 INFO  PackageTree               :     │       ├── c
02:55:27 INFO  PackageTree               :     │       │   ├── g (53)
02:55:27 INFO  PackageTree               :     │       │   │   ├── y (4)
02:55:27 INFO  PackageTree               :     │       │   │   └── x (6)
02:55:27 INFO  PackageTree               :     │       │   ├── b (14)
02:55:27 INFO  PackageTree               :     │       │   │   └── i (10)
02:55:27 INFO  PackageTree               :     │       │   ├── e (15)
02:55:27 INFO  PackageTree               :     │       │   ├── a (2)
02:55:27 INFO  PackageTree               :     │       │   │   └── c (10)
02:55:27 INFO  PackageTree               :     │       │   ├── f (16)
02:55:27 INFO  PackageTree               :     │       │   ├── c
02:55:27 INFO  PackageTree               :     │       │   │   └── a (3)
02:55:27 INFO  PackageTree               :     │       │   └── d (2)
02:55:27 INFO  PackageTree               :     │       ├── b
02:55:27 INFO  PackageTree               :     │       │   └── a (19)
02:55:27 INFO  PackageTree               :     │       ├── d
02:55:27 INFO  PackageTree               :     │       │   ├── a (10)
02:55:27 INFO  PackageTree               :     │       │   ├── e (14)
02:55:27 INFO  PackageTree               :     │       │   ├── b
02:55:27 INFO  PackageTree               :     │       │   │   └── a (4)
02:55:27 INFO  PackageTree               :     │       │   ├── c
02:55:27 INFO  PackageTree               :     │       │   │   └── a (1)
02:55:27 INFO  PackageTree               :     │       │   └── d (2)
02:55:27 INFO  PackageTree               :     │       └── a (1)
02:55:27 INFO  PackageTree               :     └── de
02:55:27 INFO  PackageTree               :         └── j4velin
02:55:27 INFO  PackageTree               :             └── wifiAutoOff (50)
02:55:27 INFO  Profile                   : 
02:55:27 INFO  AppProfile                : - generated app package tree (in 25 ms)
02:55:27 INFO  AppProfile                : 
02:55:27 DEBUG HashTree                  : Generate hash tree..
02:55:27 DEBUG HashTree                  :     - generated 25 package hashes.
02:55:27 DEBUG HashTree                  :     - generated 625 clazz hashes.
02:55:27 DEBUG HashTree                  :     - generated 5325 method hashes.
02:55:27 DEBUG HashTree                  :     => Library Hash: cb2e4485502aa2e8010b2d5f54fb0efa
02:55:27 INFO  AppProfile                : - generated app hash trees (in 155 ms)
02:55:27 INFO  AppProfile                : 
02:55:27 INFO  LibraryIdentifier         : = Scan for library root packages (heuristic) =
02:55:27 INFO  LibraryIdentifier         :     - Found lib root package android.arch.lifecycle  (android.arch.lifecycle::common)
02:55:27 INFO  LibraryIdentifier         :     - Found lib root package android.arch.lifecycle  (android.arch.lifecycle::common-java8)
02:55:27 INFO  LibraryIdentifier         :     - Found lib root package android.arch.lifecycle  (android.arch.lifecycle::compiler)
02:55:27 INFO  LibraryIdentifier         :     - Found lib root package android.arch.lifecycle  (android.arch.lifecycle::extensions)
02:55:27 INFO  LibraryIdentifier         :     - Found lib root package android.arch.lifecycle  (android.arch.lifecycle::livedata)
02:55:27 INFO  LibraryIdentifier         :     - Found lib root package android.arch.lifecycle  (android.arch.lifecycle::livedata-core)
02:55:27 INFO  LibraryIdentifier         :     - Found lib root package android.arch.lifecycle  (android.arch.lifecycle::reactivestreams)
02:55:27 INFO  LibraryIdentifier         :     - Found lib root package android.arch.lifecycle  (android.arch.lifecycle::runtime)
02:55:27 INFO  LibraryIdentifier         :     - Found lib root package android.arch.lifecycle  (android.arch.lifecycle::viewmodel)
02:55:27 INFO  LibraryIdentifier         :     - Found lib root package android.support.v7  (com.android.support::appcompat-v7)
02:55:27 INFO  LibraryIdentifier         :     - Found lib root package android.support.v7.widget  (com.android.support::cardview-v7)
02:55:27 INFO  LibraryIdentifier         :     - Found lib root package android.support.v4.widget  (com.android.support::cursoradapter)
02:55:27 INFO  LibraryIdentifier         :     - Found lib root package android.support.v4  (com.android.support::customview)
02:55:27 INFO  LibraryIdentifier         :     - Found lib root package android.support.v4.widget  (com.android.support::drawerlayout)
02:55:27 INFO  LibraryIdentifier         :     - Found lib root package android.support.v7.widget  (com.android.support::gridlayout-v7)
02:55:27 INFO  LibraryIdentifier         :     - Found lib root package android.support.v4  (com.android.support::loader)
02:55:27 INFO  LibraryIdentifier         :     - Found lib root package android.support.v7  (com.android.support::mediarouter-v7)
02:55:27 INFO  LibraryIdentifier         :     - Found lib root package android.support.v7  (com.android.support::preference-v7)
02:55:27 INFO  LibraryIdentifier         :     - Found lib root package android.support.v7.widget  (com.android.support::recyclerview-v7)
02:55:27 INFO  LibraryIdentifier         :     - Found lib root package android.support.v4.widget  (com.android.support::slidingpanelayout)
02:55:27 INFO  LibraryIdentifier         :     - Found lib root package android.support.annotation  (com.android.support::support-annotations)
02:55:27 INFO  LibraryIdentifier         :     - Found lib root package android.support.v4  (com.android.support::support-compat)
02:55:27 INFO  LibraryIdentifier         :     - Found lib root package android.support.v4  (com.android.support::support-core-ui)
02:55:27 INFO  LibraryIdentifier         :     - Found lib root package android.support.v4  (com.android.support::support-core-utils)
02:55:27 INFO  LibraryIdentifier         :     - Found lib root package android.support.v4.app  (com.android.support::support-fragment)
02:55:27 INFO  LibraryIdentifier         :     - Found lib root package android.support.v4  (com.android.support::support-v4)
02:55:27 INFO  LibraryIdentifier         :     - Found lib root package android.support.v4.widget  (com.android.support::swiperefreshlayout)
02:55:27 INFO  LibraryIdentifier         : 
02:55:27 INFO  LibraryIdentifier         : = Match profiles =
02:55:36 INFO  LibraryIdentifier         :     >> profile matching done (8 sec, 693 ms)
02:55:36 INFO  LibraryIdentifier         : 
02:55:36 INFO  LibraryIdentifier         : == Report ==
02:55:36 INFO  LibraryIdentifier         : - Full library matches:
02:55:36 INFO  ProfileMatch              :                 name: com.google.firebase::firebase-ml-vision-image-label-model
02:55:36 INFO  ProfileMatch              :             category: Android
02:55:36 INFO  ProfileMatch              :              version: 20.0.0  [OLD VERSION]
02:55:36 INFO  ProfileMatch              :         release-date:  --
02:55:36 INFO  ProfileMatch              :     lib root package: "com.google.firebase.ml.vision.imagelabel"  (in app: "a.a")
02:55:36 INFO  ProfileMatch              : 
02:55:36 INFO  ProfileMatch              :                 name: com.google.firebase::firebase-ml-vision-image-label-model
02:55:36 INFO  ProfileMatch              :             category: Android
02:55:36 INFO  ProfileMatch              :              version: 20.0.1  [OLD VERSION]
02:55:36 INFO  ProfileMatch              :         release-date:  --
02:55:36 INFO  ProfileMatch              :     lib root package: "com.google.firebase.ml.vision.imagelabel"  (in app: "a.a")
02:55:36 INFO  ProfileMatch              : 
02:55:36 INFO  ProfileMatch              :                 name: com.google.firebase::firebase-ml-vision-image-label-model
02:55:36 INFO  ProfileMatch              :             category: Android
02:55:36 INFO  ProfileMatch              :              version: 20.0.2
02:55:36 INFO  ProfileMatch              :         release-date:  --
02:55:36 INFO  ProfileMatch              :     lib root package: "com.google.firebase.ml.vision.imagelabel"  (in app: "a.a")
02:55:36 INFO  ProfileMatch              : 
02:55:36 INFO  ProfileMatch              :                 name: com.android.support::interpolator
02:55:36 INFO  ProfileMatch              :             category: Android
02:55:36 INFO  ProfileMatch              :              version: 28.0.0
02:55:36 INFO  ProfileMatch              :         release-date:  --
02:55:36 INFO  ProfileMatch              :     lib root package: "android.support.v4.view.animation"  (in app: "a.a.c.g.y")
02:55:36 INFO  ProfileMatch              : 
02:55:36 INFO  ProfileMatch              :                 name: androidx.interpolator::interpolator
02:55:36 INFO  ProfileMatch              :             category: Android
02:55:36 INFO  ProfileMatch              :              version: 1.0.0
02:55:36 INFO  ProfileMatch              :         release-date:  --
02:55:36 INFO  ProfileMatch              :     lib root package: "androidx.interpolator.view.animation"  (in app: "a.a.c.g.y")
02:55:36 INFO  ProfileMatch              : 
02:55:36 INFO  ProfileMatch              :                 name: Facebook
02:55:36 INFO  ProfileMatch              :             category: SocialMedia
02:55:36 INFO  ProfileMatch              :              version: 4.27.0  [OLD VERSION]
02:55:36 INFO  ProfileMatch              :         release-date: 26.09.2017
02:55:36 INFO  ProfileMatch              :     lib root package: "com.facebook.all"  (in app: "a.a")
02:55:36 INFO  ProfileMatch              : 
02:55:36 INFO  ProfileMatch              :                 name: Facebook
02:55:36 INFO  ProfileMatch              :             category: SocialMedia
02:55:36 INFO  ProfileMatch              :              version: 4.28.0  [OLD VERSION]
02:55:36 INFO  ProfileMatch              :         release-date: 07.11.2017
02:55:36 INFO  ProfileMatch              :     lib root package: "com.facebook.all"  (in app: "a.a")
02:55:36 INFO  ProfileMatch              : 
02:55:36 INFO  ProfileMatch              :                 name: Facebook
02:55:36 INFO  ProfileMatch              :             category: SocialMedia
02:55:36 INFO  ProfileMatch              :              version: 4.29.0  [OLD VERSION]
02:55:36 INFO  ProfileMatch              :         release-date: 05.12.2017
02:55:36 INFO  ProfileMatch              :     lib root package: "com.facebook.all"  (in app: "a.a")
02:55:36 INFO  ProfileMatch              : 
02:55:36 INFO  ProfileMatch              :                 name: Facebook
02:55:36 INFO  ProfileMatch              :             category: SocialMedia
02:55:36 INFO  ProfileMatch              :              version: 4.30.0  [OLD VERSION]
02:55:36 INFO  ProfileMatch              :         release-date: 24.01.2018
02:55:36 INFO  ProfileMatch              :     lib root package: "com.facebook.all"  (in app: "a.a")
02:55:36 INFO  ProfileMatch              : 
02:55:36 INFO  ProfileMatch              :                 name: Facebook
02:55:36 INFO  ProfileMatch              :             category: SocialMedia
02:55:36 INFO  ProfileMatch              :              version: 4.31.0  [OLD VERSION]
02:55:36 INFO  ProfileMatch              :         release-date: 28.02.2018
02:55:36 INFO  ProfileMatch              :     lib root package: "com.facebook.all"  (in app: "a.a")
02:55:36 INFO  ProfileMatch              : 
02:55:36 INFO  ProfileMatch              :                 name: Facebook
02:55:36 INFO  ProfileMatch              :             category: SocialMedia
02:55:36 INFO  ProfileMatch              :              version: 4.32.0  [OLD VERSION]
02:55:36 INFO  ProfileMatch              :         release-date: 11.04.2018
02:55:36 INFO  ProfileMatch              :     lib root package: "com.facebook.all"  (in app: "a.a")
02:55:36 INFO  ProfileMatch              : 
02:55:36 INFO  ProfileMatch              :                 name: Facebook
02:55:36 INFO  ProfileMatch              :             category: SocialMedia
02:55:36 INFO  ProfileMatch              :              version: 4.33.0  [OLD VERSION]
02:55:36 INFO  ProfileMatch              :         release-date: 01.05.2018
02:55:36 INFO  ProfileMatch              :     lib root package: "com.facebook.all"  (in app: "a.a")
02:55:36 INFO  ProfileMatch              : 
02:55:36 INFO  ProfileMatch              :                 name: Facebook
02:55:36 INFO  ProfileMatch              :             category: SocialMedia
02:55:36 INFO  ProfileMatch              :              version: 4.34.0  [OLD VERSION]
02:55:36 INFO  ProfileMatch              :         release-date: 19.06.2018
02:55:36 INFO  ProfileMatch              :     lib root package: "com.facebook.all"  (in app: "a.a")
02:55:36 INFO  ProfileMatch              : 
02:55:36 INFO  ProfileMatch              :                 name: Facebook
02:55:36 INFO  ProfileMatch              :             category: SocialMedia
02:55:36 INFO  ProfileMatch              :              version: 4.35.0  [OLD VERSION]
02:55:36 INFO  ProfileMatch              :         release-date: 26.07.2018
02:55:36 INFO  ProfileMatch              :     lib root package: "com.facebook.all"  (in app: "a.a")
02:55:36 INFO  ProfileMatch              : 
02:55:36 INFO  ProfileMatch              :                 name: Facebook
02:55:36 INFO  ProfileMatch              :             category: SocialMedia
02:55:36 INFO  ProfileMatch              :              version: 4.36.0  [OLD VERSION]
02:55:36 INFO  ProfileMatch              :         release-date: 29.08.2018
02:55:36 INFO  ProfileMatch              :     lib root package: "com.facebook.all"  (in app: "a.a")
02:55:36 INFO  ProfileMatch              : 
02:55:36 INFO  ProfileMatch              :                 name: Facebook
02:55:36 INFO  ProfileMatch              :             category: SocialMedia
02:55:36 INFO  ProfileMatch              :              version: 4.36.1  [OLD VERSION]
02:55:36 INFO  ProfileMatch              :         release-date: 15.09.2018
02:55:36 INFO  ProfileMatch              :     lib root package: "com.facebook.all"  (in app: "a.a")
02:55:36 INFO  ProfileMatch              : 
02:55:36 INFO  ProfileMatch              :                 name: Facebook
02:55:36 INFO  ProfileMatch              :             category: SocialMedia
02:55:36 INFO  ProfileMatch              :              version: 4.37.0  [OLD VERSION]
02:55:36 INFO  ProfileMatch              :         release-date: 27.09.2018
02:55:36 INFO  ProfileMatch              :     lib root package: "com.facebook.all"  (in app: "a.a")
02:55:36 INFO  ProfileMatch              : 
02:55:36 INFO  ProfileMatch              :                 name: Facebook
02:55:36 INFO  ProfileMatch              :             category: SocialMedia
02:55:36 INFO  ProfileMatch              :              version: 4.38.0  [OLD VERSION]
02:55:36 INFO  ProfileMatch              :         release-date: 23.10.2018
02:55:36 INFO  ProfileMatch              :     lib root package: "com.facebook.all"  (in app: "a.a")
02:55:36 INFO  ProfileMatch              : 
02:55:36 INFO  ProfileMatch              :                 name: Facebook
02:55:36 INFO  ProfileMatch              :             category: SocialMedia
02:55:36 INFO  ProfileMatch              :              version: 4.38.1  [OLD VERSION]
02:55:36 INFO  ProfileMatch              :         release-date: 31.10.2018
02:55:36 INFO  ProfileMatch              :     lib root package: "com.facebook.all"  (in app: "a.a")
02:55:36 INFO  ProfileMatch              : 
02:55:36 INFO  ProfileMatch              :                 name: Facebook
02:55:36 INFO  ProfileMatch              :             category: SocialMedia
02:55:36 INFO  ProfileMatch              :              version: 4.39.0  [OLD VERSION]
02:55:36 INFO  ProfileMatch              :         release-date: 05.12.2018
02:55:36 INFO  ProfileMatch              :     lib root package: "com.facebook.all"  (in app: "a.a")
02:55:36 INFO  ProfileMatch              : 
02:55:36 INFO  ProfileMatch              :                 name: Facebook
02:55:36 INFO  ProfileMatch              :             category: SocialMedia
02:55:36 INFO  ProfileMatch              :              version: 4.40.0  [OLD VERSION]
02:55:36 INFO  ProfileMatch              :         release-date: 22.01.2019
02:55:36 INFO  ProfileMatch              :     lib root package: "com.facebook.all"  (in app: "a.a")
02:55:36 INFO  ProfileMatch              : 
02:55:36 INFO  ProfileMatch              :                 name: Facebook
02:55:36 INFO  ProfileMatch              :             category: SocialMedia
02:55:36 INFO  ProfileMatch              :              version: 4.41.0  [OLD VERSION]
02:55:36 INFO  ProfileMatch              :         release-date: 08.03.2019
02:55:36 INFO  ProfileMatch              :     lib root package: "com.facebook.all"  (in app: "a.a")
02:55:36 INFO  ProfileMatch              : 
02:55:36 INFO  ProfileMatch              :                 name: Facebook
02:55:36 INFO  ProfileMatch              :             category: SocialMedia
02:55:36 INFO  ProfileMatch              :              version: 4.42.0  [OLD VERSION]
02:55:36 INFO  ProfileMatch              :         release-date: 08.04.2019
02:55:36 INFO  ProfileMatch              :     lib root package: "com.facebook.all"  (in app: "a.a")
02:55:36 INFO  ProfileMatch              : 
02:55:36 INFO  ProfileMatch              :                 name: Facebook
02:55:36 INFO  ProfileMatch              :             category: SocialMedia
02:55:36 INFO  ProfileMatch              :              version: 5.0.0  [OLD VERSION]
02:55:36 INFO  ProfileMatch              :         release-date: 30.04.2019
02:55:36 INFO  ProfileMatch              :     lib root package: "com.facebook.all"  (in app: "a.a")
02:55:36 INFO  ProfileMatch              : 
02:55:36 INFO  ProfileMatch              :                 name: Facebook
02:55:36 INFO  ProfileMatch              :             category: SocialMedia
02:55:36 INFO  ProfileMatch              :              version: 5.0.1  [OLD VERSION]
02:55:36 INFO  ProfileMatch              :         release-date: 17.05.2019
02:55:36 INFO  ProfileMatch              :     lib root package: "com.facebook.all"  (in app: "a.a")
02:55:36 INFO  ProfileMatch              : 
02:55:36 INFO  ProfileMatch              :                 name: Facebook
02:55:36 INFO  ProfileMatch              :             category: SocialMedia
02:55:36 INFO  ProfileMatch              :              version: 5.0.2  [OLD VERSION]
02:55:36 INFO  ProfileMatch              :         release-date: 09.06.2019
02:55:36 INFO  ProfileMatch              :     lib root package: "com.facebook.all"  (in app: "a.a")
02:55:36 INFO  ProfileMatch              : 
02:55:36 INFO  ProfileMatch              :                 name: Facebook
02:55:36 INFO  ProfileMatch              :             category: SocialMedia
02:55:36 INFO  ProfileMatch              :              version: 5.0.3  [OLD VERSION]
02:55:36 INFO  ProfileMatch              :         release-date: 14.06.2019
02:55:36 INFO  ProfileMatch              :     lib root package: "com.facebook.all"  (in app: "a.a")
02:55:36 INFO  ProfileMatch              : 
02:55:36 INFO  ProfileMatch              :                 name: Facebook
02:55:36 INFO  ProfileMatch              :             category: SocialMedia
02:55:36 INFO  ProfileMatch              :              version: 5.1.0  [OLD VERSION]
02:55:36 INFO  ProfileMatch              :         release-date: 21.06.2019
02:55:36 INFO  ProfileMatch              :     lib root package: "com.facebook.all"  (in app: "a.a")
02:55:36 INFO  ProfileMatch              : 
02:55:36 INFO  ProfileMatch              :                 name: Facebook
02:55:36 INFO  ProfileMatch              :             category: SocialMedia
02:55:36 INFO  ProfileMatch              :              version: 5.1.1  [OLD VERSION]
02:55:36 INFO  ProfileMatch              :         release-date: 02.07.2019
02:55:36 INFO  ProfileMatch              :     lib root package: "com.facebook.all"  (in app: "a.a")
02:55:36 INFO  ProfileMatch              : 
02:55:36 INFO  ProfileMatch              :                 name: Facebook
02:55:36 INFO  ProfileMatch              :             category: SocialMedia
02:55:36 INFO  ProfileMatch              :              version: 5.2.0  [OLD VERSION]
02:55:36 INFO  ProfileMatch              :         release-date: 29.07.2019
02:55:36 INFO  ProfileMatch              :     lib root package: "com.facebook.all"  (in app: "a.a")
02:55:36 INFO  ProfileMatch              : 
02:55:36 INFO  ProfileMatch              :                 name: Facebook
02:55:36 INFO  ProfileMatch              :             category: SocialMedia
02:55:36 INFO  ProfileMatch              :              version: 5.4.0  [OLD VERSION]
02:55:36 INFO  ProfileMatch              :         release-date: 16.08.2019
02:55:36 INFO  ProfileMatch              :     lib root package: "com.facebook.all"  (in app: "a.a")
02:55:36 INFO  ProfileMatch              : 
02:55:36 INFO  ProfileMatch              :                 name: Facebook
02:55:36 INFO  ProfileMatch              :             category: SocialMedia
02:55:36 INFO  ProfileMatch              :              version: 5.5.0  [OLD VERSION]
02:55:36 INFO  ProfileMatch              :         release-date: 31.08.2019
02:55:36 INFO  ProfileMatch              :     lib root package: "com.facebook.all"  (in app: "a.a")
02:55:36 INFO  ProfileMatch              : 
02:55:36 INFO  ProfileMatch              :                 name: Facebook
02:55:36 INFO  ProfileMatch              :             category: SocialMedia
02:55:36 INFO  ProfileMatch              :              version: 5.5.1  [OLD VERSION]
02:55:36 INFO  ProfileMatch              :         release-date: 06.09.2019
02:55:36 INFO  ProfileMatch              :     lib root package: "com.facebook.all"  (in app: "a.a")
02:55:36 INFO  ProfileMatch              : 
02:55:36 INFO  ProfileMatch              :                 name: Facebook
02:55:36 INFO  ProfileMatch              :             category: SocialMedia
02:55:36 INFO  ProfileMatch              :              version: 5.5.2  [OLD VERSION]
02:55:36 INFO  ProfileMatch              :         release-date: 05.10.2019
02:55:36 INFO  ProfileMatch              :     lib root package: "com.facebook.all"  (in app: "a.a")
02:55:36 INFO  ProfileMatch              : 
02:55:36 INFO  ProfileMatch              :                 name: Facebook
02:55:36 INFO  ProfileMatch              :             category: SocialMedia
02:55:36 INFO  ProfileMatch              :              version: 5.8.0  [OLD VERSION]
02:55:36 INFO  ProfileMatch              :         release-date: 08.10.2019
02:55:36 INFO  ProfileMatch              :     lib root package: "com.facebook.all"  (in app: "a.a")
02:55:36 INFO  ProfileMatch              : 
02:55:36 INFO  ProfileMatch              :                 name: Facebook
02:55:36 INFO  ProfileMatch              :             category: SocialMedia
02:55:36 INFO  ProfileMatch              :              version: 5.9.0  [OLD VERSION]
02:55:36 INFO  ProfileMatch              :         release-date: 29.10.2019
02:55:36 INFO  ProfileMatch              :     lib root package: "com.facebook.all"  (in app: "a.a")
02:55:36 INFO  ProfileMatch              : 
02:55:36 INFO  ProfileMatch              :                 name: Facebook
02:55:36 INFO  ProfileMatch              :             category: SocialMedia
02:55:36 INFO  ProfileMatch              :              version: 5.11.0  [OLD VERSION]
02:55:36 INFO  ProfileMatch              :         release-date: 15.11.2019
02:55:36 INFO  ProfileMatch              :     lib root package: "com.facebook.all"  (in app: "a.a")
02:55:36 INFO  ProfileMatch              : 
02:55:36 INFO  ProfileMatch              :                 name: Facebook
02:55:36 INFO  ProfileMatch              :             category: SocialMedia
02:55:36 INFO  ProfileMatch              :              version: 5.11.1  [OLD VERSION]
02:55:36 INFO  ProfileMatch              :         release-date: 21.11.2019
02:55:36 INFO  ProfileMatch              :     lib root package: "com.facebook.all"  (in app: "a.a")
02:55:36 INFO  ProfileMatch              : 
02:55:36 INFO  ProfileMatch              :                 name: Facebook
02:55:36 INFO  ProfileMatch              :             category: SocialMedia
02:55:36 INFO  ProfileMatch              :              version: 5.11.2  [OLD VERSION]
02:55:36 INFO  ProfileMatch              :         release-date: 22.11.2019
02:55:36 INFO  ProfileMatch              :     lib root package: "com.facebook.all"  (in app: "a.a")
02:55:36 INFO  ProfileMatch              : 
02:55:36 INFO  ProfileMatch              :                 name: Facebook
02:55:36 INFO  ProfileMatch              :             category: SocialMedia
02:55:36 INFO  ProfileMatch              :              version: 5.12.0  [OLD VERSION]
02:55:36 INFO  ProfileMatch              :         release-date: 04.12.2019
02:55:36 INFO  ProfileMatch              :     lib root package: "com.facebook.all"  (in app: "a.a")
02:55:36 INFO  ProfileMatch              : 
02:55:36 INFO  ProfileMatch              :                 name: Facebook
02:55:36 INFO  ProfileMatch              :             category: SocialMedia
02:55:36 INFO  ProfileMatch              :              version: 5.12.1  [OLD VERSION]
02:55:36 INFO  ProfileMatch              :         release-date: 09.12.2019
02:55:36 INFO  ProfileMatch              :     lib root package: "com.facebook.all"  (in app: "a.a")
02:55:36 INFO  ProfileMatch              : 
02:55:36 INFO  ProfileMatch              :                 name: Facebook
02:55:36 INFO  ProfileMatch              :             category: SocialMedia
02:55:36 INFO  ProfileMatch              :              version: 5.13.0  [OLD VERSION]
02:55:36 INFO  ProfileMatch              :         release-date: 12.12.2019
02:55:36 INFO  ProfileMatch              :     lib root package: "com.facebook.all"  (in app: "a.a")
02:55:36 INFO  ProfileMatch              : 
02:55:36 INFO  ProfileMatch              :                 name: Facebook
02:55:36 INFO  ProfileMatch              :             category: SocialMedia
02:55:36 INFO  ProfileMatch              :              version: 5.15.0  [OLD VERSION]
02:55:36 INFO  ProfileMatch              :         release-date: 21.01.2020
02:55:36 INFO  ProfileMatch              :     lib root package: "com.facebook.all"  (in app: "a.a")
02:55:36 INFO  ProfileMatch              : 
02:55:36 INFO  ProfileMatch              :                 name: Facebook
02:55:36 INFO  ProfileMatch              :             category: SocialMedia
02:55:36 INFO  ProfileMatch              :              version: 5.15.1  [OLD VERSION]
02:55:36 INFO  ProfileMatch              :         release-date: 29.01.2020
02:55:36 INFO  ProfileMatch              :     lib root package: "com.facebook.all"  (in app: "a.a")
02:55:36 INFO  ProfileMatch              : 
02:55:36 INFO  ProfileMatch              :                 name: Facebook
02:55:36 INFO  ProfileMatch              :             category: SocialMedia
02:55:36 INFO  ProfileMatch              :              version: 5.15.2  [OLD VERSION]
02:55:36 INFO  ProfileMatch              :         release-date: 03.02.2020
02:55:36 INFO  ProfileMatch              :     lib root package: "com.facebook.all"  (in app: "a.a")
02:55:36 INFO  ProfileMatch              : 
02:55:36 INFO  ProfileMatch              :                 name: Facebook
02:55:36 INFO  ProfileMatch              :             category: SocialMedia
02:55:36 INFO  ProfileMatch              :              version: 5.15.3  [OLD VERSION]
02:55:36 INFO  ProfileMatch              :         release-date: 03.02.2020
02:55:36 INFO  ProfileMatch              :     lib root package: "com.facebook.all"  (in app: "a.a")
02:55:36 INFO  ProfileMatch              : 
02:55:36 INFO  ProfileMatch              :                 name: Facebook
02:55:36 INFO  ProfileMatch              :             category: SocialMedia
02:55:36 INFO  ProfileMatch              :              version: 6.0.0  [OLD VERSION]
02:55:36 INFO  ProfileMatch              :         release-date: 03.02.2020
02:55:36 INFO  ProfileMatch              :     lib root package: "com.facebook.all"  (in app: "a.a")
02:55:36 INFO  ProfileMatch              : 
02:55:36 INFO  ProfileMatch              :                 name: Facebook
02:55:36 INFO  ProfileMatch              :             category: SocialMedia
02:55:36 INFO  ProfileMatch              :              version: 6.1.0  [OLD VERSION]
02:55:36 INFO  ProfileMatch              :         release-date: 14.02.2020
02:55:36 INFO  ProfileMatch              :     lib root package: "com.facebook.all"  (in app: "a.a")
02:55:36 INFO  ProfileMatch              : 
02:55:36 INFO  ProfileMatch              :                 name: Facebook
02:55:36 INFO  ProfileMatch              :             category: SocialMedia
02:55:36 INFO  ProfileMatch              :              version: 6.2.0  [OLD VERSION]
02:55:36 INFO  ProfileMatch              :         release-date: 09.03.2020
02:55:36 INFO  ProfileMatch              :     lib root package: "com.facebook.all"  (in app: "a.a")
02:55:36 INFO  ProfileMatch              : 
02:55:36 INFO  ProfileMatch              :                 name: Facebook
02:55:36 INFO  ProfileMatch              :             category: SocialMedia
02:55:36 INFO  ProfileMatch              :              version: 6.3.0  [OLD VERSION]
02:55:36 INFO  ProfileMatch              :         release-date: 25.03.2020
02:55:36 INFO  ProfileMatch              :     lib root package: "com.facebook.all"  (in app: "a.a")
02:55:36 INFO  ProfileMatch              : 
02:55:36 INFO  ProfileMatch              :                 name: Facebook
02:55:36 INFO  ProfileMatch              :             category: SocialMedia
02:55:36 INFO  ProfileMatch              :              version: 6.4.0  [OLD VERSION]
02:55:36 INFO  ProfileMatch              :         release-date: 15.04.2020
02:55:36 INFO  ProfileMatch              :     lib root package: "com.facebook.all"  (in app: "a.a")
02:55:36 INFO  ProfileMatch              : 
02:55:36 INFO  ProfileMatch              :                 name: Facebook
02:55:36 INFO  ProfileMatch              :             category: SocialMedia
02:55:36 INFO  ProfileMatch              :              version: 6.5.0  [OLD VERSION]
02:55:36 INFO  ProfileMatch              :         release-date: 20.04.2020
02:55:36 INFO  ProfileMatch              :     lib root package: "com.facebook.all"  (in app: "a.a")
02:55:36 INFO  ProfileMatch              : 
02:55:36 INFO  ProfileMatch              :                 name: Facebook
02:55:36 INFO  ProfileMatch              :             category: SocialMedia
02:55:36 INFO  ProfileMatch              :              version: 6.5.1  [OLD VERSION]
02:55:36 INFO  ProfileMatch              :         release-date: 23.04.2020
02:55:36 INFO  ProfileMatch              :     lib root package: "com.facebook.all"  (in app: "a.a")
02:55:36 INFO  ProfileMatch              : 
02:55:36 INFO  ProfileMatch              :                 name: Facebook
02:55:36 INFO  ProfileMatch              :             category: SocialMedia
02:55:36 INFO  ProfileMatch              :              version: 7.0.0  [OLD VERSION]
02:55:36 INFO  ProfileMatch              :         release-date: 05.05.2020
02:55:36 INFO  ProfileMatch              :     lib root package: "com.facebook.all"  (in app: "a.a")
02:55:36 INFO  ProfileMatch              : 
02:55:36 INFO  ProfileMatch              :                 name: Facebook
02:55:36 INFO  ProfileMatch              :             category: SocialMedia
02:55:36 INFO  ProfileMatch              :              version: 7.0.1  [OLD VERSION]
02:55:36 INFO  ProfileMatch              :         release-date: 09.06.2020
02:55:36 INFO  ProfileMatch              :     lib root package: "com.facebook.all"  (in app: "a.a")
02:55:36 INFO  ProfileMatch              : 
02:55:36 INFO  ProfileMatch              :                 name: Facebook
02:55:36 INFO  ProfileMatch              :             category: SocialMedia
02:55:36 INFO  ProfileMatch              :              version: 7.1.0  [OLD VERSION]
02:55:36 INFO  ProfileMatch              :         release-date: 23.06.2020
02:55:36 INFO  ProfileMatch              :     lib root package: "com.facebook.all"  (in app: "a.a")
02:55:36 INFO  ProfileMatch              : 
02:55:36 INFO  ProfileMatch              :                 name: Facebook
02:55:36 INFO  ProfileMatch              :             category: SocialMedia
02:55:36 INFO  ProfileMatch              :              version: 8.0.0  [OLD VERSION]
02:55:36 INFO  ProfileMatch              :         release-date: 28.09.2020
02:55:36 INFO  ProfileMatch              :     lib root package: "com.facebook.all"  (in app: "a.a")
02:55:36 INFO  ProfileMatch              : 
02:55:36 INFO  ProfileMatch              :                 name: Facebook
02:55:36 INFO  ProfileMatch              :             category: SocialMedia
02:55:36 INFO  ProfileMatch              :              version: 8.1.0  [OLD VERSION]
02:55:36 INFO  ProfileMatch              :         release-date: 14.10.2020
02:55:36 INFO  ProfileMatch              :     lib root package: "com.facebook.all"  (in app: "a.a")
02:55:36 INFO  ProfileMatch              : 
02:55:36 INFO  ProfileMatch              :                 name: Facebook
02:55:36 INFO  ProfileMatch              :             category: SocialMedia
02:55:36 INFO  ProfileMatch              :              version: 8.2.0  [OLD VERSION]
02:55:36 INFO  ProfileMatch              :         release-date: 18.12.2020
02:55:36 INFO  ProfileMatch              :     lib root package: "com.facebook.all"  (in app: "a.a")
02:55:36 INFO  ProfileMatch              : 
02:55:36 INFO  ProfileMatch              :                 name: Facebook
02:55:36 INFO  ProfileMatch              :             category: SocialMedia
02:55:36 INFO  ProfileMatch              :              version: 9.0.0  [OLD VERSION]
02:55:36 INFO  ProfileMatch              :         release-date: 19.01.2021
02:55:36 INFO  ProfileMatch              :     lib root package: "com.facebook.all"  (in app: "a.a")
02:55:36 INFO  ProfileMatch              : 
02:55:36 INFO  ProfileMatch              :                 name: Facebook
02:55:36 INFO  ProfileMatch              :             category: SocialMedia
02:55:36 INFO  ProfileMatch              :              version: 9.1.0  [OLD VERSION]
02:55:36 INFO  ProfileMatch              :         release-date: 15.03.2021
02:55:36 INFO  ProfileMatch              :     lib root package: "com.facebook.all"  (in app: "a.a")
02:55:36 INFO  ProfileMatch              : 
02:55:36 INFO  ProfileMatch              :                 name: Facebook
02:55:36 INFO  ProfileMatch              :             category: SocialMedia
02:55:36 INFO  ProfileMatch              :              version: 9.1.1  [OLD VERSION]
02:55:36 INFO  ProfileMatch              :         release-date: 12.04.2021
02:55:36 INFO  ProfileMatch              :     lib root package: "com.facebook.all"  (in app: "a.a")
02:55:36 INFO  ProfileMatch              : 
02:55:36 INFO  ProfileMatch              :                 name: Facebook
02:55:36 INFO  ProfileMatch              :             category: SocialMedia
02:55:36 INFO  ProfileMatch              :              version: 11.0.0  [OLD VERSION]
02:55:36 INFO  ProfileMatch              :         release-date: 08.06.2021
02:55:36 INFO  ProfileMatch              :     lib root package: "com.facebook.all"  (in app: "a.a")
02:55:36 INFO  ProfileMatch              : 
02:55:36 INFO  ProfileMatch              :                 name: Facebook
02:55:36 INFO  ProfileMatch              :             category: SocialMedia
02:55:36 INFO  ProfileMatch              :              version: 11.1.0  [OLD VERSION]
02:55:36 INFO  ProfileMatch              :         release-date: 06.07.2021
02:55:36 INFO  ProfileMatch              :     lib root package: "com.facebook.all"  (in app: "a.a")
02:55:36 INFO  ProfileMatch              : 
02:55:36 INFO  ProfileMatch              :                 name: Facebook
02:55:36 INFO  ProfileMatch              :             category: SocialMedia
02:55:36 INFO  ProfileMatch              :              version: 11.1.1  [OLD VERSION]
02:55:36 INFO  ProfileMatch              :         release-date: 19.07.2021
02:55:36 INFO  ProfileMatch              :     lib root package: "com.facebook.all"  (in app: "a.a")
02:55:36 INFO  ProfileMatch              : 
02:55:36 INFO  ProfileMatch              :                 name: Facebook
02:55:36 INFO  ProfileMatch              :             category: SocialMedia
02:55:36 INFO  ProfileMatch              :              version: 11.2.0  [OLD VERSION]
02:55:36 INFO  ProfileMatch              :         release-date: 03.08.2021
02:55:36 INFO  ProfileMatch              :     lib root package: "com.facebook.all"  (in app: "a.a")
02:55:36 INFO  ProfileMatch              : 
02:55:36 INFO  ProfileMatch              :                 name: Facebook
02:55:36 INFO  ProfileMatch              :             category: SocialMedia
02:55:36 INFO  ProfileMatch              :              version: 11.3.0  [OLD VERSION]
02:55:36 INFO  ProfileMatch              :         release-date: 07.09.2021
02:55:36 INFO  ProfileMatch              :     lib root package: "com.facebook.all"  (in app: "a.a")
02:55:36 INFO  ProfileMatch              : 
02:55:36 INFO  ProfileMatch              :                 name: Facebook
02:55:36 INFO  ProfileMatch              :             category: SocialMedia
02:55:36 INFO  ProfileMatch              :              version: 12.0.0  [OLD VERSION]
02:55:36 INFO  ProfileMatch              :         release-date: 05.10.2021
02:55:36 INFO  ProfileMatch              :     lib root package: "com.facebook.all"  (in app: "a.a")
02:55:36 INFO  ProfileMatch              : 
02:55:36 INFO  ProfileMatch              :                 name: Facebook
02:55:36 INFO  ProfileMatch              :             category: SocialMedia
02:55:36 INFO  ProfileMatch              :              version: 12.0.1  [OLD VERSION]
02:55:36 INFO  ProfileMatch              :         release-date: 13.10.2021
02:55:36 INFO  ProfileMatch              :     lib root package: "com.facebook.all"  (in app: "a.a")
02:55:36 INFO  ProfileMatch              : 
02:55:36 INFO  ProfileMatch              :                 name: Facebook
02:55:36 INFO  ProfileMatch              :             category: SocialMedia
02:55:36 INFO  ProfileMatch              :              version: 12.1.0  [OLD VERSION]
02:55:36 INFO  ProfileMatch              :         release-date: 01.11.2021
02:55:36 INFO  ProfileMatch              :     lib root package: "com.facebook.all"  (in app: "a.a")
02:55:36 INFO  ProfileMatch              : 
02:55:36 INFO  ProfileMatch              :                 name: Facebook
02:55:36 INFO  ProfileMatch              :             category: SocialMedia
02:55:36 INFO  ProfileMatch              :              version: 12.2.0  [OLD VERSION]
02:55:36 INFO  ProfileMatch              :         release-date: 06.12.2021
02:55:36 INFO  ProfileMatch              :     lib root package: "com.facebook.all"  (in app: "a.a")
02:55:36 INFO  ProfileMatch              : 
02:55:36 INFO  ProfileMatch              :                 name: Facebook
02:55:36 INFO  ProfileMatch              :             category: SocialMedia
02:55:36 INFO  ProfileMatch              :              version: 12.3.0  [OLD VERSION]
02:55:36 INFO  ProfileMatch              :         release-date: 10.01.2022
02:55:36 INFO  ProfileMatch              :     lib root package: "com.facebook.all"  (in app: "a.a")
02:55:36 INFO  ProfileMatch              : 
02:55:36 INFO  ProfileMatch              :                 name: Facebook
02:55:36 INFO  ProfileMatch              :             category: SocialMedia
02:55:36 INFO  ProfileMatch              :              version: 13.0.0  [OLD VERSION]
02:55:36 INFO  ProfileMatch              :         release-date: 23.02.2022
02:55:36 INFO  ProfileMatch              :     lib root package: "com.facebook.all"  (in app: "a.a")
02:55:36 INFO  ProfileMatch              : 
02:55:36 INFO  ProfileMatch              :                 name: Facebook
02:55:36 INFO  ProfileMatch              :             category: SocialMedia
02:55:36 INFO  ProfileMatch              :              version: 13.1.0  [OLD VERSION]
02:55:36 INFO  ProfileMatch              :         release-date: 21.03.2022
02:55:36 INFO  ProfileMatch              :     lib root package: "com.facebook.all"  (in app: "a.a")
02:55:36 INFO  ProfileMatch              : 
02:55:36 INFO  ProfileMatch              :                 name: Facebook
02:55:36 INFO  ProfileMatch              :             category: SocialMedia
02:55:36 INFO  ProfileMatch              :              version: 13.2.0  [OLD VERSION]
02:55:36 INFO  ProfileMatch              :         release-date: 22.04.2022
02:55:36 INFO  ProfileMatch              :     lib root package: "com.facebook.all"  (in app: "a.a")
02:55:36 INFO  ProfileMatch              : 
02:55:36 INFO  ProfileMatch              :                 name: Facebook
02:55:36 INFO  ProfileMatch              :             category: SocialMedia
02:55:36 INFO  ProfileMatch              :              version: 14.0.0
02:55:36 INFO  ProfileMatch              :         release-date: 14.06.2022
02:55:36 INFO  ProfileMatch              :     lib root package: "com.facebook.all"  (in app: "a.a")
02:55:36 INFO  ProfileMatch              : 
02:55:36 INFO  LibraryIdentifier         : 
02:55:36 INFO  LibraryIdentifier         : - Partial library matches:
02:55:37 INFO  LibraryIdentifier         : 
02:55:37 INFO  LibraryIdentifier         : App processing time: 10 sec, 727 ms
