17:41:21 INFO  LibraryIdentifier         : Process app: de.lukaspieper.gcam.services_6.apk
17:41:21 INFO  LibraryIdentifier         : = Manifest Parser =
17:41:21 INFO  LibraryIdentifier         :         Package name: de.lukaspieper.gcam.services
17:41:21 INFO  LibraryIdentifier         :         Version code: 6
17:41:21 INFO  LibraryIdentifier         :        minSdkVersion: 19
17:41:21 INFO  LibraryIdentifier         :     targetSdkVersion: 31
17:41:21 INFO  LibraryIdentifier         :         SharedUserId:  - none -
17:41:21 INFO  LibraryIdentifier         :     Library dependencies:  - none -
17:41:21 INFO  LibraryIdentifier         : 
17:41:21 INFO  LibraryIdentifier         : Found 402 unique libraries in 12405 library profiles
17:41:21 INFO  LibraryIdentifier         : Generated class hierarchy (in 432 ms)
17:41:21 INFO  WalaUtils                 : 
17:41:21 INFO  WalaUtils                 : = ClassHierarchy Stats =
17:41:21 INFO  WalaUtils                 :     # of classes: 894
17:41:21 INFO  WalaUtils                 :     # thereof inner classes: 302
17:41:21 INFO  WalaUtils                 :     # thereof public classes: 659
17:41:21 INFO  WalaUtils                 :         Activity : 1
17:41:21 INFO  WalaUtils                 :         Application : 0
17:41:21 INFO  WalaUtils                 :         AsyncTask : 0
17:41:21 INFO  WalaUtils                 :         BroadcastReceiver : 0
17:41:21 INFO  WalaUtils                 :         ContentProvider : 1
17:41:21 INFO  WalaUtils                 :         Fragment : 0
17:41:21 INFO  WalaUtils                 :         Handler : 0
17:41:21 INFO  WalaUtils                 :         LayoutContainer : 0
17:41:21 INFO  WalaUtils                 :         Plain : 891
17:41:21 INFO  WalaUtils                 :         Runnable : 0
17:41:21 INFO  WalaUtils                 :         Service : 0
17:41:21 INFO  WalaUtils                 :         Thread : 1
17:41:21 INFO  WalaUtils                 :         View : 0
17:41:21 INFO  WalaUtils                 :     # methods: 7959
17:41:21 INFO  WalaUtils                 :         # of publicly accessible methods: 5250
17:41:21 INFO  WalaUtils                 :         # of non-accessible methods: 2709
17:41:21 INFO  WalaUtils                 : 
17:41:21 INFO  Profile                   : = PackageTree =
17:41:21 INFO  PackageTree               : Root Package: kotlin
17:41:21 INFO  PackageTree               : └── Root
17:41:21 INFO  PackageTree               :     ├── kotlin (111)
17:41:21 INFO  PackageTree               :     │   ├── jvm (21)
17:41:21 INFO  PackageTree               :     │   │   ├── internal (87)
17:41:21 INFO  PackageTree               :     │   │   │   ├── markers (9)
17:41:21 INFO  PackageTree               :     │   │   │   └── unsafe (1)
17:41:21 INFO  PackageTree               :     │   │   └── functions (24)
17:41:21 INFO  PackageTree               :     │   ├── collections (136)
17:41:21 INFO  PackageTree               :     │   │   ├── unsigned (11)
17:41:21 INFO  PackageTree               :     │   │   └── builders (19)
17:41:21 INFO  PackageTree               :     │   ├── internal (19)
17:41:21 INFO  PackageTree               :     │   ├── io (37)
17:41:21 INFO  PackageTree               :     │   ├── time (23)
17:41:21 INFO  PackageTree               :     │   ├── text (68)
17:41:21 INFO  PackageTree               :     │   ├── ranges (37)
17:41:21 INFO  PackageTree               :     │   ├── contracts (11)
17:41:21 INFO  PackageTree               :     │   ├── reflect (47)
17:41:21 INFO  PackageTree               :     │   ├── sequences (81)
17:41:21 INFO  PackageTree               :     │   ├── properties (8)
17:41:21 INFO  PackageTree               :     │   ├── random (15)
17:41:21 INFO  PackageTree               :     │   ├── coroutines (24)
17:41:21 INFO  PackageTree               :     │   │   ├── intrinsics (10)
17:41:21 INFO  PackageTree               :     │   │   ├── jvm
17:41:21 INFO  PackageTree               :     │   │   │   └── internal (16)
17:41:21 INFO  PackageTree               :     │   │   └── cancellation (1)
17:41:21 INFO  PackageTree               :     │   ├── comparisons (23)
17:41:21 INFO  PackageTree               :     │   ├── system (2)
17:41:21 INFO  PackageTree               :     │   ├── experimental (2)
17:41:21 INFO  PackageTree               :     │   ├── math (5)
17:41:21 INFO  PackageTree               :     │   ├── annotation (6)
17:41:21 INFO  PackageTree               :     │   ├── concurrent (5)
17:41:21 INFO  PackageTree               :     │   └── js (1)
17:41:21 INFO  PackageTree               :     ├── org
17:41:21 INFO  PackageTree               :     │   ├── jetbrains
17:41:21 INFO  PackageTree               :     │   │   └── annotations (7)
17:41:21 INFO  PackageTree               :     │   └── intellij
17:41:21 INFO  PackageTree               :     │       └── lang
17:41:21 INFO  PackageTree               :     │           └── annotations (25)
17:41:21 INFO  PackageTree               :     └── de
17:41:21 INFO  PackageTree               :         └── lukaspieper
17:41:21 INFO  PackageTree               :             └── gcam (2)
17:41:21 INFO  Profile                   : 
17:41:21 INFO  AppProfile                : - generated app package tree (in 20 ms)
17:41:21 INFO  AppProfile                : 
17:41:21 DEBUG HashTree                  : Generate hash tree..
17:41:22 DEBUG HashTree                  :     - generated 31 package hashes.
17:41:22 DEBUG HashTree                  :     - generated 789 clazz hashes.
17:41:22 DEBUG HashTree                  :     - generated 7959 method hashes.
17:41:22 DEBUG HashTree                  :     => Library Hash: f008f24de7720806a6858c8db3fff7e9
17:41:22 INFO  AppProfile                : - generated app hash trees (in 154 ms)
17:41:22 INFO  AppProfile                : 
17:41:22 INFO  LibraryIdentifier         : = Scan for library root packages (heuristic) =
17:41:22 INFO  LibraryIdentifier         : 
17:41:22 INFO  LibraryIdentifier         : = Match profiles =
17:41:33 INFO  LibraryIdentifier         :     >> profile matching done (11 sec, 550 ms)
17:41:33 INFO  LibraryIdentifier         : 
17:41:33 INFO  LibraryIdentifier         : == Report ==
17:41:33 INFO  LibraryIdentifier         : - Full library matches:
17:41:33 INFO  ProfileMatch              :                 name: com.android.tools::annotations
17:41:33 INFO  ProfileMatch              :             category: Android
17:41:33 INFO  ProfileMatch              :              version: 26.0.0  [OLD VERSION]
17:41:33 INFO  ProfileMatch              :         release-date:  --
17:41:33 INFO  ProfileMatch              :     lib root package: "com.android.annotations"  (in app: "org.intellij.lang.annotations")
17:41:33 INFO  ProfileMatch              : 
17:41:33 INFO  ProfileMatch              :                 name: com.android.tools::annotations
17:41:33 INFO  ProfileMatch              :             category: Android
17:41:33 INFO  ProfileMatch              :              version: 26.0.1  [OLD VERSION]
17:41:33 INFO  ProfileMatch              :         release-date:  --
17:41:33 INFO  ProfileMatch              :     lib root package: "com.android.annotations"  (in app: "org.intellij.lang.annotations")
17:41:33 INFO  ProfileMatch              : 
17:41:33 INFO  ProfileMatch              :                 name: com.android.tools::annotations
17:41:33 INFO  ProfileMatch              :             category: Android
17:41:33 INFO  ProfileMatch              :              version: 26.1.0  [OLD VERSION]
17:41:33 INFO  ProfileMatch              :         release-date:  --
17:41:33 INFO  ProfileMatch              :     lib root package: "com.android.annotations"  (in app: "org.intellij.lang.annotations")
17:41:33 INFO  ProfileMatch              : 
17:41:33 INFO  ProfileMatch              :                 name: com.android.tools::annotations
17:41:33 INFO  ProfileMatch              :             category: Android
17:41:33 INFO  ProfileMatch              :              version: 26.1.1  [OLD VERSION]
17:41:33 INFO  ProfileMatch              :         release-date:  --
17:41:33 INFO  ProfileMatch              :     lib root package: "com.android.annotations"  (in app: "org.intellij.lang.annotations")
17:41:33 INFO  ProfileMatch              : 
17:41:33 INFO  ProfileMatch              :                 name: com.android.tools::annotations
17:41:33 INFO  ProfileMatch              :             category: Android
17:41:33 INFO  ProfileMatch              :              version: 26.1.2  [OLD VERSION]
17:41:33 INFO  ProfileMatch              :         release-date:  --
17:41:33 INFO  ProfileMatch              :     lib root package: "com.android.annotations"  (in app: "org.intellij.lang.annotations")
17:41:33 INFO  ProfileMatch              : 
17:41:33 INFO  ProfileMatch              :                 name: com.android.tools::annotations
17:41:33 INFO  ProfileMatch              :             category: Android
17:41:33 INFO  ProfileMatch              :              version: 26.1.3  [OLD VERSION]
17:41:33 INFO  ProfileMatch              :         release-date:  --
17:41:33 INFO  ProfileMatch              :     lib root package: "com.android.annotations"  (in app: "org.intellij.lang.annotations")
17:41:33 INFO  ProfileMatch              : 
17:41:33 INFO  ProfileMatch              :                 name: com.android.tools::annotations
17:41:33 INFO  ProfileMatch              :             category: Android
17:41:33 INFO  ProfileMatch              :              version: 26.1.4  [OLD VERSION]
17:41:33 INFO  ProfileMatch              :         release-date:  --
17:41:33 INFO  ProfileMatch              :     lib root package: "com.android.annotations"  (in app: "org.intellij.lang.annotations")
17:41:33 INFO  ProfileMatch              : 
17:41:33 INFO  ProfileMatch              :                 name: com.android.tools::annotations
17:41:33 INFO  ProfileMatch              :             category: Android
17:41:33 INFO  ProfileMatch              :              version: 26.2.0  [OLD VERSION]
17:41:33 INFO  ProfileMatch              :         release-date:  --
17:41:33 INFO  ProfileMatch              :     lib root package: "com.android.annotations"  (in app: "org.intellij.lang.annotations")
17:41:33 INFO  ProfileMatch              : 
17:41:33 INFO  ProfileMatch              :                 name: com.android.tools::annotations
17:41:33 INFO  ProfileMatch              :             category: Android
17:41:33 INFO  ProfileMatch              :              version: 26.2.1  [OLD VERSION]
17:41:33 INFO  ProfileMatch              :         release-date:  --
17:41:33 INFO  ProfileMatch              :     lib root package: "com.android.annotations"  (in app: "org.intellij.lang.annotations")
17:41:33 INFO  ProfileMatch              : 
17:41:33 INFO  ProfileMatch              :                 name: com.android.tools::annotations
17:41:33 INFO  ProfileMatch              :             category: Android
17:41:33 INFO  ProfileMatch              :              version: 26.3.0  [OLD VERSION]
17:41:33 INFO  ProfileMatch              :         release-date:  --
17:41:33 INFO  ProfileMatch              :     lib root package: "com.android.annotations"  (in app: "org.intellij.lang.annotations")
17:41:33 INFO  ProfileMatch              : 
17:41:33 INFO  ProfileMatch              :                 name: com.android.tools::annotations
17:41:33 INFO  ProfileMatch              :             category: Android
17:41:33 INFO  ProfileMatch              :              version: 26.3.1  [OLD VERSION]
17:41:33 INFO  ProfileMatch              :         release-date:  --
17:41:33 INFO  ProfileMatch              :     lib root package: "com.android.annotations"  (in app: "org.intellij.lang.annotations")
17:41:33 INFO  ProfileMatch              : 
17:41:33 INFO  ProfileMatch              :                 name: com.android.tools::annotations
17:41:33 INFO  ProfileMatch              :             category: Android
17:41:33 INFO  ProfileMatch              :              version: 26.3.2  [OLD VERSION]
17:41:33 INFO  ProfileMatch              :         release-date:  --
17:41:33 INFO  ProfileMatch              :     lib root package: "com.android.annotations"  (in app: "org.intellij.lang.annotations")
17:41:33 INFO  ProfileMatch              : 
17:41:33 INFO  ProfileMatch              :                 name: com.android.tools::annotations
17:41:33 INFO  ProfileMatch              :             category: Android
17:41:33 INFO  ProfileMatch              :              version: 26.3.3  [OLD VERSION]
17:41:33 INFO  ProfileMatch              :         release-date:  --
17:41:33 INFO  ProfileMatch              :     lib root package: "com.android.annotations"  (in app: "org.intellij.lang.annotations")
17:41:33 INFO  ProfileMatch              : 
17:41:33 INFO  ProfileMatch              :                 name: com.android.tools::annotations
17:41:33 INFO  ProfileMatch              :             category: Android
17:41:33 INFO  ProfileMatch              :              version: 26.4.0  [OLD VERSION]
17:41:33 INFO  ProfileMatch              :         release-date:  --
17:41:33 INFO  ProfileMatch              :     lib root package: "com.android.annotations"  (in app: "org.intellij.lang.annotations")
17:41:33 INFO  ProfileMatch              : 
17:41:33 INFO  ProfileMatch              :                 name: com.android.tools::annotations
17:41:33 INFO  ProfileMatch              :             category: Android
17:41:33 INFO  ProfileMatch              :              version: 26.4.1  [OLD VERSION]
17:41:33 INFO  ProfileMatch              :         release-date:  --
17:41:33 INFO  ProfileMatch              :     lib root package: "com.android.annotations"  (in app: "org.intellij.lang.annotations")
17:41:33 INFO  ProfileMatch              : 
17:41:33 INFO  ProfileMatch              :                 name: com.android.tools::annotations
17:41:33 INFO  ProfileMatch              :             category: Android
17:41:33 INFO  ProfileMatch              :              version: 26.4.2  [OLD VERSION]
17:41:33 INFO  ProfileMatch              :         release-date:  --
17:41:33 INFO  ProfileMatch              :     lib root package: "com.android.annotations"  (in app: "org.intellij.lang.annotations")
17:41:33 INFO  ProfileMatch              : 
17:41:33 INFO  ProfileMatch              :                 name: com.android.tools::annotations
17:41:33 INFO  ProfileMatch              :             category: Android
17:41:33 INFO  ProfileMatch              :              version: 26.4.3  [OLD VERSION]
17:41:33 INFO  ProfileMatch              :         release-date:  --
17:41:33 INFO  ProfileMatch              :     lib root package: "com.android.annotations"  (in app: "org.intellij.lang.annotations")
17:41:33 INFO  ProfileMatch              : 
17:41:33 INFO  ProfileMatch              :                 name: com.android.tools::annotations
17:41:33 INFO  ProfileMatch              :             category: Android
17:41:33 INFO  ProfileMatch              :              version: 26.5.0  [OLD VERSION]
17:41:33 INFO  ProfileMatch              :         release-date:  --
17:41:33 INFO  ProfileMatch              :     lib root package: "com.android.annotations"  (in app: "org.intellij.lang.annotations")
17:41:33 INFO  ProfileMatch              : 
17:41:33 INFO  ProfileMatch              :                 name: com.android.tools::annotations
17:41:33 INFO  ProfileMatch              :             category: Android
17:41:33 INFO  ProfileMatch              :              version: 26.5.1  [OLD VERSION]
17:41:33 INFO  ProfileMatch              :         release-date:  --
17:41:33 INFO  ProfileMatch              :     lib root package: "com.android.annotations"  (in app: "org.intellij.lang.annotations")
17:41:33 INFO  ProfileMatch              : 
17:41:33 INFO  ProfileMatch              :                 name: com.android.tools::annotations
17:41:33 INFO  ProfileMatch              :             category: Android
17:41:33 INFO  ProfileMatch              :              version: 26.5.2  [OLD VERSION]
17:41:33 INFO  ProfileMatch              :         release-date:  --
17:41:33 INFO  ProfileMatch              :     lib root package: "com.android.annotations"  (in app: "org.intellij.lang.annotations")
17:41:33 INFO  ProfileMatch              : 
17:41:33 INFO  ProfileMatch              :                 name: com.android.tools::annotations
17:41:33 INFO  ProfileMatch              :             category: Android
17:41:33 INFO  ProfileMatch              :              version: 26.5.3  [OLD VERSION]
17:41:33 INFO  ProfileMatch              :         release-date:  --
17:41:33 INFO  ProfileMatch              :     lib root package: "com.android.annotations"  (in app: "org.intellij.lang.annotations")
17:41:33 INFO  ProfileMatch              : 
17:41:33 INFO  ProfileMatch              :                 name: com.android.tools::annotations
17:41:33 INFO  ProfileMatch              :             category: Android
17:41:33 INFO  ProfileMatch              :              version: 26.5.4  [OLD VERSION]
17:41:33 INFO  ProfileMatch              :         release-date:  --
17:41:33 INFO  ProfileMatch              :     lib root package: "com.android.annotations"  (in app: "org.intellij.lang.annotations")
17:41:33 INFO  ProfileMatch              : 
17:41:33 INFO  ProfileMatch              :                 name: com.android.tools::annotations
17:41:33 INFO  ProfileMatch              :             category: Android
17:41:33 INFO  ProfileMatch              :              version: 26.6.0  [OLD VERSION]
17:41:33 INFO  ProfileMatch              :         release-date:  --
17:41:33 INFO  ProfileMatch              :     lib root package: "com.android.annotations"  (in app: "org.intellij.lang.annotations")
17:41:33 INFO  ProfileMatch              : 
17:41:33 INFO  ProfileMatch              :                 name: com.android.tools::annotations
17:41:33 INFO  ProfileMatch              :             category: Android
17:41:33 INFO  ProfileMatch              :              version: 26.6.1  [OLD VERSION]
17:41:33 INFO  ProfileMatch              :         release-date:  --
17:41:33 INFO  ProfileMatch              :     lib root package: "com.android.annotations"  (in app: "org.intellij.lang.annotations")
17:41:33 INFO  ProfileMatch              : 
17:41:33 INFO  ProfileMatch              :                 name: com.android.tools::annotations
17:41:33 INFO  ProfileMatch              :             category: Android
17:41:33 INFO  ProfileMatch              :              version: 26.6.2  [OLD VERSION]
17:41:33 INFO  ProfileMatch              :         release-date:  --
17:41:33 INFO  ProfileMatch              :     lib root package: "com.android.annotations"  (in app: "org.intellij.lang.annotations")
17:41:33 INFO  ProfileMatch              : 
17:41:33 INFO  ProfileMatch              :                 name: com.android.tools::annotations
17:41:33 INFO  ProfileMatch              :             category: Android
17:41:33 INFO  ProfileMatch              :              version: 26.6.3  [OLD VERSION]
17:41:33 INFO  ProfileMatch              :         release-date:  --
17:41:33 INFO  ProfileMatch              :     lib root package: "com.android.annotations"  (in app: "org.intellij.lang.annotations")
17:41:33 INFO  ProfileMatch              : 
17:41:33 INFO  ProfileMatch              :                 name: com.android.tools::annotations
17:41:33 INFO  ProfileMatch              :             category: Android
17:41:33 INFO  ProfileMatch              :              version: 26.6.4  [OLD VERSION]
17:41:33 INFO  ProfileMatch              :         release-date:  --
17:41:33 INFO  ProfileMatch              :     lib root package: "com.android.annotations"  (in app: "org.intellij.lang.annotations")
17:41:33 INFO  ProfileMatch              : 
17:41:33 INFO  ProfileMatch              :                 name: com.android.tools::annotations
17:41:33 INFO  ProfileMatch              :             category: Android
17:41:33 INFO  ProfileMatch              :              version: 27.0.0  [OLD VERSION]
17:41:33 INFO  ProfileMatch              :         release-date:  --
17:41:33 INFO  ProfileMatch              :     lib root package: "com.android.annotations"  (in app: "org.intellij.lang.annotations")
17:41:33 INFO  ProfileMatch              : 
17:41:33 INFO  ProfileMatch              :                 name: com.android.tools::annotations
17:41:33 INFO  ProfileMatch              :             category: Android
17:41:33 INFO  ProfileMatch              :              version: 27.0.1  [OLD VERSION]
17:41:33 INFO  ProfileMatch              :         release-date:  --
17:41:33 INFO  ProfileMatch              :     lib root package: "com.android.annotations"  (in app: "org.intellij.lang.annotations")
17:41:33 INFO  ProfileMatch              : 
17:41:33 INFO  ProfileMatch              :                 name: com.android.tools::annotations
17:41:33 INFO  ProfileMatch              :             category: Android
17:41:33 INFO  ProfileMatch              :              version: 27.0.2  [OLD VERSION]
17:41:33 INFO  ProfileMatch              :         release-date:  --
17:41:33 INFO  ProfileMatch              :     lib root package: "com.android.annotations"  (in app: "org.intellij.lang.annotations")
17:41:33 INFO  ProfileMatch              : 
17:41:33 INFO  ProfileMatch              :                 name: com.android.tools::annotations
17:41:33 INFO  ProfileMatch              :             category: Android
17:41:33 INFO  ProfileMatch              :              version: 27.1.0  [OLD VERSION]
17:41:33 INFO  ProfileMatch              :         release-date:  --
17:41:33 INFO  ProfileMatch              :     lib root package: "com.android.annotations"  (in app: "org.intellij.lang.annotations")
17:41:33 INFO  ProfileMatch              : 
17:41:33 INFO  ProfileMatch              :                 name: com.android.tools::annotations
17:41:33 INFO  ProfileMatch              :             category: Android
17:41:33 INFO  ProfileMatch              :              version: 27.1.1  [OLD VERSION]
17:41:33 INFO  ProfileMatch              :         release-date:  --
17:41:33 INFO  ProfileMatch              :     lib root package: "com.android.annotations"  (in app: "org.intellij.lang.annotations")
17:41:33 INFO  ProfileMatch              : 
17:41:33 INFO  ProfileMatch              :                 name: com.android.tools::annotations
17:41:33 INFO  ProfileMatch              :             category: Android
17:41:33 INFO  ProfileMatch              :              version: 27.1.2  [OLD VERSION]
17:41:33 INFO  ProfileMatch              :         release-date:  --
17:41:33 INFO  ProfileMatch              :     lib root package: "com.android.annotations"  (in app: "org.intellij.lang.annotations")
17:41:33 INFO  ProfileMatch              : 
17:41:33 INFO  ProfileMatch              :                 name: com.android.tools::annotations
17:41:33 INFO  ProfileMatch              :             category: Android
17:41:33 INFO  ProfileMatch              :              version: 27.1.3  [OLD VERSION]
17:41:33 INFO  ProfileMatch              :         release-date:  --
17:41:33 INFO  ProfileMatch              :     lib root package: "com.android.annotations"  (in app: "org.intellij.lang.annotations")
17:41:33 INFO  ProfileMatch              : 
17:41:33 INFO  ProfileMatch              :                 name: com.android.tools::annotations
17:41:33 INFO  ProfileMatch              :             category: Android
17:41:33 INFO  ProfileMatch              :              version: 27.2.0  [OLD VERSION]
17:41:33 INFO  ProfileMatch              :         release-date:  --
17:41:33 INFO  ProfileMatch              :     lib root package: "com.android.annotations"  (in app: "org.intellij.lang.annotations")
17:41:33 INFO  ProfileMatch              : 
17:41:33 INFO  ProfileMatch              :                 name: com.android.tools::annotations
17:41:33 INFO  ProfileMatch              :             category: Android
17:41:33 INFO  ProfileMatch              :              version: 27.2.1  [OLD VERSION]
17:41:33 INFO  ProfileMatch              :         release-date:  --
17:41:33 INFO  ProfileMatch              :     lib root package: "com.android.annotations"  (in app: "org.intellij.lang.annotations")
17:41:33 INFO  ProfileMatch              : 
17:41:33 INFO  ProfileMatch              :                 name: com.android.tools::annotations
17:41:33 INFO  ProfileMatch              :             category: Android
17:41:33 INFO  ProfileMatch              :              version: 27.2.2  [OLD VERSION]
17:41:33 INFO  ProfileMatch              :         release-date:  --
17:41:33 INFO  ProfileMatch              :     lib root package: "com.android.annotations"  (in app: "org.intellij.lang.annotations")
17:41:33 INFO  ProfileMatch              : 
17:41:33 INFO  ProfileMatch              :                 name: com.android.tools::annotations
17:41:33 INFO  ProfileMatch              :             category: Android
17:41:33 INFO  ProfileMatch              :              version: 30.0.0  [OLD VERSION]
17:41:33 INFO  ProfileMatch              :         release-date:  --
17:41:33 INFO  ProfileMatch              :     lib root package: "com.android.annotations"  (in app: "org.intellij.lang.annotations")
17:41:33 INFO  ProfileMatch              : 
17:41:33 INFO  ProfileMatch              :                 name: com.android.tools::annotations
17:41:33 INFO  ProfileMatch              :             category: Android
17:41:33 INFO  ProfileMatch              :              version: 30.0.1  [OLD VERSION]
17:41:33 INFO  ProfileMatch              :         release-date:  --
17:41:33 INFO  ProfileMatch              :     lib root package: "com.android.annotations"  (in app: "org.intellij.lang.annotations")
17:41:33 INFO  ProfileMatch              : 
17:41:33 INFO  ProfileMatch              :                 name: com.android.tools::annotations
17:41:33 INFO  ProfileMatch              :             category: Android
17:41:33 INFO  ProfileMatch              :              version: 30.0.2  [OLD VERSION]
17:41:33 INFO  ProfileMatch              :         release-date:  --
17:41:33 INFO  ProfileMatch              :     lib root package: "com.android.annotations"  (in app: "org.intellij.lang.annotations")
17:41:33 INFO  ProfileMatch              : 
17:41:33 INFO  ProfileMatch              :                 name: com.android.tools::annotations
17:41:33 INFO  ProfileMatch              :             category: Android
17:41:33 INFO  ProfileMatch              :              version: 30.0.3  [OLD VERSION]
17:41:33 INFO  ProfileMatch              :         release-date:  --
17:41:33 INFO  ProfileMatch              :     lib root package: "com.android.annotations"  (in app: "org.intellij.lang.annotations")
17:41:33 INFO  ProfileMatch              : 
17:41:33 INFO  ProfileMatch              :                 name: com.android.tools::annotations
17:41:33 INFO  ProfileMatch              :             category: Android
17:41:33 INFO  ProfileMatch              :              version: 30.0.4  [OLD VERSION]
17:41:33 INFO  ProfileMatch              :         release-date:  --
17:41:33 INFO  ProfileMatch              :     lib root package: "com.android.annotations"  (in app: "org.intellij.lang.annotations")
17:41:33 INFO  ProfileMatch              : 
17:41:33 INFO  ProfileMatch              :                 name: com.android.tools::annotations
17:41:33 INFO  ProfileMatch              :             category: Android
17:41:33 INFO  ProfileMatch              :              version: 30.1.0  [OLD VERSION]
17:41:33 INFO  ProfileMatch              :         release-date:  --
17:41:33 INFO  ProfileMatch              :     lib root package: "com.android.annotations"  (in app: "org.intellij.lang.annotations")
17:41:33 INFO  ProfileMatch              : 
17:41:33 INFO  ProfileMatch              :                 name: com.android.tools::annotations
17:41:33 INFO  ProfileMatch              :             category: Android
17:41:33 INFO  ProfileMatch              :              version: 30.1.1  [OLD VERSION]
17:41:33 INFO  ProfileMatch              :         release-date:  --
17:41:33 INFO  ProfileMatch              :     lib root package: "com.android.annotations"  (in app: "org.intellij.lang.annotations")
17:41:33 INFO  ProfileMatch              : 
17:41:33 INFO  ProfileMatch              :                 name: com.android.tools::annotations
17:41:33 INFO  ProfileMatch              :             category: Android
17:41:33 INFO  ProfileMatch              :              version: 30.1.2  [OLD VERSION]
17:41:33 INFO  ProfileMatch              :         release-date:  --
17:41:33 INFO  ProfileMatch              :     lib root package: "com.android.annotations"  (in app: "org.intellij.lang.annotations")
17:41:33 INFO  ProfileMatch              : 
17:41:33 INFO  ProfileMatch              :                 name: com.android.tools::annotations
17:41:33 INFO  ProfileMatch              :             category: Android
17:41:33 INFO  ProfileMatch              :              version: 30.1.3  [OLD VERSION]
17:41:33 INFO  ProfileMatch              :         release-date:  --
17:41:33 INFO  ProfileMatch              :     lib root package: "com.android.annotations"  (in app: "org.intellij.lang.annotations")
17:41:33 INFO  ProfileMatch              : 
17:41:33 INFO  ProfileMatch              :                 name: com.android.tools::annotations
17:41:33 INFO  ProfileMatch              :             category: Android
17:41:33 INFO  ProfileMatch              :              version: 30.2.0  [OLD VERSION]
17:41:33 INFO  ProfileMatch              :         release-date:  --
17:41:33 INFO  ProfileMatch              :     lib root package: "com.android.annotations"  (in app: "org.intellij.lang.annotations")
17:41:33 INFO  ProfileMatch              : 
17:41:33 INFO  ProfileMatch              :                 name: com.android.tools::annotations
17:41:33 INFO  ProfileMatch              :             category: Android
17:41:33 INFO  ProfileMatch              :              version: 30.2.1
17:41:33 INFO  ProfileMatch              :         release-date:  --
17:41:33 INFO  ProfileMatch              :     lib root package: "com.android.annotations"  (in app: "org.intellij.lang.annotations")
17:41:33 INFO  ProfileMatch              : 
17:41:34 INFO  ProfileMatch              :                 name: Facebook
17:41:34 INFO  ProfileMatch              :             category: SocialMedia
17:41:34 INFO  ProfileMatch              :              version: 4.27.0  [OLD VERSION]
17:41:34 INFO  ProfileMatch              :         release-date: 26.09.2017
17:41:34 INFO  ProfileMatch              :     lib root package: "com.facebook.all"  (in app: "kotlin.jvm.internal")
17:41:34 INFO  ProfileMatch              : 
17:41:34 INFO  ProfileMatch              :                 name: Facebook
17:41:34 INFO  ProfileMatch              :             category: SocialMedia
17:41:34 INFO  ProfileMatch              :              version: 4.28.0  [OLD VERSION]
17:41:34 INFO  ProfileMatch              :         release-date: 07.11.2017
17:41:34 INFO  ProfileMatch              :     lib root package: "com.facebook.all"  (in app: "kotlin.jvm.internal")
17:41:34 INFO  ProfileMatch              : 
17:41:34 INFO  ProfileMatch              :                 name: Facebook
17:41:34 INFO  ProfileMatch              :             category: SocialMedia
17:41:34 INFO  ProfileMatch              :              version: 4.29.0  [OLD VERSION]
17:41:34 INFO  ProfileMatch              :         release-date: 05.12.2017
17:41:34 INFO  ProfileMatch              :     lib root package: "com.facebook.all"  (in app: "kotlin.jvm.internal")
17:41:34 INFO  ProfileMatch              : 
17:41:34 INFO  ProfileMatch              :                 name: Facebook
17:41:34 INFO  ProfileMatch              :             category: SocialMedia
17:41:34 INFO  ProfileMatch              :              version: 4.30.0  [OLD VERSION]
17:41:34 INFO  ProfileMatch              :         release-date: 24.01.2018
17:41:34 INFO  ProfileMatch              :     lib root package: "com.facebook.all"  (in app: "kotlin.jvm.internal")
17:41:34 INFO  ProfileMatch              : 
17:41:34 INFO  ProfileMatch              :                 name: Facebook
17:41:34 INFO  ProfileMatch              :             category: SocialMedia
17:41:34 INFO  ProfileMatch              :              version: 4.31.0  [OLD VERSION]
17:41:34 INFO  ProfileMatch              :         release-date: 28.02.2018
17:41:34 INFO  ProfileMatch              :     lib root package: "com.facebook.all"  (in app: "kotlin.jvm.internal")
17:41:34 INFO  ProfileMatch              : 
17:41:34 INFO  ProfileMatch              :                 name: Facebook
17:41:34 INFO  ProfileMatch              :             category: SocialMedia
17:41:34 INFO  ProfileMatch              :              version: 4.32.0  [OLD VERSION]
17:41:34 INFO  ProfileMatch              :         release-date: 11.04.2018
17:41:34 INFO  ProfileMatch              :     lib root package: "com.facebook.all"  (in app: "kotlin.jvm.internal")
17:41:34 INFO  ProfileMatch              : 
17:41:34 INFO  ProfileMatch              :                 name: Facebook
17:41:34 INFO  ProfileMatch              :             category: SocialMedia
17:41:34 INFO  ProfileMatch              :              version: 4.33.0  [OLD VERSION]
17:41:34 INFO  ProfileMatch              :         release-date: 01.05.2018
17:41:34 INFO  ProfileMatch              :     lib root package: "com.facebook.all"  (in app: "kotlin.jvm.internal")
17:41:34 INFO  ProfileMatch              : 
17:41:34 INFO  ProfileMatch              :                 name: Facebook
17:41:34 INFO  ProfileMatch              :             category: SocialMedia
17:41:34 INFO  ProfileMatch              :              version: 4.34.0  [OLD VERSION]
17:41:34 INFO  ProfileMatch              :         release-date: 19.06.2018
17:41:34 INFO  ProfileMatch              :     lib root package: "com.facebook.all"  (in app: "kotlin.jvm.internal")
17:41:34 INFO  ProfileMatch              : 
17:41:34 INFO  ProfileMatch              :                 name: Facebook
17:41:34 INFO  ProfileMatch              :             category: SocialMedia
17:41:34 INFO  ProfileMatch              :              version: 4.35.0  [OLD VERSION]
17:41:34 INFO  ProfileMatch              :         release-date: 26.07.2018
17:41:34 INFO  ProfileMatch              :     lib root package: "com.facebook.all"  (in app: "kotlin.jvm.internal")
17:41:34 INFO  ProfileMatch              : 
17:41:34 INFO  ProfileMatch              :                 name: Facebook
17:41:34 INFO  ProfileMatch              :             category: SocialMedia
17:41:34 INFO  ProfileMatch              :              version: 4.36.0  [OLD VERSION]
17:41:34 INFO  ProfileMatch              :         release-date: 29.08.2018
17:41:34 INFO  ProfileMatch              :     lib root package: "com.facebook.all"  (in app: "kotlin.jvm.internal")
17:41:34 INFO  ProfileMatch              : 
17:41:34 INFO  ProfileMatch              :                 name: Facebook
17:41:34 INFO  ProfileMatch              :             category: SocialMedia
17:41:34 INFO  ProfileMatch              :              version: 4.36.1  [OLD VERSION]
17:41:34 INFO  ProfileMatch              :         release-date: 15.09.2018
17:41:34 INFO  ProfileMatch              :     lib root package: "com.facebook.all"  (in app: "kotlin.jvm.internal")
17:41:34 INFO  ProfileMatch              : 
17:41:34 INFO  ProfileMatch              :                 name: Facebook
17:41:34 INFO  ProfileMatch              :             category: SocialMedia
17:41:34 INFO  ProfileMatch              :              version: 4.37.0  [OLD VERSION]
17:41:34 INFO  ProfileMatch              :         release-date: 27.09.2018
17:41:34 INFO  ProfileMatch              :     lib root package: "com.facebook.all"  (in app: "kotlin.jvm.internal")
17:41:34 INFO  ProfileMatch              : 
17:41:34 INFO  ProfileMatch              :                 name: Facebook
17:41:34 INFO  ProfileMatch              :             category: SocialMedia
17:41:34 INFO  ProfileMatch              :              version: 4.38.0  [OLD VERSION]
17:41:34 INFO  ProfileMatch              :         release-date: 23.10.2018
17:41:34 INFO  ProfileMatch              :     lib root package: "com.facebook.all"  (in app: "kotlin.jvm.internal")
17:41:34 INFO  ProfileMatch              : 
17:41:34 INFO  ProfileMatch              :                 name: Facebook
17:41:34 INFO  ProfileMatch              :             category: SocialMedia
17:41:34 INFO  ProfileMatch              :              version: 4.38.1  [OLD VERSION]
17:41:34 INFO  ProfileMatch              :         release-date: 31.10.2018
17:41:34 INFO  ProfileMatch              :     lib root package: "com.facebook.all"  (in app: "kotlin.jvm.internal")
17:41:34 INFO  ProfileMatch              : 
17:41:34 INFO  ProfileMatch              :                 name: Facebook
17:41:34 INFO  ProfileMatch              :             category: SocialMedia
17:41:34 INFO  ProfileMatch              :              version: 4.39.0  [OLD VERSION]
17:41:34 INFO  ProfileMatch              :         release-date: 05.12.2018
17:41:34 INFO  ProfileMatch              :     lib root package: "com.facebook.all"  (in app: "kotlin.jvm.internal")
17:41:34 INFO  ProfileMatch              : 
17:41:34 INFO  ProfileMatch              :                 name: Facebook
17:41:34 INFO  ProfileMatch              :             category: SocialMedia
17:41:34 INFO  ProfileMatch              :              version: 4.40.0  [OLD VERSION]
17:41:34 INFO  ProfileMatch              :         release-date: 22.01.2019
17:41:34 INFO  ProfileMatch              :     lib root package: "com.facebook.all"  (in app: "kotlin.jvm.internal")
17:41:34 INFO  ProfileMatch              : 
17:41:34 INFO  ProfileMatch              :                 name: Facebook
17:41:34 INFO  ProfileMatch              :             category: SocialMedia
17:41:34 INFO  ProfileMatch              :              version: 4.41.0  [OLD VERSION]
17:41:34 INFO  ProfileMatch              :         release-date: 08.03.2019
17:41:34 INFO  ProfileMatch              :     lib root package: "com.facebook.all"  (in app: "kotlin.jvm.internal")
17:41:34 INFO  ProfileMatch              : 
17:41:34 INFO  ProfileMatch              :                 name: Facebook
17:41:34 INFO  ProfileMatch              :             category: SocialMedia
17:41:34 INFO  ProfileMatch              :              version: 4.42.0  [OLD VERSION]
17:41:34 INFO  ProfileMatch              :         release-date: 08.04.2019
17:41:34 INFO  ProfileMatch              :     lib root package: "com.facebook.all"  (in app: "kotlin.jvm.internal")
17:41:34 INFO  ProfileMatch              : 
17:41:34 INFO  ProfileMatch              :                 name: Facebook
17:41:34 INFO  ProfileMatch              :             category: SocialMedia
17:41:34 INFO  ProfileMatch              :              version: 5.0.0  [OLD VERSION]
17:41:34 INFO  ProfileMatch              :         release-date: 30.04.2019
17:41:34 INFO  ProfileMatch              :     lib root package: "com.facebook.all"  (in app: "kotlin.jvm.internal")
17:41:34 INFO  ProfileMatch              : 
17:41:34 INFO  ProfileMatch              :                 name: Facebook
17:41:34 INFO  ProfileMatch              :             category: SocialMedia
17:41:34 INFO  ProfileMatch              :              version: 5.0.1  [OLD VERSION]
17:41:34 INFO  ProfileMatch              :         release-date: 17.05.2019
17:41:34 INFO  ProfileMatch              :     lib root package: "com.facebook.all"  (in app: "kotlin.jvm.internal")
17:41:34 INFO  ProfileMatch              : 
17:41:34 INFO  ProfileMatch              :                 name: Facebook
17:41:34 INFO  ProfileMatch              :             category: SocialMedia
17:41:34 INFO  ProfileMatch              :              version: 5.0.2  [OLD VERSION]
17:41:34 INFO  ProfileMatch              :         release-date: 09.06.2019
17:41:34 INFO  ProfileMatch              :     lib root package: "com.facebook.all"  (in app: "kotlin.jvm.internal")
17:41:34 INFO  ProfileMatch              : 
17:41:34 INFO  ProfileMatch              :                 name: Facebook
17:41:34 INFO  ProfileMatch              :             category: SocialMedia
17:41:34 INFO  ProfileMatch              :              version: 5.0.3  [OLD VERSION]
17:41:34 INFO  ProfileMatch              :         release-date: 14.06.2019
17:41:34 INFO  ProfileMatch              :     lib root package: "com.facebook.all"  (in app: "kotlin.jvm.internal")
17:41:34 INFO  ProfileMatch              : 
17:41:34 INFO  ProfileMatch              :                 name: Facebook
17:41:34 INFO  ProfileMatch              :             category: SocialMedia
17:41:34 INFO  ProfileMatch              :              version: 5.1.0  [OLD VERSION]
17:41:34 INFO  ProfileMatch              :         release-date: 21.06.2019
17:41:34 INFO  ProfileMatch              :     lib root package: "com.facebook.all"  (in app: "kotlin.jvm.internal")
17:41:34 INFO  ProfileMatch              : 
17:41:34 INFO  ProfileMatch              :                 name: Facebook
17:41:34 INFO  ProfileMatch              :             category: SocialMedia
17:41:34 INFO  ProfileMatch              :              version: 5.1.1  [OLD VERSION]
17:41:34 INFO  ProfileMatch              :         release-date: 02.07.2019
17:41:34 INFO  ProfileMatch              :     lib root package: "com.facebook.all"  (in app: "kotlin.jvm.internal")
17:41:34 INFO  ProfileMatch              : 
17:41:34 INFO  ProfileMatch              :                 name: Facebook
17:41:34 INFO  ProfileMatch              :             category: SocialMedia
17:41:34 INFO  ProfileMatch              :              version: 5.2.0  [OLD VERSION]
17:41:34 INFO  ProfileMatch              :         release-date: 29.07.2019
17:41:34 INFO  ProfileMatch              :     lib root package: "com.facebook.all"  (in app: "kotlin.jvm.internal")
17:41:34 INFO  ProfileMatch              : 
17:41:34 INFO  ProfileMatch              :                 name: Facebook
17:41:34 INFO  ProfileMatch              :             category: SocialMedia
17:41:34 INFO  ProfileMatch              :              version: 5.4.0  [OLD VERSION]
17:41:34 INFO  ProfileMatch              :         release-date: 16.08.2019
17:41:34 INFO  ProfileMatch              :     lib root package: "com.facebook.all"  (in app: "kotlin.jvm.internal")
17:41:34 INFO  ProfileMatch              : 
17:41:34 INFO  ProfileMatch              :                 name: Facebook
17:41:34 INFO  ProfileMatch              :             category: SocialMedia
17:41:34 INFO  ProfileMatch              :              version: 5.5.0  [OLD VERSION]
17:41:34 INFO  ProfileMatch              :         release-date: 31.08.2019
17:41:34 INFO  ProfileMatch              :     lib root package: "com.facebook.all"  (in app: "kotlin.jvm.internal")
17:41:34 INFO  ProfileMatch              : 
17:41:34 INFO  ProfileMatch              :                 name: Facebook
17:41:34 INFO  ProfileMatch              :             category: SocialMedia
17:41:34 INFO  ProfileMatch              :              version: 5.5.1  [OLD VERSION]
17:41:34 INFO  ProfileMatch              :         release-date: 06.09.2019
17:41:34 INFO  ProfileMatch              :     lib root package: "com.facebook.all"  (in app: "kotlin.jvm.internal")
17:41:34 INFO  ProfileMatch              : 
17:41:34 INFO  ProfileMatch              :                 name: Facebook
17:41:34 INFO  ProfileMatch              :             category: SocialMedia
17:41:34 INFO  ProfileMatch              :              version: 5.5.2  [OLD VERSION]
17:41:34 INFO  ProfileMatch              :         release-date: 05.10.2019
17:41:34 INFO  ProfileMatch              :     lib root package: "com.facebook.all"  (in app: "kotlin.jvm.internal")
17:41:34 INFO  ProfileMatch              : 
17:41:34 INFO  ProfileMatch              :                 name: Facebook
17:41:34 INFO  ProfileMatch              :             category: SocialMedia
17:41:34 INFO  ProfileMatch              :              version: 5.8.0  [OLD VERSION]
17:41:34 INFO  ProfileMatch              :         release-date: 08.10.2019
17:41:34 INFO  ProfileMatch              :     lib root package: "com.facebook.all"  (in app: "kotlin.jvm.internal")
17:41:34 INFO  ProfileMatch              : 
17:41:34 INFO  ProfileMatch              :                 name: Facebook
17:41:34 INFO  ProfileMatch              :             category: SocialMedia
17:41:34 INFO  ProfileMatch              :              version: 5.9.0  [OLD VERSION]
17:41:34 INFO  ProfileMatch              :         release-date: 29.10.2019
17:41:34 INFO  ProfileMatch              :     lib root package: "com.facebook.all"  (in app: "kotlin.jvm.internal")
17:41:34 INFO  ProfileMatch              : 
17:41:34 INFO  ProfileMatch              :                 name: Facebook
17:41:34 INFO  ProfileMatch              :             category: SocialMedia
17:41:34 INFO  ProfileMatch              :              version: 5.11.0  [OLD VERSION]
17:41:34 INFO  ProfileMatch              :         release-date: 15.11.2019
17:41:34 INFO  ProfileMatch              :     lib root package: "com.facebook.all"  (in app: "kotlin.jvm.internal")
17:41:34 INFO  ProfileMatch              : 
17:41:34 INFO  ProfileMatch              :                 name: Facebook
17:41:34 INFO  ProfileMatch              :             category: SocialMedia
17:41:34 INFO  ProfileMatch              :              version: 5.11.1  [OLD VERSION]
17:41:34 INFO  ProfileMatch              :         release-date: 21.11.2019
17:41:34 INFO  ProfileMatch              :     lib root package: "com.facebook.all"  (in app: "kotlin.jvm.internal")
17:41:34 INFO  ProfileMatch              : 
17:41:34 INFO  ProfileMatch              :                 name: Facebook
17:41:34 INFO  ProfileMatch              :             category: SocialMedia
17:41:34 INFO  ProfileMatch              :              version: 5.11.2  [OLD VERSION]
17:41:34 INFO  ProfileMatch              :         release-date: 22.11.2019
17:41:34 INFO  ProfileMatch              :     lib root package: "com.facebook.all"  (in app: "kotlin.jvm.internal")
17:41:34 INFO  ProfileMatch              : 
17:41:34 INFO  ProfileMatch              :                 name: Facebook
17:41:34 INFO  ProfileMatch              :             category: SocialMedia
17:41:34 INFO  ProfileMatch              :              version: 5.12.0  [OLD VERSION]
17:41:34 INFO  ProfileMatch              :         release-date: 04.12.2019
17:41:34 INFO  ProfileMatch              :     lib root package: "com.facebook.all"  (in app: "kotlin.jvm.internal")
17:41:34 INFO  ProfileMatch              : 
17:41:34 INFO  ProfileMatch              :                 name: Facebook
17:41:34 INFO  ProfileMatch              :             category: SocialMedia
17:41:34 INFO  ProfileMatch              :              version: 5.12.1  [OLD VERSION]
17:41:34 INFO  ProfileMatch              :         release-date: 09.12.2019
17:41:34 INFO  ProfileMatch              :     lib root package: "com.facebook.all"  (in app: "kotlin.jvm.internal")
17:41:34 INFO  ProfileMatch              : 
17:41:34 INFO  ProfileMatch              :                 name: Facebook
17:41:34 INFO  ProfileMatch              :             category: SocialMedia
17:41:34 INFO  ProfileMatch              :              version: 5.13.0  [OLD VERSION]
17:41:34 INFO  ProfileMatch              :         release-date: 12.12.2019
17:41:34 INFO  ProfileMatch              :     lib root package: "com.facebook.all"  (in app: "kotlin.jvm.internal")
17:41:34 INFO  ProfileMatch              : 
17:41:34 INFO  ProfileMatch              :                 name: Facebook
17:41:34 INFO  ProfileMatch              :             category: SocialMedia
17:41:34 INFO  ProfileMatch              :              version: 5.15.0  [OLD VERSION]
17:41:34 INFO  ProfileMatch              :         release-date: 21.01.2020
17:41:34 INFO  ProfileMatch              :     lib root package: "com.facebook.all"  (in app: "kotlin.jvm.internal")
17:41:34 INFO  ProfileMatch              : 
17:41:34 INFO  ProfileMatch              :                 name: Facebook
17:41:34 INFO  ProfileMatch              :             category: SocialMedia
17:41:34 INFO  ProfileMatch              :              version: 5.15.1  [OLD VERSION]
17:41:34 INFO  ProfileMatch              :         release-date: 29.01.2020
17:41:34 INFO  ProfileMatch              :     lib root package: "com.facebook.all"  (in app: "kotlin.jvm.internal")
17:41:34 INFO  ProfileMatch              : 
17:41:34 INFO  ProfileMatch              :                 name: Facebook
17:41:34 INFO  ProfileMatch              :             category: SocialMedia
17:41:34 INFO  ProfileMatch              :              version: 5.15.2  [OLD VERSION]
17:41:34 INFO  ProfileMatch              :         release-date: 03.02.2020
17:41:34 INFO  ProfileMatch              :     lib root package: "com.facebook.all"  (in app: "kotlin.jvm.internal")
17:41:34 INFO  ProfileMatch              : 
17:41:34 INFO  ProfileMatch              :                 name: Facebook
17:41:34 INFO  ProfileMatch              :             category: SocialMedia
17:41:34 INFO  ProfileMatch              :              version: 5.15.3  [OLD VERSION]
17:41:34 INFO  ProfileMatch              :         release-date: 03.02.2020
17:41:34 INFO  ProfileMatch              :     lib root package: "com.facebook.all"  (in app: "kotlin.jvm.internal")
17:41:34 INFO  ProfileMatch              : 
17:41:34 INFO  ProfileMatch              :                 name: Facebook
17:41:34 INFO  ProfileMatch              :             category: SocialMedia
17:41:34 INFO  ProfileMatch              :              version: 6.0.0  [OLD VERSION]
17:41:34 INFO  ProfileMatch              :         release-date: 03.02.2020
17:41:34 INFO  ProfileMatch              :     lib root package: "com.facebook.all"  (in app: "kotlin.jvm.internal")
17:41:34 INFO  ProfileMatch              : 
17:41:34 INFO  ProfileMatch              :                 name: Facebook
17:41:34 INFO  ProfileMatch              :             category: SocialMedia
17:41:34 INFO  ProfileMatch              :              version: 6.1.0  [OLD VERSION]
17:41:34 INFO  ProfileMatch              :         release-date: 14.02.2020
17:41:34 INFO  ProfileMatch              :     lib root package: "com.facebook.all"  (in app: "kotlin.jvm.internal")
17:41:34 INFO  ProfileMatch              : 
17:41:34 INFO  ProfileMatch              :                 name: Facebook
17:41:34 INFO  ProfileMatch              :             category: SocialMedia
17:41:34 INFO  ProfileMatch              :              version: 6.2.0  [OLD VERSION]
17:41:34 INFO  ProfileMatch              :         release-date: 09.03.2020
17:41:34 INFO  ProfileMatch              :     lib root package: "com.facebook.all"  (in app: "kotlin.jvm.internal")
17:41:34 INFO  ProfileMatch              : 
17:41:34 INFO  ProfileMatch              :                 name: Facebook
17:41:34 INFO  ProfileMatch              :             category: SocialMedia
17:41:34 INFO  ProfileMatch              :              version: 6.3.0  [OLD VERSION]
17:41:34 INFO  ProfileMatch              :         release-date: 25.03.2020
17:41:34 INFO  ProfileMatch              :     lib root package: "com.facebook.all"  (in app: "kotlin.jvm.internal")
17:41:34 INFO  ProfileMatch              : 
17:41:34 INFO  ProfileMatch              :                 name: Facebook
17:41:34 INFO  ProfileMatch              :             category: SocialMedia
17:41:34 INFO  ProfileMatch              :              version: 6.4.0  [OLD VERSION]
17:41:34 INFO  ProfileMatch              :         release-date: 15.04.2020
17:41:34 INFO  ProfileMatch              :     lib root package: "com.facebook.all"  (in app: "kotlin.jvm.internal")
17:41:34 INFO  ProfileMatch              : 
17:41:34 INFO  ProfileMatch              :                 name: Facebook
17:41:34 INFO  ProfileMatch              :             category: SocialMedia
17:41:34 INFO  ProfileMatch              :              version: 6.5.0  [OLD VERSION]
17:41:34 INFO  ProfileMatch              :         release-date: 20.04.2020
17:41:34 INFO  ProfileMatch              :     lib root package: "com.facebook.all"  (in app: "kotlin.jvm.internal")
17:41:34 INFO  ProfileMatch              : 
17:41:34 INFO  ProfileMatch              :                 name: Facebook
17:41:34 INFO  ProfileMatch              :             category: SocialMedia
17:41:34 INFO  ProfileMatch              :              version: 6.5.1  [OLD VERSION]
17:41:34 INFO  ProfileMatch              :         release-date: 23.04.2020
17:41:34 INFO  ProfileMatch              :     lib root package: "com.facebook.all"  (in app: "kotlin.jvm.internal")
17:41:34 INFO  ProfileMatch              : 
17:41:34 INFO  ProfileMatch              :                 name: Facebook
17:41:34 INFO  ProfileMatch              :             category: SocialMedia
17:41:34 INFO  ProfileMatch              :              version: 7.0.0  [OLD VERSION]
17:41:34 INFO  ProfileMatch              :         release-date: 05.05.2020
17:41:34 INFO  ProfileMatch              :     lib root package: "com.facebook.all"  (in app: "kotlin.jvm.internal")
17:41:34 INFO  ProfileMatch              : 
17:41:34 INFO  ProfileMatch              :                 name: Facebook
17:41:34 INFO  ProfileMatch              :             category: SocialMedia
17:41:34 INFO  ProfileMatch              :              version: 7.0.1  [OLD VERSION]
17:41:34 INFO  ProfileMatch              :         release-date: 09.06.2020
17:41:34 INFO  ProfileMatch              :     lib root package: "com.facebook.all"  (in app: "kotlin.jvm.internal")
17:41:34 INFO  ProfileMatch              : 
17:41:34 INFO  ProfileMatch              :                 name: Facebook
17:41:34 INFO  ProfileMatch              :             category: SocialMedia
17:41:34 INFO  ProfileMatch              :              version: 7.1.0  [OLD VERSION]
17:41:34 INFO  ProfileMatch              :         release-date: 23.06.2020
17:41:34 INFO  ProfileMatch              :     lib root package: "com.facebook.all"  (in app: "kotlin.jvm.internal")
17:41:34 INFO  ProfileMatch              : 
17:41:34 INFO  ProfileMatch              :                 name: Facebook
17:41:34 INFO  ProfileMatch              :             category: SocialMedia
17:41:34 INFO  ProfileMatch              :              version: 8.0.0  [OLD VERSION]
17:41:34 INFO  ProfileMatch              :         release-date: 28.09.2020
17:41:34 INFO  ProfileMatch              :     lib root package: "com.facebook.all"  (in app: "kotlin.jvm.internal")
17:41:34 INFO  ProfileMatch              : 
17:41:34 INFO  ProfileMatch              :                 name: Facebook
17:41:34 INFO  ProfileMatch              :             category: SocialMedia
17:41:34 INFO  ProfileMatch              :              version: 8.1.0  [OLD VERSION]
17:41:34 INFO  ProfileMatch              :         release-date: 14.10.2020
17:41:34 INFO  ProfileMatch              :     lib root package: "com.facebook.all"  (in app: "kotlin.jvm.internal")
17:41:34 INFO  ProfileMatch              : 
17:41:34 INFO  ProfileMatch              :                 name: Facebook
17:41:34 INFO  ProfileMatch              :             category: SocialMedia
17:41:34 INFO  ProfileMatch              :              version: 8.2.0  [OLD VERSION]
17:41:34 INFO  ProfileMatch              :         release-date: 18.12.2020
17:41:34 INFO  ProfileMatch              :     lib root package: "com.facebook.all"  (in app: "kotlin.jvm.internal")
17:41:34 INFO  ProfileMatch              : 
17:41:34 INFO  ProfileMatch              :                 name: Facebook
17:41:34 INFO  ProfileMatch              :             category: SocialMedia
17:41:34 INFO  ProfileMatch              :              version: 9.0.0  [OLD VERSION]
17:41:34 INFO  ProfileMatch              :         release-date: 19.01.2021
17:41:34 INFO  ProfileMatch              :     lib root package: "com.facebook.all"  (in app: "kotlin.jvm.internal")
17:41:34 INFO  ProfileMatch              : 
17:41:34 INFO  ProfileMatch              :                 name: Facebook
17:41:34 INFO  ProfileMatch              :             category: SocialMedia
17:41:34 INFO  ProfileMatch              :              version: 9.1.0  [OLD VERSION]
17:41:34 INFO  ProfileMatch              :         release-date: 15.03.2021
17:41:34 INFO  ProfileMatch              :     lib root package: "com.facebook.all"  (in app: "kotlin.jvm.internal")
17:41:34 INFO  ProfileMatch              : 
17:41:34 INFO  ProfileMatch              :                 name: Facebook
17:41:34 INFO  ProfileMatch              :             category: SocialMedia
17:41:34 INFO  ProfileMatch              :              version: 9.1.1  [OLD VERSION]
17:41:34 INFO  ProfileMatch              :         release-date: 12.04.2021
17:41:34 INFO  ProfileMatch              :     lib root package: "com.facebook.all"  (in app: "kotlin.jvm.internal")
17:41:34 INFO  ProfileMatch              : 
17:41:34 INFO  ProfileMatch              :                 name: Facebook
17:41:34 INFO  ProfileMatch              :             category: SocialMedia
17:41:34 INFO  ProfileMatch              :              version: 11.0.0  [OLD VERSION]
17:41:34 INFO  ProfileMatch              :         release-date: 08.06.2021
17:41:34 INFO  ProfileMatch              :     lib root package: "com.facebook.all"  (in app: "kotlin.jvm.internal")
17:41:34 INFO  ProfileMatch              : 
17:41:34 INFO  ProfileMatch              :                 name: Facebook
17:41:34 INFO  ProfileMatch              :             category: SocialMedia
17:41:34 INFO  ProfileMatch              :              version: 11.1.0  [OLD VERSION]
17:41:34 INFO  ProfileMatch              :         release-date: 06.07.2021
17:41:34 INFO  ProfileMatch              :     lib root package: "com.facebook.all"  (in app: "kotlin.jvm.internal")
17:41:34 INFO  ProfileMatch              : 
17:41:34 INFO  ProfileMatch              :                 name: Facebook
17:41:34 INFO  ProfileMatch              :             category: SocialMedia
17:41:34 INFO  ProfileMatch              :              version: 11.1.1  [OLD VERSION]
17:41:34 INFO  ProfileMatch              :         release-date: 19.07.2021
17:41:34 INFO  ProfileMatch              :     lib root package: "com.facebook.all"  (in app: "kotlin.jvm.internal")
17:41:34 INFO  ProfileMatch              : 
17:41:34 INFO  ProfileMatch              :                 name: Facebook
17:41:34 INFO  ProfileMatch              :             category: SocialMedia
17:41:34 INFO  ProfileMatch              :              version: 11.2.0  [OLD VERSION]
17:41:34 INFO  ProfileMatch              :         release-date: 03.08.2021
17:41:34 INFO  ProfileMatch              :     lib root package: "com.facebook.all"  (in app: "kotlin.jvm.internal")
17:41:34 INFO  ProfileMatch              : 
17:41:34 INFO  ProfileMatch              :                 name: Facebook
17:41:34 INFO  ProfileMatch              :             category: SocialMedia
17:41:34 INFO  ProfileMatch              :              version: 11.3.0  [OLD VERSION]
17:41:34 INFO  ProfileMatch              :         release-date: 07.09.2021
17:41:34 INFO  ProfileMatch              :     lib root package: "com.facebook.all"  (in app: "kotlin.jvm.internal")
17:41:34 INFO  ProfileMatch              : 
17:41:34 INFO  ProfileMatch              :                 name: Facebook
17:41:34 INFO  ProfileMatch              :             category: SocialMedia
17:41:34 INFO  ProfileMatch              :              version: 12.0.0  [OLD VERSION]
17:41:34 INFO  ProfileMatch              :         release-date: 05.10.2021
17:41:34 INFO  ProfileMatch              :     lib root package: "com.facebook.all"  (in app: "kotlin.jvm.internal")
17:41:34 INFO  ProfileMatch              : 
17:41:34 INFO  ProfileMatch              :                 name: Facebook
17:41:34 INFO  ProfileMatch              :             category: SocialMedia
17:41:34 INFO  ProfileMatch              :              version: 12.0.1  [OLD VERSION]
17:41:34 INFO  ProfileMatch              :         release-date: 13.10.2021
17:41:34 INFO  ProfileMatch              :     lib root package: "com.facebook.all"  (in app: "kotlin.jvm.internal")
17:41:34 INFO  ProfileMatch              : 
17:41:34 INFO  ProfileMatch              :                 name: Facebook
17:41:34 INFO  ProfileMatch              :             category: SocialMedia
17:41:34 INFO  ProfileMatch              :              version: 12.1.0  [OLD VERSION]
17:41:34 INFO  ProfileMatch              :         release-date: 01.11.2021
17:41:34 INFO  ProfileMatch              :     lib root package: "com.facebook.all"  (in app: "kotlin.jvm.internal")
17:41:34 INFO  ProfileMatch              : 
17:41:34 INFO  ProfileMatch              :                 name: Facebook
17:41:34 INFO  ProfileMatch              :             category: SocialMedia
17:41:34 INFO  ProfileMatch              :              version: 12.2.0  [OLD VERSION]
17:41:34 INFO  ProfileMatch              :         release-date: 06.12.2021
17:41:34 INFO  ProfileMatch              :     lib root package: "com.facebook.all"  (in app: "kotlin.jvm.internal")
17:41:34 INFO  ProfileMatch              : 
17:41:34 INFO  ProfileMatch              :                 name: Facebook
17:41:34 INFO  ProfileMatch              :             category: SocialMedia
17:41:34 INFO  ProfileMatch              :              version: 12.3.0  [OLD VERSION]
17:41:34 INFO  ProfileMatch              :         release-date: 10.01.2022
17:41:34 INFO  ProfileMatch              :     lib root package: "com.facebook.all"  (in app: "kotlin.jvm.internal")
17:41:34 INFO  ProfileMatch              : 
17:41:34 INFO  ProfileMatch              :                 name: Facebook
17:41:34 INFO  ProfileMatch              :             category: SocialMedia
17:41:34 INFO  ProfileMatch              :              version: 13.0.0  [OLD VERSION]
17:41:34 INFO  ProfileMatch              :         release-date: 23.02.2022
17:41:34 INFO  ProfileMatch              :     lib root package: "com.facebook.all"  (in app: "kotlin.jvm.internal")
17:41:34 INFO  ProfileMatch              : 
17:41:34 INFO  ProfileMatch              :                 name: Facebook
17:41:34 INFO  ProfileMatch              :             category: SocialMedia
17:41:34 INFO  ProfileMatch              :              version: 13.1.0  [OLD VERSION]
17:41:34 INFO  ProfileMatch              :         release-date: 21.03.2022
17:41:34 INFO  ProfileMatch              :     lib root package: "com.facebook.all"  (in app: "kotlin.jvm.internal")
17:41:34 INFO  ProfileMatch              : 
17:41:34 INFO  ProfileMatch              :                 name: Facebook
17:41:34 INFO  ProfileMatch              :             category: SocialMedia
17:41:34 INFO  ProfileMatch              :              version: 13.2.0  [OLD VERSION]
17:41:34 INFO  ProfileMatch              :         release-date: 22.04.2022
17:41:34 INFO  ProfileMatch              :     lib root package: "com.facebook.all"  (in app: "kotlin.jvm.internal")
17:41:34 INFO  ProfileMatch              : 
17:41:34 INFO  ProfileMatch              :                 name: Facebook
17:41:34 INFO  ProfileMatch              :             category: SocialMedia
17:41:34 INFO  ProfileMatch              :              version: 14.0.0
17:41:34 INFO  ProfileMatch              :         release-date: 14.06.2022
17:41:34 INFO  ProfileMatch              :     lib root package: "com.facebook.all"  (in app: "kotlin.jvm.internal")
17:41:34 INFO  ProfileMatch              : 
17:41:34 INFO  LibraryIdentifier         : 
17:41:34 INFO  LibraryIdentifier         : - Partial library matches:
17:41:34 INFO  LibraryIdentifier         : 
17:41:34 INFO  LibraryIdentifier         : App processing time: 13 sec, 284 ms
