23:13:50 INFO  LibraryIdentifier         : Process app: lukelauncher.apk
23:13:50 INFO  LibraryIdentifier         : = Manifest Parser =
23:13:50 INFO  LibraryIdentifier         :         Package name: luke.launcher
23:13:50 INFO  LibraryIdentifier         :         Version code: 20004
23:13:50 INFO  LibraryIdentifier         :        minSdkVersion: 21
23:13:50 INFO  LibraryIdentifier         :     targetSdkVersion: 28
23:13:50 INFO  LibraryIdentifier         :         SharedUserId:  - none -
23:13:50 INFO  LibraryIdentifier         :     Library dependencies:  - none -
23:13:50 INFO  LibraryIdentifier         : 
23:13:50 INFO  LibraryIdentifier         : Found 402 unique libraries in 12405 library profiles
23:13:50 INFO  LibraryIdentifier         : Multi-dex apk detected - Code is merged to single class hierarchy!
23:13:51 INFO  LibraryIdentifier         : Generated class hierarchy (in 665 ms)
23:13:51 INFO  WalaUtils                 : 
23:13:51 INFO  WalaUtils                 : = ClassHierarchy Stats =
23:13:51 INFO  WalaUtils                 :     # of classes: 1589
23:13:51 INFO  WalaUtils                 :     # thereof inner classes: 977
23:13:51 INFO  WalaUtils                 :     # thereof public classes: 768
23:13:51 INFO  WalaUtils                 :         Activity : 5
23:13:51 INFO  WalaUtils                 :         Application : 0
23:13:51 INFO  WalaUtils                 :         AsyncTask : 4
23:13:51 INFO  WalaUtils                 :         BroadcastReceiver : 8
23:13:51 INFO  WalaUtils                 :         ContentProvider : 3
23:13:51 INFO  WalaUtils                 :         Fragment : 5
23:13:51 INFO  WalaUtils                 :         Handler : 10
23:13:51 INFO  WalaUtils                 :         LayoutContainer : 35
23:13:51 INFO  WalaUtils                 :         Plain : 1489
23:13:51 INFO  WalaUtils                 :         Runnable : 0
23:13:51 INFO  WalaUtils                 :         Service : 7
23:13:51 INFO  WalaUtils                 :         Thread : 1
23:13:51 INFO  WalaUtils                 :         View : 22
23:13:51 INFO  WalaUtils                 :     # methods: 12802
23:13:51 INFO  WalaUtils                 :         # of publicly accessible methods: 9367
23:13:51 INFO  WalaUtils                 :         # of non-accessible methods: 3435
23:13:51 INFO  WalaUtils                 : 
23:13:51 INFO  Profile                   : = PackageTree =
23:13:51 INFO  PackageTree               : Root Package: android
23:13:51 INFO  PackageTree               : └── Root (17)
23:13:51 INFO  PackageTree               :     ├── android
23:13:51 INFO  PackageTree               :     │   ├── arch
23:13:51 INFO  PackageTree               :     │   │   ├── lifecycle (48)
23:13:51 INFO  PackageTree               :     │   │   └── core
23:13:51 INFO  PackageTree               :     │   │       ├── internal (8)
23:13:51 INFO  PackageTree               :     │   │       ├── executor (5)
23:13:51 INFO  PackageTree               :     │   │       └── util (1)
23:13:51 INFO  PackageTree               :     │   └── support
23:13:51 INFO  PackageTree               :     │       ├── v4
23:13:51 INFO  PackageTree               :     │       │   ├── media (150)
23:13:51 INFO  PackageTree               :     │       │   │   ├── session (94)
23:13:51 INFO  PackageTree               :     │       │   │   └── app (3)
23:13:51 INFO  PackageTree               :     │       │   ├── os (26)
23:13:51 INFO  PackageTree               :     │       │   ├── widget (88)
23:13:51 INFO  PackageTree               :     │       │   ├── net (5)
23:13:51 INFO  PackageTree               :     │       │   ├── content (33)
23:13:51 INFO  PackageTree               :     │       │   │   ├── res (17)
23:13:51 INFO  PackageTree               :     │       │   │   └── pm (9)
23:13:51 INFO  PackageTree               :     │       │   ├── graphics (18)
23:13:51 INFO  PackageTree               :     │       │   │   └── drawable (15)
23:13:51 INFO  PackageTree               :     │       │   ├── text (19)
23:13:51 INFO  PackageTree               :     │       │   │   └── util (6)
23:13:51 INFO  PackageTree               :     │       │   ├── app (175)
23:13:51 INFO  PackageTree               :     │       │   ├── provider (33)
23:13:51 INFO  PackageTree               :     │       │   ├── view (92)
23:13:51 INFO  PackageTree               :     │       │   │   ├── accessibility (17)
23:13:51 INFO  PackageTree               :     │       │   │   └── animation (6)
23:13:51 INFO  PackageTree               :     │       │   ├── util (30)
23:13:51 INFO  PackageTree               :     │       │   ├── hardware
23:13:51 INFO  PackageTree               :     │       │   │   ├── fingerprint (5)
23:13:51 INFO  PackageTree               :     │       │   │   └── display (1)
23:13:51 INFO  PackageTree               :     │       │   ├── print (7)
23:13:51 INFO  PackageTree               :     │       │   ├── math (1)
23:13:51 INFO  PackageTree               :     │       │   ├── internal
23:13:51 INFO  PackageTree               :     │       │   │   └── view (3)
23:13:51 INFO  PackageTree               :     │       │   ├── database (2)
23:13:51 INFO  PackageTree               :     │       │   │   └── sqlite (1)
23:13:51 INFO  PackageTree               :     │       │   └── accessibilityservice (1)
23:13:51 INFO  PackageTree               :     │       ├── v7
23:13:51 INFO  PackageTree               :     │       │   ├── widget (187)
23:13:51 INFO  PackageTree               :     │       │   ├── app (80)
23:13:51 INFO  PackageTree               :     │       │   ├── view (14)
23:13:51 INFO  PackageTree               :     │       │   │   └── menu (48)
23:13:51 INFO  PackageTree               :     │       │   ├── content
23:13:51 INFO  PackageTree               :     │       │   │   └── res (2)
23:13:51 INFO  PackageTree               :     │       │   ├── graphics
23:13:51 INFO  PackageTree               :     │       │   │   └── drawable (16)
23:13:51 INFO  PackageTree               :     │       │   └── text (1)
23:13:51 INFO  PackageTree               :     │       ├── annotation (54)
23:13:51 INFO  PackageTree               :     │       ├── v13
23:13:51 INFO  PackageTree               :     │       │   └── view (5)
23:13:51 INFO  PackageTree               :     │       │       └── inputmethod (9)
23:13:51 INFO  PackageTree               :     │       ├── design
23:13:51 INFO  PackageTree               :     │       │   └── widget (12)
23:13:51 INFO  PackageTree               :     │       └── graphics
23:13:51 INFO  PackageTree               :     │           └── drawable (24)
23:13:51 INFO  PackageTree               :     ├── org
23:13:51 INFO  PackageTree               :     │   └── apache
23:13:51 INFO  PackageTree               :     │       └── cordova (76)
23:13:51 INFO  PackageTree               :     │           ├── engine (13)
23:13:51 INFO  PackageTree               :     │           ├── statusbar (10)
23:13:51 INFO  PackageTree               :     │           ├── splashscreen (11)
23:13:51 INFO  PackageTree               :     │           ├── camera (6)
23:13:51 INFO  PackageTree               :     │           ├── device (1)
23:13:51 INFO  PackageTree               :     │           └── whitelist (2)
23:13:51 INFO  PackageTree               :     ├── cordova
23:13:51 INFO  PackageTree               :     │   └── plugins (4)
23:13:51 INFO  PackageTree               :     │       └── screenorientation (1)
23:13:51 INFO  PackageTree               :     ├── com
23:13:51 INFO  PackageTree               :     │   ├── luke
23:13:51 INFO  PackageTree               :     │   │   └── widget (33)
23:13:51 INFO  PackageTree               :     │   ├── lampa
23:13:51 INFO  PackageTree               :     │   │   └── startapp (4)
23:13:51 INFO  PackageTree               :     │   ├── viniciusfagundes
23:13:51 INFO  PackageTree               :     │   │   └── cordova
23:13:51 INFO  PackageTree               :     │   │       └── plugin
23:13:51 INFO  PackageTree               :     │   │           └── navigationbar (7)
23:13:51 INFO  PackageTree               :     │   ├── bar
23:13:51 INFO  PackageTree               :     │   │   └── info (1)
23:13:51 INFO  PackageTree               :     │   ├── darryncampbell
23:13:51 INFO  PackageTree               :     │   │   └── cordova
23:13:51 INFO  PackageTree               :     │   │       └── plugin
23:13:51 INFO  PackageTree               :     │   │           └── intent (3)
23:13:51 INFO  PackageTree               :     │   └── phonegap
23:13:51 INFO  PackageTree               :     │       └── plugins
23:13:51 INFO  PackageTree               :     │           └── nativesettings (1)
23:13:51 INFO  PackageTree               :     ├── androidx
23:13:51 INFO  PackageTree               :     │   ├── versionedparcelable (15)
23:13:51 INFO  PackageTree               :     │   ├── core
23:13:51 INFO  PackageTree               :     │   │   └── graphics
23:13:51 INFO  PackageTree               :     │   │       └── drawable (1)
23:13:51 INFO  PackageTree               :     │   └── media (3)
23:13:51 INFO  PackageTree               :     ├── luke
23:13:51 INFO  PackageTree               :     │   └── launcher (1)
23:13:51 INFO  PackageTree               :     ├── nl
23:13:51 INFO  PackageTree               :     │   └── xservices
23:13:51 INFO  PackageTree               :     │       └── plugins (5)
23:13:51 INFO  PackageTree               :     ├── net
23:13:51 INFO  PackageTree               :     │   └── coconauts
23:13:51 INFO  PackageTree               :     │       └── notificationListener (2)
23:13:51 INFO  PackageTree               :     └── uk
23:13:51 INFO  PackageTree               :         └── co
23:13:51 INFO  PackageTree               :             └── whiteoctober
23:13:51 INFO  PackageTree               :                 └── cordova (1)
23:13:51 INFO  Profile                   : 
23:13:51 INFO  AppProfile                : - generated app package tree (in 24 ms)
23:13:51 INFO  AppProfile                : 
23:13:51 DEBUG HashTree                  : Generate hash tree..
23:13:51 DEBUG HashTree                  :     - generated 66 package hashes.
23:13:51 DEBUG HashTree                  :     - generated 1498 clazz hashes.
23:13:51 DEBUG HashTree                  :     - generated 12802 method hashes.
23:13:51 DEBUG HashTree                  :     => Library Hash: 8c307dd77752efba7283c509739b425f
23:13:51 INFO  AppProfile                : - generated app hash trees (in 279 ms)
23:13:51 INFO  AppProfile                : 
23:13:51 INFO  LibraryIdentifier         : = Scan for library root packages (heuristic) =
23:13:51 INFO  LibraryIdentifier         :     - Found lib root package android.arch.core.internal  (android.arch.core::common)
23:13:51 INFO  LibraryIdentifier         :     - Found lib root package android.arch.core  (android.arch.core::runtime)
23:13:51 INFO  LibraryIdentifier         :     - Found lib root package android.arch.lifecycle  (android.arch.lifecycle::common)
23:13:51 INFO  LibraryIdentifier         :     - Found lib root package android.arch.lifecycle  (android.arch.lifecycle::common-java8)
23:13:51 INFO  LibraryIdentifier         :     - Found lib root package android.arch.lifecycle  (android.arch.lifecycle::compiler)
23:13:51 INFO  LibraryIdentifier         :     - Found lib root package android.arch.lifecycle  (android.arch.lifecycle::extensions)
23:13:51 INFO  LibraryIdentifier         :     - Found lib root package android.arch.lifecycle  (android.arch.lifecycle::livedata)
23:13:51 INFO  LibraryIdentifier         :     - Found lib root package android.arch.lifecycle  (android.arch.lifecycle::livedata-core)
23:13:51 INFO  LibraryIdentifier         :     - Found lib root package android.arch.lifecycle  (android.arch.lifecycle::reactivestreams)
23:13:51 INFO  LibraryIdentifier         :     - Found lib root package android.arch.lifecycle  (android.arch.lifecycle::runtime)
23:13:51 INFO  LibraryIdentifier         :     - Found lib root package android.arch.lifecycle  (android.arch.lifecycle::viewmodel)
23:13:51 INFO  LibraryIdentifier         :     - Found lib root package androidx.core  (androidx.core::core)
23:13:51 INFO  LibraryIdentifier         :     - Found lib root package androidx  (androidx.core::core-ktx)
23:13:51 INFO  LibraryIdentifier         :     - Found lib root package android.support.v4.media  (androidx.media::media)
23:13:51 INFO  LibraryIdentifier         :     - Found lib root package androidx.versionedparcelable  (androidx.versionedparcelable::versionedparcelable)
23:13:51 INFO  LibraryIdentifier         :     - Found lib root package android.support.graphics.drawable  (com.android.support::animated-vector-drawable)
23:13:51 INFO  LibraryIdentifier         :     - Found lib root package android.support.v7  (com.android.support::appcompat-v7)
23:13:51 INFO  LibraryIdentifier         :     - Found lib root package android.support.v4.view  (com.android.support::asynclayoutinflater)
23:13:51 INFO  LibraryIdentifier         :     - Found lib root package android.support.v7.widget  (com.android.support::cardview-v7)
23:13:51 INFO  LibraryIdentifier         :     - Found lib root package android.support.v4.util  (com.android.support::collections)
23:13:51 INFO  LibraryIdentifier         :     - Found lib root package android.support.v4.widget  (com.android.support::cursoradapter)
23:13:51 INFO  LibraryIdentifier         :     - Found lib root package android.support.v4  (com.android.support::customview)
23:13:51 INFO  LibraryIdentifier         :     - Found lib root package android.support.design  (com.android.support::design)
23:13:51 INFO  LibraryIdentifier         :     - Found lib root package android.support.v4.provider  (com.android.support::documentfile)
23:13:51 INFO  LibraryIdentifier         :     - Found lib root package android.support.v4.widget  (com.android.support::drawerlayout)
23:13:51 INFO  LibraryIdentifier         :     - Found lib root package android.support.v7.widget  (com.android.support::gridlayout-v7)
23:13:51 INFO  LibraryIdentifier         :     - Found lib root package android.support.v4.view.animation  (com.android.support::interpolator)
23:13:51 INFO  LibraryIdentifier         :     - Found lib root package android.support.v4  (com.android.support::loader)
23:13:51 INFO  LibraryIdentifier         :     - Found lib root package android.support.v4.content  (com.android.support::localbroadcastmanager)
23:13:51 INFO  LibraryIdentifier         :     - Found lib root package android.support.v7  (com.android.support::mediarouter-v7)
23:13:51 INFO  LibraryIdentifier         :     - Found lib root package android.support.v7.graphics  (com.android.support::palette-v7)
23:13:51 INFO  LibraryIdentifier         :     - Found lib root package android.support.v7  (com.android.support::preference-v7)
23:13:51 INFO  LibraryIdentifier         :     - Found lib root package android.support.v4.print  (com.android.support::print)
23:13:51 INFO  LibraryIdentifier         :     - Found lib root package android.support.v7.widget  (com.android.support::recyclerview-v7)
23:13:51 INFO  LibraryIdentifier         :     - Found lib root package android.support.v4.widget  (com.android.support::slidingpanelayout)
23:13:51 INFO  LibraryIdentifier         :     - Found lib root package android.support.annotation  (com.android.support::support-annotations)
23:13:51 INFO  LibraryIdentifier         :     - Found lib root package android.support.v4  (com.android.support::support-compat)
23:13:51 INFO  LibraryIdentifier         :     - Found lib root package android.support.v4  (com.android.support::support-core-ui)
23:13:51 INFO  LibraryIdentifier         :     - Found lib root package android.support.v4  (com.android.support::support-core-utils)
23:13:51 INFO  LibraryIdentifier         :     - Found lib root package android.support.v4.app  (com.android.support::support-fragment)
23:13:51 INFO  LibraryIdentifier         :     - Found lib root package android.support.v4.media  (com.android.support::support-media-compat)
23:13:51 INFO  LibraryIdentifier         :     - Found lib root package android.support.v13  (com.android.support::support-v13)
23:13:51 INFO  LibraryIdentifier         :     - Found lib root package android.support.v4  (com.android.support::support-v4)
23:13:51 INFO  LibraryIdentifier         :     - Found lib root package android.support.graphics.drawable  (com.android.support::support-vector-drawable)
23:13:51 INFO  LibraryIdentifier         :     - Found lib root package android.support.v4.widget  (com.android.support::swiperefreshlayout)
23:13:51 INFO  LibraryIdentifier         :     - Found lib root package androidx.versionedparcelable  (com.android.support::versionedparcelable)
23:13:51 INFO  LibraryIdentifier         :     - Found lib root package android.support.v4.view  (com.android.support::viewpager)
23:13:51 INFO  LibraryIdentifier         : 
23:13:51 INFO  LibraryIdentifier         : = Match profiles =
23:14:13 INFO  LibraryIdentifier         :     >> profile matching done (22 sec, 277 ms)
23:14:13 INFO  LibraryIdentifier         : 
23:14:13 INFO  LibraryIdentifier         : == Report ==
23:14:13 INFO  LibraryIdentifier         : - Full library matches:
23:14:13 INFO  ProfileMatch              :                 name: androidx.appcompat::appcompat
23:14:13 INFO  ProfileMatch              :             category: Android
23:14:13 INFO  ProfileMatch              :              version: 1.0.0  [OLD VERSION]
23:14:13 INFO  ProfileMatch              :         release-date:  --
23:14:13 INFO  ProfileMatch              :     lib root package: "androidx.appcompat"  (in app: "android.support.v7")
23:14:13 INFO  ProfileMatch              : 
23:14:13 INFO  ProfileMatch              :                 name: androidx.appcompat::appcompat
23:14:13 INFO  ProfileMatch              :             category: Android
23:14:13 INFO  ProfileMatch              :              version: 1.0.1  [OLD VERSION]
23:14:13 INFO  ProfileMatch              :         release-date:  --
23:14:13 INFO  ProfileMatch              :     lib root package: "androidx.appcompat"  (in app: "android.support.v7")
23:14:13 INFO  ProfileMatch              : 
23:14:13 INFO  ProfileMatch              :                 name: androidx.appcompat::appcompat
23:14:13 INFO  ProfileMatch              :             category: Android
23:14:13 INFO  ProfileMatch              :              version: 1.0.2  [OLD VERSION]
23:14:13 INFO  ProfileMatch              :         release-date:  --
23:14:13 INFO  ProfileMatch              :     lib root package: "androidx.appcompat"  (in app: "android.support.v7")
23:14:13 INFO  ProfileMatch              : 
23:14:13 INFO  ProfileMatch              :                 name: com.android.support::loader
23:14:13 INFO  ProfileMatch              :             category: Android
23:14:13 INFO  ProfileMatch              :              version: 28.0.0
23:14:13 INFO  ProfileMatch              :         release-date:  --
23:14:13 INFO  ProfileMatch              :     lib root package: "android.support.v4"
23:14:13 INFO  ProfileMatch              : 
23:14:13 INFO  ProfileMatch              :                 name: androidx.annotation::annotation
23:14:13 INFO  ProfileMatch              :             category: Android
23:14:13 INFO  ProfileMatch              :              version: 1.0.0  [OLD VERSION]
23:14:13 INFO  ProfileMatch              :         release-date:  --
23:14:13 INFO  ProfileMatch              :     lib root package: "androidx.annotation"  (in app: "android.support.annotation")
23:14:13 INFO  ProfileMatch              : 
23:14:13 INFO  ProfileMatch              :                 name: com.android.support::coordinatorlayout
23:14:13 INFO  ProfileMatch              :             category: Android
23:14:13 INFO  ProfileMatch              :              version: 28.0.0
23:14:13 INFO  ProfileMatch              :         release-date:  --
23:14:13 INFO  ProfileMatch              :     lib root package: "android.support"
23:14:13 INFO  ProfileMatch              : 
23:14:13 INFO  ProfileMatch              :                 name: com.android.support::localbroadcastmanager
23:14:13 INFO  ProfileMatch              :             category: Android
23:14:13 INFO  ProfileMatch              :              version: 28.0.0
23:14:13 INFO  ProfileMatch              :         release-date:  --
23:14:13 INFO  ProfileMatch              :     lib root package: "android.support.v4.content"
23:14:13 INFO  ProfileMatch              : 
23:14:13 INFO  ProfileMatch              :                 name: com.android.support::versionedparcelable
23:14:13 INFO  ProfileMatch              :             category: Android
23:14:13 INFO  ProfileMatch              :              version: 28.0.0
23:14:13 INFO  ProfileMatch              :         release-date:  --
23:14:13 INFO  ProfileMatch              :     lib root package: "androidx.versionedparcelable"
23:14:13 INFO  ProfileMatch              : 
23:14:13 INFO  ProfileMatch              :                 name: com.android.support::appcompat-v7
23:14:13 INFO  ProfileMatch              :             category: Android
23:14:13 INFO  ProfileMatch              :              version: 28.0.0
23:14:13 INFO  ProfileMatch              :         release-date:  --
23:14:13 INFO  ProfileMatch              :     lib root package: "android.support.v7"
23:14:13 INFO  ProfileMatch              : 
23:14:13 INFO  ProfileMatch              :                 name: com.android.support::customview
23:14:13 INFO  ProfileMatch              :             category: Android
23:14:13 INFO  ProfileMatch              :              version: 28.0.0
23:14:13 INFO  ProfileMatch              :         release-date:  --
23:14:13 INFO  ProfileMatch              :     lib root package: "android.support.v4"
23:14:13 INFO  ProfileMatch              : 
23:14:14 INFO  ProfileMatch              :                 name: androidx.print::print
23:14:14 INFO  ProfileMatch              :             category: Android
23:14:14 INFO  ProfileMatch              :              version: 1.0.0
23:14:14 INFO  ProfileMatch              :         release-date:  --
23:14:14 INFO  ProfileMatch              :     lib root package: "androidx.print"  (in app: "android.support.v4.print")
23:14:14 INFO  ProfileMatch              : 
23:14:14 INFO  ProfileMatch              :                 name: com.android.support::support-core-utils
23:14:14 INFO  ProfileMatch              :             category: Android
23:14:14 INFO  ProfileMatch              :              version: 28.0.0
23:14:14 INFO  ProfileMatch              :         release-date:  --
23:14:14 INFO  ProfileMatch              :     lib root package: "android.support.v4.content"
23:14:14 INFO  ProfileMatch              : 
23:14:14 INFO  ProfileMatch              :                 name: com.android.support::support-annotations
23:14:14 INFO  ProfileMatch              :             category: Android
23:14:14 INFO  ProfileMatch              :              version: 28.0.0
23:14:14 INFO  ProfileMatch              :         release-date:  --
23:14:14 INFO  ProfileMatch              :     lib root package: "android.support.annotation"
23:14:14 INFO  ProfileMatch              : 
23:14:14 INFO  ProfileMatch              :                 name: com.android.support::print
23:14:14 INFO  ProfileMatch              :             category: Android
23:14:14 INFO  ProfileMatch              :              version: 28.0.0
23:14:14 INFO  ProfileMatch              :         release-date:  --
23:14:14 INFO  ProfileMatch              :     lib root package: "android.support.v4.print"
23:14:14 INFO  ProfileMatch              : 
23:14:14 INFO  ProfileMatch              :                 name: com.android.support::support-compat
23:14:14 INFO  ProfileMatch              :             category: Android
23:14:14 INFO  ProfileMatch              :              version: 28.0.0
23:14:14 INFO  ProfileMatch              :         release-date:  --
23:14:14 INFO  ProfileMatch              :     lib root package: "android.support"
23:14:14 INFO  ProfileMatch              : 
23:14:14 INFO  ProfileMatch              :                 name: com.android.support::support-media-compat
23:14:14 INFO  ProfileMatch              :             category: Android
23:14:14 INFO  ProfileMatch              :              version: 28.0.0
23:14:14 INFO  ProfileMatch              :         release-date:  --
23:14:14 INFO  ProfileMatch              :     lib root package: "android.support.v4.media"
23:14:14 INFO  ProfileMatch              : 
23:14:14 INFO  ProfileMatch              :                 name: com.android.support::multidex-instrumentation
23:14:14 INFO  ProfileMatch              :             category: Android
23:14:14 INFO  ProfileMatch              :              version: 1.0.0  [OLD VERSION]
23:14:14 INFO  ProfileMatch              :         release-date:  --
23:14:14 INFO  ProfileMatch              :     lib root package: "com.android.test.runner"  (in app: "luke.launcher")
23:14:14 INFO  ProfileMatch              : 
23:14:14 INFO  ProfileMatch              :                 name: com.android.support::multidex-instrumentation
23:14:14 INFO  ProfileMatch              :             category: Android
23:14:14 INFO  ProfileMatch              :              version: 1.0.1  [OLD VERSION]
23:14:14 INFO  ProfileMatch              :         release-date:  --
23:14:14 INFO  ProfileMatch              :     lib root package: "com.android.test.runner"  (in app: "luke.launcher")
23:14:14 INFO  ProfileMatch              : 
23:14:14 INFO  ProfileMatch              :                 name: com.android.support::multidex-instrumentation
23:14:14 INFO  ProfileMatch              :             category: Android
23:14:14 INFO  ProfileMatch              :              version: 1.0.2  [OLD VERSION]
23:14:14 INFO  ProfileMatch              :         release-date:  --
23:14:14 INFO  ProfileMatch              :     lib root package: "com.android.test.runner"  (in app: "luke.launcher")
23:14:14 INFO  ProfileMatch              : 
23:14:14 INFO  ProfileMatch              :                 name: com.android.support::multidex-instrumentation
23:14:14 INFO  ProfileMatch              :             category: Android
23:14:14 INFO  ProfileMatch              :              version: 1.0.3
23:14:14 INFO  ProfileMatch              :         release-date:  --
23:14:14 INFO  ProfileMatch              :     lib root package: "com.android.test.runner"  (in app: "luke.launcher")
23:14:14 INFO  ProfileMatch              : 
23:14:14 INFO  ProfileMatch              :                 name: android.arch.core::common
23:14:14 INFO  ProfileMatch              :             category: Android
23:14:14 INFO  ProfileMatch              :              version: 1.0.0  [OLD VERSION]
23:14:14 INFO  ProfileMatch              :         release-date:  --
23:14:14 INFO  ProfileMatch              :     lib root package: "android.arch.core.internal"
23:14:14 INFO  ProfileMatch              : 
23:14:14 INFO  ProfileMatch              :                 name: android.arch.core::common
23:14:14 INFO  ProfileMatch              :             category: Android
23:14:14 INFO  ProfileMatch              :              version: 1.1.0  [OLD VERSION]
23:14:14 INFO  ProfileMatch              :         release-date:  --
23:14:14 INFO  ProfileMatch              :     lib root package: "android.arch.core.internal"
23:14:14 INFO  ProfileMatch              : 
23:14:14 INFO  ProfileMatch              :                 name: android.arch.core::common
23:14:14 INFO  ProfileMatch              :             category: Android
23:14:14 INFO  ProfileMatch              :              version: 1.1.1
23:14:14 INFO  ProfileMatch              :         release-date:  --
23:14:14 INFO  ProfileMatch              :     lib root package: "android.arch.core"
23:14:14 INFO  ProfileMatch              : 
23:14:14 INFO  ProfileMatch              :                 name: com.android.support::asynclayoutinflater
23:14:14 INFO  ProfileMatch              :             category: Android
23:14:14 INFO  ProfileMatch              :              version: 28.0.0
23:14:14 INFO  ProfileMatch              :         release-date:  --
23:14:14 INFO  ProfileMatch              :     lib root package: "android.support.v4.view"
23:14:14 INFO  ProfileMatch              : 
23:14:14 INFO  ProfileMatch              :                 name: androidx.versionedparcelable::versionedparcelable  [OLD VERSION]
23:14:14 INFO  ProfileMatch              :             category: Android
23:14:14 INFO  ProfileMatch              :              version: 1.0.0  [OLD VERSION]
23:14:14 INFO  ProfileMatch              :         release-date:  --
23:14:14 INFO  ProfileMatch              :     lib root package: "androidx.versionedparcelable"
23:14:14 INFO  ProfileMatch              : 
23:14:14 INFO  ProfileMatch              :                 name: android.arch.core::runtime
23:14:14 INFO  ProfileMatch              :             category: Android
23:14:14 INFO  ProfileMatch              :              version: 1.0.0  [OLD VERSION]
23:14:14 INFO  ProfileMatch              :         release-date:  --
23:14:14 INFO  ProfileMatch              :     lib root package: "android.arch.core"
23:14:14 INFO  ProfileMatch              : 
23:14:14 INFO  ProfileMatch              :                 name: android.arch.core::runtime
23:14:14 INFO  ProfileMatch              :             category: Android
23:14:14 INFO  ProfileMatch              :              version: 1.1.0  [OLD VERSION]
23:14:14 INFO  ProfileMatch              :         release-date:  --
23:14:14 INFO  ProfileMatch              :     lib root package: "android.arch.core"
23:14:14 INFO  ProfileMatch              : 
23:14:14 INFO  ProfileMatch              :                 name: android.arch.core::runtime
23:14:14 INFO  ProfileMatch              :             category: Android
23:14:14 INFO  ProfileMatch              :              version: 1.1.1
23:14:14 INFO  ProfileMatch              :         release-date:  --
23:14:14 INFO  ProfileMatch              :     lib root package: "android.arch.core.executor"
23:14:14 INFO  ProfileMatch              : 
23:14:14 INFO  ProfileMatch              :                 name: androidx.multidex::multidex-instrumentation
23:14:14 INFO  ProfileMatch              :             category: Android
23:14:14 INFO  ProfileMatch              :              version: 2.0.0
23:14:14 INFO  ProfileMatch              :         release-date:  --
23:14:14 INFO  ProfileMatch              :     lib root package: "com.android.test.runner"  (in app: "luke.launcher")
23:14:14 INFO  ProfileMatch              : 
23:14:14 INFO  ProfileMatch              :                 name: com.android.support::support-core-ui
23:14:14 INFO  ProfileMatch              :             category: Android
23:14:14 INFO  ProfileMatch              :              version: 28.0.0
23:14:14 INFO  ProfileMatch              :         release-date:  --
23:14:14 INFO  ProfileMatch              :     lib root package: "android.support.v4"
23:14:14 INFO  ProfileMatch              : 
23:14:14 INFO  ProfileMatch              :                 name: com.android.support::viewpager
23:14:14 INFO  ProfileMatch              :             category: Android
23:14:14 INFO  ProfileMatch              :              version: 28.0.0
23:14:14 INFO  ProfileMatch              :         release-date:  --
23:14:14 INFO  ProfileMatch              :     lib root package: "android.support.v4.view"
23:14:14 INFO  ProfileMatch              : 
23:14:14 INFO  LibraryIdentifier         : 
23:14:14 INFO  LibraryIdentifier         : - Partial library matches:
23:14:14 INFO  LibraryIdentifier         :                 name: androidx.arch.core::core-common
23:14:14 INFO  LibraryIdentifier         :             category: Android
23:14:14 INFO  LibraryIdentifier         :              version: 2.1.0
23:14:14 INFO  LibraryIdentifier         :         release-date:  --
23:14:14 INFO  LibraryIdentifier         :     lib root package: "androidx.arch.core"
23:14:14 INFO  LibraryIdentifier         :         Partial matching results:
23:14:14 INFO  LibraryIdentifier         :              - config: Hashing.md5() | Flags: no-flag | Keep: PN | Prune: MSIG   score: 0.875
23:14:14 INFO  LibraryIdentifier         : 
23:14:14 INFO  LibraryIdentifier         :                 name: androidx.interpolator::interpolator
23:14:14 INFO  LibraryIdentifier         :             category: Android
23:14:14 INFO  LibraryIdentifier         :              version: 1.0.0
23:14:14 INFO  LibraryIdentifier         :         release-date:  --
23:14:14 INFO  LibraryIdentifier         :     lib root package: "androidx.interpolator.view.animation"
23:14:14 INFO  LibraryIdentifier         :         Partial matching results:
23:14:14 INFO  LibraryIdentifier         :              - config: Hashing.md5() | Flags: no-flag | Keep: PN | Prune: MSIG   score: 0.75
23:14:14 INFO  LibraryIdentifier         : 
23:14:14 INFO  LibraryIdentifier         : 
23:14:14 INFO  LibraryIdentifier         : App processing time: 24 sec, 348 ms
