17:24:23 INFO  LibraryIdentifier         : Process app: me.hackerchick.catima_92.apk
17:24:23 INFO  LibraryIdentifier         : = Manifest Parser =
17:24:23 INFO  LibraryIdentifier         :         Package name: me.hackerchick.catima
17:24:23 INFO  LibraryIdentifier         :         Version code: 92
17:24:23 INFO  LibraryIdentifier         :        minSdkVersion: 21
17:24:23 INFO  LibraryIdentifier         :     targetSdkVersion: 31
17:24:23 INFO  LibraryIdentifier         :         SharedUserId:  - none -
17:24:23 INFO  LibraryIdentifier         :     Library dependencies:  - none -
17:24:23 INFO  LibraryIdentifier         : 
17:24:23 INFO  LibraryIdentifier         : Found 402 unique libraries in 12405 library profiles
17:24:23 INFO  LibraryIdentifier         : Multi-dex apk detected - Code is merged to single class hierarchy!
17:24:24 INFO  LibraryIdentifier         : Generated class hierarchy (in 660 ms)
17:24:25 INFO  WalaUtils                 : 
17:24:25 INFO  WalaUtils                 : = ClassHierarchy Stats =
17:24:25 INFO  WalaUtils                 :     # of classes: 2908
17:24:25 INFO  WalaUtils                 :     # thereof inner classes: 1355
17:24:25 INFO  WalaUtils                 :     # thereof public classes: 1333
17:24:25 INFO  WalaUtils                 :         Activity : 18
17:24:25 INFO  WalaUtils                 :         Application : 1
17:24:25 INFO  WalaUtils                 :         AsyncTask : 2
17:24:25 INFO  WalaUtils                 :         BroadcastReceiver : 2
17:24:25 INFO  WalaUtils                 :         ContentProvider : 2
17:24:25 INFO  WalaUtils                 :         Fragment : 1
17:24:25 INFO  WalaUtils                 :         Handler : 2
17:24:25 INFO  WalaUtils                 :         LayoutContainer : 68
17:24:25 INFO  WalaUtils                 :         Plain : 2762
17:24:25 INFO  WalaUtils                 :         Runnable : 0
17:24:25 INFO  WalaUtils                 :         Service : 0
17:24:25 INFO  WalaUtils                 :         Thread : 2
17:24:25 INFO  WalaUtils                 :         View : 48
17:24:25 INFO  WalaUtils                 :     # methods: 21559
17:24:25 INFO  WalaUtils                 :         # of publicly accessible methods: 13174
17:24:25 INFO  WalaUtils                 :         # of non-accessible methods: 8385
17:24:25 INFO  WalaUtils                 : 
17:24:25 INFO  Profile                   : = PackageTree =
17:24:25 INFO  PackageTree               : Root Package: androidx
17:24:25 INFO  PackageTree               : └── Root
17:24:25 INFO  PackageTree               :     ├── androidx
17:24:25 INFO  PackageTree               :     │   ├── palette
17:24:25 INFO  PackageTree               :     │   │   └── graphics (9)
17:24:25 INFO  PackageTree               :     │   ├── fragment
17:24:25 INFO  PackageTree               :     │   │   └── app (118)
17:24:25 INFO  PackageTree               :     │   ├── core
17:24:25 INFO  PackageTree               :     │   │   ├── content (12)
17:24:25 INFO  PackageTree               :     │   │   │   ├── res (24)
17:24:25 INFO  PackageTree               :     │   │   │   └── pm (6)
17:24:25 INFO  PackageTree               :     │   │   ├── view (85)
17:24:25 INFO  PackageTree               :     │   │   │   ├── accessibility (20)
17:24:25 INFO  PackageTree               :     │   │   │   └── inputmethod (11)
17:24:25 INFO  PackageTree               :     │   │   ├── app (25)
17:24:25 INFO  PackageTree               :     │   │   ├── provider (22)
17:24:25 INFO  PackageTree               :     │   │   ├── graphics (21)
17:24:25 INFO  PackageTree               :     │   │   │   └── drawable (8)
17:24:25 INFO  PackageTree               :     │   │   ├── widget (31)
17:24:25 INFO  PackageTree               :     │   │   ├── util (8)
17:24:25 INFO  PackageTree               :     │   │   ├── splashscreen (4)
17:24:25 INFO  PackageTree               :     │   │   ├── internal
17:24:25 INFO  PackageTree               :     │   │   │   └── view (3)
17:24:25 INFO  PackageTree               :     │   │   ├── text (17)
17:24:25 INFO  PackageTree               :     │   │   ├── net (1)
17:24:25 INFO  PackageTree               :     │   │   ├── math (1)
17:24:25 INFO  PackageTree               :     │   │   └── os (4)
17:24:25 INFO  PackageTree               :     │   ├── constraintlayout
17:24:25 INFO  PackageTree               :     │   │   ├── motion
17:24:25 INFO  PackageTree               :     │   │   │   ├── widget (17)
17:24:25 INFO  PackageTree               :     │   │   │   └── utils (7)
17:24:25 INFO  PackageTree               :     │   │   ├── core (16)
17:24:25 INFO  PackageTree               :     │   │   │   ├── state (1)
17:24:25 INFO  PackageTree               :     │   │   │   ├── widgets (14)
17:24:25 INFO  PackageTree               :     │   │   │   │   └── analyzer (21)
17:24:25 INFO  PackageTree               :     │   │   │   └── motion
17:24:25 INFO  PackageTree               :     │   │   │       └── utils (8)
17:24:25 INFO  PackageTree               :     │   │   └── widget (25)
17:24:25 INFO  PackageTree               :     │   ├── appcompat
17:24:25 INFO  PackageTree               :     │   │   ├── widget (176)
17:24:25 INFO  PackageTree               :     │   │   ├── graphics
17:24:25 INFO  PackageTree               :     │   │   │   └── drawable (15)
17:24:25 INFO  PackageTree               :     │   │   ├── app (72)
17:24:25 INFO  PackageTree               :     │   │   ├── view (14)
17:24:25 INFO  PackageTree               :     │   │   │   └── menu (43)
17:24:25 INFO  PackageTree               :     │   │   ├── resources (3)
17:24:25 INFO  PackageTree               :     │   │   ├── content
17:24:25 INFO  PackageTree               :     │   │   │   └── res (1)
17:24:25 INFO  PackageTree               :     │   │   └── text (1)
17:24:25 INFO  PackageTree               :     │   ├── recyclerview
17:24:25 INFO  PackageTree               :     │   │   └── widget (109)
17:24:25 INFO  PackageTree               :     │   ├── transition (75)
17:24:25 INFO  PackageTree               :     │   ├── preference (75)
17:24:25 INFO  PackageTree               :     │   │   └── internal (1)
17:24:25 INFO  PackageTree               :     │   ├── cursoradapter
17:24:25 INFO  PackageTree               :     │   │   └── widget (6)
17:24:25 INFO  PackageTree               :     │   ├── activity (18)
17:24:25 INFO  PackageTree               :     │   │   ├── result (14)
17:24:25 INFO  PackageTree               :     │   │   │   └── contract (5)
17:24:25 INFO  PackageTree               :     │   │   └── contextaware (2)
17:24:25 INFO  PackageTree               :     │   ├── coordinatorlayout
17:24:25 INFO  PackageTree               :     │   │   └── widget (13)
17:24:25 INFO  PackageTree               :     │   ├── savedstate (9)
17:24:25 INFO  PackageTree               :     │   ├── arch
17:24:25 INFO  PackageTree               :     │   │   └── core
17:24:25 INFO  PackageTree               :     │   │       ├── executor (6)
17:24:25 INFO  PackageTree               :     │   │       └── internal (8)
17:24:25 INFO  PackageTree               :     │   ├── exifinterface
17:24:25 INFO  PackageTree               :     │   │   └── media (11)
17:24:25 INFO  PackageTree               :     │   ├── vectordrawable
17:24:25 INFO  PackageTree               :     │   │   └── graphics
17:24:25 INFO  PackageTree               :     │   │       └── drawable (20)
17:24:25 INFO  PackageTree               :     │   ├── loader
17:24:25 INFO  PackageTree               :     │   │   ├── app (5)
17:24:25 INFO  PackageTree               :     │   │   └── content (1)
17:24:25 INFO  PackageTree               :     │   ├── lifecycle (54)
17:24:25 INFO  PackageTree               :     │   ├── customview
17:24:25 INFO  PackageTree               :     │   │   ├── widget (12)
17:24:25 INFO  PackageTree               :     │   │   └── view (3)
17:24:25 INFO  PackageTree               :     │   ├── cardview
17:24:25 INFO  PackageTree               :     │   │   └── widget (12)
17:24:25 INFO  PackageTree               :     │   ├── annotation (1)
17:24:25 INFO  PackageTree               :     │   ├── emoji2
17:24:25 INFO  PackageTree               :     │   │   ├── text (42)
17:24:25 INFO  PackageTree               :     │   │   │   └── flatbuffer (5)
17:24:25 INFO  PackageTree               :     │   │   └── viewsintegration (17)
17:24:25 INFO  PackageTree               :     │   ├── versionedparcelable (6)
17:24:25 INFO  PackageTree               :     │   ├── collection (15)
17:24:25 INFO  PackageTree               :     │   ├── viewpager
17:24:25 INFO  PackageTree               :     │   │   └── widget (13)
17:24:25 INFO  PackageTree               :     │   ├── startup (4)
17:24:25 INFO  PackageTree               :     │   ├── viewpager2
17:24:25 INFO  PackageTree               :     │   │   └── adapter (3)
17:24:25 INFO  PackageTree               :     │   ├── interpolator
17:24:25 INFO  PackageTree               :     │   │   └── view
17:24:25 INFO  PackageTree               :     │   │       └── animation (4)
17:24:25 INFO  PackageTree               :     │   └── tracing (2)
17:24:25 INFO  PackageTree               :     ├── net
17:24:25 INFO  PackageTree               :     │   └── lingala
17:24:25 INFO  PackageTree               :     │       └── zip4j
17:24:25 INFO  PackageTree               :     │           ├── crypto (7)
17:24:25 INFO  PackageTree               :     │           │   ├── engine (2)
17:24:25 INFO  PackageTree               :     │           │   └── PBKDF2 (4)
17:24:25 INFO  PackageTree               :     │           ├── headers (7)
17:24:25 INFO  PackageTree               :     │           ├── util (7)
17:24:25 INFO  PackageTree               :     │           ├── model (19)
17:24:25 INFO  PackageTree               :     │           │   └── enums (6)
17:24:25 INFO  PackageTree               :     │           ├── io
17:24:25 INFO  PackageTree               :     │           │   ├── outputstream (13)
17:24:25 INFO  PackageTree               :     │           │   └── inputstream (10)
17:24:25 INFO  PackageTree               :     │           └── exception (2)
17:24:25 INFO  PackageTree               :     ├── com
17:24:25 INFO  PackageTree               :     │   ├── google
17:24:25 INFO  PackageTree               :     │   │   ├── android
17:24:25 INFO  PackageTree               :     │   │   │   └── material
17:24:25 INFO  PackageTree               :     │   │   │       ├── textfield (49)
17:24:25 INFO  PackageTree               :     │   │   │       ├── snackbar (35)
17:24:25 INFO  PackageTree               :     │   │   │       ├── appbar (26)
17:24:25 INFO  PackageTree               :     │   │   │       ├── tabs (16)
17:24:25 INFO  PackageTree               :     │   │   │       ├── datepicker (49)
17:24:25 INFO  PackageTree               :     │   │   │       ├── behavior (7)
17:24:25 INFO  PackageTree               :     │   │   │       ├── transformation (15)
17:24:25 INFO  PackageTree               :     │   │   │       ├── timepicker (23)
17:24:25 INFO  PackageTree               :     │   │   │       ├── shape (29)
17:24:25 INFO  PackageTree               :     │   │   │       ├── internal (32)
17:24:25 INFO  PackageTree               :     │   │   │       ├── floatingactionbutton (33)
17:24:25 INFO  PackageTree               :     │   │   │       ├── button (13)
17:24:25 INFO  PackageTree               :     │   │   │       ├── dialog (1)
17:24:25 INFO  PackageTree               :     │   │   │       ├── bottomappbar (14)
17:24:25 INFO  PackageTree               :     │   │   │       ├── card (4)
17:24:25 INFO  PackageTree               :     │   │   │       ├── chip (11)
17:24:25 INFO  PackageTree               :     │   │   │       ├── bottomsheet (11)
17:24:25 INFO  PackageTree               :     │   │   │       ├── elevation (1)
17:24:25 INFO  PackageTree               :     │   │   │       ├── shadow (2)
17:24:25 INFO  PackageTree               :     │   │   │       ├── resources (9)
17:24:25 INFO  PackageTree               :     │   │   │       ├── animation (11)
17:24:25 INFO  PackageTree               :     │   │   │       ├── theme (1)
17:24:25 INFO  PackageTree               :     │   │   │       │   └── overlay (1)
17:24:25 INFO  PackageTree               :     │   │   │       ├── circularreveal (9)
17:24:25 INFO  PackageTree               :     │   │   │       │   └── cardview (1)
17:24:25 INFO  PackageTree               :     │   │   │       ├── math (1)
17:24:25 INFO  PackageTree               :     │   │   │       ├── badge (5)
17:24:25 INFO  PackageTree               :     │   │   │       ├── ripple (3)
17:24:25 INFO  PackageTree               :     │   │   │       ├── stateful (2)
17:24:25 INFO  PackageTree               :     │   │   │       ├── drawable (1)
17:24:25 INFO  PackageTree               :     │   │   │       ├── expandable (2)
17:24:25 INFO  PackageTree               :     │   │   │       ├── radiobutton (1)
17:24:25 INFO  PackageTree               :     │   │   │       ├── textview (1)
17:24:25 INFO  PackageTree               :     │   │   │       ├── canvas (1)
17:24:25 INFO  PackageTree               :     │   │   │       ├── color (1)
17:24:25 INFO  PackageTree               :     │   │   │       └── checkbox (1)
17:24:25 INFO  PackageTree               :     │   │   └── zxing (23)
17:24:25 INFO  PackageTree               :     │   │       ├── pdf417 (4)
17:24:25 INFO  PackageTree               :     │   │       │   ├── decoder (11)
17:24:25 INFO  PackageTree               :     │   │       │   │   └── ec (3)
17:24:25 INFO  PackageTree               :     │   │       │   ├── encoder (7)
17:24:25 INFO  PackageTree               :     │   │       │   └── detector (2)
17:24:25 INFO  PackageTree               :     │   │       ├── client
17:24:25 INFO  PackageTree               :     │   │       │   └── android (6)
17:24:25 INFO  PackageTree               :     │   │       │       └── camera
17:24:25 INFO  PackageTree               :     │   │       │           └── open (1)
17:24:25 INFO  PackageTree               :     │   │       ├── datamatrix (2)
17:24:25 INFO  PackageTree               :     │   │       │   ├── decoder (8)
17:24:25 INFO  PackageTree               :     │   │       │   ├── encoder (14)
17:24:25 INFO  PackageTree               :     │   │       │   └── detector (1)
17:24:25 INFO  PackageTree               :     │   │       ├── qrcode (2)
17:24:25 INFO  PackageTree               :     │   │       │   ├── detector (7)
17:24:25 INFO  PackageTree               :     │   │       │   ├── decoder (20)
17:24:25 INFO  PackageTree               :     │   │       │   └── encoder (6)
17:24:25 INFO  PackageTree               :     │   │       ├── oned (29)
17:24:25 INFO  PackageTree               :     │   │       │   └── rss (6)
17:24:25 INFO  PackageTree               :     │   │       │       └── expanded (4)
17:24:25 INFO  PackageTree               :     │   │       │           └── decoders (20)
17:24:25 INFO  PackageTree               :     │   │       ├── common (12)
17:24:25 INFO  PackageTree               :     │   │       │   ├── reedsolomon (5)
17:24:25 INFO  PackageTree               :     │   │       │   └── detector (2)
17:24:25 INFO  PackageTree               :     │   │       ├── aztec (3)
17:24:25 INFO  PackageTree               :     │   │       │   ├── encoder (8)
17:24:25 INFO  PackageTree               :     │   │       │   ├── detector (2)
17:24:25 INFO  PackageTree               :     │   │       │   └── decoder (2)
17:24:25 INFO  PackageTree               :     │   │       └── maxicode (1)
17:24:25 INFO  PackageTree               :     │   │           └── decoder (3)
17:24:25 INFO  PackageTree               :     │   ├── jaredrummler
17:24:25 INFO  PackageTree               :     │   │   └── android
17:24:25 INFO  PackageTree               :     │   │       └── colorpicker (27)
17:24:25 INFO  PackageTree               :     │   ├── yalantis
17:24:25 INFO  PackageTree               :     │   │   └── ucrop (12)
17:24:25 INFO  PackageTree               :     │   │       ├── task (3)
17:24:25 INFO  PackageTree               :     │   │       ├── view (14)
17:24:25 INFO  PackageTree               :     │   │       │   └── widget (3)
17:24:25 INFO  PackageTree               :     │   │       ├── util (14)
17:24:25 INFO  PackageTree               :     │   │       ├── model (5)
17:24:25 INFO  PackageTree               :     │   │       └── callback (4)
17:24:25 INFO  PackageTree               :     │   └── journeyapps
17:24:25 INFO  PackageTree               :     │       └── barcodescanner (37)
17:24:25 INFO  PackageTree               :     │           └── camera (22)
17:24:25 INFO  PackageTree               :     ├── j$
17:24:25 INFO  PackageTree               :     │   ├── util (43)
17:24:25 INFO  PackageTree               :     │   │   ├── stream (215)
17:24:25 INFO  PackageTree               :     │   │   ├── function (26)
17:24:25 INFO  PackageTree               :     │   │   └── concurrent (30)
17:24:25 INFO  PackageTree               :     │   └── lang (1)
17:24:25 INFO  PackageTree               :     ├── okhttp3 (52)
17:24:25 INFO  PackageTree               :     │   └── internal (6)
17:24:25 INFO  PackageTree               :     │       ├── tls (5)
17:24:25 INFO  PackageTree               :     │       ├── http2 (41)
17:24:25 INFO  PackageTree               :     │       ├── http1 (7)
17:24:25 INFO  PackageTree               :     │       ├── connection (9)
17:24:25 INFO  PackageTree               :     │       ├── cache (6)
17:24:25 INFO  PackageTree               :     │       ├── platform (11)
17:24:25 INFO  PackageTree               :     │       ├── proxy (1)
17:24:25 INFO  PackageTree               :     │       ├── http (13)
17:24:25 INFO  PackageTree               :     │       └── publicsuffix (1)
17:24:25 INFO  PackageTree               :     ├── okio (28)
17:24:25 INFO  PackageTree               :     ├── org
17:24:25 INFO  PackageTree               :     │   └── apache
17:24:25 INFO  PackageTree               :     │       └── commons
17:24:25 INFO  PackageTree               :     │           └── csv (14)
17:24:25 INFO  PackageTree               :     ├── protect
17:24:25 INFO  PackageTree               :     │   └── card_locker (83)
17:24:25 INFO  PackageTree               :     │       ├── async (3)
17:24:25 INFO  PackageTree               :     │       ├── importexport (12)
17:24:25 INFO  PackageTree               :     │       └── preferences (3)
17:24:25 INFO  PackageTree               :     ├── nl
17:24:25 INFO  PackageTree               :     │   └── invissvenska
17:24:25 INFO  PackageTree               :     │       └── numberpickerpreference (5)
17:24:25 INFO  PackageTree               :     ├── kotlin
17:24:25 INFO  PackageTree               :     │   └── jvm
17:24:25 INFO  PackageTree               :     │       └── internal (2)
17:24:25 INFO  PackageTree               :     └── android
17:24:25 INFO  PackageTree               :         └── support
17:24:25 INFO  PackageTree               :             └── v4
17:24:25 INFO  PackageTree               :                 ├── graphics
17:24:25 INFO  PackageTree               :                 │   └── drawable (1)
17:24:25 INFO  PackageTree               :                 └── app (1)
17:24:25 INFO  Profile                   : 
17:24:25 INFO  AppProfile                : - generated app package tree (in 76 ms)
17:24:25 INFO  AppProfile                : 
17:24:25 DEBUG HashTree                  : Generate hash tree..
17:24:25 DEBUG HashTree                  :     - generated 177 package hashes.
17:24:25 DEBUG HashTree                  :     - generated 2864 clazz hashes.
17:24:25 DEBUG HashTree                  :     - generated 21559 method hashes.
17:24:25 DEBUG HashTree                  :     => Library Hash: 6f548fb3cfbfac87ada16883df7aaef4
17:24:25 INFO  AppProfile                : - generated app hash trees (in 462 ms)
17:24:25 INFO  AppProfile                : 
17:24:25 INFO  LibraryIdentifier         : = Scan for library root packages (heuristic) =
17:24:25 INFO  LibraryIdentifier         :     - Found lib root package okhttp3  (OkHttp)
17:24:25 INFO  LibraryIdentifier         :     - Found lib root package androidx.annotation  (androidx.annotation::annotation)
17:24:25 INFO  LibraryIdentifier         :     - Found lib root package androidx.appcompat  (androidx.appcompat::appcompat)
17:24:25 INFO  LibraryIdentifier         :     - Found lib root package androidx.arch.core  (androidx.arch.core::core-common)
17:24:25 INFO  LibraryIdentifier         :     - Found lib root package androidx.arch.core.executor  (androidx.arch.core::core-runtime)
17:24:25 INFO  LibraryIdentifier         :     - Found lib root package androidx.cardview.widget  (androidx.cardview::cardview)
17:24:25 INFO  LibraryIdentifier         :     - Found lib root package androidx.collection  (androidx.collection::collection)
17:24:25 INFO  LibraryIdentifier         :     - Found lib root package androidx.collection  (androidx.collection::collection-ktx)
17:24:25 INFO  LibraryIdentifier         :     - Found lib root package androidx.constraintlayout.widget  (androidx.constraintlayout::constraintlayout)
17:24:25 INFO  LibraryIdentifier         :     - Found lib root package androidx.coordinatorlayout.widget  (androidx.coordinatorlayout::coordinatorlayout)
17:24:25 INFO  LibraryIdentifier         :     - Found lib root package androidx.core  (androidx.core::core)
17:24:25 INFO  LibraryIdentifier         :     - Found lib root package androidx  (androidx.core::core-ktx)
17:24:25 INFO  LibraryIdentifier         :     - Found lib root package androidx.cursoradapter.widget  (androidx.cursoradapter::cursoradapter)
17:24:25 INFO  LibraryIdentifier         :     - Found lib root package androidx.customview  (androidx.customview::customview)
17:24:25 INFO  LibraryIdentifier         :     - Found lib root package androidx.exifinterface.media  (androidx.exifinterface::exifinterface)
17:24:25 INFO  LibraryIdentifier         :     - Found lib root package androidx.fragment.app  (androidx.fragment::fragment)
17:24:25 INFO  LibraryIdentifier         :     - Found lib root package androidx.fragment.app  (androidx.fragment::fragment-ktx)
17:24:25 INFO  LibraryIdentifier         :     - Found lib root package androidx.interpolator.view.animation  (androidx.interpolator::interpolator)
17:24:25 INFO  LibraryIdentifier         :     - Found lib root package androidx.lifecycle  (androidx.lifecycle::lifecycle-common)
17:24:25 INFO  LibraryIdentifier         :     - Found lib root package androidx.lifecycle  (androidx.lifecycle::lifecycle-common-java8)
17:24:25 INFO  LibraryIdentifier         :     - Found lib root package androidx.lifecycle  (androidx.lifecycle::lifecycle-compiler)
17:24:25 INFO  LibraryIdentifier         :     - Found lib root package androidx.lifecycle  (androidx.lifecycle::lifecycle-extensions)
17:24:25 INFO  LibraryIdentifier         :     - Found lib root package androidx.lifecycle  (androidx.lifecycle::lifecycle-livedata)
17:24:25 INFO  LibraryIdentifier         :     - Found lib root package androidx.lifecycle  (androidx.lifecycle::lifecycle-livedata-core)
17:24:25 INFO  LibraryIdentifier         :     - Found lib root package androidx.lifecycle  (androidx.lifecycle::lifecycle-process)
17:24:25 INFO  LibraryIdentifier         :     - Found lib root package androidx.lifecycle  (androidx.lifecycle::lifecycle-reactivestreams)
17:24:25 INFO  LibraryIdentifier         :     - Found lib root package androidx.lifecycle  (androidx.lifecycle::lifecycle-reactivestreams-ktx)
17:24:25 INFO  LibraryIdentifier         :     - Found lib root package androidx.lifecycle  (androidx.lifecycle::lifecycle-runtime)
17:24:25 INFO  LibraryIdentifier         :     - Found lib root package androidx.lifecycle  (androidx.lifecycle::lifecycle-service)
17:24:25 INFO  LibraryIdentifier         :     - Found lib root package androidx.lifecycle  (androidx.lifecycle::lifecycle-viewmodel)
17:24:25 INFO  LibraryIdentifier         :     - Found lib root package androidx.lifecycle  (androidx.lifecycle::lifecycle-viewmodel-ktx)
17:24:25 INFO  LibraryIdentifier         :     - Found lib root package androidx.loader  (androidx.loader::loader)
17:24:25 INFO  LibraryIdentifier         :     - Found lib root package androidx.palette.graphics  (androidx.palette::palette)
17:24:25 INFO  LibraryIdentifier         :     - Found lib root package androidx.palette.graphics  (androidx.palette::palette-ktx)
17:24:25 INFO  LibraryIdentifier         :     - Found lib root package androidx.preference  (androidx.preference::preference)
17:24:25 INFO  LibraryIdentifier         :     - Found lib root package androidx.preference  (androidx.preference::preference-ktx)
17:24:25 INFO  LibraryIdentifier         :     - Found lib root package androidx.recyclerview.widget  (androidx.recyclerview::recyclerview)
17:24:25 INFO  LibraryIdentifier         :     - Found lib root package androidx.transition  (androidx.transition::transition)
17:24:25 INFO  LibraryIdentifier         :     - Found lib root package androidx.vectordrawable.graphics.drawable  (androidx.vectordrawable::vectordrawable)
17:24:25 INFO  LibraryIdentifier         :     - Found lib root package androidx.vectordrawable.graphics.drawable  (androidx.vectordrawable::vectordrawable-animated)
17:24:25 INFO  LibraryIdentifier         :     - Found lib root package androidx.versionedparcelable  (androidx.versionedparcelable::versionedparcelable)
17:24:25 INFO  LibraryIdentifier         :     - Found lib root package androidx.viewpager.widget  (androidx.viewpager::viewpager)
17:24:25 INFO  LibraryIdentifier         :     - Found lib root package android.support.v4  (com.android.support::customview)
17:24:25 INFO  LibraryIdentifier         :     - Found lib root package android.support.v4  (com.android.support::loader)
17:24:25 INFO  LibraryIdentifier         :     - Found lib root package android.support.v4  (com.android.support::support-compat)
17:24:25 INFO  LibraryIdentifier         :     - Found lib root package android.support.v4  (com.android.support::support-core-ui)
17:24:25 INFO  LibraryIdentifier         :     - Found lib root package android.support.v4  (com.android.support::support-core-utils)
17:24:25 INFO  LibraryIdentifier         :     - Found lib root package android.support.v4.app  (com.android.support::support-fragment)
17:24:25 INFO  LibraryIdentifier         :     - Found lib root package android.support.v4  (com.android.support::support-v4)
17:24:25 INFO  LibraryIdentifier         :     - Found lib root package androidx.versionedparcelable  (com.android.support::versionedparcelable)
17:24:25 INFO  LibraryIdentifier         :     - Found lib root package com.google.android.material  (com.google.android.material::material)
17:24:25 INFO  LibraryIdentifier         :     - Found lib root package okio  (okio)
17:24:25 INFO  LibraryIdentifier         :     - Found lib root package com.yalantis.ucrop  (uCrop)
17:24:25 INFO  LibraryIdentifier         : 
17:24:25 INFO  LibraryIdentifier         : = Match profiles =
17:25:07 INFO  LibraryIdentifier         :     >> profile matching done (41 sec, 472 ms)
17:25:07 INFO  LibraryIdentifier         : 
17:25:07 INFO  LibraryIdentifier         : == Report ==
17:25:07 INFO  LibraryIdentifier         : - Full library matches:
17:25:07 INFO  ProfileMatch              :                 name: com.android.support::interpolator
17:25:07 INFO  ProfileMatch              :             category: Android
17:25:07 INFO  ProfileMatch              :              version: 28.0.0
17:25:07 INFO  ProfileMatch              :         release-date:  --
17:25:07 INFO  ProfileMatch              :     lib root package: "android.support.v4.view.animation"  (in app: "androidx.interpolator.view.animation")
17:25:07 INFO  ProfileMatch              : 
17:25:07 INFO  ProfileMatch              :                 name: androidx.interpolator::interpolator
17:25:07 INFO  ProfileMatch              :             category: Android
17:25:07 INFO  ProfileMatch              :              version: 1.0.0
17:25:07 INFO  ProfileMatch              :         release-date:  --
17:25:07 INFO  ProfileMatch              :     lib root package: "androidx.interpolator.view.animation"
17:25:07 INFO  ProfileMatch              : 
17:25:07 INFO  ProfileMatch              :                 name: Facebook
17:25:07 INFO  ProfileMatch              :             category: SocialMedia
17:25:07 INFO  ProfileMatch              :              version: 4.27.0  [OLD VERSION]
17:25:07 INFO  ProfileMatch              :         release-date: 26.09.2017
17:25:07 INFO  ProfileMatch              :     lib root package: "com.facebook.all"  (in app: "androidx.constraintlayout.core")
17:25:07 INFO  ProfileMatch              : 
17:25:07 INFO  ProfileMatch              :                 name: Facebook
17:25:07 INFO  ProfileMatch              :             category: SocialMedia
17:25:07 INFO  ProfileMatch              :              version: 4.28.0  [OLD VERSION]
17:25:07 INFO  ProfileMatch              :         release-date: 07.11.2017
17:25:07 INFO  ProfileMatch              :     lib root package: "com.facebook.all"  (in app: "androidx.constraintlayout.core")
17:25:07 INFO  ProfileMatch              : 
17:25:07 INFO  ProfileMatch              :                 name: Facebook
17:25:07 INFO  ProfileMatch              :             category: SocialMedia
17:25:07 INFO  ProfileMatch              :              version: 4.29.0  [OLD VERSION]
17:25:07 INFO  ProfileMatch              :         release-date: 05.12.2017
17:25:07 INFO  ProfileMatch              :     lib root package: "com.facebook.all"  (in app: "androidx.constraintlayout.core")
17:25:07 INFO  ProfileMatch              : 
17:25:07 INFO  ProfileMatch              :                 name: Facebook
17:25:07 INFO  ProfileMatch              :             category: SocialMedia
17:25:07 INFO  ProfileMatch              :              version: 4.30.0  [OLD VERSION]
17:25:07 INFO  ProfileMatch              :         release-date: 24.01.2018
17:25:07 INFO  ProfileMatch              :     lib root package: "com.facebook.all"  (in app: "androidx.constraintlayout.core")
17:25:07 INFO  ProfileMatch              : 
17:25:07 INFO  ProfileMatch              :                 name: Facebook
17:25:07 INFO  ProfileMatch              :             category: SocialMedia
17:25:07 INFO  ProfileMatch              :              version: 4.31.0  [OLD VERSION]
17:25:07 INFO  ProfileMatch              :         release-date: 28.02.2018
17:25:07 INFO  ProfileMatch              :     lib root package: "com.facebook.all"  (in app: "androidx.constraintlayout.core")
17:25:07 INFO  ProfileMatch              : 
17:25:07 INFO  ProfileMatch              :                 name: Facebook
17:25:07 INFO  ProfileMatch              :             category: SocialMedia
17:25:07 INFO  ProfileMatch              :              version: 4.32.0  [OLD VERSION]
17:25:07 INFO  ProfileMatch              :         release-date: 11.04.2018
17:25:07 INFO  ProfileMatch              :     lib root package: "com.facebook.all"  (in app: "androidx.constraintlayout.core")
17:25:07 INFO  ProfileMatch              : 
17:25:07 INFO  ProfileMatch              :                 name: Facebook
17:25:07 INFO  ProfileMatch              :             category: SocialMedia
17:25:07 INFO  ProfileMatch              :              version: 4.33.0  [OLD VERSION]
17:25:07 INFO  ProfileMatch              :         release-date: 01.05.2018
17:25:07 INFO  ProfileMatch              :     lib root package: "com.facebook.all"  (in app: "androidx.constraintlayout.core")
17:25:07 INFO  ProfileMatch              : 
17:25:07 INFO  ProfileMatch              :                 name: Facebook
17:25:07 INFO  ProfileMatch              :             category: SocialMedia
17:25:07 INFO  ProfileMatch              :              version: 4.34.0  [OLD VERSION]
17:25:07 INFO  ProfileMatch              :         release-date: 19.06.2018
17:25:07 INFO  ProfileMatch              :     lib root package: "com.facebook.all"  (in app: "androidx.constraintlayout.core")
17:25:07 INFO  ProfileMatch              : 
17:25:07 INFO  ProfileMatch              :                 name: Facebook
17:25:07 INFO  ProfileMatch              :             category: SocialMedia
17:25:07 INFO  ProfileMatch              :              version: 4.35.0  [OLD VERSION]
17:25:07 INFO  ProfileMatch              :         release-date: 26.07.2018
17:25:07 INFO  ProfileMatch              :     lib root package: "com.facebook.all"  (in app: "androidx.constraintlayout.core")
17:25:07 INFO  ProfileMatch              : 
17:25:07 INFO  ProfileMatch              :                 name: Facebook
17:25:07 INFO  ProfileMatch              :             category: SocialMedia
17:25:07 INFO  ProfileMatch              :              version: 4.36.0  [OLD VERSION]
17:25:07 INFO  ProfileMatch              :         release-date: 29.08.2018
17:25:07 INFO  ProfileMatch              :     lib root package: "com.facebook.all"  (in app: "androidx.constraintlayout.core")
17:25:07 INFO  ProfileMatch              : 
17:25:07 INFO  ProfileMatch              :                 name: Facebook
17:25:07 INFO  ProfileMatch              :             category: SocialMedia
17:25:07 INFO  ProfileMatch              :              version: 4.36.1  [OLD VERSION]
17:25:07 INFO  ProfileMatch              :         release-date: 15.09.2018
17:25:07 INFO  ProfileMatch              :     lib root package: "com.facebook.all"  (in app: "androidx.constraintlayout.core")
17:25:07 INFO  ProfileMatch              : 
17:25:07 INFO  ProfileMatch              :                 name: Facebook
17:25:07 INFO  ProfileMatch              :             category: SocialMedia
17:25:07 INFO  ProfileMatch              :              version: 4.37.0  [OLD VERSION]
17:25:07 INFO  ProfileMatch              :         release-date: 27.09.2018
17:25:07 INFO  ProfileMatch              :     lib root package: "com.facebook.all"  (in app: "androidx.constraintlayout.core")
17:25:07 INFO  ProfileMatch              : 
17:25:07 INFO  ProfileMatch              :                 name: Facebook
17:25:07 INFO  ProfileMatch              :             category: SocialMedia
17:25:07 INFO  ProfileMatch              :              version: 4.38.0  [OLD VERSION]
17:25:07 INFO  ProfileMatch              :         release-date: 23.10.2018
17:25:07 INFO  ProfileMatch              :     lib root package: "com.facebook.all"  (in app: "androidx.constraintlayout.core")
17:25:07 INFO  ProfileMatch              : 
17:25:07 INFO  ProfileMatch              :                 name: Facebook
17:25:07 INFO  ProfileMatch              :             category: SocialMedia
17:25:07 INFO  ProfileMatch              :              version: 4.38.1  [OLD VERSION]
17:25:07 INFO  ProfileMatch              :         release-date: 31.10.2018
17:25:07 INFO  ProfileMatch              :     lib root package: "com.facebook.all"  (in app: "androidx.constraintlayout.core")
17:25:07 INFO  ProfileMatch              : 
17:25:07 INFO  ProfileMatch              :                 name: Facebook
17:25:07 INFO  ProfileMatch              :             category: SocialMedia
17:25:07 INFO  ProfileMatch              :              version: 4.39.0  [OLD VERSION]
17:25:07 INFO  ProfileMatch              :         release-date: 05.12.2018
17:25:07 INFO  ProfileMatch              :     lib root package: "com.facebook.all"  (in app: "androidx.constraintlayout.core")
17:25:07 INFO  ProfileMatch              : 
17:25:07 INFO  ProfileMatch              :                 name: Facebook
17:25:07 INFO  ProfileMatch              :             category: SocialMedia
17:25:07 INFO  ProfileMatch              :              version: 4.40.0  [OLD VERSION]
17:25:07 INFO  ProfileMatch              :         release-date: 22.01.2019
17:25:07 INFO  ProfileMatch              :     lib root package: "com.facebook.all"  (in app: "androidx.constraintlayout.core")
17:25:07 INFO  ProfileMatch              : 
17:25:07 INFO  ProfileMatch              :                 name: Facebook
17:25:07 INFO  ProfileMatch              :             category: SocialMedia
17:25:07 INFO  ProfileMatch              :              version: 4.41.0  [OLD VERSION]
17:25:07 INFO  ProfileMatch              :         release-date: 08.03.2019
17:25:07 INFO  ProfileMatch              :     lib root package: "com.facebook.all"  (in app: "androidx.constraintlayout.core")
17:25:07 INFO  ProfileMatch              : 
17:25:07 INFO  ProfileMatch              :                 name: Facebook
17:25:07 INFO  ProfileMatch              :             category: SocialMedia
17:25:07 INFO  ProfileMatch              :              version: 4.42.0  [OLD VERSION]
17:25:07 INFO  ProfileMatch              :         release-date: 08.04.2019
17:25:07 INFO  ProfileMatch              :     lib root package: "com.facebook.all"  (in app: "androidx.constraintlayout.core")
17:25:07 INFO  ProfileMatch              : 
17:25:07 INFO  ProfileMatch              :                 name: Facebook
17:25:07 INFO  ProfileMatch              :             category: SocialMedia
17:25:07 INFO  ProfileMatch              :              version: 5.0.0  [OLD VERSION]
17:25:07 INFO  ProfileMatch              :         release-date: 30.04.2019
17:25:07 INFO  ProfileMatch              :     lib root package: "com.facebook.all"  (in app: "androidx.constraintlayout.core")
17:25:07 INFO  ProfileMatch              : 
17:25:07 INFO  ProfileMatch              :                 name: Facebook
17:25:07 INFO  ProfileMatch              :             category: SocialMedia
17:25:07 INFO  ProfileMatch              :              version: 5.0.1  [OLD VERSION]
17:25:07 INFO  ProfileMatch              :         release-date: 17.05.2019
17:25:07 INFO  ProfileMatch              :     lib root package: "com.facebook.all"  (in app: "androidx.constraintlayout.core")
17:25:07 INFO  ProfileMatch              : 
17:25:07 INFO  ProfileMatch              :                 name: Facebook
17:25:07 INFO  ProfileMatch              :             category: SocialMedia
17:25:07 INFO  ProfileMatch              :              version: 5.0.2  [OLD VERSION]
17:25:07 INFO  ProfileMatch              :         release-date: 09.06.2019
17:25:07 INFO  ProfileMatch              :     lib root package: "com.facebook.all"  (in app: "androidx.constraintlayout.core")
17:25:07 INFO  ProfileMatch              : 
17:25:07 INFO  ProfileMatch              :                 name: Facebook
17:25:07 INFO  ProfileMatch              :             category: SocialMedia
17:25:07 INFO  ProfileMatch              :              version: 5.0.3  [OLD VERSION]
17:25:07 INFO  ProfileMatch              :         release-date: 14.06.2019
17:25:07 INFO  ProfileMatch              :     lib root package: "com.facebook.all"  (in app: "androidx.constraintlayout.core")
17:25:07 INFO  ProfileMatch              : 
17:25:07 INFO  ProfileMatch              :                 name: Facebook
17:25:07 INFO  ProfileMatch              :             category: SocialMedia
17:25:07 INFO  ProfileMatch              :              version: 5.1.0  [OLD VERSION]
17:25:07 INFO  ProfileMatch              :         release-date: 21.06.2019
17:25:07 INFO  ProfileMatch              :     lib root package: "com.facebook.all"  (in app: "androidx.constraintlayout.core")
17:25:07 INFO  ProfileMatch              : 
17:25:07 INFO  ProfileMatch              :                 name: Facebook
17:25:07 INFO  ProfileMatch              :             category: SocialMedia
17:25:07 INFO  ProfileMatch              :              version: 5.1.1  [OLD VERSION]
17:25:07 INFO  ProfileMatch              :         release-date: 02.07.2019
17:25:07 INFO  ProfileMatch              :     lib root package: "com.facebook.all"  (in app: "androidx.constraintlayout.core")
17:25:07 INFO  ProfileMatch              : 
17:25:07 INFO  ProfileMatch              :                 name: Facebook
17:25:07 INFO  ProfileMatch              :             category: SocialMedia
17:25:07 INFO  ProfileMatch              :              version: 5.2.0  [OLD VERSION]
17:25:07 INFO  ProfileMatch              :         release-date: 29.07.2019
17:25:07 INFO  ProfileMatch              :     lib root package: "com.facebook.all"  (in app: "androidx.constraintlayout.core")
17:25:07 INFO  ProfileMatch              : 
17:25:07 INFO  ProfileMatch              :                 name: Facebook
17:25:07 INFO  ProfileMatch              :             category: SocialMedia
17:25:07 INFO  ProfileMatch              :              version: 5.4.0  [OLD VERSION]
17:25:07 INFO  ProfileMatch              :         release-date: 16.08.2019
17:25:07 INFO  ProfileMatch              :     lib root package: "com.facebook.all"  (in app: "androidx.constraintlayout.core")
17:25:07 INFO  ProfileMatch              : 
17:25:07 INFO  ProfileMatch              :                 name: Facebook
17:25:07 INFO  ProfileMatch              :             category: SocialMedia
17:25:07 INFO  ProfileMatch              :              version: 5.5.0  [OLD VERSION]
17:25:07 INFO  ProfileMatch              :         release-date: 31.08.2019
17:25:07 INFO  ProfileMatch              :     lib root package: "com.facebook.all"  (in app: "androidx.constraintlayout.core")
17:25:07 INFO  ProfileMatch              : 
17:25:07 INFO  ProfileMatch              :                 name: Facebook
17:25:07 INFO  ProfileMatch              :             category: SocialMedia
17:25:07 INFO  ProfileMatch              :              version: 5.5.1  [OLD VERSION]
17:25:07 INFO  ProfileMatch              :         release-date: 06.09.2019
17:25:07 INFO  ProfileMatch              :     lib root package: "com.facebook.all"  (in app: "androidx.constraintlayout.core")
17:25:07 INFO  ProfileMatch              : 
17:25:07 INFO  ProfileMatch              :                 name: Facebook
17:25:07 INFO  ProfileMatch              :             category: SocialMedia
17:25:07 INFO  ProfileMatch              :              version: 5.5.2  [OLD VERSION]
17:25:07 INFO  ProfileMatch              :         release-date: 05.10.2019
17:25:07 INFO  ProfileMatch              :     lib root package: "com.facebook.all"  (in app: "androidx.constraintlayout.core")
17:25:07 INFO  ProfileMatch              : 
17:25:07 INFO  ProfileMatch              :                 name: Facebook
17:25:07 INFO  ProfileMatch              :             category: SocialMedia
17:25:07 INFO  ProfileMatch              :              version: 5.8.0  [OLD VERSION]
17:25:07 INFO  ProfileMatch              :         release-date: 08.10.2019
17:25:07 INFO  ProfileMatch              :     lib root package: "com.facebook.all"  (in app: "androidx.constraintlayout.core")
17:25:07 INFO  ProfileMatch              : 
17:25:07 INFO  ProfileMatch              :                 name: Facebook
17:25:07 INFO  ProfileMatch              :             category: SocialMedia
17:25:07 INFO  ProfileMatch              :              version: 5.9.0  [OLD VERSION]
17:25:07 INFO  ProfileMatch              :         release-date: 29.10.2019
17:25:07 INFO  ProfileMatch              :     lib root package: "com.facebook.all"  (in app: "androidx.constraintlayout.core")
17:25:07 INFO  ProfileMatch              : 
17:25:07 INFO  ProfileMatch              :                 name: Facebook
17:25:07 INFO  ProfileMatch              :             category: SocialMedia
17:25:07 INFO  ProfileMatch              :              version: 5.11.0  [OLD VERSION]
17:25:07 INFO  ProfileMatch              :         release-date: 15.11.2019
17:25:07 INFO  ProfileMatch              :     lib root package: "com.facebook.all"  (in app: "androidx.constraintlayout.core")
17:25:07 INFO  ProfileMatch              : 
17:25:07 INFO  ProfileMatch              :                 name: Facebook
17:25:07 INFO  ProfileMatch              :             category: SocialMedia
17:25:07 INFO  ProfileMatch              :              version: 5.11.1  [OLD VERSION]
17:25:07 INFO  ProfileMatch              :         release-date: 21.11.2019
17:25:07 INFO  ProfileMatch              :     lib root package: "com.facebook.all"  (in app: "androidx.constraintlayout.core")
17:25:07 INFO  ProfileMatch              : 
17:25:07 INFO  ProfileMatch              :                 name: Facebook
17:25:07 INFO  ProfileMatch              :             category: SocialMedia
17:25:07 INFO  ProfileMatch              :              version: 5.11.2  [OLD VERSION]
17:25:07 INFO  ProfileMatch              :         release-date: 22.11.2019
17:25:07 INFO  ProfileMatch              :     lib root package: "com.facebook.all"  (in app: "androidx.constraintlayout.core")
17:25:07 INFO  ProfileMatch              : 
17:25:07 INFO  ProfileMatch              :                 name: Facebook
17:25:07 INFO  ProfileMatch              :             category: SocialMedia
17:25:07 INFO  ProfileMatch              :              version: 5.12.0  [OLD VERSION]
17:25:07 INFO  ProfileMatch              :         release-date: 04.12.2019
17:25:07 INFO  ProfileMatch              :     lib root package: "com.facebook.all"  (in app: "androidx.constraintlayout.core")
17:25:07 INFO  ProfileMatch              : 
17:25:07 INFO  ProfileMatch              :                 name: Facebook
17:25:07 INFO  ProfileMatch              :             category: SocialMedia
17:25:07 INFO  ProfileMatch              :              version: 5.12.1  [OLD VERSION]
17:25:07 INFO  ProfileMatch              :         release-date: 09.12.2019
17:25:07 INFO  ProfileMatch              :     lib root package: "com.facebook.all"  (in app: "androidx.constraintlayout.core")
17:25:07 INFO  ProfileMatch              : 
17:25:07 INFO  ProfileMatch              :                 name: Facebook
17:25:07 INFO  ProfileMatch              :             category: SocialMedia
17:25:07 INFO  ProfileMatch              :              version: 5.13.0  [OLD VERSION]
17:25:07 INFO  ProfileMatch              :         release-date: 12.12.2019
17:25:07 INFO  ProfileMatch              :     lib root package: "com.facebook.all"  (in app: "androidx.constraintlayout.core")
17:25:07 INFO  ProfileMatch              : 
17:25:07 INFO  ProfileMatch              :                 name: Facebook
17:25:07 INFO  ProfileMatch              :             category: SocialMedia
17:25:07 INFO  ProfileMatch              :              version: 5.15.0  [OLD VERSION]
17:25:07 INFO  ProfileMatch              :         release-date: 21.01.2020
17:25:07 INFO  ProfileMatch              :     lib root package: "com.facebook.all"  (in app: "androidx.constraintlayout.core")
17:25:07 INFO  ProfileMatch              : 
17:25:07 INFO  ProfileMatch              :                 name: Facebook
17:25:07 INFO  ProfileMatch              :             category: SocialMedia
17:25:07 INFO  ProfileMatch              :              version: 5.15.1  [OLD VERSION]
17:25:07 INFO  ProfileMatch              :         release-date: 29.01.2020
17:25:07 INFO  ProfileMatch              :     lib root package: "com.facebook.all"  (in app: "androidx.constraintlayout.core")
17:25:07 INFO  ProfileMatch              : 
17:25:07 INFO  ProfileMatch              :                 name: Facebook
17:25:07 INFO  ProfileMatch              :             category: SocialMedia
17:25:07 INFO  ProfileMatch              :              version: 5.15.2  [OLD VERSION]
17:25:07 INFO  ProfileMatch              :         release-date: 03.02.2020
17:25:07 INFO  ProfileMatch              :     lib root package: "com.facebook.all"  (in app: "androidx.constraintlayout.core")
17:25:07 INFO  ProfileMatch              : 
17:25:07 INFO  ProfileMatch              :                 name: Facebook
17:25:07 INFO  ProfileMatch              :             category: SocialMedia
17:25:07 INFO  ProfileMatch              :              version: 5.15.3  [OLD VERSION]
17:25:07 INFO  ProfileMatch              :         release-date: 03.02.2020
17:25:07 INFO  ProfileMatch              :     lib root package: "com.facebook.all"  (in app: "androidx.constraintlayout.core")
17:25:07 INFO  ProfileMatch              : 
17:25:07 INFO  ProfileMatch              :                 name: Facebook
17:25:07 INFO  ProfileMatch              :             category: SocialMedia
17:25:07 INFO  ProfileMatch              :              version: 6.0.0  [OLD VERSION]
17:25:07 INFO  ProfileMatch              :         release-date: 03.02.2020
17:25:07 INFO  ProfileMatch              :     lib root package: "com.facebook.all"  (in app: "androidx.constraintlayout.core")
17:25:07 INFO  ProfileMatch              : 
17:25:07 INFO  ProfileMatch              :                 name: Facebook
17:25:07 INFO  ProfileMatch              :             category: SocialMedia
17:25:07 INFO  ProfileMatch              :              version: 6.1.0  [OLD VERSION]
17:25:07 INFO  ProfileMatch              :         release-date: 14.02.2020
17:25:07 INFO  ProfileMatch              :     lib root package: "com.facebook.all"  (in app: "androidx.constraintlayout.core")
17:25:07 INFO  ProfileMatch              : 
17:25:07 INFO  ProfileMatch              :                 name: Facebook
17:25:07 INFO  ProfileMatch              :             category: SocialMedia
17:25:07 INFO  ProfileMatch              :              version: 6.2.0  [OLD VERSION]
17:25:07 INFO  ProfileMatch              :         release-date: 09.03.2020
17:25:07 INFO  ProfileMatch              :     lib root package: "com.facebook.all"  (in app: "androidx.constraintlayout.core")
17:25:07 INFO  ProfileMatch              : 
17:25:07 INFO  ProfileMatch              :                 name: Facebook
17:25:07 INFO  ProfileMatch              :             category: SocialMedia
17:25:07 INFO  ProfileMatch              :              version: 6.3.0  [OLD VERSION]
17:25:07 INFO  ProfileMatch              :         release-date: 25.03.2020
17:25:07 INFO  ProfileMatch              :     lib root package: "com.facebook.all"  (in app: "androidx.constraintlayout.core")
17:25:07 INFO  ProfileMatch              : 
17:25:07 INFO  ProfileMatch              :                 name: Facebook
17:25:07 INFO  ProfileMatch              :             category: SocialMedia
17:25:07 INFO  ProfileMatch              :              version: 6.4.0  [OLD VERSION]
17:25:07 INFO  ProfileMatch              :         release-date: 15.04.2020
17:25:07 INFO  ProfileMatch              :     lib root package: "com.facebook.all"  (in app: "androidx.constraintlayout.core")
17:25:07 INFO  ProfileMatch              : 
17:25:07 INFO  ProfileMatch              :                 name: Facebook
17:25:07 INFO  ProfileMatch              :             category: SocialMedia
17:25:07 INFO  ProfileMatch              :              version: 6.5.0  [OLD VERSION]
17:25:07 INFO  ProfileMatch              :         release-date: 20.04.2020
17:25:07 INFO  ProfileMatch              :     lib root package: "com.facebook.all"  (in app: "androidx.constraintlayout.core")
17:25:07 INFO  ProfileMatch              : 
17:25:07 INFO  ProfileMatch              :                 name: Facebook
17:25:07 INFO  ProfileMatch              :             category: SocialMedia
17:25:07 INFO  ProfileMatch              :              version: 6.5.1  [OLD VERSION]
17:25:07 INFO  ProfileMatch              :         release-date: 23.04.2020
17:25:07 INFO  ProfileMatch              :     lib root package: "com.facebook.all"  (in app: "androidx.constraintlayout.core")
17:25:07 INFO  ProfileMatch              : 
17:25:07 INFO  ProfileMatch              :                 name: Facebook
17:25:07 INFO  ProfileMatch              :             category: SocialMedia
17:25:07 INFO  ProfileMatch              :              version: 7.0.0  [OLD VERSION]
17:25:07 INFO  ProfileMatch              :         release-date: 05.05.2020
17:25:07 INFO  ProfileMatch              :     lib root package: "com.facebook.all"  (in app: "androidx.constraintlayout.core")
17:25:07 INFO  ProfileMatch              : 
17:25:07 INFO  ProfileMatch              :                 name: Facebook
17:25:07 INFO  ProfileMatch              :             category: SocialMedia
17:25:07 INFO  ProfileMatch              :              version: 7.0.1  [OLD VERSION]
17:25:07 INFO  ProfileMatch              :         release-date: 09.06.2020
17:25:07 INFO  ProfileMatch              :     lib root package: "com.facebook.all"  (in app: "androidx.constraintlayout.core")
17:25:07 INFO  ProfileMatch              : 
17:25:07 INFO  ProfileMatch              :                 name: Facebook
17:25:07 INFO  ProfileMatch              :             category: SocialMedia
17:25:07 INFO  ProfileMatch              :              version: 7.1.0  [OLD VERSION]
17:25:07 INFO  ProfileMatch              :         release-date: 23.06.2020
17:25:07 INFO  ProfileMatch              :     lib root package: "com.facebook.all"  (in app: "androidx.constraintlayout.core")
17:25:07 INFO  ProfileMatch              : 
17:25:07 INFO  ProfileMatch              :                 name: Facebook
17:25:07 INFO  ProfileMatch              :             category: SocialMedia
17:25:07 INFO  ProfileMatch              :              version: 8.0.0  [OLD VERSION]
17:25:07 INFO  ProfileMatch              :         release-date: 28.09.2020
17:25:07 INFO  ProfileMatch              :     lib root package: "com.facebook.all"  (in app: "androidx.constraintlayout.core")
17:25:07 INFO  ProfileMatch              : 
17:25:07 INFO  ProfileMatch              :                 name: Facebook
17:25:07 INFO  ProfileMatch              :             category: SocialMedia
17:25:07 INFO  ProfileMatch              :              version: 8.1.0  [OLD VERSION]
17:25:07 INFO  ProfileMatch              :         release-date: 14.10.2020
17:25:07 INFO  ProfileMatch              :     lib root package: "com.facebook.all"  (in app: "androidx.constraintlayout.core")
17:25:07 INFO  ProfileMatch              : 
17:25:07 INFO  ProfileMatch              :                 name: Facebook
17:25:07 INFO  ProfileMatch              :             category: SocialMedia
17:25:07 INFO  ProfileMatch              :              version: 8.2.0  [OLD VERSION]
17:25:07 INFO  ProfileMatch              :         release-date: 18.12.2020
17:25:07 INFO  ProfileMatch              :     lib root package: "com.facebook.all"  (in app: "androidx.constraintlayout.core")
17:25:07 INFO  ProfileMatch              : 
17:25:07 INFO  ProfileMatch              :                 name: Facebook
17:25:07 INFO  ProfileMatch              :             category: SocialMedia
17:25:07 INFO  ProfileMatch              :              version: 9.0.0  [OLD VERSION]
17:25:07 INFO  ProfileMatch              :         release-date: 19.01.2021
17:25:07 INFO  ProfileMatch              :     lib root package: "com.facebook.all"  (in app: "androidx.constraintlayout.core")
17:25:07 INFO  ProfileMatch              : 
17:25:07 INFO  ProfileMatch              :                 name: Facebook
17:25:07 INFO  ProfileMatch              :             category: SocialMedia
17:25:07 INFO  ProfileMatch              :              version: 9.1.0  [OLD VERSION]
17:25:07 INFO  ProfileMatch              :         release-date: 15.03.2021
17:25:07 INFO  ProfileMatch              :     lib root package: "com.facebook.all"  (in app: "androidx.constraintlayout.core")
17:25:07 INFO  ProfileMatch              : 
17:25:07 INFO  ProfileMatch              :                 name: Facebook
17:25:07 INFO  ProfileMatch              :             category: SocialMedia
17:25:07 INFO  ProfileMatch              :              version: 9.1.1  [OLD VERSION]
17:25:07 INFO  ProfileMatch              :         release-date: 12.04.2021
17:25:07 INFO  ProfileMatch              :     lib root package: "com.facebook.all"  (in app: "androidx.constraintlayout.core")
17:25:07 INFO  ProfileMatch              : 
17:25:07 INFO  ProfileMatch              :                 name: Facebook
17:25:07 INFO  ProfileMatch              :             category: SocialMedia
17:25:07 INFO  ProfileMatch              :              version: 11.0.0  [OLD VERSION]
17:25:07 INFO  ProfileMatch              :         release-date: 08.06.2021
17:25:07 INFO  ProfileMatch              :     lib root package: "com.facebook.all"  (in app: "androidx.constraintlayout.core")
17:25:07 INFO  ProfileMatch              : 
17:25:07 INFO  ProfileMatch              :                 name: Facebook
17:25:07 INFO  ProfileMatch              :             category: SocialMedia
17:25:07 INFO  ProfileMatch              :              version: 11.1.0  [OLD VERSION]
17:25:07 INFO  ProfileMatch              :         release-date: 06.07.2021
17:25:07 INFO  ProfileMatch              :     lib root package: "com.facebook.all"  (in app: "androidx.constraintlayout.core")
17:25:07 INFO  ProfileMatch              : 
17:25:07 INFO  ProfileMatch              :                 name: Facebook
17:25:07 INFO  ProfileMatch              :             category: SocialMedia
17:25:07 INFO  ProfileMatch              :              version: 11.1.1  [OLD VERSION]
17:25:07 INFO  ProfileMatch              :         release-date: 19.07.2021
17:25:07 INFO  ProfileMatch              :     lib root package: "com.facebook.all"  (in app: "androidx.constraintlayout.core")
17:25:07 INFO  ProfileMatch              : 
17:25:07 INFO  ProfileMatch              :                 name: Facebook
17:25:07 INFO  ProfileMatch              :             category: SocialMedia
17:25:07 INFO  ProfileMatch              :              version: 11.2.0  [OLD VERSION]
17:25:07 INFO  ProfileMatch              :         release-date: 03.08.2021
17:25:07 INFO  ProfileMatch              :     lib root package: "com.facebook.all"  (in app: "androidx.constraintlayout.core")
17:25:07 INFO  ProfileMatch              : 
17:25:07 INFO  ProfileMatch              :                 name: Facebook
17:25:07 INFO  ProfileMatch              :             category: SocialMedia
17:25:07 INFO  ProfileMatch              :              version: 11.3.0  [OLD VERSION]
17:25:07 INFO  ProfileMatch              :         release-date: 07.09.2021
17:25:07 INFO  ProfileMatch              :     lib root package: "com.facebook.all"  (in app: "androidx.constraintlayout.core")
17:25:07 INFO  ProfileMatch              : 
17:25:07 INFO  ProfileMatch              :                 name: Facebook
17:25:07 INFO  ProfileMatch              :             category: SocialMedia
17:25:07 INFO  ProfileMatch              :              version: 12.0.0  [OLD VERSION]
17:25:07 INFO  ProfileMatch              :         release-date: 05.10.2021
17:25:07 INFO  ProfileMatch              :     lib root package: "com.facebook.all"  (in app: "androidx.constraintlayout.core")
17:25:07 INFO  ProfileMatch              : 
17:25:07 INFO  ProfileMatch              :                 name: Facebook
17:25:07 INFO  ProfileMatch              :             category: SocialMedia
17:25:07 INFO  ProfileMatch              :              version: 12.0.1  [OLD VERSION]
17:25:07 INFO  ProfileMatch              :         release-date: 13.10.2021
17:25:07 INFO  ProfileMatch              :     lib root package: "com.facebook.all"  (in app: "androidx.constraintlayout.core")
17:25:07 INFO  ProfileMatch              : 
17:25:07 INFO  ProfileMatch              :                 name: Facebook
17:25:07 INFO  ProfileMatch              :             category: SocialMedia
17:25:07 INFO  ProfileMatch              :              version: 12.1.0  [OLD VERSION]
17:25:07 INFO  ProfileMatch              :         release-date: 01.11.2021
17:25:07 INFO  ProfileMatch              :     lib root package: "com.facebook.all"  (in app: "androidx.constraintlayout.core")
17:25:07 INFO  ProfileMatch              : 
17:25:07 INFO  ProfileMatch              :                 name: Facebook
17:25:07 INFO  ProfileMatch              :             category: SocialMedia
17:25:07 INFO  ProfileMatch              :              version: 12.2.0  [OLD VERSION]
17:25:07 INFO  ProfileMatch              :         release-date: 06.12.2021
17:25:07 INFO  ProfileMatch              :     lib root package: "com.facebook.all"  (in app: "androidx.constraintlayout.core")
17:25:07 INFO  ProfileMatch              : 
17:25:07 INFO  ProfileMatch              :                 name: Facebook
17:25:07 INFO  ProfileMatch              :             category: SocialMedia
17:25:07 INFO  ProfileMatch              :              version: 12.3.0  [OLD VERSION]
17:25:07 INFO  ProfileMatch              :         release-date: 10.01.2022
17:25:07 INFO  ProfileMatch              :     lib root package: "com.facebook.all"  (in app: "androidx.constraintlayout.core")
17:25:07 INFO  ProfileMatch              : 
17:25:07 INFO  ProfileMatch              :                 name: Facebook
17:25:07 INFO  ProfileMatch              :             category: SocialMedia
17:25:07 INFO  ProfileMatch              :              version: 13.0.0  [OLD VERSION]
17:25:07 INFO  ProfileMatch              :         release-date: 23.02.2022
17:25:07 INFO  ProfileMatch              :     lib root package: "com.facebook.all"  (in app: "androidx.constraintlayout.core")
17:25:07 INFO  ProfileMatch              : 
17:25:07 INFO  ProfileMatch              :                 name: Facebook
17:25:07 INFO  ProfileMatch              :             category: SocialMedia
17:25:07 INFO  ProfileMatch              :              version: 13.1.0  [OLD VERSION]
17:25:07 INFO  ProfileMatch              :         release-date: 21.03.2022
17:25:07 INFO  ProfileMatch              :     lib root package: "com.facebook.all"  (in app: "androidx.constraintlayout.core")
17:25:07 INFO  ProfileMatch              : 
17:25:07 INFO  ProfileMatch              :                 name: Facebook
17:25:07 INFO  ProfileMatch              :             category: SocialMedia
17:25:07 INFO  ProfileMatch              :              version: 13.2.0  [OLD VERSION]
17:25:07 INFO  ProfileMatch              :         release-date: 22.04.2022
17:25:07 INFO  ProfileMatch              :     lib root package: "com.facebook.all"  (in app: "androidx.constraintlayout.core")
17:25:07 INFO  ProfileMatch              : 
17:25:07 INFO  ProfileMatch              :                 name: Facebook
17:25:07 INFO  ProfileMatch              :             category: SocialMedia
17:25:07 INFO  ProfileMatch              :              version: 14.0.0
17:25:07 INFO  ProfileMatch              :         release-date: 14.06.2022
17:25:07 INFO  ProfileMatch              :     lib root package: "com.facebook.all"  (in app: "androidx.constraintlayout.core")
17:25:07 INFO  ProfileMatch              : 
17:25:07 INFO  LibraryIdentifier         : 
17:25:07 INFO  LibraryIdentifier         : - Partial library matches:
17:25:07 INFO  LibraryIdentifier         :                 name: androidx.customview::customview
17:25:07 INFO  LibraryIdentifier         :             category: Android
17:25:07 INFO  LibraryIdentifier         :              version: 1.0.0  [OLD VERSION]
17:25:07 INFO  LibraryIdentifier         :         release-date:  --
17:25:07 INFO  LibraryIdentifier         :     lib root package: "androidx.customview"
17:25:07 INFO  LibraryIdentifier         :         Partial matching results:
17:25:07 INFO  LibraryIdentifier         :              - config: Hashing.md5() | Flags: no-flag | Keep: PN | Prune: MSIG   score: 0.7083334
17:25:07 INFO  LibraryIdentifier         : 
17:25:07 INFO  LibraryIdentifier         : 
17:25:07 INFO  LibraryIdentifier         : App processing time: 43 sec, 915 ms
