17:07:38 INFO  LibraryIdentifier         : Process app: net.nitratine.priceperunit_18.apk
17:07:38 INFO  LibraryIdentifier         : = Manifest Parser =
17:07:38 INFO  LibraryIdentifier         :         Package name: net.nitratine.priceperunit
17:07:38 INFO  LibraryIdentifier         :         Version code: 18
17:07:38 INFO  LibraryIdentifier         :        minSdkVersion: 19
17:07:38 INFO  LibraryIdentifier         :     targetSdkVersion: 30
17:07:38 INFO  LibraryIdentifier         :         SharedUserId:  - none -
17:07:38 INFO  LibraryIdentifier         :     Library dependencies:  - none -
17:07:38 INFO  LibraryIdentifier         : 
17:07:38 INFO  LibraryIdentifier         : Found 402 unique libraries in 12405 library profiles
17:07:38 INFO  LibraryIdentifier         : Generated class hierarchy (in 620 ms)
17:07:39 INFO  WalaUtils                 : 
17:07:39 INFO  WalaUtils                 : = ClassHierarchy Stats =
17:07:39 INFO  WalaUtils                 :     # of classes: 788
17:07:39 INFO  WalaUtils                 :     # thereof inner classes: 408
17:07:39 INFO  WalaUtils                 :     # thereof public classes: 393
17:07:39 INFO  WalaUtils                 :         Activity : 6
17:07:39 INFO  WalaUtils                 :         Application : 0
17:07:39 INFO  WalaUtils                 :         AsyncTask : 0
17:07:39 INFO  WalaUtils                 :         BroadcastReceiver : 1
17:07:39 INFO  WalaUtils                 :         ContentProvider : 0
17:07:39 INFO  WalaUtils                 :         Fragment : 1
17:07:39 INFO  WalaUtils                 :         Handler : 1
17:07:39 INFO  WalaUtils                 :         LayoutContainer : 28
17:07:39 INFO  WalaUtils                 :         Plain : 728
17:07:39 INFO  WalaUtils                 :         Runnable : 0
17:07:39 INFO  WalaUtils                 :         Service : 0
17:07:39 INFO  WalaUtils                 :         Thread : 0
17:07:39 INFO  WalaUtils                 :         View : 23
17:07:39 INFO  WalaUtils                 :     # methods: 6296
17:07:39 INFO  WalaUtils                 :         # of publicly accessible methods: 4232
17:07:39 INFO  WalaUtils                 :         # of non-accessible methods: 2064
17:07:39 INFO  WalaUtils                 : 
17:07:39 INFO  Profile                   : = PackageTree =
17:07:39 INFO  PackageTree               : Root Package: a
17:07:39 INFO  PackageTree               : └── Root
17:07:39 INFO  PackageTree               :     ├── androidx
17:07:39 INFO  PackageTree               :     │   ├── appcompat
17:07:39 INFO  PackageTree               :     │   │   ├── widget (162)
17:07:39 INFO  PackageTree               :     │   │   ├── app (61)
17:07:39 INFO  PackageTree               :     │   │   └── view
17:07:39 INFO  PackageTree               :     │   │       └── menu (43)
17:07:39 INFO  PackageTree               :     │   ├── fragment
17:07:39 INFO  PackageTree               :     │   │   └── app (58)
17:07:39 INFO  PackageTree               :     │   ├── core
17:07:39 INFO  PackageTree               :     │   │   ├── app (17)
17:07:39 INFO  PackageTree               :     │   │   ├── widget (20)
17:07:39 INFO  PackageTree               :     │   │   └── graphics
17:07:39 INFO  PackageTree               :     │   │       └── drawable (8)
17:07:39 INFO  PackageTree               :     │   ├── activity (12)
17:07:39 INFO  PackageTree               :     │   ├── lifecycle (35)
17:07:39 INFO  PackageTree               :     │   ├── versionedparcelable (6)
17:07:39 INFO  PackageTree               :     │   ├── constraintlayout
17:07:39 INFO  PackageTree               :     │   │   └── widget (25)
17:07:39 INFO  PackageTree               :     │   ├── annotation (1)
17:07:39 INFO  PackageTree               :     │   └── savedstate (7)
17:07:39 INFO  PackageTree               :     ├── com
17:07:39 INFO  PackageTree               :     │   └── balysv
17:07:39 INFO  PackageTree               :     │       └── materialripple (9)
17:07:39 INFO  PackageTree               :     ├── a
17:07:39 INFO  PackageTree               :     │   ├── e (3)
17:07:39 INFO  PackageTree               :     │   │   ├── e (16)
17:07:39 INFO  PackageTree               :     │   │   ├── i (4)
17:07:39 INFO  PackageTree               :     │   │   ├── j (53)
17:07:39 INFO  PackageTree               :     │   │   │   └── a0 (14)
17:07:39 INFO  PackageTree               :     │   │   ├── g (15)
17:07:39 INFO  PackageTree               :     │   │   ├── d (2)
17:07:39 INFO  PackageTree               :     │   │   │   └── c (18)
17:07:39 INFO  PackageTree               :     │   │   ├── h (3)
17:07:39 INFO  PackageTree               :     │   │   └── f
17:07:39 INFO  PackageTree               :     │   │       └── a (3)
17:07:39 INFO  PackageTree               :     │   ├── j
17:07:39 INFO  PackageTree               :     │   │   └── a
17:07:39 INFO  PackageTree               :     │   │       └── a (20)
17:07:39 INFO  PackageTree               :     │   ├── a (10)
17:07:39 INFO  PackageTree               :     │   │   ├── n (14)
17:07:39 INFO  PackageTree               :     │   │   ├── l
17:07:39 INFO  PackageTree               :     │   │   │   └── a (14)
17:07:39 INFO  PackageTree               :     │   │   ├── k
17:07:39 INFO  PackageTree               :     │   │   │   └── a (2)
17:07:39 INFO  PackageTree               :     │   │   └── m (2)
17:07:39 INFO  PackageTree               :     │   ├── d
17:07:39 INFO  PackageTree               :     │   │   ├── b (16)
17:07:39 INFO  PackageTree               :     │   │   │   └── k (14)
17:07:39 INFO  PackageTree               :     │   │   │       └── m (21)
17:07:39 INFO  PackageTree               :     │   │   └── a
17:07:39 INFO  PackageTree               :     │   │       ├── a (1)
17:07:39 INFO  PackageTree               :     │   │       └── b (1)
17:07:39 INFO  PackageTree               :     │   ├── c (15)
17:07:39 INFO  PackageTree               :     │   ├── i
17:07:39 INFO  PackageTree               :     │   │   ├── a (6)
17:07:39 INFO  PackageTree               :     │   │   └── b (1)
17:07:39 INFO  PackageTree               :     │   ├── b
17:07:39 INFO  PackageTree               :     │   │   └── a
17:07:39 INFO  PackageTree               :     │   │       ├── b (8)
17:07:39 INFO  PackageTree               :     │   │       └── a (4)
17:07:39 INFO  PackageTree               :     │   ├── h
17:07:39 INFO  PackageTree               :     │   │   └── a
17:07:39 INFO  PackageTree               :     │   │       └── a (4)
17:07:39 INFO  PackageTree               :     │   ├── f
17:07:39 INFO  PackageTree               :     │   │   └── a (6)
17:07:39 INFO  PackageTree               :     │   └── g
17:07:39 INFO  PackageTree               :     │       └── a (3)
17:07:39 INFO  PackageTree               :     ├── net
17:07:39 INFO  PackageTree               :     │   └── nitratine
17:07:39 INFO  PackageTree               :     │       └── priceperunit (29)
17:07:39 INFO  PackageTree               :     └── android
17:07:39 INFO  PackageTree               :         └── support
17:07:39 INFO  PackageTree               :             └── v4
17:07:39 INFO  PackageTree               :                 ├── graphics
17:07:39 INFO  PackageTree               :                 │   └── drawable (1)
17:07:39 INFO  PackageTree               :                 └── app (1)
17:07:39 INFO  Profile                   : 
17:07:39 INFO  AppProfile                : - generated app package tree (in 33 ms)
17:07:39 INFO  AppProfile                : 
17:07:39 DEBUG HashTree                  : Generate hash tree..
17:07:39 DEBUG HashTree                  :     - generated 45 package hashes.
17:07:39 DEBUG HashTree                  :     - generated 765 clazz hashes.
17:07:39 DEBUG HashTree                  :     - generated 6296 method hashes.
17:07:39 DEBUG HashTree                  :     => Library Hash: f3efcd5621c0e9ab82f05aca97edfc07
17:07:39 INFO  AppProfile                : - generated app hash trees (in 161 ms)
17:07:39 INFO  AppProfile                : 
17:07:39 INFO  LibraryIdentifier         : = Scan for library root packages (heuristic) =
17:07:39 INFO  LibraryIdentifier         :     - Found lib root package androidx.annotation  (androidx.annotation::annotation)
17:07:39 INFO  LibraryIdentifier         :     - Found lib root package androidx.appcompat  (androidx.appcompat::appcompat)
17:07:39 INFO  LibraryIdentifier         :     - Found lib root package androidx.constraintlayout.widget  (androidx.constraintlayout::constraintlayout)
17:07:39 INFO  LibraryIdentifier         :     - Found lib root package androidx.core  (androidx.core::core)
17:07:39 INFO  LibraryIdentifier         :     - Found lib root package androidx  (androidx.core::core-ktx)
17:07:39 INFO  LibraryIdentifier         :     - Found lib root package androidx.fragment.app  (androidx.fragment::fragment)
17:07:39 INFO  LibraryIdentifier         :     - Found lib root package androidx.fragment.app  (androidx.fragment::fragment-ktx)
17:07:39 INFO  LibraryIdentifier         :     - Found lib root package androidx.lifecycle  (androidx.lifecycle::lifecycle-common)
17:07:39 INFO  LibraryIdentifier         :     - Found lib root package androidx.lifecycle  (androidx.lifecycle::lifecycle-common-java8)
17:07:39 INFO  LibraryIdentifier         :     - Found lib root package androidx.lifecycle  (androidx.lifecycle::lifecycle-compiler)
17:07:39 INFO  LibraryIdentifier         :     - Found lib root package androidx.lifecycle  (androidx.lifecycle::lifecycle-extensions)
17:07:39 INFO  LibraryIdentifier         :     - Found lib root package androidx.lifecycle  (androidx.lifecycle::lifecycle-livedata)
17:07:39 INFO  LibraryIdentifier         :     - Found lib root package androidx.lifecycle  (androidx.lifecycle::lifecycle-livedata-core)
17:07:39 INFO  LibraryIdentifier         :     - Found lib root package androidx.lifecycle  (androidx.lifecycle::lifecycle-process)
17:07:39 INFO  LibraryIdentifier         :     - Found lib root package androidx.lifecycle  (androidx.lifecycle::lifecycle-reactivestreams)
17:07:39 INFO  LibraryIdentifier         :     - Found lib root package androidx.lifecycle  (androidx.lifecycle::lifecycle-reactivestreams-ktx)
17:07:39 INFO  LibraryIdentifier         :     - Found lib root package androidx.lifecycle  (androidx.lifecycle::lifecycle-runtime)
17:07:39 INFO  LibraryIdentifier         :     - Found lib root package androidx.lifecycle  (androidx.lifecycle::lifecycle-service)
17:07:39 INFO  LibraryIdentifier         :     - Found lib root package androidx.lifecycle  (androidx.lifecycle::lifecycle-viewmodel)
17:07:39 INFO  LibraryIdentifier         :     - Found lib root package androidx.lifecycle  (androidx.lifecycle::lifecycle-viewmodel-ktx)
17:07:39 INFO  LibraryIdentifier         :     - Found lib root package androidx.versionedparcelable  (androidx.versionedparcelable::versionedparcelable)
17:07:39 INFO  LibraryIdentifier         :     - Found lib root package android.support.v4  (com.android.support::customview)
17:07:39 INFO  LibraryIdentifier         :     - Found lib root package android.support.v4  (com.android.support::loader)
17:07:39 INFO  LibraryIdentifier         :     - Found lib root package android.support.v4  (com.android.support::support-compat)
17:07:39 INFO  LibraryIdentifier         :     - Found lib root package android.support.v4  (com.android.support::support-core-ui)
17:07:39 INFO  LibraryIdentifier         :     - Found lib root package android.support.v4  (com.android.support::support-core-utils)
17:07:39 INFO  LibraryIdentifier         :     - Found lib root package android.support.v4.app  (com.android.support::support-fragment)
17:07:39 INFO  LibraryIdentifier         :     - Found lib root package android.support.v4  (com.android.support::support-v4)
17:07:39 INFO  LibraryIdentifier         :     - Found lib root package androidx.versionedparcelable  (com.android.support::versionedparcelable)
17:07:39 INFO  LibraryIdentifier         : 
17:07:39 INFO  LibraryIdentifier         : = Match profiles =
17:07:51 INFO  LibraryIdentifier         :     >> profile matching done (11 sec, 624 ms)
17:07:51 INFO  LibraryIdentifier         : 
17:07:51 INFO  LibraryIdentifier         : == Report ==
17:07:51 INFO  LibraryIdentifier         : - Full library matches:
17:07:51 INFO  ProfileMatch              :                 name: com.google.firebase::firebase-ml-vision-image-label-model
17:07:51 INFO  ProfileMatch              :             category: Android
17:07:51 INFO  ProfileMatch              :              version: 20.0.0  [OLD VERSION]
17:07:51 INFO  ProfileMatch              :         release-date:  --
17:07:51 INFO  ProfileMatch              :     lib root package: "com.google.firebase.ml.vision.imagelabel"  (in app: "a")
17:07:51 INFO  ProfileMatch              : 
17:07:51 INFO  ProfileMatch              :                 name: com.google.firebase::firebase-ml-vision-image-label-model
17:07:51 INFO  ProfileMatch              :             category: Android
17:07:51 INFO  ProfileMatch              :              version: 20.0.1  [OLD VERSION]
17:07:51 INFO  ProfileMatch              :         release-date:  --
17:07:51 INFO  ProfileMatch              :     lib root package: "com.google.firebase.ml.vision.imagelabel"  (in app: "a")
17:07:51 INFO  ProfileMatch              : 
17:07:51 INFO  ProfileMatch              :                 name: com.google.firebase::firebase-ml-vision-image-label-model
17:07:51 INFO  ProfileMatch              :             category: Android
17:07:51 INFO  ProfileMatch              :              version: 20.0.2
17:07:51 INFO  ProfileMatch              :         release-date:  --
17:07:51 INFO  ProfileMatch              :     lib root package: "com.google.firebase.ml.vision.imagelabel"  (in app: "a")
17:07:51 INFO  ProfileMatch              : 
17:07:51 INFO  ProfileMatch              :                 name: com.android.support::interpolator
17:07:51 INFO  ProfileMatch              :             category: Android
17:07:51 INFO  ProfileMatch              :              version: 28.0.0
17:07:51 INFO  ProfileMatch              :         release-date:  --
17:07:51 INFO  ProfileMatch              :     lib root package: "android.support.v4.view.animation"  (in app: "a.h.a.a")
17:07:51 INFO  ProfileMatch              : 
17:07:51 INFO  ProfileMatch              :                 name: androidx.interpolator::interpolator
17:07:51 INFO  ProfileMatch              :             category: Android
17:07:51 INFO  ProfileMatch              :              version: 1.0.0
17:07:51 INFO  ProfileMatch              :         release-date:  --
17:07:51 INFO  ProfileMatch              :     lib root package: "androidx.interpolator.view.animation"  (in app: "a.h.a.a")
17:07:51 INFO  ProfileMatch              : 
17:07:51 INFO  ProfileMatch              :                 name: Facebook
17:07:51 INFO  ProfileMatch              :             category: SocialMedia
17:07:51 INFO  ProfileMatch              :              version: 4.27.0  [OLD VERSION]
17:07:51 INFO  ProfileMatch              :         release-date: 26.09.2017
17:07:51 INFO  ProfileMatch              :     lib root package: "com.facebook.all"  (in app: "a")
17:07:51 INFO  ProfileMatch              : 
17:07:51 INFO  ProfileMatch              :                 name: Facebook
17:07:51 INFO  ProfileMatch              :             category: SocialMedia
17:07:51 INFO  ProfileMatch              :              version: 4.28.0  [OLD VERSION]
17:07:51 INFO  ProfileMatch              :         release-date: 07.11.2017
17:07:51 INFO  ProfileMatch              :     lib root package: "com.facebook.all"  (in app: "a")
17:07:51 INFO  ProfileMatch              : 
17:07:51 INFO  ProfileMatch              :                 name: Facebook
17:07:51 INFO  ProfileMatch              :             category: SocialMedia
17:07:51 INFO  ProfileMatch              :              version: 4.29.0  [OLD VERSION]
17:07:51 INFO  ProfileMatch              :         release-date: 05.12.2017
17:07:51 INFO  ProfileMatch              :     lib root package: "com.facebook.all"  (in app: "a")
17:07:51 INFO  ProfileMatch              : 
17:07:51 INFO  ProfileMatch              :                 name: Facebook
17:07:51 INFO  ProfileMatch              :             category: SocialMedia
17:07:51 INFO  ProfileMatch              :              version: 4.30.0  [OLD VERSION]
17:07:51 INFO  ProfileMatch              :         release-date: 24.01.2018
17:07:51 INFO  ProfileMatch              :     lib root package: "com.facebook.all"  (in app: "a")
17:07:51 INFO  ProfileMatch              : 
17:07:51 INFO  ProfileMatch              :                 name: Facebook
17:07:51 INFO  ProfileMatch              :             category: SocialMedia
17:07:51 INFO  ProfileMatch              :              version: 4.31.0  [OLD VERSION]
17:07:51 INFO  ProfileMatch              :         release-date: 28.02.2018
17:07:51 INFO  ProfileMatch              :     lib root package: "com.facebook.all"  (in app: "a")
17:07:51 INFO  ProfileMatch              : 
17:07:51 INFO  ProfileMatch              :                 name: Facebook
17:07:51 INFO  ProfileMatch              :             category: SocialMedia
17:07:51 INFO  ProfileMatch              :              version: 4.32.0  [OLD VERSION]
17:07:51 INFO  ProfileMatch              :         release-date: 11.04.2018
17:07:51 INFO  ProfileMatch              :     lib root package: "com.facebook.all"  (in app: "a")
17:07:51 INFO  ProfileMatch              : 
17:07:51 INFO  ProfileMatch              :                 name: Facebook
17:07:51 INFO  ProfileMatch              :             category: SocialMedia
17:07:51 INFO  ProfileMatch              :              version: 4.33.0  [OLD VERSION]
17:07:51 INFO  ProfileMatch              :         release-date: 01.05.2018
17:07:51 INFO  ProfileMatch              :     lib root package: "com.facebook.all"  (in app: "a")
17:07:51 INFO  ProfileMatch              : 
17:07:51 INFO  ProfileMatch              :                 name: Facebook
17:07:51 INFO  ProfileMatch              :             category: SocialMedia
17:07:51 INFO  ProfileMatch              :              version: 4.34.0  [OLD VERSION]
17:07:51 INFO  ProfileMatch              :         release-date: 19.06.2018
17:07:51 INFO  ProfileMatch              :     lib root package: "com.facebook.all"  (in app: "a")
17:07:51 INFO  ProfileMatch              : 
17:07:51 INFO  ProfileMatch              :                 name: Facebook
17:07:51 INFO  ProfileMatch              :             category: SocialMedia
17:07:51 INFO  ProfileMatch              :              version: 4.35.0  [OLD VERSION]
17:07:51 INFO  ProfileMatch              :         release-date: 26.07.2018
17:07:51 INFO  ProfileMatch              :     lib root package: "com.facebook.all"  (in app: "a")
17:07:51 INFO  ProfileMatch              : 
17:07:51 INFO  ProfileMatch              :                 name: Facebook
17:07:51 INFO  ProfileMatch              :             category: SocialMedia
17:07:51 INFO  ProfileMatch              :              version: 4.36.0  [OLD VERSION]
17:07:51 INFO  ProfileMatch              :         release-date: 29.08.2018
17:07:51 INFO  ProfileMatch              :     lib root package: "com.facebook.all"  (in app: "a")
17:07:51 INFO  ProfileMatch              : 
17:07:51 INFO  ProfileMatch              :                 name: Facebook
17:07:51 INFO  ProfileMatch              :             category: SocialMedia
17:07:51 INFO  ProfileMatch              :              version: 4.36.1  [OLD VERSION]
17:07:51 INFO  ProfileMatch              :         release-date: 15.09.2018
17:07:51 INFO  ProfileMatch              :     lib root package: "com.facebook.all"  (in app: "a")
17:07:51 INFO  ProfileMatch              : 
17:07:51 INFO  ProfileMatch              :                 name: Facebook
17:07:51 INFO  ProfileMatch              :             category: SocialMedia
17:07:51 INFO  ProfileMatch              :              version: 4.37.0  [OLD VERSION]
17:07:51 INFO  ProfileMatch              :         release-date: 27.09.2018
17:07:51 INFO  ProfileMatch              :     lib root package: "com.facebook.all"  (in app: "a")
17:07:51 INFO  ProfileMatch              : 
17:07:51 INFO  ProfileMatch              :                 name: Facebook
17:07:51 INFO  ProfileMatch              :             category: SocialMedia
17:07:51 INFO  ProfileMatch              :              version: 4.38.0  [OLD VERSION]
17:07:51 INFO  ProfileMatch              :         release-date: 23.10.2018
17:07:51 INFO  ProfileMatch              :     lib root package: "com.facebook.all"  (in app: "a")
17:07:51 INFO  ProfileMatch              : 
17:07:51 INFO  ProfileMatch              :                 name: Facebook
17:07:51 INFO  ProfileMatch              :             category: SocialMedia
17:07:51 INFO  ProfileMatch              :              version: 4.38.1  [OLD VERSION]
17:07:51 INFO  ProfileMatch              :         release-date: 31.10.2018
17:07:51 INFO  ProfileMatch              :     lib root package: "com.facebook.all"  (in app: "a")
17:07:51 INFO  ProfileMatch              : 
17:07:51 INFO  ProfileMatch              :                 name: Facebook
17:07:51 INFO  ProfileMatch              :             category: SocialMedia
17:07:51 INFO  ProfileMatch              :              version: 4.39.0  [OLD VERSION]
17:07:51 INFO  ProfileMatch              :         release-date: 05.12.2018
17:07:51 INFO  ProfileMatch              :     lib root package: "com.facebook.all"  (in app: "a")
17:07:51 INFO  ProfileMatch              : 
17:07:51 INFO  ProfileMatch              :                 name: Facebook
17:07:51 INFO  ProfileMatch              :             category: SocialMedia
17:07:51 INFO  ProfileMatch              :              version: 4.40.0  [OLD VERSION]
17:07:51 INFO  ProfileMatch              :         release-date: 22.01.2019
17:07:51 INFO  ProfileMatch              :     lib root package: "com.facebook.all"  (in app: "a")
17:07:51 INFO  ProfileMatch              : 
17:07:51 INFO  ProfileMatch              :                 name: Facebook
17:07:51 INFO  ProfileMatch              :             category: SocialMedia
17:07:51 INFO  ProfileMatch              :              version: 4.41.0  [OLD VERSION]
17:07:51 INFO  ProfileMatch              :         release-date: 08.03.2019
17:07:51 INFO  ProfileMatch              :     lib root package: "com.facebook.all"  (in app: "a")
17:07:51 INFO  ProfileMatch              : 
17:07:51 INFO  ProfileMatch              :                 name: Facebook
17:07:51 INFO  ProfileMatch              :             category: SocialMedia
17:07:51 INFO  ProfileMatch              :              version: 4.42.0  [OLD VERSION]
17:07:51 INFO  ProfileMatch              :         release-date: 08.04.2019
17:07:51 INFO  ProfileMatch              :     lib root package: "com.facebook.all"  (in app: "a")
17:07:51 INFO  ProfileMatch              : 
17:07:51 INFO  ProfileMatch              :                 name: Facebook
17:07:51 INFO  ProfileMatch              :             category: SocialMedia
17:07:51 INFO  ProfileMatch              :              version: 5.0.0  [OLD VERSION]
17:07:51 INFO  ProfileMatch              :         release-date: 30.04.2019
17:07:51 INFO  ProfileMatch              :     lib root package: "com.facebook.all"  (in app: "a")
17:07:51 INFO  ProfileMatch              : 
17:07:51 INFO  ProfileMatch              :                 name: Facebook
17:07:51 INFO  ProfileMatch              :             category: SocialMedia
17:07:51 INFO  ProfileMatch              :              version: 5.0.1  [OLD VERSION]
17:07:51 INFO  ProfileMatch              :         release-date: 17.05.2019
17:07:51 INFO  ProfileMatch              :     lib root package: "com.facebook.all"  (in app: "a")
17:07:51 INFO  ProfileMatch              : 
17:07:51 INFO  ProfileMatch              :                 name: Facebook
17:07:51 INFO  ProfileMatch              :             category: SocialMedia
17:07:51 INFO  ProfileMatch              :              version: 5.0.2  [OLD VERSION]
17:07:51 INFO  ProfileMatch              :         release-date: 09.06.2019
17:07:51 INFO  ProfileMatch              :     lib root package: "com.facebook.all"  (in app: "a")
17:07:51 INFO  ProfileMatch              : 
17:07:51 INFO  ProfileMatch              :                 name: Facebook
17:07:51 INFO  ProfileMatch              :             category: SocialMedia
17:07:51 INFO  ProfileMatch              :              version: 5.0.3  [OLD VERSION]
17:07:51 INFO  ProfileMatch              :         release-date: 14.06.2019
17:07:51 INFO  ProfileMatch              :     lib root package: "com.facebook.all"  (in app: "a")
17:07:51 INFO  ProfileMatch              : 
17:07:51 INFO  ProfileMatch              :                 name: Facebook
17:07:51 INFO  ProfileMatch              :             category: SocialMedia
17:07:51 INFO  ProfileMatch              :              version: 5.1.0  [OLD VERSION]
17:07:51 INFO  ProfileMatch              :         release-date: 21.06.2019
17:07:51 INFO  ProfileMatch              :     lib root package: "com.facebook.all"  (in app: "a")
17:07:51 INFO  ProfileMatch              : 
17:07:51 INFO  ProfileMatch              :                 name: Facebook
17:07:51 INFO  ProfileMatch              :             category: SocialMedia
17:07:51 INFO  ProfileMatch              :              version: 5.1.1  [OLD VERSION]
17:07:51 INFO  ProfileMatch              :         release-date: 02.07.2019
17:07:51 INFO  ProfileMatch              :     lib root package: "com.facebook.all"  (in app: "a")
17:07:51 INFO  ProfileMatch              : 
17:07:51 INFO  ProfileMatch              :                 name: Facebook
17:07:51 INFO  ProfileMatch              :             category: SocialMedia
17:07:51 INFO  ProfileMatch              :              version: 5.2.0  [OLD VERSION]
17:07:51 INFO  ProfileMatch              :         release-date: 29.07.2019
17:07:51 INFO  ProfileMatch              :     lib root package: "com.facebook.all"  (in app: "a")
17:07:51 INFO  ProfileMatch              : 
17:07:51 INFO  ProfileMatch              :                 name: Facebook
17:07:51 INFO  ProfileMatch              :             category: SocialMedia
17:07:51 INFO  ProfileMatch              :              version: 5.4.0  [OLD VERSION]
17:07:51 INFO  ProfileMatch              :         release-date: 16.08.2019
17:07:51 INFO  ProfileMatch              :     lib root package: "com.facebook.all"  (in app: "a")
17:07:51 INFO  ProfileMatch              : 
17:07:51 INFO  ProfileMatch              :                 name: Facebook
17:07:51 INFO  ProfileMatch              :             category: SocialMedia
17:07:51 INFO  ProfileMatch              :              version: 5.5.0  [OLD VERSION]
17:07:51 INFO  ProfileMatch              :         release-date: 31.08.2019
17:07:51 INFO  ProfileMatch              :     lib root package: "com.facebook.all"  (in app: "a")
17:07:51 INFO  ProfileMatch              : 
17:07:51 INFO  ProfileMatch              :                 name: Facebook
17:07:51 INFO  ProfileMatch              :             category: SocialMedia
17:07:51 INFO  ProfileMatch              :              version: 5.5.1  [OLD VERSION]
17:07:51 INFO  ProfileMatch              :         release-date: 06.09.2019
17:07:51 INFO  ProfileMatch              :     lib root package: "com.facebook.all"  (in app: "a")
17:07:51 INFO  ProfileMatch              : 
17:07:51 INFO  ProfileMatch              :                 name: Facebook
17:07:51 INFO  ProfileMatch              :             category: SocialMedia
17:07:51 INFO  ProfileMatch              :              version: 5.5.2  [OLD VERSION]
17:07:51 INFO  ProfileMatch              :         release-date: 05.10.2019
17:07:51 INFO  ProfileMatch              :     lib root package: "com.facebook.all"  (in app: "a")
17:07:51 INFO  ProfileMatch              : 
17:07:51 INFO  ProfileMatch              :                 name: Facebook
17:07:51 INFO  ProfileMatch              :             category: SocialMedia
17:07:51 INFO  ProfileMatch              :              version: 5.8.0  [OLD VERSION]
17:07:51 INFO  ProfileMatch              :         release-date: 08.10.2019
17:07:51 INFO  ProfileMatch              :     lib root package: "com.facebook.all"  (in app: "a")
17:07:51 INFO  ProfileMatch              : 
17:07:51 INFO  ProfileMatch              :                 name: Facebook
17:07:51 INFO  ProfileMatch              :             category: SocialMedia
17:07:51 INFO  ProfileMatch              :              version: 5.9.0  [OLD VERSION]
17:07:51 INFO  ProfileMatch              :         release-date: 29.10.2019
17:07:51 INFO  ProfileMatch              :     lib root package: "com.facebook.all"  (in app: "a")
17:07:51 INFO  ProfileMatch              : 
17:07:51 INFO  ProfileMatch              :                 name: Facebook
17:07:51 INFO  ProfileMatch              :             category: SocialMedia
17:07:51 INFO  ProfileMatch              :              version: 5.11.0  [OLD VERSION]
17:07:51 INFO  ProfileMatch              :         release-date: 15.11.2019
17:07:51 INFO  ProfileMatch              :     lib root package: "com.facebook.all"  (in app: "a")
17:07:51 INFO  ProfileMatch              : 
17:07:51 INFO  ProfileMatch              :                 name: Facebook
17:07:51 INFO  ProfileMatch              :             category: SocialMedia
17:07:51 INFO  ProfileMatch              :              version: 5.11.1  [OLD VERSION]
17:07:51 INFO  ProfileMatch              :         release-date: 21.11.2019
17:07:51 INFO  ProfileMatch              :     lib root package: "com.facebook.all"  (in app: "a")
17:07:51 INFO  ProfileMatch              : 
17:07:51 INFO  ProfileMatch              :                 name: Facebook
17:07:51 INFO  ProfileMatch              :             category: SocialMedia
17:07:51 INFO  ProfileMatch              :              version: 5.11.2  [OLD VERSION]
17:07:51 INFO  ProfileMatch              :         release-date: 22.11.2019
17:07:51 INFO  ProfileMatch              :     lib root package: "com.facebook.all"  (in app: "a")
17:07:51 INFO  ProfileMatch              : 
17:07:51 INFO  ProfileMatch              :                 name: Facebook
17:07:51 INFO  ProfileMatch              :             category: SocialMedia
17:07:51 INFO  ProfileMatch              :              version: 5.12.0  [OLD VERSION]
17:07:51 INFO  ProfileMatch              :         release-date: 04.12.2019
17:07:51 INFO  ProfileMatch              :     lib root package: "com.facebook.all"  (in app: "a")
17:07:51 INFO  ProfileMatch              : 
17:07:51 INFO  ProfileMatch              :                 name: Facebook
17:07:51 INFO  ProfileMatch              :             category: SocialMedia
17:07:51 INFO  ProfileMatch              :              version: 5.12.1  [OLD VERSION]
17:07:51 INFO  ProfileMatch              :         release-date: 09.12.2019
17:07:51 INFO  ProfileMatch              :     lib root package: "com.facebook.all"  (in app: "a")
17:07:51 INFO  ProfileMatch              : 
17:07:51 INFO  ProfileMatch              :                 name: Facebook
17:07:51 INFO  ProfileMatch              :             category: SocialMedia
17:07:51 INFO  ProfileMatch              :              version: 5.13.0  [OLD VERSION]
17:07:51 INFO  ProfileMatch              :         release-date: 12.12.2019
17:07:51 INFO  ProfileMatch              :     lib root package: "com.facebook.all"  (in app: "a")
17:07:51 INFO  ProfileMatch              : 
17:07:51 INFO  ProfileMatch              :                 name: Facebook
17:07:51 INFO  ProfileMatch              :             category: SocialMedia
17:07:51 INFO  ProfileMatch              :              version: 5.15.0  [OLD VERSION]
17:07:51 INFO  ProfileMatch              :         release-date: 21.01.2020
17:07:51 INFO  ProfileMatch              :     lib root package: "com.facebook.all"  (in app: "a")
17:07:51 INFO  ProfileMatch              : 
17:07:51 INFO  ProfileMatch              :                 name: Facebook
17:07:51 INFO  ProfileMatch              :             category: SocialMedia
17:07:51 INFO  ProfileMatch              :              version: 5.15.1  [OLD VERSION]
17:07:51 INFO  ProfileMatch              :         release-date: 29.01.2020
17:07:51 INFO  ProfileMatch              :     lib root package: "com.facebook.all"  (in app: "a")
17:07:51 INFO  ProfileMatch              : 
17:07:51 INFO  ProfileMatch              :                 name: Facebook
17:07:51 INFO  ProfileMatch              :             category: SocialMedia
17:07:51 INFO  ProfileMatch              :              version: 5.15.2  [OLD VERSION]
17:07:51 INFO  ProfileMatch              :         release-date: 03.02.2020
17:07:51 INFO  ProfileMatch              :     lib root package: "com.facebook.all"  (in app: "a")
17:07:51 INFO  ProfileMatch              : 
17:07:51 INFO  ProfileMatch              :                 name: Facebook
17:07:51 INFO  ProfileMatch              :             category: SocialMedia
17:07:51 INFO  ProfileMatch              :              version: 5.15.3  [OLD VERSION]
17:07:51 INFO  ProfileMatch              :         release-date: 03.02.2020
17:07:51 INFO  ProfileMatch              :     lib root package: "com.facebook.all"  (in app: "a")
17:07:51 INFO  ProfileMatch              : 
17:07:51 INFO  ProfileMatch              :                 name: Facebook
17:07:51 INFO  ProfileMatch              :             category: SocialMedia
17:07:51 INFO  ProfileMatch              :              version: 6.0.0  [OLD VERSION]
17:07:51 INFO  ProfileMatch              :         release-date: 03.02.2020
17:07:51 INFO  ProfileMatch              :     lib root package: "com.facebook.all"  (in app: "a")
17:07:51 INFO  ProfileMatch              : 
17:07:51 INFO  ProfileMatch              :                 name: Facebook
17:07:51 INFO  ProfileMatch              :             category: SocialMedia
17:07:51 INFO  ProfileMatch              :              version: 6.1.0  [OLD VERSION]
17:07:51 INFO  ProfileMatch              :         release-date: 14.02.2020
17:07:51 INFO  ProfileMatch              :     lib root package: "com.facebook.all"  (in app: "a")
17:07:51 INFO  ProfileMatch              : 
17:07:51 INFO  ProfileMatch              :                 name: Facebook
17:07:51 INFO  ProfileMatch              :             category: SocialMedia
17:07:51 INFO  ProfileMatch              :              version: 6.2.0  [OLD VERSION]
17:07:51 INFO  ProfileMatch              :         release-date: 09.03.2020
17:07:51 INFO  ProfileMatch              :     lib root package: "com.facebook.all"  (in app: "a")
17:07:51 INFO  ProfileMatch              : 
17:07:51 INFO  ProfileMatch              :                 name: Facebook
17:07:51 INFO  ProfileMatch              :             category: SocialMedia
17:07:51 INFO  ProfileMatch              :              version: 6.3.0  [OLD VERSION]
17:07:51 INFO  ProfileMatch              :         release-date: 25.03.2020
17:07:51 INFO  ProfileMatch              :     lib root package: "com.facebook.all"  (in app: "a")
17:07:51 INFO  ProfileMatch              : 
17:07:51 INFO  ProfileMatch              :                 name: Facebook
17:07:51 INFO  ProfileMatch              :             category: SocialMedia
17:07:51 INFO  ProfileMatch              :              version: 6.4.0  [OLD VERSION]
17:07:51 INFO  ProfileMatch              :         release-date: 15.04.2020
17:07:51 INFO  ProfileMatch              :     lib root package: "com.facebook.all"  (in app: "a")
17:07:51 INFO  ProfileMatch              : 
17:07:51 INFO  ProfileMatch              :                 name: Facebook
17:07:51 INFO  ProfileMatch              :             category: SocialMedia
17:07:51 INFO  ProfileMatch              :              version: 6.5.0  [OLD VERSION]
17:07:51 INFO  ProfileMatch              :         release-date: 20.04.2020
17:07:51 INFO  ProfileMatch              :     lib root package: "com.facebook.all"  (in app: "a")
17:07:51 INFO  ProfileMatch              : 
17:07:51 INFO  ProfileMatch              :                 name: Facebook
17:07:51 INFO  ProfileMatch              :             category: SocialMedia
17:07:51 INFO  ProfileMatch              :              version: 6.5.1  [OLD VERSION]
17:07:51 INFO  ProfileMatch              :         release-date: 23.04.2020
17:07:51 INFO  ProfileMatch              :     lib root package: "com.facebook.all"  (in app: "a")
17:07:51 INFO  ProfileMatch              : 
17:07:51 INFO  ProfileMatch              :                 name: Facebook
17:07:51 INFO  ProfileMatch              :             category: SocialMedia
17:07:51 INFO  ProfileMatch              :              version: 7.0.0  [OLD VERSION]
17:07:51 INFO  ProfileMatch              :         release-date: 05.05.2020
17:07:51 INFO  ProfileMatch              :     lib root package: "com.facebook.all"  (in app: "a")
17:07:51 INFO  ProfileMatch              : 
17:07:51 INFO  ProfileMatch              :                 name: Facebook
17:07:51 INFO  ProfileMatch              :             category: SocialMedia
17:07:51 INFO  ProfileMatch              :              version: 7.0.1  [OLD VERSION]
17:07:51 INFO  ProfileMatch              :         release-date: 09.06.2020
17:07:51 INFO  ProfileMatch              :     lib root package: "com.facebook.all"  (in app: "a")
17:07:51 INFO  ProfileMatch              : 
17:07:51 INFO  ProfileMatch              :                 name: Facebook
17:07:51 INFO  ProfileMatch              :             category: SocialMedia
17:07:51 INFO  ProfileMatch              :              version: 7.1.0  [OLD VERSION]
17:07:51 INFO  ProfileMatch              :         release-date: 23.06.2020
17:07:51 INFO  ProfileMatch              :     lib root package: "com.facebook.all"  (in app: "a")
17:07:51 INFO  ProfileMatch              : 
17:07:51 INFO  ProfileMatch              :                 name: Facebook
17:07:51 INFO  ProfileMatch              :             category: SocialMedia
17:07:51 INFO  ProfileMatch              :              version: 8.0.0  [OLD VERSION]
17:07:51 INFO  ProfileMatch              :         release-date: 28.09.2020
17:07:51 INFO  ProfileMatch              :     lib root package: "com.facebook.all"  (in app: "a")
17:07:51 INFO  ProfileMatch              : 
17:07:51 INFO  ProfileMatch              :                 name: Facebook
17:07:51 INFO  ProfileMatch              :             category: SocialMedia
17:07:51 INFO  ProfileMatch              :              version: 8.1.0  [OLD VERSION]
17:07:51 INFO  ProfileMatch              :         release-date: 14.10.2020
17:07:51 INFO  ProfileMatch              :     lib root package: "com.facebook.all"  (in app: "a")
17:07:51 INFO  ProfileMatch              : 
17:07:51 INFO  ProfileMatch              :                 name: Facebook
17:07:51 INFO  ProfileMatch              :             category: SocialMedia
17:07:51 INFO  ProfileMatch              :              version: 8.2.0  [OLD VERSION]
17:07:51 INFO  ProfileMatch              :         release-date: 18.12.2020
17:07:51 INFO  ProfileMatch              :     lib root package: "com.facebook.all"  (in app: "a")
17:07:51 INFO  ProfileMatch              : 
17:07:51 INFO  ProfileMatch              :                 name: Facebook
17:07:51 INFO  ProfileMatch              :             category: SocialMedia
17:07:51 INFO  ProfileMatch              :              version: 9.0.0  [OLD VERSION]
17:07:51 INFO  ProfileMatch              :         release-date: 19.01.2021
17:07:51 INFO  ProfileMatch              :     lib root package: "com.facebook.all"  (in app: "a")
17:07:51 INFO  ProfileMatch              : 
17:07:51 INFO  ProfileMatch              :                 name: Facebook
17:07:51 INFO  ProfileMatch              :             category: SocialMedia
17:07:51 INFO  ProfileMatch              :              version: 9.1.0  [OLD VERSION]
17:07:51 INFO  ProfileMatch              :         release-date: 15.03.2021
17:07:51 INFO  ProfileMatch              :     lib root package: "com.facebook.all"  (in app: "a")
17:07:51 INFO  ProfileMatch              : 
17:07:51 INFO  ProfileMatch              :                 name: Facebook
17:07:51 INFO  ProfileMatch              :             category: SocialMedia
17:07:51 INFO  ProfileMatch              :              version: 9.1.1  [OLD VERSION]
17:07:51 INFO  ProfileMatch              :         release-date: 12.04.2021
17:07:51 INFO  ProfileMatch              :     lib root package: "com.facebook.all"  (in app: "a")
17:07:51 INFO  ProfileMatch              : 
17:07:51 INFO  ProfileMatch              :                 name: Facebook
17:07:51 INFO  ProfileMatch              :             category: SocialMedia
17:07:51 INFO  ProfileMatch              :              version: 11.0.0  [OLD VERSION]
17:07:51 INFO  ProfileMatch              :         release-date: 08.06.2021
17:07:51 INFO  ProfileMatch              :     lib root package: "com.facebook.all"  (in app: "a")
17:07:51 INFO  ProfileMatch              : 
17:07:51 INFO  ProfileMatch              :                 name: Facebook
17:07:51 INFO  ProfileMatch              :             category: SocialMedia
17:07:51 INFO  ProfileMatch              :              version: 11.1.0  [OLD VERSION]
17:07:51 INFO  ProfileMatch              :         release-date: 06.07.2021
17:07:51 INFO  ProfileMatch              :     lib root package: "com.facebook.all"  (in app: "a")
17:07:51 INFO  ProfileMatch              : 
17:07:51 INFO  ProfileMatch              :                 name: Facebook
17:07:51 INFO  ProfileMatch              :             category: SocialMedia
17:07:51 INFO  ProfileMatch              :              version: 11.1.1  [OLD VERSION]
17:07:51 INFO  ProfileMatch              :         release-date: 19.07.2021
17:07:51 INFO  ProfileMatch              :     lib root package: "com.facebook.all"  (in app: "a")
17:07:51 INFO  ProfileMatch              : 
17:07:51 INFO  ProfileMatch              :                 name: Facebook
17:07:51 INFO  ProfileMatch              :             category: SocialMedia
17:07:51 INFO  ProfileMatch              :              version: 11.2.0  [OLD VERSION]
17:07:51 INFO  ProfileMatch              :         release-date: 03.08.2021
17:07:51 INFO  ProfileMatch              :     lib root package: "com.facebook.all"  (in app: "a")
17:07:51 INFO  ProfileMatch              : 
17:07:51 INFO  ProfileMatch              :                 name: Facebook
17:07:51 INFO  ProfileMatch              :             category: SocialMedia
17:07:51 INFO  ProfileMatch              :              version: 11.3.0  [OLD VERSION]
17:07:51 INFO  ProfileMatch              :         release-date: 07.09.2021
17:07:51 INFO  ProfileMatch              :     lib root package: "com.facebook.all"  (in app: "a")
17:07:51 INFO  ProfileMatch              : 
17:07:51 INFO  ProfileMatch              :                 name: Facebook
17:07:51 INFO  ProfileMatch              :             category: SocialMedia
17:07:51 INFO  ProfileMatch              :              version: 12.0.0  [OLD VERSION]
17:07:51 INFO  ProfileMatch              :         release-date: 05.10.2021
17:07:51 INFO  ProfileMatch              :     lib root package: "com.facebook.all"  (in app: "a")
17:07:51 INFO  ProfileMatch              : 
17:07:51 INFO  ProfileMatch              :                 name: Facebook
17:07:51 INFO  ProfileMatch              :             category: SocialMedia
17:07:51 INFO  ProfileMatch              :              version: 12.0.1  [OLD VERSION]
17:07:51 INFO  ProfileMatch              :         release-date: 13.10.2021
17:07:51 INFO  ProfileMatch              :     lib root package: "com.facebook.all"  (in app: "a")
17:07:51 INFO  ProfileMatch              : 
17:07:51 INFO  ProfileMatch              :                 name: Facebook
17:07:51 INFO  ProfileMatch              :             category: SocialMedia
17:07:51 INFO  ProfileMatch              :              version: 12.1.0  [OLD VERSION]
17:07:51 INFO  ProfileMatch              :         release-date: 01.11.2021
17:07:51 INFO  ProfileMatch              :     lib root package: "com.facebook.all"  (in app: "a")
17:07:51 INFO  ProfileMatch              : 
17:07:51 INFO  ProfileMatch              :                 name: Facebook
17:07:51 INFO  ProfileMatch              :             category: SocialMedia
17:07:51 INFO  ProfileMatch              :              version: 12.2.0  [OLD VERSION]
17:07:51 INFO  ProfileMatch              :         release-date: 06.12.2021
17:07:51 INFO  ProfileMatch              :     lib root package: "com.facebook.all"  (in app: "a")
17:07:51 INFO  ProfileMatch              : 
17:07:51 INFO  ProfileMatch              :                 name: Facebook
17:07:51 INFO  ProfileMatch              :             category: SocialMedia
17:07:51 INFO  ProfileMatch              :              version: 12.3.0  [OLD VERSION]
17:07:51 INFO  ProfileMatch              :         release-date: 10.01.2022
17:07:51 INFO  ProfileMatch              :     lib root package: "com.facebook.all"  (in app: "a")
17:07:51 INFO  ProfileMatch              : 
17:07:51 INFO  ProfileMatch              :                 name: Facebook
17:07:51 INFO  ProfileMatch              :             category: SocialMedia
17:07:51 INFO  ProfileMatch              :              version: 13.0.0  [OLD VERSION]
17:07:51 INFO  ProfileMatch              :         release-date: 23.02.2022
17:07:51 INFO  ProfileMatch              :     lib root package: "com.facebook.all"  (in app: "a")
17:07:51 INFO  ProfileMatch              : 
17:07:51 INFO  ProfileMatch              :                 name: Facebook
17:07:51 INFO  ProfileMatch              :             category: SocialMedia
17:07:51 INFO  ProfileMatch              :              version: 13.1.0  [OLD VERSION]
17:07:51 INFO  ProfileMatch              :         release-date: 21.03.2022
17:07:51 INFO  ProfileMatch              :     lib root package: "com.facebook.all"  (in app: "a")
17:07:51 INFO  ProfileMatch              : 
17:07:51 INFO  ProfileMatch              :                 name: Facebook
17:07:51 INFO  ProfileMatch              :             category: SocialMedia
17:07:51 INFO  ProfileMatch              :              version: 13.2.0  [OLD VERSION]
17:07:51 INFO  ProfileMatch              :         release-date: 22.04.2022
17:07:51 INFO  ProfileMatch              :     lib root package: "com.facebook.all"  (in app: "a")
17:07:51 INFO  ProfileMatch              : 
17:07:51 INFO  ProfileMatch              :                 name: Facebook
17:07:51 INFO  ProfileMatch              :             category: SocialMedia
17:07:51 INFO  ProfileMatch              :              version: 14.0.0
17:07:51 INFO  ProfileMatch              :         release-date: 14.06.2022
17:07:51 INFO  ProfileMatch              :     lib root package: "com.facebook.all"  (in app: "a")
17:07:51 INFO  ProfileMatch              : 
17:07:51 INFO  LibraryIdentifier         : 
17:07:51 INFO  LibraryIdentifier         : - Partial library matches:
17:07:51 INFO  LibraryIdentifier         : 
17:07:51 INFO  LibraryIdentifier         : App processing time: 13 sec, 534 ms
