03:56:02 INFO  LibraryIdentifier         : Process app: net.ibbaa.keepitup_2.apk
03:56:02 INFO  LibraryIdentifier         : = Manifest Parser =
03:56:02 INFO  LibraryIdentifier         :         Package name: net.ibbaa.keepitup
03:56:02 INFO  LibraryIdentifier         :         Version code: 2
03:56:02 INFO  LibraryIdentifier         :        minSdkVersion: 21
03:56:02 INFO  LibraryIdentifier         :     targetSdkVersion: 30
03:56:02 INFO  LibraryIdentifier         :         SharedUserId:  - none -
03:56:02 INFO  LibraryIdentifier         :     Library dependencies:  - none -
03:56:02 INFO  LibraryIdentifier         : 
03:56:02 INFO  LibraryIdentifier         : Found 402 unique libraries in 12405 library profiles
03:56:02 INFO  LibraryIdentifier         : Generated class hierarchy (in 565 ms)
03:56:02 INFO  WalaUtils                 : 
03:56:02 INFO  WalaUtils                 : = ClassHierarchy Stats =
03:56:02 INFO  WalaUtils                 :     # of classes: 1543
03:56:02 INFO  WalaUtils                 :     # thereof inner classes: 836
03:56:02 INFO  WalaUtils                 :     # thereof public classes: 1517
03:56:02 INFO  WalaUtils                 :         Activity : 11
03:56:02 INFO  WalaUtils                 :         Application : 1
03:56:02 INFO  WalaUtils                 :         AsyncTask : 0
03:56:02 INFO  WalaUtils                 :         BroadcastReceiver : 4
03:56:02 INFO  WalaUtils                 :         ContentProvider : 0
03:56:02 INFO  WalaUtils                 :         Fragment : 1
03:56:02 INFO  WalaUtils                 :         Handler : 1
03:56:02 INFO  WalaUtils                 :         LayoutContainer : 57
03:56:02 INFO  WalaUtils                 :         Plain : 1427
03:56:02 INFO  WalaUtils                 :         Runnable : 0
03:56:02 INFO  WalaUtils                 :         Service : 1
03:56:02 INFO  WalaUtils                 :         Thread : 1
03:56:02 INFO  WalaUtils                 :         View : 39
03:56:02 INFO  WalaUtils                 :     # methods: 9152
03:56:02 INFO  WalaUtils                 :         # of publicly accessible methods: 9082
03:56:02 INFO  WalaUtils                 :         # of non-accessible methods: 70
03:56:02 INFO  WalaUtils                 : 
03:56:02 INFO  Profile                   : = PackageTree =
03:56:03 INFO  PackageTree               : Root Package: androidx
03:56:03 INFO  PackageTree               : └── Root
03:56:03 INFO  PackageTree               :     ├── androidx
03:56:03 INFO  PackageTree               :     │   ├── fragment
03:56:03 INFO  PackageTree               :     │   │   └── app (110)
03:56:03 INFO  PackageTree               :     │   ├── constraintlayout
03:56:03 INFO  PackageTree               :     │   │   ├── motion
03:56:03 INFO  PackageTree               :     │   │   │   └── widget (10)
03:56:03 INFO  PackageTree               :     │   │   ├── widget (24)
03:56:03 INFO  PackageTree               :     │   │   └── core (10)
03:56:03 INFO  PackageTree               :     │   │       ├── widgets (13)
03:56:03 INFO  PackageTree               :     │   │       │   └── analyzer (20)
03:56:03 INFO  PackageTree               :     │   │       └── motion
03:56:03 INFO  PackageTree               :     │   │           └── utils (1)
03:56:03 INFO  PackageTree               :     │   ├── appcompat
03:56:03 INFO  PackageTree               :     │   │   ├── widget (161)
03:56:03 INFO  PackageTree               :     │   │   ├── graphics
03:56:03 INFO  PackageTree               :     │   │   │   └── drawable (14)
03:56:03 INFO  PackageTree               :     │   │   ├── app (53)
03:56:03 INFO  PackageTree               :     │   │   ├── view (13)
03:56:03 INFO  PackageTree               :     │   │   │   └── menu (43)
03:56:03 INFO  PackageTree               :     │   │   ├── content
03:56:03 INFO  PackageTree               :     │   │   │   └── res (2)
03:56:03 INFO  PackageTree               :     │   │   └── text (1)
03:56:03 INFO  PackageTree               :     │   ├── core
03:56:03 INFO  PackageTree               :     │   │   ├── view (48)
03:56:03 INFO  PackageTree               :     │   │   │   ├── accessibility (18)
03:56:03 INFO  PackageTree               :     │   │   │   └── inputmethod (8)
03:56:03 INFO  PackageTree               :     │   │   ├── app (21)
03:56:03 INFO  PackageTree               :     │   │   ├── provider (19)
03:56:03 INFO  PackageTree               :     │   │   ├── content (1)
03:56:03 INFO  PackageTree               :     │   │   │   └── res (14)
03:56:03 INFO  PackageTree               :     │   │   ├── graphics (13)
03:56:03 INFO  PackageTree               :     │   │   │   └── drawable (8)
03:56:03 INFO  PackageTree               :     │   │   ├── widget (16)
03:56:03 INFO  PackageTree               :     │   │   ├── internal
03:56:03 INFO  PackageTree               :     │   │   │   └── view (3)
03:56:03 INFO  PackageTree               :     │   │   ├── util (4)
03:56:03 INFO  PackageTree               :     │   │   ├── text (11)
03:56:03 INFO  PackageTree               :     │   │   └── os (3)
03:56:03 INFO  PackageTree               :     │   ├── recyclerview
03:56:03 INFO  PackageTree               :     │   │   └── widget (108)
03:56:03 INFO  PackageTree               :     │   ├── transition (55)
03:56:03 INFO  PackageTree               :     │   ├── cursoradapter
03:56:03 INFO  PackageTree               :     │   │   └── widget (6)
03:56:03 INFO  PackageTree               :     │   ├── activity (16)
03:56:03 INFO  PackageTree               :     │   │   ├── result (9)
03:56:03 INFO  PackageTree               :     │   │   │   └── contract (2)
03:56:03 INFO  PackageTree               :     │   │   └── contextaware (2)
03:56:03 INFO  PackageTree               :     │   ├── preference (22)
03:56:03 INFO  PackageTree               :     │   │   └── internal (1)
03:56:03 INFO  PackageTree               :     │   ├── savedstate (8)
03:56:03 INFO  PackageTree               :     │   ├── vectordrawable
03:56:03 INFO  PackageTree               :     │   │   └── graphics
03:56:03 INFO  PackageTree               :     │   │       └── drawable (18)
03:56:03 INFO  PackageTree               :     │   ├── loader
03:56:03 INFO  PackageTree               :     │   │   └── app (5)
03:56:03 INFO  PackageTree               :     │   ├── customview
03:56:03 INFO  PackageTree               :     │   │   ├── widget (12)
03:56:03 INFO  PackageTree               :     │   │   └── view (3)
03:56:03 INFO  PackageTree               :     │   ├── arch
03:56:03 INFO  PackageTree               :     │   │   └── core
03:56:03 INFO  PackageTree               :     │   │       ├── internal (8)
03:56:03 INFO  PackageTree               :     │   │       └── executor (3)
03:56:03 INFO  PackageTree               :     │   ├── annotation (1)
03:56:03 INFO  PackageTree               :     │   ├── cardview
03:56:03 INFO  PackageTree               :     │   │   └── widget (7)
03:56:03 INFO  PackageTree               :     │   ├── lifecycle (39)
03:56:03 INFO  PackageTree               :     │   ├── versionedparcelable (6)
03:56:03 INFO  PackageTree               :     │   ├── collection (15)
03:56:03 INFO  PackageTree               :     │   ├── viewpager2
03:56:03 INFO  PackageTree               :     │   │   └── adapter (3)
03:56:03 INFO  PackageTree               :     │   ├── coordinatorlayout
03:56:03 INFO  PackageTree               :     │   │   └── widget (12)
03:56:03 INFO  PackageTree               :     │   ├── interpolator
03:56:03 INFO  PackageTree               :     │   │   └── view
03:56:03 INFO  PackageTree               :     │   │       └── animation (4)
03:56:03 INFO  PackageTree               :     │   └── tracing (1)
03:56:03 INFO  PackageTree               :     ├── com
03:56:03 INFO  PackageTree               :     │   └── google
03:56:03 INFO  PackageTree               :     │       ├── android
03:56:03 INFO  PackageTree               :     │       │   └── material
03:56:03 INFO  PackageTree               :     │       │       ├── textfield (49)
03:56:03 INFO  PackageTree               :     │       │       ├── datepicker (47)
03:56:03 INFO  PackageTree               :     │       │       ├── behavior (6)
03:56:03 INFO  PackageTree               :     │       │       ├── transformation (15)
03:56:03 INFO  PackageTree               :     │       │       ├── appbar (17)
03:56:03 INFO  PackageTree               :     │       │       ├── timepicker (16)
03:56:03 INFO  PackageTree               :     │       │       ├── shape (23)
03:56:03 INFO  PackageTree               :     │       │       ├── internal (29)
03:56:03 INFO  PackageTree               :     │       │       ├── floatingactionbutton (27)
03:56:03 INFO  PackageTree               :     │       │       ├── button (13)
03:56:03 INFO  PackageTree               :     │       │       ├── dialog (1)
03:56:03 INFO  PackageTree               :     │       │       ├── bottomappbar (13)
03:56:03 INFO  PackageTree               :     │       │       ├── card (2)
03:56:03 INFO  PackageTree               :     │       │       ├── chip (11)
03:56:03 INFO  PackageTree               :     │       │       ├── bottomsheet (11)
03:56:03 INFO  PackageTree               :     │       │       ├── elevation (1)
03:56:03 INFO  PackageTree               :     │       │       ├── shadow (2)
03:56:03 INFO  PackageTree               :     │       │       ├── resources (7)
03:56:03 INFO  PackageTree               :     │       │       ├── animation (10)
03:56:03 INFO  PackageTree               :     │       │       ├── theme (1)
03:56:03 INFO  PackageTree               :     │       │       │   └── overlay (1)
03:56:03 INFO  PackageTree               :     │       │       ├── circularreveal (8)
03:56:03 INFO  PackageTree               :     │       │       │   └── cardview (1)
03:56:03 INFO  PackageTree               :     │       │       ├── snackbar (11)
03:56:03 INFO  PackageTree               :     │       │       ├── stateful (2)
03:56:03 INFO  PackageTree               :     │       │       ├── drawable (1)
03:56:03 INFO  PackageTree               :     │       │       ├── expandable (1)
03:56:03 INFO  PackageTree               :     │       │       ├── radiobutton (1)
03:56:03 INFO  PackageTree               :     │       │       ├── textview (1)
03:56:03 INFO  PackageTree               :     │       │       ├── ripple (1)
03:56:03 INFO  PackageTree               :     │       │       ├── switchmaterial (1)
03:56:03 INFO  PackageTree               :     │       │       └── checkbox (1)
03:56:03 INFO  PackageTree               :     │       ├── common
03:56:03 INFO  PackageTree               :     │       │   ├── base (26)
03:56:03 INFO  PackageTree               :     │       │   ├── collect (17)
03:56:03 INFO  PackageTree               :     │       │   └── net (2)
03:56:03 INFO  PackageTree               :     │       └── thirdparty
03:56:03 INFO  PackageTree               :     │           └── publicsuffix (3)
03:56:03 INFO  PackageTree               :     ├── net
03:56:03 INFO  PackageTree               :     │   └── ibbaa
03:56:03 INFO  PackageTree               :     │       └── keepitup
03:56:03 INFO  PackageTree               :     │           ├── service (20)
03:56:03 INFO  PackageTree               :     │           │   └── network (10)
03:56:03 INFO  PackageTree               :     │           ├── ui (17)
03:56:03 INFO  PackageTree               :     │           │   ├── validation (17)
03:56:03 INFO  PackageTree               :     │           │   ├── dialog (18)
03:56:03 INFO  PackageTree               :     │           │   ├── sync (7)
03:56:03 INFO  PackageTree               :     │           │   ├── adapter (9)
03:56:03 INFO  PackageTree               :     │           │   ├── mapping (1)
03:56:03 INFO  PackageTree               :     │           │   └── clipboard (2)
03:56:03 INFO  PackageTree               :     │           ├── model (5)
03:56:03 INFO  PackageTree               :     │           ├── resources (8)
03:56:03 INFO  PackageTree               :     │           ├── util (6)
03:56:03 INFO  PackageTree               :     │           ├── db (10)
03:56:03 INFO  PackageTree               :     │           ├── logging (2)
03:56:03 INFO  PackageTree               :     │           ├── notification (1)
03:56:03 INFO  PackageTree               :     │           └── main (1)
03:56:03 INFO  PackageTree               :     └── android
03:56:03 INFO  PackageTree               :         └── support
03:56:03 INFO  PackageTree               :             └── v4
03:56:03 INFO  PackageTree               :                 ├── graphics
03:56:03 INFO  PackageTree               :                 │   └── drawable (1)
03:56:03 INFO  PackageTree               :                 └── app (1)
03:56:03 INFO  Profile                   : 
03:56:03 INFO  AppProfile                : - generated app package tree (in 45 ms)
03:56:03 INFO  AppProfile                : 
03:56:03 DEBUG HashTree                  : Generate hash tree..
03:56:03 DEBUG HashTree                  :     - generated 106 package hashes.
03:56:03 DEBUG HashTree                  :     - generated 1472 clazz hashes.
03:56:03 DEBUG HashTree                  :     - generated 9152 method hashes.
03:56:03 DEBUG HashTree                  :     => Library Hash: 96b5e62d4685c52374fff1a59b3870c6
03:56:03 INFO  AppProfile                : - generated app hash trees (in 195 ms)
03:56:03 INFO  AppProfile                : 
03:56:03 INFO  LibraryIdentifier         : = Scan for library root packages (heuristic) =
03:56:03 INFO  LibraryIdentifier         :     - Found lib root package com.google.common  (Guava)
03:56:03 INFO  LibraryIdentifier         :     - Found lib root package androidx.annotation  (androidx.annotation::annotation)
03:56:03 INFO  LibraryIdentifier         :     - Found lib root package androidx.appcompat  (androidx.appcompat::appcompat)
03:56:03 INFO  LibraryIdentifier         :     - Found lib root package androidx.arch.core  (androidx.arch.core::core-common)
03:56:03 INFO  LibraryIdentifier         :     - Found lib root package androidx.arch.core.executor  (androidx.arch.core::core-runtime)
03:56:03 INFO  LibraryIdentifier         :     - Found lib root package androidx.cardview.widget  (androidx.cardview::cardview)
03:56:03 INFO  LibraryIdentifier         :     - Found lib root package androidx.collection  (androidx.collection::collection)
03:56:03 INFO  LibraryIdentifier         :     - Found lib root package androidx.collection  (androidx.collection::collection-ktx)
03:56:03 INFO  LibraryIdentifier         :     - Found lib root package androidx.constraintlayout.widget  (androidx.constraintlayout::constraintlayout)
03:56:03 INFO  LibraryIdentifier         :     - Found lib root package androidx.coordinatorlayout.widget  (androidx.coordinatorlayout::coordinatorlayout)
03:56:03 INFO  LibraryIdentifier         :     - Found lib root package androidx.core  (androidx.core::core)
03:56:03 INFO  LibraryIdentifier         :     - Found lib root package androidx  (androidx.core::core-ktx)
03:56:03 INFO  LibraryIdentifier         :     - Found lib root package androidx.cursoradapter.widget  (androidx.cursoradapter::cursoradapter)
03:56:03 INFO  LibraryIdentifier         :     - Found lib root package androidx.customview  (androidx.customview::customview)
03:56:03 INFO  LibraryIdentifier         :     - Found lib root package androidx.fragment.app  (androidx.fragment::fragment)
03:56:03 INFO  LibraryIdentifier         :     - Found lib root package androidx.fragment.app  (androidx.fragment::fragment-ktx)
03:56:03 INFO  LibraryIdentifier         :     - Found lib root package androidx.interpolator.view.animation  (androidx.interpolator::interpolator)
03:56:03 INFO  LibraryIdentifier         :     - Found lib root package androidx.lifecycle  (androidx.lifecycle::lifecycle-common)
03:56:03 INFO  LibraryIdentifier         :     - Found lib root package androidx.lifecycle  (androidx.lifecycle::lifecycle-common-java8)
03:56:03 INFO  LibraryIdentifier         :     - Found lib root package androidx.lifecycle  (androidx.lifecycle::lifecycle-compiler)
03:56:03 INFO  LibraryIdentifier         :     - Found lib root package androidx.lifecycle  (androidx.lifecycle::lifecycle-extensions)
03:56:03 INFO  LibraryIdentifier         :     - Found lib root package androidx.lifecycle  (androidx.lifecycle::lifecycle-livedata)
03:56:03 INFO  LibraryIdentifier         :     - Found lib root package androidx.lifecycle  (androidx.lifecycle::lifecycle-livedata-core)
03:56:03 INFO  LibraryIdentifier         :     - Found lib root package androidx.lifecycle  (androidx.lifecycle::lifecycle-process)
03:56:03 INFO  LibraryIdentifier         :     - Found lib root package androidx.lifecycle  (androidx.lifecycle::lifecycle-reactivestreams)
03:56:03 INFO  LibraryIdentifier         :     - Found lib root package androidx.lifecycle  (androidx.lifecycle::lifecycle-reactivestreams-ktx)
03:56:03 INFO  LibraryIdentifier         :     - Found lib root package androidx.lifecycle  (androidx.lifecycle::lifecycle-runtime)
03:56:03 INFO  LibraryIdentifier         :     - Found lib root package androidx.lifecycle  (androidx.lifecycle::lifecycle-service)
03:56:03 INFO  LibraryIdentifier         :     - Found lib root package androidx.lifecycle  (androidx.lifecycle::lifecycle-viewmodel)
03:56:03 INFO  LibraryIdentifier         :     - Found lib root package androidx.lifecycle  (androidx.lifecycle::lifecycle-viewmodel-ktx)
03:56:03 INFO  LibraryIdentifier         :     - Found lib root package androidx.loader  (androidx.loader::loader)
03:56:03 INFO  LibraryIdentifier         :     - Found lib root package androidx.preference  (androidx.preference::preference)
03:56:03 INFO  LibraryIdentifier         :     - Found lib root package androidx.preference  (androidx.preference::preference-ktx)
03:56:03 INFO  LibraryIdentifier         :     - Found lib root package androidx.recyclerview.widget  (androidx.recyclerview::recyclerview)
03:56:03 INFO  LibraryIdentifier         :     - Found lib root package androidx.transition  (androidx.transition::transition)
03:56:03 INFO  LibraryIdentifier         :     - Found lib root package androidx.vectordrawable.graphics.drawable  (androidx.vectordrawable::vectordrawable)
03:56:03 INFO  LibraryIdentifier         :     - Found lib root package androidx.vectordrawable.graphics.drawable  (androidx.vectordrawable::vectordrawable-animated)
03:56:03 INFO  LibraryIdentifier         :     - Found lib root package androidx.versionedparcelable  (androidx.versionedparcelable::versionedparcelable)
03:56:03 INFO  LibraryIdentifier         :     - Found lib root package android.support.v4  (com.android.support::customview)
03:56:03 INFO  LibraryIdentifier         :     - Found lib root package android.support.v4  (com.android.support::loader)
03:56:03 INFO  LibraryIdentifier         :     - Found lib root package android.support.v4  (com.android.support::support-compat)
03:56:03 INFO  LibraryIdentifier         :     - Found lib root package android.support.v4  (com.android.support::support-core-ui)
03:56:03 INFO  LibraryIdentifier         :     - Found lib root package android.support.v4  (com.android.support::support-core-utils)
03:56:03 INFO  LibraryIdentifier         :     - Found lib root package android.support.v4.app  (com.android.support::support-fragment)
03:56:03 INFO  LibraryIdentifier         :     - Found lib root package android.support.v4  (com.android.support::support-v4)
03:56:03 INFO  LibraryIdentifier         :     - Found lib root package androidx.versionedparcelable  (com.android.support::versionedparcelable)
03:56:03 INFO  LibraryIdentifier         :     - Found lib root package com.google.android.material  (com.google.android.material::material)
03:56:03 INFO  LibraryIdentifier         : 
03:56:03 INFO  LibraryIdentifier         : = Match profiles =
03:56:23 INFO  LibraryIdentifier         :     >> profile matching done (20 sec, 295 ms)
03:56:23 INFO  LibraryIdentifier         : 
03:56:23 INFO  LibraryIdentifier         : == Report ==
03:56:23 INFO  LibraryIdentifier         : - Full library matches:
03:56:23 INFO  ProfileMatch              :                 name: com.android.support::interpolator
03:56:23 INFO  ProfileMatch              :             category: Android
03:56:23 INFO  ProfileMatch              :              version: 28.0.0
03:56:23 INFO  ProfileMatch              :         release-date:  --
03:56:23 INFO  ProfileMatch              :     lib root package: "android.support.v4.view.animation"  (in app: "androidx.interpolator.view.animation")
03:56:23 INFO  ProfileMatch              : 
03:56:23 INFO  ProfileMatch              :                 name: androidx.interpolator::interpolator
03:56:23 INFO  ProfileMatch              :             category: Android
03:56:23 INFO  ProfileMatch              :              version: 1.0.0
03:56:23 INFO  ProfileMatch              :         release-date:  --
03:56:23 INFO  ProfileMatch              :     lib root package: "androidx.interpolator.view.animation"
03:56:23 INFO  ProfileMatch              : 
03:56:23 INFO  ProfileMatch              :                 name: Facebook
03:56:23 INFO  ProfileMatch              :             category: SocialMedia
03:56:23 INFO  ProfileMatch              :              version: 4.27.0  [OLD VERSION]
03:56:23 INFO  ProfileMatch              :         release-date: 26.09.2017
03:56:23 INFO  ProfileMatch              :     lib root package: "com.facebook.all"  (in app: "androidx.core.view")
03:56:23 INFO  ProfileMatch              : 
03:56:23 INFO  ProfileMatch              :                 name: Facebook
03:56:23 INFO  ProfileMatch              :             category: SocialMedia
03:56:23 INFO  ProfileMatch              :              version: 4.28.0  [OLD VERSION]
03:56:23 INFO  ProfileMatch              :         release-date: 07.11.2017
03:56:23 INFO  ProfileMatch              :     lib root package: "com.facebook.all"  (in app: "androidx.core.view")
03:56:23 INFO  ProfileMatch              : 
03:56:23 INFO  ProfileMatch              :                 name: Facebook
03:56:23 INFO  ProfileMatch              :             category: SocialMedia
03:56:23 INFO  ProfileMatch              :              version: 4.29.0  [OLD VERSION]
03:56:23 INFO  ProfileMatch              :         release-date: 05.12.2017
03:56:23 INFO  ProfileMatch              :     lib root package: "com.facebook.all"  (in app: "androidx.core.view")
03:56:23 INFO  ProfileMatch              : 
03:56:23 INFO  ProfileMatch              :                 name: Facebook
03:56:23 INFO  ProfileMatch              :             category: SocialMedia
03:56:23 INFO  ProfileMatch              :              version: 4.30.0  [OLD VERSION]
03:56:23 INFO  ProfileMatch              :         release-date: 24.01.2018
03:56:23 INFO  ProfileMatch              :     lib root package: "com.facebook.all"  (in app: "androidx.core.view")
03:56:23 INFO  ProfileMatch              : 
03:56:23 INFO  ProfileMatch              :                 name: Facebook
03:56:23 INFO  ProfileMatch              :             category: SocialMedia
03:56:23 INFO  ProfileMatch              :              version: 4.31.0  [OLD VERSION]
03:56:23 INFO  ProfileMatch              :         release-date: 28.02.2018
03:56:23 INFO  ProfileMatch              :     lib root package: "com.facebook.all"  (in app: "androidx.core.view")
03:56:23 INFO  ProfileMatch              : 
03:56:23 INFO  ProfileMatch              :                 name: Facebook
03:56:23 INFO  ProfileMatch              :             category: SocialMedia
03:56:23 INFO  ProfileMatch              :              version: 4.32.0  [OLD VERSION]
03:56:23 INFO  ProfileMatch              :         release-date: 11.04.2018
03:56:23 INFO  ProfileMatch              :     lib root package: "com.facebook.all"  (in app: "androidx.core.view")
03:56:23 INFO  ProfileMatch              : 
03:56:23 INFO  ProfileMatch              :                 name: Facebook
03:56:23 INFO  ProfileMatch              :             category: SocialMedia
03:56:23 INFO  ProfileMatch              :              version: 4.33.0  [OLD VERSION]
03:56:23 INFO  ProfileMatch              :         release-date: 01.05.2018
03:56:23 INFO  ProfileMatch              :     lib root package: "com.facebook.all"  (in app: "androidx.core.view")
03:56:23 INFO  ProfileMatch              : 
03:56:23 INFO  ProfileMatch              :                 name: Facebook
03:56:23 INFO  ProfileMatch              :             category: SocialMedia
03:56:23 INFO  ProfileMatch              :              version: 4.34.0  [OLD VERSION]
03:56:23 INFO  ProfileMatch              :         release-date: 19.06.2018
03:56:23 INFO  ProfileMatch              :     lib root package: "com.facebook.all"  (in app: "androidx.core.view")
03:56:23 INFO  ProfileMatch              : 
03:56:23 INFO  ProfileMatch              :                 name: Facebook
03:56:23 INFO  ProfileMatch              :             category: SocialMedia
03:56:23 INFO  ProfileMatch              :              version: 4.35.0  [OLD VERSION]
03:56:23 INFO  ProfileMatch              :         release-date: 26.07.2018
03:56:23 INFO  ProfileMatch              :     lib root package: "com.facebook.all"  (in app: "androidx.core.view")
03:56:23 INFO  ProfileMatch              : 
03:56:23 INFO  ProfileMatch              :                 name: Facebook
03:56:23 INFO  ProfileMatch              :             category: SocialMedia
03:56:23 INFO  ProfileMatch              :              version: 4.36.0  [OLD VERSION]
03:56:23 INFO  ProfileMatch              :         release-date: 29.08.2018
03:56:23 INFO  ProfileMatch              :     lib root package: "com.facebook.all"  (in app: "androidx.core.view")
03:56:23 INFO  ProfileMatch              : 
03:56:23 INFO  ProfileMatch              :                 name: Facebook
03:56:23 INFO  ProfileMatch              :             category: SocialMedia
03:56:23 INFO  ProfileMatch              :              version: 4.36.1  [OLD VERSION]
03:56:23 INFO  ProfileMatch              :         release-date: 15.09.2018
03:56:23 INFO  ProfileMatch              :     lib root package: "com.facebook.all"  (in app: "androidx.core.view")
03:56:23 INFO  ProfileMatch              : 
03:56:23 INFO  ProfileMatch              :                 name: Facebook
03:56:23 INFO  ProfileMatch              :             category: SocialMedia
03:56:23 INFO  ProfileMatch              :              version: 4.37.0  [OLD VERSION]
03:56:23 INFO  ProfileMatch              :         release-date: 27.09.2018
03:56:23 INFO  ProfileMatch              :     lib root package: "com.facebook.all"  (in app: "androidx.core.view")
03:56:23 INFO  ProfileMatch              : 
03:56:23 INFO  ProfileMatch              :                 name: Facebook
03:56:23 INFO  ProfileMatch              :             category: SocialMedia
03:56:23 INFO  ProfileMatch              :              version: 4.38.0  [OLD VERSION]
03:56:23 INFO  ProfileMatch              :         release-date: 23.10.2018
03:56:23 INFO  ProfileMatch              :     lib root package: "com.facebook.all"  (in app: "androidx.core.view")
03:56:23 INFO  ProfileMatch              : 
03:56:23 INFO  ProfileMatch              :                 name: Facebook
03:56:23 INFO  ProfileMatch              :             category: SocialMedia
03:56:23 INFO  ProfileMatch              :              version: 4.38.1  [OLD VERSION]
03:56:23 INFO  ProfileMatch              :         release-date: 31.10.2018
03:56:23 INFO  ProfileMatch              :     lib root package: "com.facebook.all"  (in app: "androidx.core.view")
03:56:23 INFO  ProfileMatch              : 
03:56:23 INFO  ProfileMatch              :                 name: Facebook
03:56:23 INFO  ProfileMatch              :             category: SocialMedia
03:56:23 INFO  ProfileMatch              :              version: 4.39.0  [OLD VERSION]
03:56:23 INFO  ProfileMatch              :         release-date: 05.12.2018
03:56:23 INFO  ProfileMatch              :     lib root package: "com.facebook.all"  (in app: "androidx.core.view")
03:56:23 INFO  ProfileMatch              : 
03:56:23 INFO  ProfileMatch              :                 name: Facebook
03:56:23 INFO  ProfileMatch              :             category: SocialMedia
03:56:23 INFO  ProfileMatch              :              version: 4.40.0  [OLD VERSION]
03:56:23 INFO  ProfileMatch              :         release-date: 22.01.2019
03:56:23 INFO  ProfileMatch              :     lib root package: "com.facebook.all"  (in app: "androidx.core.view")
03:56:23 INFO  ProfileMatch              : 
03:56:23 INFO  ProfileMatch              :                 name: Facebook
03:56:23 INFO  ProfileMatch              :             category: SocialMedia
03:56:23 INFO  ProfileMatch              :              version: 4.41.0  [OLD VERSION]
03:56:23 INFO  ProfileMatch              :         release-date: 08.03.2019
03:56:23 INFO  ProfileMatch              :     lib root package: "com.facebook.all"  (in app: "androidx.core.view")
03:56:23 INFO  ProfileMatch              : 
03:56:23 INFO  ProfileMatch              :                 name: Facebook
03:56:23 INFO  ProfileMatch              :             category: SocialMedia
03:56:23 INFO  ProfileMatch              :              version: 4.42.0  [OLD VERSION]
03:56:23 INFO  ProfileMatch              :         release-date: 08.04.2019
03:56:23 INFO  ProfileMatch              :     lib root package: "com.facebook.all"  (in app: "androidx.core.view")
03:56:23 INFO  ProfileMatch              : 
03:56:23 INFO  ProfileMatch              :                 name: Facebook
03:56:23 INFO  ProfileMatch              :             category: SocialMedia
03:56:23 INFO  ProfileMatch              :              version: 5.0.0  [OLD VERSION]
03:56:23 INFO  ProfileMatch              :         release-date: 30.04.2019
03:56:23 INFO  ProfileMatch              :     lib root package: "com.facebook.all"  (in app: "androidx.core.view")
03:56:23 INFO  ProfileMatch              : 
03:56:23 INFO  ProfileMatch              :                 name: Facebook
03:56:23 INFO  ProfileMatch              :             category: SocialMedia
03:56:23 INFO  ProfileMatch              :              version: 5.0.1  [OLD VERSION]
03:56:23 INFO  ProfileMatch              :         release-date: 17.05.2019
03:56:23 INFO  ProfileMatch              :     lib root package: "com.facebook.all"  (in app: "androidx.core.view")
03:56:23 INFO  ProfileMatch              : 
03:56:23 INFO  ProfileMatch              :                 name: Facebook
03:56:23 INFO  ProfileMatch              :             category: SocialMedia
03:56:23 INFO  ProfileMatch              :              version: 5.0.2  [OLD VERSION]
03:56:23 INFO  ProfileMatch              :         release-date: 09.06.2019
03:56:23 INFO  ProfileMatch              :     lib root package: "com.facebook.all"  (in app: "androidx.core.view")
03:56:23 INFO  ProfileMatch              : 
03:56:23 INFO  ProfileMatch              :                 name: Facebook
03:56:23 INFO  ProfileMatch              :             category: SocialMedia
03:56:23 INFO  ProfileMatch              :              version: 5.0.3  [OLD VERSION]
03:56:23 INFO  ProfileMatch              :         release-date: 14.06.2019
03:56:23 INFO  ProfileMatch              :     lib root package: "com.facebook.all"  (in app: "androidx.core.view")
03:56:23 INFO  ProfileMatch              : 
03:56:23 INFO  ProfileMatch              :                 name: Facebook
03:56:23 INFO  ProfileMatch              :             category: SocialMedia
03:56:23 INFO  ProfileMatch              :              version: 5.1.0  [OLD VERSION]
03:56:23 INFO  ProfileMatch              :         release-date: 21.06.2019
03:56:23 INFO  ProfileMatch              :     lib root package: "com.facebook.all"  (in app: "androidx.core.view")
03:56:23 INFO  ProfileMatch              : 
03:56:23 INFO  ProfileMatch              :                 name: Facebook
03:56:23 INFO  ProfileMatch              :             category: SocialMedia
03:56:23 INFO  ProfileMatch              :              version: 5.1.1  [OLD VERSION]
03:56:23 INFO  ProfileMatch              :         release-date: 02.07.2019
03:56:23 INFO  ProfileMatch              :     lib root package: "com.facebook.all"  (in app: "androidx.core.view")
03:56:23 INFO  ProfileMatch              : 
03:56:23 INFO  ProfileMatch              :                 name: Facebook
03:56:23 INFO  ProfileMatch              :             category: SocialMedia
03:56:23 INFO  ProfileMatch              :              version: 5.2.0  [OLD VERSION]
03:56:23 INFO  ProfileMatch              :         release-date: 29.07.2019
03:56:23 INFO  ProfileMatch              :     lib root package: "com.facebook.all"  (in app: "androidx.core.view")
03:56:23 INFO  ProfileMatch              : 
03:56:23 INFO  ProfileMatch              :                 name: Facebook
03:56:23 INFO  ProfileMatch              :             category: SocialMedia
03:56:23 INFO  ProfileMatch              :              version: 5.4.0  [OLD VERSION]
03:56:23 INFO  ProfileMatch              :         release-date: 16.08.2019
03:56:23 INFO  ProfileMatch              :     lib root package: "com.facebook.all"  (in app: "androidx.core.view")
03:56:23 INFO  ProfileMatch              : 
03:56:23 INFO  ProfileMatch              :                 name: Facebook
03:56:23 INFO  ProfileMatch              :             category: SocialMedia
03:56:23 INFO  ProfileMatch              :              version: 5.5.0  [OLD VERSION]
03:56:23 INFO  ProfileMatch              :         release-date: 31.08.2019
03:56:23 INFO  ProfileMatch              :     lib root package: "com.facebook.all"  (in app: "androidx.core.view")
03:56:23 INFO  ProfileMatch              : 
03:56:23 INFO  ProfileMatch              :                 name: Facebook
03:56:23 INFO  ProfileMatch              :             category: SocialMedia
03:56:23 INFO  ProfileMatch              :              version: 5.5.1  [OLD VERSION]
03:56:23 INFO  ProfileMatch              :         release-date: 06.09.2019
03:56:23 INFO  ProfileMatch              :     lib root package: "com.facebook.all"  (in app: "androidx.core.view")
03:56:23 INFO  ProfileMatch              : 
03:56:23 INFO  ProfileMatch              :                 name: Facebook
03:56:23 INFO  ProfileMatch              :             category: SocialMedia
03:56:23 INFO  ProfileMatch              :              version: 5.5.2  [OLD VERSION]
03:56:23 INFO  ProfileMatch              :         release-date: 05.10.2019
03:56:23 INFO  ProfileMatch              :     lib root package: "com.facebook.all"  (in app: "androidx.core.view")
03:56:23 INFO  ProfileMatch              : 
03:56:23 INFO  ProfileMatch              :                 name: Facebook
03:56:23 INFO  ProfileMatch              :             category: SocialMedia
03:56:23 INFO  ProfileMatch              :              version: 5.8.0  [OLD VERSION]
03:56:23 INFO  ProfileMatch              :         release-date: 08.10.2019
03:56:23 INFO  ProfileMatch              :     lib root package: "com.facebook.all"  (in app: "androidx.core.view")
03:56:23 INFO  ProfileMatch              : 
03:56:23 INFO  ProfileMatch              :                 name: Facebook
03:56:23 INFO  ProfileMatch              :             category: SocialMedia
03:56:23 INFO  ProfileMatch              :              version: 5.9.0  [OLD VERSION]
03:56:23 INFO  ProfileMatch              :         release-date: 29.10.2019
03:56:23 INFO  ProfileMatch              :     lib root package: "com.facebook.all"  (in app: "androidx.core.view")
03:56:23 INFO  ProfileMatch              : 
03:56:23 INFO  ProfileMatch              :                 name: Facebook
03:56:23 INFO  ProfileMatch              :             category: SocialMedia
03:56:23 INFO  ProfileMatch              :              version: 5.11.0  [OLD VERSION]
03:56:23 INFO  ProfileMatch              :         release-date: 15.11.2019
03:56:23 INFO  ProfileMatch              :     lib root package: "com.facebook.all"  (in app: "androidx.core.view")
03:56:23 INFO  ProfileMatch              : 
03:56:23 INFO  ProfileMatch              :                 name: Facebook
03:56:23 INFO  ProfileMatch              :             category: SocialMedia
03:56:23 INFO  ProfileMatch              :              version: 5.11.1  [OLD VERSION]
03:56:23 INFO  ProfileMatch              :         release-date: 21.11.2019
03:56:23 INFO  ProfileMatch              :     lib root package: "com.facebook.all"  (in app: "androidx.core.view")
03:56:23 INFO  ProfileMatch              : 
03:56:23 INFO  ProfileMatch              :                 name: Facebook
03:56:23 INFO  ProfileMatch              :             category: SocialMedia
03:56:23 INFO  ProfileMatch              :              version: 5.11.2  [OLD VERSION]
03:56:23 INFO  ProfileMatch              :         release-date: 22.11.2019
03:56:23 INFO  ProfileMatch              :     lib root package: "com.facebook.all"  (in app: "androidx.core.view")
03:56:23 INFO  ProfileMatch              : 
03:56:23 INFO  ProfileMatch              :                 name: Facebook
03:56:23 INFO  ProfileMatch              :             category: SocialMedia
03:56:23 INFO  ProfileMatch              :              version: 5.12.0  [OLD VERSION]
03:56:23 INFO  ProfileMatch              :         release-date: 04.12.2019
03:56:23 INFO  ProfileMatch              :     lib root package: "com.facebook.all"  (in app: "androidx.core.view")
03:56:23 INFO  ProfileMatch              : 
03:56:23 INFO  ProfileMatch              :                 name: Facebook
03:56:23 INFO  ProfileMatch              :             category: SocialMedia
03:56:23 INFO  ProfileMatch              :              version: 5.12.1  [OLD VERSION]
03:56:23 INFO  ProfileMatch              :         release-date: 09.12.2019
03:56:23 INFO  ProfileMatch              :     lib root package: "com.facebook.all"  (in app: "androidx.core.view")
03:56:23 INFO  ProfileMatch              : 
03:56:23 INFO  ProfileMatch              :                 name: Facebook
03:56:23 INFO  ProfileMatch              :             category: SocialMedia
03:56:23 INFO  ProfileMatch              :              version: 5.13.0  [OLD VERSION]
03:56:23 INFO  ProfileMatch              :         release-date: 12.12.2019
03:56:23 INFO  ProfileMatch              :     lib root package: "com.facebook.all"  (in app: "androidx.core.view")
03:56:23 INFO  ProfileMatch              : 
03:56:23 INFO  ProfileMatch              :                 name: Facebook
03:56:23 INFO  ProfileMatch              :             category: SocialMedia
03:56:23 INFO  ProfileMatch              :              version: 5.15.0  [OLD VERSION]
03:56:23 INFO  ProfileMatch              :         release-date: 21.01.2020
03:56:23 INFO  ProfileMatch              :     lib root package: "com.facebook.all"  (in app: "androidx.core.view")
03:56:23 INFO  ProfileMatch              : 
03:56:23 INFO  ProfileMatch              :                 name: Facebook
03:56:23 INFO  ProfileMatch              :             category: SocialMedia
03:56:23 INFO  ProfileMatch              :              version: 5.15.1  [OLD VERSION]
03:56:23 INFO  ProfileMatch              :         release-date: 29.01.2020
03:56:23 INFO  ProfileMatch              :     lib root package: "com.facebook.all"  (in app: "androidx.core.view")
03:56:23 INFO  ProfileMatch              : 
03:56:23 INFO  ProfileMatch              :                 name: Facebook
03:56:23 INFO  ProfileMatch              :             category: SocialMedia
03:56:23 INFO  ProfileMatch              :              version: 5.15.2  [OLD VERSION]
03:56:23 INFO  ProfileMatch              :         release-date: 03.02.2020
03:56:23 INFO  ProfileMatch              :     lib root package: "com.facebook.all"  (in app: "androidx.core.view")
03:56:23 INFO  ProfileMatch              : 
03:56:23 INFO  ProfileMatch              :                 name: Facebook
03:56:23 INFO  ProfileMatch              :             category: SocialMedia
03:56:23 INFO  ProfileMatch              :              version: 5.15.3  [OLD VERSION]
03:56:23 INFO  ProfileMatch              :         release-date: 03.02.2020
03:56:23 INFO  ProfileMatch              :     lib root package: "com.facebook.all"  (in app: "androidx.core.view")
03:56:23 INFO  ProfileMatch              : 
03:56:23 INFO  ProfileMatch              :                 name: Facebook
03:56:23 INFO  ProfileMatch              :             category: SocialMedia
03:56:23 INFO  ProfileMatch              :              version: 6.0.0  [OLD VERSION]
03:56:23 INFO  ProfileMatch              :         release-date: 03.02.2020
03:56:23 INFO  ProfileMatch              :     lib root package: "com.facebook.all"  (in app: "androidx.core.view")
03:56:23 INFO  ProfileMatch              : 
03:56:23 INFO  ProfileMatch              :                 name: Facebook
03:56:23 INFO  ProfileMatch              :             category: SocialMedia
03:56:23 INFO  ProfileMatch              :              version: 6.1.0  [OLD VERSION]
03:56:23 INFO  ProfileMatch              :         release-date: 14.02.2020
03:56:23 INFO  ProfileMatch              :     lib root package: "com.facebook.all"  (in app: "androidx.core.view")
03:56:23 INFO  ProfileMatch              : 
03:56:23 INFO  ProfileMatch              :                 name: Facebook
03:56:23 INFO  ProfileMatch              :             category: SocialMedia
03:56:23 INFO  ProfileMatch              :              version: 6.2.0  [OLD VERSION]
03:56:23 INFO  ProfileMatch              :         release-date: 09.03.2020
03:56:23 INFO  ProfileMatch              :     lib root package: "com.facebook.all"  (in app: "androidx.core.view")
03:56:23 INFO  ProfileMatch              : 
03:56:23 INFO  ProfileMatch              :                 name: Facebook
03:56:23 INFO  ProfileMatch              :             category: SocialMedia
03:56:23 INFO  ProfileMatch              :              version: 6.3.0  [OLD VERSION]
03:56:23 INFO  ProfileMatch              :         release-date: 25.03.2020
03:56:23 INFO  ProfileMatch              :     lib root package: "com.facebook.all"  (in app: "androidx.core.view")
03:56:23 INFO  ProfileMatch              : 
03:56:23 INFO  ProfileMatch              :                 name: Facebook
03:56:23 INFO  ProfileMatch              :             category: SocialMedia
03:56:23 INFO  ProfileMatch              :              version: 6.4.0  [OLD VERSION]
03:56:23 INFO  ProfileMatch              :         release-date: 15.04.2020
03:56:23 INFO  ProfileMatch              :     lib root package: "com.facebook.all"  (in app: "androidx.core.view")
03:56:23 INFO  ProfileMatch              : 
03:56:23 INFO  ProfileMatch              :                 name: Facebook
03:56:23 INFO  ProfileMatch              :             category: SocialMedia
03:56:23 INFO  ProfileMatch              :              version: 6.5.0  [OLD VERSION]
03:56:23 INFO  ProfileMatch              :         release-date: 20.04.2020
03:56:23 INFO  ProfileMatch              :     lib root package: "com.facebook.all"  (in app: "androidx.core.view")
03:56:23 INFO  ProfileMatch              : 
03:56:23 INFO  ProfileMatch              :                 name: Facebook
03:56:23 INFO  ProfileMatch              :             category: SocialMedia
03:56:23 INFO  ProfileMatch              :              version: 6.5.1  [OLD VERSION]
03:56:23 INFO  ProfileMatch              :         release-date: 23.04.2020
03:56:23 INFO  ProfileMatch              :     lib root package: "com.facebook.all"  (in app: "androidx.core.view")
03:56:23 INFO  ProfileMatch              : 
03:56:23 INFO  ProfileMatch              :                 name: Facebook
03:56:23 INFO  ProfileMatch              :             category: SocialMedia
03:56:23 INFO  ProfileMatch              :              version: 7.0.0  [OLD VERSION]
03:56:23 INFO  ProfileMatch              :         release-date: 05.05.2020
03:56:23 INFO  ProfileMatch              :     lib root package: "com.facebook.all"  (in app: "androidx.core.view")
03:56:23 INFO  ProfileMatch              : 
03:56:23 INFO  ProfileMatch              :                 name: Facebook
03:56:23 INFO  ProfileMatch              :             category: SocialMedia
03:56:23 INFO  ProfileMatch              :              version: 7.0.1  [OLD VERSION]
03:56:23 INFO  ProfileMatch              :         release-date: 09.06.2020
03:56:23 INFO  ProfileMatch              :     lib root package: "com.facebook.all"  (in app: "androidx.core.view")
03:56:23 INFO  ProfileMatch              : 
03:56:23 INFO  ProfileMatch              :                 name: Facebook
03:56:23 INFO  ProfileMatch              :             category: SocialMedia
03:56:23 INFO  ProfileMatch              :              version: 7.1.0  [OLD VERSION]
03:56:23 INFO  ProfileMatch              :         release-date: 23.06.2020
03:56:23 INFO  ProfileMatch              :     lib root package: "com.facebook.all"  (in app: "androidx.core.view")
03:56:23 INFO  ProfileMatch              : 
03:56:23 INFO  ProfileMatch              :                 name: Facebook
03:56:23 INFO  ProfileMatch              :             category: SocialMedia
03:56:23 INFO  ProfileMatch              :              version: 8.0.0  [OLD VERSION]
03:56:23 INFO  ProfileMatch              :         release-date: 28.09.2020
03:56:23 INFO  ProfileMatch              :     lib root package: "com.facebook.all"  (in app: "androidx.core.view")
03:56:23 INFO  ProfileMatch              : 
03:56:23 INFO  ProfileMatch              :                 name: Facebook
03:56:23 INFO  ProfileMatch              :             category: SocialMedia
03:56:23 INFO  ProfileMatch              :              version: 8.1.0  [OLD VERSION]
03:56:23 INFO  ProfileMatch              :         release-date: 14.10.2020
03:56:23 INFO  ProfileMatch              :     lib root package: "com.facebook.all"  (in app: "androidx.core.view")
03:56:23 INFO  ProfileMatch              : 
03:56:23 INFO  ProfileMatch              :                 name: Facebook
03:56:23 INFO  ProfileMatch              :             category: SocialMedia
03:56:23 INFO  ProfileMatch              :              version: 8.2.0  [OLD VERSION]
03:56:23 INFO  ProfileMatch              :         release-date: 18.12.2020
03:56:23 INFO  ProfileMatch              :     lib root package: "com.facebook.all"  (in app: "androidx.core.view")
03:56:23 INFO  ProfileMatch              : 
03:56:23 INFO  ProfileMatch              :                 name: Facebook
03:56:23 INFO  ProfileMatch              :             category: SocialMedia
03:56:23 INFO  ProfileMatch              :              version: 9.0.0  [OLD VERSION]
03:56:23 INFO  ProfileMatch              :         release-date: 19.01.2021
03:56:23 INFO  ProfileMatch              :     lib root package: "com.facebook.all"  (in app: "androidx.core.view")
03:56:23 INFO  ProfileMatch              : 
03:56:23 INFO  ProfileMatch              :                 name: Facebook
03:56:23 INFO  ProfileMatch              :             category: SocialMedia
03:56:23 INFO  ProfileMatch              :              version: 9.1.0  [OLD VERSION]
03:56:23 INFO  ProfileMatch              :         release-date: 15.03.2021
03:56:23 INFO  ProfileMatch              :     lib root package: "com.facebook.all"  (in app: "androidx.core.view")
03:56:23 INFO  ProfileMatch              : 
03:56:23 INFO  ProfileMatch              :                 name: Facebook
03:56:23 INFO  ProfileMatch              :             category: SocialMedia
03:56:23 INFO  ProfileMatch              :              version: 9.1.1  [OLD VERSION]
03:56:23 INFO  ProfileMatch              :         release-date: 12.04.2021
03:56:23 INFO  ProfileMatch              :     lib root package: "com.facebook.all"  (in app: "androidx.core.view")
03:56:23 INFO  ProfileMatch              : 
03:56:23 INFO  ProfileMatch              :                 name: Facebook
03:56:23 INFO  ProfileMatch              :             category: SocialMedia
03:56:23 INFO  ProfileMatch              :              version: 11.0.0  [OLD VERSION]
03:56:23 INFO  ProfileMatch              :         release-date: 08.06.2021
03:56:23 INFO  ProfileMatch              :     lib root package: "com.facebook.all"  (in app: "androidx.core.view")
03:56:23 INFO  ProfileMatch              : 
03:56:23 INFO  ProfileMatch              :                 name: Facebook
03:56:23 INFO  ProfileMatch              :             category: SocialMedia
03:56:23 INFO  ProfileMatch              :              version: 11.1.0  [OLD VERSION]
03:56:23 INFO  ProfileMatch              :         release-date: 06.07.2021
03:56:23 INFO  ProfileMatch              :     lib root package: "com.facebook.all"  (in app: "androidx.core.view")
03:56:23 INFO  ProfileMatch              : 
03:56:23 INFO  ProfileMatch              :                 name: Facebook
03:56:23 INFO  ProfileMatch              :             category: SocialMedia
03:56:23 INFO  ProfileMatch              :              version: 11.1.1  [OLD VERSION]
03:56:23 INFO  ProfileMatch              :         release-date: 19.07.2021
03:56:23 INFO  ProfileMatch              :     lib root package: "com.facebook.all"  (in app: "androidx.core.view")
03:56:23 INFO  ProfileMatch              : 
03:56:23 INFO  ProfileMatch              :                 name: Facebook
03:56:23 INFO  ProfileMatch              :             category: SocialMedia
03:56:23 INFO  ProfileMatch              :              version: 11.2.0  [OLD VERSION]
03:56:23 INFO  ProfileMatch              :         release-date: 03.08.2021
03:56:23 INFO  ProfileMatch              :     lib root package: "com.facebook.all"  (in app: "androidx.core.view")
03:56:23 INFO  ProfileMatch              : 
03:56:23 INFO  ProfileMatch              :                 name: Facebook
03:56:23 INFO  ProfileMatch              :             category: SocialMedia
03:56:23 INFO  ProfileMatch              :              version: 11.3.0  [OLD VERSION]
03:56:23 INFO  ProfileMatch              :         release-date: 07.09.2021
03:56:23 INFO  ProfileMatch              :     lib root package: "com.facebook.all"  (in app: "androidx.core.view")
03:56:23 INFO  ProfileMatch              : 
03:56:23 INFO  ProfileMatch              :                 name: Facebook
03:56:23 INFO  ProfileMatch              :             category: SocialMedia
03:56:23 INFO  ProfileMatch              :              version: 12.0.0  [OLD VERSION]
03:56:23 INFO  ProfileMatch              :         release-date: 05.10.2021
03:56:23 INFO  ProfileMatch              :     lib root package: "com.facebook.all"  (in app: "androidx.core.view")
03:56:23 INFO  ProfileMatch              : 
03:56:23 INFO  ProfileMatch              :                 name: Facebook
03:56:23 INFO  ProfileMatch              :             category: SocialMedia
03:56:23 INFO  ProfileMatch              :              version: 12.0.1  [OLD VERSION]
03:56:23 INFO  ProfileMatch              :         release-date: 13.10.2021
03:56:23 INFO  ProfileMatch              :     lib root package: "com.facebook.all"  (in app: "androidx.core.view")
03:56:23 INFO  ProfileMatch              : 
03:56:23 INFO  ProfileMatch              :                 name: Facebook
03:56:23 INFO  ProfileMatch              :             category: SocialMedia
03:56:23 INFO  ProfileMatch              :              version: 12.1.0  [OLD VERSION]
03:56:23 INFO  ProfileMatch              :         release-date: 01.11.2021
03:56:23 INFO  ProfileMatch              :     lib root package: "com.facebook.all"  (in app: "androidx.core.view")
03:56:23 INFO  ProfileMatch              : 
03:56:23 INFO  ProfileMatch              :                 name: Facebook
03:56:23 INFO  ProfileMatch              :             category: SocialMedia
03:56:23 INFO  ProfileMatch              :              version: 12.2.0  [OLD VERSION]
03:56:23 INFO  ProfileMatch              :         release-date: 06.12.2021
03:56:23 INFO  ProfileMatch              :     lib root package: "com.facebook.all"  (in app: "androidx.core.view")
03:56:23 INFO  ProfileMatch              : 
03:56:23 INFO  ProfileMatch              :                 name: Facebook
03:56:23 INFO  ProfileMatch              :             category: SocialMedia
03:56:23 INFO  ProfileMatch              :              version: 12.3.0  [OLD VERSION]
03:56:23 INFO  ProfileMatch              :         release-date: 10.01.2022
03:56:23 INFO  ProfileMatch              :     lib root package: "com.facebook.all"  (in app: "androidx.core.view")
03:56:23 INFO  ProfileMatch              : 
03:56:23 INFO  ProfileMatch              :                 name: Facebook
03:56:23 INFO  ProfileMatch              :             category: SocialMedia
03:56:23 INFO  ProfileMatch              :              version: 13.0.0  [OLD VERSION]
03:56:23 INFO  ProfileMatch              :         release-date: 23.02.2022
03:56:23 INFO  ProfileMatch              :     lib root package: "com.facebook.all"  (in app: "androidx.core.view")
03:56:23 INFO  ProfileMatch              : 
03:56:23 INFO  ProfileMatch              :                 name: Facebook
03:56:23 INFO  ProfileMatch              :             category: SocialMedia
03:56:23 INFO  ProfileMatch              :              version: 13.1.0  [OLD VERSION]
03:56:23 INFO  ProfileMatch              :         release-date: 21.03.2022
03:56:23 INFO  ProfileMatch              :     lib root package: "com.facebook.all"  (in app: "androidx.core.view")
03:56:23 INFO  ProfileMatch              : 
03:56:23 INFO  ProfileMatch              :                 name: Facebook
03:56:23 INFO  ProfileMatch              :             category: SocialMedia
03:56:23 INFO  ProfileMatch              :              version: 13.2.0  [OLD VERSION]
03:56:23 INFO  ProfileMatch              :         release-date: 22.04.2022
03:56:23 INFO  ProfileMatch              :     lib root package: "com.facebook.all"  (in app: "androidx.core.view")
03:56:23 INFO  ProfileMatch              : 
03:56:23 INFO  ProfileMatch              :                 name: Facebook
03:56:23 INFO  ProfileMatch              :             category: SocialMedia
03:56:23 INFO  ProfileMatch              :              version: 14.0.0
03:56:23 INFO  ProfileMatch              :         release-date: 14.06.2022
03:56:23 INFO  ProfileMatch              :     lib root package: "com.facebook.all"  (in app: "androidx.core.view")
03:56:23 INFO  ProfileMatch              : 
03:56:24 INFO  LibraryIdentifier         : 
03:56:24 INFO  LibraryIdentifier         : - Partial library matches:
03:56:24 INFO  LibraryIdentifier         : 
03:56:24 INFO  LibraryIdentifier         : App processing time: 22 sec, 252 ms
