16:23:22 INFO  LibraryIdentifier         : Process app: nitezh.ministock_80.apk
16:23:22 INFO  LibraryIdentifier         : = Manifest Parser =
16:23:22 INFO  LibraryIdentifier         :         Package name: nitezh.ministock
16:23:22 INFO  LibraryIdentifier         :         Version code: 80
16:23:22 INFO  LibraryIdentifier         :        minSdkVersion: 19
16:23:22 INFO  LibraryIdentifier         :     targetSdkVersion: 28
16:23:22 INFO  LibraryIdentifier         :         SharedUserId:  - none -
16:23:22 INFO  LibraryIdentifier         :     Library dependencies:  - none -
16:23:22 INFO  LibraryIdentifier         : 
16:23:22 INFO  LibraryIdentifier         : Found 402 unique libraries in 12405 library profiles
16:23:23 INFO  LibraryIdentifier         : Generated class hierarchy (in 462 ms)
16:23:23 INFO  WalaUtils                 : 
16:23:23 INFO  WalaUtils                 : = ClassHierarchy Stats =
16:23:23 INFO  WalaUtils                 :     # of classes: 1985
16:23:23 INFO  WalaUtils                 :     # thereof inner classes: 1318
16:23:23 INFO  WalaUtils                 :     # thereof public classes: 533
16:23:23 INFO  WalaUtils                 :         Activity : 9
16:23:23 INFO  WalaUtils                 :         Application : 0
16:23:23 INFO  WalaUtils                 :         AsyncTask : 1
16:23:23 INFO  WalaUtils                 :         BroadcastReceiver : 6
16:23:23 INFO  WalaUtils                 :         ContentProvider : 1
16:23:23 INFO  WalaUtils                 :         Fragment : 0
16:23:23 INFO  WalaUtils                 :         Handler : 0
16:23:23 INFO  WalaUtils                 :         LayoutContainer : 0
16:23:23 INFO  WalaUtils                 :         Plain : 1968
16:23:23 INFO  WalaUtils                 :         Runnable : 0
16:23:23 INFO  WalaUtils                 :         Service : 0
16:23:23 INFO  WalaUtils                 :         Thread : 0
16:23:23 INFO  WalaUtils                 :         View : 0
16:23:23 INFO  WalaUtils                 :     # methods: 13596
16:23:23 INFO  WalaUtils                 :         # of publicly accessible methods: 8380
16:23:23 INFO  WalaUtils                 :         # of non-accessible methods: 5216
16:23:23 INFO  WalaUtils                 : 
16:23:23 INFO  Profile                   : = PackageTree =
16:23:23 INFO  PackageTree               : Root Package: com.google
16:23:23 INFO  PackageTree               : └── Root
16:23:23 INFO  PackageTree               :     ├── com
16:23:23 INFO  PackageTree               :     │   └── google
16:23:23 INFO  PackageTree               :     │       ├── common
16:23:23 INFO  PackageTree               :     │       │   ├── graph (104)
16:23:23 INFO  PackageTree               :     │       │   ├── collect (808)
16:23:23 INFO  PackageTree               :     │       │   ├── util
16:23:23 INFO  PackageTree               :     │       │   │   └── concurrent (259)
16:23:23 INFO  PackageTree               :     │       │   │       └── internal (2)
16:23:23 INFO  PackageTree               :     │       │   ├── cache (118)
16:23:23 INFO  PackageTree               :     │       │   ├── io (77)
16:23:23 INFO  PackageTree               :     │       │   ├── reflect (72)
16:23:23 INFO  PackageTree               :     │       │   ├── net (13)
16:23:23 INFO  PackageTree               :     │       │   ├── base (151)
16:23:23 INFO  PackageTree               :     │       │   │   └── internal (1)
16:23:23 INFO  PackageTree               :     │       │   ├── hash (80)
16:23:23 INFO  PackageTree               :     │       │   ├── eventbus (23)
16:23:23 INFO  PackageTree               :     │       │   ├── annotations (4)
16:23:23 INFO  PackageTree               :     │       │   ├── escape (16)
16:23:23 INFO  PackageTree               :     │       │   ├── primitives (55)
16:23:23 INFO  PackageTree               :     │       │   ├── math (22)
16:23:23 INFO  PackageTree               :     │       │   ├── html (1)
16:23:23 INFO  PackageTree               :     │       │   └── xml (1)
16:23:23 INFO  PackageTree               :     │       ├── j2objc
16:23:23 INFO  PackageTree               :     │       │   └── annotations (12)
16:23:23 INFO  PackageTree               :     │       ├── errorprone
16:23:23 INFO  PackageTree               :     │       │   └── annotations (18)
16:23:23 INFO  PackageTree               :     │       │       └── concurrent (4)
16:23:23 INFO  PackageTree               :     │       └── thirdparty
16:23:23 INFO  PackageTree               :     │           └── publicsuffix (3)
16:23:23 INFO  PackageTree               :     ├── javax
16:23:23 INFO  PackageTree               :     │   └── annotation (24)
16:23:23 INFO  PackageTree               :     │       ├── concurrent (4)
16:23:23 INFO  PackageTree               :     │       └── meta (7)
16:23:23 INFO  PackageTree               :     ├── nitezh
16:23:23 INFO  PackageTree               :     │   └── ministock (20)
16:23:23 INFO  PackageTree               :     │       ├── domain (10)
16:23:23 INFO  PackageTree               :     │       ├── activities (34)
16:23:23 INFO  PackageTree               :     │       │   ├── configure (6)
16:23:23 INFO  PackageTree               :     │       │   └── widget (11)
16:23:23 INFO  PackageTree               :     │       ├── utils (9)
16:23:23 INFO  PackageTree               :     │       └── dataaccess (5)
16:23:23 INFO  PackageTree               :     └── org
16:23:23 INFO  PackageTree               :         ├── checkerframework
16:23:23 INFO  PackageTree               :         │   └── checker
16:23:23 INFO  PackageTree               :         │       └── nullness
16:23:23 INFO  PackageTree               :         │           └── compatqual (10)
16:23:23 INFO  PackageTree               :         └── codehaus
16:23:23 INFO  PackageTree               :             └── mojo
16:23:23 INFO  PackageTree               :                 └── animal_sniffer (1)
16:23:23 INFO  Profile                   : 
16:23:23 INFO  AppProfile                : - generated app package tree (in 22 ms)
16:23:23 INFO  AppProfile                : 
16:23:23 DEBUG HashTree                  : Generate hash tree..
16:23:23 DEBUG HashTree                  :     - generated 33 package hashes.
16:23:23 DEBUG HashTree                  :     - generated 1930 clazz hashes.
16:23:23 DEBUG HashTree                  :     - generated 13596 method hashes.
16:23:23 DEBUG HashTree                  :     => Library Hash: 651f9bce42afafa1f2b2221612731fe1
16:23:23 INFO  AppProfile                : - generated app hash trees (in 416 ms)
16:23:23 INFO  AppProfile                : 
16:23:23 INFO  LibraryIdentifier         : = Scan for library root packages (heuristic) =
16:23:23 INFO  LibraryIdentifier         :     - Found lib root package com.google.common  (Guava)
16:23:23 INFO  LibraryIdentifier         : 
16:23:23 INFO  LibraryIdentifier         : = Match profiles =
16:23:51 INFO  LibraryIdentifier         :     >> profile matching done (27 sec, 455 ms)
16:23:51 INFO  LibraryIdentifier         : 
16:23:51 INFO  LibraryIdentifier         : == Report ==
16:23:51 INFO  LibraryIdentifier         : - Full library matches:
16:23:51 INFO  ProfileMatch              :                 name: Guava
16:23:51 INFO  ProfileMatch              :             category: Utilities
16:23:51 INFO  ProfileMatch              :              version: 27.1-android  [OLD VERSION]
16:23:51 INFO  ProfileMatch              :         release-date: 08.03.2019
16:23:51 INFO  ProfileMatch              :     lib root package: "com.google"
16:23:51 INFO  ProfileMatch              : 
16:23:51 INFO  LibraryIdentifier         : 
16:23:51 INFO  LibraryIdentifier         : - Partial library matches:
16:23:51 INFO  LibraryIdentifier         :                 name: com.android.support::interpolator
16:23:51 INFO  LibraryIdentifier         :             category: Android
16:23:51 INFO  LibraryIdentifier         :              version: 28.0.0
16:23:51 INFO  LibraryIdentifier         :         release-date:  --
16:23:51 INFO  LibraryIdentifier         :     lib root package: "android.support.v4.view.animation"
16:23:51 INFO  LibraryIdentifier         :         Partial matching results:
16:23:51 INFO  LibraryIdentifier         :              - config: Hashing.md5() | Flags: no-flag | Keep: PN | Prune: MSIG   score: 0.75
16:23:51 INFO  LibraryIdentifier         : 
16:23:51 INFO  LibraryIdentifier         :                 name: androidx.interpolator::interpolator
16:23:51 INFO  LibraryIdentifier         :             category: Android
16:23:51 INFO  LibraryIdentifier         :              version: 1.0.0
16:23:51 INFO  LibraryIdentifier         :         release-date:  --
16:23:51 INFO  LibraryIdentifier         :     lib root package: "androidx.interpolator.view.animation"
16:23:51 INFO  LibraryIdentifier         :         Partial matching results:
16:23:51 INFO  LibraryIdentifier         :              - config: Hashing.md5() | Flags: no-flag | Keep: PN | Prune: MSIG   score: 0.75
16:23:51 INFO  LibraryIdentifier         : 
16:23:51 INFO  LibraryIdentifier         : 
16:23:51 INFO  LibraryIdentifier         : App processing time: 29 sec, 271 ms
