18:04:45 INFO  LibraryIdentifier         : Process app: org.irmacard.cardemu_136.apk
18:04:45 INFO  LibraryIdentifier         : = Manifest Parser =
18:04:45 INFO  LibraryIdentifier         :         Package name: org.irmacard.cardemu
18:04:45 INFO  LibraryIdentifier         :         Version code: 136
18:04:45 INFO  LibraryIdentifier         :        minSdkVersion: 21
18:04:45 INFO  LibraryIdentifier         :     targetSdkVersion: 30
18:04:45 INFO  LibraryIdentifier         :         SharedUserId:  - none -
18:04:45 INFO  LibraryIdentifier         :     Library dependencies:  - none -
18:04:45 INFO  LibraryIdentifier         : 
18:04:45 INFO  LibraryIdentifier         : Found 402 unique libraries in 12405 library profiles
18:04:46 INFO  LibraryIdentifier         : Generated class hierarchy (in 564 ms)
18:04:46 INFO  WalaUtils                 : 
18:04:46 INFO  WalaUtils                 : = ClassHierarchy Stats =
18:04:46 INFO  WalaUtils                 :     # of classes: 1978
18:04:46 INFO  WalaUtils                 :     # thereof inner classes: 855
18:04:46 INFO  WalaUtils                 :     # thereof public classes: 1037
18:04:46 INFO  WalaUtils                 :         Activity : 8
18:04:46 INFO  WalaUtils                 :         Application : 0
18:04:46 INFO  WalaUtils                 :         AsyncTask : 0
18:04:46 INFO  WalaUtils                 :         BroadcastReceiver : 4
18:04:46 INFO  WalaUtils                 :         ContentProvider : 5
18:04:46 INFO  WalaUtils                 :         Fragment : 1
18:04:46 INFO  WalaUtils                 :         Handler : 1
18:04:46 INFO  WalaUtils                 :         LayoutContainer : 36
18:04:46 INFO  WalaUtils                 :         Plain : 1898
18:04:46 INFO  WalaUtils                 :         Runnable : 0
18:04:46 INFO  WalaUtils                 :         Service : 0
18:04:46 INFO  WalaUtils                 :         Thread : 2
18:04:46 INFO  WalaUtils                 :         View : 23
18:04:46 INFO  WalaUtils                 :     # methods: 12650
18:04:46 INFO  WalaUtils                 :         # of publicly accessible methods: 8157
18:04:46 INFO  WalaUtils                 :         # of non-accessible methods: 4493
18:04:46 INFO  WalaUtils                 : 
18:04:46 INFO  Profile                   : = PackageTree =
18:04:46 INFO  PackageTree               : Root Package: io
18:04:46 INFO  PackageTree               : └── Root
18:04:46 INFO  PackageTree               :     ├── p (23)
18:04:46 INFO  PackageTree               :     ├── q (5)
18:04:46 INFO  PackageTree               :     ├── io
18:04:46 INFO  PackageTree               :     │   ├── flutter
18:04:46 INFO  PackageTree               :     │   │   ├── embedding
18:04:46 INFO  PackageTree               :     │   │   │   ├── engine (15)
18:04:46 INFO  PackageTree               :     │   │   │   │   ├── systemchannels (50)
18:04:46 INFO  PackageTree               :     │   │   │   │   ├── mutatorsstack (3)
18:04:46 INFO  PackageTree               :     │   │   │   │   ├── plugins
18:04:46 INFO  PackageTree               :     │   │   │   │   │   └── lifecycle (1)
18:04:46 INFO  PackageTree               :     │   │   │   │   └── renderer (1)
18:04:46 INFO  PackageTree               :     │   │   │   └── android (36)
18:04:46 INFO  PackageTree               :     │   │   ├── view (22)
18:04:46 INFO  PackageTree               :     │   │   ├── plugin
18:04:46 INFO  PackageTree               :     │   │   │   ├── editing (14)
18:04:46 INFO  PackageTree               :     │   │   │   └── platform (24)
18:04:46 INFO  PackageTree               :     │   │   └── plugins (1)
18:04:46 INFO  PackageTree               :     │   │       ├── urllauncher (9)
18:04:46 INFO  PackageTree               :     │   │       └── share (1)
18:04:46 INFO  PackageTree               :     │   └── sentry (115)
18:04:46 INFO  PackageTree               :     │       ├── flutter (20)
18:04:46 INFO  PackageTree               :     │       ├── protocol (25)
18:04:46 INFO  PackageTree               :     │       ├── android
18:04:46 INFO  PackageTree               :     │       │   ├── core (41)
18:04:46 INFO  PackageTree               :     │       │   │   └── util (6)
18:04:46 INFO  PackageTree               :     │       │   └── ndk (7)
18:04:46 INFO  PackageTree               :     │       ├── transport (23)
18:04:46 INFO  PackageTree               :     │       ├── util (8)
18:04:46 INFO  PackageTree               :     │       ├── config (10)
18:04:46 INFO  PackageTree               :     │       ├── adapters (18)
18:04:46 INFO  PackageTree               :     │       ├── exception (3)
18:04:46 INFO  PackageTree               :     │       ├── hints (11)
18:04:46 INFO  PackageTree               :     │       └── cache (3)
18:04:46 INFO  PackageTree               :     ├── k (8)
18:04:46 INFO  PackageTree               :     ├── androidx
18:04:46 INFO  PackageTree               :     │   ├── appcompat
18:04:46 INFO  PackageTree               :     │   │   ├── widget (168)
18:04:46 INFO  PackageTree               :     │   │   ├── app (17)
18:04:46 INFO  PackageTree               :     │   │   └── view
18:04:46 INFO  PackageTree               :     │   │       └── menu (32)
18:04:46 INFO  PackageTree               :     │   ├── core
18:04:46 INFO  PackageTree               :     │   │   ├── view (63)
18:04:46 INFO  PackageTree               :     │   │   ├── widget (23)
18:04:46 INFO  PackageTree               :     │   │   ├── app (4)
18:04:46 INFO  PackageTree               :     │   │   └── graphics
18:04:46 INFO  PackageTree               :     │   │       └── drawable (2)
18:04:46 INFO  PackageTree               :     │   ├── loader
18:04:46 INFO  PackageTree               :     │   │   └── app (5)
18:04:46 INFO  PackageTree               :     │   ├── fragment
18:04:46 INFO  PackageTree               :     │   │   └── app (111)
18:04:46 INFO  PackageTree               :     │   ├── lifecycle (53)
18:04:46 INFO  PackageTree               :     │   ├── versionedparcelable (5)
18:04:46 INFO  PackageTree               :     │   ├── activity (14)
18:04:46 INFO  PackageTree               :     │   │   └── result (10)
18:04:46 INFO  PackageTree               :     │   ├── vectordrawable
18:04:46 INFO  PackageTree               :     │   │   └── graphics
18:04:46 INFO  PackageTree               :     │   │       └── drawable (20)
18:04:46 INFO  PackageTree               :     │   ├── annotation (1)
18:04:46 INFO  PackageTree               :     │   ├── test
18:04:46 INFO  PackageTree               :     │   │   └── annotation (2)
18:04:46 INFO  PackageTree               :     │   ├── savedstate (10)
18:04:46 INFO  PackageTree               :     │   └── browser
18:04:46 INFO  PackageTree               :     │       └── browseractions (1)
18:04:46 INFO  PackageTree               :     ├── com
18:04:46 INFO  PackageTree               :     │   ├── google
18:04:46 INFO  PackageTree               :     │   │   ├── gson (40)
18:04:46 INFO  PackageTree               :     │   │   │   ├── internal (55)
18:04:46 INFO  PackageTree               :     │   │   │   │   ├── bind (66)
18:04:46 INFO  PackageTree               :     │   │   │   │   │   └── util (1)
18:04:46 INFO  PackageTree               :     │   │   │   │   └── reflect (3)
18:04:46 INFO  PackageTree               :     │   │   │   ├── annotations (5)
18:04:46 INFO  PackageTree               :     │   │   │   ├── stream (6)
18:04:46 INFO  PackageTree               :     │   │   │   └── reflect (1)
18:04:46 INFO  PackageTree               :     │   │   ├── zxing
18:04:46 INFO  PackageTree               :     │   │   │   └── qrcode
18:04:46 INFO  PackageTree               :     │   │   │       └── decoder (20)
18:04:46 INFO  PackageTree               :     │   │   └── common
18:04:46 INFO  PackageTree               :     │   │       └── util
18:04:46 INFO  PackageTree               :     │   │           └── concurrent (16)
18:04:46 INFO  PackageTree               :     │   ├── journeyapps
18:04:46 INFO  PackageTree               :     │   │   └── barcodescanner (19)
18:04:46 INFO  PackageTree               :     │   └── scottyab
18:04:46 INFO  PackageTree               :     │       └── rootbeer (1)
18:04:46 INFO  PackageTree               :     ├── f (15)
18:04:46 INFO  PackageTree               :     ├── go (12)
18:04:46 INFO  PackageTree               :     ├── d (48)
18:04:46 INFO  PackageTree               :     ├── h (14)
18:04:46 INFO  PackageTree               :     ├── c (10)
18:04:46 INFO  PackageTree               :     ├── n (15)
18:04:46 INFO  PackageTree               :     ├── m1 (18)
18:04:46 INFO  PackageTree               :     ├── kotlin
18:04:46 INFO  PackageTree               :     │   └── jvm
18:04:46 INFO  PackageTree               :     │       └── internal (17)
18:04:46 INFO  PackageTree               :     ├── s (17)
18:04:46 INFO  PackageTree               :     ├── n1 (22)
18:04:46 INFO  PackageTree               :     ├── c1 (17)
18:04:46 INFO  PackageTree               :     ├── f1 (20)
18:04:46 INFO  PackageTree               :     ├── u2 (23)
18:04:46 INFO  PackageTree               :     ├── o2 (26)
18:04:46 INFO  PackageTree               :     ├── g2 (32)
18:04:46 INFO  PackageTree               :     ├── irmagobridge (5)
18:04:46 INFO  PackageTree               :     ├── z1 (4)
18:04:46 INFO  PackageTree               :     ├── x1 (8)
18:04:46 INFO  PackageTree               :     ├── o1 (2)
18:04:46 INFO  PackageTree               :     ├── u1 (3)
18:04:46 INFO  PackageTree               :     ├── v1 (8)
18:04:46 INFO  PackageTree               :     ├── s1 (5)
18:04:46 INFO  PackageTree               :     ├── i1 (3)
18:04:46 INFO  PackageTree               :     ├── j1 (2)
18:04:46 INFO  PackageTree               :     ├── g1 (3)
18:04:46 INFO  PackageTree               :     ├── h1 (11)
18:04:46 INFO  PackageTree               :     ├── l1 (8)
18:04:46 INFO  PackageTree               :     ├── b1 (3)
18:04:46 INFO  PackageTree               :     ├── e1 (4)
18:04:46 INFO  PackageTree               :     ├── d1 (6)
18:04:46 INFO  PackageTree               :     ├── r (18)
18:04:46 INFO  PackageTree               :     ├── y2 (8)
18:04:46 INFO  PackageTree               :     ├── w2 (13)
18:04:46 INFO  PackageTree               :     ├── x2 (15)
18:04:46 INFO  PackageTree               :     ├── s2 (6)
18:04:46 INFO  PackageTree               :     ├── n2 (6)
18:04:46 INFO  PackageTree               :     ├── o0 (17)
18:04:46 INFO  PackageTree               :     ├── u0 (12)
18:04:46 INFO  PackageTree               :     ├── w (22)
18:04:46 INFO  PackageTree               :     ├── h2 (2)
18:04:46 INFO  PackageTree               :     ├── i2 (4)
18:04:46 INFO  PackageTree               :     ├── f2 (7)
18:04:46 INFO  PackageTree               :     ├── z0 (3)
18:04:46 INFO  PackageTree               :     ├── p2 (3)
18:04:46 INFO  PackageTree               :     ├── l2 (4)
18:04:46 INFO  PackageTree               :     ├── e (2)
18:04:46 INFO  PackageTree               :     ├── g (2)
18:04:46 INFO  PackageTree               :     ├── b (3)
18:04:46 INFO  PackageTree               :     ├── a (2)
18:04:46 INFO  PackageTree               :     ├── m (4)
18:04:46 INFO  PackageTree               :     ├── o (3)
18:04:46 INFO  PackageTree               :     ├── j (6)
18:04:46 INFO  PackageTree               :     ├── i (11)
18:04:46 INFO  PackageTree               :     ├── l (1)
18:04:46 INFO  PackageTree               :     ├── v (3)
18:04:46 INFO  PackageTree               :     ├── u (3)
18:04:46 INFO  PackageTree               :     ├── x (3)
18:04:46 INFO  PackageTree               :     ├── t (6)
18:04:46 INFO  PackageTree               :     ├── z (14)
18:04:46 INFO  PackageTree               :     ├── y (4)
18:04:46 INFO  PackageTree               :     ├── s0 (12)
18:04:46 INFO  PackageTree               :     ├── w0 (4)
18:04:46 INFO  PackageTree               :     ├── v0 (2)
18:04:46 INFO  PackageTree               :     ├── y0 (8)
18:04:46 INFO  PackageTree               :     ├── n0 (2)
18:04:46 INFO  PackageTree               :     ├── p0 (2)
18:04:46 INFO  PackageTree               :     ├── i0 (2)
18:04:46 INFO  PackageTree               :     ├── m0 (2)
18:04:46 INFO  PackageTree               :     ├── a0 (10)
18:04:46 INFO  PackageTree               :     ├── b0 (6)
18:04:46 INFO  PackageTree               :     ├── e0 (4)
18:04:46 INFO  PackageTree               :     ├── d0 (3)
18:04:46 INFO  PackageTree               :     ├── android
18:04:46 INFO  PackageTree               :     │   └── support
18:04:46 INFO  PackageTree               :     │       └── v4
18:04:46 INFO  PackageTree               :     │           ├── graphics
18:04:46 INFO  PackageTree               :     │           │   └── drawable (1)
18:04:46 INFO  PackageTree               :     │           └── app (1)
18:04:46 INFO  PackageTree               :     ├── e2 (3)
18:04:46 INFO  PackageTree               :     ├── t2 (2)
18:04:46 INFO  PackageTree               :     ├── v2 (3)
18:04:46 INFO  PackageTree               :     ├── m2 (3)
18:04:46 INFO  PackageTree               :     ├── k2 (3)
18:04:46 INFO  PackageTree               :     ├── d2 (2)
18:04:46 INFO  PackageTree               :     ├── a2 (4)
18:04:46 INFO  PackageTree               :     ├── b2 (2)
18:04:46 INFO  PackageTree               :     ├── c2 (2)
18:04:46 INFO  PackageTree               :     ├── c0 (3)
18:04:46 INFO  PackageTree               :     ├── l0 (2)
18:04:46 INFO  PackageTree               :     ├── k0 (2)
18:04:46 INFO  PackageTree               :     ├── r0 (2)
18:04:46 INFO  PackageTree               :     ├── q0 (2)
18:04:46 INFO  PackageTree               :     ├── org
18:04:46 INFO  PackageTree               :     │   └── xmlpull
18:04:46 INFO  PackageTree               :     │       └── v1 (1)
18:04:46 INFO  PackageTree               :     ├── q2 (1)
18:04:46 INFO  PackageTree               :     ├── r2 (1)
18:04:46 INFO  PackageTree               :     ├── j2 (1)
18:04:46 INFO  PackageTree               :     ├── foundation
18:04:46 INFO  PackageTree               :     │   └── privacybydesign
18:04:46 INFO  PackageTree               :     │       └── irmamobile (1)
18:04:46 INFO  PackageTree               :     ├── x0 (1)
18:04:46 INFO  PackageTree               :     ├── t0 (1)
18:04:46 INFO  PackageTree               :     ├── h0 (1)
18:04:46 INFO  PackageTree               :     ├── g0 (1)
18:04:46 INFO  PackageTree               :     ├── j0 (1)
18:04:46 INFO  PackageTree               :     ├── f0 (1)
18:04:46 INFO  PackageTree               :     ├── y1 (1)
18:04:46 INFO  PackageTree               :     ├── r1 (1)
18:04:46 INFO  PackageTree               :     ├── p1 (1)
18:04:46 INFO  PackageTree               :     ├── q1 (1)
18:04:46 INFO  PackageTree               :     ├── w1 (1)
18:04:46 INFO  PackageTree               :     ├── t1 (1)
18:04:46 INFO  PackageTree               :     ├── k1 (1)
18:04:46 INFO  PackageTree               :     └── a1 (1)
18:04:46 INFO  Profile                   : 
18:04:46 INFO  AppProfile                : - generated app package tree (in 28 ms)
18:04:46 INFO  AppProfile                : 
18:04:46 DEBUG HashTree                  : Generate hash tree..
18:04:47 DEBUG HashTree                  :     - generated 158 package hashes.
18:04:47 DEBUG HashTree                  :     - generated 1860 clazz hashes.
18:04:47 DEBUG HashTree                  :     - generated 12650 method hashes.
18:04:47 DEBUG HashTree                  :     => Library Hash: 1b15771a8ccf8673cdf7b8e062b277ca
18:04:47 INFO  AppProfile                : - generated app hash trees (in 413 ms)
18:04:47 INFO  AppProfile                : 
18:04:47 INFO  LibraryIdentifier         : = Scan for library root packages (heuristic) =
18:04:47 INFO  LibraryIdentifier         :     - Found lib root package com.google.gson  (Gson)
18:04:47 INFO  LibraryIdentifier         :     - Found lib root package com.google.common  (Guava)
18:04:47 INFO  LibraryIdentifier         :     - Found lib root package androidx.annotation  (androidx.annotation::annotation)
18:04:47 INFO  LibraryIdentifier         :     - Found lib root package androidx.appcompat  (androidx.appcompat::appcompat)
18:04:47 INFO  LibraryIdentifier         :     - Found lib root package androidx.browser  (androidx.browser::browser)
18:04:47 INFO  LibraryIdentifier         :     - Found lib root package androidx.core  (androidx.core::core)
18:04:47 INFO  LibraryIdentifier         :     - Found lib root package androidx  (androidx.core::core-ktx)
18:04:47 INFO  LibraryIdentifier         :     - Found lib root package androidx.fragment.app  (androidx.fragment::fragment)
18:04:47 INFO  LibraryIdentifier         :     - Found lib root package androidx.fragment.app  (androidx.fragment::fragment-ktx)
18:04:47 INFO  LibraryIdentifier         :     - Found lib root package androidx.lifecycle  (androidx.lifecycle::lifecycle-common)
18:04:47 INFO  LibraryIdentifier         :     - Found lib root package androidx.lifecycle  (androidx.lifecycle::lifecycle-common-java8)
18:04:47 INFO  LibraryIdentifier         :     - Found lib root package androidx.lifecycle  (androidx.lifecycle::lifecycle-compiler)
18:04:47 INFO  LibraryIdentifier         :     - Found lib root package androidx.lifecycle  (androidx.lifecycle::lifecycle-extensions)
18:04:47 INFO  LibraryIdentifier         :     - Found lib root package androidx.lifecycle  (androidx.lifecycle::lifecycle-livedata)
18:04:47 INFO  LibraryIdentifier         :     - Found lib root package androidx.lifecycle  (androidx.lifecycle::lifecycle-livedata-core)
18:04:47 INFO  LibraryIdentifier         :     - Found lib root package androidx.lifecycle  (androidx.lifecycle::lifecycle-process)
18:04:47 INFO  LibraryIdentifier         :     - Found lib root package androidx.lifecycle  (androidx.lifecycle::lifecycle-reactivestreams)
18:04:47 INFO  LibraryIdentifier         :     - Found lib root package androidx.lifecycle  (androidx.lifecycle::lifecycle-reactivestreams-ktx)
18:04:47 INFO  LibraryIdentifier         :     - Found lib root package androidx.lifecycle  (androidx.lifecycle::lifecycle-runtime)
18:04:47 INFO  LibraryIdentifier         :     - Found lib root package androidx.lifecycle  (androidx.lifecycle::lifecycle-service)
18:04:47 INFO  LibraryIdentifier         :     - Found lib root package androidx.lifecycle  (androidx.lifecycle::lifecycle-viewmodel)
18:04:47 INFO  LibraryIdentifier         :     - Found lib root package androidx.lifecycle  (androidx.lifecycle::lifecycle-viewmodel-ktx)
18:04:47 INFO  LibraryIdentifier         :     - Found lib root package androidx.loader  (androidx.loader::loader)
18:04:47 INFO  LibraryIdentifier         :     - Found lib root package androidx.vectordrawable.graphics.drawable  (androidx.vectordrawable::vectordrawable)
18:04:47 INFO  LibraryIdentifier         :     - Found lib root package androidx.vectordrawable.graphics.drawable  (androidx.vectordrawable::vectordrawable-animated)
18:04:47 INFO  LibraryIdentifier         :     - Found lib root package androidx.versionedparcelable  (androidx.versionedparcelable::versionedparcelable)
18:04:47 INFO  LibraryIdentifier         :     - Found lib root package androidx.browser.browseractions  (com.android.support::customtabs)
18:04:47 INFO  LibraryIdentifier         :     - Found lib root package android.support.v4  (com.android.support::customview)
18:04:47 INFO  LibraryIdentifier         :     - Found lib root package android.support.v4  (com.android.support::loader)
18:04:47 INFO  LibraryIdentifier         :     - Found lib root package android.support.v4  (com.android.support::support-compat)
18:04:47 INFO  LibraryIdentifier         :     - Found lib root package android.support.v4  (com.android.support::support-core-ui)
18:04:47 INFO  LibraryIdentifier         :     - Found lib root package android.support.v4  (com.android.support::support-core-utils)
18:04:47 INFO  LibraryIdentifier         :     - Found lib root package android.support.v4.app  (com.android.support::support-fragment)
18:04:47 INFO  LibraryIdentifier         :     - Found lib root package android.support.v4  (com.android.support::support-v4)
18:04:47 INFO  LibraryIdentifier         :     - Found lib root package androidx.versionedparcelable  (com.android.support::versionedparcelable)
18:04:47 INFO  LibraryIdentifier         : 
18:04:47 INFO  LibraryIdentifier         : = Match profiles =
18:05:02 INFO  LibraryIdentifier         :     >> profile matching done (15 sec, 316 ms)
18:05:02 INFO  LibraryIdentifier         : 
18:05:02 INFO  LibraryIdentifier         : == Report ==
18:05:02 INFO  LibraryIdentifier         : - Full library matches:
18:05:02 INFO  ProfileMatch              :                 name: com.google.firebase::firebase-ml-vision-image-label-model
18:05:02 INFO  ProfileMatch              :             category: Android
18:05:02 INFO  ProfileMatch              :              version: 20.0.0  [OLD VERSION]
18:05:02 INFO  ProfileMatch              :         release-date:  --
18:05:02 INFO  ProfileMatch              :     lib root package: "com.google.firebase.ml.vision.imagelabel"  (in app: "io.flutter.plugins.share")
18:05:02 INFO  ProfileMatch              : 
18:05:02 INFO  ProfileMatch              :                 name: com.google.firebase::firebase-ml-vision-image-label-model
18:05:02 INFO  ProfileMatch              :             category: Android
18:05:02 INFO  ProfileMatch              :              version: 20.0.1  [OLD VERSION]
18:05:02 INFO  ProfileMatch              :         release-date:  --
18:05:02 INFO  ProfileMatch              :     lib root package: "com.google.firebase.ml.vision.imagelabel"  (in app: "io.flutter.plugins.share")
18:05:02 INFO  ProfileMatch              : 
18:05:02 INFO  ProfileMatch              :                 name: com.google.firebase::firebase-ml-vision-image-label-model
18:05:02 INFO  ProfileMatch              :             category: Android
18:05:02 INFO  ProfileMatch              :              version: 20.0.2
18:05:02 INFO  ProfileMatch              :         release-date:  --
18:05:02 INFO  ProfileMatch              :     lib root package: "com.google.firebase.ml.vision.imagelabel"  (in app: "io.flutter.plugins.share")
18:05:02 INFO  ProfileMatch              : 
18:05:02 INFO  ProfileMatch              :                 name: androidx.arch.core::core-common
18:05:02 INFO  ProfileMatch              :             category: Android
18:05:02 INFO  ProfileMatch              :              version: 2.0.0  [OLD VERSION]
18:05:02 INFO  ProfileMatch              :         release-date:  --
18:05:02 INFO  ProfileMatch              :     lib root package: "androidx.arch.core"  (in app: "k")
18:05:02 INFO  ProfileMatch              : 
18:05:02 INFO  ProfileMatch              :                 name: androidx.arch.core::core-common
18:05:02 INFO  ProfileMatch              :             category: Android
18:05:02 INFO  ProfileMatch              :              version: 2.0.1  [OLD VERSION]
18:05:02 INFO  ProfileMatch              :         release-date:  --
18:05:02 INFO  ProfileMatch              :     lib root package: "androidx.arch.core"  (in app: "k")
18:05:02 INFO  ProfileMatch              : 
18:05:02 INFO  ProfileMatch              :                 name: androidx.arch.core::core-common
18:05:02 INFO  ProfileMatch              :             category: Android
18:05:02 INFO  ProfileMatch              :              version: 2.1.0
18:05:02 INFO  ProfileMatch              :         release-date:  --
18:05:02 INFO  ProfileMatch              :     lib root package: "androidx.arch.core"  (in app: "k")
18:05:02 INFO  ProfileMatch              : 
18:05:02 INFO  ProfileMatch              :                 name: androidx.palette::palette-ktx
18:05:02 INFO  ProfileMatch              :             category: Android
18:05:02 INFO  ProfileMatch              :              version: 1.0.0
18:05:02 INFO  ProfileMatch              :         release-date:  --
18:05:02 INFO  ProfileMatch              :     lib root package: "androidx.palette.graphics"  (in app: "com.google.gson")
18:05:02 INFO  ProfileMatch              : 
18:05:02 INFO  ProfileMatch              :                 name: com.android.support::interpolator
18:05:02 INFO  ProfileMatch              :             category: Android
18:05:02 INFO  ProfileMatch              :              version: 28.0.0
18:05:02 INFO  ProfileMatch              :         release-date:  --
18:05:02 INFO  ProfileMatch              :     lib root package: "android.support.v4.view.animation"  (in app: "e0")
18:05:02 INFO  ProfileMatch              : 
18:05:02 INFO  ProfileMatch              :                 name: androidx.interpolator::interpolator
18:05:02 INFO  ProfileMatch              :             category: Android
18:05:02 INFO  ProfileMatch              :              version: 1.0.0
18:05:02 INFO  ProfileMatch              :         release-date:  --
18:05:02 INFO  ProfileMatch              :     lib root package: "androidx.interpolator.view.animation"  (in app: "e0")
18:05:02 INFO  ProfileMatch              : 
18:05:02 INFO  ProfileMatch              :                 name: Facebook
18:05:02 INFO  ProfileMatch              :             category: SocialMedia
18:05:02 INFO  ProfileMatch              :              version: 4.27.0  [OLD VERSION]
18:05:02 INFO  ProfileMatch              :         release-date: 26.09.2017
18:05:02 INFO  ProfileMatch              :     lib root package: "com.facebook.all"  (in app: "io.flutter.plugins.share")
18:05:02 INFO  ProfileMatch              : 
18:05:02 INFO  ProfileMatch              :                 name: Facebook
18:05:02 INFO  ProfileMatch              :             category: SocialMedia
18:05:02 INFO  ProfileMatch              :              version: 4.28.0  [OLD VERSION]
18:05:02 INFO  ProfileMatch              :         release-date: 07.11.2017
18:05:02 INFO  ProfileMatch              :     lib root package: "com.facebook.all"  (in app: "io.flutter.plugins.share")
18:05:02 INFO  ProfileMatch              : 
18:05:02 INFO  ProfileMatch              :                 name: Facebook
18:05:02 INFO  ProfileMatch              :             category: SocialMedia
18:05:02 INFO  ProfileMatch              :              version: 4.29.0  [OLD VERSION]
18:05:02 INFO  ProfileMatch              :         release-date: 05.12.2017
18:05:02 INFO  ProfileMatch              :     lib root package: "com.facebook.all"  (in app: "io.flutter.plugins.share")
18:05:02 INFO  ProfileMatch              : 
18:05:02 INFO  ProfileMatch              :                 name: Facebook
18:05:02 INFO  ProfileMatch              :             category: SocialMedia
18:05:02 INFO  ProfileMatch              :              version: 4.30.0  [OLD VERSION]
18:05:02 INFO  ProfileMatch              :         release-date: 24.01.2018
18:05:02 INFO  ProfileMatch              :     lib root package: "com.facebook.all"  (in app: "io.flutter.plugins.share")
18:05:02 INFO  ProfileMatch              : 
18:05:02 INFO  ProfileMatch              :                 name: Facebook
18:05:02 INFO  ProfileMatch              :             category: SocialMedia
18:05:02 INFO  ProfileMatch              :              version: 4.31.0  [OLD VERSION]
18:05:02 INFO  ProfileMatch              :         release-date: 28.02.2018
18:05:02 INFO  ProfileMatch              :     lib root package: "com.facebook.all"  (in app: "io.flutter.plugins.share")
18:05:02 INFO  ProfileMatch              : 
18:05:02 INFO  ProfileMatch              :                 name: Facebook
18:05:02 INFO  ProfileMatch              :             category: SocialMedia
18:05:02 INFO  ProfileMatch              :              version: 4.32.0  [OLD VERSION]
18:05:02 INFO  ProfileMatch              :         release-date: 11.04.2018
18:05:02 INFO  ProfileMatch              :     lib root package: "com.facebook.all"  (in app: "io.flutter.plugins.share")
18:05:02 INFO  ProfileMatch              : 
18:05:02 INFO  ProfileMatch              :                 name: Facebook
18:05:02 INFO  ProfileMatch              :             category: SocialMedia
18:05:02 INFO  ProfileMatch              :              version: 4.33.0  [OLD VERSION]
18:05:02 INFO  ProfileMatch              :         release-date: 01.05.2018
18:05:02 INFO  ProfileMatch              :     lib root package: "com.facebook.all"  (in app: "io.flutter.plugins.share")
18:05:02 INFO  ProfileMatch              : 
18:05:02 INFO  ProfileMatch              :                 name: Facebook
18:05:02 INFO  ProfileMatch              :             category: SocialMedia
18:05:02 INFO  ProfileMatch              :              version: 4.34.0  [OLD VERSION]
18:05:02 INFO  ProfileMatch              :         release-date: 19.06.2018
18:05:02 INFO  ProfileMatch              :     lib root package: "com.facebook.all"  (in app: "io.flutter.plugins.share")
18:05:02 INFO  ProfileMatch              : 
18:05:02 INFO  ProfileMatch              :                 name: Facebook
18:05:02 INFO  ProfileMatch              :             category: SocialMedia
18:05:02 INFO  ProfileMatch              :              version: 4.35.0  [OLD VERSION]
18:05:02 INFO  ProfileMatch              :         release-date: 26.07.2018
18:05:02 INFO  ProfileMatch              :     lib root package: "com.facebook.all"  (in app: "io.flutter.plugins.share")
18:05:02 INFO  ProfileMatch              : 
18:05:02 INFO  ProfileMatch              :                 name: Facebook
18:05:02 INFO  ProfileMatch              :             category: SocialMedia
18:05:02 INFO  ProfileMatch              :              version: 4.36.0  [OLD VERSION]
18:05:02 INFO  ProfileMatch              :         release-date: 29.08.2018
18:05:02 INFO  ProfileMatch              :     lib root package: "com.facebook.all"  (in app: "io.flutter.plugins.share")
18:05:02 INFO  ProfileMatch              : 
18:05:02 INFO  ProfileMatch              :                 name: Facebook
18:05:02 INFO  ProfileMatch              :             category: SocialMedia
18:05:02 INFO  ProfileMatch              :              version: 4.36.1  [OLD VERSION]
18:05:02 INFO  ProfileMatch              :         release-date: 15.09.2018
18:05:02 INFO  ProfileMatch              :     lib root package: "com.facebook.all"  (in app: "io.flutter.plugins.share")
18:05:02 INFO  ProfileMatch              : 
18:05:02 INFO  ProfileMatch              :                 name: Facebook
18:05:02 INFO  ProfileMatch              :             category: SocialMedia
18:05:02 INFO  ProfileMatch              :              version: 4.37.0  [OLD VERSION]
18:05:02 INFO  ProfileMatch              :         release-date: 27.09.2018
18:05:02 INFO  ProfileMatch              :     lib root package: "com.facebook.all"  (in app: "io.flutter.plugins.share")
18:05:02 INFO  ProfileMatch              : 
18:05:02 INFO  ProfileMatch              :                 name: Facebook
18:05:02 INFO  ProfileMatch              :             category: SocialMedia
18:05:02 INFO  ProfileMatch              :              version: 4.38.0  [OLD VERSION]
18:05:02 INFO  ProfileMatch              :         release-date: 23.10.2018
18:05:02 INFO  ProfileMatch              :     lib root package: "com.facebook.all"  (in app: "io.flutter.plugins.share")
18:05:02 INFO  ProfileMatch              : 
18:05:02 INFO  ProfileMatch              :                 name: Facebook
18:05:02 INFO  ProfileMatch              :             category: SocialMedia
18:05:02 INFO  ProfileMatch              :              version: 4.38.1  [OLD VERSION]
18:05:02 INFO  ProfileMatch              :         release-date: 31.10.2018
18:05:02 INFO  ProfileMatch              :     lib root package: "com.facebook.all"  (in app: "io.flutter.plugins.share")
18:05:02 INFO  ProfileMatch              : 
18:05:02 INFO  ProfileMatch              :                 name: Facebook
18:05:02 INFO  ProfileMatch              :             category: SocialMedia
18:05:02 INFO  ProfileMatch              :              version: 4.39.0  [OLD VERSION]
18:05:02 INFO  ProfileMatch              :         release-date: 05.12.2018
18:05:02 INFO  ProfileMatch              :     lib root package: "com.facebook.all"  (in app: "io.flutter.plugins.share")
18:05:02 INFO  ProfileMatch              : 
18:05:02 INFO  ProfileMatch              :                 name: Facebook
18:05:02 INFO  ProfileMatch              :             category: SocialMedia
18:05:02 INFO  ProfileMatch              :              version: 4.40.0  [OLD VERSION]
18:05:02 INFO  ProfileMatch              :         release-date: 22.01.2019
18:05:02 INFO  ProfileMatch              :     lib root package: "com.facebook.all"  (in app: "io.flutter.plugins.share")
18:05:02 INFO  ProfileMatch              : 
18:05:02 INFO  ProfileMatch              :                 name: Facebook
18:05:02 INFO  ProfileMatch              :             category: SocialMedia
18:05:02 INFO  ProfileMatch              :              version: 4.41.0  [OLD VERSION]
18:05:02 INFO  ProfileMatch              :         release-date: 08.03.2019
18:05:02 INFO  ProfileMatch              :     lib root package: "com.facebook.all"  (in app: "io.flutter.plugins.share")
18:05:02 INFO  ProfileMatch              : 
18:05:02 INFO  ProfileMatch              :                 name: Facebook
18:05:02 INFO  ProfileMatch              :             category: SocialMedia
18:05:02 INFO  ProfileMatch              :              version: 4.42.0  [OLD VERSION]
18:05:02 INFO  ProfileMatch              :         release-date: 08.04.2019
18:05:02 INFO  ProfileMatch              :     lib root package: "com.facebook.all"  (in app: "io.flutter.plugins.share")
18:05:02 INFO  ProfileMatch              : 
18:05:02 INFO  ProfileMatch              :                 name: Facebook
18:05:02 INFO  ProfileMatch              :             category: SocialMedia
18:05:02 INFO  ProfileMatch              :              version: 5.0.0  [OLD VERSION]
18:05:02 INFO  ProfileMatch              :         release-date: 30.04.2019
18:05:02 INFO  ProfileMatch              :     lib root package: "com.facebook.all"  (in app: "io.flutter.plugins.share")
18:05:02 INFO  ProfileMatch              : 
18:05:02 INFO  ProfileMatch              :                 name: Facebook
18:05:02 INFO  ProfileMatch              :             category: SocialMedia
18:05:02 INFO  ProfileMatch              :              version: 5.0.1  [OLD VERSION]
18:05:02 INFO  ProfileMatch              :         release-date: 17.05.2019
18:05:02 INFO  ProfileMatch              :     lib root package: "com.facebook.all"  (in app: "io.flutter.plugins.share")
18:05:02 INFO  ProfileMatch              : 
18:05:02 INFO  ProfileMatch              :                 name: Facebook
18:05:02 INFO  ProfileMatch              :             category: SocialMedia
18:05:02 INFO  ProfileMatch              :              version: 5.0.2  [OLD VERSION]
18:05:02 INFO  ProfileMatch              :         release-date: 09.06.2019
18:05:02 INFO  ProfileMatch              :     lib root package: "com.facebook.all"  (in app: "io.flutter.plugins.share")
18:05:02 INFO  ProfileMatch              : 
18:05:02 INFO  ProfileMatch              :                 name: Facebook
18:05:02 INFO  ProfileMatch              :             category: SocialMedia
18:05:02 INFO  ProfileMatch              :              version: 5.0.3  [OLD VERSION]
18:05:02 INFO  ProfileMatch              :         release-date: 14.06.2019
18:05:02 INFO  ProfileMatch              :     lib root package: "com.facebook.all"  (in app: "io.flutter.plugins.share")
18:05:02 INFO  ProfileMatch              : 
18:05:02 INFO  ProfileMatch              :                 name: Facebook
18:05:02 INFO  ProfileMatch              :             category: SocialMedia
18:05:02 INFO  ProfileMatch              :              version: 5.1.0  [OLD VERSION]
18:05:02 INFO  ProfileMatch              :         release-date: 21.06.2019
18:05:02 INFO  ProfileMatch              :     lib root package: "com.facebook.all"  (in app: "io.flutter.plugins.share")
18:05:02 INFO  ProfileMatch              : 
18:05:02 INFO  ProfileMatch              :                 name: Facebook
18:05:02 INFO  ProfileMatch              :             category: SocialMedia
18:05:02 INFO  ProfileMatch              :              version: 5.1.1  [OLD VERSION]
18:05:02 INFO  ProfileMatch              :         release-date: 02.07.2019
18:05:02 INFO  ProfileMatch              :     lib root package: "com.facebook.all"  (in app: "io.flutter.plugins.share")
18:05:02 INFO  ProfileMatch              : 
18:05:02 INFO  ProfileMatch              :                 name: Facebook
18:05:02 INFO  ProfileMatch              :             category: SocialMedia
18:05:02 INFO  ProfileMatch              :              version: 5.2.0  [OLD VERSION]
18:05:02 INFO  ProfileMatch              :         release-date: 29.07.2019
18:05:02 INFO  ProfileMatch              :     lib root package: "com.facebook.all"  (in app: "io.flutter.plugins.share")
18:05:02 INFO  ProfileMatch              : 
18:05:02 INFO  ProfileMatch              :                 name: Facebook
18:05:02 INFO  ProfileMatch              :             category: SocialMedia
18:05:02 INFO  ProfileMatch              :              version: 5.4.0  [OLD VERSION]
18:05:02 INFO  ProfileMatch              :         release-date: 16.08.2019
18:05:02 INFO  ProfileMatch              :     lib root package: "com.facebook.all"  (in app: "io.flutter.plugins.share")
18:05:02 INFO  ProfileMatch              : 
18:05:02 INFO  ProfileMatch              :                 name: Facebook
18:05:02 INFO  ProfileMatch              :             category: SocialMedia
18:05:02 INFO  ProfileMatch              :              version: 5.5.0  [OLD VERSION]
18:05:02 INFO  ProfileMatch              :         release-date: 31.08.2019
18:05:02 INFO  ProfileMatch              :     lib root package: "com.facebook.all"  (in app: "io.flutter.plugins.share")
18:05:02 INFO  ProfileMatch              : 
18:05:02 INFO  ProfileMatch              :                 name: Facebook
18:05:02 INFO  ProfileMatch              :             category: SocialMedia
18:05:02 INFO  ProfileMatch              :              version: 5.5.1  [OLD VERSION]
18:05:02 INFO  ProfileMatch              :         release-date: 06.09.2019
18:05:02 INFO  ProfileMatch              :     lib root package: "com.facebook.all"  (in app: "io.flutter.plugins.share")
18:05:02 INFO  ProfileMatch              : 
18:05:02 INFO  ProfileMatch              :                 name: Facebook
18:05:02 INFO  ProfileMatch              :             category: SocialMedia
18:05:02 INFO  ProfileMatch              :              version: 5.5.2  [OLD VERSION]
18:05:02 INFO  ProfileMatch              :         release-date: 05.10.2019
18:05:02 INFO  ProfileMatch              :     lib root package: "com.facebook.all"  (in app: "io.flutter.plugins.share")
18:05:02 INFO  ProfileMatch              : 
18:05:02 INFO  ProfileMatch              :                 name: Facebook
18:05:02 INFO  ProfileMatch              :             category: SocialMedia
18:05:02 INFO  ProfileMatch              :              version: 5.8.0  [OLD VERSION]
18:05:02 INFO  ProfileMatch              :         release-date: 08.10.2019
18:05:02 INFO  ProfileMatch              :     lib root package: "com.facebook.all"  (in app: "io.flutter.plugins.share")
18:05:02 INFO  ProfileMatch              : 
18:05:02 INFO  ProfileMatch              :                 name: Facebook
18:05:02 INFO  ProfileMatch              :             category: SocialMedia
18:05:02 INFO  ProfileMatch              :              version: 5.9.0  [OLD VERSION]
18:05:02 INFO  ProfileMatch              :         release-date: 29.10.2019
18:05:02 INFO  ProfileMatch              :     lib root package: "com.facebook.all"  (in app: "io.flutter.plugins.share")
18:05:02 INFO  ProfileMatch              : 
18:05:02 INFO  ProfileMatch              :                 name: Facebook
18:05:02 INFO  ProfileMatch              :             category: SocialMedia
18:05:02 INFO  ProfileMatch              :              version: 5.11.0  [OLD VERSION]
18:05:02 INFO  ProfileMatch              :         release-date: 15.11.2019
18:05:02 INFO  ProfileMatch              :     lib root package: "com.facebook.all"  (in app: "io.flutter.plugins.share")
18:05:02 INFO  ProfileMatch              : 
18:05:02 INFO  ProfileMatch              :                 name: Facebook
18:05:02 INFO  ProfileMatch              :             category: SocialMedia
18:05:02 INFO  ProfileMatch              :              version: 5.11.1  [OLD VERSION]
18:05:02 INFO  ProfileMatch              :         release-date: 21.11.2019
18:05:02 INFO  ProfileMatch              :     lib root package: "com.facebook.all"  (in app: "io.flutter.plugins.share")
18:05:02 INFO  ProfileMatch              : 
18:05:02 INFO  ProfileMatch              :                 name: Facebook
18:05:02 INFO  ProfileMatch              :             category: SocialMedia
18:05:02 INFO  ProfileMatch              :              version: 5.11.2  [OLD VERSION]
18:05:02 INFO  ProfileMatch              :         release-date: 22.11.2019
18:05:02 INFO  ProfileMatch              :     lib root package: "com.facebook.all"  (in app: "io.flutter.plugins.share")
18:05:02 INFO  ProfileMatch              : 
18:05:02 INFO  ProfileMatch              :                 name: Facebook
18:05:02 INFO  ProfileMatch              :             category: SocialMedia
18:05:02 INFO  ProfileMatch              :              version: 5.12.0  [OLD VERSION]
18:05:02 INFO  ProfileMatch              :         release-date: 04.12.2019
18:05:02 INFO  ProfileMatch              :     lib root package: "com.facebook.all"  (in app: "io.flutter.plugins.share")
18:05:02 INFO  ProfileMatch              : 
18:05:02 INFO  ProfileMatch              :                 name: Facebook
18:05:02 INFO  ProfileMatch              :             category: SocialMedia
18:05:02 INFO  ProfileMatch              :              version: 5.12.1  [OLD VERSION]
18:05:02 INFO  ProfileMatch              :         release-date: 09.12.2019
18:05:02 INFO  ProfileMatch              :     lib root package: "com.facebook.all"  (in app: "io.flutter.plugins.share")
18:05:02 INFO  ProfileMatch              : 
18:05:02 INFO  ProfileMatch              :                 name: Facebook
18:05:02 INFO  ProfileMatch              :             category: SocialMedia
18:05:02 INFO  ProfileMatch              :              version: 5.13.0  [OLD VERSION]
18:05:02 INFO  ProfileMatch              :         release-date: 12.12.2019
18:05:02 INFO  ProfileMatch              :     lib root package: "com.facebook.all"  (in app: "io.flutter.plugins.share")
18:05:02 INFO  ProfileMatch              : 
18:05:02 INFO  ProfileMatch              :                 name: Facebook
18:05:02 INFO  ProfileMatch              :             category: SocialMedia
18:05:02 INFO  ProfileMatch              :              version: 5.15.0  [OLD VERSION]
18:05:02 INFO  ProfileMatch              :         release-date: 21.01.2020
18:05:02 INFO  ProfileMatch              :     lib root package: "com.facebook.all"  (in app: "io.flutter.plugins.share")
18:05:02 INFO  ProfileMatch              : 
18:05:02 INFO  ProfileMatch              :                 name: Facebook
18:05:02 INFO  ProfileMatch              :             category: SocialMedia
18:05:02 INFO  ProfileMatch              :              version: 5.15.1  [OLD VERSION]
18:05:02 INFO  ProfileMatch              :         release-date: 29.01.2020
18:05:02 INFO  ProfileMatch              :     lib root package: "com.facebook.all"  (in app: "io.flutter.plugins.share")
18:05:02 INFO  ProfileMatch              : 
18:05:02 INFO  ProfileMatch              :                 name: Facebook
18:05:02 INFO  ProfileMatch              :             category: SocialMedia
18:05:02 INFO  ProfileMatch              :              version: 5.15.2  [OLD VERSION]
18:05:02 INFO  ProfileMatch              :         release-date: 03.02.2020
18:05:02 INFO  ProfileMatch              :     lib root package: "com.facebook.all"  (in app: "io.flutter.plugins.share")
18:05:02 INFO  ProfileMatch              : 
18:05:02 INFO  ProfileMatch              :                 name: Facebook
18:05:02 INFO  ProfileMatch              :             category: SocialMedia
18:05:02 INFO  ProfileMatch              :              version: 5.15.3  [OLD VERSION]
18:05:02 INFO  ProfileMatch              :         release-date: 03.02.2020
18:05:02 INFO  ProfileMatch              :     lib root package: "com.facebook.all"  (in app: "io.flutter.plugins.share")
18:05:02 INFO  ProfileMatch              : 
18:05:02 INFO  ProfileMatch              :                 name: Facebook
18:05:02 INFO  ProfileMatch              :             category: SocialMedia
18:05:02 INFO  ProfileMatch              :              version: 6.0.0  [OLD VERSION]
18:05:02 INFO  ProfileMatch              :         release-date: 03.02.2020
18:05:02 INFO  ProfileMatch              :     lib root package: "com.facebook.all"  (in app: "io.flutter.plugins.share")
18:05:02 INFO  ProfileMatch              : 
18:05:02 INFO  ProfileMatch              :                 name: Facebook
18:05:02 INFO  ProfileMatch              :             category: SocialMedia
18:05:02 INFO  ProfileMatch              :              version: 6.1.0  [OLD VERSION]
18:05:02 INFO  ProfileMatch              :         release-date: 14.02.2020
18:05:02 INFO  ProfileMatch              :     lib root package: "com.facebook.all"  (in app: "io.flutter.plugins.share")
18:05:02 INFO  ProfileMatch              : 
18:05:02 INFO  ProfileMatch              :                 name: Facebook
18:05:02 INFO  ProfileMatch              :             category: SocialMedia
18:05:02 INFO  ProfileMatch              :              version: 6.2.0  [OLD VERSION]
18:05:02 INFO  ProfileMatch              :         release-date: 09.03.2020
18:05:02 INFO  ProfileMatch              :     lib root package: "com.facebook.all"  (in app: "io.flutter.plugins.share")
18:05:02 INFO  ProfileMatch              : 
18:05:02 INFO  ProfileMatch              :                 name: Facebook
18:05:02 INFO  ProfileMatch              :             category: SocialMedia
18:05:02 INFO  ProfileMatch              :              version: 6.3.0  [OLD VERSION]
18:05:02 INFO  ProfileMatch              :         release-date: 25.03.2020
18:05:02 INFO  ProfileMatch              :     lib root package: "com.facebook.all"  (in app: "io.flutter.plugins.share")
18:05:02 INFO  ProfileMatch              : 
18:05:02 INFO  ProfileMatch              :                 name: Facebook
18:05:02 INFO  ProfileMatch              :             category: SocialMedia
18:05:02 INFO  ProfileMatch              :              version: 6.4.0  [OLD VERSION]
18:05:02 INFO  ProfileMatch              :         release-date: 15.04.2020
18:05:02 INFO  ProfileMatch              :     lib root package: "com.facebook.all"  (in app: "io.flutter.plugins.share")
18:05:02 INFO  ProfileMatch              : 
18:05:02 INFO  ProfileMatch              :                 name: Facebook
18:05:02 INFO  ProfileMatch              :             category: SocialMedia
18:05:02 INFO  ProfileMatch              :              version: 6.5.0  [OLD VERSION]
18:05:02 INFO  ProfileMatch              :         release-date: 20.04.2020
18:05:02 INFO  ProfileMatch              :     lib root package: "com.facebook.all"  (in app: "io.flutter.plugins.share")
18:05:02 INFO  ProfileMatch              : 
18:05:02 INFO  ProfileMatch              :                 name: Facebook
18:05:02 INFO  ProfileMatch              :             category: SocialMedia
18:05:02 INFO  ProfileMatch              :              version: 6.5.1  [OLD VERSION]
18:05:02 INFO  ProfileMatch              :         release-date: 23.04.2020
18:05:02 INFO  ProfileMatch              :     lib root package: "com.facebook.all"  (in app: "io.flutter.plugins.share")
18:05:02 INFO  ProfileMatch              : 
18:05:02 INFO  ProfileMatch              :                 name: Facebook
18:05:02 INFO  ProfileMatch              :             category: SocialMedia
18:05:02 INFO  ProfileMatch              :              version: 7.0.0  [OLD VERSION]
18:05:02 INFO  ProfileMatch              :         release-date: 05.05.2020
18:05:02 INFO  ProfileMatch              :     lib root package: "com.facebook.all"  (in app: "io.flutter.plugins.share")
18:05:02 INFO  ProfileMatch              : 
18:05:02 INFO  ProfileMatch              :                 name: Facebook
18:05:02 INFO  ProfileMatch              :             category: SocialMedia
18:05:02 INFO  ProfileMatch              :              version: 7.0.1  [OLD VERSION]
18:05:02 INFO  ProfileMatch              :         release-date: 09.06.2020
18:05:02 INFO  ProfileMatch              :     lib root package: "com.facebook.all"  (in app: "io.flutter.plugins.share")
18:05:02 INFO  ProfileMatch              : 
18:05:02 INFO  ProfileMatch              :                 name: Facebook
18:05:02 INFO  ProfileMatch              :             category: SocialMedia
18:05:02 INFO  ProfileMatch              :              version: 7.1.0  [OLD VERSION]
18:05:02 INFO  ProfileMatch              :         release-date: 23.06.2020
18:05:02 INFO  ProfileMatch              :     lib root package: "com.facebook.all"  (in app: "io.flutter.plugins.share")
18:05:02 INFO  ProfileMatch              : 
18:05:02 INFO  ProfileMatch              :                 name: Facebook
18:05:02 INFO  ProfileMatch              :             category: SocialMedia
18:05:02 INFO  ProfileMatch              :              version: 8.0.0  [OLD VERSION]
18:05:02 INFO  ProfileMatch              :         release-date: 28.09.2020
18:05:02 INFO  ProfileMatch              :     lib root package: "com.facebook.all"  (in app: "io.flutter.plugins.share")
18:05:02 INFO  ProfileMatch              : 
18:05:02 INFO  ProfileMatch              :                 name: Facebook
18:05:02 INFO  ProfileMatch              :             category: SocialMedia
18:05:02 INFO  ProfileMatch              :              version: 8.1.0  [OLD VERSION]
18:05:02 INFO  ProfileMatch              :         release-date: 14.10.2020
18:05:02 INFO  ProfileMatch              :     lib root package: "com.facebook.all"  (in app: "io.flutter.plugins.share")
18:05:02 INFO  ProfileMatch              : 
18:05:02 INFO  ProfileMatch              :                 name: Facebook
18:05:02 INFO  ProfileMatch              :             category: SocialMedia
18:05:02 INFO  ProfileMatch              :              version: 8.2.0  [OLD VERSION]
18:05:02 INFO  ProfileMatch              :         release-date: 18.12.2020
18:05:02 INFO  ProfileMatch              :     lib root package: "com.facebook.all"  (in app: "io.flutter.plugins.share")
18:05:02 INFO  ProfileMatch              : 
18:05:02 INFO  ProfileMatch              :                 name: Facebook
18:05:02 INFO  ProfileMatch              :             category: SocialMedia
18:05:02 INFO  ProfileMatch              :              version: 9.0.0  [OLD VERSION]
18:05:02 INFO  ProfileMatch              :         release-date: 19.01.2021
18:05:02 INFO  ProfileMatch              :     lib root package: "com.facebook.all"  (in app: "io.flutter.plugins.share")
18:05:02 INFO  ProfileMatch              : 
18:05:02 INFO  ProfileMatch              :                 name: Facebook
18:05:02 INFO  ProfileMatch              :             category: SocialMedia
18:05:02 INFO  ProfileMatch              :              version: 9.1.0  [OLD VERSION]
18:05:02 INFO  ProfileMatch              :         release-date: 15.03.2021
18:05:02 INFO  ProfileMatch              :     lib root package: "com.facebook.all"  (in app: "io.flutter.plugins.share")
18:05:02 INFO  ProfileMatch              : 
18:05:02 INFO  ProfileMatch              :                 name: Facebook
18:05:02 INFO  ProfileMatch              :             category: SocialMedia
18:05:02 INFO  ProfileMatch              :              version: 9.1.1  [OLD VERSION]
18:05:02 INFO  ProfileMatch              :         release-date: 12.04.2021
18:05:02 INFO  ProfileMatch              :     lib root package: "com.facebook.all"  (in app: "io.flutter.plugins.share")
18:05:02 INFO  ProfileMatch              : 
18:05:02 INFO  ProfileMatch              :                 name: Facebook
18:05:02 INFO  ProfileMatch              :             category: SocialMedia
18:05:02 INFO  ProfileMatch              :              version: 11.0.0  [OLD VERSION]
18:05:02 INFO  ProfileMatch              :         release-date: 08.06.2021
18:05:02 INFO  ProfileMatch              :     lib root package: "com.facebook.all"  (in app: "io.flutter.plugins.share")
18:05:02 INFO  ProfileMatch              : 
18:05:02 INFO  ProfileMatch              :                 name: Facebook
18:05:02 INFO  ProfileMatch              :             category: SocialMedia
18:05:02 INFO  ProfileMatch              :              version: 11.1.0  [OLD VERSION]
18:05:02 INFO  ProfileMatch              :         release-date: 06.07.2021
18:05:02 INFO  ProfileMatch              :     lib root package: "com.facebook.all"  (in app: "io.flutter.plugins.share")
18:05:02 INFO  ProfileMatch              : 
18:05:02 INFO  ProfileMatch              :                 name: Facebook
18:05:02 INFO  ProfileMatch              :             category: SocialMedia
18:05:02 INFO  ProfileMatch              :              version: 11.1.1  [OLD VERSION]
18:05:02 INFO  ProfileMatch              :         release-date: 19.07.2021
18:05:02 INFO  ProfileMatch              :     lib root package: "com.facebook.all"  (in app: "io.flutter.plugins.share")
18:05:02 INFO  ProfileMatch              : 
18:05:02 INFO  ProfileMatch              :                 name: Facebook
18:05:02 INFO  ProfileMatch              :             category: SocialMedia
18:05:02 INFO  ProfileMatch              :              version: 11.2.0  [OLD VERSION]
18:05:02 INFO  ProfileMatch              :         release-date: 03.08.2021
18:05:02 INFO  ProfileMatch              :     lib root package: "com.facebook.all"  (in app: "io.flutter.plugins.share")
18:05:02 INFO  ProfileMatch              : 
18:05:02 INFO  ProfileMatch              :                 name: Facebook
18:05:02 INFO  ProfileMatch              :             category: SocialMedia
18:05:02 INFO  ProfileMatch              :              version: 11.3.0  [OLD VERSION]
18:05:02 INFO  ProfileMatch              :         release-date: 07.09.2021
18:05:02 INFO  ProfileMatch              :     lib root package: "com.facebook.all"  (in app: "io.flutter.plugins.share")
18:05:02 INFO  ProfileMatch              : 
18:05:02 INFO  ProfileMatch              :                 name: Facebook
18:05:02 INFO  ProfileMatch              :             category: SocialMedia
18:05:02 INFO  ProfileMatch              :              version: 12.0.0  [OLD VERSION]
18:05:02 INFO  ProfileMatch              :         release-date: 05.10.2021
18:05:02 INFO  ProfileMatch              :     lib root package: "com.facebook.all"  (in app: "io.flutter.plugins.share")
18:05:02 INFO  ProfileMatch              : 
18:05:02 INFO  ProfileMatch              :                 name: Facebook
18:05:02 INFO  ProfileMatch              :             category: SocialMedia
18:05:02 INFO  ProfileMatch              :              version: 12.0.1  [OLD VERSION]
18:05:02 INFO  ProfileMatch              :         release-date: 13.10.2021
18:05:02 INFO  ProfileMatch              :     lib root package: "com.facebook.all"  (in app: "io.flutter.plugins.share")
18:05:02 INFO  ProfileMatch              : 
18:05:02 INFO  ProfileMatch              :                 name: Facebook
18:05:02 INFO  ProfileMatch              :             category: SocialMedia
18:05:02 INFO  ProfileMatch              :              version: 12.1.0  [OLD VERSION]
18:05:02 INFO  ProfileMatch              :         release-date: 01.11.2021
18:05:02 INFO  ProfileMatch              :     lib root package: "com.facebook.all"  (in app: "io.flutter.plugins.share")
18:05:02 INFO  ProfileMatch              : 
18:05:02 INFO  ProfileMatch              :                 name: Facebook
18:05:02 INFO  ProfileMatch              :             category: SocialMedia
18:05:02 INFO  ProfileMatch              :              version: 12.2.0  [OLD VERSION]
18:05:02 INFO  ProfileMatch              :         release-date: 06.12.2021
18:05:02 INFO  ProfileMatch              :     lib root package: "com.facebook.all"  (in app: "io.flutter.plugins.share")
18:05:02 INFO  ProfileMatch              : 
18:05:02 INFO  ProfileMatch              :                 name: Facebook
18:05:02 INFO  ProfileMatch              :             category: SocialMedia
18:05:02 INFO  ProfileMatch              :              version: 12.3.0  [OLD VERSION]
18:05:02 INFO  ProfileMatch              :         release-date: 10.01.2022
18:05:02 INFO  ProfileMatch              :     lib root package: "com.facebook.all"  (in app: "io.flutter.plugins.share")
18:05:02 INFO  ProfileMatch              : 
18:05:02 INFO  ProfileMatch              :                 name: Facebook
18:05:02 INFO  ProfileMatch              :             category: SocialMedia
18:05:02 INFO  ProfileMatch              :              version: 13.0.0  [OLD VERSION]
18:05:02 INFO  ProfileMatch              :         release-date: 23.02.2022
18:05:02 INFO  ProfileMatch              :     lib root package: "com.facebook.all"  (in app: "io.flutter.plugins.share")
18:05:02 INFO  ProfileMatch              : 
18:05:02 INFO  ProfileMatch              :                 name: Facebook
18:05:02 INFO  ProfileMatch              :             category: SocialMedia
18:05:02 INFO  ProfileMatch              :              version: 13.1.0  [OLD VERSION]
18:05:02 INFO  ProfileMatch              :         release-date: 21.03.2022
18:05:02 INFO  ProfileMatch              :     lib root package: "com.facebook.all"  (in app: "io.flutter.plugins.share")
18:05:02 INFO  ProfileMatch              : 
18:05:02 INFO  ProfileMatch              :                 name: Facebook
18:05:02 INFO  ProfileMatch              :             category: SocialMedia
18:05:02 INFO  ProfileMatch              :              version: 13.2.0  [OLD VERSION]
18:05:02 INFO  ProfileMatch              :         release-date: 22.04.2022
18:05:02 INFO  ProfileMatch              :     lib root package: "com.facebook.all"  (in app: "io.flutter.plugins.share")
18:05:02 INFO  ProfileMatch              : 
18:05:02 INFO  ProfileMatch              :                 name: Facebook
18:05:02 INFO  ProfileMatch              :             category: SocialMedia
18:05:02 INFO  ProfileMatch              :              version: 14.0.0
18:05:02 INFO  ProfileMatch              :         release-date: 14.06.2022
18:05:02 INFO  ProfileMatch              :     lib root package: "com.facebook.all"  (in app: "io.flutter.plugins.share")
18:05:02 INFO  ProfileMatch              : 
18:05:02 INFO  ProfileMatch              :                 name: Gson
18:05:02 INFO  ProfileMatch              :             category: Utilities
18:05:02 INFO  ProfileMatch              :              version: 2.8.5  [OLD VERSION]
18:05:02 INFO  ProfileMatch              :         release-date: 22.05.2018
18:05:02 INFO  ProfileMatch              :     lib root package: "com.google.gson"
18:05:02 INFO  ProfileMatch              : 
18:05:03 INFO  LibraryIdentifier         : 
18:05:03 INFO  LibraryIdentifier         : - Partial library matches:
18:05:03 INFO  LibraryIdentifier         : 
18:05:03 INFO  LibraryIdentifier         : App processing time: 17 sec, 461 ms
