23:11:19 INFO  LibraryIdentifier         : Process app: org.lumicall.android_192.apk
23:11:19 INFO  LibraryIdentifier         : = Manifest Parser =
23:11:19 INFO  LibraryIdentifier         :         Package name: org.lumicall.android
23:11:19 INFO  LibraryIdentifier         :         Version code: 192
23:11:19 INFO  LibraryIdentifier         :        minSdkVersion: 8
23:11:19 INFO  LibraryIdentifier         :     targetSdkVersion: 8
23:11:19 INFO  LibraryIdentifier         :         SharedUserId:  - none -
23:11:19 INFO  LibraryIdentifier         :     Library dependencies:  - none -
23:11:19 INFO  LibraryIdentifier         : 
23:11:19 INFO  LibraryIdentifier         : Found 402 unique libraries in 12405 library profiles
23:11:20 INFO  LibraryIdentifier         : Generated class hierarchy (in 556 ms)
23:11:20 INFO  WalaUtils                 : 
23:11:20 INFO  WalaUtils                 : = ClassHierarchy Stats =
23:11:20 INFO  WalaUtils                 :     # of classes: 5246
23:11:20 INFO  WalaUtils                 :     # thereof inner classes: 1886
23:11:20 INFO  WalaUtils                 :     # thereof public classes: 3905
23:11:20 INFO  WalaUtils                 :         Activity : 30
23:11:20 INFO  WalaUtils                 :         Application : 0
23:11:20 INFO  WalaUtils                 :         AsyncTask : 3
23:11:20 INFO  WalaUtils                 :         BroadcastReceiver : 16
23:11:20 INFO  WalaUtils                 :         ContentProvider : 1
23:11:20 INFO  WalaUtils                 :         Fragment : 3
23:11:20 INFO  WalaUtils                 :         Handler : 13
23:11:20 INFO  WalaUtils                 :         LayoutContainer : 35
23:11:20 INFO  WalaUtils                 :         Plain : 5083
23:11:20 INFO  WalaUtils                 :         Runnable : 0
23:11:20 INFO  WalaUtils                 :         Service : 4
23:11:20 INFO  WalaUtils                 :         Thread : 42
23:11:20 INFO  WalaUtils                 :         View : 16
23:11:20 INFO  WalaUtils                 :     # methods: 37277
23:11:20 INFO  WalaUtils                 :         # of publicly accessible methods: 27457
23:11:20 INFO  WalaUtils                 :         # of non-accessible methods: 9820
23:11:20 INFO  WalaUtils                 : 
23:11:20 INFO  Profile                   : = PackageTree =
23:11:21 INFO  PackageTree               : Root Package:  - none -
23:11:21 INFO  PackageTree               : └── Root (7)
23:11:21 INFO  PackageTree               :     ├── org
23:11:21 INFO  PackageTree               :     │   ├── jboss
23:11:21 INFO  PackageTree               :     │   │   ├── security (86)
23:11:21 INFO  PackageTree               :     │   │   │   ├── mapping (5)
23:11:21 INFO  PackageTree               :     │   │   │   │   ├── providers (10)
23:11:21 INFO  PackageTree               :     │   │   │   │   │   ├── role (12)
23:11:21 INFO  PackageTree               :     │   │   │   │   │   ├── principal (4)
23:11:21 INFO  PackageTree               :     │   │   │   │   │   └── attribute (6)
23:11:21 INFO  PackageTree               :     │   │   │   │   └── config (1)
23:11:21 INFO  PackageTree               :     │   │   │   ├── acl (18)
23:11:21 INFO  PackageTree               :     │   │   │   │   └── config (1)
23:11:21 INFO  PackageTree               :     │   │   │   ├── plugins (38)
23:11:21 INFO  PackageTree               :     │   │   │   │   ├── authorization (6)
23:11:21 INFO  PackageTree               :     │   │   │   │   ├── auth (15)
23:11:21 INFO  PackageTree               :     │   │   │   │   ├── javaee (4)
23:11:21 INFO  PackageTree               :     │   │   │   │   ├── audit (7)
23:11:21 INFO  PackageTree               :     │   │   │   │   ├── mapping (6)
23:11:21 INFO  PackageTree               :     │   │   │   │   └── identitytrust (1)
23:11:21 INFO  PackageTree               :     │   │   │   ├── authorization (12)
23:11:21 INFO  PackageTree               :     │   │   │   │   ├── resources (5)
23:11:21 INFO  PackageTree               :     │   │   │   │   ├── modules (10)
23:11:21 INFO  PackageTree               :     │   │   │   │   │   ├── web (5)
23:11:21 INFO  PackageTree               :     │   │   │   │   │   └── ejb (4)
23:11:21 INFO  PackageTree               :     │   │   │   │   ├── config (1)
23:11:21 INFO  PackageTree               :     │   │   │   │   └── util (1)
23:11:21 INFO  PackageTree               :     │   │   │   ├── auth
23:11:21 INFO  PackageTree               :     │   │   │   │   ├── spi (36)
23:11:21 INFO  PackageTree               :     │   │   │   │   │   └── otp (3)
23:11:21 INFO  PackageTree               :     │   │   │   │   ├── message (1)
23:11:21 INFO  PackageTree               :     │   │   │   │   │   └── config (12)
23:11:21 INFO  PackageTree               :     │   │   │   │   ├── container
23:11:21 INFO  PackageTree               :     │   │   │   │   │   ├── modules (10)
23:11:21 INFO  PackageTree               :     │   │   │   │   │   └── config (1)
23:11:21 INFO  PackageTree               :     │   │   │   │   ├── login (18)
23:11:21 INFO  PackageTree               :     │   │   │   │   ├── callback (26)
23:11:21 INFO  PackageTree               :     │   │   │   │   └── certs (6)
23:11:21 INFO  PackageTree               :     │   │   │   ├── otp (4)
23:11:21 INFO  PackageTree               :     │   │   │   ├── identity (13)
23:11:21 INFO  PackageTree               :     │   │   │   │   ├── extensions (6)
23:11:21 INFO  PackageTree               :     │   │   │   │   ├── plugins (8)
23:11:21 INFO  PackageTree               :     │   │   │   │   └── fed (4)
23:11:21 INFO  PackageTree               :     │   │   │   ├── factories (4)
23:11:21 INFO  PackageTree               :     │   │   │   ├── identitytrust (11)
23:11:21 INFO  PackageTree               :     │   │   │   │   ├── modules (5)
23:11:21 INFO  PackageTree               :     │   │   │   │   └── config (1)
23:11:21 INFO  PackageTree               :     │   │   │   ├── javaee (9)
23:11:21 INFO  PackageTree               :     │   │   │   │   └── exceptions (2)
23:11:21 INFO  PackageTree               :     │   │   │   ├── config (20)
23:11:21 INFO  PackageTree               :     │   │   │   │   └── parser (21)
23:11:21 INFO  PackageTree               :     │   │   │   ├── audit (6)
23:11:21 INFO  PackageTree               :     │   │   │   │   ├── config (1)
23:11:21 INFO  PackageTree               :     │   │   │   │   └── providers (1)
23:11:21 INFO  PackageTree               :     │   │   │   ├── jacc (15)
23:11:21 INFO  PackageTree               :     │   │   │   ├── util (7)
23:11:21 INFO  PackageTree               :     │   │   │   │   ├── xml (4)
23:11:21 INFO  PackageTree               :     │   │   │   │   └── state (4)
23:11:21 INFO  PackageTree               :     │   │   │   │       └── xml (1)
23:11:21 INFO  PackageTree               :     │   │   │   ├── annotation (9)
23:11:21 INFO  PackageTree               :     │   │   │   ├── vault (7)
23:11:21 INFO  PackageTree               :     │   │   │   ├── client (4)
23:11:21 INFO  PackageTree               :     │   │   │   ├── callbacks (2)
23:11:21 INFO  PackageTree               :     │   │   │   └── cache (4)
23:11:21 INFO  PackageTree               :     │   │   └── crypto (2)
23:11:21 INFO  PackageTree               :     │   │       └── digest (3)
23:11:21 INFO  PackageTree               :     │   ├── zoolu
23:11:21 INFO  PackageTree               :     │   │   ├── sip
23:11:21 INFO  PackageTree               :     │   │   │   ├── message (9)
23:11:21 INFO  PackageTree               :     │   │   │   ├── header (47)
23:11:21 INFO  PackageTree               :     │   │   │   ├── dialog (12)
23:11:21 INFO  PackageTree               :     │   │   │   ├── transaction (11)
23:11:21 INFO  PackageTree               :     │   │   │   ├── provider (19)
23:11:21 INFO  PackageTree               :     │   │   │   ├── address (2)
23:11:21 INFO  PackageTree               :     │   │   │   ├── call (6)
23:11:21 INFO  PackageTree               :     │   │   │   └── authentication (1)
23:11:21 INFO  PackageTree               :     │   │   ├── sdp (12)
23:11:21 INFO  PackageTree               :     │   │   ├── tools (29)
23:11:21 INFO  PackageTree               :     │   │   └── net (11)
23:11:21 INFO  PackageTree               :     │   ├── xbill
23:11:21 INFO  PackageTree               :     │   │   └── DNS (165)
23:11:21 INFO  PackageTree               :     │   │       ├── spi (2)
23:11:21 INFO  PackageTree               :     │   │       └── utils (6)
23:11:21 INFO  PackageTree               :     │   ├── spongycastle (1)
23:11:21 INFO  PackageTree               :     │   │   ├── jcajce (15)
23:11:21 INFO  PackageTree               :     │   │   │   ├── provider
23:11:21 INFO  PackageTree               :     │   │   │   │   ├── digest (186)
23:11:21 INFO  PackageTree               :     │   │   │   │   ├── symmetric (320)
23:11:21 INFO  PackageTree               :     │   │   │   │   │   └── util (17)
23:11:21 INFO  PackageTree               :     │   │   │   │   ├── asymmetric (20)
23:11:21 INFO  PackageTree               :     │   │   │   │   │   ├── ec (54)
23:11:21 INFO  PackageTree               :     │   │   │   │   │   ├── elgamal (10)
23:11:21 INFO  PackageTree               :     │   │   │   │   │   ├── util (13)
23:11:21 INFO  PackageTree               :     │   │   │   │   │   ├── rsa (51)
23:11:21 INFO  PackageTree               :     │   │   │   │   │   ├── gost (7)
23:11:21 INFO  PackageTree               :     │   │   │   │   │   ├── x509 (10)
23:11:21 INFO  PackageTree               :     │   │   │   │   │   ├── ies (3)
23:11:21 INFO  PackageTree               :     │   │   │   │   │   ├── dsa (19)
23:11:21 INFO  PackageTree               :     │   │   │   │   │   ├── dh (12)
23:11:21 INFO  PackageTree               :     │   │   │   │   │   ├── dstu (6)
23:11:21 INFO  PackageTree               :     │   │   │   │   │   └── ecgost (5)
23:11:21 INFO  PackageTree               :     │   │   │   │   ├── keystore (4)
23:11:21 INFO  PackageTree               :     │   │   │   │   │   ├── bc (5)
23:11:21 INFO  PackageTree               :     │   │   │   │   │   └── pkcs12 (8)
23:11:21 INFO  PackageTree               :     │   │   │   │   ├── util (5)
23:11:21 INFO  PackageTree               :     │   │   │   │   └── config (4)
23:11:21 INFO  PackageTree               :     │   │   │   ├── spec (5)
23:11:21 INFO  PackageTree               :     │   │   │   ├── util (6)
23:11:21 INFO  PackageTree               :     │   │   │   └── io (3)
23:11:21 INFO  PackageTree               :     │   │   ├── asn1 (98)
23:11:21 INFO  PackageTree               :     │   │   │   ├── x509 (78)
23:11:21 INFO  PackageTree               :     │   │   │   │   ├── qualified (8)
23:11:21 INFO  PackageTree               :     │   │   │   │   └── sigi (3)
23:11:21 INFO  PackageTree               :     │   │   │   ├── crmf (22)
23:11:21 INFO  PackageTree               :     │   │   │   ├── x9 (39)
23:11:21 INFO  PackageTree               :     │   │   │   ├── cms (50)
23:11:21 INFO  PackageTree               :     │   │   │   │   └── ecc (1)
23:11:21 INFO  PackageTree               :     │   │   │   ├── sec (37)
23:11:21 INFO  PackageTree               :     │   │   │   ├── pkcs (31)
23:11:21 INFO  PackageTree               :     │   │   │   ├── isismtt (1)
23:11:21 INFO  PackageTree               :     │   │   │   │   ├── ocsp (2)
23:11:21 INFO  PackageTree               :     │   │   │   │   └── x509 (9)
23:11:21 INFO  PackageTree               :     │   │   │   ├── ess (8)
23:11:21 INFO  PackageTree               :     │   │   │   ├── ntt (1)
23:11:21 INFO  PackageTree               :     │   │   │   ├── dvcs (14)
23:11:21 INFO  PackageTree               :     │   │   │   ├── cmp (38)
23:11:21 INFO  PackageTree               :     │   │   │   ├── mozilla (1)
23:11:21 INFO  PackageTree               :     │   │   │   ├── eac (16)
23:11:21 INFO  PackageTree               :     │   │   │   ├── misc (6)
23:11:21 INFO  PackageTree               :     │   │   │   ├── esf (25)
23:11:21 INFO  PackageTree               :     │   │   │   ├── gnu (1)
23:11:21 INFO  PackageTree               :     │   │   │   ├── ua (7)
23:11:21 INFO  PackageTree               :     │   │   │   ├── ocsp (17)
23:11:21 INFO  PackageTree               :     │   │   │   ├── tsp (5)
23:11:21 INFO  PackageTree               :     │   │   │   ├── x500 (6)
23:11:21 INFO  PackageTree               :     │   │   │   │   └── style (6)
23:11:21 INFO  PackageTree               :     │   │   │   ├── icao (5)
23:11:21 INFO  PackageTree               :     │   │   │   ├── teletrust (16)
23:11:21 INFO  PackageTree               :     │   │   │   ├── cryptopro (7)
23:11:21 INFO  PackageTree               :     │   │   │   ├── bc (1)
23:11:21 INFO  PackageTree               :     │   │   │   ├── smime (6)
23:11:21 INFO  PackageTree               :     │   │   │   ├── iana (1)
23:11:21 INFO  PackageTree               :     │   │   │   ├── nist (2)
23:11:21 INFO  PackageTree               :     │   │   │   ├── microsoft (1)
23:11:21 INFO  PackageTree               :     │   │   │   ├── oiw (2)
23:11:21 INFO  PackageTree               :     │   │   │   ├── util (3)
23:11:21 INFO  PackageTree               :     │   │   │   ├── kisa (1)
23:11:21 INFO  PackageTree               :     │   │   │   └── bsi (1)
23:11:21 INFO  PackageTree               :     │   │   ├── jce (13)
23:11:21 INFO  PackageTree               :     │   │   │   ├── provider (63)
23:11:21 INFO  PackageTree               :     │   │   │   ├── interfaces (16)
23:11:21 INFO  PackageTree               :     │   │   │   ├── spec (22)
23:11:21 INFO  PackageTree               :     │   │   │   ├── exception (5)
23:11:21 INFO  PackageTree               :     │   │   │   └── netscape (1)
23:11:21 INFO  PackageTree               :     │   │   ├── crypto (38)
23:11:21 INFO  PackageTree               :     │   │   │   ├── tls (166)
23:11:21 INFO  PackageTree               :     │   │   │   ├── engines (61)
23:11:21 INFO  PackageTree               :     │   │   │   ├── ec (21)
23:11:21 INFO  PackageTree               :     │   │   │   ├── params (69)
23:11:21 INFO  PackageTree               :     │   │   │   ├── generators (38)
23:11:21 INFO  PackageTree               :     │   │   │   ├── modes (18)
23:11:21 INFO  PackageTree               :     │   │   │   │   └── gcm (8)
23:11:21 INFO  PackageTree               :     │   │   │   ├── agreement (6)
23:11:21 INFO  PackageTree               :     │   │   │   │   ├── srp (5)
23:11:21 INFO  PackageTree               :     │   │   │   │   ├── jpake (7)
23:11:21 INFO  PackageTree               :     │   │   │   │   └── kdf (3)
23:11:21 INFO  PackageTree               :     │   │   │   ├── util (5)
23:11:21 INFO  PackageTree               :     │   │   │   ├── kems (2)
23:11:21 INFO  PackageTree               :     │   │   │   ├── prng (22)
23:11:21 INFO  PackageTree               :     │   │   │   │   └── drbg (7)
23:11:21 INFO  PackageTree               :     │   │   │   ├── io (10)
23:11:21 INFO  PackageTree               :     │   │   │   ├── examples (2)
23:11:21 INFO  PackageTree               :     │   │   │   ├── signers (16)
23:11:21 INFO  PackageTree               :     │   │   │   ├── digests (30)
23:11:21 INFO  PackageTree               :     │   │   │   ├── commitments (2)
23:11:21 INFO  PackageTree               :     │   │   │   ├── macs (15)
23:11:21 INFO  PackageTree               :     │   │   │   ├── paddings (8)
23:11:21 INFO  PackageTree               :     │   │   │   ├── parsers (2)
23:11:21 INFO  PackageTree               :     │   │   │   └── encodings (4)
23:11:21 INFO  PackageTree               :     │   │   ├── pqc
23:11:21 INFO  PackageTree               :     │   │   │   ├── crypto (3)
23:11:21 INFO  PackageTree               :     │   │   │   │   ├── ntru (20)
23:11:21 INFO  PackageTree               :     │   │   │   │   ├── rainbow (8)
23:11:21 INFO  PackageTree               :     │   │   │   │   │   └── util (3)
23:11:21 INFO  PackageTree               :     │   │   │   │   ├── gmss (13)
23:11:21 INFO  PackageTree               :     │   │   │   │   │   └── util (4)
23:11:21 INFO  PackageTree               :     │   │   │   │   └── mceliece (22)
23:11:21 INFO  PackageTree               :     │   │   │   ├── math
23:11:21 INFO  PackageTree               :     │   │   │   │   ├── ntru
23:11:21 INFO  PackageTree               :     │   │   │   │   │   ├── util (2)
23:11:21 INFO  PackageTree               :     │   │   │   │   │   ├── polynomial (15)
23:11:21 INFO  PackageTree               :     │   │   │   │   │   └── euclid (2)
23:11:21 INFO  PackageTree               :     │   │   │   │   └── linearalgebra (31)
23:11:21 INFO  PackageTree               :     │   │   │   ├── asn1 (10)
23:11:21 INFO  PackageTree               :     │   │   │   └── jcajce
23:11:21 INFO  PackageTree               :     │   │   │       ├── spec (12)
23:11:21 INFO  PackageTree               :     │   │   │       └── provider (6)
23:11:21 INFO  PackageTree               :     │   │   │           ├── mceliece (36)
23:11:21 INFO  PackageTree               :     │   │   │           ├── rainbow (10)
23:11:21 INFO  PackageTree               :     │   │   │           ├── util (4)
23:11:21 INFO  PackageTree               :     │   │   │           └── gmss (1)
23:11:21 INFO  PackageTree               :     │   │   ├── math
23:11:21 INFO  PackageTree               :     │   │   │   ├── ec (43)
23:11:21 INFO  PackageTree               :     │   │   │   │   ├── endo (4)
23:11:21 INFO  PackageTree               :     │   │   │   │   ├── tools (1)
23:11:21 INFO  PackageTree               :     │   │   │   │   └── custom
23:11:21 INFO  PackageTree               :     │   │   │   │       ├── sec (32)
23:11:21 INFO  PackageTree               :     │   │   │   │       └── djb (4)
23:11:21 INFO  PackageTree               :     │   │   │   ├── field (8)
23:11:21 INFO  PackageTree               :     │   │   │   └── raw (8)
23:11:21 INFO  PackageTree               :     │   │   ├── x509 (33)
23:11:21 INFO  PackageTree               :     │   │   │   ├── util (3)
23:11:21 INFO  PackageTree               :     │   │   │   └── extension (2)
23:11:21 INFO  PackageTree               :     │   │   ├── util (21)
23:11:21 INFO  PackageTree               :     │   │   │   ├── encoders (13)
23:11:21 INFO  PackageTree               :     │   │   │   ├── test (8)
23:11:21 INFO  PackageTree               :     │   │   │   └── io (5)
23:11:21 INFO  PackageTree               :     │   │   │       └── pem (7)
23:11:21 INFO  PackageTree               :     │   │   └── i18n (8)
23:11:21 INFO  PackageTree               :     │   │       └── filter (6)
23:11:21 INFO  PackageTree               :     │   ├── ice4j (13)
23:11:21 INFO  PackageTree               :     │   │   ├── pseudotcp (19)
23:11:21 INFO  PackageTree               :     │   │   │   └── util (1)
23:11:21 INFO  PackageTree               :     │   │   ├── attribute (42)
23:11:21 INFO  PackageTree               :     │   │   ├── stack (22)
23:11:21 INFO  PackageTree               :     │   │   ├── ice (34)
23:11:21 INFO  PackageTree               :     │   │   │   ├── harvest (31)
23:11:21 INFO  PackageTree               :     │   │   │   └── sdp (2)
23:11:21 INFO  PackageTree               :     │   │   ├── socket (45)
23:11:21 INFO  PackageTree               :     │   │   ├── message (6)
23:11:21 INFO  PackageTree               :     │   │   ├── stunclient (4)
23:11:21 INFO  PackageTree               :     │   │   ├── security (4)
23:11:21 INFO  PackageTree               :     │   │   └── util (1)
23:11:21 INFO  PackageTree               :     │   ├── sipdroid
23:11:21 INFO  PackageTree               :     │   │   ├── codecs (18)
23:11:21 INFO  PackageTree               :     │   │   ├── sipua (24)
23:11:21 INFO  PackageTree               :     │   │   │   ├── ui (68)
23:11:21 INFO  PackageTree               :     │   │   │   └── phone (27)
23:11:21 INFO  PackageTree               :     │   │   ├── media (15)
23:11:21 INFO  PackageTree               :     │   │   └── net (9)
23:11:21 INFO  PackageTree               :     │   │       └── impl (2)
23:11:21 INFO  PackageTree               :     │   ├── lumicall
23:11:21 INFO  PackageTree               :     │   │   └── android (4)
23:11:21 INFO  PackageTree               :     │   │       ├── preferences (23)
23:11:21 INFO  PackageTree               :     │   │       ├── sip (31)
23:11:21 INFO  PackageTree               :     │   │       ├── db (9)
23:11:21 INFO  PackageTree               :     │   │       ├── ganglia (9)
23:11:21 INFO  PackageTree               :     │   │       ├── reg (3)
23:11:21 INFO  PackageTree               :     │   │       └── sms (1)
23:11:21 INFO  PackageTree               :     │   ├── acplt
23:11:21 INFO  PackageTree               :     │   │   └── oncrpc (62)
23:11:21 INFO  PackageTree               :     │   │       ├── server (23)
23:11:21 INFO  PackageTree               :     │   │       └── web (5)
23:11:21 INFO  PackageTree               :     │   ├── opentelecoms
23:11:21 INFO  PackageTree               :     │   │   └── util (5)
23:11:21 INFO  PackageTree               :     │   │       ├── csv (1)
23:11:21 INFO  PackageTree               :     │   │       ├── crypto (2)
23:11:21 INFO  PackageTree               :     │   │       └── dns (4)
23:11:21 INFO  PackageTree               :     │   ├── slf4j (7)
23:11:21 INFO  PackageTree               :     │   │   ├── helpers (12)
23:11:21 INFO  PackageTree               :     │   │   ├── spi (4)
23:11:21 INFO  PackageTree               :     │   │   └── impl (5)
23:11:21 INFO  PackageTree               :     │   ├── picketbox (1)
23:11:21 INFO  PackageTree               :     │   │   ├── datasource
23:11:21 INFO  PackageTree               :     │   │   │   └── security (22)
23:11:21 INFO  PackageTree               :     │   │   ├── util (10)
23:11:21 INFO  PackageTree               :     │   │   ├── plugins (11)
23:11:21 INFO  PackageTree               :     │   │   │   ├── vault (2)
23:11:21 INFO  PackageTree               :     │   │   │   └── authorization (1)
23:11:21 INFO  PackageTree               :     │   │   ├── factories (6)
23:11:21 INFO  PackageTree               :     │   │   ├── config (5)
23:11:21 INFO  PackageTree               :     │   │   ├── exceptions (4)
23:11:21 INFO  PackageTree               :     │   │   ├── handlers (1)
23:11:21 INFO  PackageTree               :     │   │   └── core
23:11:21 INFO  PackageTree               :     │   │       └── authorization
23:11:21 INFO  PackageTree               :     │   │           └── resources (1)
23:11:21 INFO  PackageTree               :     │   ├── omnidial
23:11:21 INFO  PackageTree               :     │   │   └── harvest (13)
23:11:21 INFO  PackageTree               :     │   └── bitlet
23:11:21 INFO  PackageTree               :     │       └── weupnp (7)
23:11:21 INFO  PackageTree               :     ├── zorg (18)
23:11:21 INFO  PackageTree               :     │   └── platform (16)
23:11:21 INFO  PackageTree               :     │       └── j2se (14)
23:11:21 INFO  PackageTree               :     ├── android
23:11:21 INFO  PackageTree               :     │   └── support
23:11:21 INFO  PackageTree               :     │       ├── v4
23:11:21 INFO  PackageTree               :     │       │   ├── content (35)
23:11:21 INFO  PackageTree               :     │       │   │   ├── res (2)
23:11:21 INFO  PackageTree               :     │       │   │   └── pm (1)
23:11:21 INFO  PackageTree               :     │       │   ├── app (184)
23:11:21 INFO  PackageTree               :     │       │   ├── view (165)
23:11:21 INFO  PackageTree               :     │       │   │   └── accessibility (58)
23:11:21 INFO  PackageTree               :     │       │   ├── media (26)
23:11:21 INFO  PackageTree               :     │       │   │   ├── session (29)
23:11:21 INFO  PackageTree               :     │       │   │   └── routing (20)
23:11:21 INFO  PackageTree               :     │       │   ├── widget (119)
23:11:21 INFO  PackageTree               :     │       │   ├── text (17)
23:11:21 INFO  PackageTree               :     │       │   ├── util (23)
23:11:21 INFO  PackageTree               :     │       │   ├── print (13)
23:11:21 INFO  PackageTree               :     │       │   ├── graphics (9)
23:11:21 INFO  PackageTree               :     │       │   │   └── drawable (13)
23:11:21 INFO  PackageTree               :     │       │   ├── net (16)
23:11:21 INFO  PackageTree               :     │       │   ├── os (9)
23:11:21 INFO  PackageTree               :     │       │   ├── speech
23:11:21 INFO  PackageTree               :     │       │   │   └── tts (5)
23:11:21 INFO  PackageTree               :     │       │   ├── hardware
23:11:21 INFO  PackageTree               :     │       │   │   └── display (4)
23:11:21 INFO  PackageTree               :     │       │   ├── provider (6)
23:11:21 INFO  PackageTree               :     │       │   ├── accessibilityservice (7)
23:11:21 INFO  PackageTree               :     │       │   ├── internal
23:11:21 INFO  PackageTree               :     │       │   │   └── view (3)
23:11:21 INFO  PackageTree               :     │       │   └── database (1)
23:11:21 INFO  PackageTree               :     │       ├── v7
23:11:21 INFO  PackageTree               :     │       │   ├── widget (73)
23:11:21 INFO  PackageTree               :     │       │   ├── internal (1)
23:11:21 INFO  PackageTree               :     │       │   │   ├── widget (92)
23:11:21 INFO  PackageTree               :     │       │   │   ├── view (9)
23:11:21 INFO  PackageTree               :     │       │   │   │   └── menu (34)
23:11:21 INFO  PackageTree               :     │       │   │   ├── app (15)
23:11:21 INFO  PackageTree               :     │       │   │   ├── transition (1)
23:11:21 INFO  PackageTree               :     │       │   │   └── text (1)
23:11:21 INFO  PackageTree               :     │       │   ├── app (39)
23:11:21 INFO  PackageTree               :     │       │   └── view (3)
23:11:21 INFO  PackageTree               :     │       └── annotation (25)
23:11:21 INFO  PackageTree               :     ├── de
23:11:21 INFO  PackageTree               :     │   └── rtner
23:11:21 INFO  PackageTree               :     │       ├── security
23:11:21 INFO  PackageTree               :     │       │   └── auth
23:11:21 INFO  PackageTree               :     │       │       └── spi (9)
23:11:21 INFO  PackageTree               :     │       └── misc (1)
23:11:21 INFO  PackageTree               :     ├── info
23:11:21 INFO  PackageTree               :     │   └── ganglia
23:11:21 INFO  PackageTree               :     │       └── gmetric4j (7)
23:11:21 INFO  PackageTree               :     │           ├── xdr
23:11:21 INFO  PackageTree               :     │           │   ├── v30x (7)
23:11:21 INFO  PackageTree               :     │           │   └── v31x (18)
23:11:21 INFO  PackageTree               :     │           └── gmetric (10)
23:11:21 INFO  PackageTree               :     ├── com
23:11:21 INFO  PackageTree               :     │   ├── google
23:11:21 INFO  PackageTree               :     │   │   └── i18n
23:11:21 INFO  PackageTree               :     │   │       └── phonenumbers (47)
23:11:21 INFO  PackageTree               :     │   │           └── internal (2)
23:11:21 INFO  PackageTree               :     │   └── android
23:11:21 INFO  PackageTree               :     │       └── internal
23:11:21 INFO  PackageTree               :     │           └── telephony (6)
23:11:21 INFO  PackageTree               :     └── uk
23:11:21 INFO  PackageTree               :         └── nominet
23:11:21 INFO  PackageTree               :             └── DDDS (6)
23:11:21 INFO  Profile                   : 
23:11:21 INFO  AppProfile                : - generated app package tree (in 62 ms)
23:11:21 INFO  AppProfile                : 
23:11:21 DEBUG HashTree                  : Generate hash tree..
23:11:21 DEBUG HashTree                  :     - generated 303 package hashes.
23:11:21 DEBUG HashTree                  :     - generated 5165 clazz hashes.
23:11:21 DEBUG HashTree                  :     - generated 37277 method hashes.
23:11:21 DEBUG HashTree                  :     => Library Hash: f022c7f1143c61a6fa3bd82ff4593121
23:11:21 INFO  AppProfile                : - generated app hash trees (in 631 ms)
23:11:21 INFO  AppProfile                : 
23:11:21 INFO  LibraryIdentifier         : = Scan for library root packages (heuristic) =
23:11:21 INFO  LibraryIdentifier         :     - Found lib root package android.support.v4.media  (androidx.media::media)
23:11:21 INFO  LibraryIdentifier         :     - Found lib root package android.support.v7  (com.android.support::appcompat-v7)
23:11:21 INFO  LibraryIdentifier         :     - Found lib root package android.support.v4.view  (com.android.support::asynclayoutinflater)
23:11:21 INFO  LibraryIdentifier         :     - Found lib root package android.support.v7.widget  (com.android.support::cardview-v7)
23:11:21 INFO  LibraryIdentifier         :     - Found lib root package android.support.v4.util  (com.android.support::collections)
23:11:21 INFO  LibraryIdentifier         :     - Found lib root package android.support.v4.widget  (com.android.support::cursoradapter)
23:11:21 INFO  LibraryIdentifier         :     - Found lib root package android.support.v4  (com.android.support::customview)
23:11:21 INFO  LibraryIdentifier         :     - Found lib root package android.support.v4.provider  (com.android.support::documentfile)
23:11:21 INFO  LibraryIdentifier         :     - Found lib root package android.support.v4.widget  (com.android.support::drawerlayout)
23:11:21 INFO  LibraryIdentifier         :     - Found lib root package android.support.v7.widget  (com.android.support::gridlayout-v7)
23:11:21 INFO  LibraryIdentifier         :     - Found lib root package android.support.v4  (com.android.support::loader)
23:11:21 INFO  LibraryIdentifier         :     - Found lib root package android.support.v4.content  (com.android.support::localbroadcastmanager)
23:11:21 INFO  LibraryIdentifier         :     - Found lib root package android.support.v7  (com.android.support::mediarouter-v7)
23:11:21 INFO  LibraryIdentifier         :     - Found lib root package android.support.v7  (com.android.support::preference-v7)
23:11:21 INFO  LibraryIdentifier         :     - Found lib root package android.support.v4.print  (com.android.support::print)
23:11:21 INFO  LibraryIdentifier         :     - Found lib root package android.support.v7.widget  (com.android.support::recyclerview-v7)
23:11:21 INFO  LibraryIdentifier         :     - Found lib root package android.support.v4.widget  (com.android.support::slidingpanelayout)
23:11:21 INFO  LibraryIdentifier         :     - Found lib root package android.support.annotation  (com.android.support::support-annotations)
23:11:21 INFO  LibraryIdentifier         :     - Found lib root package android.support.v4  (com.android.support::support-compat)
23:11:21 INFO  LibraryIdentifier         :     - Found lib root package android.support.v4  (com.android.support::support-core-ui)
23:11:21 INFO  LibraryIdentifier         :     - Found lib root package android.support.v4  (com.android.support::support-core-utils)
23:11:21 INFO  LibraryIdentifier         :     - Found lib root package android.support.v4.app  (com.android.support::support-fragment)
23:11:21 INFO  LibraryIdentifier         :     - Found lib root package android.support.v4.media  (com.android.support::support-media-compat)
23:11:21 INFO  LibraryIdentifier         :     - Found lib root package android.support.v4  (com.android.support::support-v4)
23:11:21 INFO  LibraryIdentifier         :     - Found lib root package android.support.v4.widget  (com.android.support::swiperefreshlayout)
23:11:21 INFO  LibraryIdentifier         :     - Found lib root package android.support.v4.view  (com.android.support::viewpager)
23:11:21 INFO  LibraryIdentifier         :     - Found lib root package com.android  (com.android.tools::common)
23:11:21 INFO  LibraryIdentifier         :     - Found lib root package com.android  (com.android.tools::sdk-common)
23:11:21 INFO  LibraryIdentifier         : 
23:11:21 INFO  LibraryIdentifier         : = Match profiles =
23:12:34 INFO  LibraryIdentifier         :     >> profile matching done (1 min, 12 sec, 151 ms)
23:12:34 INFO  LibraryIdentifier         : 
23:12:34 INFO  LibraryIdentifier         : == Report ==
23:12:34 INFO  LibraryIdentifier         : - Full library matches:
23:12:34 INFO  ProfileMatch              :                 name: com.android.support::localbroadcastmanager
23:12:34 INFO  ProfileMatch              :             category: Android
23:12:34 INFO  ProfileMatch              :              version: 28.0.0
23:12:34 INFO  ProfileMatch              :         release-date:  --
23:12:34 INFO  ProfileMatch              :     lib root package: "android.support.v4.content"
23:12:34 INFO  ProfileMatch              : 
23:12:34 INFO  ProfileMatch              :                 name: com.android.support::appcompat-v7
23:12:34 INFO  ProfileMatch              :             category: Android
23:12:34 INFO  ProfileMatch              :              version: 21.0.2  [OLD VERSION]
23:12:34 INFO  ProfileMatch              :         release-date:  --
23:12:34 INFO  ProfileMatch              :     lib root package: "android.support.v7"
23:12:34 INFO  ProfileMatch              : 
23:12:34 INFO  ProfileMatch              :                 name: com.android.support::appcompat-v7
23:12:34 INFO  ProfileMatch              :             category: Android
23:12:34 INFO  ProfileMatch              :              version: 21.0.3  [OLD VERSION]
23:12:34 INFO  ProfileMatch              :         release-date:  --
23:12:34 INFO  ProfileMatch              :     lib root package: "android.support.v7"
23:12:34 INFO  ProfileMatch              : 
23:12:34 INFO  ProfileMatch              :                 name: com.android.support::support-core-utils
23:12:34 INFO  ProfileMatch              :             category: Android
23:12:34 INFO  ProfileMatch              :              version: 28.0.0
23:12:34 INFO  ProfileMatch              :         release-date:  --
23:12:34 INFO  ProfileMatch              :     lib root package: "android.support.v4.content"
23:12:34 INFO  ProfileMatch              : 
23:12:34 INFO  ProfileMatch              :                 name: com.android.support::support-annotations
23:12:34 INFO  ProfileMatch              :             category: Android
23:12:34 INFO  ProfileMatch              :              version: 19.1.0  [OLD VERSION]
23:12:34 INFO  ProfileMatch              :         release-date:  --
23:12:34 INFO  ProfileMatch              :     lib root package: "android.support.annotation"
23:12:34 INFO  ProfileMatch              : 
23:12:34 INFO  ProfileMatch              :                 name: com.android.support::support-annotations
23:12:34 INFO  ProfileMatch              :             category: Android
23:12:34 INFO  ProfileMatch              :              version: 20.0.0  [OLD VERSION]
23:12:34 INFO  ProfileMatch              :         release-date:  --
23:12:34 INFO  ProfileMatch              :     lib root package: "android.support.annotation"
23:12:34 INFO  ProfileMatch              : 
23:12:34 INFO  ProfileMatch              :                 name: com.android.support::support-annotations
23:12:34 INFO  ProfileMatch              :             category: Android
23:12:34 INFO  ProfileMatch              :              version: 21.0.0  [OLD VERSION]
23:12:34 INFO  ProfileMatch              :         release-date:  --
23:12:34 INFO  ProfileMatch              :     lib root package: "android.support.annotation"
23:12:34 INFO  ProfileMatch              : 
23:12:34 INFO  ProfileMatch              :                 name: com.android.support::support-annotations
23:12:34 INFO  ProfileMatch              :             category: Android
23:12:34 INFO  ProfileMatch              :              version: 21.0.2  [OLD VERSION]
23:12:34 INFO  ProfileMatch              :         release-date:  --
23:12:34 INFO  ProfileMatch              :     lib root package: "android.support.annotation"
23:12:34 INFO  ProfileMatch              : 
23:12:34 INFO  ProfileMatch              :                 name: com.android.support::support-annotations
23:12:34 INFO  ProfileMatch              :             category: Android
23:12:34 INFO  ProfileMatch              :              version: 21.0.3  [OLD VERSION]
23:12:34 INFO  ProfileMatch              :         release-date:  --
23:12:34 INFO  ProfileMatch              :     lib root package: "android.support.annotation"
23:12:34 INFO  ProfileMatch              : 
23:12:34 INFO  ProfileMatch              :                 name: com.android.support::support-annotations
23:12:34 INFO  ProfileMatch              :             category: Android
23:12:34 INFO  ProfileMatch              :              version: 22.0.0  [OLD VERSION]
23:12:34 INFO  ProfileMatch              :         release-date:  --
23:12:34 INFO  ProfileMatch              :     lib root package: "android.support.annotation"
23:12:34 INFO  ProfileMatch              : 
23:12:34 INFO  ProfileMatch              :                 name: com.android.support::support-annotations
23:12:34 INFO  ProfileMatch              :             category: Android
23:12:34 INFO  ProfileMatch              :              version: 22.1.0  [OLD VERSION]
23:12:34 INFO  ProfileMatch              :         release-date:  --
23:12:34 INFO  ProfileMatch              :     lib root package: "android.support.annotation"
23:12:34 INFO  ProfileMatch              : 
23:12:34 INFO  ProfileMatch              :                 name: com.android.support::support-annotations
23:12:34 INFO  ProfileMatch              :             category: Android
23:12:34 INFO  ProfileMatch              :              version: 22.1.1  [OLD VERSION]
23:12:34 INFO  ProfileMatch              :         release-date:  --
23:12:34 INFO  ProfileMatch              :     lib root package: "android.support.annotation"
23:12:34 INFO  ProfileMatch              : 
23:12:34 INFO  ProfileMatch              :                 name: com.google.firebase::firebase-ml-vision-image-label-model
23:12:34 INFO  ProfileMatch              :             category: Android
23:12:34 INFO  ProfileMatch              :              version: 20.0.0  [OLD VERSION]
23:12:34 INFO  ProfileMatch              :         release-date:  --
23:12:34 INFO  ProfileMatch              :     lib root package: "com.google.firebase.ml.vision.imagelabel"  (in app: "org.spongycastle.asn1")
23:12:34 INFO  ProfileMatch              : 
23:12:34 INFO  ProfileMatch              :                 name: com.google.firebase::firebase-ml-vision-image-label-model
23:12:34 INFO  ProfileMatch              :             category: Android
23:12:34 INFO  ProfileMatch              :              version: 20.0.1  [OLD VERSION]
23:12:34 INFO  ProfileMatch              :         release-date:  --
23:12:34 INFO  ProfileMatch              :     lib root package: "com.google.firebase.ml.vision.imagelabel"  (in app: "org.spongycastle.asn1")
23:12:34 INFO  ProfileMatch              : 
23:12:34 INFO  ProfileMatch              :                 name: com.google.firebase::firebase-ml-vision-image-label-model
23:12:34 INFO  ProfileMatch              :             category: Android
23:12:34 INFO  ProfileMatch              :              version: 20.0.2
23:12:34 INFO  ProfileMatch              :         release-date:  --
23:12:34 INFO  ProfileMatch              :     lib root package: "com.google.firebase.ml.vision.imagelabel"  (in app: "org.spongycastle.asn1")
23:12:34 INFO  ProfileMatch              : 
23:12:34 INFO  ProfileMatch              :                 name: Facebook
23:12:34 INFO  ProfileMatch              :             category: SocialMedia
23:12:34 INFO  ProfileMatch              :              version: 4.27.0  [OLD VERSION]
23:12:34 INFO  ProfileMatch              :         release-date: 26.09.2017
23:12:34 INFO  ProfileMatch              :     lib root package: "com.facebook.all"  (in app: "org.spongycastle.asn1")
23:12:34 INFO  ProfileMatch              : 
23:12:34 INFO  ProfileMatch              :                 name: Facebook
23:12:34 INFO  ProfileMatch              :             category: SocialMedia
23:12:34 INFO  ProfileMatch              :              version: 4.28.0  [OLD VERSION]
23:12:34 INFO  ProfileMatch              :         release-date: 07.11.2017
23:12:34 INFO  ProfileMatch              :     lib root package: "com.facebook.all"  (in app: "org.spongycastle.asn1")
23:12:34 INFO  ProfileMatch              : 
23:12:34 INFO  ProfileMatch              :                 name: Facebook
23:12:34 INFO  ProfileMatch              :             category: SocialMedia
23:12:34 INFO  ProfileMatch              :              version: 4.29.0  [OLD VERSION]
23:12:34 INFO  ProfileMatch              :         release-date: 05.12.2017
23:12:34 INFO  ProfileMatch              :     lib root package: "com.facebook.all"  (in app: "org.spongycastle.asn1")
23:12:34 INFO  ProfileMatch              : 
23:12:34 INFO  ProfileMatch              :                 name: Facebook
23:12:34 INFO  ProfileMatch              :             category: SocialMedia
23:12:34 INFO  ProfileMatch              :              version: 4.30.0  [OLD VERSION]
23:12:34 INFO  ProfileMatch              :         release-date: 24.01.2018
23:12:34 INFO  ProfileMatch              :     lib root package: "com.facebook.all"  (in app: "org.spongycastle.asn1")
23:12:34 INFO  ProfileMatch              : 
23:12:34 INFO  ProfileMatch              :                 name: Facebook
23:12:34 INFO  ProfileMatch              :             category: SocialMedia
23:12:34 INFO  ProfileMatch              :              version: 4.31.0  [OLD VERSION]
23:12:34 INFO  ProfileMatch              :         release-date: 28.02.2018
23:12:34 INFO  ProfileMatch              :     lib root package: "com.facebook.all"  (in app: "org.spongycastle.asn1")
23:12:34 INFO  ProfileMatch              : 
23:12:34 INFO  ProfileMatch              :                 name: Facebook
23:12:34 INFO  ProfileMatch              :             category: SocialMedia
23:12:34 INFO  ProfileMatch              :              version: 4.32.0  [OLD VERSION]
23:12:34 INFO  ProfileMatch              :         release-date: 11.04.2018
23:12:34 INFO  ProfileMatch              :     lib root package: "com.facebook.all"  (in app: "org.spongycastle.asn1")
23:12:34 INFO  ProfileMatch              : 
23:12:34 INFO  ProfileMatch              :                 name: Facebook
23:12:34 INFO  ProfileMatch              :             category: SocialMedia
23:12:34 INFO  ProfileMatch              :              version: 4.33.0  [OLD VERSION]
23:12:34 INFO  ProfileMatch              :         release-date: 01.05.2018
23:12:34 INFO  ProfileMatch              :     lib root package: "com.facebook.all"  (in app: "org.spongycastle.asn1")
23:12:34 INFO  ProfileMatch              : 
23:12:34 INFO  ProfileMatch              :                 name: Facebook
23:12:34 INFO  ProfileMatch              :             category: SocialMedia
23:12:34 INFO  ProfileMatch              :              version: 4.34.0  [OLD VERSION]
23:12:34 INFO  ProfileMatch              :         release-date: 19.06.2018
23:12:34 INFO  ProfileMatch              :     lib root package: "com.facebook.all"  (in app: "org.spongycastle.asn1")
23:12:34 INFO  ProfileMatch              : 
23:12:34 INFO  ProfileMatch              :                 name: Facebook
23:12:34 INFO  ProfileMatch              :             category: SocialMedia
23:12:34 INFO  ProfileMatch              :              version: 4.35.0  [OLD VERSION]
23:12:34 INFO  ProfileMatch              :         release-date: 26.07.2018
23:12:34 INFO  ProfileMatch              :     lib root package: "com.facebook.all"  (in app: "org.spongycastle.asn1")
23:12:34 INFO  ProfileMatch              : 
23:12:34 INFO  ProfileMatch              :                 name: Facebook
23:12:34 INFO  ProfileMatch              :             category: SocialMedia
23:12:34 INFO  ProfileMatch              :              version: 4.36.0  [OLD VERSION]
23:12:34 INFO  ProfileMatch              :         release-date: 29.08.2018
23:12:34 INFO  ProfileMatch              :     lib root package: "com.facebook.all"  (in app: "org.spongycastle.asn1")
23:12:34 INFO  ProfileMatch              : 
23:12:34 INFO  ProfileMatch              :                 name: Facebook
23:12:34 INFO  ProfileMatch              :             category: SocialMedia
23:12:34 INFO  ProfileMatch              :              version: 4.36.1  [OLD VERSION]
23:12:34 INFO  ProfileMatch              :         release-date: 15.09.2018
23:12:34 INFO  ProfileMatch              :     lib root package: "com.facebook.all"  (in app: "org.spongycastle.asn1")
23:12:34 INFO  ProfileMatch              : 
23:12:34 INFO  ProfileMatch              :                 name: Facebook
23:12:34 INFO  ProfileMatch              :             category: SocialMedia
23:12:34 INFO  ProfileMatch              :              version: 4.37.0  [OLD VERSION]
23:12:34 INFO  ProfileMatch              :         release-date: 27.09.2018
23:12:34 INFO  ProfileMatch              :     lib root package: "com.facebook.all"  (in app: "org.spongycastle.asn1")
23:12:34 INFO  ProfileMatch              : 
23:12:34 INFO  ProfileMatch              :                 name: Facebook
23:12:34 INFO  ProfileMatch              :             category: SocialMedia
23:12:34 INFO  ProfileMatch              :              version: 4.38.0  [OLD VERSION]
23:12:34 INFO  ProfileMatch              :         release-date: 23.10.2018
23:12:34 INFO  ProfileMatch              :     lib root package: "com.facebook.all"  (in app: "org.spongycastle.asn1")
23:12:34 INFO  ProfileMatch              : 
23:12:34 INFO  ProfileMatch              :                 name: Facebook
23:12:34 INFO  ProfileMatch              :             category: SocialMedia
23:12:34 INFO  ProfileMatch              :              version: 4.38.1  [OLD VERSION]
23:12:34 INFO  ProfileMatch              :         release-date: 31.10.2018
23:12:34 INFO  ProfileMatch              :     lib root package: "com.facebook.all"  (in app: "org.spongycastle.asn1")
23:12:34 INFO  ProfileMatch              : 
23:12:34 INFO  ProfileMatch              :                 name: Facebook
23:12:34 INFO  ProfileMatch              :             category: SocialMedia
23:12:34 INFO  ProfileMatch              :              version: 4.39.0  [OLD VERSION]
23:12:34 INFO  ProfileMatch              :         release-date: 05.12.2018
23:12:34 INFO  ProfileMatch              :     lib root package: "com.facebook.all"  (in app: "org.spongycastle.asn1")
23:12:34 INFO  ProfileMatch              : 
23:12:34 INFO  ProfileMatch              :                 name: Facebook
23:12:34 INFO  ProfileMatch              :             category: SocialMedia
23:12:34 INFO  ProfileMatch              :              version: 4.40.0  [OLD VERSION]
23:12:34 INFO  ProfileMatch              :         release-date: 22.01.2019
23:12:34 INFO  ProfileMatch              :     lib root package: "com.facebook.all"  (in app: "org.spongycastle.asn1")
23:12:34 INFO  ProfileMatch              : 
23:12:34 INFO  ProfileMatch              :                 name: Facebook
23:12:34 INFO  ProfileMatch              :             category: SocialMedia
23:12:34 INFO  ProfileMatch              :              version: 4.41.0  [OLD VERSION]
23:12:34 INFO  ProfileMatch              :         release-date: 08.03.2019
23:12:34 INFO  ProfileMatch              :     lib root package: "com.facebook.all"  (in app: "org.spongycastle.asn1")
23:12:34 INFO  ProfileMatch              : 
23:12:34 INFO  ProfileMatch              :                 name: Facebook
23:12:34 INFO  ProfileMatch              :             category: SocialMedia
23:12:34 INFO  ProfileMatch              :              version: 4.42.0  [OLD VERSION]
23:12:34 INFO  ProfileMatch              :         release-date: 08.04.2019
23:12:34 INFO  ProfileMatch              :     lib root package: "com.facebook.all"  (in app: "org.spongycastle.asn1")
23:12:34 INFO  ProfileMatch              : 
23:12:34 INFO  ProfileMatch              :                 name: Facebook
23:12:34 INFO  ProfileMatch              :             category: SocialMedia
23:12:34 INFO  ProfileMatch              :              version: 5.0.0  [OLD VERSION]
23:12:34 INFO  ProfileMatch              :         release-date: 30.04.2019
23:12:34 INFO  ProfileMatch              :     lib root package: "com.facebook.all"  (in app: "org.spongycastle.asn1")
23:12:34 INFO  ProfileMatch              : 
23:12:34 INFO  ProfileMatch              :                 name: Facebook
23:12:34 INFO  ProfileMatch              :             category: SocialMedia
23:12:34 INFO  ProfileMatch              :              version: 5.0.1  [OLD VERSION]
23:12:34 INFO  ProfileMatch              :         release-date: 17.05.2019
23:12:34 INFO  ProfileMatch              :     lib root package: "com.facebook.all"  (in app: "org.spongycastle.asn1")
23:12:34 INFO  ProfileMatch              : 
23:12:34 INFO  ProfileMatch              :                 name: Facebook
23:12:34 INFO  ProfileMatch              :             category: SocialMedia
23:12:34 INFO  ProfileMatch              :              version: 5.0.2  [OLD VERSION]
23:12:34 INFO  ProfileMatch              :         release-date: 09.06.2019
23:12:34 INFO  ProfileMatch              :     lib root package: "com.facebook.all"  (in app: "org.spongycastle.asn1")
23:12:34 INFO  ProfileMatch              : 
23:12:34 INFO  ProfileMatch              :                 name: Facebook
23:12:34 INFO  ProfileMatch              :             category: SocialMedia
23:12:34 INFO  ProfileMatch              :              version: 5.0.3  [OLD VERSION]
23:12:34 INFO  ProfileMatch              :         release-date: 14.06.2019
23:12:34 INFO  ProfileMatch              :     lib root package: "com.facebook.all"  (in app: "org.spongycastle.asn1")
23:12:34 INFO  ProfileMatch              : 
23:12:34 INFO  ProfileMatch              :                 name: Facebook
23:12:34 INFO  ProfileMatch              :             category: SocialMedia
23:12:34 INFO  ProfileMatch              :              version: 5.1.0  [OLD VERSION]
23:12:34 INFO  ProfileMatch              :         release-date: 21.06.2019
23:12:34 INFO  ProfileMatch              :     lib root package: "com.facebook.all"  (in app: "org.spongycastle.asn1")
23:12:34 INFO  ProfileMatch              : 
23:12:34 INFO  ProfileMatch              :                 name: Facebook
23:12:34 INFO  ProfileMatch              :             category: SocialMedia
23:12:34 INFO  ProfileMatch              :              version: 5.1.1  [OLD VERSION]
23:12:34 INFO  ProfileMatch              :         release-date: 02.07.2019
23:12:34 INFO  ProfileMatch              :     lib root package: "com.facebook.all"  (in app: "org.spongycastle.asn1")
23:12:34 INFO  ProfileMatch              : 
23:12:34 INFO  ProfileMatch              :                 name: Facebook
23:12:34 INFO  ProfileMatch              :             category: SocialMedia
23:12:34 INFO  ProfileMatch              :              version: 5.2.0  [OLD VERSION]
23:12:34 INFO  ProfileMatch              :         release-date: 29.07.2019
23:12:34 INFO  ProfileMatch              :     lib root package: "com.facebook.all"  (in app: "org.spongycastle.asn1")
23:12:34 INFO  ProfileMatch              : 
23:12:34 INFO  ProfileMatch              :                 name: Facebook
23:12:34 INFO  ProfileMatch              :             category: SocialMedia
23:12:34 INFO  ProfileMatch              :              version: 5.4.0  [OLD VERSION]
23:12:34 INFO  ProfileMatch              :         release-date: 16.08.2019
23:12:34 INFO  ProfileMatch              :     lib root package: "com.facebook.all"  (in app: "org.spongycastle.asn1")
23:12:34 INFO  ProfileMatch              : 
23:12:34 INFO  ProfileMatch              :                 name: Facebook
23:12:34 INFO  ProfileMatch              :             category: SocialMedia
23:12:34 INFO  ProfileMatch              :              version: 5.5.0  [OLD VERSION]
23:12:34 INFO  ProfileMatch              :         release-date: 31.08.2019
23:12:34 INFO  ProfileMatch              :     lib root package: "com.facebook.all"  (in app: "org.spongycastle.asn1")
23:12:34 INFO  ProfileMatch              : 
23:12:34 INFO  ProfileMatch              :                 name: Facebook
23:12:34 INFO  ProfileMatch              :             category: SocialMedia
23:12:34 INFO  ProfileMatch              :              version: 5.5.1  [OLD VERSION]
23:12:34 INFO  ProfileMatch              :         release-date: 06.09.2019
23:12:34 INFO  ProfileMatch              :     lib root package: "com.facebook.all"  (in app: "org.spongycastle.asn1")
23:12:34 INFO  ProfileMatch              : 
23:12:34 INFO  ProfileMatch              :                 name: Facebook
23:12:34 INFO  ProfileMatch              :             category: SocialMedia
23:12:34 INFO  ProfileMatch              :              version: 5.5.2  [OLD VERSION]
23:12:34 INFO  ProfileMatch              :         release-date: 05.10.2019
23:12:34 INFO  ProfileMatch              :     lib root package: "com.facebook.all"  (in app: "org.spongycastle.asn1")
23:12:34 INFO  ProfileMatch              : 
23:12:34 INFO  ProfileMatch              :                 name: Facebook
23:12:34 INFO  ProfileMatch              :             category: SocialMedia
23:12:34 INFO  ProfileMatch              :              version: 5.8.0  [OLD VERSION]
23:12:34 INFO  ProfileMatch              :         release-date: 08.10.2019
23:12:34 INFO  ProfileMatch              :     lib root package: "com.facebook.all"  (in app: "org.spongycastle.asn1")
23:12:34 INFO  ProfileMatch              : 
23:12:34 INFO  ProfileMatch              :                 name: Facebook
23:12:34 INFO  ProfileMatch              :             category: SocialMedia
23:12:34 INFO  ProfileMatch              :              version: 5.9.0  [OLD VERSION]
23:12:34 INFO  ProfileMatch              :         release-date: 29.10.2019
23:12:34 INFO  ProfileMatch              :     lib root package: "com.facebook.all"  (in app: "org.spongycastle.asn1")
23:12:34 INFO  ProfileMatch              : 
23:12:34 INFO  ProfileMatch              :                 name: Facebook
23:12:34 INFO  ProfileMatch              :             category: SocialMedia
23:12:34 INFO  ProfileMatch              :              version: 5.11.0  [OLD VERSION]
23:12:34 INFO  ProfileMatch              :         release-date: 15.11.2019
23:12:34 INFO  ProfileMatch              :     lib root package: "com.facebook.all"  (in app: "org.spongycastle.asn1")
23:12:34 INFO  ProfileMatch              : 
23:12:34 INFO  ProfileMatch              :                 name: Facebook
23:12:34 INFO  ProfileMatch              :             category: SocialMedia
23:12:34 INFO  ProfileMatch              :              version: 5.11.1  [OLD VERSION]
23:12:34 INFO  ProfileMatch              :         release-date: 21.11.2019
23:12:34 INFO  ProfileMatch              :     lib root package: "com.facebook.all"  (in app: "org.spongycastle.asn1")
23:12:34 INFO  ProfileMatch              : 
23:12:34 INFO  ProfileMatch              :                 name: Facebook
23:12:34 INFO  ProfileMatch              :             category: SocialMedia
23:12:34 INFO  ProfileMatch              :              version: 5.11.2  [OLD VERSION]
23:12:34 INFO  ProfileMatch              :         release-date: 22.11.2019
23:12:34 INFO  ProfileMatch              :     lib root package: "com.facebook.all"  (in app: "org.spongycastle.asn1")
23:12:34 INFO  ProfileMatch              : 
23:12:34 INFO  ProfileMatch              :                 name: Facebook
23:12:34 INFO  ProfileMatch              :             category: SocialMedia
23:12:34 INFO  ProfileMatch              :              version: 5.12.0  [OLD VERSION]
23:12:34 INFO  ProfileMatch              :         release-date: 04.12.2019
23:12:34 INFO  ProfileMatch              :     lib root package: "com.facebook.all"  (in app: "org.spongycastle.asn1")
23:12:34 INFO  ProfileMatch              : 
23:12:34 INFO  ProfileMatch              :                 name: Facebook
23:12:34 INFO  ProfileMatch              :             category: SocialMedia
23:12:34 INFO  ProfileMatch              :              version: 5.12.1  [OLD VERSION]
23:12:34 INFO  ProfileMatch              :         release-date: 09.12.2019
23:12:34 INFO  ProfileMatch              :     lib root package: "com.facebook.all"  (in app: "org.spongycastle.asn1")
23:12:34 INFO  ProfileMatch              : 
23:12:34 INFO  ProfileMatch              :                 name: Facebook
23:12:34 INFO  ProfileMatch              :             category: SocialMedia
23:12:34 INFO  ProfileMatch              :              version: 5.13.0  [OLD VERSION]
23:12:34 INFO  ProfileMatch              :         release-date: 12.12.2019
23:12:34 INFO  ProfileMatch              :     lib root package: "com.facebook.all"  (in app: "org.spongycastle.asn1")
23:12:34 INFO  ProfileMatch              : 
23:12:34 INFO  ProfileMatch              :                 name: Facebook
23:12:34 INFO  ProfileMatch              :             category: SocialMedia
23:12:34 INFO  ProfileMatch              :              version: 5.15.0  [OLD VERSION]
23:12:34 INFO  ProfileMatch              :         release-date: 21.01.2020
23:12:34 INFO  ProfileMatch              :     lib root package: "com.facebook.all"  (in app: "org.spongycastle.asn1")
23:12:34 INFO  ProfileMatch              : 
23:12:34 INFO  ProfileMatch              :                 name: Facebook
23:12:34 INFO  ProfileMatch              :             category: SocialMedia
23:12:34 INFO  ProfileMatch              :              version: 5.15.1  [OLD VERSION]
23:12:34 INFO  ProfileMatch              :         release-date: 29.01.2020
23:12:34 INFO  ProfileMatch              :     lib root package: "com.facebook.all"  (in app: "org.spongycastle.asn1")
23:12:34 INFO  ProfileMatch              : 
23:12:34 INFO  ProfileMatch              :                 name: Facebook
23:12:34 INFO  ProfileMatch              :             category: SocialMedia
23:12:34 INFO  ProfileMatch              :              version: 5.15.2  [OLD VERSION]
23:12:34 INFO  ProfileMatch              :         release-date: 03.02.2020
23:12:34 INFO  ProfileMatch              :     lib root package: "com.facebook.all"  (in app: "org.spongycastle.asn1")
23:12:34 INFO  ProfileMatch              : 
23:12:34 INFO  ProfileMatch              :                 name: Facebook
23:12:34 INFO  ProfileMatch              :             category: SocialMedia
23:12:34 INFO  ProfileMatch              :              version: 5.15.3  [OLD VERSION]
23:12:34 INFO  ProfileMatch              :         release-date: 03.02.2020
23:12:34 INFO  ProfileMatch              :     lib root package: "com.facebook.all"  (in app: "org.spongycastle.asn1")
23:12:34 INFO  ProfileMatch              : 
23:12:34 INFO  ProfileMatch              :                 name: Facebook
23:12:34 INFO  ProfileMatch              :             category: SocialMedia
23:12:34 INFO  ProfileMatch              :              version: 6.0.0  [OLD VERSION]
23:12:34 INFO  ProfileMatch              :         release-date: 03.02.2020
23:12:34 INFO  ProfileMatch              :     lib root package: "com.facebook.all"  (in app: "org.spongycastle.asn1")
23:12:34 INFO  ProfileMatch              : 
23:12:34 INFO  ProfileMatch              :                 name: Facebook
23:12:34 INFO  ProfileMatch              :             category: SocialMedia
23:12:34 INFO  ProfileMatch              :              version: 6.1.0  [OLD VERSION]
23:12:34 INFO  ProfileMatch              :         release-date: 14.02.2020
23:12:34 INFO  ProfileMatch              :     lib root package: "com.facebook.all"  (in app: "org.spongycastle.asn1")
23:12:34 INFO  ProfileMatch              : 
23:12:34 INFO  ProfileMatch              :                 name: Facebook
23:12:34 INFO  ProfileMatch              :             category: SocialMedia
23:12:34 INFO  ProfileMatch              :              version: 6.2.0  [OLD VERSION]
23:12:34 INFO  ProfileMatch              :         release-date: 09.03.2020
23:12:34 INFO  ProfileMatch              :     lib root package: "com.facebook.all"  (in app: "org.spongycastle.asn1")
23:12:34 INFO  ProfileMatch              : 
23:12:34 INFO  ProfileMatch              :                 name: Facebook
23:12:34 INFO  ProfileMatch              :             category: SocialMedia
23:12:34 INFO  ProfileMatch              :              version: 6.3.0  [OLD VERSION]
23:12:34 INFO  ProfileMatch              :         release-date: 25.03.2020
23:12:34 INFO  ProfileMatch              :     lib root package: "com.facebook.all"  (in app: "org.spongycastle.asn1")
23:12:34 INFO  ProfileMatch              : 
23:12:34 INFO  ProfileMatch              :                 name: Facebook
23:12:34 INFO  ProfileMatch              :             category: SocialMedia
23:12:34 INFO  ProfileMatch              :              version: 6.4.0  [OLD VERSION]
23:12:34 INFO  ProfileMatch              :         release-date: 15.04.2020
23:12:34 INFO  ProfileMatch              :     lib root package: "com.facebook.all"  (in app: "org.spongycastle.asn1")
23:12:34 INFO  ProfileMatch              : 
23:12:34 INFO  ProfileMatch              :                 name: Facebook
23:12:34 INFO  ProfileMatch              :             category: SocialMedia
23:12:34 INFO  ProfileMatch              :              version: 6.5.0  [OLD VERSION]
23:12:34 INFO  ProfileMatch              :         release-date: 20.04.2020
23:12:34 INFO  ProfileMatch              :     lib root package: "com.facebook.all"  (in app: "org.spongycastle.asn1")
23:12:34 INFO  ProfileMatch              : 
23:12:34 INFO  ProfileMatch              :                 name: Facebook
23:12:34 INFO  ProfileMatch              :             category: SocialMedia
23:12:34 INFO  ProfileMatch              :              version: 6.5.1  [OLD VERSION]
23:12:34 INFO  ProfileMatch              :         release-date: 23.04.2020
23:12:34 INFO  ProfileMatch              :     lib root package: "com.facebook.all"  (in app: "org.spongycastle.asn1")
23:12:34 INFO  ProfileMatch              : 
23:12:34 INFO  ProfileMatch              :                 name: Facebook
23:12:34 INFO  ProfileMatch              :             category: SocialMedia
23:12:34 INFO  ProfileMatch              :              version: 7.0.0  [OLD VERSION]
23:12:34 INFO  ProfileMatch              :         release-date: 05.05.2020
23:12:34 INFO  ProfileMatch              :     lib root package: "com.facebook.all"  (in app: "org.spongycastle.asn1")
23:12:34 INFO  ProfileMatch              : 
23:12:34 INFO  ProfileMatch              :                 name: Facebook
23:12:34 INFO  ProfileMatch              :             category: SocialMedia
23:12:34 INFO  ProfileMatch              :              version: 7.0.1  [OLD VERSION]
23:12:34 INFO  ProfileMatch              :         release-date: 09.06.2020
23:12:34 INFO  ProfileMatch              :     lib root package: "com.facebook.all"  (in app: "org.spongycastle.asn1")
23:12:34 INFO  ProfileMatch              : 
23:12:34 INFO  ProfileMatch              :                 name: Facebook
23:12:34 INFO  ProfileMatch              :             category: SocialMedia
23:12:34 INFO  ProfileMatch              :              version: 7.1.0  [OLD VERSION]
23:12:34 INFO  ProfileMatch              :         release-date: 23.06.2020
23:12:34 INFO  ProfileMatch              :     lib root package: "com.facebook.all"  (in app: "org.spongycastle.asn1")
23:12:34 INFO  ProfileMatch              : 
23:12:34 INFO  ProfileMatch              :                 name: Facebook
23:12:34 INFO  ProfileMatch              :             category: SocialMedia
23:12:34 INFO  ProfileMatch              :              version: 8.0.0  [OLD VERSION]
23:12:34 INFO  ProfileMatch              :         release-date: 28.09.2020
23:12:34 INFO  ProfileMatch              :     lib root package: "com.facebook.all"  (in app: "org.spongycastle.asn1")
23:12:34 INFO  ProfileMatch              : 
23:12:34 INFO  ProfileMatch              :                 name: Facebook
23:12:34 INFO  ProfileMatch              :             category: SocialMedia
23:12:34 INFO  ProfileMatch              :              version: 8.1.0  [OLD VERSION]
23:12:34 INFO  ProfileMatch              :         release-date: 14.10.2020
23:12:34 INFO  ProfileMatch              :     lib root package: "com.facebook.all"  (in app: "org.spongycastle.asn1")
23:12:34 INFO  ProfileMatch              : 
23:12:34 INFO  ProfileMatch              :                 name: Facebook
23:12:34 INFO  ProfileMatch              :             category: SocialMedia
23:12:34 INFO  ProfileMatch              :              version: 8.2.0  [OLD VERSION]
23:12:34 INFO  ProfileMatch              :         release-date: 18.12.2020
23:12:34 INFO  ProfileMatch              :     lib root package: "com.facebook.all"  (in app: "org.spongycastle.asn1")
23:12:34 INFO  ProfileMatch              : 
23:12:34 INFO  ProfileMatch              :                 name: Facebook
23:12:34 INFO  ProfileMatch              :             category: SocialMedia
23:12:34 INFO  ProfileMatch              :              version: 9.0.0  [OLD VERSION]
23:12:34 INFO  ProfileMatch              :         release-date: 19.01.2021
23:12:34 INFO  ProfileMatch              :     lib root package: "com.facebook.all"  (in app: "org.spongycastle.asn1")
23:12:34 INFO  ProfileMatch              : 
23:12:34 INFO  ProfileMatch              :                 name: Facebook
23:12:34 INFO  ProfileMatch              :             category: SocialMedia
23:12:34 INFO  ProfileMatch              :              version: 9.1.0  [OLD VERSION]
23:12:34 INFO  ProfileMatch              :         release-date: 15.03.2021
23:12:34 INFO  ProfileMatch              :     lib root package: "com.facebook.all"  (in app: "org.spongycastle.asn1")
23:12:34 INFO  ProfileMatch              : 
23:12:34 INFO  ProfileMatch              :                 name: Facebook
23:12:34 INFO  ProfileMatch              :             category: SocialMedia
23:12:34 INFO  ProfileMatch              :              version: 9.1.1  [OLD VERSION]
23:12:34 INFO  ProfileMatch              :         release-date: 12.04.2021
23:12:34 INFO  ProfileMatch              :     lib root package: "com.facebook.all"  (in app: "org.spongycastle.asn1")
23:12:34 INFO  ProfileMatch              : 
23:12:34 INFO  ProfileMatch              :                 name: Facebook
23:12:34 INFO  ProfileMatch              :             category: SocialMedia
23:12:34 INFO  ProfileMatch              :              version: 11.0.0  [OLD VERSION]
23:12:34 INFO  ProfileMatch              :         release-date: 08.06.2021
23:12:34 INFO  ProfileMatch              :     lib root package: "com.facebook.all"  (in app: "org.spongycastle.asn1")
23:12:34 INFO  ProfileMatch              : 
23:12:34 INFO  ProfileMatch              :                 name: Facebook
23:12:34 INFO  ProfileMatch              :             category: SocialMedia
23:12:34 INFO  ProfileMatch              :              version: 11.1.0  [OLD VERSION]
23:12:34 INFO  ProfileMatch              :         release-date: 06.07.2021
23:12:34 INFO  ProfileMatch              :     lib root package: "com.facebook.all"  (in app: "org.spongycastle.asn1")
23:12:34 INFO  ProfileMatch              : 
23:12:34 INFO  ProfileMatch              :                 name: Facebook
23:12:34 INFO  ProfileMatch              :             category: SocialMedia
23:12:34 INFO  ProfileMatch              :              version: 11.1.1  [OLD VERSION]
23:12:34 INFO  ProfileMatch              :         release-date: 19.07.2021
23:12:34 INFO  ProfileMatch              :     lib root package: "com.facebook.all"  (in app: "org.spongycastle.asn1")
23:12:34 INFO  ProfileMatch              : 
23:12:34 INFO  ProfileMatch              :                 name: Facebook
23:12:34 INFO  ProfileMatch              :             category: SocialMedia
23:12:34 INFO  ProfileMatch              :              version: 11.2.0  [OLD VERSION]
23:12:34 INFO  ProfileMatch              :         release-date: 03.08.2021
23:12:34 INFO  ProfileMatch              :     lib root package: "com.facebook.all"  (in app: "org.spongycastle.asn1")
23:12:34 INFO  ProfileMatch              : 
23:12:34 INFO  ProfileMatch              :                 name: Facebook
23:12:34 INFO  ProfileMatch              :             category: SocialMedia
23:12:34 INFO  ProfileMatch              :              version: 11.3.0  [OLD VERSION]
23:12:34 INFO  ProfileMatch              :         release-date: 07.09.2021
23:12:34 INFO  ProfileMatch              :     lib root package: "com.facebook.all"  (in app: "org.spongycastle.asn1")
23:12:34 INFO  ProfileMatch              : 
23:12:34 INFO  ProfileMatch              :                 name: Facebook
23:12:34 INFO  ProfileMatch              :             category: SocialMedia
23:12:34 INFO  ProfileMatch              :              version: 12.0.0  [OLD VERSION]
23:12:34 INFO  ProfileMatch              :         release-date: 05.10.2021
23:12:34 INFO  ProfileMatch              :     lib root package: "com.facebook.all"  (in app: "org.spongycastle.asn1")
23:12:34 INFO  ProfileMatch              : 
23:12:34 INFO  ProfileMatch              :                 name: Facebook
23:12:34 INFO  ProfileMatch              :             category: SocialMedia
23:12:34 INFO  ProfileMatch              :              version: 12.0.1  [OLD VERSION]
23:12:34 INFO  ProfileMatch              :         release-date: 13.10.2021
23:12:34 INFO  ProfileMatch              :     lib root package: "com.facebook.all"  (in app: "org.spongycastle.asn1")
23:12:34 INFO  ProfileMatch              : 
23:12:34 INFO  ProfileMatch              :                 name: Facebook
23:12:34 INFO  ProfileMatch              :             category: SocialMedia
23:12:34 INFO  ProfileMatch              :              version: 12.1.0  [OLD VERSION]
23:12:34 INFO  ProfileMatch              :         release-date: 01.11.2021
23:12:34 INFO  ProfileMatch              :     lib root package: "com.facebook.all"  (in app: "org.spongycastle.asn1")
23:12:34 INFO  ProfileMatch              : 
23:12:34 INFO  ProfileMatch              :                 name: Facebook
23:12:34 INFO  ProfileMatch              :             category: SocialMedia
23:12:34 INFO  ProfileMatch              :              version: 12.2.0  [OLD VERSION]
23:12:34 INFO  ProfileMatch              :         release-date: 06.12.2021
23:12:34 INFO  ProfileMatch              :     lib root package: "com.facebook.all"  (in app: "org.spongycastle.asn1")
23:12:34 INFO  ProfileMatch              : 
23:12:34 INFO  ProfileMatch              :                 name: Facebook
23:12:34 INFO  ProfileMatch              :             category: SocialMedia
23:12:34 INFO  ProfileMatch              :              version: 12.3.0  [OLD VERSION]
23:12:34 INFO  ProfileMatch              :         release-date: 10.01.2022
23:12:34 INFO  ProfileMatch              :     lib root package: "com.facebook.all"  (in app: "org.spongycastle.asn1")
23:12:34 INFO  ProfileMatch              : 
23:12:34 INFO  ProfileMatch              :                 name: Facebook
23:12:34 INFO  ProfileMatch              :             category: SocialMedia
23:12:34 INFO  ProfileMatch              :              version: 13.0.0  [OLD VERSION]
23:12:34 INFO  ProfileMatch              :         release-date: 23.02.2022
23:12:34 INFO  ProfileMatch              :     lib root package: "com.facebook.all"  (in app: "org.spongycastle.asn1")
23:12:34 INFO  ProfileMatch              : 
23:12:34 INFO  ProfileMatch              :                 name: Facebook
23:12:34 INFO  ProfileMatch              :             category: SocialMedia
23:12:34 INFO  ProfileMatch              :              version: 13.1.0  [OLD VERSION]
23:12:34 INFO  ProfileMatch              :         release-date: 21.03.2022
23:12:34 INFO  ProfileMatch              :     lib root package: "com.facebook.all"  (in app: "org.spongycastle.asn1")
23:12:34 INFO  ProfileMatch              : 
23:12:34 INFO  ProfileMatch              :                 name: Facebook
23:12:34 INFO  ProfileMatch              :             category: SocialMedia
23:12:34 INFO  ProfileMatch              :              version: 13.2.0  [OLD VERSION]
23:12:34 INFO  ProfileMatch              :         release-date: 22.04.2022
23:12:34 INFO  ProfileMatch              :     lib root package: "com.facebook.all"  (in app: "org.spongycastle.asn1")
23:12:34 INFO  ProfileMatch              : 
23:12:34 INFO  ProfileMatch              :                 name: Facebook
23:12:34 INFO  ProfileMatch              :             category: SocialMedia
23:12:34 INFO  ProfileMatch              :              version: 14.0.0
23:12:34 INFO  ProfileMatch              :         release-date: 14.06.2022
23:12:34 INFO  ProfileMatch              :     lib root package: "com.facebook.all"  (in app: "org.spongycastle.asn1")
23:12:34 INFO  ProfileMatch              : 
23:12:34 INFO  ProfileMatch              :                 name: com.android.support::support-v4
23:12:34 INFO  ProfileMatch              :             category: Android
23:12:34 INFO  ProfileMatch              :              version: 21.0.3  [OLD VERSION]
23:12:34 INFO  ProfileMatch              :         release-date:  --
23:12:34 INFO  ProfileMatch              :     lib root package: "android.support.v4"
23:12:34 INFO  ProfileMatch              : 
23:12:34 INFO  LibraryIdentifier         : 
23:12:34 INFO  LibraryIdentifier         : - Partial library matches:
23:12:34 INFO  LibraryIdentifier         :                 name: com.android.support::viewpager
23:12:34 INFO  LibraryIdentifier         :             category: Android
23:12:34 INFO  LibraryIdentifier         :              version: 28.0.0
23:12:34 INFO  LibraryIdentifier         :         release-date:  --
23:12:34 INFO  LibraryIdentifier         :     lib root package: "android.support.v4.view"
23:12:34 INFO  LibraryIdentifier         :         Partial matching results:
23:12:34 INFO  LibraryIdentifier         :              - config: Hashing.md5() | Flags: no-flag | Keep: PN | Prune: MSIG   score: 0.73913044
23:12:34 INFO  LibraryIdentifier         : 
23:12:34 INFO  LibraryIdentifier         : 
23:12:34 INFO  LibraryIdentifier         : App processing time: 1 min, 14 sec, 994 ms
