22:43:52 INFO  LibraryIdentifier         : Process app: pro.kherel.selfprivacy_8.apk
22:43:52 INFO  LibraryIdentifier         : = Manifest Parser =
22:43:52 INFO  LibraryIdentifier         :         Package name: pro.kherel.selfprivacy
22:43:52 INFO  LibraryIdentifier         :         Version code: 8
22:43:52 INFO  LibraryIdentifier         :        minSdkVersion: 18
22:43:52 INFO  LibraryIdentifier         :     targetSdkVersion: 29
22:43:52 INFO  LibraryIdentifier         :         SharedUserId:  - none -
22:43:52 INFO  LibraryIdentifier         :     Library dependencies:  - none -
22:43:52 INFO  LibraryIdentifier         : 
22:43:52 INFO  LibraryIdentifier         : Found 402 unique libraries in 12405 library profiles
22:43:53 INFO  LibraryIdentifier         : Generated class hierarchy (in 748 ms)
22:43:53 INFO  WalaUtils                 : 
22:43:53 INFO  WalaUtils                 : = ClassHierarchy Stats =
22:43:53 INFO  WalaUtils                 :     # of classes: 1240
22:43:53 INFO  WalaUtils                 :     # thereof inner classes: 685
22:43:53 INFO  WalaUtils                 :     # thereof public classes: 596
22:43:53 INFO  WalaUtils                 :         Activity : 7
22:43:53 INFO  WalaUtils                 :         Application : 1
22:43:53 INFO  WalaUtils                 :         AsyncTask : 0
22:43:53 INFO  WalaUtils                 :         BroadcastReceiver : 2
22:43:53 INFO  WalaUtils                 :         ContentProvider : 2
22:43:53 INFO  WalaUtils                 :         Fragment : 1
22:43:53 INFO  WalaUtils                 :         Handler : 1
22:43:53 INFO  WalaUtils                 :         LayoutContainer : 31
22:43:53 INFO  WalaUtils                 :         Plain : 1173
22:43:53 INFO  WalaUtils                 :         Runnable : 0
22:43:53 INFO  WalaUtils                 :         Service : 0
22:43:53 INFO  WalaUtils                 :         Thread : 0
22:43:53 INFO  WalaUtils                 :         View : 22
22:43:53 INFO  WalaUtils                 :     # methods: 8062
22:43:53 INFO  WalaUtils                 :         # of publicly accessible methods: 5061
22:43:53 INFO  WalaUtils                 :         # of non-accessible methods: 3001
22:43:53 INFO  WalaUtils                 : 
22:43:53 INFO  Profile                   : = PackageTree =
22:43:53 INFO  PackageTree               : Root Package: a
22:43:53 INFO  PackageTree               : └── Root
22:43:53 INFO  PackageTree               :     ├── androidx
22:43:53 INFO  PackageTree               :     │   ├── appcompat
22:43:53 INFO  PackageTree               :     │   │   ├── widget (163)
22:43:53 INFO  PackageTree               :     │   │   ├── app (62)
22:43:53 INFO  PackageTree               :     │   │   └── view
22:43:53 INFO  PackageTree               :     │   │       └── menu (44)
22:43:53 INFO  PackageTree               :     │   ├── biometric (74)
22:43:53 INFO  PackageTree               :     │   ├── lifecycle (53)
22:43:53 INFO  PackageTree               :     │   │   ├── b0 (1)
22:43:53 INFO  PackageTree               :     │   │   └── a0 (1)
22:43:53 INFO  PackageTree               :     │   ├── fragment
22:43:53 INFO  PackageTree               :     │   │   └── app (120)
22:43:53 INFO  PackageTree               :     │   ├── versionedparcelable (6)
22:43:53 INFO  PackageTree               :     │   ├── core
22:43:53 INFO  PackageTree               :     │   │   ├── app (22)
22:43:53 INFO  PackageTree               :     │   │   ├── widget (20)
22:43:53 INFO  PackageTree               :     │   │   └── graphics
22:43:53 INFO  PackageTree               :     │   │       └── drawable (8)
22:43:53 INFO  PackageTree               :     │   ├── activity (16)
22:43:53 INFO  PackageTree               :     │   │   ├── result (14)
22:43:53 INFO  PackageTree               :     │   │   │   └── h (4)
22:43:53 INFO  PackageTree               :     │   │   └── d (3)
22:43:53 INFO  PackageTree               :     │   ├── annotation (1)
22:43:53 INFO  PackageTree               :     │   └── savedstate (10)
22:43:53 INFO  PackageTree               :     ├── io
22:43:53 INFO  PackageTree               :     │   └── flutter
22:43:53 INFO  PackageTree               :     │       ├── embedding
22:43:53 INFO  PackageTree               :     │       │   ├── android (44)
22:43:53 INFO  PackageTree               :     │       │   └── engine (16)
22:43:53 INFO  PackageTree               :     │       │       ├── j (51)
22:43:53 INFO  PackageTree               :     │       │       ├── f (8)
22:43:53 INFO  PackageTree               :     │       │       ├── mutatorsstack (5)
22:43:53 INFO  PackageTree               :     │       │       ├── h (8)
22:43:53 INFO  PackageTree               :     │       │       ├── i (4)
22:43:53 INFO  PackageTree               :     │       │       │   ├── f (3)
22:43:53 INFO  PackageTree               :     │       │       │   ├── c (4)
22:43:53 INFO  PackageTree               :     │       │       │   ├── g (1)
22:43:53 INFO  PackageTree               :     │       │       │   ├── e (3)
22:43:53 INFO  PackageTree               :     │       │       │   └── d (3)
22:43:53 INFO  PackageTree               :     │       │       ├── renderer (8)
22:43:53 INFO  PackageTree               :     │       │       ├── plugins
22:43:53 INFO  PackageTree               :     │       │       │   └── lifecycle (2)
22:43:53 INFO  PackageTree               :     │       │       └── g (1)
22:43:53 INFO  PackageTree               :     │       ├── plugin
22:43:53 INFO  PackageTree               :     │       │   ├── platform (25)
22:43:53 INFO  PackageTree               :     │       │   └── editing (14)
22:43:53 INFO  PackageTree               :     │       ├── plugins (1)
22:43:53 INFO  PackageTree               :     │       │   ├── c (4)
22:43:53 INFO  PackageTree               :     │       │   ├── urllauncher (9)
22:43:53 INFO  PackageTree               :     │       │   ├── localauth (12)
22:43:53 INFO  PackageTree               :     │       │   ├── d (4)
22:43:53 INFO  PackageTree               :     │       │   ├── b (1)
22:43:53 INFO  PackageTree               :     │       │   └── a (1)
22:43:53 INFO  PackageTree               :     │       ├── view (25)
22:43:53 INFO  PackageTree               :     │       └── app (1)
22:43:53 INFO  PackageTree               :     ├── a
22:43:53 INFO  PackageTree               :     │   ├── a (10)
22:43:53 INFO  PackageTree               :     │   │   ├── n (14)
22:43:53 INFO  PackageTree               :     │   │   ├── l
22:43:53 INFO  PackageTree               :     │   │   │   └── a (14)
22:43:53 INFO  PackageTree               :     │   │   ├── k
22:43:53 INFO  PackageTree               :     │   │   │   └── a (2)
22:43:53 INFO  PackageTree               :     │   │   └── m (2)
22:43:53 INFO  PackageTree               :     │   ├── d (3)
22:43:53 INFO  PackageTree               :     │   │   ├── e (16)
22:43:53 INFO  PackageTree               :     │   │   ├── l (56)
22:43:53 INFO  PackageTree               :     │   │   │   └── d0 (14)
22:43:53 INFO  PackageTree               :     │   │   ├── d (5)
22:43:53 INFO  PackageTree               :     │   │   │   └── d (18)
22:43:53 INFO  PackageTree               :     │   │   ├── g
22:43:53 INFO  PackageTree               :     │   │   │   └── a (3)
22:43:53 INFO  PackageTree               :     │   │   ├── i (15)
22:43:53 INFO  PackageTree               :     │   │   ├── h (2)
22:43:53 INFO  PackageTree               :     │   │   ├── k (3)
22:43:53 INFO  PackageTree               :     │   │   ├── f
22:43:53 INFO  PackageTree               :     │   │   │   └── a (5)
22:43:53 INFO  PackageTree               :     │   │   └── j (3)
22:43:53 INFO  PackageTree               :     │   ├── j (2)
22:43:53 INFO  PackageTree               :     │   ├── k
22:43:53 INFO  PackageTree               :     │   │   └── a
22:43:53 INFO  PackageTree               :     │   │       └── a (21)
22:43:53 INFO  PackageTree               :     │   ├── c (15)
22:43:53 INFO  PackageTree               :     │   ├── g (3)
22:43:53 INFO  PackageTree               :     │   ├── b
22:43:53 INFO  PackageTree               :     │   │   └── a
22:43:53 INFO  PackageTree               :     │   │       ├── a (6)
22:43:53 INFO  PackageTree               :     │   │       └── b (8)
22:43:53 INFO  PackageTree               :     │   ├── f
22:43:53 INFO  PackageTree               :     │   │   └── a (3)
22:43:53 INFO  PackageTree               :     │   ├── i
22:43:53 INFO  PackageTree               :     │   │   ├── a (6)
22:43:53 INFO  PackageTree               :     │   │   └── b (2)
22:43:53 INFO  PackageTree               :     │   ├── e
22:43:53 INFO  PackageTree               :     │   │   └── a (6)
22:43:53 INFO  PackageTree               :     │   └── h
22:43:53 INFO  PackageTree               :     │       └── a
22:43:53 INFO  PackageTree               :     │           └── a (4)
22:43:53 INFO  PackageTree               :     ├── b
22:43:53 INFO  PackageTree               :     │   ├── a
22:43:53 INFO  PackageTree               :     │   │   └── a
22:43:53 INFO  PackageTree               :     │   │       ├── b
22:43:53 INFO  PackageTree               :     │   │       │   └── a (23)
22:43:53 INFO  PackageTree               :     │   │       │       └── i (2)
22:43:53 INFO  PackageTree               :     │   │       └── a (6)
22:43:53 INFO  PackageTree               :     │   └── b
22:43:53 INFO  PackageTree               :     │       └── a (6)
22:43:53 INFO  PackageTree               :     │           └── b (3)
22:43:53 INFO  PackageTree               :     ├── d
22:43:53 INFO  PackageTree               :     │   └── a (3)
22:43:53 INFO  PackageTree               :     │       ├── d (4)
22:43:53 INFO  PackageTree               :     │       └── c
22:43:53 INFO  PackageTree               :     │           ├── a (30)
22:43:53 INFO  PackageTree               :     │           ├── c (4)
22:43:53 INFO  PackageTree               :     │           └── b (2)
22:43:53 INFO  PackageTree               :     ├── c
22:43:53 INFO  PackageTree               :     │   └── a (7)
22:43:53 INFO  PackageTree               :     ├── dev
22:43:53 INFO  PackageTree               :     │   └── fluttercommunity
22:43:53 INFO  PackageTree               :     │       └── plus
22:43:53 INFO  PackageTree               :     │           └── share (4)
22:43:53 INFO  PackageTree               :     ├── e (1)
22:43:53 INFO  PackageTree               :     │   └── b
22:43:53 INFO  PackageTree               :     │       └── a (1)
22:43:53 INFO  PackageTree               :     ├── android
22:43:53 INFO  PackageTree               :     │   └── support
22:43:53 INFO  PackageTree               :     │       └── v4
22:43:53 INFO  PackageTree               :     │           ├── graphics
22:43:53 INFO  PackageTree               :     │           │   └── drawable (1)
22:43:53 INFO  PackageTree               :     │           └── app (1)
22:43:53 INFO  PackageTree               :     └── pro
22:43:53 INFO  PackageTree               :         └── kherel
22:43:53 INFO  PackageTree               :             └── selfprivacy (1)
22:43:53 INFO  Profile                   : 
22:43:53 INFO  AppProfile                : - generated app package tree (in 43 ms)
22:43:53 INFO  AppProfile                : 
22:43:53 DEBUG HashTree                  : Generate hash tree..
22:43:54 DEBUG HashTree                  :     - generated 86 package hashes.
22:43:54 DEBUG HashTree                  :     - generated 1174 clazz hashes.
22:43:54 DEBUG HashTree                  :     - generated 8062 method hashes.
22:43:54 DEBUG HashTree                  :     => Library Hash:  774a0c508b9812ec2abc37b1912cc73
22:43:54 INFO  AppProfile                : - generated app hash trees (in 163 ms)
22:43:54 INFO  AppProfile                : 
22:43:54 INFO  LibraryIdentifier         : = Scan for library root packages (heuristic) =
22:43:54 INFO  LibraryIdentifier         :     - Found lib root package androidx.annotation  (androidx.annotation::annotation)
22:43:54 INFO  LibraryIdentifier         :     - Found lib root package androidx.appcompat  (androidx.appcompat::appcompat)
22:43:54 INFO  LibraryIdentifier         :     - Found lib root package androidx.core  (androidx.core::core)
22:43:54 INFO  LibraryIdentifier         :     - Found lib root package androidx  (androidx.core::core-ktx)
22:43:54 INFO  LibraryIdentifier         :     - Found lib root package androidx.fragment.app  (androidx.fragment::fragment)
22:43:54 INFO  LibraryIdentifier         :     - Found lib root package androidx.fragment.app  (androidx.fragment::fragment-ktx)
22:43:54 INFO  LibraryIdentifier         :     - Found lib root package androidx.lifecycle  (androidx.lifecycle::lifecycle-common)
22:43:54 INFO  LibraryIdentifier         :     - Found lib root package androidx.lifecycle  (androidx.lifecycle::lifecycle-common-java8)
22:43:54 INFO  LibraryIdentifier         :     - Found lib root package androidx.lifecycle  (androidx.lifecycle::lifecycle-compiler)
22:43:54 INFO  LibraryIdentifier         :     - Found lib root package androidx.lifecycle  (androidx.lifecycle::lifecycle-extensions)
22:43:54 INFO  LibraryIdentifier         :     - Found lib root package androidx.lifecycle  (androidx.lifecycle::lifecycle-livedata)
22:43:54 INFO  LibraryIdentifier         :     - Found lib root package androidx.lifecycle  (androidx.lifecycle::lifecycle-livedata-core)
22:43:54 INFO  LibraryIdentifier         :     - Found lib root package androidx.lifecycle  (androidx.lifecycle::lifecycle-process)
22:43:54 INFO  LibraryIdentifier         :     - Found lib root package androidx.lifecycle  (androidx.lifecycle::lifecycle-reactivestreams)
22:43:54 INFO  LibraryIdentifier         :     - Found lib root package androidx.lifecycle  (androidx.lifecycle::lifecycle-reactivestreams-ktx)
22:43:54 INFO  LibraryIdentifier         :     - Found lib root package androidx.lifecycle  (androidx.lifecycle::lifecycle-runtime)
22:43:54 INFO  LibraryIdentifier         :     - Found lib root package androidx.lifecycle  (androidx.lifecycle::lifecycle-service)
22:43:54 INFO  LibraryIdentifier         :     - Found lib root package androidx.lifecycle  (androidx.lifecycle::lifecycle-viewmodel)
22:43:54 INFO  LibraryIdentifier         :     - Found lib root package androidx.lifecycle  (androidx.lifecycle::lifecycle-viewmodel-ktx)
22:43:54 INFO  LibraryIdentifier         :     - Found lib root package androidx.versionedparcelable  (androidx.versionedparcelable::versionedparcelable)
22:43:54 INFO  LibraryIdentifier         :     - Found lib root package android.support.v4  (com.android.support::customview)
22:43:54 INFO  LibraryIdentifier         :     - Found lib root package android.support.v4  (com.android.support::loader)
22:43:54 INFO  LibraryIdentifier         :     - Found lib root package android.support.v4  (com.android.support::support-compat)
22:43:54 INFO  LibraryIdentifier         :     - Found lib root package android.support.v4  (com.android.support::support-core-ui)
22:43:54 INFO  LibraryIdentifier         :     - Found lib root package android.support.v4  (com.android.support::support-core-utils)
22:43:54 INFO  LibraryIdentifier         :     - Found lib root package android.support.v4.app  (com.android.support::support-fragment)
22:43:54 INFO  LibraryIdentifier         :     - Found lib root package android.support.v4  (com.android.support::support-v4)
22:43:54 INFO  LibraryIdentifier         :     - Found lib root package androidx.versionedparcelable  (com.android.support::versionedparcelable)
22:43:54 INFO  LibraryIdentifier         : 
22:43:54 INFO  LibraryIdentifier         : = Match profiles =
22:44:17 INFO  LibraryIdentifier         :     >> profile matching done (23 sec, 710 ms)
22:44:17 INFO  LibraryIdentifier         : 
22:44:17 INFO  LibraryIdentifier         : == Report ==
22:44:17 INFO  LibraryIdentifier         : - Full library matches:
22:44:18 INFO  ProfileMatch              :                 name: com.google.firebase::firebase-ml-vision-image-label-model
22:44:18 INFO  ProfileMatch              :             category: Android
22:44:18 INFO  ProfileMatch              :              version: 20.0.0  [OLD VERSION]
22:44:18 INFO  ProfileMatch              :         release-date:  --
22:44:18 INFO  ProfileMatch              :     lib root package: "com.google.firebase.ml.vision.imagelabel"  (in app: "a")
22:44:18 INFO  ProfileMatch              : 
22:44:18 INFO  ProfileMatch              :                 name: com.google.firebase::firebase-ml-vision-image-label-model
22:44:18 INFO  ProfileMatch              :             category: Android
22:44:18 INFO  ProfileMatch              :              version: 20.0.1  [OLD VERSION]
22:44:18 INFO  ProfileMatch              :         release-date:  --
22:44:18 INFO  ProfileMatch              :     lib root package: "com.google.firebase.ml.vision.imagelabel"  (in app: "a")
22:44:18 INFO  ProfileMatch              : 
22:44:18 INFO  ProfileMatch              :                 name: com.google.firebase::firebase-ml-vision-image-label-model
22:44:18 INFO  ProfileMatch              :             category: Android
22:44:18 INFO  ProfileMatch              :              version: 20.0.2
22:44:18 INFO  ProfileMatch              :         release-date:  --
22:44:18 INFO  ProfileMatch              :     lib root package: "com.google.firebase.ml.vision.imagelabel"  (in app: "a")
22:44:18 INFO  ProfileMatch              : 
22:44:18 INFO  ProfileMatch              :                 name: com.android.support::interpolator
22:44:18 INFO  ProfileMatch              :             category: Android
22:44:18 INFO  ProfileMatch              :              version: 28.0.0
22:44:18 INFO  ProfileMatch              :         release-date:  --
22:44:18 INFO  ProfileMatch              :     lib root package: "android.support.v4.view.animation"  (in app: "a.h.a.a")
22:44:18 INFO  ProfileMatch              : 
22:44:18 INFO  ProfileMatch              :                 name: androidx.interpolator::interpolator
22:44:18 INFO  ProfileMatch              :             category: Android
22:44:18 INFO  ProfileMatch              :              version: 1.0.0
22:44:18 INFO  ProfileMatch              :         release-date:  --
22:44:18 INFO  ProfileMatch              :     lib root package: "androidx.interpolator.view.animation"  (in app: "a.h.a.a")
22:44:18 INFO  ProfileMatch              : 
22:44:18 INFO  ProfileMatch              :                 name: Facebook
22:44:18 INFO  ProfileMatch              :             category: SocialMedia
22:44:18 INFO  ProfileMatch              :              version: 4.27.0  [OLD VERSION]
22:44:18 INFO  ProfileMatch              :         release-date: 26.09.2017
22:44:18 INFO  ProfileMatch              :     lib root package: "com.facebook.all"  (in app: "a")
22:44:18 INFO  ProfileMatch              : 
22:44:18 INFO  ProfileMatch              :                 name: Facebook
22:44:18 INFO  ProfileMatch              :             category: SocialMedia
22:44:18 INFO  ProfileMatch              :              version: 4.28.0  [OLD VERSION]
22:44:18 INFO  ProfileMatch              :         release-date: 07.11.2017
22:44:18 INFO  ProfileMatch              :     lib root package: "com.facebook.all"  (in app: "a")
22:44:18 INFO  ProfileMatch              : 
22:44:18 INFO  ProfileMatch              :                 name: Facebook
22:44:18 INFO  ProfileMatch              :             category: SocialMedia
22:44:18 INFO  ProfileMatch              :              version: 4.29.0  [OLD VERSION]
22:44:18 INFO  ProfileMatch              :         release-date: 05.12.2017
22:44:18 INFO  ProfileMatch              :     lib root package: "com.facebook.all"  (in app: "a")
22:44:18 INFO  ProfileMatch              : 
22:44:18 INFO  ProfileMatch              :                 name: Facebook
22:44:18 INFO  ProfileMatch              :             category: SocialMedia
22:44:18 INFO  ProfileMatch              :              version: 4.30.0  [OLD VERSION]
22:44:18 INFO  ProfileMatch              :         release-date: 24.01.2018
22:44:18 INFO  ProfileMatch              :     lib root package: "com.facebook.all"  (in app: "a")
22:44:18 INFO  ProfileMatch              : 
22:44:18 INFO  ProfileMatch              :                 name: Facebook
22:44:18 INFO  ProfileMatch              :             category: SocialMedia
22:44:18 INFO  ProfileMatch              :              version: 4.31.0  [OLD VERSION]
22:44:18 INFO  ProfileMatch              :         release-date: 28.02.2018
22:44:18 INFO  ProfileMatch              :     lib root package: "com.facebook.all"  (in app: "a")
22:44:18 INFO  ProfileMatch              : 
22:44:18 INFO  ProfileMatch              :                 name: Facebook
22:44:18 INFO  ProfileMatch              :             category: SocialMedia
22:44:18 INFO  ProfileMatch              :              version: 4.32.0  [OLD VERSION]
22:44:18 INFO  ProfileMatch              :         release-date: 11.04.2018
22:44:18 INFO  ProfileMatch              :     lib root package: "com.facebook.all"  (in app: "a")
22:44:18 INFO  ProfileMatch              : 
22:44:18 INFO  ProfileMatch              :                 name: Facebook
22:44:18 INFO  ProfileMatch              :             category: SocialMedia
22:44:18 INFO  ProfileMatch              :              version: 4.33.0  [OLD VERSION]
22:44:18 INFO  ProfileMatch              :         release-date: 01.05.2018
22:44:18 INFO  ProfileMatch              :     lib root package: "com.facebook.all"  (in app: "a")
22:44:18 INFO  ProfileMatch              : 
22:44:18 INFO  ProfileMatch              :                 name: Facebook
22:44:18 INFO  ProfileMatch              :             category: SocialMedia
22:44:18 INFO  ProfileMatch              :              version: 4.34.0  [OLD VERSION]
22:44:18 INFO  ProfileMatch              :         release-date: 19.06.2018
22:44:18 INFO  ProfileMatch              :     lib root package: "com.facebook.all"  (in app: "a")
22:44:18 INFO  ProfileMatch              : 
22:44:18 INFO  ProfileMatch              :                 name: Facebook
22:44:18 INFO  ProfileMatch              :             category: SocialMedia
22:44:18 INFO  ProfileMatch              :              version: 4.35.0  [OLD VERSION]
22:44:18 INFO  ProfileMatch              :         release-date: 26.07.2018
22:44:18 INFO  ProfileMatch              :     lib root package: "com.facebook.all"  (in app: "a")
22:44:18 INFO  ProfileMatch              : 
22:44:18 INFO  ProfileMatch              :                 name: Facebook
22:44:18 INFO  ProfileMatch              :             category: SocialMedia
22:44:18 INFO  ProfileMatch              :              version: 4.36.0  [OLD VERSION]
22:44:18 INFO  ProfileMatch              :         release-date: 29.08.2018
22:44:18 INFO  ProfileMatch              :     lib root package: "com.facebook.all"  (in app: "a")
22:44:18 INFO  ProfileMatch              : 
22:44:18 INFO  ProfileMatch              :                 name: Facebook
22:44:18 INFO  ProfileMatch              :             category: SocialMedia
22:44:18 INFO  ProfileMatch              :              version: 4.36.1  [OLD VERSION]
22:44:18 INFO  ProfileMatch              :         release-date: 15.09.2018
22:44:18 INFO  ProfileMatch              :     lib root package: "com.facebook.all"  (in app: "a")
22:44:18 INFO  ProfileMatch              : 
22:44:18 INFO  ProfileMatch              :                 name: Facebook
22:44:18 INFO  ProfileMatch              :             category: SocialMedia
22:44:18 INFO  ProfileMatch              :              version: 4.37.0  [OLD VERSION]
22:44:18 INFO  ProfileMatch              :         release-date: 27.09.2018
22:44:18 INFO  ProfileMatch              :     lib root package: "com.facebook.all"  (in app: "a")
22:44:18 INFO  ProfileMatch              : 
22:44:18 INFO  ProfileMatch              :                 name: Facebook
22:44:18 INFO  ProfileMatch              :             category: SocialMedia
22:44:18 INFO  ProfileMatch              :              version: 4.38.0  [OLD VERSION]
22:44:18 INFO  ProfileMatch              :         release-date: 23.10.2018
22:44:18 INFO  ProfileMatch              :     lib root package: "com.facebook.all"  (in app: "a")
22:44:18 INFO  ProfileMatch              : 
22:44:18 INFO  ProfileMatch              :                 name: Facebook
22:44:18 INFO  ProfileMatch              :             category: SocialMedia
22:44:18 INFO  ProfileMatch              :              version: 4.38.1  [OLD VERSION]
22:44:18 INFO  ProfileMatch              :         release-date: 31.10.2018
22:44:18 INFO  ProfileMatch              :     lib root package: "com.facebook.all"  (in app: "a")
22:44:18 INFO  ProfileMatch              : 
22:44:18 INFO  ProfileMatch              :                 name: Facebook
22:44:18 INFO  ProfileMatch              :             category: SocialMedia
22:44:18 INFO  ProfileMatch              :              version: 4.39.0  [OLD VERSION]
22:44:18 INFO  ProfileMatch              :         release-date: 05.12.2018
22:44:18 INFO  ProfileMatch              :     lib root package: "com.facebook.all"  (in app: "a")
22:44:18 INFO  ProfileMatch              : 
22:44:18 INFO  ProfileMatch              :                 name: Facebook
22:44:18 INFO  ProfileMatch              :             category: SocialMedia
22:44:18 INFO  ProfileMatch              :              version: 4.40.0  [OLD VERSION]
22:44:18 INFO  ProfileMatch              :         release-date: 22.01.2019
22:44:18 INFO  ProfileMatch              :     lib root package: "com.facebook.all"  (in app: "a")
22:44:18 INFO  ProfileMatch              : 
22:44:18 INFO  ProfileMatch              :                 name: Facebook
22:44:18 INFO  ProfileMatch              :             category: SocialMedia
22:44:18 INFO  ProfileMatch              :              version: 4.41.0  [OLD VERSION]
22:44:18 INFO  ProfileMatch              :         release-date: 08.03.2019
22:44:18 INFO  ProfileMatch              :     lib root package: "com.facebook.all"  (in app: "a")
22:44:18 INFO  ProfileMatch              : 
22:44:18 INFO  ProfileMatch              :                 name: Facebook
22:44:18 INFO  ProfileMatch              :             category: SocialMedia
22:44:18 INFO  ProfileMatch              :              version: 4.42.0  [OLD VERSION]
22:44:18 INFO  ProfileMatch              :         release-date: 08.04.2019
22:44:18 INFO  ProfileMatch              :     lib root package: "com.facebook.all"  (in app: "a")
22:44:18 INFO  ProfileMatch              : 
22:44:18 INFO  ProfileMatch              :                 name: Facebook
22:44:18 INFO  ProfileMatch              :             category: SocialMedia
22:44:18 INFO  ProfileMatch              :              version: 5.0.0  [OLD VERSION]
22:44:18 INFO  ProfileMatch              :         release-date: 30.04.2019
22:44:18 INFO  ProfileMatch              :     lib root package: "com.facebook.all"  (in app: "a")
22:44:18 INFO  ProfileMatch              : 
22:44:18 INFO  ProfileMatch              :                 name: Facebook
22:44:18 INFO  ProfileMatch              :             category: SocialMedia
22:44:18 INFO  ProfileMatch              :              version: 5.0.1  [OLD VERSION]
22:44:18 INFO  ProfileMatch              :         release-date: 17.05.2019
22:44:18 INFO  ProfileMatch              :     lib root package: "com.facebook.all"  (in app: "a")
22:44:18 INFO  ProfileMatch              : 
22:44:18 INFO  ProfileMatch              :                 name: Facebook
22:44:18 INFO  ProfileMatch              :             category: SocialMedia
22:44:18 INFO  ProfileMatch              :              version: 5.0.2  [OLD VERSION]
22:44:18 INFO  ProfileMatch              :         release-date: 09.06.2019
22:44:18 INFO  ProfileMatch              :     lib root package: "com.facebook.all"  (in app: "a")
22:44:18 INFO  ProfileMatch              : 
22:44:18 INFO  ProfileMatch              :                 name: Facebook
22:44:18 INFO  ProfileMatch              :             category: SocialMedia
22:44:18 INFO  ProfileMatch              :              version: 5.0.3  [OLD VERSION]
22:44:18 INFO  ProfileMatch              :         release-date: 14.06.2019
22:44:18 INFO  ProfileMatch              :     lib root package: "com.facebook.all"  (in app: "a")
22:44:18 INFO  ProfileMatch              : 
22:44:18 INFO  ProfileMatch              :                 name: Facebook
22:44:18 INFO  ProfileMatch              :             category: SocialMedia
22:44:18 INFO  ProfileMatch              :              version: 5.1.0  [OLD VERSION]
22:44:18 INFO  ProfileMatch              :         release-date: 21.06.2019
22:44:18 INFO  ProfileMatch              :     lib root package: "com.facebook.all"  (in app: "a")
22:44:18 INFO  ProfileMatch              : 
22:44:18 INFO  ProfileMatch              :                 name: Facebook
22:44:18 INFO  ProfileMatch              :             category: SocialMedia
22:44:18 INFO  ProfileMatch              :              version: 5.1.1  [OLD VERSION]
22:44:18 INFO  ProfileMatch              :         release-date: 02.07.2019
22:44:18 INFO  ProfileMatch              :     lib root package: "com.facebook.all"  (in app: "a")
22:44:18 INFO  ProfileMatch              : 
22:44:18 INFO  ProfileMatch              :                 name: Facebook
22:44:18 INFO  ProfileMatch              :             category: SocialMedia
22:44:18 INFO  ProfileMatch              :              version: 5.2.0  [OLD VERSION]
22:44:18 INFO  ProfileMatch              :         release-date: 29.07.2019
22:44:18 INFO  ProfileMatch              :     lib root package: "com.facebook.all"  (in app: "a")
22:44:18 INFO  ProfileMatch              : 
22:44:18 INFO  ProfileMatch              :                 name: Facebook
22:44:18 INFO  ProfileMatch              :             category: SocialMedia
22:44:18 INFO  ProfileMatch              :              version: 5.4.0  [OLD VERSION]
22:44:18 INFO  ProfileMatch              :         release-date: 16.08.2019
22:44:18 INFO  ProfileMatch              :     lib root package: "com.facebook.all"  (in app: "a")
22:44:18 INFO  ProfileMatch              : 
22:44:18 INFO  ProfileMatch              :                 name: Facebook
22:44:18 INFO  ProfileMatch              :             category: SocialMedia
22:44:18 INFO  ProfileMatch              :              version: 5.5.0  [OLD VERSION]
22:44:18 INFO  ProfileMatch              :         release-date: 31.08.2019
22:44:18 INFO  ProfileMatch              :     lib root package: "com.facebook.all"  (in app: "a")
22:44:18 INFO  ProfileMatch              : 
22:44:18 INFO  ProfileMatch              :                 name: Facebook
22:44:18 INFO  ProfileMatch              :             category: SocialMedia
22:44:18 INFO  ProfileMatch              :              version: 5.5.1  [OLD VERSION]
22:44:18 INFO  ProfileMatch              :         release-date: 06.09.2019
22:44:18 INFO  ProfileMatch              :     lib root package: "com.facebook.all"  (in app: "a")
22:44:18 INFO  ProfileMatch              : 
22:44:18 INFO  ProfileMatch              :                 name: Facebook
22:44:18 INFO  ProfileMatch              :             category: SocialMedia
22:44:18 INFO  ProfileMatch              :              version: 5.5.2  [OLD VERSION]
22:44:18 INFO  ProfileMatch              :         release-date: 05.10.2019
22:44:18 INFO  ProfileMatch              :     lib root package: "com.facebook.all"  (in app: "a")
22:44:18 INFO  ProfileMatch              : 
22:44:18 INFO  ProfileMatch              :                 name: Facebook
22:44:18 INFO  ProfileMatch              :             category: SocialMedia
22:44:18 INFO  ProfileMatch              :              version: 5.8.0  [OLD VERSION]
22:44:18 INFO  ProfileMatch              :         release-date: 08.10.2019
22:44:18 INFO  ProfileMatch              :     lib root package: "com.facebook.all"  (in app: "a")
22:44:18 INFO  ProfileMatch              : 
22:44:18 INFO  ProfileMatch              :                 name: Facebook
22:44:18 INFO  ProfileMatch              :             category: SocialMedia
22:44:18 INFO  ProfileMatch              :              version: 5.9.0  [OLD VERSION]
22:44:18 INFO  ProfileMatch              :         release-date: 29.10.2019
22:44:18 INFO  ProfileMatch              :     lib root package: "com.facebook.all"  (in app: "a")
22:44:18 INFO  ProfileMatch              : 
22:44:18 INFO  ProfileMatch              :                 name: Facebook
22:44:18 INFO  ProfileMatch              :             category: SocialMedia
22:44:18 INFO  ProfileMatch              :              version: 5.11.0  [OLD VERSION]
22:44:18 INFO  ProfileMatch              :         release-date: 15.11.2019
22:44:18 INFO  ProfileMatch              :     lib root package: "com.facebook.all"  (in app: "a")
22:44:18 INFO  ProfileMatch              : 
22:44:18 INFO  ProfileMatch              :                 name: Facebook
22:44:18 INFO  ProfileMatch              :             category: SocialMedia
22:44:18 INFO  ProfileMatch              :              version: 5.11.1  [OLD VERSION]
22:44:18 INFO  ProfileMatch              :         release-date: 21.11.2019
22:44:18 INFO  ProfileMatch              :     lib root package: "com.facebook.all"  (in app: "a")
22:44:18 INFO  ProfileMatch              : 
22:44:18 INFO  ProfileMatch              :                 name: Facebook
22:44:18 INFO  ProfileMatch              :             category: SocialMedia
22:44:18 INFO  ProfileMatch              :              version: 5.11.2  [OLD VERSION]
22:44:18 INFO  ProfileMatch              :         release-date: 22.11.2019
22:44:18 INFO  ProfileMatch              :     lib root package: "com.facebook.all"  (in app: "a")
22:44:18 INFO  ProfileMatch              : 
22:44:18 INFO  ProfileMatch              :                 name: Facebook
22:44:18 INFO  ProfileMatch              :             category: SocialMedia
22:44:18 INFO  ProfileMatch              :              version: 5.12.0  [OLD VERSION]
22:44:18 INFO  ProfileMatch              :         release-date: 04.12.2019
22:44:18 INFO  ProfileMatch              :     lib root package: "com.facebook.all"  (in app: "a")
22:44:18 INFO  ProfileMatch              : 
22:44:18 INFO  ProfileMatch              :                 name: Facebook
22:44:18 INFO  ProfileMatch              :             category: SocialMedia
22:44:18 INFO  ProfileMatch              :              version: 5.12.1  [OLD VERSION]
22:44:18 INFO  ProfileMatch              :         release-date: 09.12.2019
22:44:18 INFO  ProfileMatch              :     lib root package: "com.facebook.all"  (in app: "a")
22:44:18 INFO  ProfileMatch              : 
22:44:18 INFO  ProfileMatch              :                 name: Facebook
22:44:18 INFO  ProfileMatch              :             category: SocialMedia
22:44:18 INFO  ProfileMatch              :              version: 5.13.0  [OLD VERSION]
22:44:18 INFO  ProfileMatch              :         release-date: 12.12.2019
22:44:18 INFO  ProfileMatch              :     lib root package: "com.facebook.all"  (in app: "a")
22:44:18 INFO  ProfileMatch              : 
22:44:18 INFO  ProfileMatch              :                 name: Facebook
22:44:18 INFO  ProfileMatch              :             category: SocialMedia
22:44:18 INFO  ProfileMatch              :              version: 5.15.0  [OLD VERSION]
22:44:18 INFO  ProfileMatch              :         release-date: 21.01.2020
22:44:18 INFO  ProfileMatch              :     lib root package: "com.facebook.all"  (in app: "a")
22:44:18 INFO  ProfileMatch              : 
22:44:18 INFO  ProfileMatch              :                 name: Facebook
22:44:18 INFO  ProfileMatch              :             category: SocialMedia
22:44:18 INFO  ProfileMatch              :              version: 5.15.1  [OLD VERSION]
22:44:18 INFO  ProfileMatch              :         release-date: 29.01.2020
22:44:18 INFO  ProfileMatch              :     lib root package: "com.facebook.all"  (in app: "a")
22:44:18 INFO  ProfileMatch              : 
22:44:18 INFO  ProfileMatch              :                 name: Facebook
22:44:18 INFO  ProfileMatch              :             category: SocialMedia
22:44:18 INFO  ProfileMatch              :              version: 5.15.2  [OLD VERSION]
22:44:18 INFO  ProfileMatch              :         release-date: 03.02.2020
22:44:18 INFO  ProfileMatch              :     lib root package: "com.facebook.all"  (in app: "a")
22:44:18 INFO  ProfileMatch              : 
22:44:18 INFO  ProfileMatch              :                 name: Facebook
22:44:18 INFO  ProfileMatch              :             category: SocialMedia
22:44:18 INFO  ProfileMatch              :              version: 5.15.3  [OLD VERSION]
22:44:18 INFO  ProfileMatch              :         release-date: 03.02.2020
22:44:18 INFO  ProfileMatch              :     lib root package: "com.facebook.all"  (in app: "a")
22:44:18 INFO  ProfileMatch              : 
22:44:18 INFO  ProfileMatch              :                 name: Facebook
22:44:18 INFO  ProfileMatch              :             category: SocialMedia
22:44:18 INFO  ProfileMatch              :              version: 6.0.0  [OLD VERSION]
22:44:18 INFO  ProfileMatch              :         release-date: 03.02.2020
22:44:18 INFO  ProfileMatch              :     lib root package: "com.facebook.all"  (in app: "a")
22:44:18 INFO  ProfileMatch              : 
22:44:18 INFO  ProfileMatch              :                 name: Facebook
22:44:18 INFO  ProfileMatch              :             category: SocialMedia
22:44:18 INFO  ProfileMatch              :              version: 6.1.0  [OLD VERSION]
22:44:18 INFO  ProfileMatch              :         release-date: 14.02.2020
22:44:18 INFO  ProfileMatch              :     lib root package: "com.facebook.all"  (in app: "a")
22:44:18 INFO  ProfileMatch              : 
22:44:18 INFO  ProfileMatch              :                 name: Facebook
22:44:18 INFO  ProfileMatch              :             category: SocialMedia
22:44:18 INFO  ProfileMatch              :              version: 6.2.0  [OLD VERSION]
22:44:18 INFO  ProfileMatch              :         release-date: 09.03.2020
22:44:18 INFO  ProfileMatch              :     lib root package: "com.facebook.all"  (in app: "a")
22:44:18 INFO  ProfileMatch              : 
22:44:18 INFO  ProfileMatch              :                 name: Facebook
22:44:18 INFO  ProfileMatch              :             category: SocialMedia
22:44:18 INFO  ProfileMatch              :              version: 6.3.0  [OLD VERSION]
22:44:18 INFO  ProfileMatch              :         release-date: 25.03.2020
22:44:18 INFO  ProfileMatch              :     lib root package: "com.facebook.all"  (in app: "a")
22:44:18 INFO  ProfileMatch              : 
22:44:18 INFO  ProfileMatch              :                 name: Facebook
22:44:18 INFO  ProfileMatch              :             category: SocialMedia
22:44:18 INFO  ProfileMatch              :              version: 6.4.0  [OLD VERSION]
22:44:18 INFO  ProfileMatch              :         release-date: 15.04.2020
22:44:18 INFO  ProfileMatch              :     lib root package: "com.facebook.all"  (in app: "a")
22:44:18 INFO  ProfileMatch              : 
22:44:18 INFO  ProfileMatch              :                 name: Facebook
22:44:18 INFO  ProfileMatch              :             category: SocialMedia
22:44:18 INFO  ProfileMatch              :              version: 6.5.0  [OLD VERSION]
22:44:18 INFO  ProfileMatch              :         release-date: 20.04.2020
22:44:18 INFO  ProfileMatch              :     lib root package: "com.facebook.all"  (in app: "a")
22:44:18 INFO  ProfileMatch              : 
22:44:18 INFO  ProfileMatch              :                 name: Facebook
22:44:18 INFO  ProfileMatch              :             category: SocialMedia
22:44:18 INFO  ProfileMatch              :              version: 6.5.1  [OLD VERSION]
22:44:18 INFO  ProfileMatch              :         release-date: 23.04.2020
22:44:18 INFO  ProfileMatch              :     lib root package: "com.facebook.all"  (in app: "a")
22:44:18 INFO  ProfileMatch              : 
22:44:18 INFO  ProfileMatch              :                 name: Facebook
22:44:18 INFO  ProfileMatch              :             category: SocialMedia
22:44:18 INFO  ProfileMatch              :              version: 7.0.0  [OLD VERSION]
22:44:18 INFO  ProfileMatch              :         release-date: 05.05.2020
22:44:18 INFO  ProfileMatch              :     lib root package: "com.facebook.all"  (in app: "a")
22:44:18 INFO  ProfileMatch              : 
22:44:18 INFO  ProfileMatch              :                 name: Facebook
22:44:18 INFO  ProfileMatch              :             category: SocialMedia
22:44:18 INFO  ProfileMatch              :              version: 7.0.1  [OLD VERSION]
22:44:18 INFO  ProfileMatch              :         release-date: 09.06.2020
22:44:18 INFO  ProfileMatch              :     lib root package: "com.facebook.all"  (in app: "a")
22:44:18 INFO  ProfileMatch              : 
22:44:18 INFO  ProfileMatch              :                 name: Facebook
22:44:18 INFO  ProfileMatch              :             category: SocialMedia
22:44:18 INFO  ProfileMatch              :              version: 7.1.0  [OLD VERSION]
22:44:18 INFO  ProfileMatch              :         release-date: 23.06.2020
22:44:18 INFO  ProfileMatch              :     lib root package: "com.facebook.all"  (in app: "a")
22:44:18 INFO  ProfileMatch              : 
22:44:18 INFO  ProfileMatch              :                 name: Facebook
22:44:18 INFO  ProfileMatch              :             category: SocialMedia
22:44:18 INFO  ProfileMatch              :              version: 8.0.0  [OLD VERSION]
22:44:18 INFO  ProfileMatch              :         release-date: 28.09.2020
22:44:18 INFO  ProfileMatch              :     lib root package: "com.facebook.all"  (in app: "a")
22:44:18 INFO  ProfileMatch              : 
22:44:18 INFO  ProfileMatch              :                 name: Facebook
22:44:18 INFO  ProfileMatch              :             category: SocialMedia
22:44:18 INFO  ProfileMatch              :              version: 8.1.0  [OLD VERSION]
22:44:18 INFO  ProfileMatch              :         release-date: 14.10.2020
22:44:18 INFO  ProfileMatch              :     lib root package: "com.facebook.all"  (in app: "a")
22:44:18 INFO  ProfileMatch              : 
22:44:18 INFO  ProfileMatch              :                 name: Facebook
22:44:18 INFO  ProfileMatch              :             category: SocialMedia
22:44:18 INFO  ProfileMatch              :              version: 8.2.0  [OLD VERSION]
22:44:18 INFO  ProfileMatch              :         release-date: 18.12.2020
22:44:18 INFO  ProfileMatch              :     lib root package: "com.facebook.all"  (in app: "a")
22:44:18 INFO  ProfileMatch              : 
22:44:18 INFO  ProfileMatch              :                 name: Facebook
22:44:18 INFO  ProfileMatch              :             category: SocialMedia
22:44:18 INFO  ProfileMatch              :              version: 9.0.0  [OLD VERSION]
22:44:18 INFO  ProfileMatch              :         release-date: 19.01.2021
22:44:18 INFO  ProfileMatch              :     lib root package: "com.facebook.all"  (in app: "a")
22:44:18 INFO  ProfileMatch              : 
22:44:18 INFO  ProfileMatch              :                 name: Facebook
22:44:18 INFO  ProfileMatch              :             category: SocialMedia
22:44:18 INFO  ProfileMatch              :              version: 9.1.0  [OLD VERSION]
22:44:18 INFO  ProfileMatch              :         release-date: 15.03.2021
22:44:18 INFO  ProfileMatch              :     lib root package: "com.facebook.all"  (in app: "a")
22:44:18 INFO  ProfileMatch              : 
22:44:18 INFO  ProfileMatch              :                 name: Facebook
22:44:18 INFO  ProfileMatch              :             category: SocialMedia
22:44:18 INFO  ProfileMatch              :              version: 9.1.1  [OLD VERSION]
22:44:18 INFO  ProfileMatch              :         release-date: 12.04.2021
22:44:18 INFO  ProfileMatch              :     lib root package: "com.facebook.all"  (in app: "a")
22:44:18 INFO  ProfileMatch              : 
22:44:18 INFO  ProfileMatch              :                 name: Facebook
22:44:18 INFO  ProfileMatch              :             category: SocialMedia
22:44:18 INFO  ProfileMatch              :              version: 11.0.0  [OLD VERSION]
22:44:18 INFO  ProfileMatch              :         release-date: 08.06.2021
22:44:18 INFO  ProfileMatch              :     lib root package: "com.facebook.all"  (in app: "a")
22:44:18 INFO  ProfileMatch              : 
22:44:18 INFO  ProfileMatch              :                 name: Facebook
22:44:18 INFO  ProfileMatch              :             category: SocialMedia
22:44:18 INFO  ProfileMatch              :              version: 11.1.0  [OLD VERSION]
22:44:18 INFO  ProfileMatch              :         release-date: 06.07.2021
22:44:18 INFO  ProfileMatch              :     lib root package: "com.facebook.all"  (in app: "a")
22:44:18 INFO  ProfileMatch              : 
22:44:18 INFO  ProfileMatch              :                 name: Facebook
22:44:18 INFO  ProfileMatch              :             category: SocialMedia
22:44:18 INFO  ProfileMatch              :              version: 11.1.1  [OLD VERSION]
22:44:18 INFO  ProfileMatch              :         release-date: 19.07.2021
22:44:18 INFO  ProfileMatch              :     lib root package: "com.facebook.all"  (in app: "a")
22:44:18 INFO  ProfileMatch              : 
22:44:18 INFO  ProfileMatch              :                 name: Facebook
22:44:18 INFO  ProfileMatch              :             category: SocialMedia
22:44:18 INFO  ProfileMatch              :              version: 11.2.0  [OLD VERSION]
22:44:18 INFO  ProfileMatch              :         release-date: 03.08.2021
22:44:18 INFO  ProfileMatch              :     lib root package: "com.facebook.all"  (in app: "a")
22:44:18 INFO  ProfileMatch              : 
22:44:18 INFO  ProfileMatch              :                 name: Facebook
22:44:18 INFO  ProfileMatch              :             category: SocialMedia
22:44:18 INFO  ProfileMatch              :              version: 11.3.0  [OLD VERSION]
22:44:18 INFO  ProfileMatch              :         release-date: 07.09.2021
22:44:18 INFO  ProfileMatch              :     lib root package: "com.facebook.all"  (in app: "a")
22:44:18 INFO  ProfileMatch              : 
22:44:18 INFO  ProfileMatch              :                 name: Facebook
22:44:18 INFO  ProfileMatch              :             category: SocialMedia
22:44:18 INFO  ProfileMatch              :              version: 12.0.0  [OLD VERSION]
22:44:18 INFO  ProfileMatch              :         release-date: 05.10.2021
22:44:18 INFO  ProfileMatch              :     lib root package: "com.facebook.all"  (in app: "a")
22:44:18 INFO  ProfileMatch              : 
22:44:18 INFO  ProfileMatch              :                 name: Facebook
22:44:18 INFO  ProfileMatch              :             category: SocialMedia
22:44:18 INFO  ProfileMatch              :              version: 12.0.1  [OLD VERSION]
22:44:18 INFO  ProfileMatch              :         release-date: 13.10.2021
22:44:18 INFO  ProfileMatch              :     lib root package: "com.facebook.all"  (in app: "a")
22:44:18 INFO  ProfileMatch              : 
22:44:18 INFO  ProfileMatch              :                 name: Facebook
22:44:18 INFO  ProfileMatch              :             category: SocialMedia
22:44:18 INFO  ProfileMatch              :              version: 12.1.0  [OLD VERSION]
22:44:18 INFO  ProfileMatch              :         release-date: 01.11.2021
22:44:18 INFO  ProfileMatch              :     lib root package: "com.facebook.all"  (in app: "a")
22:44:18 INFO  ProfileMatch              : 
22:44:18 INFO  ProfileMatch              :                 name: Facebook
22:44:18 INFO  ProfileMatch              :             category: SocialMedia
22:44:18 INFO  ProfileMatch              :              version: 12.2.0  [OLD VERSION]
22:44:18 INFO  ProfileMatch              :         release-date: 06.12.2021
22:44:18 INFO  ProfileMatch              :     lib root package: "com.facebook.all"  (in app: "a")
22:44:18 INFO  ProfileMatch              : 
22:44:18 INFO  ProfileMatch              :                 name: Facebook
22:44:18 INFO  ProfileMatch              :             category: SocialMedia
22:44:18 INFO  ProfileMatch              :              version: 12.3.0  [OLD VERSION]
22:44:18 INFO  ProfileMatch              :         release-date: 10.01.2022
22:44:18 INFO  ProfileMatch              :     lib root package: "com.facebook.all"  (in app: "a")
22:44:18 INFO  ProfileMatch              : 
22:44:18 INFO  ProfileMatch              :                 name: Facebook
22:44:18 INFO  ProfileMatch              :             category: SocialMedia
22:44:18 INFO  ProfileMatch              :              version: 13.0.0  [OLD VERSION]
22:44:18 INFO  ProfileMatch              :         release-date: 23.02.2022
22:44:18 INFO  ProfileMatch              :     lib root package: "com.facebook.all"  (in app: "a")
22:44:18 INFO  ProfileMatch              : 
22:44:18 INFO  ProfileMatch              :                 name: Facebook
22:44:18 INFO  ProfileMatch              :             category: SocialMedia
22:44:18 INFO  ProfileMatch              :              version: 13.1.0  [OLD VERSION]
22:44:18 INFO  ProfileMatch              :         release-date: 21.03.2022
22:44:18 INFO  ProfileMatch              :     lib root package: "com.facebook.all"  (in app: "a")
22:44:18 INFO  ProfileMatch              : 
22:44:18 INFO  ProfileMatch              :                 name: Facebook
22:44:18 INFO  ProfileMatch              :             category: SocialMedia
22:44:18 INFO  ProfileMatch              :              version: 13.2.0  [OLD VERSION]
22:44:18 INFO  ProfileMatch              :         release-date: 22.04.2022
22:44:18 INFO  ProfileMatch              :     lib root package: "com.facebook.all"  (in app: "a")
22:44:18 INFO  ProfileMatch              : 
22:44:18 INFO  ProfileMatch              :                 name: Facebook
22:44:18 INFO  ProfileMatch              :             category: SocialMedia
22:44:18 INFO  ProfileMatch              :              version: 14.0.0
22:44:18 INFO  ProfileMatch              :         release-date: 14.06.2022
22:44:18 INFO  ProfileMatch              :     lib root package: "com.facebook.all"  (in app: "a")
22:44:18 INFO  ProfileMatch              : 
22:44:18 INFO  LibraryIdentifier         : 
22:44:18 INFO  LibraryIdentifier         : - Partial library matches:
22:44:19 INFO  LibraryIdentifier         : 
22:44:19 INFO  LibraryIdentifier         : App processing time: 26 sec, 316 ms
