03:21:56 INFO  LibraryIdentifier         : Process app: threads.server_272.apk
03:21:56 INFO  LibraryIdentifier         : = Manifest Parser =
03:21:56 INFO  LibraryIdentifier         :         Package name: threads.server
03:21:56 INFO  LibraryIdentifier         :         Version code: 272
03:21:56 INFO  LibraryIdentifier         :        minSdkVersion: 28
03:21:56 INFO  LibraryIdentifier         :     targetSdkVersion: 32
03:21:56 INFO  LibraryIdentifier         :         SharedUserId:  - none -
03:21:56 INFO  LibraryIdentifier         :     Library dependencies:
03:21:56 INFO  LibraryIdentifier         : 
03:21:56 INFO  LibraryIdentifier         : Found 402 unique libraries in 12405 library profiles
03:21:57 INFO  LibraryIdentifier         : Generated class hierarchy (in 595 ms)
03:21:57 INFO  WalaUtils                 : 
03:21:57 INFO  WalaUtils                 : = ClassHierarchy Stats =
03:21:57 INFO  WalaUtils                 :     # of classes: 5373
03:21:57 INFO  WalaUtils                 :     # thereof inner classes: 2380
03:21:57 INFO  WalaUtils                 :     # thereof public classes: 3133
03:21:57 INFO  WalaUtils                 :         Activity : 6
03:21:57 INFO  WalaUtils                 :         Application : 1
03:21:57 INFO  WalaUtils                 :         AsyncTask : 0
03:21:57 INFO  WalaUtils                 :         BroadcastReceiver : 14
03:21:57 INFO  WalaUtils                 :         ContentProvider : 2
03:21:57 INFO  WalaUtils                 :         Fragment : 2
03:21:57 INFO  WalaUtils                 :         Handler : 2
03:21:57 INFO  WalaUtils                 :         LayoutContainer : 68
03:21:57 INFO  WalaUtils                 :         Plain : 5222
03:21:57 INFO  WalaUtils                 :         Runnable : 0
03:21:57 INFO  WalaUtils                 :         Service : 6
03:21:57 INFO  WalaUtils                 :         Thread : 3
03:21:57 INFO  WalaUtils                 :         View : 47
03:21:57 INFO  WalaUtils                 :     # methods: 35702
03:21:57 INFO  WalaUtils                 :         # of publicly accessible methods: 22825
03:21:57 INFO  WalaUtils                 :         # of non-accessible methods: 12877
03:21:57 INFO  WalaUtils                 : 
03:21:57 INFO  Profile                   : = PackageTree =
03:21:57 INFO  PackageTree               : Root Package: androidx
03:21:57 INFO  PackageTree               : └── Root
03:21:57 INFO  PackageTree               :     ├── com
03:21:57 INFO  PackageTree               :     │   ├── bumptech
03:21:57 INFO  PackageTree               :     │   │   └── glide (26)
03:21:57 INFO  PackageTree               :     │   │       └── load (14)
03:21:57 INFO  PackageTree               :     │   │           └── data (24)
03:21:57 INFO  PackageTree               :     │   ├── google
03:21:57 INFO  PackageTree               :     │   │   ├── gson (42)
03:21:57 INFO  PackageTree               :     │   │   │   └── internal (44)
03:21:57 INFO  PackageTree               :     │   │   │       ├── bind (65)
03:21:57 INFO  PackageTree               :     │   │   │       └── sql (9)
03:21:57 INFO  PackageTree               :     │   │   └── android
03:21:57 INFO  PackageTree               :     │   │       └── material
03:21:57 INFO  PackageTree               :     │   │           ├── floatingactionbutton (40)
03:21:57 INFO  PackageTree               :     │   │           ├── transformation (13)
03:21:57 INFO  PackageTree               :     │   │           ├── bottomsheet (19)
03:21:57 INFO  PackageTree               :     │   │           ├── navigation (18)
03:21:57 INFO  PackageTree               :     │   │           ├── appbar (24)
03:21:57 INFO  PackageTree               :     │   │           ├── snackbar (36)
03:21:57 INFO  PackageTree               :     │   │           ├── internal (41)
03:21:57 INFO  PackageTree               :     │   │           ├── behavior (7)
03:21:57 INFO  PackageTree               :     │   │           ├── textfield (50)
03:21:57 INFO  PackageTree               :     │   │           ├── datepicker (49)
03:21:57 INFO  PackageTree               :     │   │           ├── slider (13)
03:21:57 INFO  PackageTree               :     │   │           ├── progressindicator (25)
03:21:57 INFO  PackageTree               :     │   │           ├── divider (1)
03:21:57 INFO  PackageTree               :     │   │           ├── button (13)
03:21:57 INFO  PackageTree               :     │   │           ├── timepicker (23)
03:21:57 INFO  PackageTree               :     │   │           ├── bottomappbar (14)
03:21:57 INFO  PackageTree               :     │   │           ├── navigationrail (4)
03:21:57 INFO  PackageTree               :     │   │           ├── chip (11)
03:21:57 INFO  PackageTree               :     │   │           ├── theme (1)
03:21:57 INFO  PackageTree               :     │   │           ├── imageview (2)
03:21:57 INFO  PackageTree               :     │   │           ├── card (2)
03:21:57 INFO  PackageTree               :     │   │           ├── textview (1)
03:21:57 INFO  PackageTree               :     │   │           └── switchmaterial (1)
03:21:57 INFO  PackageTree               :     │   └── journeyapps
03:21:57 INFO  PackageTree               :     │       └── barcodescanner (19)
03:21:57 INFO  PackageTree               :     ├── l (8)
03:21:57 INFO  PackageTree               :     ├── androidx
03:21:57 INFO  PackageTree               :     │   ├── recyclerview
03:21:57 INFO  PackageTree               :     │   │   └── widget (135)
03:21:57 INFO  PackageTree               :     │   ├── appcompat
03:21:57 INFO  PackageTree               :     │   │   ├── widget (183)
03:21:57 INFO  PackageTree               :     │   │   ├── app (17)
03:21:57 INFO  PackageTree               :     │   │   └── view
03:21:57 INFO  PackageTree               :     │   │       └── menu (32)
03:21:57 INFO  PackageTree               :     │   ├── core
03:21:57 INFO  PackageTree               :     │   │   ├── view (90)
03:21:57 INFO  PackageTree               :     │   │   ├── widget (31)
03:21:57 INFO  PackageTree               :     │   │   ├── app (25)
03:21:57 INFO  PackageTree               :     │   │   ├── content (10)
03:21:57 INFO  PackageTree               :     │   │   └── graphics
03:21:57 INFO  PackageTree               :     │   │       └── drawable (2)
03:21:57 INFO  PackageTree               :     │   ├── room (58)
03:21:57 INFO  PackageTree               :     │   ├── lifecycle (64)
03:21:57 INFO  PackageTree               :     │   ├── emoji2
03:21:57 INFO  PackageTree               :     │   │   └── text (42)
03:21:57 INFO  PackageTree               :     │   ├── loader
03:21:57 INFO  PackageTree               :     │   │   └── app (5)
03:21:57 INFO  PackageTree               :     │   ├── fragment
03:21:57 INFO  PackageTree               :     │   │   └── app (121)
03:21:57 INFO  PackageTree               :     │   ├── swiperefreshlayout
03:21:57 INFO  PackageTree               :     │   │   └── widget (19)
03:21:57 INFO  PackageTree               :     │   ├── versionedparcelable (5)
03:21:57 INFO  PackageTree               :     │   ├── work (31)
03:21:57 INFO  PackageTree               :     │   │   └── impl (15)
03:21:57 INFO  PackageTree               :     │   │       ├── background
03:21:57 INFO  PackageTree               :     │   │       │   ├── systemjob (1)
03:21:57 INFO  PackageTree               :     │   │       │   └── systemalarm (19)
03:21:57 INFO  PackageTree               :     │   │       ├── utils (2)
03:21:57 INFO  PackageTree               :     │   │       │   └── futures (12)
03:21:57 INFO  PackageTree               :     │   │       ├── workers (5)
03:21:57 INFO  PackageTree               :     │   │       ├── diagnostics (1)
03:21:57 INFO  PackageTree               :     │   │       └── foreground (7)
03:21:57 INFO  PackageTree               :     │   ├── coordinatorlayout
03:21:57 INFO  PackageTree               :     │   │   └── widget (13)
03:21:57 INFO  PackageTree               :     │   ├── activity (18)
03:21:57 INFO  PackageTree               :     │   │   └── result (14)
03:21:57 INFO  PackageTree               :     │   ├── constraintlayout
03:21:57 INFO  PackageTree               :     │   │   ├── widget (27)
03:21:57 INFO  PackageTree               :     │   │   └── motion
03:21:57 INFO  PackageTree               :     │   │       └── widget (17)
03:21:57 INFO  PackageTree               :     │   ├── vectordrawable
03:21:57 INFO  PackageTree               :     │   │   └── graphics
03:21:57 INFO  PackageTree               :     │   │       └── drawable (21)
03:21:57 INFO  PackageTree               :     │   ├── annotation (1)
03:21:57 INFO  PackageTree               :     │   ├── savedstate (10)
03:21:57 INFO  PackageTree               :     │   ├── startup (2)
03:21:57 INFO  PackageTree               :     │   └── viewpager2
03:21:57 INFO  PackageTree               :     │       └── adapter (3)
03:21:57 INFO  PackageTree               :     ├── p6 (49)
03:21:57 INFO  PackageTree               :     ├── t (21)
03:21:57 INFO  PackageTree               :     ├── e7 (18)
03:21:57 INFO  PackageTree               :     ├── la (9)
03:21:57 INFO  PackageTree               :     ├── e9 (130)
03:21:57 INFO  PackageTree               :     ├── m7 (131)
03:21:57 INFO  PackageTree               :     ├── f (15)
03:21:57 INFO  PackageTree               :     ├── d (50)
03:21:57 INFO  PackageTree               :     ├── p5 (6)
03:21:57 INFO  PackageTree               :     ├── j4 (255)
03:21:57 INFO  PackageTree               :     ├── e2 (61)
03:21:57 INFO  PackageTree               :     ├── i (14)
03:21:57 INFO  PackageTree               :     ├── c (10)
03:21:57 INFO  PackageTree               :     ├── p (16)
03:21:57 INFO  PackageTree               :     ├── n (11)
03:21:57 INFO  PackageTree               :     ├── o (15)
03:21:57 INFO  PackageTree               :     ├── v1 (43)
03:21:57 INFO  PackageTree               :     ├── x (24)
03:21:57 INFO  PackageTree               :     ├── y (18)
03:21:57 INFO  PackageTree               :     ├── s (14)
03:21:57 INFO  PackageTree               :     ├── n1 (24)
03:21:57 INFO  PackageTree               :     ├── h1 (74)
03:21:57 INFO  PackageTree               :     ├── bc (21)
03:21:57 INFO  PackageTree               :     ├── ac (6)
03:21:57 INFO  PackageTree               :     ├── threads
03:21:57 INFO  PackageTree               :     │   ├── server (14)
03:21:57 INFO  PackageTree               :     │   │   ├── work (21)
03:21:57 INFO  PackageTree               :     │   │   ├── core
03:21:57 INFO  PackageTree               :     │   │   │   ├── pages (3)
03:21:57 INFO  PackageTree               :     │   │   │   ├── books (3)
03:21:57 INFO  PackageTree               :     │   │   │   ├── events (3)
03:21:57 INFO  PackageTree               :     │   │   │   └── threads (4)
03:21:57 INFO  PackageTree               :     │   │   ├── services (5)
03:21:57 INFO  PackageTree               :     │   │   └── utils (3)
03:21:57 INFO  PackageTree               :     │   └── lite
03:21:57 INFO  PackageTree               :     │       └── data (3)
03:21:57 INFO  PackageTree               :     ├── l2 (58)
03:21:57 INFO  PackageTree               :     ├── z1 (20)
03:21:57 INFO  PackageTree               :     ├── w1 (23)
03:21:57 INFO  PackageTree               :     ├── p4 (12)
03:21:57 INFO  PackageTree               :     ├── v9 (36)
03:21:57 INFO  PackageTree               :     ├── kotlinx
03:21:57 INFO  PackageTree               :     │   └── coroutines (2)
03:21:57 INFO  PackageTree               :     │       ├── scheduling (16)
03:21:57 INFO  PackageTree               :     │       ├── internal (40)
03:21:57 INFO  PackageTree               :     │       └── android (2)
03:21:57 INFO  PackageTree               :     ├── r2 (26)
03:21:57 INFO  PackageTree               :     ├── i2 (74)
03:21:57 INFO  PackageTree               :     ├── m6 (79)
03:21:57 INFO  PackageTree               :     ├── x6 (6)
03:21:57 INFO  PackageTree               :     ├── q5 (11)
03:21:57 INFO  PackageTree               :     ├── a7 (13)
03:21:57 INFO  PackageTree               :     ├── b1 (11)
03:21:57 INFO  PackageTree               :     ├── eb (13)
03:21:57 INFO  PackageTree               :     ├── fb (14)
03:21:57 INFO  PackageTree               :     ├── hb (23)
03:21:57 INFO  PackageTree               :     ├── kb (3)
03:21:57 INFO  PackageTree               :     ├── n9 (17)
03:21:57 INFO  PackageTree               :     ├── b9 (40)
03:21:57 INFO  PackageTree               :     ├── o5 (22)
03:21:57 INFO  PackageTree               :     ├── y0 (73)
03:21:57 INFO  PackageTree               :     ├── org
03:21:57 INFO  PackageTree               :     │   └── chromium
03:21:57 INFO  PackageTree               :     │       └── support_lib_boundary (26)
03:21:57 INFO  PackageTree               :     ├── k4 (22)
03:21:57 INFO  PackageTree               :     ├── k6 (9)
03:21:57 INFO  PackageTree               :     ├── x4 (14)
03:21:57 INFO  PackageTree               :     ├── va (33)
03:21:57 INFO  PackageTree               :     ├── k5 (20)
03:21:57 INFO  PackageTree               :     ├── w5 (15)
03:21:57 INFO  PackageTree               :     ├── g2 (22)
03:21:57 INFO  PackageTree               :     ├── c2 (10)
03:21:57 INFO  PackageTree               :     ├── j2 (13)
03:21:57 INFO  PackageTree               :     ├── u2 (11)
03:21:57 INFO  PackageTree               :     ├── q0 (17)
03:21:57 INFO  PackageTree               :     ├── e6 (23)
03:21:57 INFO  PackageTree               :     ├── e0 (22)
03:21:57 INFO  PackageTree               :     ├── h0 (21)
03:21:57 INFO  PackageTree               :     ├── z4 (3)
03:21:57 INFO  PackageTree               :     ├── y4 (1)
03:21:57 INFO  PackageTree               :     ├── w4 (1)
03:21:57 INFO  PackageTree               :     ├── v4 (8)
03:21:57 INFO  PackageTree               :     ├── u4 (2)
03:21:57 INFO  PackageTree               :     ├── t4 (5)
03:21:57 INFO  PackageTree               :     ├── s4 (2)
03:21:57 INFO  PackageTree               :     ├── r4 (12)
03:21:57 INFO  PackageTree               :     ├── u6 (23)
03:21:57 INFO  PackageTree               :     ├── q4 (1)
03:21:57 INFO  PackageTree               :     ├── o4 (8)
03:21:57 INFO  PackageTree               :     ├── n4 (2)
03:21:57 INFO  PackageTree               :     ├── m4 (2)
03:21:57 INFO  PackageTree               :     ├── l4 (3)
03:21:57 INFO  PackageTree               :     ├── i4 (5)
03:21:57 INFO  PackageTree               :     ├── h4 (1)
03:21:57 INFO  PackageTree               :     ├── g4 (3)
03:21:57 INFO  PackageTree               :     ├── f4 (1)
03:21:57 INFO  PackageTree               :     ├── e4 (5)
03:21:57 INFO  PackageTree               :     ├── d4 (1)
03:21:57 INFO  PackageTree               :     ├── c4 (6)
03:21:57 INFO  PackageTree               :     ├── u9 (13)
03:21:57 INFO  PackageTree               :     ├── b4 (2)
03:21:57 INFO  PackageTree               :     ├── a4 (5)
03:21:57 INFO  PackageTree               :     ├── bb (10)
03:21:57 INFO  PackageTree               :     ├── y1 (5)
03:21:57 INFO  PackageTree               :     ├── x1 (3)
03:21:57 INFO  PackageTree               :     ├── q1 (2)
03:21:57 INFO  PackageTree               :     ├── r1 (4)
03:21:57 INFO  PackageTree               :     ├── o1 (14)
03:21:57 INFO  PackageTree               :     ├── p1 (3)
03:21:57 INFO  PackageTree               :     ├── s1 (9)
03:21:57 INFO  PackageTree               :     ├── t1 (11)
03:21:57 INFO  PackageTree               :     ├── j1 (2)
03:21:57 INFO  PackageTree               :     ├── g1 (2)
03:21:57 INFO  PackageTree               :     ├── m1 (9)
03:21:57 INFO  PackageTree               :     ├── k1 (11)
03:21:57 INFO  PackageTree               :     ├── a1 (2)
03:21:57 INFO  PackageTree               :     ├── e1 (3)
03:21:57 INFO  PackageTree               :     ├── c1 (15)
03:21:57 INFO  PackageTree               :     ├── d1 (9)
03:21:57 INFO  PackageTree               :     ├── b5 (6)
03:21:57 INFO  PackageTree               :     ├── a5 (29)
03:21:57 INFO  PackageTree               :     ├── d5 (20)
03:21:57 INFO  PackageTree               :     ├── c5 (4)
03:21:57 INFO  PackageTree               :     ├── f5 (11)
03:21:57 INFO  PackageTree               :     ├── e5 (4)
03:21:57 INFO  PackageTree               :     ├── ib (18)
03:21:57 INFO  PackageTree               :     ├── i5 (7)
03:21:57 INFO  PackageTree               :     ├── l5 (7)
03:21:57 INFO  PackageTree               :     ├── m5 (6)
03:21:57 INFO  PackageTree               :     ├── cb (19)
03:21:57 INFO  PackageTree               :     ├── t5 (11)
03:21:57 INFO  PackageTree               :     ├── v5 (4)
03:21:57 INFO  PackageTree               :     ├── u5 (29)
03:21:57 INFO  PackageTree               :     ├── x5 (4)
03:21:57 INFO  PackageTree               :     ├── t3 (31)
03:21:57 INFO  PackageTree               :     ├── yb (37)
03:21:57 INFO  PackageTree               :     ├── y5 (9)
03:21:57 INFO  PackageTree               :     ├── d8 (3)
03:21:57 INFO  PackageTree               :     ├── j8 (10)
03:21:57 INFO  PackageTree               :     ├── i8 (4)
03:21:57 INFO  PackageTree               :     ├── l8 (3)
03:21:57 INFO  PackageTree               :     ├── k8 (8)
03:21:57 INFO  PackageTree               :     ├── h8 (5)
03:21:57 INFO  PackageTree               :     ├── n5 (22)
03:21:57 INFO  PackageTree               :     ├── q (8)
03:21:57 INFO  PackageTree               :     ├── u (7)
03:21:57 INFO  PackageTree               :     ├── y2 (16)
03:21:57 INFO  PackageTree               :     ├── v2 (11)
03:21:57 INFO  PackageTree               :     ├── q2 (8)
03:21:57 INFO  PackageTree               :     ├── t2 (9)
03:21:57 INFO  PackageTree               :     ├── n2 (5)
03:21:57 INFO  PackageTree               :     ├── p2 (17)
03:21:57 INFO  PackageTree               :     ├── f2 (23)
03:21:57 INFO  PackageTree               :     ├── b2 (6)
03:21:57 INFO  PackageTree               :     ├── d2 (7)
03:21:57 INFO  PackageTree               :     ├── xb (10)
03:21:57 INFO  PackageTree               :     ├── f6 (10)
03:21:57 INFO  PackageTree               :     ├── l6 (15)
03:21:57 INFO  PackageTree               :     ├── q6 (5)
03:21:57 INFO  PackageTree               :     ├── p8 (33)
03:21:57 INFO  PackageTree               :     ├── s8 (13)
03:21:57 INFO  PackageTree               :     ├── w6 (9)
03:21:57 INFO  PackageTree               :     ├── a3 (12)
03:21:57 INFO  PackageTree               :     ├── b3 (11)
03:21:57 INFO  PackageTree               :     ├── j9 (14)
03:21:57 INFO  PackageTree               :     ├── i9 (7)
03:21:57 INFO  PackageTree               :     ├── f9 (8)
03:21:57 INFO  PackageTree               :     ├── o9 (7)
03:21:57 INFO  PackageTree               :     ├── m9 (14)
03:21:57 INFO  PackageTree               :     ├── k9 (6)
03:21:57 INFO  PackageTree               :     ├── y9 (7)
03:21:57 INFO  PackageTree               :     ├── db (6)
03:21:57 INFO  PackageTree               :     ├── gb (8)
03:21:57 INFO  PackageTree               :     ├── mb (3)
03:21:57 INFO  PackageTree               :     ├── lb (3)
03:21:57 INFO  PackageTree               :     ├── nb (13)
03:21:57 INFO  PackageTree               :     ├── f0 (16)
03:21:57 INFO  PackageTree               :     ├── jb (9)
03:21:57 INFO  PackageTree               :     ├── tb (23)
03:21:57 INFO  PackageTree               :     ├── o0 (30)
03:21:57 INFO  PackageTree               :     ├── wb (5)
03:21:57 INFO  PackageTree               :     ├── vb (4)
03:21:57 INFO  PackageTree               :     ├── qb (10)
03:21:57 INFO  PackageTree               :     ├── sb (8)
03:21:57 INFO  PackageTree               :     ├── rb (9)
03:21:57 INFO  PackageTree               :     ├── g6 (5)
03:21:57 INFO  PackageTree               :     ├── i6 (8)
03:21:57 INFO  PackageTree               :     ├── q3 (9)
03:21:57 INFO  PackageTree               :     ├── j0 (11)
03:21:57 INFO  PackageTree               :     ├── ub (19)
03:21:57 INFO  PackageTree               :     ├── r8 (5)
03:21:57 INFO  PackageTree               :     ├── q8 (12)
03:21:57 INFO  PackageTree               :     ├── n8 (6)
03:21:57 INFO  PackageTree               :     ├── m8 (6)
03:21:57 INFO  PackageTree               :     ├── o8 (11)
03:21:57 INFO  PackageTree               :     ├── z8 (3)
03:21:57 INFO  PackageTree               :     ├── a2 (9)
03:21:57 INFO  PackageTree               :     ├── k2 (5)
03:21:57 INFO  PackageTree               :     ├── h2 (10)
03:21:57 INFO  PackageTree               :     ├── pa (5)
03:21:57 INFO  PackageTree               :     ├── s5 (6)
03:21:57 INFO  PackageTree               :     ├── r5 (4)
03:21:57 INFO  PackageTree               :     ├── r0 (6)
03:21:57 INFO  PackageTree               :     ├── z2 (11)
03:21:57 INFO  PackageTree               :     ├── m0 (12)
03:21:57 INFO  PackageTree               :     ├── ta (6)
03:21:57 INFO  PackageTree               :     ├── h7 (21)
03:21:57 INFO  PackageTree               :     ├── m2 (3)
03:21:57 INFO  PackageTree               :     ├── w2 (5)
03:21:57 INFO  PackageTree               :     ├── o6 (7)
03:21:57 INFO  PackageTree               :     ├── ha (12)
03:21:57 INFO  PackageTree               :     ├── ga (11)
03:21:57 INFO  PackageTree               :     ├── oa (12)
03:21:57 INFO  PackageTree               :     ├── b7 (12)
03:21:57 INFO  PackageTree               :     ├── f7 (11)
03:21:57 INFO  PackageTree               :     ├── c3 (5)
03:21:57 INFO  PackageTree               :     ├── za (11)
03:21:57 INFO  PackageTree               :     ├── ia (5)
03:21:57 INFO  PackageTree               :     ├── ab (4)
03:21:57 INFO  PackageTree               :     ├── ea (7)
03:21:57 INFO  PackageTree               :     ├── sa (5)
03:21:57 INFO  PackageTree               :     ├── xa (7)
03:21:57 INFO  PackageTree               :     ├── dc (6)
03:21:57 INFO  PackageTree               :     ├── g7 (18)
03:21:57 INFO  PackageTree               :     ├── e (1)
03:21:57 INFO  PackageTree               :     ├── h (1)
03:21:57 INFO  PackageTree               :     ├── g (5)
03:21:57 INFO  PackageTree               :     ├── b (5)
03:21:57 INFO  PackageTree               :     ├── a (2)
03:21:57 INFO  PackageTree               :     ├── m (1)
03:21:57 INFO  PackageTree               :     ├── j (11)
03:21:57 INFO  PackageTree               :     ├── k (6)
03:21:57 INFO  PackageTree               :     ├── v (3)
03:21:57 INFO  PackageTree               :     ├── w (3)
03:21:57 INFO  PackageTree               :     ├── r (1)
03:21:57 INFO  PackageTree               :     ├── z (6)
03:21:57 INFO  PackageTree               :     ├── f3 (9)
03:21:57 INFO  PackageTree               :     ├── z3 (4)
03:21:57 INFO  PackageTree               :     ├── w3 (2)
03:21:57 INFO  PackageTree               :     ├── v3 (1)
03:21:57 INFO  PackageTree               :     ├── y3 (4)
03:21:57 INFO  PackageTree               :     ├── x3 (2)
03:21:57 INFO  PackageTree               :     ├── s3 (2)
03:21:57 INFO  PackageTree               :     ├── r3 (3)
03:21:57 INFO  PackageTree               :     ├── u3 (2)
03:21:57 INFO  PackageTree               :     ├── o3 (1)
03:21:57 INFO  PackageTree               :     ├── n3 (1)
03:21:57 INFO  PackageTree               :     ├── p3 (1)
03:21:57 INFO  PackageTree               :     ├── k3 (1)
03:21:57 INFO  PackageTree               :     ├── j3 (1)
03:21:57 INFO  PackageTree               :     ├── m3 (1)
03:21:57 INFO  PackageTree               :     ├── l3 (1)
03:21:57 INFO  PackageTree               :     ├── g3 (1)
03:21:57 INFO  PackageTree               :     ├── i3 (3)
03:21:57 INFO  PackageTree               :     ├── h3 (5)
03:21:57 INFO  PackageTree               :     ├── e3 (1)
03:21:57 INFO  PackageTree               :     ├── d3 (1)
03:21:57 INFO  PackageTree               :     ├── x0 (4)
03:21:57 INFO  PackageTree               :     ├── n0 (3)
03:21:57 INFO  PackageTree               :     ├── p0 (5)
03:21:57 INFO  PackageTree               :     ├── s0 (3)
03:21:57 INFO  PackageTree               :     ├── t0 (4)
03:21:57 INFO  PackageTree               :     ├── g0 (8)
03:21:57 INFO  PackageTree               :     ├── i0 (2)
03:21:57 INFO  PackageTree               :     ├── k0 (6)
03:21:57 INFO  PackageTree               :     ├── a0 (3)
03:21:57 INFO  PackageTree               :     ├── d0 (6)
03:21:57 INFO  PackageTree               :     ├── h9 (5)
03:21:57 INFO  PackageTree               :     ├── qa (4)
03:21:57 INFO  PackageTree               :     ├── wa (5)
03:21:57 INFO  PackageTree               :     ├── z6 (10)
03:21:57 INFO  PackageTree               :     ├── r6 (5)
03:21:57 INFO  PackageTree               :     ├── z0 (5)
03:21:57 INFO  PackageTree               :     ├── ca (3)
03:21:57 INFO  PackageTree               :     ├── fa (2)
03:21:57 INFO  PackageTree               :     ├── aa (3)
03:21:57 INFO  PackageTree               :     ├── ba (3)
03:21:57 INFO  PackageTree               :     ├── ja (2)
03:21:57 INFO  PackageTree               :     ├── ua (3)
03:21:57 INFO  PackageTree               :     ├── ra (5)
03:21:57 INFO  PackageTree               :     ├── android
03:21:57 INFO  PackageTree               :     │   └── support
03:21:57 INFO  PackageTree               :     │       └── v4
03:21:57 INFO  PackageTree               :     │           ├── graphics
03:21:57 INFO  PackageTree               :     │           │   └── drawable (1)
03:21:57 INFO  PackageTree               :     │           └── app (1)
03:21:57 INFO  PackageTree               :     ├── ya (4)
03:21:57 INFO  PackageTree               :     ├── pb (5)
03:21:57 INFO  PackageTree               :     ├── d7 (2)
03:21:57 INFO  PackageTree               :     ├── c7 (1)
03:21:57 INFO  PackageTree               :     ├── i7 (1)
03:21:57 INFO  PackageTree               :     ├── l7 (1)
03:21:57 INFO  PackageTree               :     ├── k7 (2)
03:21:57 INFO  PackageTree               :     ├── j7 (1)
03:21:57 INFO  PackageTree               :     ├── q7 (1)
03:21:57 INFO  PackageTree               :     ├── p7 (1)
03:21:57 INFO  PackageTree               :     ├── o7 (1)
03:21:57 INFO  PackageTree               :     ├── n7 (1)
03:21:57 INFO  PackageTree               :     ├── u7 (1)
03:21:57 INFO  PackageTree               :     ├── t7 (1)
03:21:57 INFO  PackageTree               :     ├── s7 (1)
03:21:57 INFO  PackageTree               :     ├── r7 (1)
03:21:57 INFO  PackageTree               :     ├── y7 (1)
03:21:57 INFO  PackageTree               :     ├── x7 (1)
03:21:57 INFO  PackageTree               :     ├── w7 (1)
03:21:57 INFO  PackageTree               :     ├── v7 (1)
03:21:57 INFO  PackageTree               :     ├── z7 (1)
03:21:57 INFO  PackageTree               :     ├── l9 (4)
03:21:57 INFO  PackageTree               :     ├── w9 (3)
03:21:57 INFO  PackageTree               :     ├── a9 (3)
03:21:57 INFO  PackageTree               :     ├── d9 (5)
03:21:57 INFO  PackageTree               :     ├── c9 (5)
03:21:57 INFO  PackageTree               :     ├── x2 (2)
03:21:57 INFO  PackageTree               :     ├── g5 (3)
03:21:57 INFO  PackageTree               :     ├── h5 (2)
03:21:57 INFO  PackageTree               :     ├── j5 (2)
03:21:57 INFO  PackageTree               :     ├── s2 (4)
03:21:57 INFO  PackageTree               :     ├── o2 (2)
03:21:57 INFO  PackageTree               :     ├── z5 (4)
03:21:57 INFO  PackageTree               :     ├── l0 (3)
03:21:57 INFO  PackageTree               :     ├── t6 (4)
03:21:57 INFO  PackageTree               :     ├── t9 (3)
03:21:57 INFO  PackageTree               :     ├── q9 (3)
03:21:57 INFO  PackageTree               :     ├── z9 (3)
03:21:57 INFO  PackageTree               :     ├── x9 (3)
03:21:57 INFO  PackageTree               :     ├── ob (1)
03:21:57 INFO  PackageTree               :     ├── c6 (1)
03:21:57 INFO  PackageTree               :     ├── d6 (1)
03:21:57 INFO  PackageTree               :     ├── a6 (1)
03:21:57 INFO  PackageTree               :     ├── b6 (1)
03:21:57 INFO  PackageTree               :     ├── h6 (1)
03:21:57 INFO  PackageTree               :     ├── j6 (1)
03:21:57 INFO  PackageTree               :     ├── n6 (3)
03:21:57 INFO  PackageTree               :     ├── s6 (1)
03:21:57 INFO  PackageTree               :     ├── v6 (2)
03:21:57 INFO  PackageTree               :     ├── y6 (1)
03:21:57 INFO  PackageTree               :     ├── ma (2)
03:21:57 INFO  PackageTree               :     ├── na (3)
03:21:57 INFO  PackageTree               :     ├── g9 (1)
03:21:57 INFO  PackageTree               :     ├── r9 (1)
03:21:57 INFO  PackageTree               :     ├── s9 (1)
03:21:57 INFO  PackageTree               :     ├── p9 (2)
03:21:57 INFO  PackageTree               :     ├── x8 (2)
03:21:57 INFO  PackageTree               :     ├── c8 (1)
03:21:57 INFO  PackageTree               :     ├── f8 (1)
03:21:57 INFO  PackageTree               :     ├── e8 (1)
03:21:57 INFO  PackageTree               :     ├── b8 (1)
03:21:57 INFO  PackageTree               :     ├── a8 (1)
03:21:57 INFO  PackageTree               :     ├── g8 (1)
03:21:57 INFO  PackageTree               :     ├── t8 (1)
03:21:57 INFO  PackageTree               :     ├── v8 (2)
03:21:57 INFO  PackageTree               :     ├── u8 (2)
03:21:57 INFO  PackageTree               :     ├── w8 (2)
03:21:57 INFO  PackageTree               :     ├── y8 (2)
03:21:57 INFO  PackageTree               :     ├── zb (1)
03:21:57 INFO  PackageTree               :     ├── w0 (1)
03:21:57 INFO  PackageTree               :     ├── v0 (1)
03:21:57 INFO  PackageTree               :     ├── u0 (1)
03:21:57 INFO  PackageTree               :     ├── b0 (1)
03:21:57 INFO  PackageTree               :     ├── c0 (1)
03:21:57 INFO  PackageTree               :     ├── da (1)
03:21:57 INFO  PackageTree               :     ├── ka (1)
03:21:57 INFO  PackageTree               :     ├── u1 (1)
03:21:57 INFO  PackageTree               :     ├── i1 (1)
03:21:57 INFO  PackageTree               :     ├── l1 (1)
03:21:57 INFO  PackageTree               :     └── f1 (1)
03:21:57 INFO  Profile                   : 
03:21:57 INFO  AppProfile                : - generated app package tree (in 41 ms)
03:21:57 INFO  AppProfile                : 
03:21:57 DEBUG HashTree                  : Generate hash tree..
03:21:58 DEBUG HashTree                  :     - generated 416 package hashes.
03:21:58 DEBUG HashTree                  :     - generated 5213 clazz hashes.
03:21:58 DEBUG HashTree                  :     - generated 35702 method hashes.
03:21:58 DEBUG HashTree                  :     => Library Hash: 6e54638d858b3c4cc9e5a151e9dd8ebf
03:21:58 INFO  AppProfile                : - generated app hash trees (in 463 ms)
03:21:58 INFO  AppProfile                : 
03:21:58 INFO  LibraryIdentifier         : = Scan for library root packages (heuristic) =
03:21:58 INFO  LibraryIdentifier         :     - Found lib root package com.google.gson  (Gson)
03:21:58 INFO  LibraryIdentifier         :     - Found lib root package androidx.work  (android.arch.work::work-runtime)
03:21:58 INFO  LibraryIdentifier         :     - Found lib root package androidx.work  (android.arch.work::work-runtime-ktx)
03:21:58 INFO  LibraryIdentifier         :     - Found lib root package androidx.annotation  (androidx.annotation::annotation)
03:21:58 INFO  LibraryIdentifier         :     - Found lib root package androidx.appcompat  (androidx.appcompat::appcompat)
03:21:58 INFO  LibraryIdentifier         :     - Found lib root package androidx.constraintlayout.widget  (androidx.constraintlayout::constraintlayout)
03:21:58 INFO  LibraryIdentifier         :     - Found lib root package androidx.coordinatorlayout.widget  (androidx.coordinatorlayout::coordinatorlayout)
03:21:58 INFO  LibraryIdentifier         :     - Found lib root package androidx.core  (androidx.core::core)
03:21:58 INFO  LibraryIdentifier         :     - Found lib root package androidx  (androidx.core::core-ktx)
03:21:58 INFO  LibraryIdentifier         :     - Found lib root package androidx.fragment.app  (androidx.fragment::fragment)
03:21:58 INFO  LibraryIdentifier         :     - Found lib root package androidx.fragment.app  (androidx.fragment::fragment-ktx)
03:21:58 INFO  LibraryIdentifier         :     - Found lib root package androidx.lifecycle  (androidx.lifecycle::lifecycle-common)
03:21:58 INFO  LibraryIdentifier         :     - Found lib root package androidx.lifecycle  (androidx.lifecycle::lifecycle-common-java8)
03:21:58 INFO  LibraryIdentifier         :     - Found lib root package androidx.lifecycle  (androidx.lifecycle::lifecycle-compiler)
03:21:58 INFO  LibraryIdentifier         :     - Found lib root package androidx.lifecycle  (androidx.lifecycle::lifecycle-extensions)
03:21:58 INFO  LibraryIdentifier         :     - Found lib root package androidx.lifecycle  (androidx.lifecycle::lifecycle-livedata)
03:21:58 INFO  LibraryIdentifier         :     - Found lib root package androidx.lifecycle  (androidx.lifecycle::lifecycle-livedata-core)
03:21:58 INFO  LibraryIdentifier         :     - Found lib root package androidx.lifecycle  (androidx.lifecycle::lifecycle-process)
03:21:58 INFO  LibraryIdentifier         :     - Found lib root package androidx.lifecycle  (androidx.lifecycle::lifecycle-reactivestreams)
03:21:58 INFO  LibraryIdentifier         :     - Found lib root package androidx.lifecycle  (androidx.lifecycle::lifecycle-reactivestreams-ktx)
03:21:58 INFO  LibraryIdentifier         :     - Found lib root package androidx.lifecycle  (androidx.lifecycle::lifecycle-runtime)
03:21:58 INFO  LibraryIdentifier         :     - Found lib root package androidx.lifecycle  (androidx.lifecycle::lifecycle-service)
03:21:58 INFO  LibraryIdentifier         :     - Found lib root package androidx.lifecycle  (androidx.lifecycle::lifecycle-viewmodel)
03:21:58 INFO  LibraryIdentifier         :     - Found lib root package androidx.lifecycle  (androidx.lifecycle::lifecycle-viewmodel-ktx)
03:21:58 INFO  LibraryIdentifier         :     - Found lib root package androidx.loader  (androidx.loader::loader)
03:21:58 INFO  LibraryIdentifier         :     - Found lib root package androidx.recyclerview.widget  (androidx.recyclerview::recyclerview)
03:21:58 INFO  LibraryIdentifier         :     - Found lib root package androidx.room  (androidx.room::room-common)
03:21:58 INFO  LibraryIdentifier         :     - Found lib root package androidx.room  (androidx.room::room-compiler)
03:21:58 INFO  LibraryIdentifier         :     - Found lib root package androidx.room  (androidx.room::room-runtime)
03:21:58 INFO  LibraryIdentifier         :     - Found lib root package androidx.room  (androidx.room::room-rxjava2)
03:21:58 INFO  LibraryIdentifier         :     - Found lib root package androidx.swiperefreshlayout.widget  (androidx.swiperefreshlayout::swiperefreshlayout)
03:21:58 INFO  LibraryIdentifier         :     - Found lib root package androidx.vectordrawable.graphics.drawable  (androidx.vectordrawable::vectordrawable)
03:21:58 INFO  LibraryIdentifier         :     - Found lib root package androidx.vectordrawable.graphics.drawable  (androidx.vectordrawable::vectordrawable-animated)
03:21:58 INFO  LibraryIdentifier         :     - Found lib root package androidx.versionedparcelable  (androidx.versionedparcelable::versionedparcelable)
03:21:58 INFO  LibraryIdentifier         :     - Found lib root package org.chromium.support_lib_boundary  (androidx.webkit::webkit)
03:21:58 INFO  LibraryIdentifier         :     - Found lib root package android.support.v4  (com.android.support::customview)
03:21:58 INFO  LibraryIdentifier         :     - Found lib root package android.support.v4  (com.android.support::loader)
03:21:58 INFO  LibraryIdentifier         :     - Found lib root package android.support.v4  (com.android.support::support-compat)
03:21:58 INFO  LibraryIdentifier         :     - Found lib root package android.support.v4  (com.android.support::support-core-ui)
03:21:58 INFO  LibraryIdentifier         :     - Found lib root package android.support.v4  (com.android.support::support-core-utils)
03:21:58 INFO  LibraryIdentifier         :     - Found lib root package android.support.v4.app  (com.android.support::support-fragment)
03:21:58 INFO  LibraryIdentifier         :     - Found lib root package android.support.v4  (com.android.support::support-v4)
03:21:58 INFO  LibraryIdentifier         :     - Found lib root package androidx.versionedparcelable  (com.android.support::versionedparcelable)
03:21:58 INFO  LibraryIdentifier         :     - Found lib root package org.chromium.support_lib_boundary  (com.android.support::webkit)
03:21:58 INFO  LibraryIdentifier         :     - Found lib root package com.google.android.material  (com.google.android.material::material)
03:21:58 INFO  LibraryIdentifier         :     - Found lib root package com.bumptech.glide  (glide)
03:21:58 INFO  LibraryIdentifier         : 
03:21:58 INFO  LibraryIdentifier         : = Match profiles =
03:23:13 INFO  LibraryIdentifier         :     >> profile matching done (1 min, 15 sec, 35 ms)
03:23:13 INFO  LibraryIdentifier         : 
03:23:13 INFO  LibraryIdentifier         : == Report ==
03:23:13 INFO  LibraryIdentifier         : - Full library matches:
03:23:13 INFO  ProfileMatch              :                 name: com.google.firebase::firebase-ml-vision-image-label-model
03:23:13 INFO  ProfileMatch              :             category: Android
03:23:13 INFO  ProfileMatch              :              version: 20.0.0  [OLD VERSION]
03:23:13 INFO  ProfileMatch              :         release-date:  --
03:23:13 INFO  ProfileMatch              :     lib root package: "com.google.firebase.ml.vision.imagelabel"  (in app: "a3")
03:23:13 INFO  ProfileMatch              : 
03:23:13 INFO  ProfileMatch              :                 name: com.google.firebase::firebase-ml-vision-image-label-model
03:23:13 INFO  ProfileMatch              :             category: Android
03:23:13 INFO  ProfileMatch              :              version: 20.0.1  [OLD VERSION]
03:23:13 INFO  ProfileMatch              :         release-date:  --
03:23:13 INFO  ProfileMatch              :     lib root package: "com.google.firebase.ml.vision.imagelabel"  (in app: "a3")
03:23:13 INFO  ProfileMatch              : 
03:23:13 INFO  ProfileMatch              :                 name: com.google.firebase::firebase-ml-vision-image-label-model
03:23:13 INFO  ProfileMatch              :             category: Android
03:23:13 INFO  ProfileMatch              :              version: 20.0.2
03:23:13 INFO  ProfileMatch              :         release-date:  --
03:23:13 INFO  ProfileMatch              :     lib root package: "com.google.firebase.ml.vision.imagelabel"  (in app: "a3")
03:23:13 INFO  ProfileMatch              : 
03:23:13 INFO  ProfileMatch              :                 name: androidx.arch.core::core-common
03:23:13 INFO  ProfileMatch              :             category: Android
03:23:13 INFO  ProfileMatch              :              version: 2.0.0  [OLD VERSION]
03:23:13 INFO  ProfileMatch              :         release-date:  --
03:23:13 INFO  ProfileMatch              :     lib root package: "androidx.arch.core"  (in app: "l")
03:23:13 INFO  ProfileMatch              : 
03:23:13 INFO  ProfileMatch              :                 name: androidx.arch.core::core-common
03:23:13 INFO  ProfileMatch              :             category: Android
03:23:13 INFO  ProfileMatch              :              version: 2.0.1  [OLD VERSION]
03:23:13 INFO  ProfileMatch              :         release-date:  --
03:23:13 INFO  ProfileMatch              :     lib root package: "androidx.arch.core"  (in app: "l")
03:23:13 INFO  ProfileMatch              : 
03:23:13 INFO  ProfileMatch              :                 name: androidx.arch.core::core-common
03:23:13 INFO  ProfileMatch              :             category: Android
03:23:13 INFO  ProfileMatch              :              version: 2.1.0
03:23:13 INFO  ProfileMatch              :         release-date:  --
03:23:13 INFO  ProfileMatch              :     lib root package: "androidx.arch.core"  (in app: "l")
03:23:13 INFO  ProfileMatch              : 
03:23:13 INFO  ProfileMatch              :                 name: androidx.palette::palette-ktx
03:23:13 INFO  ProfileMatch              :             category: Android
03:23:13 INFO  ProfileMatch              :              version: 1.0.0
03:23:13 INFO  ProfileMatch              :         release-date:  --
03:23:13 INFO  ProfileMatch              :     lib root package: "androidx.palette.graphics"  (in app: "com.google.gson")
03:23:13 INFO  ProfileMatch              : 
03:23:13 INFO  ProfileMatch              :                 name: com.android.support::interpolator
03:23:13 INFO  ProfileMatch              :             category: Android
03:23:13 INFO  ProfileMatch              :              version: 28.0.0
03:23:13 INFO  ProfileMatch              :         release-date:  --
03:23:13 INFO  ProfileMatch              :     lib root package: "android.support.v4.view.animation"  (in app: "t0")
03:23:13 INFO  ProfileMatch              : 
03:23:13 INFO  ProfileMatch              :                 name: androidx.interpolator::interpolator
03:23:13 INFO  ProfileMatch              :             category: Android
03:23:13 INFO  ProfileMatch              :              version: 1.0.0
03:23:13 INFO  ProfileMatch              :         release-date:  --
03:23:13 INFO  ProfileMatch              :     lib root package: "androidx.interpolator.view.animation"  (in app: "t0")
03:23:13 INFO  ProfileMatch              : 
03:23:13 INFO  ProfileMatch              :                 name: Facebook
03:23:13 INFO  ProfileMatch              :             category: SocialMedia
03:23:13 INFO  ProfileMatch              :              version: 4.27.0  [OLD VERSION]
03:23:13 INFO  ProfileMatch              :         release-date: 26.09.2017
03:23:13 INFO  ProfileMatch              :     lib root package: "com.facebook.all"  (in app: "a3")
03:23:13 INFO  ProfileMatch              : 
03:23:13 INFO  ProfileMatch              :                 name: Facebook
03:23:13 INFO  ProfileMatch              :             category: SocialMedia
03:23:13 INFO  ProfileMatch              :              version: 4.28.0  [OLD VERSION]
03:23:13 INFO  ProfileMatch              :         release-date: 07.11.2017
03:23:13 INFO  ProfileMatch              :     lib root package: "com.facebook.all"  (in app: "a3")
03:23:13 INFO  ProfileMatch              : 
03:23:13 INFO  ProfileMatch              :                 name: Facebook
03:23:13 INFO  ProfileMatch              :             category: SocialMedia
03:23:13 INFO  ProfileMatch              :              version: 4.29.0  [OLD VERSION]
03:23:13 INFO  ProfileMatch              :         release-date: 05.12.2017
03:23:13 INFO  ProfileMatch              :     lib root package: "com.facebook.all"  (in app: "a3")
03:23:13 INFO  ProfileMatch              : 
03:23:13 INFO  ProfileMatch              :                 name: Facebook
03:23:13 INFO  ProfileMatch              :             category: SocialMedia
03:23:13 INFO  ProfileMatch              :              version: 4.30.0  [OLD VERSION]
03:23:13 INFO  ProfileMatch              :         release-date: 24.01.2018
03:23:13 INFO  ProfileMatch              :     lib root package: "com.facebook.all"  (in app: "a3")
03:23:13 INFO  ProfileMatch              : 
03:23:13 INFO  ProfileMatch              :                 name: Facebook
03:23:13 INFO  ProfileMatch              :             category: SocialMedia
03:23:13 INFO  ProfileMatch              :              version: 4.31.0  [OLD VERSION]
03:23:13 INFO  ProfileMatch              :         release-date: 28.02.2018
03:23:13 INFO  ProfileMatch              :     lib root package: "com.facebook.all"  (in app: "a3")
03:23:13 INFO  ProfileMatch              : 
03:23:13 INFO  ProfileMatch              :                 name: Facebook
03:23:13 INFO  ProfileMatch              :             category: SocialMedia
03:23:13 INFO  ProfileMatch              :              version: 4.32.0  [OLD VERSION]
03:23:13 INFO  ProfileMatch              :         release-date: 11.04.2018
03:23:13 INFO  ProfileMatch              :     lib root package: "com.facebook.all"  (in app: "a3")
03:23:13 INFO  ProfileMatch              : 
03:23:13 INFO  ProfileMatch              :                 name: Facebook
03:23:13 INFO  ProfileMatch              :             category: SocialMedia
03:23:13 INFO  ProfileMatch              :              version: 4.33.0  [OLD VERSION]
03:23:13 INFO  ProfileMatch              :         release-date: 01.05.2018
03:23:13 INFO  ProfileMatch              :     lib root package: "com.facebook.all"  (in app: "a3")
03:23:13 INFO  ProfileMatch              : 
03:23:13 INFO  ProfileMatch              :                 name: Facebook
03:23:13 INFO  ProfileMatch              :             category: SocialMedia
03:23:13 INFO  ProfileMatch              :              version: 4.34.0  [OLD VERSION]
03:23:13 INFO  ProfileMatch              :         release-date: 19.06.2018
03:23:13 INFO  ProfileMatch              :     lib root package: "com.facebook.all"  (in app: "a3")
03:23:13 INFO  ProfileMatch              : 
03:23:13 INFO  ProfileMatch              :                 name: Facebook
03:23:13 INFO  ProfileMatch              :             category: SocialMedia
03:23:13 INFO  ProfileMatch              :              version: 4.35.0  [OLD VERSION]
03:23:13 INFO  ProfileMatch              :         release-date: 26.07.2018
03:23:13 INFO  ProfileMatch              :     lib root package: "com.facebook.all"  (in app: "a3")
03:23:13 INFO  ProfileMatch              : 
03:23:13 INFO  ProfileMatch              :                 name: Facebook
03:23:13 INFO  ProfileMatch              :             category: SocialMedia
03:23:13 INFO  ProfileMatch              :              version: 4.36.0  [OLD VERSION]
03:23:13 INFO  ProfileMatch              :         release-date: 29.08.2018
03:23:13 INFO  ProfileMatch              :     lib root package: "com.facebook.all"  (in app: "a3")
03:23:13 INFO  ProfileMatch              : 
03:23:13 INFO  ProfileMatch              :                 name: Facebook
03:23:13 INFO  ProfileMatch              :             category: SocialMedia
03:23:13 INFO  ProfileMatch              :              version: 4.36.1  [OLD VERSION]
03:23:13 INFO  ProfileMatch              :         release-date: 15.09.2018
03:23:13 INFO  ProfileMatch              :     lib root package: "com.facebook.all"  (in app: "a3")
03:23:13 INFO  ProfileMatch              : 
03:23:13 INFO  ProfileMatch              :                 name: Facebook
03:23:13 INFO  ProfileMatch              :             category: SocialMedia
03:23:13 INFO  ProfileMatch              :              version: 4.37.0  [OLD VERSION]
03:23:13 INFO  ProfileMatch              :         release-date: 27.09.2018
03:23:13 INFO  ProfileMatch              :     lib root package: "com.facebook.all"  (in app: "a3")
03:23:13 INFO  ProfileMatch              : 
03:23:13 INFO  ProfileMatch              :                 name: Facebook
03:23:13 INFO  ProfileMatch              :             category: SocialMedia
03:23:13 INFO  ProfileMatch              :              version: 4.38.0  [OLD VERSION]
03:23:13 INFO  ProfileMatch              :         release-date: 23.10.2018
03:23:13 INFO  ProfileMatch              :     lib root package: "com.facebook.all"  (in app: "a3")
03:23:13 INFO  ProfileMatch              : 
03:23:13 INFO  ProfileMatch              :                 name: Facebook
03:23:13 INFO  ProfileMatch              :             category: SocialMedia
03:23:13 INFO  ProfileMatch              :              version: 4.38.1  [OLD VERSION]
03:23:13 INFO  ProfileMatch              :         release-date: 31.10.2018
03:23:13 INFO  ProfileMatch              :     lib root package: "com.facebook.all"  (in app: "a3")
03:23:13 INFO  ProfileMatch              : 
03:23:13 INFO  ProfileMatch              :                 name: Facebook
03:23:13 INFO  ProfileMatch              :             category: SocialMedia
03:23:13 INFO  ProfileMatch              :              version: 4.39.0  [OLD VERSION]
03:23:13 INFO  ProfileMatch              :         release-date: 05.12.2018
03:23:13 INFO  ProfileMatch              :     lib root package: "com.facebook.all"  (in app: "a3")
03:23:13 INFO  ProfileMatch              : 
03:23:13 INFO  ProfileMatch              :                 name: Facebook
03:23:13 INFO  ProfileMatch              :             category: SocialMedia
03:23:13 INFO  ProfileMatch              :              version: 4.40.0  [OLD VERSION]
03:23:13 INFO  ProfileMatch              :         release-date: 22.01.2019
03:23:13 INFO  ProfileMatch              :     lib root package: "com.facebook.all"  (in app: "a3")
03:23:13 INFO  ProfileMatch              : 
03:23:13 INFO  ProfileMatch              :                 name: Facebook
03:23:13 INFO  ProfileMatch              :             category: SocialMedia
03:23:13 INFO  ProfileMatch              :              version: 4.41.0  [OLD VERSION]
03:23:13 INFO  ProfileMatch              :         release-date: 08.03.2019
03:23:13 INFO  ProfileMatch              :     lib root package: "com.facebook.all"  (in app: "a3")
03:23:13 INFO  ProfileMatch              : 
03:23:13 INFO  ProfileMatch              :                 name: Facebook
03:23:13 INFO  ProfileMatch              :             category: SocialMedia
03:23:13 INFO  ProfileMatch              :              version: 4.42.0  [OLD VERSION]
03:23:13 INFO  ProfileMatch              :         release-date: 08.04.2019
03:23:13 INFO  ProfileMatch              :     lib root package: "com.facebook.all"  (in app: "a3")
03:23:13 INFO  ProfileMatch              : 
03:23:13 INFO  ProfileMatch              :                 name: Facebook
03:23:13 INFO  ProfileMatch              :             category: SocialMedia
03:23:13 INFO  ProfileMatch              :              version: 5.0.0  [OLD VERSION]
03:23:13 INFO  ProfileMatch              :         release-date: 30.04.2019
03:23:13 INFO  ProfileMatch              :     lib root package: "com.facebook.all"  (in app: "a3")
03:23:13 INFO  ProfileMatch              : 
03:23:13 INFO  ProfileMatch              :                 name: Facebook
03:23:13 INFO  ProfileMatch              :             category: SocialMedia
03:23:13 INFO  ProfileMatch              :              version: 5.0.1  [OLD VERSION]
03:23:13 INFO  ProfileMatch              :         release-date: 17.05.2019
03:23:13 INFO  ProfileMatch              :     lib root package: "com.facebook.all"  (in app: "a3")
03:23:13 INFO  ProfileMatch              : 
03:23:13 INFO  ProfileMatch              :                 name: Facebook
03:23:13 INFO  ProfileMatch              :             category: SocialMedia
03:23:13 INFO  ProfileMatch              :              version: 5.0.2  [OLD VERSION]
03:23:13 INFO  ProfileMatch              :         release-date: 09.06.2019
03:23:13 INFO  ProfileMatch              :     lib root package: "com.facebook.all"  (in app: "a3")
03:23:13 INFO  ProfileMatch              : 
03:23:13 INFO  ProfileMatch              :                 name: Facebook
03:23:13 INFO  ProfileMatch              :             category: SocialMedia
03:23:13 INFO  ProfileMatch              :              version: 5.0.3  [OLD VERSION]
03:23:13 INFO  ProfileMatch              :         release-date: 14.06.2019
03:23:13 INFO  ProfileMatch              :     lib root package: "com.facebook.all"  (in app: "a3")
03:23:13 INFO  ProfileMatch              : 
03:23:13 INFO  ProfileMatch              :                 name: Facebook
03:23:13 INFO  ProfileMatch              :             category: SocialMedia
03:23:13 INFO  ProfileMatch              :              version: 5.1.0  [OLD VERSION]
03:23:13 INFO  ProfileMatch              :         release-date: 21.06.2019
03:23:13 INFO  ProfileMatch              :     lib root package: "com.facebook.all"  (in app: "a3")
03:23:13 INFO  ProfileMatch              : 
03:23:13 INFO  ProfileMatch              :                 name: Facebook
03:23:13 INFO  ProfileMatch              :             category: SocialMedia
03:23:13 INFO  ProfileMatch              :              version: 5.1.1  [OLD VERSION]
03:23:13 INFO  ProfileMatch              :         release-date: 02.07.2019
03:23:13 INFO  ProfileMatch              :     lib root package: "com.facebook.all"  (in app: "a3")
03:23:13 INFO  ProfileMatch              : 
03:23:13 INFO  ProfileMatch              :                 name: Facebook
03:23:13 INFO  ProfileMatch              :             category: SocialMedia
03:23:13 INFO  ProfileMatch              :              version: 5.2.0  [OLD VERSION]
03:23:13 INFO  ProfileMatch              :         release-date: 29.07.2019
03:23:13 INFO  ProfileMatch              :     lib root package: "com.facebook.all"  (in app: "a3")
03:23:13 INFO  ProfileMatch              : 
03:23:13 INFO  ProfileMatch              :                 name: Facebook
03:23:13 INFO  ProfileMatch              :             category: SocialMedia
03:23:13 INFO  ProfileMatch              :              version: 5.4.0  [OLD VERSION]
03:23:13 INFO  ProfileMatch              :         release-date: 16.08.2019
03:23:13 INFO  ProfileMatch              :     lib root package: "com.facebook.all"  (in app: "a3")
03:23:13 INFO  ProfileMatch              : 
03:23:13 INFO  ProfileMatch              :                 name: Facebook
03:23:13 INFO  ProfileMatch              :             category: SocialMedia
03:23:13 INFO  ProfileMatch              :              version: 5.5.0  [OLD VERSION]
03:23:13 INFO  ProfileMatch              :         release-date: 31.08.2019
03:23:13 INFO  ProfileMatch              :     lib root package: "com.facebook.all"  (in app: "a3")
03:23:13 INFO  ProfileMatch              : 
03:23:13 INFO  ProfileMatch              :                 name: Facebook
03:23:13 INFO  ProfileMatch              :             category: SocialMedia
03:23:13 INFO  ProfileMatch              :              version: 5.5.1  [OLD VERSION]
03:23:13 INFO  ProfileMatch              :         release-date: 06.09.2019
03:23:13 INFO  ProfileMatch              :     lib root package: "com.facebook.all"  (in app: "a3")
03:23:13 INFO  ProfileMatch              : 
03:23:13 INFO  ProfileMatch              :                 name: Facebook
03:23:13 INFO  ProfileMatch              :             category: SocialMedia
03:23:13 INFO  ProfileMatch              :              version: 5.5.2  [OLD VERSION]
03:23:13 INFO  ProfileMatch              :         release-date: 05.10.2019
03:23:13 INFO  ProfileMatch              :     lib root package: "com.facebook.all"  (in app: "a3")
03:23:13 INFO  ProfileMatch              : 
03:23:13 INFO  ProfileMatch              :                 name: Facebook
03:23:13 INFO  ProfileMatch              :             category: SocialMedia
03:23:13 INFO  ProfileMatch              :              version: 5.8.0  [OLD VERSION]
03:23:13 INFO  ProfileMatch              :         release-date: 08.10.2019
03:23:13 INFO  ProfileMatch              :     lib root package: "com.facebook.all"  (in app: "a3")
03:23:13 INFO  ProfileMatch              : 
03:23:13 INFO  ProfileMatch              :                 name: Facebook
03:23:13 INFO  ProfileMatch              :             category: SocialMedia
03:23:13 INFO  ProfileMatch              :              version: 5.9.0  [OLD VERSION]
03:23:13 INFO  ProfileMatch              :         release-date: 29.10.2019
03:23:13 INFO  ProfileMatch              :     lib root package: "com.facebook.all"  (in app: "a3")
03:23:13 INFO  ProfileMatch              : 
03:23:13 INFO  ProfileMatch              :                 name: Facebook
03:23:13 INFO  ProfileMatch              :             category: SocialMedia
03:23:13 INFO  ProfileMatch              :              version: 5.11.0  [OLD VERSION]
03:23:13 INFO  ProfileMatch              :         release-date: 15.11.2019
03:23:13 INFO  ProfileMatch              :     lib root package: "com.facebook.all"  (in app: "a3")
03:23:13 INFO  ProfileMatch              : 
03:23:13 INFO  ProfileMatch              :                 name: Facebook
03:23:13 INFO  ProfileMatch              :             category: SocialMedia
03:23:13 INFO  ProfileMatch              :              version: 5.11.1  [OLD VERSION]
03:23:13 INFO  ProfileMatch              :         release-date: 21.11.2019
03:23:13 INFO  ProfileMatch              :     lib root package: "com.facebook.all"  (in app: "a3")
03:23:13 INFO  ProfileMatch              : 
03:23:13 INFO  ProfileMatch              :                 name: Facebook
03:23:13 INFO  ProfileMatch              :             category: SocialMedia
03:23:13 INFO  ProfileMatch              :              version: 5.11.2  [OLD VERSION]
03:23:13 INFO  ProfileMatch              :         release-date: 22.11.2019
03:23:13 INFO  ProfileMatch              :     lib root package: "com.facebook.all"  (in app: "a3")
03:23:13 INFO  ProfileMatch              : 
03:23:13 INFO  ProfileMatch              :                 name: Facebook
03:23:13 INFO  ProfileMatch              :             category: SocialMedia
03:23:13 INFO  ProfileMatch              :              version: 5.12.0  [OLD VERSION]
03:23:13 INFO  ProfileMatch              :         release-date: 04.12.2019
03:23:13 INFO  ProfileMatch              :     lib root package: "com.facebook.all"  (in app: "a3")
03:23:13 INFO  ProfileMatch              : 
03:23:13 INFO  ProfileMatch              :                 name: Facebook
03:23:13 INFO  ProfileMatch              :             category: SocialMedia
03:23:13 INFO  ProfileMatch              :              version: 5.12.1  [OLD VERSION]
03:23:13 INFO  ProfileMatch              :         release-date: 09.12.2019
03:23:13 INFO  ProfileMatch              :     lib root package: "com.facebook.all"  (in app: "a3")
03:23:13 INFO  ProfileMatch              : 
03:23:13 INFO  ProfileMatch              :                 name: Facebook
03:23:13 INFO  ProfileMatch              :             category: SocialMedia
03:23:13 INFO  ProfileMatch              :              version: 5.13.0  [OLD VERSION]
03:23:13 INFO  ProfileMatch              :         release-date: 12.12.2019
03:23:13 INFO  ProfileMatch              :     lib root package: "com.facebook.all"  (in app: "a3")
03:23:13 INFO  ProfileMatch              : 
03:23:13 INFO  ProfileMatch              :                 name: Facebook
03:23:13 INFO  ProfileMatch              :             category: SocialMedia
03:23:13 INFO  ProfileMatch              :              version: 5.15.0  [OLD VERSION]
03:23:13 INFO  ProfileMatch              :         release-date: 21.01.2020
03:23:13 INFO  ProfileMatch              :     lib root package: "com.facebook.all"  (in app: "a3")
03:23:13 INFO  ProfileMatch              : 
03:23:13 INFO  ProfileMatch              :                 name: Facebook
03:23:13 INFO  ProfileMatch              :             category: SocialMedia
03:23:13 INFO  ProfileMatch              :              version: 5.15.1  [OLD VERSION]
03:23:13 INFO  ProfileMatch              :         release-date: 29.01.2020
03:23:13 INFO  ProfileMatch              :     lib root package: "com.facebook.all"  (in app: "a3")
03:23:13 INFO  ProfileMatch              : 
03:23:13 INFO  ProfileMatch              :                 name: Facebook
03:23:13 INFO  ProfileMatch              :             category: SocialMedia
03:23:13 INFO  ProfileMatch              :              version: 5.15.2  [OLD VERSION]
03:23:13 INFO  ProfileMatch              :         release-date: 03.02.2020
03:23:13 INFO  ProfileMatch              :     lib root package: "com.facebook.all"  (in app: "a3")
03:23:13 INFO  ProfileMatch              : 
03:23:13 INFO  ProfileMatch              :                 name: Facebook
03:23:13 INFO  ProfileMatch              :             category: SocialMedia
03:23:13 INFO  ProfileMatch              :              version: 5.15.3  [OLD VERSION]
03:23:13 INFO  ProfileMatch              :         release-date: 03.02.2020
03:23:13 INFO  ProfileMatch              :     lib root package: "com.facebook.all"  (in app: "a3")
03:23:13 INFO  ProfileMatch              : 
03:23:13 INFO  ProfileMatch              :                 name: Facebook
03:23:13 INFO  ProfileMatch              :             category: SocialMedia
03:23:13 INFO  ProfileMatch              :              version: 6.0.0  [OLD VERSION]
03:23:13 INFO  ProfileMatch              :         release-date: 03.02.2020
03:23:13 INFO  ProfileMatch              :     lib root package: "com.facebook.all"  (in app: "a3")
03:23:13 INFO  ProfileMatch              : 
03:23:13 INFO  ProfileMatch              :                 name: Facebook
03:23:13 INFO  ProfileMatch              :             category: SocialMedia
03:23:13 INFO  ProfileMatch              :              version: 6.1.0  [OLD VERSION]
03:23:13 INFO  ProfileMatch              :         release-date: 14.02.2020
03:23:13 INFO  ProfileMatch              :     lib root package: "com.facebook.all"  (in app: "a3")
03:23:13 INFO  ProfileMatch              : 
03:23:13 INFO  ProfileMatch              :                 name: Facebook
03:23:13 INFO  ProfileMatch              :             category: SocialMedia
03:23:13 INFO  ProfileMatch              :              version: 6.2.0  [OLD VERSION]
03:23:13 INFO  ProfileMatch              :         release-date: 09.03.2020
03:23:13 INFO  ProfileMatch              :     lib root package: "com.facebook.all"  (in app: "a3")
03:23:13 INFO  ProfileMatch              : 
03:23:13 INFO  ProfileMatch              :                 name: Facebook
03:23:13 INFO  ProfileMatch              :             category: SocialMedia
03:23:13 INFO  ProfileMatch              :              version: 6.3.0  [OLD VERSION]
03:23:13 INFO  ProfileMatch              :         release-date: 25.03.2020
03:23:13 INFO  ProfileMatch              :     lib root package: "com.facebook.all"  (in app: "a3")
03:23:13 INFO  ProfileMatch              : 
03:23:13 INFO  ProfileMatch              :                 name: Facebook
03:23:13 INFO  ProfileMatch              :             category: SocialMedia
03:23:13 INFO  ProfileMatch              :              version: 6.4.0  [OLD VERSION]
03:23:13 INFO  ProfileMatch              :         release-date: 15.04.2020
03:23:13 INFO  ProfileMatch              :     lib root package: "com.facebook.all"  (in app: "a3")
03:23:13 INFO  ProfileMatch              : 
03:23:13 INFO  ProfileMatch              :                 name: Facebook
03:23:13 INFO  ProfileMatch              :             category: SocialMedia
03:23:13 INFO  ProfileMatch              :              version: 6.5.0  [OLD VERSION]
03:23:13 INFO  ProfileMatch              :         release-date: 20.04.2020
03:23:13 INFO  ProfileMatch              :     lib root package: "com.facebook.all"  (in app: "a3")
03:23:13 INFO  ProfileMatch              : 
03:23:13 INFO  ProfileMatch              :                 name: Facebook
03:23:13 INFO  ProfileMatch              :             category: SocialMedia
03:23:13 INFO  ProfileMatch              :              version: 6.5.1  [OLD VERSION]
03:23:13 INFO  ProfileMatch              :         release-date: 23.04.2020
03:23:13 INFO  ProfileMatch              :     lib root package: "com.facebook.all"  (in app: "a3")
03:23:13 INFO  ProfileMatch              : 
03:23:13 INFO  ProfileMatch              :                 name: Facebook
03:23:13 INFO  ProfileMatch              :             category: SocialMedia
03:23:13 INFO  ProfileMatch              :              version: 7.0.0  [OLD VERSION]
03:23:13 INFO  ProfileMatch              :         release-date: 05.05.2020
03:23:13 INFO  ProfileMatch              :     lib root package: "com.facebook.all"  (in app: "a3")
03:23:13 INFO  ProfileMatch              : 
03:23:13 INFO  ProfileMatch              :                 name: Facebook
03:23:13 INFO  ProfileMatch              :             category: SocialMedia
03:23:13 INFO  ProfileMatch              :              version: 7.0.1  [OLD VERSION]
03:23:13 INFO  ProfileMatch              :         release-date: 09.06.2020
03:23:13 INFO  ProfileMatch              :     lib root package: "com.facebook.all"  (in app: "a3")
03:23:13 INFO  ProfileMatch              : 
03:23:13 INFO  ProfileMatch              :                 name: Facebook
03:23:13 INFO  ProfileMatch              :             category: SocialMedia
03:23:13 INFO  ProfileMatch              :              version: 7.1.0  [OLD VERSION]
03:23:13 INFO  ProfileMatch              :         release-date: 23.06.2020
03:23:13 INFO  ProfileMatch              :     lib root package: "com.facebook.all"  (in app: "a3")
03:23:13 INFO  ProfileMatch              : 
03:23:13 INFO  ProfileMatch              :                 name: Facebook
03:23:13 INFO  ProfileMatch              :             category: SocialMedia
03:23:13 INFO  ProfileMatch              :              version: 8.0.0  [OLD VERSION]
03:23:13 INFO  ProfileMatch              :         release-date: 28.09.2020
03:23:13 INFO  ProfileMatch              :     lib root package: "com.facebook.all"  (in app: "a3")
03:23:13 INFO  ProfileMatch              : 
03:23:13 INFO  ProfileMatch              :                 name: Facebook
03:23:13 INFO  ProfileMatch              :             category: SocialMedia
03:23:13 INFO  ProfileMatch              :              version: 8.1.0  [OLD VERSION]
03:23:13 INFO  ProfileMatch              :         release-date: 14.10.2020
03:23:13 INFO  ProfileMatch              :     lib root package: "com.facebook.all"  (in app: "a3")
03:23:13 INFO  ProfileMatch              : 
03:23:13 INFO  ProfileMatch              :                 name: Facebook
03:23:13 INFO  ProfileMatch              :             category: SocialMedia
03:23:13 INFO  ProfileMatch              :              version: 8.2.0  [OLD VERSION]
03:23:13 INFO  ProfileMatch              :         release-date: 18.12.2020
03:23:13 INFO  ProfileMatch              :     lib root package: "com.facebook.all"  (in app: "a3")
03:23:13 INFO  ProfileMatch              : 
03:23:13 INFO  ProfileMatch              :                 name: Facebook
03:23:13 INFO  ProfileMatch              :             category: SocialMedia
03:23:13 INFO  ProfileMatch              :              version: 9.0.0  [OLD VERSION]
03:23:13 INFO  ProfileMatch              :         release-date: 19.01.2021
03:23:13 INFO  ProfileMatch              :     lib root package: "com.facebook.all"  (in app: "a3")
03:23:13 INFO  ProfileMatch              : 
03:23:13 INFO  ProfileMatch              :                 name: Facebook
03:23:13 INFO  ProfileMatch              :             category: SocialMedia
03:23:13 INFO  ProfileMatch              :              version: 9.1.0  [OLD VERSION]
03:23:13 INFO  ProfileMatch              :         release-date: 15.03.2021
03:23:13 INFO  ProfileMatch              :     lib root package: "com.facebook.all"  (in app: "a3")
03:23:13 INFO  ProfileMatch              : 
03:23:13 INFO  ProfileMatch              :                 name: Facebook
03:23:13 INFO  ProfileMatch              :             category: SocialMedia
03:23:13 INFO  ProfileMatch              :              version: 9.1.1  [OLD VERSION]
03:23:13 INFO  ProfileMatch              :         release-date: 12.04.2021
03:23:13 INFO  ProfileMatch              :     lib root package: "com.facebook.all"  (in app: "a3")
03:23:13 INFO  ProfileMatch              : 
03:23:13 INFO  ProfileMatch              :                 name: Facebook
03:23:13 INFO  ProfileMatch              :             category: SocialMedia
03:23:13 INFO  ProfileMatch              :              version: 11.0.0  [OLD VERSION]
03:23:13 INFO  ProfileMatch              :         release-date: 08.06.2021
03:23:13 INFO  ProfileMatch              :     lib root package: "com.facebook.all"  (in app: "a3")
03:23:13 INFO  ProfileMatch              : 
03:23:13 INFO  ProfileMatch              :                 name: Facebook
03:23:13 INFO  ProfileMatch              :             category: SocialMedia
03:23:13 INFO  ProfileMatch              :              version: 11.1.0  [OLD VERSION]
03:23:13 INFO  ProfileMatch              :         release-date: 06.07.2021
03:23:13 INFO  ProfileMatch              :     lib root package: "com.facebook.all"  (in app: "a3")
03:23:13 INFO  ProfileMatch              : 
03:23:13 INFO  ProfileMatch              :                 name: Facebook
03:23:13 INFO  ProfileMatch              :             category: SocialMedia
03:23:13 INFO  ProfileMatch              :              version: 11.1.1  [OLD VERSION]
03:23:13 INFO  ProfileMatch              :         release-date: 19.07.2021
03:23:13 INFO  ProfileMatch              :     lib root package: "com.facebook.all"  (in app: "a3")
03:23:13 INFO  ProfileMatch              : 
03:23:13 INFO  ProfileMatch              :                 name: Facebook
03:23:13 INFO  ProfileMatch              :             category: SocialMedia
03:23:13 INFO  ProfileMatch              :              version: 11.2.0  [OLD VERSION]
03:23:13 INFO  ProfileMatch              :         release-date: 03.08.2021
03:23:13 INFO  ProfileMatch              :     lib root package: "com.facebook.all"  (in app: "a3")
03:23:13 INFO  ProfileMatch              : 
03:23:13 INFO  ProfileMatch              :                 name: Facebook
03:23:13 INFO  ProfileMatch              :             category: SocialMedia
03:23:13 INFO  ProfileMatch              :              version: 11.3.0  [OLD VERSION]
03:23:13 INFO  ProfileMatch              :         release-date: 07.09.2021
03:23:13 INFO  ProfileMatch              :     lib root package: "com.facebook.all"  (in app: "a3")
03:23:13 INFO  ProfileMatch              : 
03:23:13 INFO  ProfileMatch              :                 name: Facebook
03:23:13 INFO  ProfileMatch              :             category: SocialMedia
03:23:13 INFO  ProfileMatch              :              version: 12.0.0  [OLD VERSION]
03:23:13 INFO  ProfileMatch              :         release-date: 05.10.2021
03:23:13 INFO  ProfileMatch              :     lib root package: "com.facebook.all"  (in app: "a3")
03:23:13 INFO  ProfileMatch              : 
03:23:13 INFO  ProfileMatch              :                 name: Facebook
03:23:13 INFO  ProfileMatch              :             category: SocialMedia
03:23:13 INFO  ProfileMatch              :              version: 12.0.1  [OLD VERSION]
03:23:13 INFO  ProfileMatch              :         release-date: 13.10.2021
03:23:13 INFO  ProfileMatch              :     lib root package: "com.facebook.all"  (in app: "a3")
03:23:13 INFO  ProfileMatch              : 
03:23:13 INFO  ProfileMatch              :                 name: Facebook
03:23:13 INFO  ProfileMatch              :             category: SocialMedia
03:23:13 INFO  ProfileMatch              :              version: 12.1.0  [OLD VERSION]
03:23:13 INFO  ProfileMatch              :         release-date: 01.11.2021
03:23:13 INFO  ProfileMatch              :     lib root package: "com.facebook.all"  (in app: "a3")
03:23:13 INFO  ProfileMatch              : 
03:23:13 INFO  ProfileMatch              :                 name: Facebook
03:23:13 INFO  ProfileMatch              :             category: SocialMedia
03:23:13 INFO  ProfileMatch              :              version: 12.2.0  [OLD VERSION]
03:23:13 INFO  ProfileMatch              :         release-date: 06.12.2021
03:23:13 INFO  ProfileMatch              :     lib root package: "com.facebook.all"  (in app: "a3")
03:23:13 INFO  ProfileMatch              : 
03:23:13 INFO  ProfileMatch              :                 name: Facebook
03:23:13 INFO  ProfileMatch              :             category: SocialMedia
03:23:13 INFO  ProfileMatch              :              version: 12.3.0  [OLD VERSION]
03:23:13 INFO  ProfileMatch              :         release-date: 10.01.2022
03:23:13 INFO  ProfileMatch              :     lib root package: "com.facebook.all"  (in app: "a3")
03:23:13 INFO  ProfileMatch              : 
03:23:13 INFO  ProfileMatch              :                 name: Facebook
03:23:13 INFO  ProfileMatch              :             category: SocialMedia
03:23:13 INFO  ProfileMatch              :              version: 13.0.0  [OLD VERSION]
03:23:13 INFO  ProfileMatch              :         release-date: 23.02.2022
03:23:13 INFO  ProfileMatch              :     lib root package: "com.facebook.all"  (in app: "a3")
03:23:13 INFO  ProfileMatch              : 
03:23:13 INFO  ProfileMatch              :                 name: Facebook
03:23:13 INFO  ProfileMatch              :             category: SocialMedia
03:23:13 INFO  ProfileMatch              :              version: 13.1.0  [OLD VERSION]
03:23:13 INFO  ProfileMatch              :         release-date: 21.03.2022
03:23:13 INFO  ProfileMatch              :     lib root package: "com.facebook.all"  (in app: "a3")
03:23:13 INFO  ProfileMatch              : 
03:23:13 INFO  ProfileMatch              :                 name: Facebook
03:23:13 INFO  ProfileMatch              :             category: SocialMedia
03:23:13 INFO  ProfileMatch              :              version: 13.2.0  [OLD VERSION]
03:23:13 INFO  ProfileMatch              :         release-date: 22.04.2022
03:23:13 INFO  ProfileMatch              :     lib root package: "com.facebook.all"  (in app: "a3")
03:23:13 INFO  ProfileMatch              : 
03:23:13 INFO  ProfileMatch              :                 name: Facebook
03:23:13 INFO  ProfileMatch              :             category: SocialMedia
03:23:13 INFO  ProfileMatch              :              version: 14.0.0
03:23:13 INFO  ProfileMatch              :         release-date: 14.06.2022
03:23:13 INFO  ProfileMatch              :     lib root package: "com.facebook.all"  (in app: "a3")
03:23:13 INFO  ProfileMatch              : 
03:23:13 INFO  LibraryIdentifier         : 
03:23:13 INFO  LibraryIdentifier         : - Partial library matches:
03:23:14 INFO  LibraryIdentifier         : 
03:23:14 INFO  LibraryIdentifier         : App processing time: 1 min, 17 sec, 264 ms
